MESSAGE OK
PLAYER 0
LEVEL 9
SIZE 13 7
DISPLAYS 10
MAXTICK 20
.
TICK 0
FIELDS 10 9 5 5 9 12 10 9 5 13 12 1 5 10 4 5 9 8 3 8 7 12 15 5 5 15 13 10 2 12 14 15 10 6 5 10 3 6 6 8 8 5 15 11 2 10 14 7 12 7 14 7 7 1 10 5 2 9 1 6 13 5 1 10 10 11 4 13 10 15 13 9 9 14 13 11 8 4 13 15 5 10 5 5 9 10 6 5 12 3 6
DISPLAY 0 6 4
DISPLAY 1 0 2
DISPLAY 2 0 1
DISPLAY 3 9 6
DISPLAY 4 5 6
DISPLAY 5 10 5
DISPLAY 6 11 5
DISPLAY 7 8 5
DISPLAY 8 10 6
DISPLAY 9 7 4
POSITION 0 11 0
POSITION 1 5 5
POSITION 2 10 2
POSITION 3 7 1
PLAYER 0
MESSAGE OK
TARGET 0
EXTRAFIELD 15
.
TICK 0
FIELDS 10 9 5 5 9 12 10 9 5 13 12 15 5 10 4 5 9 8 3 8 7 12 15 5 1 15 13 10 2 12 14 15 10 6 5 10 3 5 6 8 8 5 15 11 2 10 14 7 12 7 6 7 7 1 10 5 2 9 1 6 13 5 1 14 10 11 4 13 10 15 13 9 9 14 13 11 10 4 13 15 5 10 5 5 9 10 6 5 12 8 6
DISPLAY 0 6 4
DISPLAY 1 0 2
DISPLAY 2 0 1
DISPLAY 3 9 6
DISPLAY 4 5 6
DISPLAY 5 10 5
DISPLAY 6 11 6
DISPLAY 7 8 5
DISPLAY 8 10 6
DISPLAY 9 7 4
POSITION 0 9 2
POSITION 1 5 5
POSITION 2 10 2
POSITION 3 7 1
PLAYER 1
.
TICK 0
FIELDS 15 10 9 5 5 9 12 10 9 5 13 12 15 10 4 5 9 8 3 8 7 12 15 5 1 15 13 10 2 12 14 15 10 6 5 10 3 5 6 8 8 5 15 11 2 10 14 7 12 7 6 7 7 1 10 5 2 9 1 6 13 5 1 14 10 11 4 13 10 15 13 9 9 14 13 11 10 4 13 15 5 10 5 5 9 10 6 5 12 8 6
DISPLAY 0 6 4
DISPLAY 1 0 2
DISPLAY 2 0 1
DISPLAY 3 9 6
DISPLAY 5 10 5
DISPLAY 6 11 6
DISPLAY 7 8 5
DISPLAY 8 10 6
DISPLAY 9 7 4
POSITION 0 9 2
POSITION 1 5 6
POSITION 2 10 2
POSITION 3 7 1
PLAYER 2
.
TICK 0
FIELDS 15 10 9 5 5 9 12 10 15 5 13 12 15 10 4 5 9 8 3 8 7 9 15 5 1 15 13 10 2 12 14 15 10 6 12 10 3 5 6 8 8 5 15 11 2 10 14 5 12 7 6 7 7 1 10 5 2 9 1 6 7 5 1 14 10 11 4 13 10 15 13 9 9 13 13 11 10 4 13 15 5 10 5 5 9 10 14 5 12 8 6
DISPLAY 0 6 4
DISPLAY 1 0 2
DISPLAY 2 0 1
DISPLAY 3 9 6
DISPLAY 5 10 5
DISPLAY 6 11 6
DISPLAY 7 8 6
DISPLAY 8 10 6
DISPLAY 9 7 4
POSITION 0 9 2
POSITION 1 5 6
POSITION 2 8 4
POSITION 3 7 1
PLAYER 3
.
TICK 1
FIELDS 15 10 9 5 5 3 12 10 15 5 13 12 15 10 4 5 9 8 15 8 7 9 15 5 1 15 13 10 2 12 14 2 10 6 12 10 3 5 6 8 8 5 15 11 9 10 14 5 12 7 6 7 7 1 10 5 2 13 1 6 7 5 1 14 10 11 4 13 10 15 5 9 9 13 13 11 10 4 13 15 5 10 5 15 9 10 14 5 12 8 6
DISPLAY 0 6 4
DISPLAY 1 0 2
DISPLAY 2 0 1
DISPLAY 3 9 6
DISPLAY 5 10 5
DISPLAY 6 11 6
DISPLAY 7 8 6
DISPLAY 8 10 6
DISPLAY 9 7 4
POSITION 0 9 2
POSITION 1 5 5
POSITION 2 8 4
POSITION 3 7 1
PLAYER 0
MESSAGE OK
TARGET 0
EXTRAFIELD 3
.
TICK 1
FIELDS 15 10 9 5 5 3 12 7 15 5 13 12 15 10 4 5 9 8 15 8 6 9 15 5 1 15 13 10 2 12 14 2 10 14 12 10 3 5 6 8 8 5 15 11 9 10 6 5 12 7 6 7 7 1 10 5 2 13 1 9 7 5 1 14 10 11 4 13 10 15 5 9 10 13 13 11 10 4 13 15 5 10 5 15 9 3 14 5 12 8 6
DISPLAY 0 6 4
DISPLAY 1 0 2
DISPLAY 2 0 1
DISPLAY 3 9 6
DISPLAY 5 10 5
DISPLAY 6 11 6
DISPLAY 7 8 6
DISPLAY 8 10 6
DISPLAY 9 7 3
POSITION 0 7 3
POSITION 1 5 5
POSITION 2 8 4
POSITION 3 7 0
PLAYER 1
.
TICK 1
FIELDS 10 9 5 5 3 12 7 15 5 13 12 15 5 10 4 5 9 8 15 8 6 9 15 5 1 15 13 10 2 12 14 2 10 14 12 10 3 5 6 8 8 5 15 11 9 10 6 5 12 7 6 7 7 1 10 5 2 13 1 9 7 5 1 14 10 11 4 13 10 15 5 9 10 13 13 11 10 4 13 15 5 10 5 15 9 3 14 5 12 8 6
DISPLAY 0 6 4
DISPLAY 1 0 2
DISPLAY 2 0 1
DISPLAY 3 9 6
DISPLAY 5 10 5
DISPLAY 6 11 6
DISPLAY 7 8 6
DISPLAY 8 10 6
DISPLAY 9 7 3
POSITION 0 7 3
POSITION 1 5 5
POSITION 2 8 4
POSITION 3 6 0
PLAYER 2
.
TICK 1
FIELDS 6 9 5 5 3 12 7 15 5 13 12 15 5 10 4 5 9 8 15 8 6 9 15 5 1 15 10 10 2 12 14 2 10 14 12 10 3 5 6 13 8 5 15 11 9 10 6 5 12 7 6 7 8 1 10 5 2 13 1 9 7 5 1 14 10 7 4 13 10 15 5 9 10 13 13 11 10 4 11 15 5 10 5 15 9 3 14 5 12 8 6
DISPLAY 0 6 4
DISPLAY 1 0 3
DISPLAY 2 0 2
DISPLAY 3 9 6
DISPLAY 5 10 5
DISPLAY 6 11 6
DISPLAY 7 8 6
DISPLAY 8 10 6
POSITION 0 7 3
POSITION 1 5 5
POSITION 2 7 3
POSITION 3 6 0
PLAYER 3
.
TICK 2
FIELDS 6 9 5 5 3 15 7 15 5 13 12 15 5 10 4 5 9 8 2 8 6 9 15 5 1 15 10 10 2 12 14 9 10 14 12 10 3 5 6 13 8 5 15 11 13 10 6 5 12 7 6 7 8 1 10 5 2 5 1 9 7 5 1 14 10 7 4 13 10 15 15 9 10 13 13 11 10 4 11 15 5 10 5 9 9 3 14 5 12 8 6
DISPLAY 0 6 4
DISPLAY 1 0 3
DISPLAY 2 0 2
DISPLAY 3 9 6
DISPLAY 5 10 5
DISPLAY 6 11 6
DISPLAY 7 8 6
DISPLAY 8 10 6
POSITION 0 7 3
POSITION 1 5 4
POSITION 2 7 3
POSITION 3 6 0
PLAYER 0
MESSAGE OK
TARGET 0
EXTRAFIELD 10
.
TICK 2
FIELDS 6 9 5 5 3 15 7 15 5 13 12 15 5 10 4 5 9 8 2 8 6 9 15 5 1 15 10 10 2 12 14 9 10 14 12 10 3 5 6 10 13 8 5 15 11 13 10 6 5 12 7 6 8 1 10 5 2 5 1 9 7 5 1 14 10 7 4 13 10 15 15 9 10 13 13 11 10 4 11 15 5 10 5 9 9 3 14 5 12 8 6
DISPLAY 1 1 3
DISPLAY 2 0 2
DISPLAY 3 9 6
DISPLAY 5 10 5
DISPLAY 6 11 6
DISPLAY 7 8 6
DISPLAY 8 10 6
POSITION 0 6 4
POSITION 1 5 4
POSITION 2 8 3
POSITION 3 6 0
PLAYER 1
.
TICK 2
FIELDS 6 9 5 5 3 15 7 15 5 13 12 15 5 10 4 5 9 8 15 8 6 9 15 5 1 15 10 10 2 12 14 2 10 14 12 10 3 5 6 10 13 8 5 15 9 13 10 6 5 12 7 6 8 1 10 5 2 11 1 9 7 5 1 14 10 7 4 13 10 15 5 9 10 13 13 11 10 4 11 15 5 10 5 15 9 3 14 5 12 8 6
DISPLAY 1 1 3
DISPLAY 2 0 2
DISPLAY 3 9 6
DISPLAY 5 10 5
DISPLAY 6 11 6
DISPLAY 7 8 6
DISPLAY 8 10 6
POSITION 0 6 4
POSITION 1 5 5
POSITION 2 8 3
POSITION 3 6 0
PLAYER 2
.
TICK 2
FIELDS 13 9 5 5 3 15 7 15 5 13 12 15 5 6 4 5 9 8 15 8 6 9 15 5 1 15 10 10 2 12 14 2 10 14 12 10 3 5 6 10 13 8 5 15 9 13 10 6 5 12 7 6 10 1 10 5 2 11 1 9 7 5 1 14 10 8 4 13 10 15 5 9 10 13 13 11 10 4 7 15 5 10 5 15 9 3 14 5 12 8 6
DISPLAY 1 1 3
DISPLAY 2 0 3
DISPLAY 3 9 6
DISPLAY 5 10 5
DISPLAY 6 11 6
DISPLAY 7 8 6
DISPLAY 8 10 6
POSITION 0 6 4
POSITION 1 5 5
POSITION 2 8 5
POSITION 3 6 0
PLAYER 3
.
TICK 3
FIELDS 13 9 5 5 3 12 7 15 5 13 12 15 5 6 4 5 9 8 15 8 6 9 15 5 1 15 10 10 2 12 14 15 10 14 12 10 3 5 6 10 13 8 5 15 2 13 10 6 5 12 7 6 10 1 10 5 2 9 1 9 7 5 1 14 10 8 4 13 10 15 11 9 10 13 13 11 10 4 7 15 5 10 5 5 9 3 14 5 12 8 6
DISPLAY 1 1 3
DISPLAY 2 0 3
DISPLAY 3 9 6
DISPLAY 5 10 5
DISPLAY 6 11 6
DISPLAY 7 8 6
DISPLAY 8 10 6
POSITION 0 6 4
POSITION 1 5 6
POSITION 2 8 5
POSITION 3 6 0
PLAYER 0
MESSAGE OK
TARGET 1
EXTRAFIELD 7
.
TICK 3
FIELDS 13 9 5 5 3 12 7 15 5 13 12 15 5 6 4 5 9 8 15 8 6 9 15 5 1 15 10 2 12 14 15 10 14 12 10 3 5 6 7 10 13 8 5 15 2 13 10 6 5 12 7 6 10 1 10 5 2 9 1 9 7 5 1 14 10 8 4 13 10 15 11 9 10 13 13 11 10 4 7 15 5 10 5 5 9 3 14 5 12 8 6
DISPLAY 1 1 3
DISPLAY 2 0 3
DISPLAY 3 9 6
DISPLAY 5 10 5
DISPLAY 6 11 6
DISPLAY 7 8 6
DISPLAY 8 10 6
POSITION 0 3 4
POSITION 1 5 6
POSITION 2 8 5
POSITION 3 6 0
PLAYER 1
.
TICK 3
FIELDS 13 9 5 5 3 12 7 15 5 13 12 15 5 6 4 5 9 8 15 8 6 9 15 5 1 15 10 2 12 14 15 10 14 12 10 3 5 6 7 10 13 8 5 15 2 13 10 6 5 12 7 6 10 1 10 5 2 9 1 9 7 5 1 14 10 9 8 4 13 10 15 11 9 10 13 13 11 10 7 15 5 10 5 5 9 3 14 5 12 8 6
DISPLAY 1 1 3
DISPLAY 2 0 3
DISPLAY 3 9 6
DISPLAY 5 11 5
DISPLAY 6 11 6
DISPLAY 7 8 6
DISPLAY 8 10 6
POSITION 0 3 4
POSITION 1 5 6
POSITION 2 9 5
POSITION 3 6 0
PLAYER 2
.
TICK 3
FIELDS 13 9 5 5 3 12 7 15 5 15 12 15 5 6 4 5 9 8 15 8 6 9 3 5 1 15 10 2 12 14 15 10 14 12 10 5 5 6 7 10 13 8 5 15 2 13 10 6 5 12 7 6 10 1 10 5 2 9 1 9 7 13 1 14 10 9 8 4 13 10 15 11 9 10 5 13 11 10 7 15 5 10 5 5 9 3 14 11 12 8 6
DISPLAY 1 1 3
DISPLAY 2 0 3
DISPLAY 3 9 5
DISPLAY 5 11 5
DISPLAY 6 11 6
DISPLAY 8 10 6
POSITION 0 3 4
POSITION 1 5 6
POSITION 2 8 6
POSITION 3 6 0
PLAYER 3
.
TICK 4
FIELDS 13 9 5 5 3 15 7 15 5 15 12 15 5 6 4 5 9 8 10 8 6 9 3 5 1 15 10 2 12 14 15 2 14 12 10 5 5 6 7 10 13 8 5 15 9 13 10 6 5 12 7 6 10 1 10 5 2 15 1 9 7 13 1 14 10 9 8 4 13 10 5 11 9 10 5 13 11 10 7 15 5 10 5 15 9 3 14 11 12 8 6
DISPLAY 1 1 3
DISPLAY 2 0 3
DISPLAY 3 9 5
DISPLAY 5 11 5
DISPLAY 6 11 6
DISPLAY 8 10 6
POSITION 0 3 4
POSITION 1 5 5
POSITION 2 8 6
POSITION 3 6 0
PLAYER 0
MESSAGE OK
TARGET 1
EXTRAFIELD 10
.
TICK 4
FIELDS 13 9 5 5 3 15 7 15 5 15 12 15 5 6 4 5 9 8 10 8 6 9 3 5 1 15 2 12 14 15 2 14 12 10 5 5 6 7 10 10 13 8 5 15 9 13 10 6 5 12 7 6 10 1 10 5 2 15 1 9 7 13 1 14 10 9 8 4 13 10 5 11 9 10 5 13 11 10 7 15 5 10 5 15 9 3 14 11 12 8 6
DISPLAY 2 0 3
DISPLAY 3 9 5
DISPLAY 5 11 5
DISPLAY 6 11 6
DISPLAY 8 10 6
POSITION 0 1 3
POSITION 1 5 5
POSITION 2 8 6
POSITION 3 6 0
PLAYER 1
.
TICK 4
FIELDS 13 9 5 5 3 4 7 15 5 15 12 15 5 6 4 5 9 8 15 8 6 9 3 5 1 15 2 12 14 15 2 10 12 10 5 5 6 7 10 10 13 8 5 15 14 13 10 6 5 12 7 6 10 1 10 5 2 9 1 9 7 13 1 14 10 9 8 4 13 10 15 11 9 10 5 13 11 10 7 15 5 10 5 5 9 3 14 11 12 8 6
DISPLAY 2 0 3
DISPLAY 3 9 5
DISPLAY 5 11 5
DISPLAY 6 11 6
DISPLAY 8 10 6
POSITION 0 1 3
POSITION 1 5 6
POSITION 2 8 6
POSITION 3 6 0
PLAYER 2
.
TICK 4
FIELDS 13 9 5 5 3 4 7 15 13 15 12 15 5 6 4 5 9 8 15 8 6 5 3 5 1 15 2 12 14 15 2 10 12 10 9 5 6 7 10 10 13 8 5 15 14 13 10 5 5 12 7 6 10 1 10 5 2 9 1 9 6 13 1 14 10 9 8 4 13 10 15 11 9 7 5 13 11 10 7 15 5 10 5 5 9 3 10 11 12 8 6
DISPLAY 2 0 3
DISPLAY 3 9 5
DISPLAY 5 11 5
DISPLAY 6 11 6
DISPLAY 8 10 6
POSITION 0 1 3
POSITION 1 5 6
POSITION 2 8 0
POSITION 3 6 0
PLAYER 3
.
TICK 5
FIELDS 13 9 5 5 3 12 7 15 13 15 12 15 5 6 4 5 9 8 4 8 6 5 3 5 1 15 2 12 14 15 2 15 12 10 9 5 6 7 10 10 13 8 5 15 10 13 10 5 5 12 7 6 10 1 10 5 2 14 1 9 6 13 1 14 10 9 8 4 13 10 9 11 9 7 5 13 11 10 7 15 5 10 5 15 9 3 10 11 12 8 6
DISPLAY 2 0 3
DISPLAY 3 9 5
DISPLAY 5 11 5
DISPLAY 6 11 6
DISPLAY 8 10 6
POSITION 0 1 3
POSITION 1 5 0
POSITION 2 8 0
POSITION 3 6 0
PLAYER 0
MESSAGE OK
TARGET 5
EXTRAFIELD 10
.
TICK 5
FIELDS 13 9 5 5 3 12 7 15 13 15 12 15 5 6 4 5 9 8 4 8 6 5 3 5 1 15 2 12 14 15 2 15 12 10 9 5 6 7 10 10 13 8 5 15 10 13 10 5 5 12 7 6 10 1 10 5 2 14 1 9 6 13 1 14 10 10 9 8 4 13 10 9 11 9 7 5 13 11 7 15 5 10 5 15 9 3 10 11 12 8 6
DISPLAY 2 0 3
DISPLAY 3 10 5
DISPLAY 5 12 5
DISPLAY 6 11 6
DISPLAY 8 10 6
POSITION 0 1 4
POSITION 1 5 0
POSITION 2 8 0
POSITION 3 6 0
PLAYER 1
.
TICK 5
FIELDS 13 9 5 9 3 12 7 15 13 15 12 15 5 6 4 5 15 8 4 8 6 5 3 5 1 15 2 12 14 5 2 15 12 10 9 5 6 7 10 10 13 8 5 15 10 13 10 5 5 12 7 6 10 1 10 4 2 14 1 9 6 13 1 14 10 10 9 8 10 13 10 9 11 9 7 5 13 11 7 15 5 15 5 15 9 3 10 11 12 8 6
DISPLAY 2 0 3
DISPLAY 3 10 5
DISPLAY 5 12 5
DISPLAY 6 11 6
DISPLAY 8 10 6
POSITION 0 1 4
POSITION 1 5 0
POSITION 2 8 0
POSITION 3 6 0
PLAYER 2
.
TICK 5
FIELDS 13 9 5 9 3 12 7 15 5 15 12 15 5 6 4 5 15 8 4 8 6 9 3 5 1 15 2 12 14 5 2 15 12 10 5 5 6 7 10 10 13 8 5 15 10 13 10 6 5 12 7 6 10 1 10 4 2 14 1 9 9 13 1 14 10 10 9 8 10 13 10 9 11 10 7 5 13 11 7 15 5 15 5 15 9 3 14 11 12 8 6
DISPLAY 2 0 3
DISPLAY 3 10 5
DISPLAY 5 12 5
DISPLAY 6 11 6
DISPLAY 8 10 6
POSITION 0 1 4
POSITION 1 5 0
POSITION 2 8 6
POSITION 3 6 0
PLAYER 3
.
TICK 6
FIELDS 13 9 5 9 3 5 7 15 5 15 12 15 5 6 4 5 15 8 12 8 6 9 3 5 1 15 2 12 14 5 2 4 12 10 5 5 6 7 10 10 13 8 5 15 15 13 10 6 5 12 7 6 10 1 10 4 2 10 1 9 9 13 1 14 10 10 9 8 10 13 14 9 11 10 7 5 13 11 7 15 5 15 5 10 9 3 14 11 12 8 6
DISPLAY 2 0 3
DISPLAY 3 10 5
DISPLAY 5 12 5
DISPLAY 6 11 6
DISPLAY 8 10 6
POSITION 0 1 4
POSITION 1 5 1
POSITION 2 8 6
POSITION 3 6 0
PLAYER 0
MESSAGE OK
TARGET 5
EXTRAFIELD 10
.
TICK 6
FIELDS 13 9 5 9 3 5 7 15 5 15 12 15 5 6 4 5 15 8 12 8 6 9 3 5 1 15 2 12 14 5 2 4 12 10 5 5 6 7 10 10 13 8 5 15 15 13 10 6 5 12 7 6 1 10 4 2 10 1 9 9 13 1 14 10 10 10 9 8 10 13 14 9 11 10 7 5 13 11 7 15 5 15 5 10 9 3 14 11 12 8 6
DISPLAY 2 0 3
DISPLAY 3 10 5
DISPLAY 5 12 5
DISPLAY 6 11 6
DISPLAY 8 10 6
POSITION 0 0 4
POSITION 1 5 1
POSITION 2 8 6
POSITION 3 6 0
PLAYER 1
.
TICK 6
FIELDS 13 9 5 9 3 5 7 15 5 15 12 15 5 6 4 5 15 8 12 8 6 9 3 5 1 15 2 12 14 5 2 4 12 10 5 5 6 7 10 10 13 8 5 15 15 13 10 6 5 12 7 6 10 4 2 10 1 9 9 13 1 14 10 10 5 10 9 8 10 13 14 9 11 10 7 5 13 11 7 15 5 15 5 10 9 3 14 11 12 8 6
DISPLAY 2 0 3
DISPLAY 3 10 5
DISPLAY 5 12 5
DISPLAY 6 11 6
DISPLAY 8 10 6
POSITION 0 12 4
POSITION 1 5 1
POSITION 2 8 6
POSITION 3 6 0
PLAYER 2
.
TICK 6
FIELDS 13 9 5 9 3 5 7 15 13 15 12 15 5 6 4 5 15 8 12 8 6 5 3 5 1 15 2 12 14 5 2 4 12 10 9 5 6 7 10 10 13 8 5 15 15 13 10 5 5 12 7 6 10 4 2 10 1 9 9 13 6 14 10 10 5 10 9 8 10 13 14 9 11 1 7 5 13 11 7 15 5 15 5 10 9 3 10 11 12 8 6
DISPLAY 2 0 3
DISPLAY 3 10 5
DISPLAY 5 12 5
DISPLAY 6 11 6
DISPLAY 8 10 6
POSITION 0 12 4
POSITION 1 5 1
POSITION 2 8 0
POSITION 3 6 0
PLAYER 3
.
TICK 7
FIELDS 13 9 5 9 3 12 7 15 13 15 12 15 5 6 4 5 15 8 4 8 6 5 3 5 1 15 2 12 14 5 2 15 12 10 9 5 6 7 10 10 13 8 5 15 9 13 10 5 5 12 7 6 10 4 2 10 1 14 9 13 6 14 10 10 5 10 9 8 10 13 10 9 11 1 7 5 13 11 7 15 5 15 5 15 9 3 10 11 12 8 6
DISPLAY 2 0 3
DISPLAY 3 10 5
DISPLAY 5 12 5
DISPLAY 6 11 6
DISPLAY 8 10 6
POSITION 0 12 4
POSITION 1 5 0
POSITION 2 8 0
POSITION 3 6 0
PLAYER 0
MESSAGE OK
TARGET 5
EXTRAFIELD 10
.
TICK 7
FIELDS 13 9 5 9 3 12 7 15 5 15 12 15 5 6 4 5 15 8 4 8 6 9 3 5 1 15 2 12 14 5 2 15 12 10 5 5 6 7 10 10 13 8 5 15 9 13 10 6 5 12 7 6 10 4 2 10 1 14 9 13 1 14 10 10 5 10 9 8 10 13 10 9 11 10 7 5 13 11 7 15 5 15 5 15 9 3 10 11 12 8 6
DISPLAY 2 0 3
DISPLAY 3 10 5
DISPLAY 6 11 6
DISPLAY 8 10 6
POSITION 0 12 5
POSITION 1 5 0
POSITION 2 8 6
POSITION 3 6 0
PLAYER 1
.
TICK 7
FIELDS 13 9 5 9 3 1 7 15 5 15 12 15 5 6 4 5 15 8 12 8 6 9 3 5 1 15 2 12 14 5 2 4 12 10 5 5 6 7 10 10 13 8 5 15 15 13 10 6 5 12 7 6 10 4 2 10 1 9 9 13 1 14 10 10 5 10 9 8 10 13 14 9 11 10 7 5 13 11 7 15 5 15 5 10 9 3 10 11 12 8 6
DISPLAY 2 0 3
DISPLAY 3 10 5
DISPLAY 6 11 6
DISPLAY 8 10 6
POSITION 0 12 5
POSITION 1 5 1
POSITION 2 8 6
POSITION 3 6 0
PLAYER 2
.
TICK 7
FIELDS 13 9 5 9 3 1 7 15 14 15 12 15 5 6 4 5 15 8 12 8 6 5 3 5 1 15 2 12 14 5 2 4 12 10 9 5 6 7 10 10 13 8 5 15 15 13 10 5 5 12 7 6 10 4 2 10 1 9 9 13 6 14 10 10 5 10 9 8 10 13 14 9 11 1 7 5 13 11 7 15 5 15 5 10 9 3 10 11 12 8 6
DISPLAY 2 0 3
DISPLAY 3 10 5
DISPLAY 6 11 6
DISPLAY 8 10 6
POSITION 0 12 5
POSITION 1 5 1
POSITION 2 8 0
POSITION 3 6 0
PLAYER 3
.
TICK 8
FIELDS 13 9 5 9 3 12 7 15 14 15 12 15 5 6 4 5 15 8 4 8 6 5 3 5 1 15 2 12 14 5 2 15 12 10 9 5 6 7 10 10 13 8 5 15 9 13 10 5 5 12 7 6 10 4 2 10 1 14 9 13 6 14 10 10 5 10 9 8 10 13 10 9 11 1 7 5 13 11 7 15 5 15 5 5 9 3 10 11 12 8 6
DISPLAY 2 0 3
DISPLAY 3 10 5
DISPLAY 6 11 6
DISPLAY 8 10 6
POSITION 0 12 5
POSITION 1 5 0
POSITION 2 8 0
POSITION 3 6 0
PLAYER 0
MESSAGE OK
TARGET 6
EXTRAFIELD 13
.
TICK 8
FIELDS 13 9 5 9 3 12 7 15 14 15 12 15 13 6 4 5 15 8 4 8 6 5 3 5 1 5 2 12 14 5 2 15 12 10 9 5 6 7 15 10 13 8 5 15 9 13 10 5 5 12 7 10 10 4 2 10 1 14 9 13 6 14 10 10 6 10 9 8 10 13 10 9 11 1 7 5 13 5 7 15 5 15 5 5 9 3 10 11 12 8 11
DISPLAY 2 0 3
DISPLAY 3 10 5
DISPLAY 8 10 6
POSITION 0 11 6
POSITION 1 5 0
POSITION 2 8 0
POSITION 3 6 0
PLAYER 1
.
TICK 8
FIELDS 13 9 5 15 3 12 7 15 14 15 12 15 13 6 4 5 9 8 4 8 6 5 3 5 1 5 2 12 14 15 2 15 12 10 9 5 6 7 15 10 13 8 5 15 9 13 10 5 5 12 7 10 10 4 2 5 1 14 9 13 6 14 10 10 6 10 9 8 10 13 10 9 11 1 7 5 13 5 7 15 5 10 5 5 9 3 10 11 12 8 11
DISPLAY 2 0 3
DISPLAY 3 10 5
DISPLAY 8 10 6
POSITION 0 11 6
POSITION 1 5 0
POSITION 2 8 0
POSITION 3 6 0
PLAYER 2
.
TICK 8
FIELDS 13 9 5 15 3 12 7 15 5 15 12 15 13 6 4 5 9 8 4 8 6 9 3 5 1 5 2 12 14 15 2 15 12 10 5 5 6 7 15 10 13 8 5 15 9 13 10 6 5 12 7 10 10 4 2 5 1 14 9 13 1 14 10 10 6 10 9 8 10 13 10 9 11 10 7 5 13 5 7 15 5 10 5 5 9 3 10 11 12 8 11
DISPLAY 2 0 3
DISPLAY 3 10 5
DISPLAY 8 10 6
POSITION 0 11 6
POSITION 1 5 0
POSITION 2 8 6
POSITION 3 6 0
PLAYER 3
.
TICK 9
FIELDS 13 9 5 15 3 1 7 15 5 15 12 15 13 6 4 5 9 8 12 8 6 9 3 5 1 5 2 12 14 15 2 4 12 10 5 5 6 7 15 10 13 8 5 15 15 13 10 6 5 12 7 10 10 4 2 5 1 9 9 13 1 14 10 10 6 10 9 8 10 13 14 9 11 10 7 5 13 5 7 15 5 10 5 10 9 3 10 11 12 8 11
DISPLAY 2 0 3
DISPLAY 3 10 5
DISPLAY 8 10 6
POSITION 0 11 6
POSITION 1 5 1
POSITION 2 8 6
POSITION 3 6 0
PLAYER 0
MESSAGE OK
TARGET 2
EXTRAFIELD 6
.
TICK 9
FIELDS 6 9 5 15 3 1 7 15 5 15 12 15 13 13 4 5 9 8 12 8 6 9 3 5 1 5 6 12 14 15 2 4 12 10 5 5 6 7 15 2 13 8 5 15 15 13 10 6 5 12 7 10 10 4 2 5 1 9 9 13 1 14 10 10 6 10 9 8 10 13 14 9 11 10 7 5 13 5 10 15 5 10 5 10 9 3 10 11 12 8 11
DISPLAY 2 0 4
DISPLAY 3 10 5
DISPLAY 8 10 6
POSITION 0 12 4
POSITION 1 5 1
POSITION 2 8 6
POSITION 3 6 0
PLAYER 1
.
TICK 9
FIELDS 6 9 5 15 3 1 7 15 5 15 12 15 13 13 4 5 9 8 12 8 6 9 3 5 1 5 6 12 14 15 2 4 12 10 5 5 6 7 15 2 13 8 5 15 15 13 10 6 5 12 7 10 10 4 2 5 1 9 9 13 1 14 10 10 6 15 10 9 8 10 13 14 9 11 10 7 5 13 10 15 5 10 5 10 9 3 10 11 12 8 11
DISPLAY 2 0 4
DISPLAY 3 11 5
DISPLAY 8 10 6
POSITION 0 12 4
POSITION 1 5 1
POSITION 2 8 6
POSITION 3 6 0
PLAYER 2
.
TICK 9
FIELDS 6 9 5 15 3 1 7 15 14 15 12 15 13 13 4 5 9 8 12 8 6 5 3 5 1 5 6 12 14 15 2 4 12 10 9 5 6 7 15 2 13 8 5 15 15 13 10 5 5 12 7 10 10 4 2 5 1 9 9 13 6 14 10 10 6 15 10 9 8 10 13 14 9 1 10 7 5 13 10 15 5 10 5 10 9 3 11 11 12 8 11
DISPLAY 2 0 4
DISPLAY 3 11 5
DISPLAY 8 10 6
POSITION 0 12 4
POSITION 1 5 1
POSITION 2 8 0
POSITION 3 6 0
PLAYER 3
.
TICK 10
FIELDS 6 9 5 15 3 5 7 15 14 15 12 15 13 13 4 5 9 8 1 8 6 5 3 5 1 5 6 12 14 15 2 12 12 10 9 5 6 7 15 2 13 8 5 15 4 13 10 5 5 12 7 10 10 4 2 5 1 15 9 13 6 14 10 10 6 15 10 9 8 10 9 14 9 1 10 7 5 13 10 15 5 10 5 13 9 3 11 11 12 8 11
DISPLAY 2 0 4
DISPLAY 3 11 5
DISPLAY 8 10 6
POSITION 0 12 4
POSITION 1 5 2
POSITION 2 8 0
POSITION 3 6 0
PLAYER 0
MESSAGE OK
TARGET 2
EXTRAFIELD 7
.
TICK 10
FIELDS 6 9 5 15 3 5 7 15 14 15 12 15 13 13 4 5 9 8 1 8 6 5 3 5 1 5 6 12 14 15 2 12 12 10 9 5 6 7 15 2 13 8 5 15 4 13 10 5 5 12 7 10 11 10 4 2 5 1 15 9 13 6 14 10 10 15 10 9 8 10 9 14 9 1 10 7 5 13 10 15 5 10 5 13 9 3 11 11 12 8 11
DISPLAY 3 11 5
DISPLAY 8 10 6
POSITION 0 1 4
POSITION 1 5 2
POSITION 2 8 0
POSITION 3 6 0
PLAYER 1
.
TICK 10
FIELDS 6 9 5 15 3 5 7 15 14 15 12 15 13 13 4 5 9 8 1 8 6 5 3 5 1 5 6 12 14 15 2 12 12 10 9 5 6 7 15 5 2 13 8 5 15 4 13 10 5 5 12 7 11 10 4 2 5 1 15 9 13 6 14 10 10 15 10 9 8 10 9 14 9 1 10 7 5 13 10 15 5 10 5 13 9 3 11 11 12 8 11
DISPLAY 3 11 5
DISPLAY 8 10 6
POSITION 0 1 4
POSITION 1 5 2
POSITION 2 8 0
POSITION 3 6 0
PLAYER 2
.
TICK 10
FIELDS 6 9 5 15 3 5 7 15 14 15 10 15 13 13 4 5 9 8 1 8 6 5 3 12 1 5 6 12 14 15 2 12 12 10 9 5 5 7 15 5 2 13 8 5 15 4 13 10 5 6 12 7 11 10 4 2 5 1 15 9 13 6 5 10 10 15 10 9 8 10 9 14 9 1 10 14 5 13 10 15 5 10 5 13 9 3 11 11 7 8 11
DISPLAY 3 11 5
DISPLAY 8 10 0
POSITION 0 1 4
POSITION 1 5 2
POSITION 2 11 1
POSITION 3 6 0
PLAYER 3
.
TICK 11
FIELDS 6 9 5 15 3 1 7 15 14 15 10 15 13 13 4 5 9 8 12 8 6 5 3 12 1 5 6 12 14 15 2 15 12 10 9 5 5 7 15 5 2 13 8 5 1 4 13 10 5 6 12 7 11 10 4 2 5 9 15 9 13 6 5 10 10 15 10 9 8 10 13 14 9 1 10 14 5 13 10 15 5 10 5 10 9 3 11 11 7 8 11
DISPLAY 3 11 5
DISPLAY 8 10 0
POSITION 0 1 4
POSITION 1 5 1
POSITION 2 11 1
POSITION 3 6 0
PLAYER 0
MESSAGE OK
TARGET 8
EXTRAFIELD 6
.
TICK 11
FIELDS 6 6 9 5 15 3 1 7 15 14 15 10 15 13 4 5 9 8 12 8 6 5 3 12 1 5 6 12 14 15 2 15 12 10 9 5 5 7 15 5 2 13 8 5 1 4 13 10 5 6 12 7 11 10 4 2 5 9 15 9 13 6 5 10 10 15 10 9 8 10 13 14 9 1 10 14 5 13 10 15 5 10 5 10 9 3 11 11 7 8 11
DISPLAY 3 11 5
DISPLAY 8 11 0
POSITION 0 0 2
POSITION 1 5 1
POSITION 2 11 1
POSITION 3 7 0
PLAYER 1
.
TICK 11
FIELDS 6 6 9 5 15 3 1 7 15 14 15 10 15 13 4 5 9 8 12 8 6 5 3 12 1 5 6 12 14 15 2 15 12 10 9 5 5 7 15 5 2 13 8 5 1 4 13 10 5 6 12 7 10 4 2 5 9 15 9 13 6 5 10 10 10 15 10 9 8 10 13 14 9 1 10 14 5 13 10 15 5 10 5 10 9 3 11 11 7 8 11
DISPLAY 3 11 5
DISPLAY 8 11 0
POSITION 0 0 2
POSITION 1 5 1
POSITION 2 11 1
POSITION 3 7 0
PLAYER 2
.
TICK 11
FIELDS 6 6 9 5 15 3 1 7 15 14 15 10 15 12 13 4 5 9 8 12 8 6 5 3 12 1 6 12 14 15 2 15 12 10 9 5 5 7 15 5 2 13 8 5 1 4 13 10 5 6 12 7 10 4 2 5 9 15 9 13 6 5 10 10 10 15 10 9 8 10 13 14 9 1 10 14 5 13 10 15 5 10 5 10 9 3 11 11 7 8 11
DISPLAY 3 11 5
DISPLAY 8 11 0
POSITION 0 0 2
POSITION 1 6 1
POSITION 2 9 4
POSITION 3 7 0
PLAYER 3
.
TICK 12
FIELDS 6 6 9 5 15 8 1 7 15 14 15 10 15 12 13 4 5 9 15 12 8 6 5 3 12 1 6 12 14 15 2 1 12 10 9 5 5 7 15 5 2 13 8 5 15 4 13 10 5 6 12 7 10 4 2 5 9 13 9 13 6 5 10 10 10 15 10 9 8 10 10 14 9 1 10 14 5 13 10 15 5 10 5 5 9 3 11 11 7 8 11
DISPLAY 3 11 5
DISPLAY 8 11 0
POSITION 0 0 2
POSITION 1 6 1
POSITION 2 9 4
POSITION 3 7 0
PLAYER 0
MESSAGE OK
TARGET 8
EXTRAFIELD 13
.
TICK 12
FIELDS 12 6 9 5 15 8 1 7 15 14 15 10 15 6 13 4 5 9 15 12 8 6 5 3 12 1 5 12 14 15 2 1 12 10 9 5 5 7 15 10 2 13 8 5 15 4 13 10 5 6 12 7 15 4 2 5 9 13 9 13 6 5 10 10 10 10 10 9 8 10 10 14 9 1 10 14 5 13 13 15 5 10 5 5 9 3 11 11 7 8 11
DISPLAY 3 11 5
DISPLAY 8 11 0
POSITION 0 0 1
POSITION 1 6 1
POSITION 2 9 4
POSITION 3 7 0
PLAYER 1
.
TICK 12
FIELDS 12 6 9 5 15 8 12 7 15 14 15 10 15 6 13 4 5 9 15 12 8 6 5 3 12 1 5 12 14 15 2 1 4 10 9 5 5 7 15 10 2 13 8 5 15 9 13 10 5 6 12 7 15 4 2 5 9 13 14 13 6 5 10 10 10 10 10 9 8 10 10 9 9 1 10 14 5 13 13 15 5 10 5 5 11 3 11 11 7 8 11
DISPLAY 3 11 5
DISPLAY 8 11 0
POSITION 0 0 1
POSITION 1 6 0
POSITION 2 9 4
POSITION 3 7 0
PLAYER 2
.
TICK 12
FIELDS 12 6 9 5 15 8 12 7 15 5 15 10 15 6 13 4 5 9 15 12 8 6 14 3 12 1 5 12 14 15 2 1 4 10 9 5 5 7 15 10 2 13 8 5 15 9 13 10 5 6 12 7 15 4 2 5 9 13 14 13 6 5 10 10 10 10 10 9 8 10 10 9 9 1 5 14 5 13 13 15 5 10 5 5 11 3 11 10 7 8 11
DISPLAY 3 11 5
DISPLAY 8 11 0
POSITION 0 0 1
POSITION 1 6 0
POSITION 2 9 5
POSITION 3 7 0
PLAYER 3
.
TICK 13
FIELDS 12 6 9 5 15 3 12 7 15 5 15 10 15 6 13 4 5 9 8 12 8 6 14 3 12 1 5 12 14 15 2 15 4 10 9 5 5 7 15 10 2 13 8 5 1 9 13 10 5 6 12 7 15 4 2 5 9 15 14 13 6 5 10 10 10 10 10 9 8 10 13 9 9 1 5 14 5 13 13 15 5 10 5 10 11 3 11 10 7 8 11
DISPLAY 3 11 5
DISPLAY 8 11 0
POSITION 0 0 1
POSITION 1 6 0
POSITION 2 9 5
POSITION 3 7 0
PLAYER 0
MESSAGE OK
TARGET 8
EXTRAFIELD 6
.
TICK 13
FIELDS 12 6 9 5 15 3 12 7 15 5 15 10 15 13 4 5 9 8 12 8 6 14 3 12 1 9 5 12 14 15 2 15 4 10 9 5 5 7 15 10 2 13 8 5 1 9 13 10 5 6 12 7 15 4 2 5 9 15 14 13 6 5 10 10 10 10 10 9 8 10 13 9 9 1 5 14 5 13 13 15 5 10 5 10 11 3 11 10 7 8 11
DISPLAY 3 11 5
POSITION 0 11 0
POSITION 1 6 0
POSITION 2 9 5
POSITION 3 7 0
PLAYER 1
.
TICK 13
FIELDS 12 6 9 5 15 3 12 7 15 5 15 10 15 4 5 9 8 12 8 6 14 3 12 1 9 1 5 12 14 15 2 15 4 10 9 5 5 7 15 10 2 13 8 5 1 9 13 10 5 6 12 7 15 4 2 5 9 15 14 13 6 5 10 10 10 10 10 9 8 10 13 9 9 1 5 14 5 13 13 15 5 10 5 10 11 3 11 10 7 8 11
DISPLAY 3 11 5
POSITION 0 11 0
POSITION 1 6 0
POSITION 2 9 5
POSITION 3 7 0
PLAYER 2
.
END 6
.
