MESSAGE OK
PLAYER 0
LEVEL 8
SIZE 7 13
DISPLAYS 21
MAXTICK 30
.
TICK 0
FIELDS 12 10 15 13 10 6 14 10 8 10 10 12 11 3 6 13 13 7 13 4 15 2 4 10 3 11 12 5 15 1 10 5 6 15 10 9 1 10 12 7 10 3 3 11 9 1 7 10 6 4 3 6 13 9 8 14 11 6 3 10 11 8 1 5 5 10 14 10 15 14 5 8 12 10 6 9 10 1 5 15 9 10 10 5 10 14 4 2 5 10 7
DISPLAY 0 0 2
DISPLAY 1 1 2
DISPLAY 2 5 5
DISPLAY 3 1 3
DISPLAY 4 0 6
DISPLAY 5 0 9
DISPLAY 6 2 9
DISPLAY 7 6 1
DISPLAY 8 4 2
DISPLAY 9 3 5
DISPLAY 10 3 11
DISPLAY 11 6 6
DISPLAY 12 3 3
DISPLAY 13 2 8
DISPLAY 14 0 4
DISPLAY 15 6 0
DISPLAY 16 2 2
DISPLAY 17 1 4
DISPLAY 18 0 5
DISPLAY 19 5 2
DISPLAY 20 1 10
POSITION 0 2 1
POSITION 1 2 7
POSITION 2 0 1
POSITION 3 0 3
PLAYER 0
MESSAGE OK
TARGET 1
EXTRAFIELD 15
.
TICK 0
FIELDS 12 10 15 13 10 6 14 10 8 15 10 12 11 3 6 13 10 7 13 4 15 2 4 13 3 11 12 5 15 1 10 5 6 15 10 9 1 10 12 7 10 3 3 11 10 1 7 10 6 4 3 9 13 9 8 14 11 6 6 10 11 8 1 5 5 3 14 10 15 14 5 8 10 10 6 9 10 1 5 12 9 10 10 5 10 14 15 2 5 10 7
DISPLAY 0 0 2
DISPLAY 2 5 5
DISPLAY 3 1 3
DISPLAY 4 0 6
DISPLAY 5 0 9
DISPLAY 6 2 10
DISPLAY 7 6 1
DISPLAY 8 4 2
DISPLAY 9 3 5
DISPLAY 10 3 11
DISPLAY 11 6 6
DISPLAY 12 3 3
DISPLAY 13 2 9
DISPLAY 14 0 4
DISPLAY 15 6 0
DISPLAY 16 2 3
DISPLAY 17 1 4
DISPLAY 18 0 5
DISPLAY 19 5 2
DISPLAY 20 1 10
POSITION 0 1 2
POSITION 1 2 8
POSITION 2 0 1
POSITION 3 0 3
PLAYER 1
.
TICK 0
FIELDS 12 10 15 13 10 15 14 10 8 15 10 12 6 3 6 13 10 7 13 11 15 2 4 13 3 11 4 5 15 1 10 5 6 12 10 9 1 10 12 7 15 3 3 11 10 1 7 10 6 4 3 9 13 9 10 14 11 6 6 10 11 8 1 5 5 3 14 10 8 14 5 8 10 10 6 15 10 1 5 12 9 10 9 5 10 14 15 2 5 10 7
DISPLAY 0 0 2
DISPLAY 2 5 6
DISPLAY 3 1 3
DISPLAY 4 0 6
DISPLAY 5 0 9
DISPLAY 6 2 10
DISPLAY 7 6 1
DISPLAY 8 4 2
DISPLAY 9 3 5
DISPLAY 10 3 11
DISPLAY 11 6 6
DISPLAY 12 3 3
DISPLAY 13 2 9
DISPLAY 14 0 4
DISPLAY 15 6 0
DISPLAY 16 2 3
DISPLAY 17 1 4
DISPLAY 18 0 5
DISPLAY 19 5 3
DISPLAY 20 1 10
POSITION 0 1 2
POSITION 1 2 8
POSITION 2 0 1
POSITION 3 0 3
PLAYER 2
.
TICK 0
FIELDS 12 15 15 13 10 15 14 10 10 15 10 12 6 3 6 8 10 7 13 11 15 2 13 13 3 11 4 5 15 4 10 5 6 12 10 9 1 10 12 7 15 3 3 1 10 1 7 10 6 4 11 9 13 9 10 14 11 3 6 10 11 8 1 5 6 3 14 10 8 14 5 5 10 10 6 15 10 1 8 12 9 10 9 5 10 5 15 2 5 10 7
DISPLAY 0 0 2
DISPLAY 2 5 6
DISPLAY 3 1 4
DISPLAY 4 0 6
DISPLAY 5 0 9
DISPLAY 6 2 10
DISPLAY 7 6 1
DISPLAY 8 4 2
DISPLAY 9 3 5
DISPLAY 10 3 11
DISPLAY 11 6 6
DISPLAY 12 3 3
DISPLAY 13 2 9
DISPLAY 14 0 4
DISPLAY 15 6 0
DISPLAY 16 2 3
DISPLAY 17 1 5
DISPLAY 18 0 5
DISPLAY 19 5 3
DISPLAY 20 1 11
POSITION 0 1 3
POSITION 1 2 8
POSITION 2 3 1
POSITION 3 0 3
PLAYER 3
.
TICK 1
FIELDS 12 15 15 13 10 15 14 10 10 15 10 12 6 3 6 8 10 7 13 11 15 2 13 13 3 11 4 5 15 4 10 5 6 12 10 9 1 10 12 7 15 3 3 1 10 1 7 10 6 4 11 9 13 9 10 14 11 3 6 10 11 8 1 5 6 3 14 10 8 14 5 5 10 10 6 15 10 8 12 9 10 9 5 15 10 5 15 2 5 10 7
DISPLAY 0 0 2
DISPLAY 2 5 6
DISPLAY 3 1 4
DISPLAY 4 0 6
DISPLAY 5 0 9
DISPLAY 6 2 10
DISPLAY 7 6 1
DISPLAY 8 4 2
DISPLAY 9 3 5
DISPLAY 10 2 11
DISPLAY 11 6 6
DISPLAY 12 3 3
DISPLAY 13 2 9
DISPLAY 14 0 4
DISPLAY 15 6 0
DISPLAY 16 2 3
DISPLAY 17 1 5
DISPLAY 18 0 5
DISPLAY 19 5 3
DISPLAY 20 0 11
POSITION 0 1 3
POSITION 1 2 8
POSITION 2 3 1
POSITION 3 0 3
PLAYER 0
MESSAGE OK
TARGET 17
EXTRAFIELD 4
.
TICK 1
FIELDS 12 15 15 13 10 15 14 10 10 15 10 12 6 3 6 8 10 7 13 11 15 2 13 13 3 11 4 5 8 15 4 10 5 6 12 9 1 10 12 7 15 3 3 1 10 1 7 10 6 4 11 9 13 9 10 14 11 3 6 10 11 8 1 5 6 3 14 10 8 14 5 5 10 10 6 15 10 8 12 9 10 9 5 15 10 5 15 2 5 10 7
DISPLAY 0 0 2
DISPLAY 2 5 6
DISPLAY 3 2 4
DISPLAY 4 0 6
DISPLAY 5 0 9
DISPLAY 6 2 10
DISPLAY 7 6 1
DISPLAY 8 4 2
DISPLAY 9 3 5
DISPLAY 10 2 11
DISPLAY 11 6 6
DISPLAY 12 3 3
DISPLAY 13 2 9
DISPLAY 14 1 4
DISPLAY 15 6 0
DISPLAY 16 2 3
DISPLAY 18 0 5
DISPLAY 19 5 3
DISPLAY 20 0 11
POSITION 0 1 5
POSITION 1 2 8
POSITION 2 3 1
POSITION 3 0 3
PLAYER 1
.
TICK 1
FIELDS 12 15 15 13 10 10 14 10 10 15 10 12 15 3 6 8 10 7 13 6 15 2 13 13 3 11 11 5 8 15 4 10 5 4 12 9 1 10 12 7 6 3 3 1 10 1 7 15 6 4 11 9 13 9 10 14 11 3 6 10 11 10 1 5 6 3 14 10 8 14 5 5 10 10 6 8 10 8 12 9 10 9 15 15 10 5 15 2 5 5 7
DISPLAY 0 0 2
DISPLAY 2 5 7
DISPLAY 3 2 4
DISPLAY 4 0 6
DISPLAY 5 0 9
DISPLAY 6 2 10
DISPLAY 7 6 1
DISPLAY 8 4 2
DISPLAY 9 3 5
DISPLAY 10 2 11
DISPLAY 11 6 6
DISPLAY 12 3 3
DISPLAY 13 2 9
DISPLAY 14 1 4
DISPLAY 15 6 0
DISPLAY 16 2 3
DISPLAY 18 0 5
DISPLAY 19 5 4
DISPLAY 20 0 11
POSITION 0 1 5
POSITION 1 2 8
POSITION 2 3 1
POSITION 3 0 3
PLAYER 2
.
TICK 1
FIELDS 12 15 14 13 10 10 14 10 10 15 10 12 15 3 6 8 15 7 13 6 15 2 13 10 3 11 11 5 8 15 13 10 5 4 12 9 1 4 12 7 6 3 3 1 10 1 7 15 6 4 11 10 13 9 10 14 11 3 9 10 11 10 1 5 6 6 14 10 8 14 5 5 3 10 6 8 10 8 12 10 10 9 15 15 10 5 9 2 5 5 7
DISPLAY 0 0 2
DISPLAY 2 5 7
DISPLAY 3 2 5
DISPLAY 4 0 6
DISPLAY 5 0 9
DISPLAY 6 2 11
DISPLAY 7 6 1
DISPLAY 8 4 2
DISPLAY 9 3 5
DISPLAY 10 2 12
DISPLAY 11 6 6
DISPLAY 13 2 10
DISPLAY 14 1 4
DISPLAY 15 6 0
DISPLAY 16 2 4
DISPLAY 18 0 5
DISPLAY 19 5 4
DISPLAY 20 0 11
POSITION 0 1 5
POSITION 1 2 9
POSITION 2 3 3
POSITION 3 0 3
PLAYER 3
.
TICK 2
FIELDS 12 15 14 13 10 10 14 10 10 15 10 12 15 3 6 8 15 7 13 6 15 2 13 10 3 11 11 5 8 15 13 10 5 4 12 9 1 4 12 7 6 3 3 1 10 1 7 15 6 4 11 10 13 9 10 14 11 3 9 10 11 10 1 5 6 6 14 10 8 14 5 5 3 10 6 8 10 12 10 10 9 15 15 1 10 5 9 2 5 5 7
DISPLAY 0 0 2
DISPLAY 2 5 7
DISPLAY 3 2 5
DISPLAY 4 0 6
DISPLAY 5 0 9
DISPLAY 6 1 11
DISPLAY 7 6 1
DISPLAY 8 4 2
DISPLAY 9 3 5
DISPLAY 10 2 12
DISPLAY 11 6 6
DISPLAY 13 2 10
DISPLAY 14 1 4
DISPLAY 15 6 0
DISPLAY 16 2 4
DISPLAY 18 0 5
DISPLAY 19 5 4
DISPLAY 20 6 11
POSITION 0 1 5
POSITION 1 2 9
POSITION 2 3 3
POSITION 3 0 3
PLAYER 0
MESSAGE OK
TARGET 5
EXTRAFIELD 10
.
TICK 2
FIELDS 10 15 14 13 10 10 14 12 10 15 10 12 15 3 10 8 15 7 13 6 15 6 13 10 3 11 11 5 2 15 13 10 5 4 12 8 1 4 12 7 6 3 9 1 10 1 7 15 6 3 11 10 13 9 10 14 4 3 9 10 11 10 1 11 6 6 14 10 8 14 5 5 3 10 6 8 10 5 10 10 9 15 15 1 12 5 9 2 5 5 7
DISPLAY 0 0 3
DISPLAY 2 5 7
DISPLAY 3 2 5
DISPLAY 4 0 7
DISPLAY 5 0 10
DISPLAY 6 1 11
DISPLAY 7 6 1
DISPLAY 8 4 2
DISPLAY 9 3 5
DISPLAY 10 2 12
DISPLAY 11 6 6
DISPLAY 13 2 10
DISPLAY 14 1 4
DISPLAY 15 6 0
DISPLAY 16 2 4
DISPLAY 18 0 6
DISPLAY 19 5 4
DISPLAY 20 6 11
POSITION 0 1 0
POSITION 1 2 9
POSITION 2 3 3
POSITION 3 0 4
PLAYER 1
.
TICK 2
FIELDS 10 15 14 13 10 10 14 10 15 10 12 15 3 10 10 8 15 7 13 6 15 6 13 10 3 11 11 5 2 15 13 10 5 4 12 8 1 4 12 7 6 3 9 1 10 1 7 15 6 3 11 10 13 9 10 14 4 3 9 10 11 10 1 11 6 6 14 10 8 14 5 5 3 10 6 8 10 5 10 10 9 15 15 1 12 5 9 2 5 5 7
DISPLAY 0 0 3
DISPLAY 2 5 7
DISPLAY 3 2 5
DISPLAY 4 0 7
DISPLAY 5 0 10
DISPLAY 6 1 11
DISPLAY 7 5 1
DISPLAY 8 4 2
DISPLAY 9 3 5
DISPLAY 10 2 12
DISPLAY 11 6 6
DISPLAY 13 2 10
DISPLAY 14 1 4
DISPLAY 15 6 0
DISPLAY 16 2 4
DISPLAY 18 0 6
DISPLAY 19 5 4
DISPLAY 20 6 11
POSITION 0 1 0
POSITION 1 2 9
POSITION 2 3 3
POSITION 3 0 4
PLAYER 2
.
TICK 2
FIELDS 10 15 14 15 10 10 14 10 15 10 13 15 3 10 10 8 15 12 13 6 15 6 13 10 7 11 11 5 2 15 13 3 5 4 12 8 1 4 10 7 6 3 9 1 10 12 7 15 6 3 11 10 1 9 10 14 4 3 9 13 11 10 1 11 6 6 10 10 8 14 5 5 3 14 6 8 10 5 10 10 10 15 15 1 12 5 9 9 5 5 7
DISPLAY 0 0 3
DISPLAY 2 5 7
DISPLAY 3 2 5
DISPLAY 4 0 7
DISPLAY 5 0 10
DISPLAY 6 1 11
DISPLAY 7 5 1
DISPLAY 8 4 2
DISPLAY 9 3 6
DISPLAY 10 2 12
DISPLAY 11 6 6
DISPLAY 13 2 10
DISPLAY 14 1 4
DISPLAY 15 6 0
DISPLAY 18 0 6
DISPLAY 19 5 4
DISPLAY 20 6 11
POSITION 0 1 0
POSITION 1 2 9
POSITION 2 2 4
POSITION 3 0 4
PLAYER 3
.
TICK 3
FIELDS 10 15 14 15 10 10 14 10 15 10 13 15 3 10 10 8 15 12 13 6 15 6 13 10 7 11 11 5 2 15 13 3 5 4 12 8 1 4 10 7 6 3 9 1 10 12 7 15 6 3 11 10 1 9 10 14 4 3 9 13 11 10 1 11 6 6 10 10 8 14 5 5 3 14 6 8 10 8 5 10 10 10 15 15 12 5 9 9 5 5 7
DISPLAY 0 0 3
DISPLAY 2 5 7
DISPLAY 3 2 5
DISPLAY 4 0 7
DISPLAY 5 0 10
DISPLAY 6 2 11
DISPLAY 7 5 1
DISPLAY 8 4 2
DISPLAY 9 3 6
DISPLAY 10 2 12
DISPLAY 11 6 6
DISPLAY 13 2 10
DISPLAY 14 1 4
DISPLAY 15 6 0
DISPLAY 18 0 6
DISPLAY 19 5 4
DISPLAY 20 0 11
POSITION 0 1 0
POSITION 1 2 9
POSITION 2 2 4
POSITION 3 0 4
PLAYER 0
MESSAGE OK
TARGET 5
EXTRAFIELD 10
.
TICK 3
FIELDS 10 15 14 15 10 10 14 10 8 10 13 15 3 10 10 13 15 12 13 6 15 6 15 10 7 11 11 5 2 1 13 3 5 4 12 8 1 4 10 7 6 3 9 11 10 12 7 15 6 3 3 10 1 9 10 14 4 6 9 13 11 10 1 11 5 6 10 10 8 14 5 5 3 14 6 8 10 8 5 10 10 10 15 15 12 5 9 9 5 5 7
DISPLAY 0 0 3
DISPLAY 2 5 7
DISPLAY 3 2 5
DISPLAY 4 0 7
DISPLAY 5 0 10
DISPLAY 6 2 11
DISPLAY 7 5 1
DISPLAY 8 4 2
DISPLAY 9 3 6
DISPLAY 10 2 12
DISPLAY 11 6 6
DISPLAY 13 2 10
DISPLAY 14 1 3
DISPLAY 15 6 0
DISPLAY 18 0 6
DISPLAY 19 5 4
DISPLAY 20 0 11
POSITION 0 1 9
POSITION 1 2 9
POSITION 2 2 4
POSITION 3 0 4
PLAYER 1
.
TICK 3
FIELDS 10 15 14 15 10 10 14 10 8 10 13 15 3 10 10 13 15 12 13 6 15 6 15 10 7 11 11 5 2 1 13 3 5 4 12 8 1 4 10 7 6 3 9 11 10 12 7 15 6 3 3 10 1 9 10 14 4 6 9 13 11 10 1 11 5 6 10 10 8 14 5 3 14 6 8 10 12 8 5 10 10 10 15 15 12 5 9 9 5 5 7
DISPLAY 0 0 3
DISPLAY 2 5 7
DISPLAY 3 2 5
DISPLAY 4 0 7
DISPLAY 5 6 10
DISPLAY 6 2 11
DISPLAY 7 5 1
DISPLAY 8 4 2
DISPLAY 9 3 6
DISPLAY 10 2 12
DISPLAY 11 6 6
DISPLAY 13 1 10
DISPLAY 14 1 3
DISPLAY 15 6 0
DISPLAY 18 0 6
DISPLAY 19 5 4
DISPLAY 20 0 11
POSITION 0 1 9
POSITION 1 2 9
POSITION 2 2 4
POSITION 3 0 4
PLAYER 2
.
TICK 3
FIELDS 10 15 14 15 10 10 14 10 8 10 13 15 3 10 10 13 15 12 13 6 15 2 6 15 10 7 11 11 2 1 13 3 5 4 12 8 1 4 10 7 6 3 9 11 10 12 7 15 6 3 3 10 1 9 10 14 4 6 9 13 11 10 1 11 5 6 10 10 8 14 5 3 14 6 8 10 12 8 5 10 10 10 15 15 12 5 9 9 5 5 7
DISPLAY 0 1 3
DISPLAY 2 5 7
DISPLAY 3 2 5
DISPLAY 4 0 7
DISPLAY 5 6 10
DISPLAY 6 2 11
DISPLAY 7 5 1
DISPLAY 8 4 2
DISPLAY 9 3 6
DISPLAY 10 2 12
DISPLAY 11 6 6
DISPLAY 13 1 10
DISPLAY 14 2 3
DISPLAY 15 6 0
DISPLAY 18 0 6
DISPLAY 19 5 4
DISPLAY 20 0 11
POSITION 0 1 9
POSITION 1 2 9
POSITION 2 3 7
POSITION 3 0 4
PLAYER 3
.
TICK 4
FIELDS 10 15 14 15 10 10 14 10 8 10 13 15 3 10 10 13 15 12 13 6 15 2 6 15 10 7 11 11 2 1 13 3 5 4 12 8 1 4 10 7 6 3 9 11 10 12 7 15 6 3 3 10 1 9 10 14 4 6 9 13 11 10 1 11 5 6 10 10 8 14 5 3 14 6 8 10 12 1 8 5 10 10 10 15 12 5 9 9 5 5 7
DISPLAY 0 1 3
DISPLAY 2 5 7
DISPLAY 3 2 5
DISPLAY 4 0 7
DISPLAY 5 6 10
DISPLAY 6 3 11
DISPLAY 7 5 1
DISPLAY 8 4 2
DISPLAY 9 3 6
DISPLAY 10 2 12
DISPLAY 11 6 6
DISPLAY 13 1 10
DISPLAY 14 2 3
DISPLAY 15 6 0
DISPLAY 18 0 6
DISPLAY 19 5 4
DISPLAY 20 1 11
POSITION 0 1 9
POSITION 1 2 9
POSITION 2 3 7
POSITION 3 0 4
PLAYER 0
MESSAGE OK
TARGET 5
EXTRAFIELD 15
.
TICK 4
FIELDS 15 15 14 15 10 10 14 10 8 10 13 15 3 10 10 13 15 12 13 6 15 10 6 15 10 7 11 11 2 1 13 3 5 4 12 2 1 4 10 7 6 3 8 11 10 12 7 15 6 9 3 10 1 9 10 14 3 6 9 13 11 10 1 4 5 6 10 10 8 14 11 3 14 6 8 10 12 5 8 5 10 10 10 15 1 5 9 9 5 5 7
DISPLAY 0 1 3
DISPLAY 2 5 7
DISPLAY 3 2 5
DISPLAY 4 0 8
DISPLAY 5 6 10
DISPLAY 6 3 11
DISPLAY 7 5 1
DISPLAY 8 4 2
DISPLAY 9 3 6
DISPLAY 10 2 12
DISPLAY 11 6 6
DISPLAY 13 1 10
DISPLAY 14 2 3
DISPLAY 15 6 0
DISPLAY 18 0 7
DISPLAY 19 5 4
DISPLAY 20 1 11
POSITION 0 0 9
POSITION 1 2 9
POSITION 2 3 7
POSITION 3 0 5
PLAYER 1
.
TICK 4
FIELDS 15 14 15 10 10 14 5 10 8 10 13 15 3 10 10 13 15 12 13 6 15 10 6 15 10 7 11 11 2 1 13 3 5 4 12 2 1 4 10 7 6 3 8 11 10 12 7 15 6 9 3 10 1 9 10 14 3 6 9 13 11 10 1 4 5 6 10 10 8 14 11 3 14 6 8 10 12 5 8 5 10 10 10 15 1 5 9 9 5 5 7
DISPLAY 0 1 3
DISPLAY 2 5 7
DISPLAY 3 2 5
DISPLAY 4 0 8
DISPLAY 5 6 10
DISPLAY 6 3 11
DISPLAY 7 5 1
DISPLAY 8 4 2
DISPLAY 9 3 6
DISPLAY 10 2 12
DISPLAY 11 6 6
DISPLAY 13 1 10
DISPLAY 14 2 3
DISPLAY 15 5 0
DISPLAY 18 0 7
DISPLAY 19 5 4
DISPLAY 20 1 11
POSITION 0 0 9
POSITION 1 2 9
POSITION 2 3 7
POSITION 3 0 5
PLAYER 2
.
TICK 4
FIELDS 15 14 15 5 10 14 5 10 8 10 10 15 3 10 10 13 15 13 13 6 15 10 6 15 12 7 11 11 2 1 13 10 5 4 12 2 1 4 3 7 6 3 8 11 10 10 7 15 6 9 3 10 12 9 10 14 3 6 9 1 11 10 1 4 5 6 13 10 8 14 11 3 14 10 8 10 12 5 8 5 6 10 10 15 1 5 9 10 5 5 7
DISPLAY 0 1 3
DISPLAY 2 5 7
DISPLAY 3 2 5
DISPLAY 4 0 8
DISPLAY 5 6 10
DISPLAY 6 3 12
DISPLAY 7 5 1
DISPLAY 8 4 2
DISPLAY 9 3 7
DISPLAY 10 2 12
DISPLAY 11 6 6
DISPLAY 13 1 10
DISPLAY 14 2 3
DISPLAY 15 5 0
DISPLAY 18 0 7
DISPLAY 19 5 4
DISPLAY 20 1 11
POSITION 0 0 9
POSITION 1 2 9
POSITION 2 3 8
POSITION 3 0 5
PLAYER 3
.
TICK 5
FIELDS 15 14 15 5 10 14 5 10 8 10 10 15 3 10 10 13 15 13 13 6 15 10 6 15 12 7 11 11 2 1 13 10 5 4 12 2 1 4 3 7 6 3 8 11 10 10 7 15 6 9 3 10 12 9 10 14 3 6 9 1 11 10 1 4 5 6 13 10 8 14 11 3 14 10 8 10 12 8 5 6 10 10 15 15 1 5 9 10 5 5 7
DISPLAY 0 1 3
DISPLAY 2 5 7
DISPLAY 3 2 5
DISPLAY 4 0 8
DISPLAY 5 6 10
DISPLAY 6 3 12
DISPLAY 7 5 1
DISPLAY 8 4 2
DISPLAY 9 3 7
DISPLAY 10 2 12
DISPLAY 11 6 6
DISPLAY 13 1 10
DISPLAY 14 2 3
DISPLAY 15 5 0
DISPLAY 18 0 7
DISPLAY 19 5 4
DISPLAY 20 0 11
POSITION 0 0 9
POSITION 1 2 9
POSITION 2 3 8
POSITION 3 0 5
PLAYER 0
MESSAGE OK
TARGET 5
EXTRAFIELD 12
.
TICK 5
FIELDS 15 14 15 5 10 14 5 10 8 10 10 15 3 10 10 13 15 13 13 6 15 10 6 15 12 7 11 11 2 1 13 10 5 4 12 2 1 4 3 7 6 3 8 11 10 10 7 15 6 9 3 10 12 9 10 14 3 6 9 1 11 10 1 4 5 6 13 10 8 14 9 11 3 14 10 8 10 8 5 6 10 10 15 15 1 5 9 10 5 5 7
DISPLAY 0 1 3
DISPLAY 2 5 7
DISPLAY 3 2 5
DISPLAY 4 0 8
DISPLAY 6 3 12
DISPLAY 7 5 1
DISPLAY 8 4 2
DISPLAY 9 3 7
DISPLAY 10 2 12
DISPLAY 11 6 6
DISPLAY 13 2 10
DISPLAY 14 2 3
DISPLAY 15 5 0
DISPLAY 18 0 7
DISPLAY 19 5 4
DISPLAY 20 0 11
POSITION 0 0 10
POSITION 1 2 9
POSITION 2 3 8
POSITION 3 0 5
PLAYER 1
.
TICK 5
FIELDS 15 14 15 5 10 14 5 10 8 10 10 15 3 10 13 15 13 13 6 15 15 10 6 15 12 7 11 11 2 1 13 10 5 4 12 2 1 4 3 7 6 3 8 11 10 10 7 15 6 9 3 10 12 9 10 14 3 6 9 1 11 10 1 4 5 6 13 10 8 14 9 11 3 14 10 8 10 8 5 6 10 10 15 15 1 5 9 10 5 5 7
DISPLAY 0 1 3
DISPLAY 2 5 7
DISPLAY 3 2 5
DISPLAY 4 0 8
DISPLAY 6 3 12
DISPLAY 7 5 1
DISPLAY 8 3 2
DISPLAY 9 3 7
DISPLAY 10 2 12
DISPLAY 11 6 6
DISPLAY 13 2 10
DISPLAY 14 2 3
DISPLAY 15 5 0
DISPLAY 18 0 7
DISPLAY 19 5 4
DISPLAY 20 0 11
POSITION 0 0 10
POSITION 1 2 9
POSITION 2 3 8
POSITION 3 0 5
PLAYER 2
.
TICK 5
FIELDS 15 14 15 9 10 14 5 10 8 10 5 15 3 10 13 15 13 10 6 15 15 10 6 15 13 7 11 11 2 1 13 12 5 4 12 2 1 4 10 7 6 3 8 11 10 3 7 15 6 9 3 10 10 9 10 14 3 6 9 12 11 10 1 4 5 6 1 10 8 14 9 11 3 13 10 8 10 8 5 6 14 10 15 15 1 5 9 10 5 5 7
DISPLAY 0 1 3
DISPLAY 2 5 7
DISPLAY 3 2 5
DISPLAY 4 0 8
DISPLAY 6 3 0
DISPLAY 7 5 1
DISPLAY 8 3 3
DISPLAY 9 3 8
DISPLAY 10 2 12
DISPLAY 11 6 6
DISPLAY 13 2 10
DISPLAY 14 2 3
DISPLAY 15 5 0
DISPLAY 18 0 7
DISPLAY 19 5 4
DISPLAY 20 0 11
POSITION 0 0 10
POSITION 1 2 9
POSITION 2 3 9
POSITION 3 0 5
PLAYER 3
.
TICK 6
FIELDS 15 14 15 9 10 14 5 10 8 10 5 15 3 10 13 15 13 10 6 15 15 10 6 15 13 7 11 11 2 1 13 12 5 4 12 2 1 4 10 7 6 3 8 11 10 3 7 15 6 9 3 10 10 9 10 14 3 6 9 12 11 10 1 4 5 6 1 10 8 14 9 11 3 13 10 8 10 5 8 5 6 14 10 15 1 5 9 10 5 5 7
DISPLAY 0 1 3
DISPLAY 2 5 7
DISPLAY 3 2 5
DISPLAY 4 0 8
DISPLAY 6 3 0
DISPLAY 7 5 1
DISPLAY 8 3 3
DISPLAY 9 3 8
DISPLAY 10 2 12
DISPLAY 11 6 6
DISPLAY 13 2 10
DISPLAY 14 2 3
DISPLAY 15 5 0
DISPLAY 18 0 7
DISPLAY 19 5 4
DISPLAY 20 1 11
POSITION 0 0 10
POSITION 1 2 9
POSITION 2 3 9
POSITION 3 0 5
PLAYER 0
MESSAGE OK
TARGET 10
EXTRAFIELD 12
.
TICK 6
FIELDS 15 14 10 9 10 14 5 10 8 13 5 15 3 10 13 15 15 10 6 15 15 10 6 13 13 7 11 11 2 1 4 12 5 4 12 2 1 10 10 7 6 3 8 11 10 3 7 15 6 9 3 9 10 9 10 14 3 6 6 12 11 10 1 4 5 3 1 10 8 14 9 11 5 13 10 8 10 5 8 9 6 14 10 15 1 5 12 10 5 5 7
DISPLAY 0 1 3
DISPLAY 2 5 7
DISPLAY 3 2 4
DISPLAY 4 0 8
DISPLAY 6 3 0
DISPLAY 7 5 1
DISPLAY 8 3 3
DISPLAY 9 3 8
DISPLAY 10 2 11
DISPLAY 11 6 6
DISPLAY 13 2 9
DISPLAY 14 2 2
DISPLAY 15 5 0
DISPLAY 18 0 7
DISPLAY 19 5 4
DISPLAY 20 1 11
POSITION 0 1 9
POSITION 1 2 8
POSITION 2 3 9
POSITION 3 0 5
PLAYER 1
.
TICK 6
FIELDS 15 14 10 9 10 14 10 10 8 13 5 15 3 5 13 15 15 10 6 15 10 10 6 13 13 7 11 15 2 1 4 12 5 4 11 2 1 10 10 7 6 12 8 11 10 3 7 15 3 9 3 9 10 9 10 6 3 6 6 12 11 10 14 4 5 3 1 10 8 1 9 11 5 13 10 8 14 5 8 9 6 14 10 10 1 5 12 10 5 5 15
DISPLAY 0 1 3
DISPLAY 2 5 7
DISPLAY 3 2 4
DISPLAY 4 0 8
DISPLAY 6 3 0
DISPLAY 7 5 1
DISPLAY 8 3 3
DISPLAY 9 3 8
DISPLAY 10 2 11
DISPLAY 11 6 7
DISPLAY 13 2 9
DISPLAY 14 2 2
DISPLAY 15 5 0
DISPLAY 18 0 7
DISPLAY 19 5 4
DISPLAY 20 1 11
POSITION 0 1 9
POSITION 1 2 8
POSITION 2 3 9
POSITION 3 0 5
PLAYER 2
.
TICK 6
FIELDS 15 14 10 10 10 14 10 10 8 13 9 15 3 5 13 15 15 5 6 15 10 10 6 13 10 7 11 15 2 1 4 13 5 4 11 2 1 10 12 7 6 12 8 11 10 10 7 15 3 9 3 9 3 9 10 6 3 6 6 10 11 10 14 4 5 3 12 10 8 1 9 11 5 1 10 8 14 5 8 9 13 14 10 10 1 5 12 6 5 5 15
DISPLAY 0 1 3
DISPLAY 2 5 7
DISPLAY 3 2 4
DISPLAY 4 0 8
DISPLAY 6 3 1
DISPLAY 7 5 1
DISPLAY 8 3 4
DISPLAY 9 3 9
DISPLAY 10 2 11
DISPLAY 11 6 7
DISPLAY 13 2 9
DISPLAY 14 2 2
DISPLAY 15 5 0
DISPLAY 18 0 7
DISPLAY 19 5 4
DISPLAY 20 1 11
POSITION 0 1 9
POSITION 1 2 8
POSITION 2 3 10
POSITION 3 0 5
PLAYER 3
.
TICK 7
FIELDS 15 14 10 10 10 14 10 10 8 13 9 15 3 5 13 15 15 5 6 15 10 10 6 13 10 7 11 15 2 1 4 13 5 4 11 2 1 10 12 7 6 12 8 11 10 10 7 15 3 9 3 9 3 9 10 6 3 6 6 10 11 10 14 4 5 3 12 10 8 1 9 11 5 1 10 8 14 8 9 13 14 10 10 15 1 5 12 6 5 5 15
DISPLAY 0 1 3
DISPLAY 2 5 7
DISPLAY 3 2 4
DISPLAY 4 0 8
DISPLAY 6 3 1
DISPLAY 7 5 1
DISPLAY 8 3 4
DISPLAY 9 3 9
DISPLAY 10 1 11
DISPLAY 11 6 7
DISPLAY 13 2 9
DISPLAY 14 2 2
DISPLAY 15 5 0
DISPLAY 18 0 7
DISPLAY 19 5 4
DISPLAY 20 0 11
POSITION 0 1 9
POSITION 1 2 8
POSITION 2 3 10
POSITION 3 0 5
PLAYER 0
MESSAGE OK
TARGET 10
EXTRAFIELD 15
.
TICK 7
FIELDS 15 14 10 10 10 14 10 10 8 13 9 15 3 5 13 15 15 5 6 15 10 10 6 13 10 7 11 15 2 1 4 13 5 4 11 2 1 10 12 7 6 12 8 11 10 10 7 15 3 9 3 9 3 9 10 6 3 6 6 10 11 10 14 4 5 3 12 10 8 1 11 5 1 10 8 14 15 8 9 13 14 10 10 15 1 5 12 6 5 5 15
DISPLAY 0 1 3
DISPLAY 2 5 7
DISPLAY 3 2 4
DISPLAY 4 0 8
DISPLAY 6 3 1
DISPLAY 7 5 1
DISPLAY 8 3 4
DISPLAY 9 3 9
DISPLAY 11 6 7
DISPLAY 13 2 9
DISPLAY 14 2 2
DISPLAY 15 5 0
DISPLAY 18 0 7
DISPLAY 19 5 4
DISPLAY 20 0 11
POSITION 0 1 11
POSITION 1 2 8
POSITION 2 2 10
POSITION 3 0 5
PLAYER 1
.
TICK 7
FIELDS 15 14 13 10 10 14 10 10 8 15 9 15 3 5 13 15 13 5 6 15 10 10 6 4 10 7 11 15 2 1 10 13 5 4 11 2 1 10 12 7 6 12 8 11 9 10 7 15 3 9 3 6 3 9 10 6 3 6 3 10 11 10 14 4 5 1 12 10 8 1 11 5 13 10 8 14 15 8 9 12 14 10 10 15 1 5 7 6 5 5 15
DISPLAY 0 1 3
DISPLAY 2 5 7
DISPLAY 3 2 3
DISPLAY 4 0 8
DISPLAY 6 3 1
DISPLAY 7 5 1
DISPLAY 8 3 4
DISPLAY 9 3 9
DISPLAY 11 6 7
DISPLAY 13 2 8
DISPLAY 14 2 1
DISPLAY 15 5 0
DISPLAY 18 0 7
DISPLAY 19 5 4
DISPLAY 20 0 11
POSITION 0 1 11
POSITION 1 2 7
POSITION 2 2 9
POSITION 3 0 5
PLAYER 2
.
TICK 7
FIELDS 15 14 13 10 10 14 10 10 8 15 9 15 3 5 13 15 13 5 6 15 10 10 6 4 10 7 11 15 2 1 10 13 5 4 11 2 1 10 12 7 6 12 8 11 9 10 7 15 3 9 3 6 3 9 10 6 10 3 6 3 10 11 10 4 5 1 12 10 8 1 11 5 13 10 8 14 15 8 9 12 14 10 10 15 1 5 7 6 5 5 15
DISPLAY 0 1 3
DISPLAY 2 5 7
DISPLAY 3 2 3
DISPLAY 4 1 8
DISPLAY 6 3 1
DISPLAY 7 5 1
DISPLAY 8 3 4
DISPLAY 9 3 9
DISPLAY 11 6 7
DISPLAY 13 3 8
DISPLAY 14 2 1
DISPLAY 15 5 0
DISPLAY 18 0 7
DISPLAY 19 5 4
DISPLAY 20 0 11
POSITION 0 1 11
POSITION 1 2 7
POSITION 2 2 8
POSITION 3 0 5
PLAYER 3
.
TICK 8
FIELDS 15 14 13 10 10 14 10 10 8 15 9 15 3 5 13 15 13 5 6 15 10 10 6 4 10 7 11 15 2 1 10 13 5 4 11 2 1 10 12 7 6 12 8 11 9 10 7 15 3 9 3 6 3 9 10 6 10 3 6 3 10 11 10 4 5 1 12 10 8 1 11 5 13 10 8 14 15 5 8 9 12 14 10 10 1 5 7 6 5 5 15
DISPLAY 0 1 3
DISPLAY 2 5 7
DISPLAY 3 2 3
DISPLAY 4 1 8
DISPLAY 6 3 1
DISPLAY 7 5 1
DISPLAY 8 3 4
DISPLAY 9 3 9
DISPLAY 11 6 7
DISPLAY 13 3 8
DISPLAY 14 2 1
DISPLAY 15 5 0
DISPLAY 18 0 7
DISPLAY 19 5 4
DISPLAY 20 1 11
POSITION 0 2 11
POSITION 1 2 7
POSITION 2 2 8
POSITION 3 0 5
PLAYER 0
MESSAGE OK
TARGET 19
EXTRAFIELD 9
.
TICK 8
FIELDS 15 14 13 9 10 14 10 10 8 15 10 15 3 5 13 15 13 9 6 15 10 10 6 4 5 7 11 15 2 1 10 10 5 4 11 2 1 10 13 7 6 12 8 11 9 12 7 15 3 9 3 6 10 9 10 6 10 3 6 3 10 11 10 4 5 1 3 10 8 1 11 5 13 12 8 14 15 5 8 9 10 14 10 10 1 5 7 12 5 5 15
DISPLAY 0 1 3
DISPLAY 2 5 7
DISPLAY 3 2 3
DISPLAY 4 1 8
DISPLAY 6 3 2
DISPLAY 7 5 1
DISPLAY 8 3 5
DISPLAY 9 3 10
DISPLAY 11 6 7
DISPLAY 13 3 9
DISPLAY 14 2 1
DISPLAY 15 5 0
DISPLAY 18 0 7
DISPLAY 19 5 4
DISPLAY 20 1 11
POSITION 0 4 12
POSITION 1 2 7
POSITION 2 2 8
POSITION 3 0 5
PLAYER 1
.
TICK 8
FIELDS 15 14 13 9 10 14 10 10 8 15 10 15 3 5 13 15 13 9 6 15 10 10 6 4 5 7 11 15 1 10 10 5 4 11 10 2 1 10 13 7 6 12 8 11 9 12 7 15 3 9 3 6 10 9 10 6 10 3 6 3 10 11 10 4 5 1 3 10 8 1 11 5 13 12 8 14 15 5 8 9 10 14 10 10 1 5 7 12 5 5 15
DISPLAY 0 1 3
DISPLAY 2 5 7
DISPLAY 3 2 3
DISPLAY 4 1 8
DISPLAY 6 3 2
DISPLAY 7 5 1
DISPLAY 8 3 5
DISPLAY 9 3 10
DISPLAY 11 6 7
DISPLAY 13 3 9
DISPLAY 14 2 1
DISPLAY 15 5 0
DISPLAY 18 0 7
DISPLAY 19 4 4
DISPLAY 20 1 11
POSITION 0 4 12
POSITION 1 2 7
POSITION 2 2 8
POSITION 3 0 5
PLAYER 2
.
TICK 8
FIELDS 14 14 13 9 10 14 10 15 8 15 10 15 3 5 10 15 13 9 6 15 10 13 6 4 5 7 11 15 10 10 10 5 4 11 10 1 1 10 13 7 6 12 2 11 9 12 7 15 3 8 3 6 10 9 10 6 9 3 6 3 10 11 10 10 5 1 3 10 8 1 4 5 13 12 8 14 15 11 8 9 10 14 10 10 5 5 7 12 5 5 15
DISPLAY 0 1 3
DISPLAY 2 5 7
DISPLAY 3 2 3
DISPLAY 4 1 8
DISPLAY 6 3 2
DISPLAY 7 5 1
DISPLAY 8 3 5
DISPLAY 9 3 10
DISPLAY 11 6 7
DISPLAY 13 3 9
DISPLAY 14 2 1
DISPLAY 15 5 0
DISPLAY 18 0 8
DISPLAY 19 4 4
DISPLAY 20 1 11
POSITION 0 4 12
POSITION 1 2 7
POSITION 2 2 8
POSITION 3 0 6
PLAYER 3
.
TICK 9
FIELDS 14 14 13 9 10 14 10 15 8 15 10 15 3 5 10 15 13 9 6 15 10 13 6 4 5 7 11 15 10 10 10 5 4 11 10 1 1 10 13 7 6 12 2 11 9 12 7 15 3 8 3 6 10 9 10 6 9 3 6 3 10 11 10 10 5 1 3 10 8 1 4 5 13 12 8 14 15 8 9 10 14 10 10 15 5 5 7 12 5 5 15
DISPLAY 0 1 3
DISPLAY 2 5 7
DISPLAY 3 2 3
DISPLAY 4 1 8
DISPLAY 6 3 2
DISPLAY 7 5 1
DISPLAY 8 3 5
DISPLAY 9 3 10
DISPLAY 11 6 7
DISPLAY 13 3 9
DISPLAY 14 2 1
DISPLAY 15 5 0
DISPLAY 18 0 8
DISPLAY 19 4 4
DISPLAY 20 0 11
POSITION 0 4 12
POSITION 1 2 7
POSITION 2 2 8
POSITION 3 0 6
PLAYER 0
MESSAGE OK
TARGET 19
EXTRAFIELD 6
.
TICK 9
FIELDS 14 14 13 9 12 14 10 15 8 15 10 10 3 5 10 15 13 9 15 15 10 13 6 4 5 6 11 15 10 10 10 5 7 11 10 1 1 10 13 4 6 12 2 11 9 12 7 15 3 8 3 6 10 7 10 6 9 3 6 3 9 11 10 10 5 1 3 10 8 1 4 5 13 12 10 14 15 8 9 10 14 8 10 15 5 5 7 12 10 5 15
DISPLAY 0 1 3
DISPLAY 2 5 7
DISPLAY 3 2 3
DISPLAY 4 1 8
DISPLAY 6 3 2
DISPLAY 7 5 1
DISPLAY 8 3 5
DISPLAY 9 3 10
DISPLAY 11 6 7
DISPLAY 13 3 9
DISPLAY 14 2 1
DISPLAY 15 5 0
DISPLAY 18 0 8
DISPLAY 19 4 5
DISPLAY 20 0 11
POSITION 0 3 1
POSITION 1 2 7
POSITION 2 2 8
POSITION 3 0 6
PLAYER 1
.
TICK 9
FIELDS 14 14 13 9 12 14 10 15 8 15 10 10 3 5 10 15 13 9 15 15 10 13 6 4 5 6 11 15 10 10 10 5 7 11 10 1 1 10 13 4 6 12 11 9 12 7 15 3 2 8 3 6 10 7 10 6 9 3 6 3 9 11 10 10 5 1 3 10 8 1 4 5 13 12 10 14 15 8 9 10 14 8 10 15 5 5 7 12 10 5 15
DISPLAY 0 1 3
DISPLAY 2 5 7
DISPLAY 3 2 3
DISPLAY 4 1 8
DISPLAY 6 3 2
DISPLAY 7 5 1
DISPLAY 8 3 5
DISPLAY 9 3 10
DISPLAY 11 6 7
DISPLAY 13 3 9
DISPLAY 14 2 1
DISPLAY 15 5 0
DISPLAY 18 0 8
DISPLAY 19 4 5
DISPLAY 20 0 11
POSITION 0 3 1
POSITION 1 2 7
POSITION 2 2 8
POSITION 3 6 6
PLAYER 2
.
TICK 9
FIELDS 1 14 13 9 12 14 10 14 8 15 10 10 3 5 15 15 13 9 15 15 10 10 6 4 5 6 11 15 13 10 10 5 7 11 10 10 1 10 13 4 6 12 1 9 12 7 15 3 2 11 3 6 10 7 10 6 8 3 6 3 9 11 10 9 5 1 3 10 8 1 10 5 13 12 10 14 15 4 9 10 14 8 10 15 8 5 7 12 10 5 15
DISPLAY 0 1 3
DISPLAY 2 5 7
DISPLAY 3 2 3
DISPLAY 4 1 8
DISPLAY 6 3 2
DISPLAY 7 5 1
DISPLAY 8 3 5
DISPLAY 9 3 10
DISPLAY 11 6 7
DISPLAY 13 3 9
DISPLAY 14 2 1
DISPLAY 15 5 0
DISPLAY 18 0 9
DISPLAY 19 4 5
DISPLAY 20 0 12
POSITION 0 3 1
POSITION 1 2 7
POSITION 2 2 8
POSITION 3 6 6
PLAYER 3
.
TICK 10
FIELDS 1 14 13 9 12 14 10 14 8 15 10 10 3 5 15 15 13 9 15 15 10 10 6 4 5 6 11 15 13 10 10 5 7 11 10 10 1 10 13 4 6 12 1 9 12 7 15 3 2 11 3 6 10 7 10 6 8 3 6 3 9 11 10 9 5 1 3 10 8 1 10 5 13 12 10 14 15 11 4 9 10 14 8 10 8 5 7 12 10 5 15
DISPLAY 0 1 3
DISPLAY 2 5 7
DISPLAY 3 2 3
DISPLAY 4 1 8
DISPLAY 6 3 2
DISPLAY 7 5 1
DISPLAY 8 3 5
DISPLAY 9 3 10
DISPLAY 11 6 7
DISPLAY 13 3 9
DISPLAY 14 2 1
DISPLAY 15 5 0
DISPLAY 18 0 9
DISPLAY 19 4 5
DISPLAY 20 0 12
POSITION 0 3 1
POSITION 1 2 7
POSITION 2 2 8
POSITION 3 6 6
PLAYER 0
MESSAGE OK
TARGET 19
EXTRAFIELD 5
.
TICK 10
FIELDS 1 14 13 9 12 14 10 14 8 15 10 10 3 5 15 13 9 15 15 10 5 10 6 4 5 6 11 15 13 10 10 5 7 11 10 10 1 10 13 4 6 12 1 9 12 7 15 3 2 11 3 6 10 7 10 6 8 3 6 3 9 11 10 9 5 1 3 10 8 1 10 5 13 12 10 14 15 11 4 9 10 14 8 10 8 5 7 12 10 5 15
DISPLAY 0 1 3
DISPLAY 2 5 7
DISPLAY 3 2 3
DISPLAY 4 1 8
DISPLAY 6 2 2
DISPLAY 7 5 1
DISPLAY 8 3 5
DISPLAY 9 3 10
DISPLAY 11 6 7
DISPLAY 13 3 9
DISPLAY 14 2 1
DISPLAY 15 5 0
DISPLAY 18 0 9
DISPLAY 19 4 5
DISPLAY 20 0 12
POSITION 0 3 5
POSITION 1 2 7
POSITION 2 2 8
POSITION 3 6 6
PLAYER 1
.
TICK 10
FIELDS 1 14 13 10 12 14 10 14 8 15 15 10 3 5 15 13 9 5 15 10 5 10 6 4 5 6 11 15 13 10 10 13 7 11 10 10 1 10 7 4 6 12 1 9 12 10 15 3 2 11 3 6 3 7 10 6 8 3 6 3 9 11 10 9 5 1 12 10 8 1 10 5 13 10 10 14 15 11 4 9 12 14 8 10 8 5 7 2 10 5 15
DISPLAY 0 1 3
DISPLAY 2 5 7
DISPLAY 3 2 3
DISPLAY 4 1 8
DISPLAY 6 2 2
DISPLAY 7 5 1
DISPLAY 8 3 4
DISPLAY 9 3 9
DISPLAY 11 6 7
DISPLAY 13 3 8
DISPLAY 14 2 1
DISPLAY 15 5 0
DISPLAY 18 0 9
DISPLAY 19 4 5
DISPLAY 20 0 12
POSITION 0 3 4
POSITION 1 2 7
POSITION 2 2 8
POSITION 3 6 6
PLAYER 2
.
TICK 10
FIELDS 5 14 13 10 12 14 10 1 8 15 15 10 3 5 14 13 9 5 15 10 5 15 6 4 5 6 11 15 10 10 10 13 7 11 10 13 1 10 7 4 6 12 10 9 12 10 15 3 2 1 3 6 3 7 10 6 11 3 6 3 9 11 10 8 5 1 12 10 8 1 9 5 13 10 10 14 15 10 4 9 12 14 8 10 11 5 7 2 10 5 15
DISPLAY 0 1 3
DISPLAY 2 5 7
DISPLAY 3 2 3
DISPLAY 4 1 8
DISPLAY 6 2 2
DISPLAY 7 5 1
DISPLAY 8 3 4
DISPLAY 9 3 9
DISPLAY 11 6 7
DISPLAY 13 3 8
DISPLAY 14 2 1
DISPLAY 15 5 0
DISPLAY 18 0 10
DISPLAY 19 4 5
DISPLAY 20 0 0
POSITION 0 3 4
POSITION 1 2 7
POSITION 2 2 8
POSITION 3 6 6
PLAYER 3
.
TICK 11
FIELDS 5 14 13 10 12 14 10 1 8 15 15 10 3 5 14 13 9 5 15 10 5 15 6 4 5 6 11 15 10 10 10 13 7 11 10 13 1 10 7 4 6 12 10 9 12 10 15 3 2 1 3 6 3 7 10 6 11 3 6 3 9 11 10 8 5 1 12 10 8 1 9 5 13 10 10 14 15 15 10 4 9 12 14 8 11 5 7 2 10 5 15
DISPLAY 0 1 3
DISPLAY 2 5 7
DISPLAY 3 2 3
DISPLAY 4 1 8
DISPLAY 6 2 2
DISPLAY 7 5 1
DISPLAY 8 3 4
DISPLAY 9 3 9
DISPLAY 11 6 7
DISPLAY 13 3 8
DISPLAY 14 2 1
DISPLAY 15 5 0
DISPLAY 18 0 10
DISPLAY 19 4 5
DISPLAY 20 0 0
POSITION 0 3 4
POSITION 1 2 7
POSITION 2 2 8
POSITION 3 6 6
PLAYER 0
MESSAGE OK
TARGET 19
EXTRAFIELD 15
.
TICK 11
FIELDS 5 14 13 10 12 14 10 1 8 15 15 10 3 5 14 13 9 5 15 10 5 15 6 4 5 6 11 15 10 10 10 13 7 11 10 15 13 1 10 7 4 6 10 9 12 10 15 3 2 1 3 6 3 7 10 6 11 3 6 3 9 11 10 8 5 1 12 10 8 1 9 5 13 10 10 14 15 15 10 4 9 12 14 8 11 5 7 2 10 5 15
DISPLAY 0 1 3
DISPLAY 2 5 7
DISPLAY 3 2 3
DISPLAY 4 1 8
DISPLAY 6 2 2
DISPLAY 7 5 1
DISPLAY 8 3 4
DISPLAY 9 3 9
DISPLAY 11 6 7
DISPLAY 13 3 8
DISPLAY 14 2 1
DISPLAY 15 5 0
DISPLAY 18 0 10
DISPLAY 20 0 0
POSITION 0 5 5
POSITION 1 2 7
POSITION 2 2 8
POSITION 3 6 6
PLAYER 1
.
TICK 11
FIELDS 9 5 14 13 10 12 14 1 8 15 15 10 3 5 14 13 9 5 15 10 5 15 6 4 5 6 11 15 10 10 10 13 7 11 10 15 13 1 10 7 4 6 10 9 12 10 15 3 2 1 3 6 3 7 10 6 11 3 6 3 9 11 10 8 5 1 12 10 8 1 9 5 13 10 10 14 15 15 10 4 9 12 14 8 11 5 7 2 10 5 15
DISPLAY 0 1 3
DISPLAY 2 5 7
DISPLAY 3 2 3
DISPLAY 4 1 8
DISPLAY 6 2 2
DISPLAY 7 5 1
DISPLAY 8 3 4
DISPLAY 9 3 9
DISPLAY 11 6 7
DISPLAY 13 3 8
DISPLAY 14 2 1
DISPLAY 15 6 0
DISPLAY 18 0 10
DISPLAY 20 1 0
POSITION 0 5 5
POSITION 1 2 7
POSITION 2 2 8
POSITION 3 6 6
PLAYER 2
.
TICK 11
FIELDS 8 5 14 13 10 12 14 9 8 15 15 10 3 5 1 13 9 5 15 10 5 14 6 4 5 6 11 15 15 10 10 13 7 11 10 10 13 1 10 7 4 6 15 9 12 10 15 3 2 10 3 6 3 7 10 6 1 3 6 3 9 11 10 11 5 1 12 10 8 1 8 5 13 10 10 14 15 9 10 4 9 12 14 8 15 5 7 2 10 5 15
DISPLAY 0 1 3
DISPLAY 2 5 7
DISPLAY 3 2 3
DISPLAY 4 1 8
DISPLAY 6 2 2
DISPLAY 7 5 1
DISPLAY 8 3 4
DISPLAY 9 3 9
DISPLAY 11 6 7
DISPLAY 13 3 8
DISPLAY 14 2 1
DISPLAY 15 6 0
DISPLAY 18 0 11
DISPLAY 20 1 0
POSITION 0 5 5
POSITION 1 2 7
POSITION 2 2 8
POSITION 3 6 6
PLAYER 3
.
TICK 12
FIELDS 8 5 14 13 10 12 14 9 8 15 15 10 3 5 1 13 9 5 15 10 5 14 6 4 5 6 11 15 15 10 10 13 7 11 10 10 13 1 10 7 4 6 15 9 12 10 15 3 2 10 3 6 3 7 10 6 1 3 6 3 9 11 10 11 5 1 12 10 8 1 8 5 13 10 10 14 15 10 9 10 4 9 12 14 15 5 7 2 10 5 15
DISPLAY 0 1 3
DISPLAY 2 5 7
DISPLAY 3 2 3
DISPLAY 4 1 8
DISPLAY 6 2 2
DISPLAY 7 5 1
DISPLAY 8 3 4
DISPLAY 9 3 9
DISPLAY 11 6 7
DISPLAY 13 3 8
DISPLAY 14 2 1
DISPLAY 15 6 0
DISPLAY 18 1 11
DISPLAY 20 1 0
POSITION 0 5 5
POSITION 1 2 7
POSITION 2 2 8
POSITION 3 6 6
PLAYER 0
MESSAGE OK
TARGET 20
EXTRAFIELD 12
.
TICK 12
FIELDS 8 12 14 13 10 12 14 9 5 15 15 10 3 5 1 8 9 5 15 10 5 14 13 4 5 6 11 15 15 6 10 13 7 11 10 10 10 1 10 7 4 6 15 13 12 10 15 3 2 10 9 6 3 7 10 6 1 3 6 3 9 11 10 11 3 1 12 10 8 1 8 5 13 10 10 14 15 10 5 10 4 9 12 14 15 9 7 2 10 5 15
DISPLAY 0 1 4
DISPLAY 2 5 7
DISPLAY 3 2 3
DISPLAY 4 1 9
DISPLAY 6 2 2
DISPLAY 7 5 1
DISPLAY 8 3 4
DISPLAY 9 3 9
DISPLAY 11 6 7
DISPLAY 13 3 8
DISPLAY 14 2 1
DISPLAY 15 6 0
DISPLAY 18 1 12
POSITION 0 1 1
POSITION 1 2 7
POSITION 2 2 8
POSITION 3 6 6
PLAYER 1
.
TICK 12
FIELDS 8 12 14 13 10 12 14 9 5 15 15 10 3 5 1 8 9 5 15 10 5 14 13 4 5 6 11 15 15 6 10 13 7 11 10 10 10 1 10 7 4 6 10 15 13 12 10 15 3 10 9 6 3 7 10 6 1 3 6 3 9 11 10 11 3 1 12 10 8 1 8 5 13 10 10 14 15 10 5 10 4 9 12 14 15 9 7 2 10 5 15
DISPLAY 0 1 4
DISPLAY 2 5 7
DISPLAY 3 2 3
DISPLAY 4 1 9
DISPLAY 6 2 2
DISPLAY 7 5 1
DISPLAY 8 3 4
DISPLAY 9 3 9
DISPLAY 11 6 7
DISPLAY 13 3 8
DISPLAY 14 2 1
DISPLAY 15 6 0
DISPLAY 18 1 12
POSITION 0 1 1
POSITION 1 2 7
POSITION 2 2 8
POSITION 3 0 6
PLAYER 2
.
TICK 12
FIELDS 8 12 14 13 10 12 14 9 5 15 15 10 3 5 1 8 9 5 15 10 5 14 13 4 5 6 11 15 15 6 10 13 7 11 10 10 10 1 10 7 4 6 10 15 13 12 10 15 3 10 9 6 3 7 10 6 1 3 6 3 9 11 10 11 11 3 1 12 10 8 8 5 13 10 10 14 15 10 5 10 4 9 12 14 15 9 7 2 10 5 15
DISPLAY 0 1 4
DISPLAY 2 5 7
DISPLAY 3 2 3
DISPLAY 6 2 2
DISPLAY 7 5 1
DISPLAY 8 3 4
DISPLAY 9 4 9
DISPLAY 11 6 7
DISPLAY 13 3 8
DISPLAY 14 2 1
DISPLAY 15 6 0
DISPLAY 18 1 12
POSITION 0 1 1
POSITION 1 2 7
POSITION 2 2 9
POSITION 3 0 6
PLAYER 3
.
TICK 13
FIELDS 8 12 14 13 10 12 14 9 5 15 15 10 3 5 1 8 9 5 15 10 5 14 13 4 5 6 11 15 15 6 10 13 7 11 10 10 10 1 10 7 4 6 10 15 13 12 10 15 3 10 9 6 3 7 10 6 1 3 6 3 9 11 10 11 11 3 1 12 10 8 8 5 13 10 10 14 15 8 10 5 10 4 9 12 15 9 7 2 10 5 15
DISPLAY 0 1 4
DISPLAY 2 5 7
DISPLAY 3 2 3
DISPLAY 6 2 2
DISPLAY 7 5 1
DISPLAY 8 3 4
DISPLAY 9 4 9
DISPLAY 11 6 7
DISPLAY 13 3 8
DISPLAY 14 2 1
DISPLAY 15 6 0
DISPLAY 18 1 12
POSITION 0 1 1
POSITION 1 2 7
POSITION 2 2 9
POSITION 3 0 6
PLAYER 0
MESSAGE OK
TARGET 9
EXTRAFIELD 5
.
TICK 13
FIELDS 8 12 14 13 10 12 14 9 5 15 15 10 3 5 1 8 9 5 15 10 5 14 13 4 5 6 11 15 15 6 10 13 7 11 10 10 10 1 10 7 4 6 15 13 12 10 15 3 5 10 9 6 3 7 10 6 1 3 6 3 9 11 10 11 11 3 1 12 10 8 8 5 13 10 10 14 15 8 10 5 10 4 9 12 15 9 7 2 10 5 15
DISPLAY 0 1 4
DISPLAY 2 5 7
DISPLAY 3 2 3
DISPLAY 6 2 2
DISPLAY 7 5 1
DISPLAY 8 3 4
DISPLAY 9 4 9
DISPLAY 11 6 7
DISPLAY 13 3 8
DISPLAY 14 2 1
DISPLAY 15 6 0
DISPLAY 18 1 12
POSITION 0 5 8
POSITION 1 2 7
POSITION 2 2 9
POSITION 3 6 6
PLAYER 1
.
TICK 13
FIELDS 8 12 14 13 10 12 14 9 5 15 15 10 3 5 1 8 9 5 15 10 5 14 13 4 5 6 11 15 15 6 10 13 7 11 10 10 10 1 10 7 4 6 15 13 12 10 15 3 5 10 9 6 3 7 10 6 2 1 3 6 3 9 11 11 11 3 1 12 10 8 8 5 13 10 10 14 15 8 10 5 10 4 9 12 15 9 7 2 10 5 15
DISPLAY 0 1 4
DISPLAY 2 5 7
DISPLAY 3 2 3
DISPLAY 6 2 2
DISPLAY 7 5 1
DISPLAY 8 3 4
DISPLAY 9 4 9
DISPLAY 11 6 7
DISPLAY 13 4 8
DISPLAY 14 2 1
DISPLAY 15 6 0
DISPLAY 18 1 12
POSITION 0 6 8
POSITION 1 2 7
POSITION 2 2 9
POSITION 3 6 6
PLAYER 2
.
TICK 13
FIELDS 8 12 14 13 10 12 14 9 5 15 15 10 3 5 1 8 9 5 15 10 5 14 13 4 5 6 11 15 15 6 10 13 7 11 10 10 10 1 10 7 4 6 15 13 12 10 15 3 5 10 9 6 3 7 10 6 2 1 3 6 3 9 11 1 11 11 3 1 12 10 8 5 13 10 10 14 15 8 10 5 10 4 9 12 15 9 7 2 10 5 15
DISPLAY 0 1 4
DISPLAY 2 5 7
DISPLAY 3 2 3
DISPLAY 6 2 2
DISPLAY 7 5 1
DISPLAY 8 3 4
DISPLAY 9 5 9
DISPLAY 11 6 7
DISPLAY 13 4 8
DISPLAY 14 2 1
DISPLAY 15 6 0
DISPLAY 18 1 12
POSITION 0 6 8
POSITION 1 2 7
POSITION 2 3 8
POSITION 3 6 6
PLAYER 3
.
TICK 14
FIELDS 8 12 14 13 10 12 14 9 5 15 15 10 3 5 1 8 9 5 15 10 5 14 13 4 5 6 11 15 15 6 10 13 7 11 10 10 10 1 10 7 4 6 15 13 12 10 15 3 5 10 9 6 3 7 10 6 2 1 3 6 3 9 11 1 11 11 3 1 12 10 8 5 13 10 10 14 15 10 5 10 4 9 12 14 15 9 7 2 10 5 15
DISPLAY 0 1 4
DISPLAY 2 5 7
DISPLAY 3 2 3
DISPLAY 6 2 2
DISPLAY 7 5 1
DISPLAY 8 3 4
DISPLAY 9 5 9
DISPLAY 11 6 7
DISPLAY 13 4 8
DISPLAY 14 2 1
DISPLAY 15 6 0
DISPLAY 18 1 12
POSITION 0 6 8
POSITION 1 2 7
POSITION 2 3 8
POSITION 3 6 6
PLAYER 0
MESSAGE OK
TARGET 9
EXTRAFIELD 10
.
TICK 14
FIELDS 8 12 14 13 10 3 14 9 5 15 15 10 10 5 1 8 9 5 15 11 5 14 13 4 5 6 11 15 15 6 10 13 7 4 10 10 10 1 10 7 3 6 15 13 12 10 15 10 5 10 9 6 3 7 9 6 2 1 3 6 3 12 11 1 11 11 3 1 14 10 8 5 13 10 10 12 15 10 5 10 4 9 5 14 15 9 7 2 10 10 15
DISPLAY 0 1 4
DISPLAY 2 5 6
DISPLAY 3 2 3
DISPLAY 6 2 2
DISPLAY 7 5 0
DISPLAY 8 3 4
DISPLAY 11 6 7
DISPLAY 13 4 8
DISPLAY 14 2 1
DISPLAY 15 6 0
DISPLAY 18 1 12
POSITION 0 5 8
POSITION 1 2 7
POSITION 2 3 8
POSITION 3 6 6
PLAYER 1
.
TICK 14
FIELDS 8 12 14 13 10 3 14 9 5 15 15 15 10 5 1 8 9 5 6 11 5 14 13 4 5 7 11 15 15 6 10 13 7 4 10 10 10 1 10 15 3 6 15 13 12 10 7 10 5 10 9 6 3 3 9 6 2 1 3 6 1 12 11 1 11 11 3 10 14 10 8 5 13 10 9 12 15 10 5 10 4 10 5 14 15 9 7 2 10 10 15
DISPLAY 0 1 4
DISPLAY 2 5 6
DISPLAY 3 2 3
DISPLAY 6 2 2
DISPLAY 7 5 0
DISPLAY 8 3 4
DISPLAY 11 6 7
DISPLAY 13 4 7
DISPLAY 14 2 1
DISPLAY 15 6 0
DISPLAY 18 1 12
POSITION 0 5 8
POSITION 1 2 7
POSITION 2 3 8
POSITION 3 6 6
PLAYER 2
.
TICK 14
FIELDS 8 12 14 13 10 3 14 8 5 15 15 15 10 5 9 8 9 5 6 11 5 1 13 4 5 7 11 15 14 6 10 13 7 4 10 15 10 1 10 15 3 6 10 13 12 10 7 10 5 15 9 6 3 3 9 6 10 1 3 6 1 12 11 2 11 11 3 10 14 10 1 5 13 10 9 12 15 8 5 10 4 10 5 14 10 9 7 2 10 10 15
DISPLAY 0 1 4
DISPLAY 2 5 6
DISPLAY 3 2 3
DISPLAY 6 2 2
DISPLAY 7 5 0
DISPLAY 8 3 4
DISPLAY 11 6 7
DISPLAY 13 4 7
DISPLAY 14 2 1
DISPLAY 15 6 0
DISPLAY 18 1 12
POSITION 0 5 8
POSITION 1 2 7
POSITION 2 3 8
POSITION 3 6 6
PLAYER 3
.
TICK 15
FIELDS 8 12 14 13 10 3 14 8 5 15 15 15 10 5 9 8 9 5 6 11 5 1 13 4 5 7 11 15 14 6 10 13 7 4 10 15 10 1 10 15 3 6 10 13 12 10 7 10 5 15 9 6 3 3 9 6 10 1 3 6 1 12 11 2 11 11 3 10 14 10 1 5 13 10 9 12 15 8 8 5 10 4 10 5 10 9 7 2 10 10 15
DISPLAY 0 1 4
DISPLAY 2 5 6
DISPLAY 3 2 3
DISPLAY 6 2 2
DISPLAY 7 5 0
DISPLAY 8 3 4
DISPLAY 11 6 7
DISPLAY 13 4 7
DISPLAY 14 2 1
DISPLAY 15 6 0
DISPLAY 18 1 12
POSITION 0 5 8
POSITION 1 2 7
POSITION 2 3 8
POSITION 3 6 6
PLAYER 0
MESSAGE OK
TARGET 6
EXTRAFIELD 12
.
TICK 15
FIELDS 8 12 14 13 10 3 14 8 5 15 15 15 10 5 9 8 9 5 6 11 5 1 13 4 5 7 11 15 14 6 10 13 7 4 10 15 10 1 10 15 3 6 12 10 13 12 10 7 10 15 9 6 3 3 9 6 10 1 3 6 1 12 11 2 11 11 3 10 14 10 1 5 13 10 9 12 15 8 8 5 10 4 10 5 10 9 7 2 10 10 15
DISPLAY 0 1 4
DISPLAY 2 6 6
DISPLAY 3 2 3
DISPLAY 6 2 2
DISPLAY 7 5 0
DISPLAY 8 3 4
DISPLAY 11 6 7
DISPLAY 13 4 7
DISPLAY 14 2 1
DISPLAY 15 6 0
DISPLAY 18 1 12
POSITION 0 3 7
POSITION 1 2 7
POSITION 2 3 8
POSITION 3 0 6
PLAYER 1
.
TICK 15
FIELDS 8 12 14 13 10 10 14 8 5 15 15 15 3 5 9 8 9 5 6 10 5 1 13 4 5 7 11 15 14 6 10 13 7 11 10 15 10 1 10 15 4 6 12 10 13 12 10 3 10 15 9 6 3 3 7 6 10 1 3 6 1 9 11 2 11 11 3 10 12 10 1 5 13 10 9 14 15 8 8 5 10 4 12 5 10 9 7 2 10 10 15
DISPLAY 0 1 4
DISPLAY 2 6 6
DISPLAY 3 2 3
DISPLAY 6 2 2
DISPLAY 7 5 1
DISPLAY 8 3 4
DISPLAY 11 6 7
DISPLAY 13 4 7
DISPLAY 14 2 1
DISPLAY 15 6 0
DISPLAY 18 1 12
POSITION 0 3 7
POSITION 1 2 7
POSITION 2 3 8
POSITION 3 0 6
PLAYER 2
.
TICK 15
FIELDS 15 12 14 13 10 10 14 8 5 15 15 15 3 5 8 8 9 5 6 10 5 9 13 4 5 7 11 15 1 6 10 13 7 11 10 14 10 1 10 15 4 6 15 10 13 12 10 3 10 12 9 6 3 3 7 6 15 1 3 6 1 9 11 10 11 11 3 10 12 10 2 5 13 10 9 14 15 1 8 5 10 4 12 5 8 9 7 2 10 10 15
DISPLAY 0 1 4
DISPLAY 2 6 6
DISPLAY 3 2 3
DISPLAY 6 2 2
DISPLAY 7 5 1
DISPLAY 8 3 4
DISPLAY 11 6 7
DISPLAY 13 4 7
DISPLAY 14 2 1
DISPLAY 15 6 0
DISPLAY 18 1 12
POSITION 0 3 7
POSITION 1 2 7
POSITION 2 3 8
POSITION 3 0 7
PLAYER 3
.
TICK 16
FIELDS 15 12 14 13 10 10 14 8 5 15 15 15 3 5 8 8 9 5 6 10 5 9 13 4 5 7 11 15 1 6 10 13 7 11 10 14 10 1 10 15 4 6 15 10 13 12 10 3 10 12 9 6 3 3 7 6 15 1 3 6 1 9 11 10 11 11 3 10 12 10 2 5 13 10 9 14 15 8 5 10 4 12 5 14 8 9 7 2 10 10 15
DISPLAY 0 1 4
DISPLAY 2 6 6
DISPLAY 3 2 3
DISPLAY 6 2 2
DISPLAY 7 5 1
DISPLAY 8 3 4
DISPLAY 11 6 7
DISPLAY 13 4 7
DISPLAY 14 2 1
DISPLAY 15 6 0
DISPLAY 18 1 12
POSITION 0 3 7
POSITION 1 2 7
POSITION 2 3 8
POSITION 3 0 7
PLAYER 0
MESSAGE OK
TARGET 6
EXTRAFIELD 5
.
TICK 16
FIELDS 15 12 14 13 10 10 14 8 5 15 15 10 3 5 8 8 9 5 15 10 5 9 13 4 5 6 11 15 1 6 10 13 7 11 10 14 10 1 10 7 4 6 15 10 13 12 15 3 10 12 9 6 3 10 7 6 15 1 3 6 3 9 11 10 11 11 3 1 12 10 2 5 13 10 10 14 15 8 5 10 4 9 5 14 8 9 7 2 12 10 15
DISPLAY 0 1 4
DISPLAY 2 6 6
DISPLAY 3 2 3
DISPLAY 7 5 1
DISPLAY 8 3 4
DISPLAY 11 6 7
DISPLAY 13 4 8
DISPLAY 14 2 1
DISPLAY 15 6 0
DISPLAY 18 1 12
POSITION 0 2 2
POSITION 1 2 7
POSITION 2 3 8
POSITION 3 0 7
PLAYER 1
.
TICK 16
FIELDS 15 12 14 13 10 10 14 8 5 15 15 10 3 5 8 8 9 5 15 10 5 9 13 4 5 6 11 15 1 6 10 13 7 11 10 14 10 1 10 7 4 6 15 10 13 12 15 3 10 12 9 6 3 10 7 6 15 1 3 6 3 9 11 10 11 11 3 1 12 10 2 5 13 10 10 14 15 10 8 5 10 4 9 5 8 9 7 2 12 10 15
DISPLAY 0 1 4
DISPLAY 2 6 6
DISPLAY 3 2 3
DISPLAY 7 5 1
DISPLAY 8 3 4
DISPLAY 11 6 7
DISPLAY 13 4 8
DISPLAY 14 2 1
DISPLAY 15 6 0
DISPLAY 18 1 12
POSITION 0 2 2
POSITION 1 2 7
POSITION 2 3 8
POSITION 3 0 7
PLAYER 2
.
TICK 16
FIELDS 10 12 14 13 10 10 14 15 5 15 15 10 3 5 8 8 9 5 15 10 5 8 13 4 5 6 11 15 9 6 10 13 7 11 10 1 10 1 10 7 4 6 14 10 13 12 15 3 10 15 9 6 3 10 7 6 12 1 3 6 3 9 11 15 11 11 3 1 12 10 10 5 13 10 10 14 15 2 8 5 10 4 9 5 10 9 7 2 12 10 15
DISPLAY 0 1 4
DISPLAY 2 6 6
DISPLAY 3 2 3
DISPLAY 7 5 1
DISPLAY 8 3 4
DISPLAY 11 6 7
DISPLAY 13 4 8
DISPLAY 14 2 1
DISPLAY 15 6 0
DISPLAY 18 1 12
POSITION 0 2 2
POSITION 1 2 7
POSITION 2 3 8
POSITION 3 0 8
PLAYER 3
.
TICK 17
FIELDS 10 12 14 13 10 10 14 15 5 15 15 10 3 5 8 8 9 5 15 10 5 8 13 4 5 6 11 15 9 6 10 13 7 11 10 1 10 1 10 7 4 6 14 10 13 12 15 3 10 15 9 6 3 10 7 6 12 1 3 6 3 9 11 15 11 11 3 1 12 10 10 5 13 10 10 14 15 8 5 10 4 9 5 1 10 9 7 2 12 10 15
DISPLAY 0 1 4
DISPLAY 2 6 6
DISPLAY 3 2 3
DISPLAY 7 5 1
DISPLAY 8 3 4
DISPLAY 11 6 7
DISPLAY 13 4 8
DISPLAY 14 2 1
DISPLAY 15 6 0
DISPLAY 18 1 12
POSITION 0 2 2
POSITION 1 2 7
POSITION 2 3 8
POSITION 3 0 8
PLAYER 0
MESSAGE OK
TARGET 18
EXTRAFIELD 10
.
TICK 17
FIELDS 10 10 14 13 10 10 14 15 12 15 15 10 3 5 8 5 9 5 15 10 5 8 8 4 5 6 11 15 9 13 10 13 7 11 10 1 6 1 10 7 4 6 14 10 13 12 15 3 10 15 10 6 3 10 7 6 12 9 3 6 3 9 11 15 1 11 3 1 12 10 10 11 13 10 10 14 15 8 5 10 4 9 5 1 10 5 7 2 12 10 15
DISPLAY 0 1 5
DISPLAY 2 6 6
DISPLAY 3 2 3
DISPLAY 7 5 1
DISPLAY 8 3 4
DISPLAY 11 6 7
DISPLAY 13 4 8
DISPLAY 14 2 1
DISPLAY 15 6 0
POSITION 0 1 0
POSITION 1 2 7
POSITION 2 3 8
POSITION 3 0 8
PLAYER 1
.
TICK 17
FIELDS 10 10 14 13 10 10 14 15 12 15 15 10 3 5 8 5 9 5 15 10 5 8 8 4 5 6 11 15 9 13 10 13 7 11 10 1 6 1 10 7 4 6 14 10 13 12 15 3 10 15 10 6 3 10 7 6 12 9 3 6 3 9 11 15 1 11 3 1 12 10 10 11 13 10 10 14 15 8 5 10 4 9 5 1 5 7 2 12 10 15 14
DISPLAY 0 1 5
DISPLAY 2 6 6
DISPLAY 3 2 3
DISPLAY 7 5 1
DISPLAY 8 3 4
DISPLAY 11 6 7
DISPLAY 13 4 8
DISPLAY 14 2 1
DISPLAY 15 6 0
POSITION 0 1 0
POSITION 1 2 7
POSITION 2 3 8
POSITION 3 0 8
PLAYER 2
.
TICK 17
FIELDS 8 10 14 13 10 10 14 10 12 15 15 10 3 5 15 5 9 5 15 10 5 8 8 4 5 6 11 15 8 13 10 13 7 11 10 9 6 1 10 7 4 6 1 10 13 12 15 3 10 14 10 6 3 10 7 6 15 9 3 6 3 9 11 12 1 11 3 1 12 10 15 11 13 10 10 14 15 10 5 10 4 9 5 1 8 7 2 12 10 15 14
DISPLAY 0 1 5
DISPLAY 2 6 6
DISPLAY 3 2 3
DISPLAY 7 5 1
DISPLAY 8 3 4
DISPLAY 11 6 7
DISPLAY 13 4 8
DISPLAY 14 2 1
DISPLAY 15 6 0
POSITION 0 1 0
POSITION 1 2 7
POSITION 2 3 8
POSITION 3 0 9
PLAYER 3
.
TICK 18
FIELDS 8 10 14 13 10 10 14 10 12 15 15 10 3 5 15 5 9 5 15 10 5 8 8 4 5 6 11 15 8 13 10 13 7 11 10 9 6 1 10 7 4 6 1 10 13 12 15 3 10 14 10 6 3 10 7 6 15 9 3 6 3 9 11 12 1 11 3 1 12 10 15 11 13 10 10 14 15 5 10 4 9 5 1 2 8 7 2 12 10 15 14
DISPLAY 0 1 5
DISPLAY 2 6 6
DISPLAY 3 2 3
DISPLAY 7 5 1
DISPLAY 8 3 4
DISPLAY 11 6 7
DISPLAY 13 4 8
DISPLAY 14 2 1
DISPLAY 15 6 0
POSITION 0 1 0
POSITION 1 2 7
POSITION 2 3 8
POSITION 3 0 9
PLAYER 0
MESSAGE OK
TARGET 8
EXTRAFIELD 9
.
TICK 18
FIELDS 8 10 14 12 10 10 14 10 12 15 13 10 3 5 15 5 9 15 15 10 5 8 8 4 5 6 11 15 8 13 10 5 7 11 10 9 6 1 13 7 4 6 1 10 13 10 15 3 10 14 10 6 12 10 7 6 15 9 3 3 3 9 11 12 1 11 6 1 12 10 15 11 13 3 10 14 15 5 10 4 10 5 1 2 8 7 2 9 10 15 14
DISPLAY 0 1 5
DISPLAY 2 6 6
DISPLAY 3 2 3
DISPLAY 7 5 1
DISPLAY 11 6 7
DISPLAY 13 4 8
DISPLAY 14 2 1
DISPLAY 15 6 0
POSITION 0 3 5
POSITION 1 2 7
POSITION 2 3 9
POSITION 3 0 9
PLAYER 1
.
TICK 18
FIELDS 10 10 14 12 10 10 14 15 12 15 13 10 3 5 8 5 9 15 15 10 5 8 8 4 5 6 11 15 9 13 10 5 7 11 10 1 6 1 13 7 4 6 14 10 13 10 15 3 10 15 10 6 12 10 7 6 12 9 3 3 3 9 11 15 1 11 6 1 12 10 5 11 13 3 10 14 15 8 10 4 10 5 1 2 10 7 2 9 10 15 14
DISPLAY 0 1 5
DISPLAY 2 6 6
DISPLAY 3 2 3
DISPLAY 7 5 1
DISPLAY 11 6 7
DISPLAY 13 4 8
DISPLAY 14 2 1
DISPLAY 15 6 0
POSITION 0 3 5
POSITION 1 2 7
POSITION 2 3 9
POSITION 3 0 8
PLAYER 2
.
TICK 18
FIELDS 5 10 14 12 10 10 14 10 12 15 13 10 3 5 15 5 9 15 15 10 5 8 8 4 5 6 11 15 8 13 10 5 7 11 10 9 6 1 13 7 4 6 1 10 13 10 15 3 10 14 10 6 12 10 7 6 15 9 3 3 3 9 11 12 1 11 6 1 12 10 15 11 13 3 10 14 15 5 10 4 10 5 1 2 8 7 2 9 10 15 14
DISPLAY 0 1 5
DISPLAY 2 6 6
DISPLAY 3 2 3
DISPLAY 7 5 1
DISPLAY 11 6 7
DISPLAY 13 4 8
DISPLAY 14 2 1
DISPLAY 15 6 0
POSITION 0 3 5
POSITION 1 2 7
POSITION 2 2 9
POSITION 3 0 9
PLAYER 3
.
TICK 19
FIELDS 5 10 14 12 10 10 14 10 12 15 13 10 3 5 15 5 9 15 15 10 5 8 8 4 5 6 11 15 8 13 10 5 7 11 10 9 6 1 13 7 4 6 1 10 13 10 15 3 10 14 10 6 12 10 7 6 15 9 3 3 3 9 11 12 1 11 6 1 12 10 15 11 13 3 10 14 15 10 4 10 5 1 2 10 8 7 2 9 10 15 14
DISPLAY 0 1 5
DISPLAY 2 6 6
DISPLAY 3 2 3
DISPLAY 7 5 1
DISPLAY 11 6 7
DISPLAY 13 4 8
DISPLAY 14 2 1
DISPLAY 15 6 0
POSITION 0 3 5
POSITION 1 2 7
POSITION 2 2 9
POSITION 3 0 9
PLAYER 0
MESSAGE OK
TARGET 15
EXTRAFIELD 12
.
TICK 19
FIELDS 5 10 14 12 10 10 14 10 12 15 13 10 3 5 15 5 9 15 15 10 5 8 8 4 5 6 11 15 8 13 10 5 7 11 10 9 6 1 13 7 4 6 1 10 13 10 15 3 10 14 10 6 12 10 7 6 9 15 9 3 3 3 9 12 1 11 6 1 12 10 15 11 13 3 10 14 15 10 4 10 5 1 2 10 8 7 2 9 10 15 14
DISPLAY 0 1 5
DISPLAY 2 6 6
DISPLAY 3 2 3
DISPLAY 7 5 1
DISPLAY 11 6 7
DISPLAY 13 5 8
DISPLAY 14 2 1
POSITION 0 6 0
POSITION 1 2 7
POSITION 2 2 9
POSITION 3 0 9
PLAYER 1
.
TICK 19
FIELDS 5 10 14 12 10 10 14 10 12 15 13 10 3 5 8 15 5 9 15 15 10 8 8 4 5 6 11 15 8 13 10 5 7 11 10 9 6 1 13 7 4 6 1 10 13 10 15 3 10 14 10 6 12 10 7 6 9 15 9 3 3 3 9 12 1 11 6 1 12 10 15 11 13 3 10 14 15 10 4 10 5 1 2 10 8 7 2 9 10 15 14
DISPLAY 0 1 5
DISPLAY 2 6 6
DISPLAY 3 2 3
DISPLAY 7 5 1
DISPLAY 11 6 7
DISPLAY 14 2 1
POSITION 0 6 0
POSITION 1 5 8
POSITION 2 2 9
POSITION 3 0 9
PLAYER 2
.
TICK 19
FIELDS 5 10 10 12 10 10 14 10 12 14 13 10 3 5 8 15 15 9 15 15 10 8 8 5 5 6 11 15 8 13 4 5 7 11 10 9 6 10 13 7 4 6 1 10 1 10 15 3 10 14 10 13 12 10 7 6 9 15 6 3 3 3 9 12 1 9 6 1 12 10 15 11 11 3 10 14 15 10 4 13 5 1 2 10 8 7 10 9 10 15 14
DISPLAY 0 1 5
DISPLAY 2 6 6
DISPLAY 3 2 4
DISPLAY 7 5 1
DISPLAY 11 6 7
DISPLAY 14 2 2
POSITION 0 6 0
POSITION 1 5 8
POSITION 2 1 7
POSITION 3 0 9
PLAYER 3
.
TICK 20
FIELDS 5 10 10 12 10 10 14 10 12 14 13 10 3 5 8 15 15 9 15 15 10 8 8 5 5 6 11 15 8 13 4 5 7 11 10 9 6 10 13 7 4 6 1 10 1 10 15 3 10 14 10 13 12 10 7 6 9 15 6 3 3 3 9 12 1 9 6 1 12 10 15 11 11 3 10 14 15 5 10 4 13 5 1 2 8 7 10 9 10 15 14
DISPLAY 0 1 5
DISPLAY 2 6 6
DISPLAY 3 2 4
DISPLAY 7 5 1
DISPLAY 11 6 7
DISPLAY 14 2 2
POSITION 0 6 0
POSITION 1 5 8
POSITION 2 1 7
POSITION 3 0 9
PLAYER 0
MESSAGE OK
TARGET 3
EXTRAFIELD 11
.
TICK 20
FIELDS 5 10 10 12 10 10 14 10 12 14 13 15 3 5 8 15 15 9 6 15 10 8 8 5 5 7 11 15 8 13 4 5 7 11 10 9 6 10 13 15 4 6 1 10 1 10 10 3 10 14 10 13 12 3 7 6 9 15 6 3 1 3 9 12 1 9 6 10 12 10 15 11 11 3 5 14 15 5 10 4 13 10 1 2 8 7 10 9 11 15 14
DISPLAY 0 1 5
DISPLAY 2 6 6
DISPLAY 3 2 4
DISPLAY 7 5 1
DISPLAY 11 6 7
DISPLAY 14 2 2
POSITION 0 4 5
POSITION 1 5 8
POSITION 2 1 7
POSITION 3 0 9
PLAYER 1
.
TICK 20
FIELDS 5 10 10 12 10 10 5 10 12 14 13 15 3 14 8 15 15 9 6 15 5 8 8 5 5 7 11 10 8 13 4 5 7 11 15 9 6 10 13 15 4 10 1 10 1 10 10 3 6 14 10 13 12 3 7 10 9 15 6 3 1 3 6 12 1 9 6 10 12 9 15 11 11 3 5 14 10 5 10 4 13 10 1 15 8 7 10 9 11 15 2
DISPLAY 0 1 5
DISPLAY 2 6 7
DISPLAY 3 2 4
DISPLAY 7 5 1
DISPLAY 11 6 8
DISPLAY 14 2 2
POSITION 0 4 5
POSITION 1 5 8
POSITION 2 1 7
POSITION 3 0 9
PLAYER 2
.
TICK 20
FIELDS 5 10 2 12 10 10 5 10 12 10 13 15 3 14 8 15 14 9 6 15 5 8 8 15 5 7 11 10 8 13 5 5 7 11 15 9 6 4 13 15 4 10 1 10 10 10 10 3 6 14 10 1 12 3 7 10 9 15 13 3 1 3 6 12 1 6 6 10 12 9 15 11 9 3 5 14 10 5 10 11 13 10 1 15 8 7 4 9 11 15 2
DISPLAY 0 1 5
DISPLAY 2 6 7
DISPLAY 3 2 5
DISPLAY 7 5 1
DISPLAY 11 6 8
DISPLAY 14 2 3
POSITION 0 4 5
POSITION 1 5 8
POSITION 2 1 7
POSITION 3 0 9
PLAYER 3
.
TICK 21
FIELDS 5 10 2 12 10 10 5 10 12 10 13 15 3 14 8 15 14 9 6 15 5 8 8 15 5 7 11 10 8 13 5 5 7 11 15 9 6 4 13 15 4 10 1 10 10 10 10 3 6 14 10 1 12 3 7 10 9 15 13 3 1 3 6 12 1 6 6 10 12 9 15 11 9 3 5 14 10 10 5 10 11 13 10 1 8 7 4 9 11 15 2
DISPLAY 0 1 5
DISPLAY 2 6 7
DISPLAY 3 2 5
DISPLAY 7 5 1
DISPLAY 11 6 8
DISPLAY 14 2 3
POSITION 0 4 5
POSITION 1 5 8
POSITION 2 1 7
POSITION 3 0 9
PLAYER 0
MESSAGE OK
TARGET 3
EXTRAFIELD 10
.
TICK 21
FIELDS 5 10 10 12 10 10 5 10 12 14 13 15 3 14 8 15 15 9 6 15 5 8 8 5 5 7 11 10 8 13 4 5 7 11 15 9 6 10 13 15 4 10 1 10 1 10 10 3 6 14 10 13 12 3 7 10 9 15 6 3 1 3 6 12 1 9 6 10 12 9 15 11 10 3 5 14 10 10 5 4 11 13 10 1 8 7 10 9 11 15 2
DISPLAY 0 1 5
DISPLAY 2 6 7
DISPLAY 3 2 4
DISPLAY 7 5 1
DISPLAY 11 6 8
DISPLAY 14 2 2
POSITION 0 4 5
POSITION 1 5 8
POSITION 2 1 7
POSITION 3 0 9
PLAYER 1
.
TICK 21
FIELDS 5 10 10 12 10 10 5 14 10 12 14 13 15 3 8 15 15 9 6 15 5 8 8 5 5 7 11 10 8 13 4 5 7 11 15 9 6 10 13 15 4 10 1 10 1 10 10 3 6 14 10 13 12 3 7 10 9 15 6 3 1 3 6 12 1 9 6 10 12 9 15 11 10 3 5 14 10 10 5 4 11 13 10 1 8 7 10 9 11 15 2
DISPLAY 0 1 5
DISPLAY 2 6 7
DISPLAY 3 2 4
DISPLAY 7 6 1
DISPLAY 11 6 8
DISPLAY 14 2 2
POSITION 0 4 5
POSITION 1 5 8
POSITION 2 1 7
POSITION 3 0 9
PLAYER 2
.
TICK 21
FIELDS 5 10 10 12 10 10 5 14 10 10 14 13 15 3 8 15 12 9 6 15 5 8 8 15 5 7 11 10 8 13 5 5 7 11 15 9 6 4 13 15 4 10 1 10 10 10 10 3 6 14 10 1 12 3 7 10 9 15 13 3 1 3 6 12 1 6 6 10 12 9 15 11 9 3 5 14 10 10 5 10 11 13 10 1 8 7 4 9 11 15 2
DISPLAY 0 1 5
DISPLAY 2 6 7
DISPLAY 3 2 5
DISPLAY 7 6 1
DISPLAY 11 6 8
DISPLAY 14 2 3
POSITION 0 4 5
POSITION 1 5 8
POSITION 2 1 7
POSITION 3 0 9
PLAYER 3
.
TICK 22
FIELDS 5 10 10 12 10 10 5 14 10 10 14 13 15 3 8 15 12 9 6 15 5 8 8 15 5 7 11 10 8 13 5 5 7 11 15 9 6 4 13 15 4 10 1 10 10 10 10 3 6 14 10 1 12 3 7 10 9 15 13 3 1 3 6 12 1 6 6 10 12 9 15 11 9 3 5 14 10 5 10 11 13 10 1 15 8 7 4 9 11 15 2
DISPLAY 0 1 5
DISPLAY 2 6 7
DISPLAY 3 2 5
DISPLAY 7 6 1
DISPLAY 11 6 8
DISPLAY 14 2 3
POSITION 0 4 5
POSITION 1 5 8
POSITION 2 1 7
POSITION 3 0 9
PLAYER 0
MESSAGE OK
TARGET 3
EXTRAFIELD 2
.
TICK 22
FIELDS 5 10 10 12 10 10 5 14 10 12 14 13 15 3 8 15 15 9 6 15 5 8 8 5 5 7 11 10 8 13 4 5 7 11 15 9 6 10 13 15 4 10 1 10 1 10 10 3 6 14 10 13 12 3 7 10 9 15 6 3 1 3 6 12 1 9 6 10 12 9 15 11 11 3 5 14 10 5 10 4 13 10 1 15 8 7 2 9 11 15 2
DISPLAY 0 1 5
DISPLAY 2 6 7
DISPLAY 3 2 4
DISPLAY 7 6 1
DISPLAY 11 6 8
DISPLAY 14 2 2
POSITION 0 4 5
POSITION 1 5 8
POSITION 2 1 7
POSITION 3 0 9
PLAYER 1
.
TICK 22
FIELDS 14 10 10 12 10 10 5 8 10 12 14 13 15 3 8 15 15 9 6 15 5 8 8 5 5 7 11 10 9 13 4 5 7 11 15 1 6 10 13 15 4 10 14 10 1 10 10 3 6 9 10 13 12 3 7 10 12 15 6 3 1 3 6 15 1 9 6 10 12 9 5 11 11 3 5 14 10 8 10 4 13 10 1 15 14 7 2 9 11 15 2
DISPLAY 0 1 5
DISPLAY 2 6 7
DISPLAY 3 2 4
DISPLAY 7 6 1
DISPLAY 11 6 8
DISPLAY 14 2 2
POSITION 0 4 5
POSITION 1 5 8
POSITION 2 1 7
POSITION 3 0 8
PLAYER 2
.
TICK 22
FIELDS 14 10 10 12 10 10 5 8 10 10 14 13 15 3 8 15 12 9 6 15 5 8 8 15 5 7 11 10 9 13 5 5 7 11 15 1 6 4 13 15 4 10 14 10 10 10 10 3 6 9 10 1 12 3 7 10 12 15 13 3 1 3 6 15 1 6 6 10 12 9 5 11 9 3 5 14 10 8 10 11 13 10 1 15 14 7 4 9 11 15 2
DISPLAY 0 1 5
DISPLAY 2 6 7
DISPLAY 3 2 5
DISPLAY 7 6 1
DISPLAY 11 6 8
DISPLAY 14 2 3
POSITION 0 4 5
POSITION 1 5 8
POSITION 2 2 6
POSITION 3 0 8
PLAYER 3
.
TICK 23
FIELDS 14 10 10 12 10 10 5 8 10 10 14 13 15 3 8 15 12 9 6 15 5 8 8 15 5 7 11 10 9 13 5 5 7 11 15 1 6 4 13 15 4 10 14 10 10 10 10 3 6 9 10 1 12 3 7 10 12 15 13 3 1 3 6 15 1 6 6 10 12 9 5 11 9 3 5 14 10 10 8 10 11 13 10 1 14 7 4 9 11 15 2
DISPLAY 0 1 5
DISPLAY 2 6 7
DISPLAY 3 2 5
DISPLAY 7 6 1
DISPLAY 11 6 8
DISPLAY 14 2 3
POSITION 0 4 5
POSITION 1 5 8
POSITION 2 2 6
POSITION 3 0 8
PLAYER 0
MESSAGE OK
TARGET 3
EXTRAFIELD 10
.
TICK 23
FIELDS 14 10 10 12 10 10 5 8 10 12 14 13 15 3 8 15 15 9 6 15 5 8 8 5 5 7 11 10 9 13 4 5 7 11 15 1 6 10 13 15 4 10 14 10 1 10 10 3 6 9 10 13 12 3 7 10 12 15 6 3 1 3 6 15 1 9 6 10 12 9 5 11 10 3 5 14 10 10 8 4 11 13 10 1 14 7 10 9 11 15 2
DISPLAY 0 1 5
DISPLAY 2 6 7
DISPLAY 3 2 4
DISPLAY 7 6 1
DISPLAY 11 6 8
DISPLAY 14 2 2
POSITION 0 4 5
POSITION 1 5 8
POSITION 2 2 5
POSITION 3 0 8
PLAYER 1
.
TICK 23
FIELDS 14 10 10 12 10 10 3 8 10 12 14 13 15 5 8 15 15 9 6 15 10 8 8 5 5 7 11 15 9 13 4 5 7 11 10 1 6 10 13 15 4 6 14 10 1 10 10 3 10 9 10 13 12 3 7 6 12 15 6 3 1 3 9 15 1 9 6 10 12 10 5 11 10 3 5 14 1 10 8 4 11 13 10 2 14 7 10 9 11 15 5
DISPLAY 0 1 5
DISPLAY 2 6 6
DISPLAY 3 2 4
DISPLAY 7 6 0
DISPLAY 11 6 7
DISPLAY 14 2 2
POSITION 0 4 5
POSITION 1 5 8
POSITION 2 2 5
POSITION 3 0 8
PLAYER 2
.
TICK 23
FIELDS 14 10 10 14 10 10 3 8 10 12 9 13 15 5 8 15 15 5 6 15 10 8 8 5 5 7 11 15 9 13 4 13 7 11 10 1 6 10 10 15 4 6 14 10 1 12 10 3 10 9 10 13 3 3 7 6 12 15 6 6 1 3 9 15 1 9 3 10 12 10 5 11 10 11 5 14 1 10 8 4 9 13 10 2 14 7 10 2 11 15 5
DISPLAY 0 1 5
DISPLAY 2 6 6
DISPLAY 3 2 4
DISPLAY 7 6 0
DISPLAY 11 6 7
DISPLAY 14 2 2
POSITION 0 4 5
POSITION 1 5 8
POSITION 2 3 2
POSITION 3 0 8
PLAYER 3
.
TICK 24
FIELDS 14 10 10 14 10 10 3 8 10 12 9 13 15 5 8 15 15 5 6 15 10 8 8 5 5 7 11 15 9 13 4 13 7 11 10 1 6 10 10 15 4 6 14 10 1 12 10 3 10 9 10 13 3 3 7 6 12 15 6 6 1 3 9 15 1 9 3 10 12 10 5 11 10 11 5 14 1 15 10 8 4 9 13 10 14 7 10 2 11 15 5
DISPLAY 0 1 5
DISPLAY 2 6 6
DISPLAY 3 2 4
DISPLAY 7 6 0
DISPLAY 11 6 7
DISPLAY 14 2 2
POSITION 0 4 5
POSITION 1 5 8
POSITION 2 3 2
POSITION 3 0 8
PLAYER 0
MESSAGE OK
TARGET 3
EXTRAFIELD 10
.
TICK 24
FIELDS 14 10 10 14 10 10 3 8 10 12 9 13 15 5 8 15 15 5 6 15 10 8 8 5 5 7 11 15 10 9 13 4 13 7 11 1 6 10 10 15 4 6 14 10 1 12 10 3 10 9 10 13 3 3 7 6 12 15 6 6 1 3 9 15 1 9 3 10 12 10 5 11 10 11 5 14 1 15 10 8 4 9 13 10 14 7 10 2 11 15 5
DISPLAY 0 1 5
DISPLAY 2 6 6
DISPLAY 3 3 4
DISPLAY 7 6 0
DISPLAY 11 6 7
DISPLAY 14 2 2
POSITION 0 4 5
POSITION 1 5 8
POSITION 2 3 2
POSITION 3 0 8
PLAYER 1
.
TICK 24
FIELDS 14 10 10 14 10 5 3 8 10 12 9 13 10 5 8 15 15 5 6 15 10 8 8 5 5 7 15 15 10 9 13 4 13 11 11 1 6 10 10 15 7 6 14 10 1 12 10 4 10 9 10 13 3 3 3 6 12 15 6 6 1 7 9 15 1 9 3 10 3 10 5 11 10 11 5 12 1 15 10 8 4 9 14 10 14 7 10 2 11 13 5
DISPLAY 0 1 5
DISPLAY 2 6 6
DISPLAY 3 3 4
DISPLAY 7 6 0
DISPLAY 11 6 7
DISPLAY 14 2 2
POSITION 0 4 5
POSITION 1 5 9
POSITION 2 3 2
POSITION 3 0 8
PLAYER 2
.
TICK 24
FIELDS 12 10 10 14 10 5 3 14 10 12 9 13 10 5 8 15 15 5 6 15 10 8 8 5 5 7 15 15 8 9 13 4 13 11 11 10 6 10 10 15 7 6 1 10 1 12 10 4 10 14 10 13 3 3 3 6 9 15 6 6 1 7 9 12 1 9 3 10 3 10 15 11 10 11 5 12 1 5 10 8 4 9 14 10 15 7 10 2 11 13 5
DISPLAY 0 1 5
DISPLAY 2 6 6
DISPLAY 3 3 4
DISPLAY 7 6 0
DISPLAY 11 6 7
DISPLAY 14 2 2
POSITION 0 4 5
POSITION 1 5 9
POSITION 2 3 2
POSITION 3 0 9
PLAYER 3
.
TICK 25
FIELDS 12 10 10 14 10 5 3 14 10 12 9 13 10 5 8 15 15 5 6 15 10 8 8 5 5 7 15 15 8 9 13 4 13 11 11 10 6 10 10 15 7 6 1 10 1 12 10 4 10 14 10 13 3 3 3 6 9 15 6 6 1 7 9 12 1 9 3 10 3 10 15 11 10 11 5 12 1 2 5 10 8 4 9 14 15 7 10 2 11 13 5
DISPLAY 0 1 5
DISPLAY 2 6 6
DISPLAY 3 3 4
DISPLAY 7 6 0
DISPLAY 11 6 7
DISPLAY 14 2 2
POSITION 0 4 5
POSITION 1 5 9
POSITION 2 3 2
POSITION 3 0 9
PLAYER 0
MESSAGE OK
TARGET 3
EXTRAFIELD 10
.
TICK 25
FIELDS 12 10 10 14 10 5 3 14 10 12 9 13 10 5 8 15 15 5 6 15 10 8 8 5 5 7 15 15 8 9 13 4 13 11 11 6 10 10 15 7 6 10 1 10 1 12 10 4 10 14 10 13 3 3 3 6 9 15 6 6 1 7 9 12 1 9 3 10 3 10 15 11 10 11 5 12 1 2 5 10 8 4 9 14 15 7 10 2 11 13 5
DISPLAY 0 0 5
DISPLAY 2 6 6
DISPLAY 7 6 0
DISPLAY 11 6 7
DISPLAY 14 2 2
POSITION 0 3 4
POSITION 1 5 9
POSITION 2 3 2
POSITION 3 0 9
PLAYER 1
.
TICK 25
FIELDS 15 12 10 10 14 10 5 14 10 12 9 13 10 5 8 15 15 5 6 15 10 8 8 5 5 7 15 15 8 9 13 4 13 11 11 6 10 10 15 7 6 10 1 10 1 12 10 4 10 14 10 13 3 3 3 6 9 15 6 6 1 7 9 12 1 9 3 10 3 10 15 11 10 11 5 12 1 2 5 10 8 4 9 14 15 7 10 2 11 13 5
DISPLAY 0 0 5
DISPLAY 2 6 6
DISPLAY 7 0 0
DISPLAY 11 6 7
DISPLAY 14 2 2
POSITION 0 3 4
POSITION 1 5 9
POSITION 2 3 2
POSITION 3 0 9
PLAYER 2
.
TICK 25
FIELDS 14 12 10 10 14 10 5 15 10 12 9 13 10 5 14 15 15 5 6 15 10 8 8 5 5 7 15 15 8 9 13 4 13 11 11 8 10 10 15 7 6 10 6 10 1 12 10 4 10 1 10 13 3 3 3 6 14 15 6 6 1 7 9 9 1 9 3 10 3 10 12 11 10 11 5 12 1 15 5 10 8 4 9 14 2 7 10 2 11 13 5
DISPLAY 0 0 6
DISPLAY 2 6 6
DISPLAY 7 0 1
DISPLAY 11 6 7
DISPLAY 14 2 2
POSITION 0 3 4
POSITION 1 5 9
POSITION 2 3 2
POSITION 3 0 10
PLAYER 3
.
TICK 26
FIELDS 14 12 10 10 14 10 5 15 10 12 9 13 10 5 14 15 15 5 6 15 10 8 8 5 5 7 15 15 8 9 13 4 13 11 11 8 10 10 15 7 6 10 6 10 1 12 10 4 10 1 10 13 3 3 3 6 14 15 6 6 1 7 9 9 1 9 3 10 3 10 12 11 10 11 5 12 1 5 10 8 4 9 14 10 2 7 10 2 11 13 5
DISPLAY 0 0 6
DISPLAY 2 6 6
DISPLAY 7 0 1
DISPLAY 11 6 7
DISPLAY 14 2 2
POSITION 0 3 4
POSITION 1 5 9
POSITION 2 3 2
POSITION 3 0 10
PLAYER 0
MESSAGE OK
TARGET 2
EXTRAFIELD 10
.
TICK 26
FIELDS 14 12 10 10 14 10 5 15 10 12 9 13 10 5 14 15 15 5 6 10 10 8 8 5 5 7 15 15 8 9 13 4 13 15 11 8 10 10 15 7 11 10 6 10 1 12 10 6 10 1 10 13 3 3 4 6 14 15 6 6 1 3 9 9 1 9 3 10 7 10 12 11 10 11 5 3 1 5 10 8 4 9 12 10 2 7 10 2 11 14 5
DISPLAY 0 0 6
DISPLAY 2 6 6
DISPLAY 7 0 1
DISPLAY 11 6 7
DISPLAY 14 2 2
POSITION 0 6 5
POSITION 1 5 10
POSITION 2 3 2
POSITION 3 0 10
PLAYER 1
.
TICK 26
FIELDS 14 12 10 10 14 10 5 15 10 12 9 13 10 5 14 15 15 5 6 10 10 8 8 5 5 7 15 15 8 9 13 4 13 15 11 8 10 10 15 7 11 10 6 10 1 12 10 6 10 1 10 13 3 3 4 6 14 15 6 6 1 3 9 9 1 9 3 10 7 10 12 11 10 11 5 3 1 10 8 4 9 12 10 3 2 7 10 2 11 14 5
DISPLAY 0 0 6
DISPLAY 2 6 6
DISPLAY 7 0 1
DISPLAY 11 6 7
DISPLAY 14 2 2
POSITION 0 6 5
POSITION 1 5 10
POSITION 2 3 2
POSITION 3 0 10
PLAYER 2
.
TICK 26
FIELDS 15 12 10 10 14 10 5 14 10 12 9 13 10 5 15 15 15 5 6 10 10 14 8 5 5 7 15 15 8 9 13 4 13 15 11 8 10 10 15 7 11 10 8 10 1 12 10 6 10 6 10 13 3 3 4 6 1 15 6 6 1 3 9 14 1 9 3 10 7 10 9 11 10 11 5 3 1 12 8 4 9 12 10 3 10 7 10 2 11 14 5
DISPLAY 0 0 7
DISPLAY 2 6 6
DISPLAY 7 0 2
DISPLAY 11 6 7
DISPLAY 14 2 2
POSITION 0 6 5
POSITION 1 5 10
POSITION 2 3 2
POSITION 3 0 11
PLAYER 3
.
TICK 27
FIELDS 15 12 10 10 14 10 5 14 10 12 9 13 10 5 15 15 15 5 6 10 10 14 8 5 5 7 15 15 8 9 13 4 13 15 11 8 10 10 15 7 11 10 8 10 1 12 10 6 10 6 10 13 3 3 4 6 1 15 6 6 1 3 9 14 1 9 3 10 7 10 9 11 10 11 5 3 1 8 4 9 12 10 3 15 10 7 10 2 11 14 5
DISPLAY 0 0 7
DISPLAY 2 6 6
DISPLAY 7 0 2
DISPLAY 11 6 7
DISPLAY 14 2 2
POSITION 0 6 5
POSITION 1 5 10
POSITION 2 3 2
POSITION 3 6 11
PLAYER 0
MESSAGE OK
TARGET 2
EXTRAFIELD 13
.
TICK 27
FIELDS 15 12 10 10 14 11 5 14 10 12 9 13 10 5 15 15 15 5 6 10 10 14 8 5 5 7 10 15 8 9 13 4 13 15 11 8 10 10 15 7 15 10 8 10 1 12 10 11 10 6 10 13 3 3 6 6 1 15 6 6 1 4 9 14 1 9 3 10 3 10 9 11 10 11 5 7 1 8 4 9 12 10 3 15 10 7 10 2 11 3 5
DISPLAY 0 0 7
DISPLAY 7 0 2
DISPLAY 11 6 7
DISPLAY 14 2 2
POSITION 0 6 6
POSITION 1 5 11
POSITION 2 3 2
POSITION 3 6 11
PLAYER 1
.
TICK 27
FIELDS 15 12 10 10 14 11 5 14 10 12 9 13 10 5 15 15 15 5 6 10 10 14 8 5 5 7 10 15 8 9 13 4 13 15 11 8 10 10 15 7 15 10 8 10 1 12 10 11 10 6 10 13 3 3 6 6 1 15 6 6 1 4 9 14 1 9 3 10 3 10 9 11 10 11 5 7 1 4 9 12 10 3 15 5 10 7 10 2 11 3 5
DISPLAY 0 0 7
DISPLAY 7 0 2
DISPLAY 11 6 7
DISPLAY 14 2 2
POSITION 0 6 6
POSITION 1 4 11
POSITION 2 3 2
POSITION 3 5 11
PLAYER 2
.
TICK 27
FIELDS 2 12 10 10 14 11 5 15 10 12 9 13 10 5 14 15 15 5 6 10 10 15 8 5 5 7 10 15 14 9 13 4 13 15 11 8 10 10 15 7 15 10 8 10 1 12 10 11 10 8 10 13 3 3 6 6 6 15 6 6 1 4 9 1 1 9 3 10 3 10 14 11 10 11 5 7 1 9 9 12 10 3 15 5 4 7 10 2 11 3 5
DISPLAY 0 0 8
DISPLAY 7 0 3
DISPLAY 11 6 7
DISPLAY 14 2 2
POSITION 0 6 6
POSITION 1 4 11
POSITION 2 3 2
POSITION 3 5 11
PLAYER 3
.
TICK 28
FIELDS 2 12 10 10 14 11 5 15 10 12 9 13 10 5 14 15 15 5 6 10 10 15 8 5 5 7 10 15 14 9 13 4 13 15 11 8 10 10 15 7 15 10 8 10 1 12 10 11 10 8 10 13 3 3 6 6 6 15 6 6 1 4 9 1 1 9 3 10 3 10 14 11 10 11 5 7 1 9 12 10 3 15 5 12 4 7 10 2 11 3 5
DISPLAY 0 0 8
DISPLAY 7 0 3
DISPLAY 11 6 7
DISPLAY 14 2 2
POSITION 0 6 6
POSITION 1 3 11
POSITION 2 3 2
POSITION 3 4 11
PLAYER 0
MESSAGE OK
TARGET 11
EXTRAFIELD 14
.
TICK 28
FIELDS 2 12 10 10 14 11 5 15 10 12 9 13 10 10 14 15 15 5 6 10 15 15 8 5 5 7 10 11 14 9 13 4 13 15 10 8 10 10 15 7 15 10 8 10 1 12 10 11 6 8 10 13 3 3 6 9 6 15 6 6 1 4 10 1 1 9 3 10 3 1 14 11 10 11 5 7 12 9 12 10 3 15 5 5 4 7 10 2 11 3 14
DISPLAY 0 0 8
DISPLAY 7 0 3
DISPLAY 14 2 2
POSITION 0 6 6
POSITION 1 3 11
POSITION 2 3 2
POSITION 3 4 11
PLAYER 1
.
TICK 28
FIELDS 2 12 12 10 14 11 5 15 10 15 9 13 10 10 14 15 5 5 6 10 15 15 8 13 5 7 10 11 14 9 10 4 13 15 10 8 10 1 15 7 15 10 8 10 13 12 10 11 6 8 10 6 3 3 6 9 6 15 9 6 1 4 10 1 1 10 3 10 3 1 14 11 10 11 5 7 12 9 12 10 3 15 5 5 4 7 8 2 11 3 14
DISPLAY 0 0 8
DISPLAY 7 0 3
DISPLAY 14 2 1
POSITION 0 6 6
POSITION 1 3 11
POSITION 2 3 2
POSITION 3 4 11
PLAYER 2
.
TICK 28
FIELDS 2 12 12 10 14 11 5 10 15 10 15 9 13 10 14 15 5 5 6 10 15 15 8 13 5 7 10 11 14 9 10 4 13 15 10 8 10 1 15 7 15 10 8 10 13 12 10 11 6 8 10 6 3 3 6 9 6 15 9 6 1 4 10 1 1 10 3 10 3 1 14 11 10 11 5 7 12 9 12 10 3 15 5 5 4 7 8 2 11 3 14
DISPLAY 0 0 8
DISPLAY 7 0 3
POSITION 0 6 6
POSITION 1 3 11
POSITION 2 3 1
POSITION 3 4 11
PLAYER 3
.
TICK 29
FIELDS 2 12 12 10 14 11 5 10 15 10 15 9 13 10 14 15 5 5 6 10 15 15 8 13 5 7 10 11 14 9 10 4 13 15 10 8 10 1 15 7 15 10 8 10 13 12 10 11 6 8 10 6 3 3 6 9 6 15 9 6 1 4 10 1 1 10 3 10 3 1 14 11 10 11 5 7 12 12 10 3 15 5 5 9 4 7 8 2 11 3 14
DISPLAY 0 0 8
DISPLAY 7 0 3
POSITION 0 6 6
POSITION 1 2 11
POSITION 2 3 1
POSITION 3 3 11
PLAYER 0
MESSAGE OK
TARGET 7
EXTRAFIELD 5
.
TICK 29
FIELDS 5 12 12 10 14 11 5 2 15 10 15 9 13 10 10 15 5 5 6 10 15 14 8 13 5 7 10 11 15 9 10 4 13 15 10 14 10 1 15 7 15 10 8 10 13 12 10 11 6 8 10 6 3 3 6 9 8 15 9 6 1 4 10 6 1 10 3 10 3 1 1 11 10 11 5 7 12 14 10 3 15 5 5 9 12 7 8 2 11 3 14
DISPLAY 0 0 9
DISPLAY 7 0 4
POSITION 0 6 4
POSITION 1 2 11
POSITION 2 3 1
POSITION 3 3 11
PLAYER 1
.
TICK 29
FIELDS 5 12 12 10 14 11 5 2 15 10 15 9 13 10 10 15 5 5 6 10 15 14 8 13 5 7 10 11 15 9 10 4 13 15 10 14 10 1 15 7 15 10 8 10 13 12 10 11 6 8 10 6 3 3 6 9 8 15 9 6 1 4 10 6 1 10 3 10 3 1 1 11 10 11 5 7 12 10 14 10 3 15 5 5 12 7 8 2 11 3 14
DISPLAY 0 0 9
DISPLAY 7 0 4
POSITION 0 6 4
POSITION 1 3 11
POSITION 2 3 1
POSITION 3 4 11
PLAYER 2
.
TICK 29
FIELDS 5 10 12 10 14 11 5 2 12 10 15 9 13 10 10 15 5 5 6 10 15 14 15 13 5 7 10 11 15 8 10 4 13 15 10 14 9 1 15 7 15 10 8 10 13 12 10 11 6 8 10 6 3 3 6 9 8 10 9 6 1 4 10 6 15 10 3 10 3 1 1 1 10 11 5 7 12 10 11 10 3 15 5 5 12 14 8 2 11 3 14
DISPLAY 0 0 9
POSITION 0 6 4
POSITION 1 3 11
POSITION 2 0 4
POSITION 3 4 11
PLAYER 3
.
END 14
.
