MESSAGE OK
PLAYER 0
LEVEL 10
SIZE 10 10
DISPLAYS 25
MAXTICK 26
.
TICK 0
FIELDS 11 1 8 15 14 9 5 10 5 8 9 6 5 8 5 12 10 10 13 14 5 3 15 14 10 6 6 10 13 4 5 5 2 15 3 12 4 1 5 15 7 13 5 3 14 6 10 7 3 6 3 7 6 1 5 5 7 9 14 4 3 9 4 8 11 3 11 11 14 5 9 5 5 10 14 1 10 15 10 8 5 7 9 1 10 15 5 5 6 10 13 3 6 9 5 5 15 9 5 1
DISPLAY 0 9 0
DISPLAY 1 7 4
DISPLAY 2 9 5
DISPLAY 3 0 3
DISPLAY 4 4 9
DISPLAY 5 7 9
DISPLAY 6 1 6
DISPLAY 7 0 2
DISPLAY 8 2 8
DISPLAY 9 9 9
DISPLAY 10 0 7
DISPLAY 11 0 1
DISPLAY 12 7 0
DISPLAY 13 3 2
DISPLAY 14 4 3
DISPLAY 15 1 9
DISPLAY 16 5 7
DISPLAY 17 3 1
DISPLAY 18 4 8
DISPLAY 19 0 8
DISPLAY 20 4 6
DISPLAY 21 2 5
DISPLAY 22 3 6
DISPLAY 23 0 4
DISPLAY 24 0 9
POSITION 0 7 6
POSITION 1 8 3
POSITION 2 2 1
POSITION 3 3 7
PLAYER 0
MESSAGE OK
TARGET 19
EXTRAFIELD 15
.
TICK 0
FIELDS 11 1 8 15 14 9 5 10 5 8 9 6 5 8 5 12 10 10 13 14 5 3 15 14 10 6 6 10 13 4 5 5 2 15 3 12 4 1 5 15 7 13 5 3 14 6 10 7 3 6 3 7 6 1 5 5 7 9 14 4 3 9 4 8 11 3 11 11 14 5 15 9 5 5 10 14 1 10 15 10 5 7 9 1 10 15 5 5 6 10 13 3 6 9 5 5 15 9 5 1
DISPLAY 0 9 0
DISPLAY 1 7 4
DISPLAY 2 9 5
DISPLAY 3 0 3
DISPLAY 4 4 9
DISPLAY 5 7 9
DISPLAY 6 1 6
DISPLAY 7 0 2
DISPLAY 8 2 8
DISPLAY 9 9 9
DISPLAY 10 1 7
DISPLAY 11 0 1
DISPLAY 12 7 0
DISPLAY 13 3 2
DISPLAY 14 4 3
DISPLAY 15 1 9
DISPLAY 16 6 7
DISPLAY 17 3 1
DISPLAY 18 4 8
DISPLAY 19 0 8
DISPLAY 20 4 6
DISPLAY 21 2 5
DISPLAY 22 3 6
DISPLAY 23 0 4
DISPLAY 24 0 9
POSITION 0 9 7
POSITION 1 8 3
POSITION 2 2 1
POSITION 3 4 7
PLAYER 1
.
TICK 0
FIELDS 11 1 8 15 14 9 5 10 5 8 9 6 5 8 5 12 10 10 13 14 5 3 15 14 10 6 6 10 13 4 5 5 2 15 3 12 4 1 5 15 7 13 5 3 14 6 10 7 3 6 3 7 6 1 5 5 7 9 14 4 3 9 4 8 11 3 11 11 14 5 15 9 5 5 10 14 1 10 15 10 5 7 9 1 10 15 5 5 6 10 15 13 3 6 9 5 5 15 9 5
DISPLAY 0 9 0
DISPLAY 1 7 4
DISPLAY 2 9 5
DISPLAY 3 0 3
DISPLAY 4 5 9
DISPLAY 5 8 9
DISPLAY 6 1 6
DISPLAY 7 0 2
DISPLAY 8 2 8
DISPLAY 9 0 9
DISPLAY 10 1 7
DISPLAY 11 0 1
DISPLAY 12 7 0
DISPLAY 13 3 2
DISPLAY 14 4 3
DISPLAY 15 2 9
DISPLAY 16 6 7
DISPLAY 17 3 1
DISPLAY 18 4 8
DISPLAY 19 0 8
DISPLAY 20 4 6
DISPLAY 21 2 5
DISPLAY 22 3 6
DISPLAY 23 0 4
DISPLAY 24 1 9
POSITION 0 9 7
POSITION 1 8 3
POSITION 2 2 1
POSITION 3 4 7
PLAYER 2
.
TICK 0
FIELDS 11 1 8 15 14 9 5 10 5 8 9 6 5 8 5 12 10 10 13 14 5 3 15 14 10 6 6 10 13 4 15 5 5 2 15 3 12 4 1 5 7 13 5 3 14 6 10 7 3 6 3 7 6 1 5 5 7 9 14 4 3 9 4 8 11 3 11 11 14 5 15 9 5 5 10 14 1 10 15 10 5 7 9 1 10 15 5 5 6 10 15 13 3 6 9 5 5 15 9 5
DISPLAY 0 9 0
DISPLAY 1 7 4
DISPLAY 2 9 5
DISPLAY 3 1 3
DISPLAY 4 5 9
DISPLAY 5 8 9
DISPLAY 6 1 6
DISPLAY 7 0 2
DISPLAY 8 2 8
DISPLAY 9 0 9
DISPLAY 10 1 7
DISPLAY 11 0 1
DISPLAY 12 7 0
DISPLAY 13 3 2
DISPLAY 14 5 3
DISPLAY 15 2 9
DISPLAY 16 6 7
DISPLAY 17 3 1
DISPLAY 18 4 8
DISPLAY 19 0 8
DISPLAY 20 4 6
DISPLAY 21 2 5
DISPLAY 22 3 6
DISPLAY 23 0 4
DISPLAY 24 1 9
POSITION 0 9 7
POSITION 1 9 3
POSITION 2 2 4
POSITION 3 4 7
PLAYER 3
.
TICK 1
FIELDS 11 1 8 15 14 9 5 10 5 8 9 6 5 8 5 12 10 10 13 14 5 3 15 14 10 6 6 10 13 4 15 15 5 5 2 15 3 12 4 1 7 13 5 3 14 6 10 7 3 6 3 7 6 1 5 5 7 9 14 4 3 9 4 8 11 3 11 11 14 5 15 9 5 5 10 14 1 10 15 10 5 7 9 1 10 15 5 5 6 10 15 13 3 6 9 5 5 15 9 5
DISPLAY 0 9 0
DISPLAY 1 7 4
DISPLAY 2 9 5
DISPLAY 3 2 3
DISPLAY 4 5 9
DISPLAY 5 8 9
DISPLAY 6 1 6
DISPLAY 7 0 2
DISPLAY 8 2 8
DISPLAY 9 0 9
DISPLAY 10 1 7
DISPLAY 11 0 1
DISPLAY 12 7 0
DISPLAY 13 3 2
DISPLAY 14 6 3
DISPLAY 15 2 9
DISPLAY 16 6 7
DISPLAY 17 3 1
DISPLAY 18 4 8
DISPLAY 19 0 8
DISPLAY 20 4 6
DISPLAY 21 2 5
DISPLAY 22 3 6
DISPLAY 23 0 4
DISPLAY 24 1 9
POSITION 0 9 7
POSITION 1 0 3
POSITION 2 2 4
POSITION 3 4 7
PLAYER 0
MESSAGE OK
TARGET 19
EXTRAFIELD 8
.
TICK 1
FIELDS 11 1 8 15 14 9 5 10 5 8 9 6 5 8 5 12 10 10 13 14 5 3 15 14 10 6 6 10 13 4 15 15 5 5 2 15 3 12 4 1 7 13 5 3 14 6 10 7 3 6 3 7 6 1 5 5 7 9 14 4 3 9 4 8 11 3 11 11 14 5 4 15 9 5 5 10 14 1 10 15 5 7 9 1 10 15 5 5 6 10 15 13 3 6 9 5 5 15 9 5
DISPLAY 0 9 0
DISPLAY 1 7 4
DISPLAY 2 9 5
DISPLAY 3 2 3
DISPLAY 4 5 9
DISPLAY 5 8 9
DISPLAY 6 1 6
DISPLAY 7 0 2
DISPLAY 8 2 8
DISPLAY 9 0 9
DISPLAY 10 2 7
DISPLAY 11 0 1
DISPLAY 12 7 0
DISPLAY 13 3 2
DISPLAY 14 6 3
DISPLAY 15 2 9
DISPLAY 16 7 7
DISPLAY 17 3 1
DISPLAY 18 4 8
DISPLAY 20 4 6
DISPLAY 21 2 5
DISPLAY 22 3 6
DISPLAY 23 0 4
DISPLAY 24 1 9
POSITION 0 0 8
POSITION 1 0 3
POSITION 2 2 4
POSITION 3 5 7
PLAYER 1
.
TICK 1
FIELDS 11 1 8 15 14 9 5 10 1 8 9 6 5 8 5 12 10 10 5 14 5 3 15 14 10 6 6 10 13 4 15 15 5 5 2 15 3 12 13 1 7 13 5 3 14 6 10 7 4 6 3 7 6 1 5 5 7 9 3 4 3 9 4 8 11 3 11 11 14 5 4 15 9 5 5 10 14 1 14 15 5 7 9 1 10 15 5 5 10 10 15 13 3 6 9 5 5 15 6 5
DISPLAY 0 9 0
DISPLAY 1 7 4
DISPLAY 2 9 5
DISPLAY 3 2 3
DISPLAY 4 5 9
DISPLAY 5 8 0
DISPLAY 6 1 6
DISPLAY 7 0 2
DISPLAY 8 2 8
DISPLAY 9 0 9
DISPLAY 10 2 7
DISPLAY 11 0 1
DISPLAY 12 7 0
DISPLAY 13 3 2
DISPLAY 14 6 3
DISPLAY 15 2 9
DISPLAY 16 7 7
DISPLAY 17 3 1
DISPLAY 18 4 8
DISPLAY 20 4 6
DISPLAY 21 2 5
DISPLAY 22 3 6
DISPLAY 23 0 4
DISPLAY 24 1 9
POSITION 0 0 8
POSITION 1 0 3
POSITION 2 2 4
POSITION 3 5 7
PLAYER 2
.
TICK 1
FIELDS 11 6 8 15 14 9 5 10 1 8 9 3 5 8 5 12 10 10 5 14 5 15 15 14 10 6 6 10 13 4 15 13 5 5 2 15 3 12 13 1 7 7 5 3 14 6 10 7 4 6 3 9 6 1 5 5 7 9 3 4 3 15 4 8 11 3 11 11 14 5 4 7 9 5 5 10 14 1 14 15 5 13 9 1 10 15 5 5 10 10 15 15 3 6 9 5 5 15 6 5
DISPLAY 0 9 0
DISPLAY 1 7 4
DISPLAY 2 9 5
DISPLAY 3 2 3
DISPLAY 4 5 9
DISPLAY 5 8 0
DISPLAY 6 1 5
DISPLAY 7 0 2
DISPLAY 8 2 8
DISPLAY 9 0 9
DISPLAY 10 2 7
DISPLAY 11 0 1
DISPLAY 12 7 0
DISPLAY 13 3 2
DISPLAY 14 6 3
DISPLAY 15 2 9
DISPLAY 16 7 7
DISPLAY 17 3 1
DISPLAY 18 4 8
DISPLAY 20 4 6
DISPLAY 21 2 5
DISPLAY 22 3 6
DISPLAY 23 0 4
DISPLAY 24 1 8
POSITION 0 0 8
POSITION 1 0 3
POSITION 2 2 5
POSITION 3 5 7
PLAYER 3
.
TICK 2
FIELDS 11 6 8 15 14 9 5 10 1 8 9 3 5 8 5 12 10 10 5 14 5 15 15 14 10 6 6 10 13 4 13 5 5 2 15 3 12 13 1 5 7 7 5 3 14 6 10 7 4 6 3 9 6 1 5 5 7 9 3 4 3 15 4 8 11 3 11 11 14 5 4 7 9 5 5 10 14 1 14 15 5 13 9 1 10 15 5 5 10 10 15 15 3 6 9 5 5 15 6 5
DISPLAY 0 9 0
DISPLAY 1 7 4
DISPLAY 2 9 5
DISPLAY 3 1 3
DISPLAY 4 5 9
DISPLAY 5 8 0
DISPLAY 6 1 5
DISPLAY 7 0 2
DISPLAY 8 2 8
DISPLAY 9 0 9
DISPLAY 10 2 7
DISPLAY 11 0 1
DISPLAY 12 7 0
DISPLAY 13 3 2
DISPLAY 14 5 3
DISPLAY 15 2 9
DISPLAY 16 7 7
DISPLAY 17 3 1
DISPLAY 18 4 8
DISPLAY 20 4 6
DISPLAY 21 2 5
DISPLAY 22 3 6
DISPLAY 23 0 4
DISPLAY 24 1 8
POSITION 0 0 8
POSITION 1 9 3
POSITION 2 2 5
POSITION 3 5 7
PLAYER 0
MESSAGE OK
TARGET 0
EXTRAFIELD 10
.
TICK 2
FIELDS 11 6 8 15 14 9 5 10 1 14 9 3 5 8 5 12 10 10 5 4 5 15 15 14 10 6 6 10 13 5 13 5 5 2 15 3 12 13 1 6 7 7 5 3 14 6 10 7 4 4 3 9 6 1 5 5 7 9 3 5 3 15 4 8 11 3 11 11 14 15 4 7 9 5 5 10 14 1 14 10 5 13 9 1 10 15 5 5 10 5 15 15 3 6 9 5 5 15 6 10
DISPLAY 0 9 9
DISPLAY 1 7 4
DISPLAY 2 9 4
DISPLAY 3 1 3
DISPLAY 4 5 9
DISPLAY 5 8 0
DISPLAY 6 1 5
DISPLAY 7 0 2
DISPLAY 8 2 8
DISPLAY 9 0 9
DISPLAY 10 2 7
DISPLAY 11 0 1
DISPLAY 12 7 0
DISPLAY 13 3 2
DISPLAY 14 5 3
DISPLAY 15 2 9
DISPLAY 16 7 7
DISPLAY 17 3 1
DISPLAY 18 4 8
DISPLAY 20 4 6
DISPLAY 21 2 5
DISPLAY 22 3 6
DISPLAY 23 0 4
DISPLAY 24 1 8
POSITION 0 0 8
POSITION 1 9 2
POSITION 2 2 5
POSITION 3 5 7
PLAYER 1
.
TICK 2
FIELDS 11 6 8 15 14 9 5 10 1 14 9 3 5 8 5 12 10 10 5 4 5 15 15 14 10 6 6 10 13 5 13 5 5 2 15 3 12 13 1 6 7 7 5 3 14 6 10 7 4 4 3 9 6 1 5 5 7 9 3 5 3 15 4 8 11 3 11 11 14 15 4 7 9 5 5 10 14 1 14 10 5 13 9 1 10 15 5 5 10 5 15 3 6 9 5 5 15 6 10 9
DISPLAY 0 8 9
DISPLAY 1 7 4
DISPLAY 2 9 4
DISPLAY 3 1 3
DISPLAY 4 4 9
DISPLAY 5 8 0
DISPLAY 6 1 5
DISPLAY 7 0 2
DISPLAY 8 2 8
DISPLAY 9 9 9
DISPLAY 10 2 7
DISPLAY 11 0 1
DISPLAY 12 7 0
DISPLAY 13 3 2
DISPLAY 14 5 3
DISPLAY 15 1 9
DISPLAY 16 7 7
DISPLAY 17 3 1
DISPLAY 18 4 8
DISPLAY 20 4 6
DISPLAY 21 2 5
DISPLAY 22 3 6
DISPLAY 23 0 4
DISPLAY 24 1 8
POSITION 0 0 8
POSITION 1 9 2
POSITION 2 2 5
POSITION 3 5 7
PLAYER 2
.
TICK 2
FIELDS 11 6 1 15 14 9 5 10 1 14 9 3 8 8 5 12 10 10 5 4 5 15 5 14 10 6 6 10 13 5 13 5 15 2 15 3 12 13 1 6 7 7 5 3 14 6 10 7 4 4 3 9 5 1 5 5 7 9 3 5 3 15 6 8 11 3 11 11 14 15 4 7 4 5 5 10 14 1 14 10 5 13 9 1 10 15 5 5 10 5 15 3 9 9 5 5 15 6 10 9
DISPLAY 0 8 9
DISPLAY 1 7 4
DISPLAY 2 9 4
DISPLAY 3 1 3
DISPLAY 4 4 9
DISPLAY 5 8 0
DISPLAY 6 1 5
DISPLAY 7 0 2
DISPLAY 8 2 9
DISPLAY 9 9 9
DISPLAY 10 2 8
DISPLAY 11 0 1
DISPLAY 12 7 0
DISPLAY 13 3 2
DISPLAY 14 5 3
DISPLAY 16 7 7
DISPLAY 17 3 1
DISPLAY 18 4 8
DISPLAY 20 4 6
DISPLAY 21 2 6
DISPLAY 22 3 6
DISPLAY 23 0 4
DISPLAY 24 1 8
POSITION 0 0 8
POSITION 1 9 2
POSITION 2 1 9
POSITION 3 5 7
PLAYER 3
.
TICK 3
FIELDS 11 6 1 15 14 9 5 10 1 14 9 3 8 8 5 12 10 10 5 4 5 15 5 14 10 6 6 10 13 5 5 15 2 15 3 12 13 1 6 15 7 7 5 3 14 6 10 7 4 4 3 9 5 1 5 5 7 9 3 5 3 15 6 8 11 3 11 11 14 15 4 7 4 5 5 10 14 1 14 10 5 13 9 1 10 15 5 5 10 5 15 3 9 9 5 5 15 6 10 9
DISPLAY 0 8 9
DISPLAY 1 7 4
DISPLAY 2 9 4
DISPLAY 3 0 3
DISPLAY 4 4 9
DISPLAY 5 8 0
DISPLAY 6 1 5
DISPLAY 7 0 2
DISPLAY 8 2 9
DISPLAY 9 9 9
DISPLAY 10 2 8
DISPLAY 11 0 1
DISPLAY 12 7 0
DISPLAY 13 3 2
DISPLAY 14 4 3
DISPLAY 16 7 7
DISPLAY 17 3 1
DISPLAY 18 4 8
DISPLAY 20 4 6
DISPLAY 21 2 6
DISPLAY 22 3 6
DISPLAY 23 0 4
DISPLAY 24 1 8
POSITION 0 0 8
POSITION 1 9 2
POSITION 2 1 9
POSITION 3 5 7
PLAYER 0
MESSAGE OK
TARGET 0
EXTRAFIELD 8
.
TICK 3
FIELDS 11 6 1 15 14 9 5 10 1 14 9 3 8 8 5 12 10 10 5 4 5 15 5 14 10 6 6 10 13 5 5 15 2 15 3 12 13 1 6 15 7 7 5 3 14 6 10 7 4 4 3 9 5 1 5 5 7 9 3 5 3 15 6 8 11 3 11 11 14 15 4 7 4 5 5 10 14 1 14 10 13 9 1 10 15 5 5 10 5 2 15 3 9 9 5 5 15 6 10 9
DISPLAY 0 8 9
DISPLAY 1 7 4
DISPLAY 2 9 4
DISPLAY 3 0 3
DISPLAY 4 4 9
DISPLAY 5 8 0
DISPLAY 6 1 5
DISPLAY 7 0 2
DISPLAY 8 2 9
DISPLAY 9 9 9
DISPLAY 10 1 8
DISPLAY 11 0 1
DISPLAY 12 7 0
DISPLAY 13 3 2
DISPLAY 14 4 3
DISPLAY 16 7 7
DISPLAY 17 3 1
DISPLAY 18 3 8
DISPLAY 20 4 6
DISPLAY 21 2 6
DISPLAY 22 3 6
DISPLAY 23 0 4
DISPLAY 24 0 8
POSITION 0 9 8
POSITION 1 9 2
POSITION 2 1 9
POSITION 3 5 7
PLAYER 1
.
TICK 3
FIELDS 11 6 1 15 14 9 5 10 1 14 9 3 8 8 5 12 10 10 5 4 5 15 5 14 10 6 6 1 13 5 5 15 2 15 3 12 13 7 6 15 7 7 5 3 14 6 10 9 4 4 3 9 5 1 5 5 7 11 3 5 3 15 6 8 11 3 11 1 14 15 4 7 4 5 5 10 14 10 14 10 13 9 1 10 15 5 5 6 5 2 15 3 9 9 5 5 15 15 10 9
DISPLAY 0 8 9
DISPLAY 1 7 3
DISPLAY 2 9 4
DISPLAY 3 0 3
DISPLAY 4 4 9
DISPLAY 5 8 0
DISPLAY 6 1 5
DISPLAY 7 0 2
DISPLAY 8 2 9
DISPLAY 9 9 9
DISPLAY 10 1 8
DISPLAY 11 0 1
DISPLAY 12 7 9
DISPLAY 13 3 2
DISPLAY 14 4 3
DISPLAY 16 7 6
DISPLAY 17 3 1
DISPLAY 18 3 8
DISPLAY 20 4 6
DISPLAY 21 2 6
DISPLAY 22 3 6
DISPLAY 23 0 4
DISPLAY 24 0 8
POSITION 0 9 8
POSITION 1 9 2
POSITION 2 1 9
POSITION 3 5 7
PLAYER 2
.
TICK 3
FIELDS 11 6 1 15 14 9 5 10 1 14 9 3 8 8 5 12 10 10 5 4 5 15 5 14 10 6 6 1 13 5 5 15 2 15 3 12 13 7 6 15 7 7 5 3 14 6 10 9 4 4 3 9 5 1 5 5 7 11 3 5 3 15 6 8 11 3 11 1 14 15 4 7 4 5 5 10 14 10 14 10 6 13 9 1 10 15 5 5 6 5 15 3 9 9 5 5 15 15 10 9
DISPLAY 0 8 9
DISPLAY 1 7 3
DISPLAY 2 9 4
DISPLAY 3 0 3
DISPLAY 4 4 9
DISPLAY 5 8 0
DISPLAY 6 1 5
DISPLAY 7 0 2
DISPLAY 8 2 9
DISPLAY 9 9 9
DISPLAY 10 2 8
DISPLAY 11 0 1
DISPLAY 12 7 9
DISPLAY 13 3 2
DISPLAY 14 4 3
DISPLAY 16 7 6
DISPLAY 17 3 1
DISPLAY 18 4 8
DISPLAY 20 4 6
DISPLAY 21 2 6
DISPLAY 22 3 6
DISPLAY 23 0 4
DISPLAY 24 1 8
POSITION 0 0 8
POSITION 1 9 2
POSITION 2 2 6
POSITION 3 5 7
PLAYER 3
.
TICK 4
FIELDS 11 6 1 15 14 9 5 10 1 14 9 3 8 8 5 12 10 10 5 4 5 15 5 14 10 6 6 1 13 5 15 2 15 3 12 13 7 6 15 13 7 7 5 3 14 6 10 9 4 4 3 9 5 1 5 5 7 11 3 5 3 15 6 8 11 3 11 1 14 15 4 7 4 5 5 10 14 10 14 10 6 13 9 1 10 15 5 5 6 5 15 3 9 9 5 5 15 15 10 9
DISPLAY 0 8 9
DISPLAY 1 6 3
DISPLAY 2 9 4
DISPLAY 3 9 3
DISPLAY 4 4 9
DISPLAY 5 8 0
DISPLAY 6 1 5
DISPLAY 7 0 2
DISPLAY 8 2 9
DISPLAY 9 9 9
DISPLAY 10 2 8
DISPLAY 11 0 1
DISPLAY 12 7 9
DISPLAY 13 3 2
DISPLAY 14 3 3
DISPLAY 16 7 6
DISPLAY 17 3 1
DISPLAY 18 4 8
DISPLAY 20 4 6
DISPLAY 21 2 6
DISPLAY 22 3 6
DISPLAY 23 0 4
DISPLAY 24 1 8
POSITION 0 0 8
POSITION 1 9 2
POSITION 2 2 6
POSITION 3 5 7
PLAYER 0
MESSAGE OK
TARGET 0
EXTRAFIELD 5
.
TICK 4
FIELDS 11 6 1 15 14 9 5 10 1 14 9 3 8 8 5 12 10 10 5 4 5 15 5 14 10 6 6 1 13 5 15 2 15 3 12 13 7 6 15 13 7 7 5 3 14 6 10 9 4 4 3 9 5 1 5 5 7 11 3 5 3 15 6 8 11 3 11 1 14 15 4 7 4 5 5 10 14 10 14 10 13 9 1 10 15 5 5 6 5 5 15 3 9 9 5 5 15 15 10 9
DISPLAY 0 8 9
DISPLAY 1 6 3
DISPLAY 2 9 4
DISPLAY 3 9 3
DISPLAY 4 4 9
DISPLAY 5 8 0
DISPLAY 6 1 5
DISPLAY 7 0 2
DISPLAY 8 2 9
DISPLAY 9 9 9
DISPLAY 10 1 8
DISPLAY 11 0 1
DISPLAY 12 7 9
DISPLAY 13 3 2
DISPLAY 14 3 3
DISPLAY 16 7 6
DISPLAY 17 3 1
DISPLAY 18 3 8
DISPLAY 20 4 6
DISPLAY 21 2 6
DISPLAY 22 3 6
DISPLAY 23 0 4
DISPLAY 24 0 8
POSITION 0 9 9
POSITION 1 9 2
POSITION 2 2 6
POSITION 3 5 7
PLAYER 1
.
TICK 4
FIELDS 11 6 1 15 14 9 5 10 1 14 9 3 8 8 5 12 10 10 5 4 5 15 5 14 10 6 6 1 13 5 15 2 15 3 12 13 7 6 15 13 7 7 5 3 14 6 10 9 4 4 3 9 5 1 5 5 7 11 3 5 3 15 6 8 11 3 11 1 14 15 4 7 4 5 5 10 14 10 14 10 13 9 1 10 15 5 5 6 5 5 10 15 3 9 9 5 5 15 15 10
DISPLAY 0 9 9
DISPLAY 1 6 3
DISPLAY 2 9 4
DISPLAY 3 9 3
DISPLAY 4 5 9
DISPLAY 5 8 0
DISPLAY 6 1 5
DISPLAY 7 0 2
DISPLAY 8 3 9
DISPLAY 9 0 9
DISPLAY 10 1 8
DISPLAY 11 0 1
DISPLAY 12 8 9
DISPLAY 13 3 2
DISPLAY 14 3 3
DISPLAY 16 7 6
DISPLAY 17 3 1
DISPLAY 18 3 8
DISPLAY 20 4 6
DISPLAY 21 2 6
DISPLAY 22 3 6
DISPLAY 23 0 4
DISPLAY 24 0 8
POSITION 0 0 9
POSITION 1 9 2
POSITION 2 2 6
POSITION 3 5 7
PLAYER 2
.
TICK 4
FIELDS 2 6 1 15 14 9 5 10 1 14 11 3 8 8 5 12 10 10 5 4 9 15 5 14 10 6 6 1 13 5 5 2 15 3 12 13 7 6 15 13 15 7 5 3 14 6 10 9 4 4 7 9 5 1 5 5 7 11 3 5 3 15 6 8 11 3 11 1 14 15 3 7 4 5 5 10 14 10 14 10 4 9 1 10 15 5 5 6 5 5 13 15 3 9 9 5 5 15 15 10
DISPLAY 0 9 9
DISPLAY 1 6 3
DISPLAY 2 9 4
DISPLAY 3 9 3
DISPLAY 4 5 9
DISPLAY 5 8 0
DISPLAY 6 1 5
DISPLAY 7 0 3
DISPLAY 8 3 9
DISPLAY 9 0 0
DISPLAY 10 1 8
DISPLAY 11 0 2
DISPLAY 12 8 9
DISPLAY 13 3 2
DISPLAY 14 3 3
DISPLAY 16 7 6
DISPLAY 17 3 1
DISPLAY 18 3 8
DISPLAY 20 4 6
DISPLAY 21 2 6
DISPLAY 22 3 6
DISPLAY 23 0 5
DISPLAY 24 0 9
POSITION 0 0 0
POSITION 1 9 2
POSITION 2 2 6
POSITION 3 5 7
PLAYER 3
.
TICK 5
FIELDS 2 6 1 15 14 9 5 10 1 14 11 3 8 8 5 12 10 10 5 4 9 15 5 14 10 6 6 1 13 5 2 15 3 12 13 7 6 15 13 5 15 7 5 3 14 6 10 9 4 4 7 9 5 1 5 5 7 11 3 5 3 15 6 8 11 3 11 1 14 15 3 7 4 5 5 10 14 10 14 10 4 9 1 10 15 5 5 6 5 5 13 15 3 9 9 5 5 15 15 10
DISPLAY 0 9 9
DISPLAY 1 5 3
DISPLAY 2 9 4
DISPLAY 3 8 3
DISPLAY 4 5 9
DISPLAY 5 8 0
DISPLAY 6 1 5
DISPLAY 7 9 3
DISPLAY 8 3 9
DISPLAY 9 0 0
DISPLAY 10 1 8
DISPLAY 11 0 2
DISPLAY 12 8 9
DISPLAY 13 3 2
DISPLAY 14 2 3
DISPLAY 16 7 6
DISPLAY 17 3 1
DISPLAY 18 3 8
DISPLAY 20 4 6
DISPLAY 21 2 6
DISPLAY 22 3 6
DISPLAY 23 0 5
DISPLAY 24 0 9
POSITION 0 0 0
POSITION 1 9 2
POSITION 2 2 6
POSITION 3 5 7
PLAYER 0
MESSAGE OK
TARGET 0
EXTRAFIELD 6
.
TICK 5
FIELDS 11 6 1 15 14 9 5 10 1 14 9 3 8 8 5 12 10 10 5 4 2 15 5 14 10 6 6 1 13 5 15 15 3 12 13 7 6 15 13 5 7 7 5 3 14 6 10 9 4 4 3 9 5 1 5 5 7 11 3 5 3 15 6 8 11 3 11 1 14 15 4 7 4 5 5 10 14 10 14 10 13 9 1 10 15 5 5 6 5 5 6 15 3 9 9 5 5 15 15 10
DISPLAY 0 9 9
DISPLAY 1 5 3
DISPLAY 2 9 4
DISPLAY 3 8 3
DISPLAY 4 5 9
DISPLAY 5 8 0
DISPLAY 6 1 5
DISPLAY 7 9 3
DISPLAY 8 3 9
DISPLAY 9 0 9
DISPLAY 10 1 8
DISPLAY 11 0 1
DISPLAY 12 8 9
DISPLAY 13 3 2
DISPLAY 14 2 3
DISPLAY 16 7 6
DISPLAY 17 3 1
DISPLAY 18 3 8
DISPLAY 20 4 6
DISPLAY 21 2 6
DISPLAY 22 3 6
DISPLAY 23 0 4
DISPLAY 24 0 8
POSITION 0 0 9
POSITION 1 9 2
POSITION 2 2 6
POSITION 3 5 7
PLAYER 1
.
TICK 5
FIELDS 11 6 1 15 14 9 5 10 1 14 3 8 8 5 12 10 10 5 4 9 2 15 5 14 10 6 6 1 13 5 15 15 3 12 13 7 6 15 13 5 7 7 5 3 14 6 10 9 4 4 3 9 5 1 5 5 7 11 3 5 3 15 6 8 11 3 11 1 14 15 4 7 4 5 5 10 14 10 14 10 13 9 1 10 15 5 5 6 5 5 6 15 3 9 9 5 5 15 15 10
DISPLAY 0 9 9
DISPLAY 1 5 3
DISPLAY 2 9 4
DISPLAY 3 8 3
DISPLAY 4 5 9
DISPLAY 5 8 0
DISPLAY 6 1 5
DISPLAY 7 9 3
DISPLAY 8 3 9
DISPLAY 9 0 9
DISPLAY 10 1 8
DISPLAY 11 9 1
DISPLAY 12 8 9
DISPLAY 13 3 2
DISPLAY 14 2 3
DISPLAY 16 7 6
DISPLAY 17 2 1
DISPLAY 18 3 8
DISPLAY 20 4 6
DISPLAY 21 2 6
DISPLAY 22 3 6
DISPLAY 23 0 4
DISPLAY 24 0 8
POSITION 0 0 9
POSITION 1 9 2
POSITION 2 2 6
POSITION 3 5 7
PLAYER 2
.
TICK 5
FIELDS 10 6 1 15 14 9 5 10 1 14 11 8 8 5 12 10 10 5 4 9 3 15 5 14 10 6 6 1 13 5 2 15 3 12 13 7 6 15 13 5 15 7 5 3 14 6 10 9 4 4 7 9 5 1 5 5 7 11 3 5 3 15 6 8 11 3 11 1 14 15 3 7 4 5 5 10 14 10 14 10 4 9 1 10 15 5 5 6 5 5 13 15 3 9 9 5 5 15 15 10
DISPLAY 0 9 9
DISPLAY 1 5 3
DISPLAY 2 9 4
DISPLAY 3 8 3
DISPLAY 4 5 9
DISPLAY 5 8 0
DISPLAY 6 1 5
DISPLAY 7 9 3
DISPLAY 8 3 9
DISPLAY 9 0 0
DISPLAY 10 1 8
DISPLAY 11 9 1
DISPLAY 12 8 9
DISPLAY 13 3 2
DISPLAY 14 2 3
DISPLAY 16 7 6
DISPLAY 17 2 1
DISPLAY 18 3 8
DISPLAY 20 4 6
DISPLAY 21 2 6
DISPLAY 22 3 6
DISPLAY 23 0 5
DISPLAY 24 0 9
POSITION 0 0 0
POSITION 1 9 2
POSITION 2 2 6
POSITION 3 5 7
PLAYER 3
.
TICK 6
FIELDS 10 6 1 15 14 9 5 10 1 14 11 8 8 5 12 10 10 5 4 9 3 15 5 14 10 6 6 1 13 5 15 3 12 13 7 6 15 13 5 5 15 7 5 3 14 6 10 9 4 4 7 9 5 1 5 5 7 11 3 5 3 15 6 8 11 3 11 1 14 15 3 7 4 5 5 10 14 10 14 10 4 9 1 10 15 5 5 6 5 5 13 15 3 9 9 5 5 15 15 10
DISPLAY 0 9 9
DISPLAY 1 4 3
DISPLAY 2 9 4
DISPLAY 3 7 3
DISPLAY 4 5 9
DISPLAY 5 8 0
DISPLAY 6 1 5
DISPLAY 7 8 3
DISPLAY 8 3 9
DISPLAY 9 0 0
DISPLAY 10 1 8
DISPLAY 11 9 1
DISPLAY 12 8 9
DISPLAY 13 3 2
DISPLAY 14 1 3
DISPLAY 16 7 6
DISPLAY 17 2 1
DISPLAY 18 3 8
DISPLAY 20 4 6
DISPLAY 21 2 6
DISPLAY 22 3 6
DISPLAY 23 0 5
DISPLAY 24 0 9
POSITION 0 0 0
POSITION 1 9 2
POSITION 2 2 6
POSITION 3 5 7
PLAYER 0
MESSAGE OK
TARGET 0
EXTRAFIELD 2
.
TICK 6
FIELDS 11 6 1 15 14 9 5 10 1 14 3 8 8 5 12 10 10 5 4 9 15 15 5 14 10 6 6 1 13 5 15 3 12 13 7 6 15 13 5 5 7 7 5 3 14 6 10 9 4 4 3 9 5 1 5 5 7 11 3 5 3 15 6 8 11 3 11 1 14 15 4 7 4 5 5 10 14 10 14 10 13 9 1 10 15 5 5 6 5 5 2 15 3 9 9 5 5 15 15 10
DISPLAY 0 9 9
DISPLAY 1 4 3
DISPLAY 2 9 4
DISPLAY 3 7 3
DISPLAY 4 5 9
DISPLAY 5 8 0
DISPLAY 6 1 5
DISPLAY 7 8 3
DISPLAY 8 3 9
DISPLAY 9 0 9
DISPLAY 10 1 8
DISPLAY 11 9 1
DISPLAY 12 8 9
DISPLAY 13 3 2
DISPLAY 14 1 3
DISPLAY 16 7 6
DISPLAY 17 2 1
DISPLAY 18 3 8
DISPLAY 20 4 6
DISPLAY 21 2 6
DISPLAY 22 3 6
DISPLAY 23 0 4
DISPLAY 24 0 8
POSITION 0 0 9
POSITION 1 9 2
POSITION 2 2 6
POSITION 3 5 7
PLAYER 1
.
TICK 6
FIELDS 11 6 1 15 14 9 5 10 4 14 3 8 8 5 12 10 10 5 13 9 15 15 5 14 10 6 6 1 5 5 15 3 12 13 7 6 15 13 4 5 7 7 5 3 14 6 10 9 3 4 3 9 5 1 5 5 7 11 14 5 3 15 6 8 11 3 11 1 14 15 4 7 4 5 5 10 14 10 5 10 13 9 1 10 15 5 5 6 15 5 2 15 3 9 9 5 5 15 9 10
DISPLAY 0 9 9
DISPLAY 1 4 3
DISPLAY 2 9 4
DISPLAY 3 7 3
DISPLAY 4 5 9
DISPLAY 5 8 9
DISPLAY 6 1 5
DISPLAY 7 8 2
DISPLAY 8 3 9
DISPLAY 9 0 9
DISPLAY 10 1 8
DISPLAY 11 9 1
DISPLAY 12 8 8
DISPLAY 13 3 2
DISPLAY 14 1 3
DISPLAY 16 7 6
DISPLAY 17 2 1
DISPLAY 18 3 8
DISPLAY 20 4 6
DISPLAY 21 2 6
DISPLAY 22 3 6
DISPLAY 23 0 4
DISPLAY 24 0 8
POSITION 0 0 9
POSITION 1 9 2
POSITION 2 2 6
POSITION 3 5 7
PLAYER 2
.
TICK 6
FIELDS 6 6 1 15 14 9 5 10 4 14 11 8 8 5 12 10 10 5 13 9 3 15 5 14 10 6 6 1 5 5 15 3 12 13 7 6 15 13 4 5 15 7 5 3 14 6 10 9 3 4 7 9 5 1 5 5 7 11 14 5 3 15 6 8 11 3 11 1 14 15 3 7 4 5 5 10 14 10 5 10 4 9 1 10 15 5 5 6 15 5 13 15 3 9 9 5 5 15 9 10
DISPLAY 0 9 9
DISPLAY 1 4 3
DISPLAY 2 9 4
DISPLAY 3 7 3
DISPLAY 4 5 9
DISPLAY 5 8 9
DISPLAY 6 1 5
DISPLAY 7 8 2
DISPLAY 8 3 9
DISPLAY 9 0 0
DISPLAY 10 1 8
DISPLAY 11 9 1
DISPLAY 12 8 8
DISPLAY 13 3 2
DISPLAY 14 1 3
DISPLAY 16 7 6
DISPLAY 17 2 1
DISPLAY 18 3 8
DISPLAY 20 4 6
DISPLAY 21 2 6
DISPLAY 22 3 6
DISPLAY 23 0 5
DISPLAY 24 0 9
POSITION 0 0 0
POSITION 1 9 2
POSITION 2 2 6
POSITION 3 5 7
PLAYER 3
.
TICK 7
FIELDS 6 6 1 15 14 9 5 10 4 14 11 8 8 5 12 10 10 5 13 9 3 15 5 14 10 6 6 1 5 5 2 15 3 12 13 7 6 15 13 4 15 7 5 3 14 6 10 9 3 4 7 9 5 1 5 5 7 11 14 5 3 15 6 8 11 3 11 1 14 15 3 7 4 5 5 10 14 10 5 10 4 9 1 10 15 5 5 6 15 5 13 15 3 9 9 5 5 15 9 10
DISPLAY 0 9 9
DISPLAY 1 5 3
DISPLAY 2 9 4
DISPLAY 3 8 3
DISPLAY 4 5 9
DISPLAY 5 8 9
DISPLAY 6 1 5
DISPLAY 7 8 2
DISPLAY 8 3 9
DISPLAY 9 0 0
DISPLAY 10 1 8
DISPLAY 11 9 1
DISPLAY 12 8 8
DISPLAY 13 3 2
DISPLAY 14 2 3
DISPLAY 16 7 6
DISPLAY 17 2 1
DISPLAY 18 3 8
DISPLAY 20 4 6
DISPLAY 21 2 6
DISPLAY 22 3 6
DISPLAY 23 0 5
DISPLAY 24 0 9
POSITION 0 0 0
POSITION 1 9 2
POSITION 2 2 6
POSITION 3 5 7
PLAYER 0
MESSAGE OK
TARGET 0
EXTRAFIELD 10
.
TICK 7
FIELDS 11 6 1 15 14 9 5 10 4 14 3 8 8 5 12 10 10 5 13 9 2 15 5 14 10 6 6 1 5 5 15 15 3 12 13 7 6 15 13 4 7 7 5 3 14 6 10 9 3 4 3 9 5 1 5 5 7 11 14 5 3 15 6 8 11 3 11 1 14 15 4 7 4 5 5 10 14 10 5 10 13 9 1 10 15 5 5 6 15 5 10 15 3 9 9 5 5 15 9 10
DISPLAY 0 9 9
DISPLAY 1 5 3
DISPLAY 2 9 4
DISPLAY 3 8 3
DISPLAY 4 5 9
DISPLAY 5 8 9
DISPLAY 6 1 5
DISPLAY 7 8 2
DISPLAY 8 3 9
DISPLAY 9 0 9
DISPLAY 10 1 8
DISPLAY 11 9 1
DISPLAY 12 8 8
DISPLAY 13 3 2
DISPLAY 14 2 3
DISPLAY 16 7 6
DISPLAY 17 2 1
DISPLAY 18 3 8
DISPLAY 20 4 6
DISPLAY 21 2 6
DISPLAY 22 3 6
DISPLAY 23 0 4
DISPLAY 24 0 8
POSITION 0 0 9
POSITION 1 9 2
POSITION 2 2 6
POSITION 3 5 7
PLAYER 1
.
TICK 7
FIELDS 11 6 1 15 14 9 5 10 4 14 3 8 8 5 12 10 10 5 13 9 2 15 5 14 10 6 6 1 5 5 15 15 3 12 13 7 6 15 13 4 7 7 5 3 14 6 10 9 3 4 3 9 5 1 5 5 7 11 14 5 3 15 6 8 11 3 11 1 14 15 1 4 7 4 5 5 10 14 10 5 13 9 1 10 15 5 5 6 15 5 10 15 3 9 9 5 5 15 9 10
DISPLAY 0 9 9
DISPLAY 1 5 3
DISPLAY 2 9 4
DISPLAY 3 8 3
DISPLAY 4 5 9
DISPLAY 5 8 9
DISPLAY 6 1 5
DISPLAY 7 8 2
DISPLAY 8 3 9
DISPLAY 9 0 9
DISPLAY 10 1 8
DISPLAY 11 9 1
DISPLAY 12 8 8
DISPLAY 13 3 2
DISPLAY 14 2 3
DISPLAY 16 7 6
DISPLAY 17 2 1
DISPLAY 18 3 8
DISPLAY 20 4 6
DISPLAY 21 2 6
DISPLAY 22 3 6
DISPLAY 23 0 4
DISPLAY 24 0 8
POSITION 0 0 9
POSITION 1 9 2
POSITION 2 2 6
POSITION 3 6 7
PLAYER 2
.
TICK 7
FIELDS 2 6 1 15 14 9 5 10 4 14 11 8 8 5 12 10 10 5 13 9 3 15 5 14 10 6 6 1 5 5 2 15 3 12 13 7 6 15 13 4 15 7 5 3 14 6 10 9 3 4 7 9 5 1 5 5 7 11 14 5 3 15 6 8 11 3 11 1 14 15 3 4 7 4 5 5 10 14 10 5 1 9 1 10 15 5 5 6 15 5 13 15 3 9 9 5 5 15 9 10
DISPLAY 0 9 9
DISPLAY 1 5 3
DISPLAY 2 9 4
DISPLAY 3 8 3
DISPLAY 4 5 9
DISPLAY 5 8 9
DISPLAY 6 1 5
DISPLAY 7 8 2
DISPLAY 8 3 9
DISPLAY 9 0 0
DISPLAY 10 1 8
DISPLAY 11 9 1
DISPLAY 12 8 8
DISPLAY 13 3 2
DISPLAY 14 2 3
DISPLAY 16 7 6
DISPLAY 17 2 1
DISPLAY 18 3 8
DISPLAY 20 4 6
DISPLAY 21 2 6
DISPLAY 22 3 6
DISPLAY 23 0 5
DISPLAY 24 0 9
POSITION 0 0 0
POSITION 1 9 2
POSITION 2 2 6
POSITION 3 6 7
PLAYER 3
.
TICK 8
FIELDS 2 6 1 15 14 9 5 10 4 14 11 8 8 5 12 10 10 5 13 9 3 15 5 14 10 6 6 1 5 5 5 2 15 3 12 13 7 6 15 13 15 7 5 3 14 6 10 9 3 4 7 9 5 1 5 5 7 11 14 5 3 15 6 8 11 3 11 1 14 15 3 4 7 4 5 5 10 14 10 5 1 9 1 10 15 5 5 6 15 5 13 15 3 9 9 5 5 15 9 10
DISPLAY 0 9 9
DISPLAY 1 6 3
DISPLAY 2 9 4
DISPLAY 3 9 3
DISPLAY 4 5 9
DISPLAY 5 8 9
DISPLAY 6 1 5
DISPLAY 7 8 2
DISPLAY 8 3 9
DISPLAY 9 0 0
DISPLAY 10 1 8
DISPLAY 11 9 1
DISPLAY 12 8 8
DISPLAY 13 3 2
DISPLAY 14 3 3
DISPLAY 16 7 6
DISPLAY 17 2 1
DISPLAY 18 3 8
DISPLAY 20 4 6
DISPLAY 21 2 6
DISPLAY 22 3 6
DISPLAY 23 0 5
DISPLAY 24 0 9
POSITION 0 0 0
POSITION 1 9 2
POSITION 2 2 6
POSITION 3 6 7
PLAYER 0
MESSAGE OK
TARGET 0
EXTRAFIELD 6
.
TICK 8
FIELDS 11 6 1 15 14 9 5 10 4 14 3 8 8 5 12 10 10 5 13 9 5 15 5 14 10 6 6 1 5 5 15 2 15 3 12 13 7 6 15 13 7 7 5 3 14 6 10 9 3 4 3 9 5 1 5 5 7 11 14 5 3 15 6 8 11 3 11 1 14 15 1 4 7 4 5 5 10 14 10 5 13 9 1 10 15 5 5 6 15 5 6 15 3 9 9 5 5 15 9 10
DISPLAY 0 9 9
DISPLAY 1 6 3
DISPLAY 2 9 4
DISPLAY 3 9 3
DISPLAY 4 5 9
DISPLAY 5 8 9
DISPLAY 6 1 5
DISPLAY 7 8 2
DISPLAY 8 3 9
DISPLAY 9 0 9
DISPLAY 10 1 8
DISPLAY 11 9 1
DISPLAY 12 8 8
DISPLAY 13 3 2
DISPLAY 14 3 3
DISPLAY 16 7 6
DISPLAY 17 2 1
DISPLAY 18 3 8
DISPLAY 20 4 6
DISPLAY 21 2 6
DISPLAY 22 3 6
DISPLAY 23 0 4
DISPLAY 24 0 8
POSITION 0 0 9
POSITION 1 9 2
POSITION 2 2 6
POSITION 3 6 7
PLAYER 1
.
TICK 8
FIELDS 11 6 1 15 14 9 5 10 4 9 3 8 8 5 12 10 10 5 13 5 5 15 5 14 10 6 6 1 5 13 15 2 15 3 12 13 7 6 15 4 7 7 5 3 14 6 10 9 3 5 3 9 5 1 5 5 7 11 14 15 3 15 6 8 11 3 11 1 14 5 1 4 7 4 5 5 10 14 10 5 13 9 1 10 15 5 5 6 15 10 6 15 3 9 9 5 5 15 9 10
DISPLAY 0 9 8
DISPLAY 1 6 3
DISPLAY 2 9 3
DISPLAY 3 9 2
DISPLAY 4 5 9
DISPLAY 5 8 9
DISPLAY 6 1 5
DISPLAY 7 8 2
DISPLAY 8 3 9
DISPLAY 9 0 9
DISPLAY 10 1 8
DISPLAY 11 9 0
DISPLAY 12 8 8
DISPLAY 13 3 2
DISPLAY 14 3 3
DISPLAY 16 7 6
DISPLAY 17 2 1
DISPLAY 18 3 8
DISPLAY 20 4 6
DISPLAY 21 2 6
DISPLAY 22 3 6
DISPLAY 23 0 4
DISPLAY 24 0 8
POSITION 0 0 9
POSITION 1 9 1
POSITION 2 2 6
POSITION 3 6 7
PLAYER 2
.
TICK 8
FIELDS 10 6 1 15 14 9 5 10 4 9 11 8 8 5 12 10 10 5 13 5 3 15 5 14 10 6 6 1 5 13 5 2 15 3 12 13 7 6 15 4 15 7 5 3 14 6 10 9 3 5 7 9 5 1 5 5 7 11 14 15 3 15 6 8 11 3 11 1 14 5 3 4 7 4 5 5 10 14 10 5 1 9 1 10 15 5 5 6 15 10 13 15 3 9 9 5 5 15 9 10
DISPLAY 0 9 8
DISPLAY 1 6 3
DISPLAY 2 9 3
DISPLAY 3 9 2
DISPLAY 4 5 9
DISPLAY 5 8 9
DISPLAY 6 1 5
DISPLAY 7 8 2
DISPLAY 8 3 9
DISPLAY 9 0 0
DISPLAY 10 1 8
DISPLAY 11 9 0
DISPLAY 12 8 8
DISPLAY 13 3 2
DISPLAY 14 3 3
DISPLAY 16 7 6
DISPLAY 17 2 1
DISPLAY 18 3 8
DISPLAY 20 4 6
DISPLAY 21 2 6
DISPLAY 22 3 6
DISPLAY 23 0 5
DISPLAY 24 0 9
POSITION 0 0 0
POSITION 1 9 1
POSITION 2 2 6
POSITION 3 6 7
PLAYER 3
.
TICK 9
FIELDS 10 6 1 15 14 9 5 10 4 9 11 8 8 5 12 10 10 5 13 5 3 15 5 14 10 6 6 1 5 13 4 5 2 15 3 12 13 7 6 15 15 7 5 3 14 6 10 9 3 5 7 9 5 1 5 5 7 11 14 15 3 15 6 8 11 3 11 1 14 5 3 4 7 4 5 5 10 14 10 5 1 9 1 10 15 5 5 6 15 10 13 15 3 9 9 5 5 15 9 10
DISPLAY 0 9 8
DISPLAY 1 7 3
DISPLAY 2 0 3
DISPLAY 3 9 2
DISPLAY 4 5 9
DISPLAY 5 8 9
DISPLAY 6 1 5
DISPLAY 7 8 2
DISPLAY 8 3 9
DISPLAY 9 0 0
DISPLAY 10 1 8
DISPLAY 11 9 0
DISPLAY 12 8 8
DISPLAY 13 3 2
DISPLAY 14 4 3
DISPLAY 16 7 6
DISPLAY 17 2 1
DISPLAY 18 3 8
DISPLAY 20 4 6
DISPLAY 21 2 6
DISPLAY 22 3 6
DISPLAY 23 0 5
DISPLAY 24 0 9
POSITION 0 0 0
POSITION 1 9 1
POSITION 2 2 6
POSITION 3 6 7
PLAYER 0
MESSAGE OK
TARGET 0
EXTRAFIELD 2
.
TICK 9
FIELDS 11 6 1 15 14 9 5 10 4 9 3 8 8 5 12 10 10 5 13 5 4 15 5 14 10 6 6 1 5 13 15 5 2 15 3 12 13 7 6 15 7 7 5 3 14 6 10 9 3 5 3 9 5 1 5 5 7 11 14 15 3 15 6 8 11 3 11 1 14 5 1 4 7 4 5 5 10 14 10 5 13 9 1 10 15 5 5 6 15 10 1 15 3 9 9 5 5 15 9 10
DISPLAY 0 9 8
DISPLAY 1 7 3
DISPLAY 2 0 2
DISPLAY 3 9 2
DISPLAY 4 5 9
DISPLAY 5 8 9
DISPLAY 6 1 5
DISPLAY 7 8 2
DISPLAY 8 3 9
DISPLAY 9 0 9
DISPLAY 10 1 8
DISPLAY 11 9 0
DISPLAY 12 8 8
DISPLAY 13 3 2
DISPLAY 14 4 3
DISPLAY 16 7 6
DISPLAY 17 2 1
DISPLAY 18 3 8
DISPLAY 20 4 6
DISPLAY 21 2 6
DISPLAY 22 3 6
DISPLAY 23 0 4
DISPLAY 24 0 8
POSITION 0 0 8
POSITION 1 9 1
POSITION 2 2 6
POSITION 3 6 7
PLAYER 1
.
TICK 9
FIELDS 14 11 6 1 15 14 9 5 10 4 3 8 8 5 12 10 10 5 13 5 4 15 5 14 10 6 6 1 5 13 15 5 2 15 3 12 13 7 6 15 7 7 5 3 14 6 10 9 3 5 3 9 5 1 5 5 7 11 14 15 3 15 6 8 11 3 11 1 14 5 1 4 7 4 5 5 10 14 10 5 13 9 1 10 15 5 5 6 15 10 1 15 3 9 9 5 5 15 9 10
DISPLAY 0 9 8
DISPLAY 1 7 3
DISPLAY 2 0 2
DISPLAY 3 9 2
DISPLAY 4 5 9
DISPLAY 5 8 9
DISPLAY 6 1 5
DISPLAY 7 8 2
DISPLAY 8 3 9
DISPLAY 9 0 9
DISPLAY 10 1 8
DISPLAY 11 0 0
DISPLAY 12 8 8
DISPLAY 13 3 2
DISPLAY 14 4 3
DISPLAY 16 7 6
DISPLAY 17 2 1
DISPLAY 18 3 8
DISPLAY 20 4 6
DISPLAY 21 2 6
DISPLAY 22 3 6
DISPLAY 23 0 4
DISPLAY 24 0 8
POSITION 0 0 8
POSITION 1 9 1
POSITION 2 2 6
POSITION 3 6 7
PLAYER 2
.
TICK 9
FIELDS 6 11 6 1 15 14 9 5 10 4 14 8 8 5 12 10 10 5 13 5 3 15 5 14 10 6 6 1 5 13 4 5 2 15 3 12 13 7 6 15 15 7 5 3 14 6 10 9 3 5 7 9 5 1 5 5 7 11 14 15 3 15 6 8 11 3 11 1 14 5 3 4 7 4 5 5 10 14 10 5 1 9 1 10 15 5 5 6 15 10 13 15 3 9 9 5 5 15 9 10
DISPLAY 0 9 8
DISPLAY 1 7 3
DISPLAY 2 0 3
DISPLAY 3 9 2
DISPLAY 4 5 9
DISPLAY 5 8 9
DISPLAY 6 1 5
DISPLAY 7 8 2
DISPLAY 8 3 9
DISPLAY 9 0 0
DISPLAY 10 1 8
DISPLAY 11 0 1
DISPLAY 12 8 8
DISPLAY 13 3 2
DISPLAY 14 4 3
DISPLAY 16 7 6
DISPLAY 17 2 1
DISPLAY 18 3 8
DISPLAY 20 4 6
DISPLAY 21 2 6
DISPLAY 22 3 6
DISPLAY 23 0 5
DISPLAY 24 0 9
POSITION 0 0 9
POSITION 1 9 1
POSITION 2 2 6
POSITION 3 6 7
PLAYER 3
.
TICK 10
FIELDS 6 11 6 1 15 14 9 5 10 4 14 8 8 5 12 10 10 5 13 5 3 15 5 14 10 6 6 1 5 13 4 4 5 2 15 3 12 13 7 6 15 7 5 3 14 6 10 9 3 5 7 9 5 1 5 5 7 11 14 15 3 15 6 8 11 3 11 1 14 5 3 4 7 4 5 5 10 14 10 5 1 9 1 10 15 5 5 6 15 10 13 15 3 9 9 5 5 15 9 10
DISPLAY 0 9 8
DISPLAY 1 8 3
DISPLAY 2 1 3
DISPLAY 3 9 2
DISPLAY 4 5 9
DISPLAY 5 8 9
DISPLAY 6 1 5
DISPLAY 7 8 2
DISPLAY 8 3 9
DISPLAY 9 0 0
DISPLAY 10 1 8
DISPLAY 11 0 1
DISPLAY 12 8 8
DISPLAY 13 3 2
DISPLAY 14 5 3
DISPLAY 16 7 6
DISPLAY 17 2 1
DISPLAY 18 3 8
DISPLAY 20 4 6
DISPLAY 21 2 6
DISPLAY 22 3 6
DISPLAY 23 0 5
DISPLAY 24 0 9
POSITION 0 0 9
POSITION 1 9 1
POSITION 2 2 6
POSITION 3 6 7
PLAYER 0
MESSAGE OK
TARGET 0
EXTRAFIELD 10
.
TICK 10
FIELDS 6 11 6 1 15 14 9 5 10 4 14 8 8 5 12 10 10 5 13 5 3 15 5 14 10 6 6 1 5 13 4 4 5 2 15 3 12 13 7 6 15 7 5 3 14 6 10 9 3 5 7 9 5 1 5 5 7 11 14 15 3 15 6 8 11 3 11 1 14 5 3 4 7 4 5 5 10 14 10 5 5 1 9 1 10 15 5 5 6 15 13 15 3 9 9 5 5 15 9 10
DISPLAY 1 8 3
DISPLAY 2 1 3
DISPLAY 3 9 2
DISPLAY 4 5 9
DISPLAY 5 8 9
DISPLAY 6 1 5
DISPLAY 7 8 2
DISPLAY 8 3 9
DISPLAY 9 0 0
DISPLAY 10 2 8
DISPLAY 11 0 1
DISPLAY 12 9 8
DISPLAY 13 3 2
DISPLAY 14 5 3
DISPLAY 16 7 6
DISPLAY 17 2 1
DISPLAY 18 4 8
DISPLAY 20 4 6
DISPLAY 21 2 6
DISPLAY 22 3 6
DISPLAY 23 0 5
DISPLAY 24 0 9
POSITION 0 0 8
POSITION 1 9 1
POSITION 2 2 6
POSITION 3 6 7
PLAYER 1
.
TICK 10
FIELDS 6 11 6 1 15 14 9 5 10 4 14 8 8 5 12 10 10 5 13 5 3 15 5 14 10 6 6 1 5 13 4 4 5 2 15 3 12 13 7 6 15 7 5 3 14 6 10 9 3 5 7 9 5 1 5 5 7 11 14 15 3 15 6 8 11 3 11 1 14 5 4 7 4 5 5 10 14 10 5 9 5 1 9 1 10 15 5 5 6 15 13 15 3 9 9 5 5 15 9 10
DISPLAY 1 8 3
DISPLAY 2 1 3
DISPLAY 3 9 2
DISPLAY 4 5 9
DISPLAY 5 8 9
DISPLAY 6 1 5
DISPLAY 7 8 2
DISPLAY 8 3 9
DISPLAY 9 0 0
DISPLAY 10 2 8
DISPLAY 11 0 1
DISPLAY 12 9 8
DISPLAY 13 3 2
DISPLAY 14 5 3
DISPLAY 16 7 6
DISPLAY 17 2 1
DISPLAY 18 4 8
DISPLAY 20 4 6
DISPLAY 21 2 6
DISPLAY 22 3 6
DISPLAY 23 0 5
DISPLAY 24 0 9
POSITION 0 0 8
POSITION 1 9 1
POSITION 2 2 6
POSITION 3 5 7
PLAYER 2
.
TICK 10
FIELDS 1 11 6 1 15 14 9 5 10 4 6 8 8 5 12 10 10 5 13 5 14 15 5 14 10 6 6 1 5 13 3 4 5 2 15 3 12 13 7 6 4 7 5 3 14 6 10 9 3 5 15 9 5 1 5 5 7 11 14 15 7 15 6 8 11 3 11 1 14 5 3 7 4 5 5 10 14 10 5 9 4 1 9 1 10 15 5 5 6 15 5 15 3 9 9 5 5 15 9 10
DISPLAY 1 8 3
DISPLAY 2 1 3
DISPLAY 3 9 2
DISPLAY 4 5 9
DISPLAY 5 8 9
DISPLAY 6 1 5
DISPLAY 7 8 2
DISPLAY 8 3 9
DISPLAY 9 0 1
DISPLAY 10 2 8
DISPLAY 11 0 2
DISPLAY 12 9 8
DISPLAY 13 3 2
DISPLAY 14 5 3
DISPLAY 16 7 6
DISPLAY 17 2 1
DISPLAY 18 4 8
DISPLAY 20 4 6
DISPLAY 21 2 6
DISPLAY 22 3 6
DISPLAY 23 0 6
DISPLAY 24 0 0
POSITION 0 0 9
POSITION 1 9 1
POSITION 2 2 6
POSITION 3 5 7
PLAYER 3
.
TICK 11
FIELDS 1 11 6 1 15 14 9 5 10 4 6 8 8 5 12 10 10 5 13 5 14 15 5 14 10 6 6 1 5 13 4 5 2 15 3 12 13 7 6 15 4 7 5 3 14 6 10 9 3 5 15 9 5 1 5 5 7 11 14 15 7 15 6 8 11 3 11 1 14 5 3 7 4 5 5 10 14 10 5 9 4 1 9 1 10 15 5 5 6 15 5 15 3 9 9 5 5 15 9 10
DISPLAY 1 7 3
DISPLAY 2 0 3
DISPLAY 3 9 2
DISPLAY 4 5 9
DISPLAY 5 8 9
DISPLAY 6 1 5
DISPLAY 7 8 2
DISPLAY 8 3 9
DISPLAY 9 0 1
DISPLAY 10 2 8
DISPLAY 11 0 2
DISPLAY 12 9 8
DISPLAY 13 3 2
DISPLAY 14 4 3
DISPLAY 16 7 6
DISPLAY 17 2 1
DISPLAY 18 4 8
DISPLAY 20 4 6
DISPLAY 21 2 6
DISPLAY 22 3 6
DISPLAY 23 0 6
DISPLAY 24 0 0
POSITION 0 0 9
POSITION 1 9 1
POSITION 2 2 6
POSITION 3 5 7
PLAYER 0
MESSAGE OK
TARGET 18
EXTRAFIELD 10
.
TICK 11
FIELDS 10 11 6 1 15 14 9 5 10 4 1 8 8 5 12 10 10 5 13 5 6 15 5 14 10 6 6 1 5 13 14 5 2 15 3 12 13 7 6 15 4 7 5 3 14 6 10 9 3 5 4 9 5 1 5 5 7 11 14 15 15 15 6 8 11 3 11 1 14 5 7 7 4 5 5 10 14 10 5 9 3 1 9 1 10 15 5 5 6 15 4 15 3 9 9 5 5 15 9 10
DISPLAY 1 7 3
DISPLAY 2 0 4
DISPLAY 3 9 2
DISPLAY 4 5 9
DISPLAY 5 8 9
DISPLAY 6 1 5
DISPLAY 7 8 2
DISPLAY 8 3 9
DISPLAY 9 0 2
DISPLAY 10 2 8
DISPLAY 11 0 3
DISPLAY 12 9 8
DISPLAY 13 3 2
DISPLAY 14 4 3
DISPLAY 16 7 6
DISPLAY 17 2 1
DISPLAY 18 4 8
DISPLAY 20 4 6
DISPLAY 21 2 6
DISPLAY 22 3 6
DISPLAY 23 0 7
DISPLAY 24 0 1
POSITION 0 2 0
POSITION 1 9 1
POSITION 2 2 6
POSITION 3 5 7
PLAYER 1
.
TICK 11
FIELDS 10 8 6 1 15 14 9 5 10 4 1 15 8 5 12 10 10 5 13 5 6 5 5 14 10 6 6 1 5 13 14 7 2 15 3 12 13 7 6 15 4 9 5 3 14 6 10 9 3 5 4 15 5 1 5 5 7 11 14 15 15 7 6 8 11 3 11 1 14 5 7 1 4 5 5 10 14 10 5 9 3 15 9 1 10 15 5 5 6 15 4 3 3 9 9 5 5 15 9 10
DISPLAY 1 7 3
DISPLAY 2 0 4
DISPLAY 3 9 2
DISPLAY 4 5 9
DISPLAY 5 8 9
DISPLAY 6 1 4
DISPLAY 7 8 2
DISPLAY 8 3 9
DISPLAY 9 0 2
DISPLAY 10 2 8
DISPLAY 11 0 3
DISPLAY 12 9 8
DISPLAY 13 3 2
DISPLAY 14 4 3
DISPLAY 16 7 6
DISPLAY 17 2 1
DISPLAY 18 4 8
DISPLAY 20 4 6
DISPLAY 21 2 6
DISPLAY 22 3 6
DISPLAY 23 0 7
DISPLAY 24 0 1
POSITION 0 2 0
POSITION 1 9 1
POSITION 2 2 6
POSITION 3 5 7
PLAYER 2
.
TICK 11
FIELDS 13 8 6 1 15 14 9 5 10 4 10 15 8 5 12 10 10 5 13 5 1 5 5 14 10 6 6 1 5 13 6 7 2 15 3 12 13 7 6 15 14 9 5 3 14 6 10 9 3 5 4 15 5 1 5 5 7 11 14 15 4 7 6 8 11 3 11 1 14 5 15 1 4 5 5 10 14 10 5 9 7 15 9 1 10 15 5 5 6 15 3 3 3 9 9 5 5 15 9 10
DISPLAY 1 7 3
DISPLAY 2 0 5
DISPLAY 3 9 2
DISPLAY 4 5 9
DISPLAY 5 8 9
DISPLAY 6 1 4
DISPLAY 7 8 2
DISPLAY 8 3 9
DISPLAY 9 0 3
DISPLAY 10 2 8
DISPLAY 11 0 4
DISPLAY 12 9 8
DISPLAY 13 3 2
DISPLAY 14 4 3
DISPLAY 16 7 6
DISPLAY 17 2 1
DISPLAY 18 4 8
DISPLAY 20 4 6
DISPLAY 21 2 6
DISPLAY 22 3 6
DISPLAY 23 0 8
DISPLAY 24 0 2
POSITION 0 2 0
POSITION 1 9 1
POSITION 2 2 6
POSITION 3 5 7
PLAYER 3
.
TICK 12
FIELDS 13 8 6 1 15 14 9 5 10 4 10 15 8 5 12 10 10 5 13 5 1 5 5 14 10 6 6 1 5 13 7 2 15 3 12 13 7 6 15 3 14 9 5 3 14 6 10 9 3 5 4 15 5 1 5 5 7 11 14 15 4 7 6 8 11 3 11 1 14 5 15 1 4 5 5 10 14 10 5 9 7 15 9 1 10 15 5 5 6 15 3 3 3 9 9 5 5 15 9 10
DISPLAY 1 6 3
DISPLAY 2 0 5
DISPLAY 3 9 2
DISPLAY 4 5 9
DISPLAY 5 8 9
DISPLAY 6 1 4
DISPLAY 7 8 2
DISPLAY 8 3 9
DISPLAY 9 9 3
DISPLAY 10 2 8
DISPLAY 11 0 4
DISPLAY 12 9 8
DISPLAY 13 3 2
DISPLAY 14 3 3
DISPLAY 16 7 6
DISPLAY 17 2 1
DISPLAY 18 4 8
DISPLAY 20 4 6
DISPLAY 21 2 6
DISPLAY 22 3 6
DISPLAY 23 0 8
DISPLAY 24 0 2
POSITION 0 2 0
POSITION 1 9 1
POSITION 2 2 6
POSITION 3 5 7
PLAYER 0
MESSAGE OK
TARGET 18
EXTRAFIELD 5
.
TICK 12
FIELDS 13 8 8 1 15 14 9 5 10 4 10 15 5 5 12 10 10 5 13 5 1 5 15 14 10 6 6 1 5 13 7 2 5 3 12 13 7 6 15 3 14 9 5 3 14 6 10 9 3 5 4 15 6 1 5 5 7 11 14 15 4 7 4 8 11 3 11 1 14 5 15 1 9 5 5 10 14 10 5 9 7 15 3 1 10 15 5 5 6 15 3 3 5 9 9 5 5 15 9 10
DISPLAY 1 6 3
DISPLAY 2 0 5
DISPLAY 3 9 2
DISPLAY 4 5 9
DISPLAY 5 8 9
DISPLAY 6 1 4
DISPLAY 7 8 2
DISPLAY 8 3 9
DISPLAY 9 9 3
DISPLAY 10 2 7
DISPLAY 11 0 4
DISPLAY 12 9 8
DISPLAY 13 3 2
DISPLAY 14 3 3
DISPLAY 16 7 6
DISPLAY 17 2 0
DISPLAY 18 4 8
DISPLAY 20 4 6
DISPLAY 21 2 5
DISPLAY 22 3 6
DISPLAY 23 0 8
DISPLAY 24 0 2
POSITION 0 2 9
POSITION 1 9 1
POSITION 2 2 5
POSITION 3 5 7
PLAYER 1
.
TICK 12
FIELDS 13 8 8 1 15 14 9 5 10 4 10 15 5 5 12 10 10 5 13 5 1 5 15 14 10 6 6 1 5 13 7 2 5 3 12 13 7 6 15 3 14 9 5 3 14 6 10 9 3 5 4 15 6 1 5 5 7 11 14 15 4 7 4 8 11 3 11 1 14 5 15 1 9 5 5 10 14 10 5 9 11 7 15 3 1 10 15 5 5 6 3 3 5 9 9 5 5 15 9 10
DISPLAY 1 6 3
DISPLAY 2 0 5
DISPLAY 3 9 2
DISPLAY 4 5 9
DISPLAY 5 8 9
DISPLAY 6 1 4
DISPLAY 7 8 2
DISPLAY 8 3 9
DISPLAY 9 9 3
DISPLAY 10 2 7
DISPLAY 11 0 4
DISPLAY 12 0 8
DISPLAY 13 3 2
DISPLAY 14 3 3
DISPLAY 16 7 6
DISPLAY 17 2 0
DISPLAY 18 5 8
DISPLAY 20 4 6
DISPLAY 21 2 5
DISPLAY 22 3 6
DISPLAY 23 1 8
DISPLAY 24 0 2
POSITION 0 2 9
POSITION 1 9 1
POSITION 2 2 5
POSITION 3 5 7
PLAYER 2
.
TICK 12
FIELDS 13 8 4 1 15 14 9 5 10 4 10 15 8 5 12 10 10 5 13 5 1 5 5 14 10 6 6 1 5 13 7 2 15 3 12 13 7 6 15 3 14 9 5 3 14 6 10 9 3 5 4 15 5 1 5 5 7 11 14 15 4 7 6 8 11 3 11 1 14 5 15 1 4 5 5 10 14 10 5 9 11 7 9 3 1 10 15 5 5 6 3 3 15 9 9 5 5 15 9 10
DISPLAY 1 6 3
DISPLAY 2 0 5
DISPLAY 3 9 2
DISPLAY 4 5 9
DISPLAY 5 8 9
DISPLAY 6 1 4
DISPLAY 7 8 2
DISPLAY 8 3 9
DISPLAY 9 9 3
DISPLAY 10 2 8
DISPLAY 11 0 4
DISPLAY 12 0 8
DISPLAY 13 3 2
DISPLAY 14 3 3
DISPLAY 16 7 6
DISPLAY 17 2 1
DISPLAY 18 5 8
DISPLAY 20 4 6
DISPLAY 21 2 6
DISPLAY 22 3 6
DISPLAY 23 1 8
DISPLAY 24 0 2
POSITION 0 2 0
POSITION 1 9 1
POSITION 2 2 6
POSITION 3 5 7
PLAYER 3
.
TICK 13
FIELDS 13 8 4 1 15 14 9 5 10 4 10 15 8 5 12 10 10 5 13 5 1 5 5 14 10 6 6 1 5 13 6 7 2 15 3 12 13 7 6 15 14 9 5 3 14 6 10 9 3 5 4 15 5 1 5 5 7 11 14 15 4 7 6 8 11 3 11 1 14 5 15 1 4 5 5 10 14 10 5 9 11 7 9 3 1 10 15 5 5 6 3 3 15 9 9 5 5 15 9 10
DISPLAY 1 7 3
DISPLAY 2 0 5
DISPLAY 3 9 2
DISPLAY 4 5 9
DISPLAY 5 8 9
DISPLAY 6 1 4
DISPLAY 7 8 2
DISPLAY 8 3 9
DISPLAY 9 0 3
DISPLAY 10 2 8
DISPLAY 11 0 4
DISPLAY 12 0 8
DISPLAY 13 3 2
DISPLAY 14 4 3
DISPLAY 16 7 6
DISPLAY 17 2 1
DISPLAY 18 5 8
DISPLAY 20 4 6
DISPLAY 21 2 6
DISPLAY 22 3 6
DISPLAY 23 1 8
DISPLAY 24 0 2
POSITION 0 2 0
POSITION 1 9 1
POSITION 2 2 6
POSITION 3 5 7
PLAYER 0
MESSAGE OK
TARGET 18
EXTRAFIELD 6
.
TICK 13
FIELDS 13 8 8 1 15 14 9 5 10 4 10 15 5 5 12 10 10 5 13 5 1 5 2 14 10 6 6 1 5 13 6 7 5 15 3 12 13 7 6 15 14 9 5 3 14 6 10 9 3 5 4 15 6 1 5 5 7 11 14 15 4 7 4 8 11 3 11 1 14 5 15 1 9 5 5 10 14 10 5 9 11 7 15 3 1 10 15 5 5 6 3 3 9 9 9 5 5 15 9 10
DISPLAY 1 7 3
DISPLAY 2 0 5
DISPLAY 3 9 2
DISPLAY 4 5 9
DISPLAY 5 8 9
DISPLAY 6 1 4
DISPLAY 7 8 2
DISPLAY 8 3 9
DISPLAY 9 0 3
DISPLAY 10 2 7
DISPLAY 11 0 4
DISPLAY 12 0 8
DISPLAY 13 3 2
DISPLAY 14 4 3
DISPLAY 16 7 6
DISPLAY 17 2 0
DISPLAY 18 5 8
DISPLAY 20 4 6
DISPLAY 21 2 5
DISPLAY 22 3 6
DISPLAY 23 1 8
DISPLAY 24 0 2
POSITION 0 3 7
POSITION 1 9 1
POSITION 2 2 5
POSITION 3 5 7
PLAYER 1
.
TICK 13
FIELDS 13 8 8 1 15 14 9 5 10 4 10 15 5 5 12 10 10 5 13 5 1 5 2 14 10 6 6 1 5 13 6 7 5 15 3 12 13 7 6 15 14 9 5 3 14 6 10 9 3 5 4 15 6 1 5 5 7 11 14 15 4 7 4 8 11 3 11 1 14 5 15 1 9 5 5 10 14 10 5 9 11 7 15 3 1 10 15 5 5 6 3 9 9 9 5 5 15 9 10 15
DISPLAY 1 7 3
DISPLAY 2 0 5
DISPLAY 3 9 2
DISPLAY 4 4 9
DISPLAY 5 7 9
DISPLAY 6 1 4
DISPLAY 7 8 2
DISPLAY 8 2 9
DISPLAY 9 0 3
DISPLAY 10 2 7
DISPLAY 11 0 4
DISPLAY 12 0 8
DISPLAY 13 3 2
DISPLAY 14 4 3
DISPLAY 16 7 6
DISPLAY 17 2 0
DISPLAY 18 5 8
DISPLAY 20 4 6
DISPLAY 21 2 5
DISPLAY 22 3 6
DISPLAY 23 1 8
DISPLAY 24 0 2
POSITION 0 3 7
POSITION 1 9 1
POSITION 2 2 5
POSITION 3 5 7
PLAYER 2
.
TICK 13
FIELDS 13 8 5 1 15 14 9 5 10 4 10 15 8 5 12 10 10 5 13 5 1 5 5 14 10 6 6 1 5 13 6 7 2 15 3 12 13 7 6 15 14 9 5 3 14 6 10 9 3 5 4 15 5 1 5 5 7 11 14 15 4 7 6 8 11 3 11 1 14 5 15 1 4 5 5 10 14 10 5 9 11 7 9 3 1 10 15 5 5 6 3 9 15 9 5 5 15 9 10 15
DISPLAY 1 7 3
DISPLAY 2 0 5
DISPLAY 3 9 2
DISPLAY 4 4 9
DISPLAY 5 7 9
DISPLAY 6 1 4
DISPLAY 7 8 2
DISPLAY 8 2 0
DISPLAY 9 0 3
DISPLAY 10 2 8
DISPLAY 11 0 4
DISPLAY 12 0 8
DISPLAY 13 3 2
DISPLAY 14 4 3
DISPLAY 16 7 6
DISPLAY 17 2 1
DISPLAY 18 5 8
DISPLAY 20 4 6
DISPLAY 21 2 6
DISPLAY 22 3 6
DISPLAY 23 1 8
DISPLAY 24 0 2
POSITION 0 3 7
POSITION 1 9 1
POSITION 2 2 6
POSITION 3 5 7
PLAYER 3
.
TICK 14
FIELDS 13 8 5 1 15 14 9 5 10 4 10 15 8 5 12 10 10 5 13 5 1 5 5 14 10 6 6 1 5 13 3 6 7 2 15 3 12 13 7 6 14 9 5 3 14 6 10 9 3 5 4 15 5 1 5 5 7 11 14 15 4 7 6 8 11 3 11 1 14 5 15 1 4 5 5 10 14 10 5 9 11 7 9 3 1 10 15 5 5 6 3 9 15 9 5 5 15 9 10 15
DISPLAY 1 8 3
DISPLAY 2 0 5
DISPLAY 3 9 2
DISPLAY 4 4 9
DISPLAY 5 7 9
DISPLAY 6 1 4
DISPLAY 7 8 2
DISPLAY 8 2 0
DISPLAY 9 1 3
DISPLAY 10 2 8
DISPLAY 11 0 4
DISPLAY 12 0 8
DISPLAY 13 3 2
DISPLAY 14 5 3
DISPLAY 16 7 6
DISPLAY 17 2 1
DISPLAY 18 5 8
DISPLAY 20 4 6
DISPLAY 21 2 6
DISPLAY 22 3 6
DISPLAY 23 1 8
DISPLAY 24 0 2
POSITION 0 3 7
POSITION 1 9 1
POSITION 2 2 6
POSITION 3 5 7
PLAYER 0
MESSAGE OK
TARGET 18
EXTRAFIELD 4
.
TICK 14
FIELDS 13 8 5 1 15 14 9 5 10 4 10 15 8 5 12 10 10 5 13 5 1 5 5 14 10 6 6 1 5 13 3 6 7 2 15 3 12 13 7 6 14 9 5 3 14 6 10 9 3 5 4 15 5 1 5 5 7 11 14 15 4 7 6 8 11 3 11 1 14 5 4 15 1 4 5 5 10 14 10 5 11 7 9 3 1 10 15 5 5 6 3 9 15 9 5 5 15 9 10 15
DISPLAY 1 8 3
DISPLAY 2 0 5
DISPLAY 3 9 2
DISPLAY 4 4 9
DISPLAY 5 7 9
DISPLAY 6 1 4
DISPLAY 7 8 2
DISPLAY 8 2 0
DISPLAY 9 1 3
DISPLAY 10 2 8
DISPLAY 11 0 4
DISPLAY 12 0 8
DISPLAY 13 3 2
DISPLAY 14 5 3
DISPLAY 16 7 6
DISPLAY 17 2 1
DISPLAY 18 5 8
DISPLAY 20 4 6
DISPLAY 21 2 6
DISPLAY 22 3 6
DISPLAY 23 1 8
DISPLAY 24 0 2
POSITION 0 4 8
POSITION 1 9 1
POSITION 2 2 6
POSITION 3 6 7
PLAYER 1
.
TICK 14
FIELDS 13 8 5 1 15 14 9 5 10 4 10 15 8 5 12 10 10 5 13 5 1 5 5 14 10 6 6 1 5 13 3 6 7 2 15 3 12 13 7 6 14 9 5 3 14 6 10 9 3 5 4 15 5 1 5 5 7 11 14 15 4 7 6 8 11 3 11 1 14 5 3 4 15 1 4 5 5 10 14 10 11 7 9 3 1 10 15 5 5 6 3 9 15 9 5 5 15 9 10 15
DISPLAY 1 8 3
DISPLAY 2 0 5
DISPLAY 3 9 2
DISPLAY 4 4 9
DISPLAY 5 7 9
DISPLAY 6 1 4
DISPLAY 7 8 2
DISPLAY 8 2 0
DISPLAY 9 1 3
DISPLAY 10 2 8
DISPLAY 11 0 4
DISPLAY 12 0 8
DISPLAY 13 3 2
DISPLAY 14 5 3
DISPLAY 16 7 6
DISPLAY 17 2 1
DISPLAY 18 5 8
DISPLAY 20 4 6
DISPLAY 21 2 6
DISPLAY 22 3 6
DISPLAY 23 1 8
DISPLAY 24 0 2
POSITION 0 4 8
POSITION 1 9 1
POSITION 2 2 6
POSITION 3 7 7
PLAYER 2
.
TICK 14
FIELDS 9 8 5 1 15 14 9 5 10 4 13 15 8 5 12 10 10 5 13 5 10 5 5 14 10 6 6 1 5 13 1 6 7 2 15 3 12 13 7 6 3 9 5 3 14 6 10 9 3 5 14 15 5 1 5 5 7 11 14 15 4 7 6 8 11 3 11 1 14 5 4 4 15 1 4 5 5 10 14 10 3 7 9 3 1 10 15 5 5 6 11 9 15 9 5 5 15 9 10 15
DISPLAY 1 8 3
DISPLAY 2 0 6
DISPLAY 3 9 2
DISPLAY 4 4 9
DISPLAY 5 7 9
DISPLAY 6 1 4
DISPLAY 7 8 2
DISPLAY 8 2 0
DISPLAY 9 1 3
DISPLAY 10 2 8
DISPLAY 11 0 5
DISPLAY 12 0 9
DISPLAY 13 3 2
DISPLAY 14 5 3
DISPLAY 16 7 6
DISPLAY 17 2 1
DISPLAY 18 5 8
DISPLAY 20 4 6
DISPLAY 21 2 6
DISPLAY 22 3 6
DISPLAY 23 1 8
DISPLAY 24 0 3
POSITION 0 4 8
POSITION 1 9 1
POSITION 2 2 6
POSITION 3 7 7
PLAYER 3
.
TICK 15
FIELDS 9 8 5 1 15 14 9 5 10 4 13 15 8 5 12 10 10 5 13 5 10 5 5 14 10 6 6 1 5 13 15 1 6 7 2 15 3 12 13 7 3 9 5 3 14 6 10 9 3 5 14 15 5 1 5 5 7 11 14 15 4 7 6 8 11 3 11 1 14 5 4 4 15 1 4 5 5 10 14 10 3 7 9 3 1 10 15 5 5 6 11 9 15 9 5 5 15 9 10 15
DISPLAY 1 9 3
DISPLAY 2 0 6
DISPLAY 3 9 2
DISPLAY 4 4 9
DISPLAY 5 7 9
DISPLAY 6 1 4
DISPLAY 7 8 2
DISPLAY 8 2 0
DISPLAY 9 2 3
DISPLAY 10 2 8
DISPLAY 11 0 5
DISPLAY 12 0 9
DISPLAY 13 3 2
DISPLAY 14 6 3
DISPLAY 16 7 6
DISPLAY 17 2 1
DISPLAY 18 5 8
DISPLAY 20 4 6
DISPLAY 21 2 6
DISPLAY 22 3 6
DISPLAY 23 1 8
DISPLAY 24 1 3
POSITION 0 4 8
POSITION 1 9 1
POSITION 2 2 6
POSITION 3 7 7
PLAYER 0
MESSAGE OK
TARGET 18
EXTRAFIELD 9
.
TICK 15
FIELDS 9 8 5 1 15 14 9 5 10 4 9 15 8 5 12 10 10 5 13 5 13 5 5 14 10 6 6 1 5 13 10 1 6 7 2 15 3 12 13 7 15 9 5 3 14 6 10 9 3 5 3 15 5 1 5 5 7 11 14 15 14 7 6 8 11 3 11 1 14 5 4 4 15 1 4 5 5 10 14 10 4 7 9 3 1 10 15 5 5 6 3 9 15 9 5 5 15 9 10 15
DISPLAY 1 9 3
DISPLAY 2 0 7
DISPLAY 3 9 2
DISPLAY 4 4 9
DISPLAY 5 7 9
DISPLAY 6 1 4
DISPLAY 7 8 2
DISPLAY 8 2 0
DISPLAY 9 2 3
DISPLAY 10 2 8
DISPLAY 11 0 6
DISPLAY 12 0 0
DISPLAY 13 3 2
DISPLAY 14 6 3
DISPLAY 16 7 6
DISPLAY 17 2 1
DISPLAY 18 5 8
DISPLAY 20 4 6
DISPLAY 21 2 6
DISPLAY 22 3 6
DISPLAY 23 1 8
DISPLAY 24 1 3
POSITION 0 4 8
POSITION 1 9 1
POSITION 2 2 6
POSITION 3 7 7
PLAYER 1
.
TICK 15
FIELDS 9 8 8 1 15 14 9 5 10 4 9 15 5 5 12 10 10 5 13 5 13 5 6 14 10 6 6 1 5 13 10 1 5 7 2 15 3 12 13 7 15 9 5 3 14 6 10 9 3 5 3 15 6 1 5 5 7 11 14 15 14 7 15 8 11 3 11 1 14 5 4 4 9 1 4 5 5 10 14 10 4 7 15 3 1 10 15 5 5 6 3 9 5 9 5 5 15 9 10 15
DISPLAY 1 9 3
DISPLAY 2 0 7
DISPLAY 3 9 2
DISPLAY 4 4 9
DISPLAY 5 7 9
DISPLAY 6 1 4
DISPLAY 7 8 2
DISPLAY 8 2 9
DISPLAY 9 2 2
DISPLAY 10 2 7
DISPLAY 11 0 6
DISPLAY 12 0 0
DISPLAY 13 3 2
DISPLAY 14 6 3
DISPLAY 16 7 6
DISPLAY 17 2 0
DISPLAY 18 5 8
DISPLAY 20 4 6
DISPLAY 21 2 5
DISPLAY 22 3 6
DISPLAY 23 1 8
DISPLAY 24 1 3
POSITION 0 4 8
POSITION 1 9 1
POSITION 2 2 5
POSITION 3 7 7
PLAYER 2
.
TICK 15
FIELDS 3 8 8 1 15 14 9 5 10 4 9 15 5 5 12 10 10 5 13 5 9 5 6 14 10 6 6 1 5 13 13 1 5 7 2 15 3 12 13 7 10 9 5 3 14 6 10 9 3 5 15 15 6 1 5 5 7 11 14 15 3 7 15 8 11 3 11 1 14 5 14 4 9 1 4 5 5 10 14 10 4 7 15 3 1 10 15 5 5 6 4 9 5 9 5 5 15 9 10 15
DISPLAY 1 9 3
DISPLAY 2 0 8
DISPLAY 3 9 2
DISPLAY 4 4 9
DISPLAY 5 7 9
DISPLAY 6 1 4
DISPLAY 7 8 2
DISPLAY 8 2 9
DISPLAY 9 2 2
DISPLAY 10 2 7
DISPLAY 11 0 7
DISPLAY 12 0 1
DISPLAY 13 3 2
DISPLAY 14 6 3
DISPLAY 16 7 6
DISPLAY 17 2 0
DISPLAY 18 5 8
DISPLAY 20 4 6
DISPLAY 21 2 5
DISPLAY 22 3 6
DISPLAY 23 1 8
DISPLAY 24 1 3
POSITION 0 4 8
POSITION 1 9 1
POSITION 2 2 6
POSITION 3 7 7
PLAYER 3
.
TICK 16
FIELDS 3 8 8 1 15 14 9 5 10 4 9 15 5 5 12 10 10 5 13 5 9 5 6 14 10 6 6 1 5 13 1 5 7 2 15 3 12 13 7 6 10 9 5 3 14 6 10 9 3 5 15 15 6 1 5 5 7 11 14 15 3 7 15 8 11 3 11 1 14 5 14 4 9 1 4 5 5 10 14 10 4 7 15 3 1 10 15 5 5 6 4 9 5 9 5 5 15 9 10 15
DISPLAY 1 8 3
DISPLAY 2 0 8
DISPLAY 3 9 2
DISPLAY 4 4 9
DISPLAY 5 7 9
DISPLAY 6 1 4
DISPLAY 7 8 2
DISPLAY 8 2 9
DISPLAY 9 2 2
DISPLAY 10 2 7
DISPLAY 11 0 7
DISPLAY 12 0 1
DISPLAY 13 3 2
DISPLAY 14 5 3
DISPLAY 16 7 6
DISPLAY 17 2 0
DISPLAY 18 5 8
DISPLAY 20 4 6
DISPLAY 21 2 5
DISPLAY 22 3 6
DISPLAY 23 1 8
DISPLAY 24 0 3
POSITION 0 4 8
POSITION 1 9 1
POSITION 2 2 6
POSITION 3 7 7
PLAYER 0
MESSAGE OK
TARGET 18
EXTRAFIELD 11
.
TICK 16
FIELDS 11 8 8 1 15 14 9 5 10 4 3 15 5 5 12 10 10 5 13 5 9 5 6 14 10 6 6 1 5 13 9 5 7 2 15 3 12 13 7 6 1 9 5 3 14 6 10 9 3 5 10 15 6 1 5 5 7 11 14 15 15 7 15 8 11 3 11 1 14 5 3 4 9 1 4 5 5 10 14 10 14 7 15 3 1 10 15 5 5 6 4 9 5 9 5 5 15 9 10 15
DISPLAY 1 8 3
DISPLAY 2 0 9
DISPLAY 3 9 2
DISPLAY 4 4 9
DISPLAY 5 7 9
DISPLAY 6 1 4
DISPLAY 7 8 2
DISPLAY 8 2 9
DISPLAY 9 2 2
DISPLAY 10 2 7
DISPLAY 11 0 8
DISPLAY 12 0 2
DISPLAY 13 3 2
DISPLAY 14 5 3
DISPLAY 16 7 6
DISPLAY 17 2 0
DISPLAY 18 5 8
DISPLAY 20 4 6
DISPLAY 21 2 5
DISPLAY 22 3 6
DISPLAY 23 1 8
DISPLAY 24 0 4
POSITION 0 4 8
POSITION 1 9 1
POSITION 2 2 6
POSITION 3 7 7
PLAYER 1
.
TICK 16
FIELDS 11 8 8 1 15 14 9 5 10 5 3 15 5 5 12 10 10 5 13 13 9 5 6 14 10 6 6 1 5 6 9 5 7 2 15 3 12 13 7 5 1 9 5 3 14 6 10 9 3 15 10 15 6 1 5 5 7 11 14 5 15 7 15 8 11 3 11 1 14 10 3 4 9 1 4 5 5 10 14 6 14 7 15 3 1 10 15 5 5 15 4 9 5 9 5 5 15 9 10 5
DISPLAY 1 8 3
DISPLAY 2 0 9
DISPLAY 3 9 1
DISPLAY 4 4 9
DISPLAY 5 7 9
DISPLAY 6 1 4
DISPLAY 7 8 2
DISPLAY 8 2 9
DISPLAY 9 2 2
DISPLAY 10 2 7
DISPLAY 11 0 8
DISPLAY 12 0 2
DISPLAY 13 3 2
DISPLAY 14 5 3
DISPLAY 16 7 6
DISPLAY 17 2 0
DISPLAY 18 5 8
DISPLAY 20 4 6
DISPLAY 21 2 5
DISPLAY 22 3 6
DISPLAY 23 1 8
DISPLAY 24 0 4
POSITION 0 4 8
POSITION 1 9 0
POSITION 2 2 6
POSITION 3 7 7
PLAYER 2
.
TICK 16
FIELDS 3 8 8 1 15 14 9 5 10 5 11 15 5 5 12 10 10 5 13 13 3 5 6 14 10 6 6 1 5 6 9 5 7 2 15 3 12 13 7 5 9 9 5 3 14 6 10 9 3 15 1 15 6 1 5 5 7 11 14 5 10 7 15 8 11 3 11 1 14 10 15 4 9 1 4 5 5 10 14 6 3 7 15 3 1 10 15 5 5 15 14 9 5 9 5 5 15 9 10 5
DISPLAY 1 8 3
DISPLAY 2 0 0
DISPLAY 3 9 1
DISPLAY 4 4 9
DISPLAY 5 7 9
DISPLAY 6 1 4
DISPLAY 7 8 2
DISPLAY 8 2 9
DISPLAY 9 2 2
DISPLAY 10 2 7
DISPLAY 11 0 9
DISPLAY 12 0 3
DISPLAY 13 3 2
DISPLAY 14 5 3
DISPLAY 16 7 6
DISPLAY 17 2 0
DISPLAY 18 5 8
DISPLAY 20 4 6
DISPLAY 21 2 5
DISPLAY 22 3 6
DISPLAY 23 1 8
DISPLAY 24 0 5
POSITION 0 4 8
POSITION 1 9 0
POSITION 2 2 6
POSITION 3 7 7
PLAYER 3
.
TICK 17
FIELDS 3 8 8 1 15 14 9 5 10 5 11 15 5 5 12 10 10 5 13 13 3 5 6 14 10 6 6 1 5 6 5 7 2 15 3 12 13 7 5 13 9 9 5 3 14 6 10 9 3 15 1 15 6 1 5 5 7 11 14 5 10 7 15 8 11 3 11 1 14 10 15 4 9 1 4 5 5 10 14 6 3 7 15 3 1 10 15 5 5 15 14 9 5 9 5 5 15 9 10 5
DISPLAY 1 7 3
DISPLAY 2 0 0
DISPLAY 3 9 1
DISPLAY 4 4 9
DISPLAY 5 7 9
DISPLAY 6 1 4
DISPLAY 7 8 2
DISPLAY 8 2 9
DISPLAY 9 2 2
DISPLAY 10 2 7
DISPLAY 11 0 9
DISPLAY 12 9 3
DISPLAY 13 3 2
DISPLAY 14 4 3
DISPLAY 16 7 6
DISPLAY 17 2 0
DISPLAY 18 5 8
DISPLAY 20 4 6
DISPLAY 21 2 5
DISPLAY 22 3 6
DISPLAY 23 1 8
DISPLAY 24 0 5
POSITION 0 4 8
POSITION 1 9 0
POSITION 2 2 6
POSITION 3 7 7
PLAYER 0
MESSAGE OK
TARGET 18
EXTRAFIELD 4
.
TICK 17
FIELDS 4 8 8 1 15 14 9 5 10 5 3 15 5 5 12 10 10 5 13 13 11 5 6 14 10 6 6 1 5 6 3 7 2 15 3 12 13 7 5 13 5 9 5 3 14 6 10 9 3 15 9 15 6 1 5 5 7 11 14 5 1 7 15 8 11 3 11 1 14 10 10 4 9 1 4 5 5 10 14 6 15 7 15 3 1 10 15 5 5 15 3 9 5 9 5 5 15 9 10 5
DISPLAY 1 7 3
DISPLAY 2 0 1
DISPLAY 3 9 1
DISPLAY 4 4 9
DISPLAY 5 7 9
DISPLAY 6 1 4
DISPLAY 7 8 2
DISPLAY 8 2 9
DISPLAY 9 2 2
DISPLAY 10 2 7
DISPLAY 11 0 0
DISPLAY 12 9 3
DISPLAY 13 3 2
DISPLAY 14 4 3
DISPLAY 16 7 6
DISPLAY 17 2 0
DISPLAY 18 5 8
DISPLAY 20 4 6
DISPLAY 21 2 5
DISPLAY 22 3 6
DISPLAY 23 1 8
DISPLAY 24 0 6
POSITION 0 4 8
POSITION 1 9 0
POSITION 2 2 6
POSITION 3 7 7
PLAYER 1
.
TICK 17
FIELDS 4 8 8 5 15 14 9 5 10 5 3 15 5 14 12 10 10 5 13 13 11 5 6 15 10 6 6 1 5 6 3 7 2 3 3 12 13 7 5 13 5 9 5 1 14 6 10 9 3 15 9 15 6 8 5 5 7 11 14 5 1 7 15 1 11 3 11 1 14 10 10 4 9 3 4 5 5 10 14 6 15 7 15 9 1 10 15 5 5 15 3 9 5 4 5 5 15 9 10 5
DISPLAY 1 7 3
DISPLAY 2 0 1
DISPLAY 3 9 1
DISPLAY 4 4 9
DISPLAY 5 7 9
DISPLAY 6 1 4
DISPLAY 7 8 2
DISPLAY 8 2 9
DISPLAY 9 2 2
DISPLAY 10 2 7
DISPLAY 11 0 0
DISPLAY 12 9 3
DISPLAY 13 3 1
DISPLAY 14 4 3
DISPLAY 16 7 6
DISPLAY 17 2 0
DISPLAY 18 5 8
DISPLAY 20 4 6
DISPLAY 21 2 5
DISPLAY 22 3 5
DISPLAY 23 1 8
DISPLAY 24 0 6
POSITION 0 4 8
POSITION 1 9 0
POSITION 2 2 6
POSITION 3 7 7
PLAYER 2
.
TICK 17
FIELDS 4 8 8 5 15 14 9 5 10 5 4 15 5 14 12 10 10 5 13 13 3 5 6 15 10 6 6 1 5 6 11 7 2 3 3 12 13 7 5 13 3 9 5 1 14 6 10 9 3 15 5 15 6 8 5 5 7 11 14 5 9 7 15 1 11 3 11 1 14 10 1 4 9 3 4 5 5 10 14 6 10 7 15 9 1 10 15 5 5 15 15 9 5 4 5 5 15 9 10 5
DISPLAY 1 7 3
DISPLAY 2 0 2
DISPLAY 3 9 1
DISPLAY 4 4 9
DISPLAY 5 7 9
DISPLAY 6 1 4
DISPLAY 7 8 2
DISPLAY 8 2 9
DISPLAY 9 2 2
DISPLAY 10 2 7
DISPLAY 11 0 1
DISPLAY 12 9 3
DISPLAY 13 3 1
DISPLAY 14 4 3
DISPLAY 16 7 6
DISPLAY 17 2 0
DISPLAY 18 5 8
DISPLAY 20 4 6
DISPLAY 21 2 5
DISPLAY 22 3 5
DISPLAY 23 1 8
DISPLAY 24 0 7
POSITION 0 4 8
POSITION 1 9 0
POSITION 2 2 5
POSITION 3 7 7
PLAYER 3
.
TICK 18
FIELDS 4 8 8 5 15 14 9 5 10 5 4 15 5 14 12 10 10 5 13 13 3 5 6 15 10 6 6 1 5 6 9 11 7 2 3 3 12 13 7 5 3 9 5 1 14 6 10 9 3 15 5 15 6 8 5 5 7 11 14 5 9 7 15 1 11 3 11 1 14 10 1 4 9 3 4 5 5 10 14 6 10 7 15 9 1 10 15 5 5 15 15 9 5 4 5 5 15 9 10 5
DISPLAY 1 8 3
DISPLAY 2 0 2
DISPLAY 3 9 1
DISPLAY 4 4 9
DISPLAY 5 7 9
DISPLAY 6 1 4
DISPLAY 7 8 2
DISPLAY 8 2 9
DISPLAY 9 2 2
DISPLAY 10 2 7
DISPLAY 11 0 1
DISPLAY 12 0 3
DISPLAY 13 3 1
DISPLAY 14 5 3
DISPLAY 16 7 6
DISPLAY 17 2 0
DISPLAY 18 5 8
DISPLAY 20 4 6
DISPLAY 21 2 5
DISPLAY 22 3 5
DISPLAY 23 1 8
DISPLAY 24 0 7
POSITION 0 4 8
POSITION 1 9 0
POSITION 2 2 5
POSITION 3 7 7
PLAYER 0
MESSAGE OK
TARGET 18
EXTRAFIELD 14
.
TICK 18
FIELDS 14 8 8 5 15 14 9 5 10 5 4 15 5 14 12 10 10 5 13 13 4 5 6 15 10 6 6 1 5 6 3 11 7 2 3 3 12 13 7 5 9 9 5 1 14 6 10 9 3 15 3 15 6 8 5 5 7 11 14 5 5 7 15 1 11 3 11 1 14 10 9 4 9 3 4 5 5 10 14 6 1 7 15 9 1 10 15 5 5 15 10 9 5 4 5 5 15 9 10 5
DISPLAY 1 8 3
DISPLAY 2 0 3
DISPLAY 3 9 1
DISPLAY 4 4 9
DISPLAY 5 7 9
DISPLAY 6 1 4
DISPLAY 7 8 2
DISPLAY 8 2 9
DISPLAY 9 2 2
DISPLAY 10 2 7
DISPLAY 11 0 2
DISPLAY 12 0 4
DISPLAY 13 3 1
DISPLAY 14 5 3
DISPLAY 16 7 6
DISPLAY 17 2 0
DISPLAY 18 5 8
DISPLAY 20 4 6
DISPLAY 21 2 5
DISPLAY 22 3 5
DISPLAY 23 1 8
DISPLAY 24 0 8
POSITION 0 4 8
POSITION 1 9 0
POSITION 2 2 5
POSITION 3 7 7
PLAYER 1
.
TICK 18
FIELDS 14 8 8 5 15 14 9 5 10 5 4 15 5 14 12 10 10 5 13 13 4 5 6 15 10 6 6 1 5 6 3 11 7 2 3 3 12 13 7 5 9 9 5 1 14 6 10 9 3 15 3 15 6 8 5 5 7 11 14 5 5 7 15 1 11 3 11 1 14 10 4 9 3 4 5 5 10 14 6 1 1 7 15 9 1 10 15 5 5 15 10 9 5 4 5 5 15 9 10 5
DISPLAY 1 8 3
DISPLAY 2 0 3
DISPLAY 3 9 1
DISPLAY 4 4 9
DISPLAY 5 7 9
DISPLAY 6 1 4
DISPLAY 7 8 2
DISPLAY 8 2 9
DISPLAY 9 2 2
DISPLAY 10 1 7
DISPLAY 11 0 2
DISPLAY 12 0 4
DISPLAY 13 3 1
DISPLAY 14 5 3
DISPLAY 16 7 6
DISPLAY 17 2 0
DISPLAY 18 5 8
DISPLAY 20 4 6
DISPLAY 21 2 5
DISPLAY 22 3 5
DISPLAY 23 1 8
DISPLAY 24 0 8
POSITION 0 4 8
POSITION 1 9 0
POSITION 2 2 5
POSITION 3 6 7
PLAYER 2
.
TICK 18
FIELDS 3 8 8 5 15 14 9 5 10 5 14 15 5 14 12 10 10 5 13 13 4 5 6 15 10 6 6 1 5 6 4 11 7 2 3 3 12 13 7 5 3 9 5 1 14 6 10 9 3 15 9 15 6 8 5 5 7 11 14 5 3 7 15 1 11 3 11 1 14 10 5 9 3 4 5 5 10 14 6 1 4 7 15 9 1 10 15 5 5 15 1 9 5 4 5 5 15 9 10 5
DISPLAY 1 8 3
DISPLAY 2 0 4
DISPLAY 3 9 1
DISPLAY 4 4 9
DISPLAY 5 7 9
DISPLAY 6 1 4
DISPLAY 7 8 2
DISPLAY 8 2 9
DISPLAY 9 2 2
DISPLAY 10 1 7
DISPLAY 11 0 3
DISPLAY 12 0 5
DISPLAY 13 3 1
DISPLAY 14 5 3
DISPLAY 16 7 6
DISPLAY 17 2 0
DISPLAY 18 5 8
DISPLAY 20 4 6
DISPLAY 21 2 5
DISPLAY 22 3 5
DISPLAY 23 1 8
DISPLAY 24 0 9
POSITION 0 4 8
POSITION 1 9 0
POSITION 2 2 5
POSITION 3 6 7
PLAYER 3
.
TICK 19
FIELDS 3 8 8 5 15 14 9 5 10 5 14 15 5 14 12 10 10 5 13 13 4 5 6 15 10 6 6 1 5 6 11 7 2 3 3 12 13 7 5 13 3 9 5 1 14 6 10 9 3 15 9 15 6 8 5 5 7 11 14 5 3 7 15 1 11 3 11 1 14 10 5 9 3 4 5 5 10 14 6 1 4 7 15 9 1 10 15 5 5 15 1 9 5 4 5 5 15 9 10 5
DISPLAY 1 7 3
DISPLAY 2 0 4
DISPLAY 3 9 1
DISPLAY 4 4 9
DISPLAY 5 7 9
DISPLAY 6 1 4
DISPLAY 7 8 2
DISPLAY 8 2 9
DISPLAY 9 2 2
DISPLAY 10 1 7
DISPLAY 11 9 3
DISPLAY 12 0 5
DISPLAY 13 3 1
DISPLAY 14 4 3
DISPLAY 16 7 6
DISPLAY 17 2 0
DISPLAY 18 5 8
DISPLAY 20 4 6
DISPLAY 21 2 5
DISPLAY 22 3 5
DISPLAY 23 1 8
DISPLAY 24 0 9
POSITION 0 4 8
POSITION 1 9 0
POSITION 2 2 5
POSITION 3 6 7
PLAYER 0
MESSAGE OK
TARGET 18
EXTRAFIELD 15
.
TICK 19
FIELDS 15 8 8 5 15 14 9 5 10 5 3 15 5 14 12 10 10 5 13 13 14 5 6 15 10 6 6 1 5 6 4 7 2 3 3 12 13 7 5 13 11 9 5 1 14 6 10 9 3 15 3 15 6 8 5 5 7 11 14 5 9 7 15 1 11 3 11 1 14 10 3 9 3 4 5 5 10 14 6 1 5 7 15 9 1 10 15 5 5 15 4 9 5 4 5 5 15 9 10 5
DISPLAY 1 7 3
DISPLAY 2 0 5
DISPLAY 3 9 1
DISPLAY 4 4 9
DISPLAY 5 7 9
DISPLAY 6 1 4
DISPLAY 7 8 2
DISPLAY 8 2 9
DISPLAY 9 2 2
DISPLAY 10 1 7
DISPLAY 11 9 3
DISPLAY 12 0 6
DISPLAY 13 3 1
DISPLAY 14 4 3
DISPLAY 16 7 6
DISPLAY 17 2 0
DISPLAY 18 5 8
DISPLAY 20 4 6
DISPLAY 21 2 5
DISPLAY 22 3 5
DISPLAY 23 1 8
DISPLAY 24 0 0
POSITION 0 4 8
POSITION 1 9 0
POSITION 2 2 5
POSITION 3 6 7
PLAYER 1
.
TICK 19
FIELDS 15 8 8 5 15 14 9 5 10 5 3 15 5 14 12 10 10 5 13 13 14 5 6 15 10 6 6 1 5 6 4 7 2 3 3 12 13 7 5 13 11 9 5 1 14 6 10 9 3 15 3 15 6 8 5 5 7 11 14 5 7 15 1 11 3 11 1 14 10 9 3 9 3 4 5 5 10 14 6 1 5 7 15 9 1 10 15 5 5 15 4 9 5 4 5 5 15 9 10 5
DISPLAY 1 7 3
DISPLAY 2 0 5
DISPLAY 3 9 1
DISPLAY 4 4 9
DISPLAY 5 7 9
DISPLAY 6 1 4
DISPLAY 7 8 2
DISPLAY 8 2 9
DISPLAY 9 2 2
DISPLAY 10 1 7
DISPLAY 11 9 3
DISPLAY 12 9 6
DISPLAY 13 3 1
DISPLAY 14 4 3
DISPLAY 16 6 6
DISPLAY 17 2 0
DISPLAY 18 5 8
DISPLAY 20 3 6
DISPLAY 21 2 5
DISPLAY 22 3 5
DISPLAY 23 1 8
DISPLAY 24 0 0
POSITION 0 4 8
POSITION 1 9 0
POSITION 2 2 5
POSITION 3 6 7
PLAYER 2
.
TICK 19
FIELDS 10 8 8 5 15 14 9 5 10 5 15 15 5 14 12 10 10 5 13 13 3 5 6 15 10 6 6 1 5 6 14 7 2 3 3 12 13 7 5 13 4 9 5 1 14 6 10 9 3 15 11 15 6 8 5 5 7 11 14 5 3 15 1 11 3 11 1 14 10 9 7 9 3 4 5 5 10 14 6 1 3 7 15 9 1 10 15 5 5 15 5 9 5 4 5 5 15 9 10 5
DISPLAY 1 7 3
DISPLAY 2 0 6
DISPLAY 3 9 1
DISPLAY 4 4 9
DISPLAY 5 7 9
DISPLAY 6 1 4
DISPLAY 7 8 2
DISPLAY 8 2 9
DISPLAY 9 2 2
DISPLAY 10 1 7
DISPLAY 11 9 3
DISPLAY 12 9 6
DISPLAY 13 3 1
DISPLAY 14 4 3
DISPLAY 16 6 6
DISPLAY 17 2 0
DISPLAY 18 5 8
DISPLAY 20 3 6
DISPLAY 21 2 5
DISPLAY 22 3 5
DISPLAY 23 1 8
DISPLAY 24 0 1
POSITION 0 4 8
POSITION 1 9 0
POSITION 2 2 5
POSITION 3 6 7
PLAYER 3
.
TICK 20
FIELDS 10 8 8 5 15 14 9 5 10 5 15 15 5 14 12 10 10 5 13 13 3 5 6 15 10 6 6 1 5 6 4 14 7 2 3 3 12 13 7 5 4 9 5 1 14 6 10 9 3 15 11 15 6 8 5 5 7 11 14 5 3 15 1 11 3 11 1 14 10 9 7 9 3 4 5 5 10 14 6 1 3 7 15 9 1 10 15 5 5 15 5 9 5 4 5 5 15 9 10 5
DISPLAY 1 8 3
DISPLAY 2 0 6
DISPLAY 3 9 1
DISPLAY 4 4 9
DISPLAY 5 7 9
DISPLAY 6 1 4
DISPLAY 7 8 2
DISPLAY 8 2 9
DISPLAY 9 2 2
DISPLAY 10 1 7
DISPLAY 11 0 3
DISPLAY 12 9 6
DISPLAY 13 3 1
DISPLAY 14 5 3
DISPLAY 16 6 6
DISPLAY 17 2 0
DISPLAY 18 5 8
DISPLAY 20 3 6
DISPLAY 21 2 5
DISPLAY 22 3 5
DISPLAY 23 1 8
DISPLAY 24 0 1
POSITION 0 4 8
POSITION 1 9 0
POSITION 2 2 5
POSITION 3 6 7
PLAYER 0
MESSAGE OK
TARGET 18
EXTRAFIELD 1
.
TICK 20
FIELDS 1 8 8 5 15 14 9 5 10 5 10 15 5 14 12 10 10 5 13 13 15 5 6 15 10 6 6 1 5 6 3 14 7 2 3 3 12 13 7 5 4 9 5 1 14 6 10 9 3 15 4 15 6 8 5 5 7 11 14 5 11 15 1 11 3 11 1 14 10 9 3 9 3 4 5 5 10 14 6 1 7 7 15 9 1 10 15 5 5 15 3 9 5 4 5 5 15 9 10 5
DISPLAY 1 8 3
DISPLAY 2 0 7
DISPLAY 3 9 1
DISPLAY 4 4 9
DISPLAY 5 7 9
DISPLAY 6 1 4
DISPLAY 7 8 2
DISPLAY 8 2 9
DISPLAY 9 2 2
DISPLAY 10 1 7
DISPLAY 11 0 4
DISPLAY 12 9 6
DISPLAY 13 3 1
DISPLAY 14 5 3
DISPLAY 16 6 6
DISPLAY 17 2 0
DISPLAY 18 5 8
DISPLAY 20 3 6
DISPLAY 21 2 5
DISPLAY 22 3 5
DISPLAY 23 1 8
DISPLAY 24 0 2
POSITION 0 4 8
POSITION 1 9 0
POSITION 2 2 5
POSITION 3 6 7
PLAYER 1
.
TICK 20
FIELDS 1 8 8 5 15 14 9 5 10 5 9 10 15 5 14 12 10 10 5 13 15 5 6 15 10 6 6 1 5 6 3 14 7 2 3 3 12 13 7 5 4 9 5 1 14 6 10 9 3 15 4 15 6 8 5 5 7 11 14 5 11 15 1 11 3 11 1 14 10 9 3 9 3 4 5 5 10 14 6 1 7 7 15 9 1 10 15 5 5 15 3 9 5 4 5 5 15 9 10 5
DISPLAY 1 8 3
DISPLAY 2 0 7
DISPLAY 3 0 1
DISPLAY 4 4 9
DISPLAY 5 7 9
DISPLAY 6 1 4
DISPLAY 7 8 2
DISPLAY 8 2 9
DISPLAY 9 2 2
DISPLAY 10 1 7
DISPLAY 11 0 4
DISPLAY 12 9 6
DISPLAY 13 4 1
DISPLAY 14 5 3
DISPLAY 16 6 6
DISPLAY 17 2 0
DISPLAY 18 5 8
DISPLAY 20 3 6
DISPLAY 21 2 5
DISPLAY 22 3 5
DISPLAY 23 1 8
DISPLAY 24 0 2
POSITION 0 4 8
POSITION 1 9 0
POSITION 2 2 5
POSITION 3 6 7
PLAYER 2
.
TICK 20
FIELDS 4 8 8 5 15 14 9 5 10 5 1 10 15 5 14 12 10 10 5 13 9 5 6 15 10 6 6 1 5 6 15 14 7 2 3 3 12 13 7 5 3 9 5 1 14 6 10 9 3 15 4 15 6 8 5 5 7 11 14 5 4 15 1 11 3 11 1 14 10 9 11 9 3 4 5 5 10 14 6 1 3 7 15 9 1 10 15 5 5 15 7 9 5 4 5 5 15 9 10 5
DISPLAY 1 8 3
DISPLAY 2 0 8
DISPLAY 3 0 2
DISPLAY 4 4 9
DISPLAY 5 7 9
DISPLAY 6 1 4
DISPLAY 7 8 2
DISPLAY 8 2 9
DISPLAY 9 2 2
DISPLAY 10 1 7
DISPLAY 11 0 5
DISPLAY 12 9 6
DISPLAY 13 4 1
DISPLAY 14 5 3
DISPLAY 16 6 6
DISPLAY 17 2 0
DISPLAY 18 5 8
DISPLAY 20 3 6
DISPLAY 21 2 5
DISPLAY 22 3 5
DISPLAY 23 1 8
DISPLAY 24 0 3
POSITION 0 4 8
POSITION 1 9 0
POSITION 2 2 5
POSITION 3 6 7
PLAYER 3
.
TICK 21
FIELDS 4 8 8 5 15 14 9 5 10 5 1 10 15 5 14 12 10 10 5 13 9 5 6 15 10 6 6 1 5 6 13 15 14 7 2 3 3 12 13 7 3 9 5 1 14 6 10 9 3 15 4 15 6 8 5 5 7 11 14 5 4 15 1 11 3 11 1 14 10 9 11 9 3 4 5 5 10 14 6 1 3 7 15 9 1 10 15 5 5 15 7 9 5 4 5 5 15 9 10 5
DISPLAY 1 9 3
DISPLAY 2 0 8
DISPLAY 3 0 2
DISPLAY 4 4 9
DISPLAY 5 7 9
DISPLAY 6 1 4
DISPLAY 7 8 2
DISPLAY 8 2 9
DISPLAY 9 2 2
DISPLAY 10 1 7
DISPLAY 11 0 5
DISPLAY 12 9 6
DISPLAY 13 4 1
DISPLAY 14 6 3
DISPLAY 16 6 6
DISPLAY 17 2 0
DISPLAY 18 5 8
DISPLAY 20 3 6
DISPLAY 21 2 5
DISPLAY 22 3 5
DISPLAY 23 1 8
DISPLAY 24 1 3
POSITION 0 4 8
POSITION 1 9 0
POSITION 2 2 5
POSITION 3 6 7
PLAYER 0
MESSAGE OK
TARGET 18
EXTRAFIELD 5
.
TICK 21
FIELDS 5 8 8 5 15 14 9 5 10 5 4 10 15 5 14 12 10 10 5 13 1 5 6 15 10 6 6 1 5 6 9 15 14 7 2 3 3 12 13 7 13 9 5 1 14 6 10 9 3 15 3 15 6 8 5 5 7 11 14 5 4 15 1 11 3 11 1 14 10 9 4 9 3 4 5 5 10 14 6 1 11 7 15 9 1 10 15 5 5 15 3 9 5 4 5 5 15 9 10 5
DISPLAY 1 9 3
DISPLAY 2 0 9
DISPLAY 3 0 3
DISPLAY 4 4 9
DISPLAY 5 7 9
DISPLAY 6 1 4
DISPLAY 7 8 2
DISPLAY 8 2 9
DISPLAY 9 2 2
DISPLAY 10 1 7
DISPLAY 11 0 6
DISPLAY 12 9 6
DISPLAY 13 4 1
DISPLAY 14 6 3
DISPLAY 16 6 6
DISPLAY 17 2 0
DISPLAY 18 5 8
DISPLAY 20 3 6
DISPLAY 21 2 5
DISPLAY 22 3 5
DISPLAY 23 1 8
DISPLAY 24 1 3
POSITION 0 4 8
POSITION 1 9 0
POSITION 2 2 5
POSITION 3 6 7
PLAYER 1
.
TICK 21
FIELDS 5 8 8 5 15 14 9 5 10 5 4 10 15 5 14 12 10 10 5 13 1 5 6 15 10 6 6 1 5 6 9 15 14 7 2 3 3 12 13 7 13 9 5 1 14 6 10 9 3 15 3 15 6 8 5 5 7 11 14 5 4 15 1 11 3 11 1 14 10 9 4 9 3 4 5 5 10 14 6 1 11 7 15 9 1 10 15 5 5 15 13 3 9 5 4 5 5 15 9 10
DISPLAY 1 9 3
DISPLAY 2 1 9
DISPLAY 3 0 3
DISPLAY 4 5 9
DISPLAY 5 8 9
DISPLAY 6 1 4
DISPLAY 7 8 2
DISPLAY 8 3 9
DISPLAY 9 2 2
DISPLAY 10 1 7
DISPLAY 11 0 6
DISPLAY 12 9 6
DISPLAY 13 4 1
DISPLAY 14 6 3
DISPLAY 16 6 6
DISPLAY 17 2 0
DISPLAY 18 5 8
DISPLAY 20 3 6
DISPLAY 21 2 5
DISPLAY 22 3 5
DISPLAY 23 1 8
DISPLAY 24 1 3
POSITION 0 4 8
POSITION 1 9 0
POSITION 2 2 5
POSITION 3 6 7
PLAYER 2
.
TICK 21
FIELDS 3 8 8 5 15 14 9 5 10 5 5 10 15 5 14 12 10 10 5 13 4 5 6 15 10 6 6 1 5 6 1 15 14 7 2 3 3 12 13 7 9 9 5 1 14 6 10 9 3 15 13 15 6 8 5 5 7 11 14 5 3 15 1 11 3 11 1 14 10 9 4 9 3 4 5 5 10 14 6 1 4 7 15 9 1 10 15 5 5 15 11 3 9 5 4 5 5 15 9 10
DISPLAY 1 9 3
DISPLAY 2 1 9
DISPLAY 3 0 4
DISPLAY 4 5 9
DISPLAY 5 8 9
DISPLAY 6 1 4
DISPLAY 7 8 2
DISPLAY 8 3 9
DISPLAY 9 2 2
DISPLAY 10 1 7
DISPLAY 11 0 7
DISPLAY 12 9 6
DISPLAY 13 4 1
DISPLAY 14 6 3
DISPLAY 16 6 6
DISPLAY 17 2 0
DISPLAY 18 5 8
DISPLAY 20 3 6
DISPLAY 21 2 5
DISPLAY 22 3 5
DISPLAY 23 1 8
DISPLAY 24 1 3
POSITION 0 4 8
POSITION 1 9 0
POSITION 2 2 5
POSITION 3 6 7
PLAYER 3
.
TICK 22
FIELDS 3 8 8 5 15 14 9 5 10 5 5 10 15 5 14 12 10 10 5 13 4 5 6 15 10 6 6 1 5 6 5 1 15 14 7 2 3 3 12 13 9 9 5 1 14 6 10 9 3 15 13 15 6 8 5 5 7 11 14 5 3 15 1 11 3 11 1 14 10 9 4 9 3 4 5 5 10 14 6 1 4 7 15 9 1 10 15 5 5 15 11 3 9 5 4 5 5 15 9 10
DISPLAY 1 0 3
DISPLAY 2 1 9
DISPLAY 3 0 4
DISPLAY 4 5 9
DISPLAY 5 8 9
DISPLAY 6 1 4
DISPLAY 7 8 2
DISPLAY 8 3 9
DISPLAY 9 2 2
DISPLAY 10 1 7
DISPLAY 11 0 7
DISPLAY 12 9 6
DISPLAY 13 4 1
DISPLAY 14 7 3
DISPLAY 16 6 6
DISPLAY 17 2 0
DISPLAY 18 5 8
DISPLAY 20 3 6
DISPLAY 21 2 5
DISPLAY 22 3 5
DISPLAY 23 1 8
DISPLAY 24 2 3
POSITION 0 4 8
POSITION 1 9 0
POSITION 2 2 5
POSITION 3 6 7
PLAYER 0
MESSAGE OK
TARGET 18
EXTRAFIELD 7
.
TICK 22
FIELDS 7 8 8 5 15 14 9 5 10 5 3 10 15 5 14 12 10 10 5 13 5 5 6 15 10 6 6 1 5 6 4 1 15 14 7 2 3 3 12 13 5 9 5 1 14 6 10 9 3 15 9 15 6 8 5 5 7 11 14 5 13 15 1 11 3 11 1 14 10 9 3 9 3 4 5 5 10 14 6 1 4 7 15 9 1 10 15 5 5 15 4 3 9 5 4 5 5 15 9 10
DISPLAY 1 0 4
DISPLAY 2 1 9
DISPLAY 3 0 5
DISPLAY 4 5 9
DISPLAY 5 8 9
DISPLAY 6 1 4
DISPLAY 7 8 2
DISPLAY 8 3 9
DISPLAY 9 2 2
DISPLAY 10 1 7
DISPLAY 11 0 8
DISPLAY 12 9 6
DISPLAY 13 4 1
DISPLAY 14 7 3
DISPLAY 16 6 6
DISPLAY 17 2 0
DISPLAY 18 5 8
DISPLAY 20 3 6
DISPLAY 21 2 5
DISPLAY 22 3 5
DISPLAY 23 1 8
DISPLAY 24 2 3
POSITION 0 4 8
POSITION 1 9 0
POSITION 2 2 5
POSITION 3 6 7
PLAYER 1
.
TICK 22
FIELDS 7 8 8 5 15 14 9 5 10 5 3 10 15 5 14 12 10 10 5 13 5 5 6 15 10 6 6 1 5 6 4 1 15 14 7 2 3 3 12 13 5 5 9 5 1 14 6 10 9 3 9 15 6 8 5 5 7 11 14 5 13 15 1 11 3 11 1 14 10 9 3 9 3 4 5 5 10 14 6 1 4 7 15 9 1 10 15 5 5 15 4 3 9 5 4 5 5 15 9 10
DISPLAY 1 1 4
DISPLAY 2 1 9
DISPLAY 3 0 5
DISPLAY 4 5 9
DISPLAY 5 8 9
DISPLAY 6 2 4
DISPLAY 7 8 2
DISPLAY 8 3 9
DISPLAY 9 2 2
DISPLAY 10 1 7
DISPLAY 11 0 8
DISPLAY 12 9 6
DISPLAY 13 4 1
DISPLAY 14 7 3
DISPLAY 16 6 6
DISPLAY 17 2 0
DISPLAY 18 5 8
DISPLAY 20 3 6
DISPLAY 21 2 5
DISPLAY 22 3 5
DISPLAY 23 1 8
DISPLAY 24 2 3
POSITION 0 4 8
POSITION 1 9 0
POSITION 2 2 5
POSITION 3 6 7
PLAYER 2
.
TICK 22
FIELDS 13 8 8 5 15 14 9 5 10 5 7 10 15 5 14 12 10 10 5 13 3 5 6 15 10 6 6 1 5 6 5 1 15 14 7 2 3 3 12 13 4 5 9 5 1 14 6 10 9 3 5 15 6 8 5 5 7 11 14 5 9 15 1 11 3 11 1 14 10 9 13 9 3 4 5 5 10 14 6 1 3 7 15 9 1 10 15 5 5 15 4 3 9 5 4 5 5 15 9 10
DISPLAY 1 1 4
DISPLAY 2 1 9
DISPLAY 3 0 6
DISPLAY 4 5 9
DISPLAY 5 8 9
DISPLAY 6 2 4
DISPLAY 7 8 2
DISPLAY 8 3 9
DISPLAY 9 2 2
DISPLAY 10 1 7
DISPLAY 11 0 9
DISPLAY 12 9 6
DISPLAY 13 4 1
DISPLAY 14 7 3
DISPLAY 16 6 6
DISPLAY 17 2 0
DISPLAY 18 5 8
DISPLAY 20 3 6
DISPLAY 21 2 5
DISPLAY 22 3 5
DISPLAY 23 1 8
DISPLAY 24 2 3
POSITION 0 4 8
POSITION 1 9 0
POSITION 2 2 5
POSITION 3 6 7
PLAYER 3
.
TICK 23
FIELDS 13 8 8 5 15 14 9 5 10 5 7 10 15 5 14 12 10 10 5 13 3 5 6 15 10 6 6 1 5 6 1 15 14 7 2 3 3 12 13 7 4 5 9 5 1 14 6 10 9 3 5 15 6 8 5 5 7 11 14 5 9 15 1 11 3 11 1 14 10 9 13 9 3 4 5 5 10 14 6 1 3 7 15 9 1 10 15 5 5 15 4 3 9 5 4 5 5 15 9 10
DISPLAY 1 1 4
DISPLAY 2 1 9
DISPLAY 3 0 6
DISPLAY 4 5 9
DISPLAY 5 8 9
DISPLAY 6 2 4
DISPLAY 7 8 2
DISPLAY 8 3 9
DISPLAY 9 2 2
DISPLAY 10 1 7
DISPLAY 11 0 9
DISPLAY 12 9 6
DISPLAY 13 4 1
DISPLAY 14 6 3
DISPLAY 16 6 6
DISPLAY 17 2 0
DISPLAY 18 5 8
DISPLAY 20 3 6
DISPLAY 21 2 5
DISPLAY 22 3 5
DISPLAY 23 1 8
DISPLAY 24 1 3
POSITION 0 4 8
POSITION 1 9 0
POSITION 2 2 5
POSITION 3 6 7
PLAYER 0
MESSAGE OK
TARGET 18
EXTRAFIELD 11
.
TICK 23
FIELDS 11 8 8 5 15 14 9 5 10 5 13 10 15 5 14 12 10 10 5 13 7 5 6 15 10 6 6 1 5 6 3 15 14 7 2 3 3 12 13 7 1 5 9 5 1 14 6 10 9 3 4 15 6 8 5 5 7 11 14 5 5 15 1 11 3 11 1 14 10 9 9 9 3 4 5 5 10 14 6 1 13 7 15 9 1 10 15 5 5 15 3 3 9 5 4 5 5 15 9 10
DISPLAY 1 1 4
DISPLAY 2 1 9
DISPLAY 3 0 7
DISPLAY 4 5 9
DISPLAY 5 8 9
DISPLAY 6 2 4
DISPLAY 7 8 2
DISPLAY 8 3 9
DISPLAY 9 2 2
DISPLAY 10 1 7
DISPLAY 11 0 0
DISPLAY 12 9 6
DISPLAY 13 4 1
DISPLAY 14 6 3
DISPLAY 16 6 6
DISPLAY 17 2 0
DISPLAY 18 5 8
DISPLAY 20 3 6
DISPLAY 21 2 5
DISPLAY 22 3 5
DISPLAY 23 1 8
DISPLAY 24 1 3
POSITION 0 4 8
POSITION 1 9 0
POSITION 2 2 5
POSITION 3 6 7
PLAYER 1
.
TICK 23
FIELDS 11 8 8 5 15 14 9 5 10 5 13 10 15 5 14 12 10 10 5 13 7 5 6 15 10 6 6 1 5 6 3 15 14 7 2 3 3 12 13 7 1 5 9 5 1 14 6 10 9 3 15 4 15 6 8 5 5 7 11 14 5 15 1 11 3 11 1 14 10 9 9 9 3 4 5 5 10 14 6 1 13 7 15 9 1 10 15 5 5 15 3 3 9 5 4 5 5 15 9 10
DISPLAY 1 1 4
DISPLAY 2 1 9
DISPLAY 3 0 7
DISPLAY 4 5 9
DISPLAY 5 8 9
DISPLAY 6 2 4
DISPLAY 7 8 2
DISPLAY 8 3 9
DISPLAY 9 2 2
DISPLAY 10 1 7
DISPLAY 11 0 0
DISPLAY 12 9 6
DISPLAY 13 4 1
DISPLAY 14 6 3
DISPLAY 16 6 6
DISPLAY 17 2 0
DISPLAY 18 5 8
DISPLAY 20 3 6
DISPLAY 21 3 5
DISPLAY 22 4 5
DISPLAY 23 1 8
DISPLAY 24 1 3
POSITION 0 4 8
POSITION 1 9 0
POSITION 2 3 5
POSITION 3 6 7
PLAYER 2
.
TICK 23
FIELDS 4 8 8 5 15 14 9 5 10 5 11 10 15 5 14 12 10 10 5 13 13 5 6 15 10 6 6 1 5 6 7 15 14 7 2 3 3 12 13 7 3 5 9 5 1 14 6 10 9 3 1 4 15 6 8 5 5 7 11 14 15 15 1 11 3 11 1 14 10 9 5 9 3 4 5 5 10 14 6 1 9 7 15 9 1 10 15 5 5 15 13 3 9 5 4 5 5 15 9 10
DISPLAY 1 1 4
DISPLAY 2 1 9
DISPLAY 3 0 8
DISPLAY 4 5 9
DISPLAY 5 8 9
DISPLAY 6 2 4
DISPLAY 7 8 2
DISPLAY 8 3 9
DISPLAY 9 2 2
DISPLAY 10 1 7
DISPLAY 11 0 1
DISPLAY 12 9 6
DISPLAY 13 4 1
DISPLAY 14 6 3
DISPLAY 16 6 6
DISPLAY 17 2 0
DISPLAY 18 5 8
DISPLAY 20 3 6
DISPLAY 21 3 5
DISPLAY 22 4 5
DISPLAY 23 1 8
DISPLAY 24 1 3
POSITION 0 4 8
POSITION 1 9 0
POSITION 2 3 5
POSITION 3 6 7
PLAYER 3
.
TICK 24
FIELDS 4 8 8 5 15 14 9 5 10 5 11 10 15 5 14 12 10 10 5 13 13 5 6 15 10 6 6 1 5 6 15 14 7 2 3 3 12 13 7 5 3 5 9 5 1 14 6 10 9 3 1 4 15 6 8 5 5 7 11 14 15 15 1 11 3 11 1 14 10 9 5 9 3 4 5 5 10 14 6 1 9 7 15 9 1 10 15 5 5 15 13 3 9 5 4 5 5 15 9 10
DISPLAY 1 1 4
DISPLAY 2 1 9
DISPLAY 3 0 8
DISPLAY 4 5 9
DISPLAY 5 8 9
DISPLAY 6 2 4
DISPLAY 7 8 2
DISPLAY 8 3 9
DISPLAY 9 2 2
DISPLAY 10 1 7
DISPLAY 11 0 1
DISPLAY 12 9 6
DISPLAY 13 4 1
DISPLAY 14 5 3
DISPLAY 16 6 6
DISPLAY 17 2 0
DISPLAY 18 5 8
DISPLAY 20 3 6
DISPLAY 21 3 5
DISPLAY 22 4 5
DISPLAY 23 1 8
DISPLAY 24 0 3
POSITION 0 4 8
POSITION 1 9 0
POSITION 2 3 5
POSITION 3 6 7
PLAYER 0
MESSAGE OK
TARGET 18
EXTRAFIELD 4
.
TICK 24
FIELDS 4 8 8 5 15 14 9 5 10 5 4 10 15 5 14 12 10 10 5 13 11 5 6 15 10 6 6 1 5 6 13 14 7 2 3 3 12 13 7 5 15 5 9 5 1 14 6 10 9 3 3 4 15 6 8 5 5 7 11 14 1 15 1 11 3 11 1 14 10 9 15 9 3 4 5 5 10 14 6 1 5 7 15 9 1 10 15 5 5 15 9 3 9 5 4 5 5 15 9 10
DISPLAY 1 1 4
DISPLAY 2 1 9
DISPLAY 3 0 9
DISPLAY 4 5 9
DISPLAY 5 8 9
DISPLAY 6 2 4
DISPLAY 7 8 2
DISPLAY 8 3 9
DISPLAY 9 2 2
DISPLAY 10 1 7
DISPLAY 11 0 2
DISPLAY 12 9 6
DISPLAY 13 4 1
DISPLAY 14 5 3
DISPLAY 16 6 6
DISPLAY 17 2 0
DISPLAY 18 5 8
DISPLAY 20 3 6
DISPLAY 21 3 5
DISPLAY 22 4 5
DISPLAY 23 1 8
DISPLAY 24 0 4
POSITION 0 4 8
POSITION 1 9 0
POSITION 2 3 5
POSITION 3 6 7
PLAYER 1
.
TICK 24
FIELDS 4 8 8 5 15 14 9 5 10 5 4 10 15 5 14 12 10 10 5 13 11 5 6 15 10 6 6 1 5 6 13 14 7 2 3 3 12 13 7 5 15 5 9 5 1 14 6 10 9 3 3 4 15 6 8 5 5 7 11 14 1 15 1 11 3 11 1 14 10 9 15 9 3 4 5 5 10 14 6 1 5 5 7 15 9 1 10 15 5 5 9 3 9 5 4 5 5 15 9 10
DISPLAY 1 1 4
DISPLAY 2 1 9
DISPLAY 3 0 9
DISPLAY 4 5 9
DISPLAY 5 8 9
DISPLAY 6 2 4
DISPLAY 7 8 2
DISPLAY 8 3 9
DISPLAY 9 2 2
DISPLAY 10 1 7
DISPLAY 11 0 2
DISPLAY 12 9 6
DISPLAY 13 4 1
DISPLAY 14 5 3
DISPLAY 16 6 6
DISPLAY 17 2 0
DISPLAY 18 6 8
DISPLAY 20 3 6
DISPLAY 21 3 5
DISPLAY 22 4 5
DISPLAY 23 2 8
DISPLAY 24 0 4
POSITION 0 5 8
POSITION 1 9 0
POSITION 2 3 5
POSITION 3 6 7
PLAYER 2
.
TICK 24
FIELDS 3 8 8 5 15 14 9 5 10 5 4 10 15 5 14 12 10 10 5 13 4 5 6 15 10 6 6 1 5 6 11 14 7 2 3 3 12 13 7 5 13 5 9 5 1 14 6 10 9 3 15 4 15 6 8 5 5 7 11 14 3 15 1 11 3 11 1 14 10 9 1 9 3 4 5 5 10 14 6 1 15 5 7 15 9 1 10 15 5 5 5 3 9 5 4 5 5 15 9 10
DISPLAY 1 1 4
DISPLAY 2 1 9
DISPLAY 3 0 0
DISPLAY 4 5 9
DISPLAY 5 8 9
DISPLAY 6 2 4
DISPLAY 7 8 2
DISPLAY 8 3 9
DISPLAY 9 2 2
DISPLAY 10 1 7
DISPLAY 11 0 3
DISPLAY 12 9 6
DISPLAY 13 4 1
DISPLAY 14 5 3
DISPLAY 16 6 6
DISPLAY 17 2 0
DISPLAY 18 6 8
DISPLAY 20 3 6
DISPLAY 21 3 5
DISPLAY 22 4 5
DISPLAY 23 2 8
DISPLAY 24 0 5
POSITION 0 5 8
POSITION 1 9 0
POSITION 2 3 5
POSITION 3 6 7
PLAYER 3
.
TICK 25
FIELDS 3 8 8 5 15 14 9 5 10 5 4 10 15 5 14 12 10 10 5 13 4 5 6 15 10 6 6 1 5 6 14 7 2 3 3 12 13 7 5 7 13 5 9 5 1 14 6 10 9 3 15 4 15 6 8 5 5 7 11 14 3 15 1 11 3 11 1 14 10 9 1 9 3 4 5 5 10 14 6 1 15 5 7 15 9 1 10 15 5 5 5 3 9 5 4 5 5 15 9 10
DISPLAY 1 1 4
DISPLAY 2 1 9
DISPLAY 3 0 0
DISPLAY 4 5 9
DISPLAY 5 8 9
DISPLAY 6 2 4
DISPLAY 7 8 2
DISPLAY 8 3 9
DISPLAY 9 2 2
DISPLAY 10 1 7
DISPLAY 11 9 3
DISPLAY 12 9 6
DISPLAY 13 4 1
DISPLAY 14 4 3
DISPLAY 16 6 6
DISPLAY 17 2 0
DISPLAY 18 6 8
DISPLAY 20 3 6
DISPLAY 21 3 5
DISPLAY 22 4 5
DISPLAY 23 2 8
DISPLAY 24 0 5
POSITION 0 5 8
POSITION 1 9 0
POSITION 2 3 5
POSITION 3 6 7
PLAYER 0
MESSAGE OK
TARGET 18
EXTRAFIELD 13
.
TICK 25
FIELDS 13 8 8 5 15 14 9 5 10 5 3 10 15 5 14 12 10 10 5 13 4 5 6 15 10 6 6 1 5 6 4 7 2 3 3 12 13 7 5 7 14 5 9 5 1 14 6 10 9 3 13 4 15 6 8 5 5 7 11 14 15 15 1 11 3 11 1 14 10 9 3 9 3 4 5 5 10 14 6 1 1 5 7 15 9 1 10 15 5 5 15 3 9 5 4 5 5 15 9 10
DISPLAY 1 1 4
DISPLAY 2 1 9
DISPLAY 3 0 1
DISPLAY 4 5 9
DISPLAY 5 8 9
DISPLAY 6 2 4
DISPLAY 7 8 2
DISPLAY 8 3 9
DISPLAY 9 2 2
DISPLAY 10 1 7
DISPLAY 11 9 3
DISPLAY 12 9 6
DISPLAY 13 4 1
DISPLAY 14 4 3
DISPLAY 16 6 6
DISPLAY 17 2 0
DISPLAY 18 6 8
DISPLAY 20 3 6
DISPLAY 21 3 5
DISPLAY 22 4 5
DISPLAY 23 2 8
DISPLAY 24 0 6
POSITION 0 5 8
POSITION 1 9 0
POSITION 2 3 5
POSITION 3 6 7
PLAYER 1
.
TICK 25
FIELDS 15 13 8 8 5 15 14 9 5 10 3 10 15 5 14 12 10 10 5 13 4 5 6 15 10 6 6 1 5 6 4 7 2 3 3 12 13 7 5 7 14 5 9 5 1 14 6 10 9 3 13 4 15 6 8 5 5 7 11 14 15 15 1 11 3 11 1 14 10 9 3 9 3 4 5 5 10 14 6 1 1 5 7 15 9 1 10 15 5 5 15 3 9 5 4 5 5 15 9 10
DISPLAY 1 1 4
DISPLAY 2 1 9
DISPLAY 3 0 1
DISPLAY 4 5 9
DISPLAY 5 8 9
DISPLAY 6 2 4
DISPLAY 7 8 2
DISPLAY 8 3 9
DISPLAY 9 2 2
DISPLAY 10 1 7
DISPLAY 11 9 3
DISPLAY 12 9 6
DISPLAY 13 4 1
DISPLAY 14 4 3
DISPLAY 16 6 6
DISPLAY 17 3 0
DISPLAY 18 6 8
DISPLAY 20 3 6
DISPLAY 21 3 5
DISPLAY 22 4 5
DISPLAY 23 2 8
DISPLAY 24 0 6
POSITION 0 5 8
POSITION 1 0 0
POSITION 2 3 5
POSITION 3 6 7
PLAYER 2
.
TICK 25
FIELDS 9 13 8 8 5 15 14 9 5 10 15 10 15 5 14 12 10 10 5 13 3 5 6 15 10 6 6 1 5 6 4 7 2 3 3 12 13 7 5 7 4 5 9 5 1 14 6 10 9 3 14 4 15 6 8 5 5 7 11 14 13 15 1 11 3 11 1 14 10 9 15 9 3 4 5 5 10 14 6 1 3 5 7 15 9 1 10 15 5 5 1 3 9 5 4 5 5 15 9 10
DISPLAY 1 1 4
DISPLAY 2 1 9
DISPLAY 3 0 2
DISPLAY 4 5 9
DISPLAY 5 8 9
DISPLAY 6 2 4
DISPLAY 7 8 2
DISPLAY 8 3 9
DISPLAY 9 2 2
DISPLAY 10 1 7
DISPLAY 11 9 3
DISPLAY 12 9 6
DISPLAY 13 4 1
DISPLAY 14 4 3
DISPLAY 16 6 6
DISPLAY 17 3 0
DISPLAY 18 6 8
DISPLAY 20 3 6
DISPLAY 21 3 5
DISPLAY 22 4 5
DISPLAY 23 2 8
DISPLAY 24 0 7
POSITION 0 5 8
POSITION 1 0 1
POSITION 2 3 5
POSITION 3 6 7
PLAYER 3
.
END 2
.
