MESSAGE OK
PLAYER 0
LEVEL 1
SIZE 10 10
DISPLAYS 24
MAXTICK 45
.
TICK 0
FIELDS 11 5 11 5 9 12 8 15 10 13 10 11 9 15 13 6 15 7 5 10 8 5 3 7 6 13 3 14 6 9 7 2 8 10 13 10 15 15 9 5 6 15 10 4 10 10 1 5 3 10 5 12 2 7 11 12 5 10 8 6 10 8 5 10 1 5 3 9 13 2 9 14 12 3 8 14 10 8 10 10 12 6 5 9 7 10 5 10 7 9 15 8 13 10 5 8 9 6 7 8
DISPLAY 0 9 5
DISPLAY 1 0 2
DISPLAY 2 7 5
DISPLAY 3 5 6
DISPLAY 4 4 3
DISPLAY 5 2 3
DISPLAY 6 2 1
DISPLAY 7 2 5
DISPLAY 8 9 3
DISPLAY 9 2 6
DISPLAY 10 9 6
DISPLAY 11 6 7
DISPLAY 12 5 3
DISPLAY 13 7 7
DISPLAY 14 0 4
DISPLAY 15 8 0
DISPLAY 16 0 8
DISPLAY 17 5 9
DISPLAY 18 1 9
DISPLAY 19 5 4
DISPLAY 20 7 1
DISPLAY 21 6 2
DISPLAY 22 6 9
DISPLAY 23 5 2
POSITION 0 6 1
POSITION 1 3 6
POSITION 2 3 8
POSITION 3 2 9
PLAYER 0
MESSAGE OK
TARGET 23
EXTRAFIELD 15
.
TICK 0
FIELDS 11 5 11 5 9 12 8 15 10 13 10 11 9 15 13 6 15 7 5 10 8 5 3 7 6 13 3 14 6 9 2 8 10 13 10 15 15 9 5 15 6 15 10 4 10 10 1 5 3 10 5 12 2 7 11 12 5 10 8 6 10 8 5 10 1 5 3 9 13 2 9 14 12 3 8 14 10 8 10 10 12 6 5 9 7 10 5 10 7 9 15 8 13 10 5 8 9 6 7 8
DISPLAY 0 9 5
DISPLAY 1 0 2
DISPLAY 2 7 5
DISPLAY 3 5 6
DISPLAY 4 3 3
DISPLAY 5 1 3
DISPLAY 6 2 1
DISPLAY 7 2 5
DISPLAY 8 8 3
DISPLAY 9 2 6
DISPLAY 10 9 6
DISPLAY 11 6 7
DISPLAY 12 4 3
DISPLAY 13 7 7
DISPLAY 14 0 4
DISPLAY 15 8 0
DISPLAY 16 0 8
DISPLAY 17 5 9
DISPLAY 18 1 9
DISPLAY 19 5 4
DISPLAY 20 7 1
DISPLAY 21 6 2
DISPLAY 22 6 9
POSITION 0 5 2
POSITION 1 3 6
POSITION 2 3 8
POSITION 3 2 9
PLAYER 1
.
TICK 0
FIELDS 11 5 11 5 9 12 8 15 10 13 10 11 9 15 13 6 15 7 5 10 5 3 7 6 13 3 14 6 9 15 2 8 10 13 10 15 15 9 5 15 6 15 10 4 10 10 1 5 3 10 5 12 2 7 11 12 5 10 8 6 10 8 5 10 1 5 3 9 13 2 9 14 12 3 8 14 10 8 10 10 12 6 5 9 7 10 5 10 7 9 15 8 13 10 5 8 9 6 7 8
DISPLAY 0 9 5
DISPLAY 1 9 2
DISPLAY 2 7 5
DISPLAY 3 5 6
DISPLAY 4 3 3
DISPLAY 5 1 3
DISPLAY 6 2 1
DISPLAY 7 2 5
DISPLAY 8 8 3
DISPLAY 9 2 6
DISPLAY 10 9 6
DISPLAY 11 6 7
DISPLAY 12 4 3
DISPLAY 13 7 7
DISPLAY 14 0 4
DISPLAY 15 8 0
DISPLAY 16 0 8
DISPLAY 17 5 9
DISPLAY 18 1 9
DISPLAY 19 5 4
DISPLAY 20 7 1
DISPLAY 21 5 2
DISPLAY 22 6 9
POSITION 0 4 2
POSITION 1 3 6
POSITION 2 3 8
POSITION 3 2 9
PLAYER 2
.
TICK 0
FIELDS 11 5 11 5 9 12 8 15 10 13 10 11 9 15 13 6 15 7 5 10 5 3 7 6 13 3 14 6 9 15 2 8 10 13 10 15 15 9 5 15 6 15 10 4 10 10 1 5 3 10 5 12 2 7 11 12 5 10 8 6 10 8 5 10 1 5 3 9 13 2 15 9 14 12 3 8 14 10 8 10 12 6 5 9 7 10 5 10 7 9 15 8 13 10 5 8 9 6 7 8
DISPLAY 0 9 5
DISPLAY 1 9 2
DISPLAY 2 7 5
DISPLAY 3 5 6
DISPLAY 4 3 3
DISPLAY 5 1 3
DISPLAY 6 2 1
DISPLAY 7 2 5
DISPLAY 8 8 3
DISPLAY 9 2 6
DISPLAY 10 9 6
DISPLAY 11 7 7
DISPLAY 12 4 3
DISPLAY 13 8 7
DISPLAY 14 0 4
DISPLAY 15 8 0
DISPLAY 16 0 8
DISPLAY 17 5 9
DISPLAY 18 1 9
DISPLAY 19 5 4
DISPLAY 20 7 1
DISPLAY 21 5 2
DISPLAY 22 6 9
POSITION 0 4 2
POSITION 1 3 6
POSITION 2 3 7
POSITION 3 2 9
PLAYER 3
.
TICK 1
FIELDS 11 5 11 5 9 6 8 15 10 13 10 11 9 15 13 3 15 7 5 10 5 3 7 6 13 15 14 6 9 15 2 8 10 13 10 10 15 9 5 15 6 15 10 4 10 12 1 5 3 10 5 12 2 7 11 5 5 10 8 6 10 8 5 10 1 8 3 9 13 2 15 9 14 12 3 10 14 10 8 10 12 6 5 9 7 8 5 10 7 9 15 8 13 10 5 15 9 6 7 8
DISPLAY 0 9 5
DISPLAY 1 9 2
DISPLAY 2 7 5
DISPLAY 3 5 5
DISPLAY 4 3 3
DISPLAY 5 1 3
DISPLAY 6 2 1
DISPLAY 7 2 5
DISPLAY 8 8 3
DISPLAY 9 2 6
DISPLAY 10 9 6
DISPLAY 11 7 7
DISPLAY 12 4 3
DISPLAY 13 8 7
DISPLAY 14 0 4
DISPLAY 15 8 0
DISPLAY 16 0 8
DISPLAY 17 5 8
DISPLAY 18 1 9
DISPLAY 19 5 3
DISPLAY 20 7 1
DISPLAY 21 5 1
DISPLAY 22 6 9
POSITION 0 4 2
POSITION 1 3 6
POSITION 2 3 7
POSITION 3 2 9
PLAYER 0
MESSAGE OK
TARGET 14
EXTRAFIELD 7
.
TICK 1
FIELDS 11 5 11 5 9 6 8 15 10 13 10 11 9 15 13 3 15 7 5 10 5 3 7 6 13 15 14 6 9 15 2 8 10 13 10 10 15 9 5 15 15 10 4 10 12 1 5 3 10 7 5 12 2 7 11 5 5 10 8 6 10 8 5 10 1 8 3 9 13 2 15 9 14 12 3 10 14 10 8 10 12 6 5 9 7 8 5 10 7 9 15 8 13 10 5 15 9 6 7 8
DISPLAY 0 9 5
DISPLAY 1 9 2
DISPLAY 2 7 5
DISPLAY 3 5 5
DISPLAY 4 3 3
DISPLAY 5 1 3
DISPLAY 6 2 1
DISPLAY 7 2 5
DISPLAY 8 8 3
DISPLAY 9 2 6
DISPLAY 10 9 6
DISPLAY 11 7 7
DISPLAY 12 4 3
DISPLAY 13 8 7
DISPLAY 14 9 4
DISPLAY 15 8 0
DISPLAY 16 0 8
DISPLAY 17 5 8
DISPLAY 18 1 9
DISPLAY 19 5 3
DISPLAY 20 7 1
DISPLAY 21 5 1
DISPLAY 22 6 9
POSITION 0 6 6
POSITION 1 3 6
POSITION 2 3 7
POSITION 3 2 9
PLAYER 1
.
TICK 1
FIELDS 11 5 11 5 9 6 8 15 10 13 10 11 9 15 13 3 15 7 5 10 5 3 7 6 13 15 14 6 9 15 2 8 10 13 10 10 15 9 5 15 15 10 4 10 12 1 5 3 10 7 12 2 7 11 5 5 10 8 6 8 10 8 5 10 1 8 3 9 13 2 15 9 14 12 3 10 14 10 8 10 12 6 5 9 7 8 5 10 7 9 15 8 13 10 5 15 9 6 7 8
DISPLAY 0 8 5
DISPLAY 1 9 2
DISPLAY 2 6 5
DISPLAY 3 4 5
DISPLAY 4 3 3
DISPLAY 5 1 3
DISPLAY 6 2 1
DISPLAY 7 1 5
DISPLAY 8 8 3
DISPLAY 9 2 6
DISPLAY 10 9 6
DISPLAY 11 7 7
DISPLAY 12 4 3
DISPLAY 13 8 7
DISPLAY 14 9 4
DISPLAY 15 8 0
DISPLAY 16 0 8
DISPLAY 17 5 8
DISPLAY 18 1 9
DISPLAY 19 5 3
DISPLAY 20 7 1
DISPLAY 21 5 1
DISPLAY 22 6 9
POSITION 0 6 6
POSITION 1 3 6
POSITION 2 3 7
POSITION 3 2 9
PLAYER 2
.
TICK 1
FIELDS 11 5 11 5 9 6 8 15 10 13 10 11 9 15 13 3 15 7 5 10 5 3 7 6 13 15 14 6 9 15 2 8 10 13 10 10 15 9 5 15 15 10 4 10 12 1 5 3 10 7 12 2 7 11 5 5 10 8 6 8 10 8 5 10 1 8 3 9 13 2 10 15 9 14 12 3 10 14 10 8 12 6 5 9 7 8 5 10 7 9 15 8 13 10 5 15 9 6 7 8
DISPLAY 0 8 5
DISPLAY 1 9 2
DISPLAY 2 6 5
DISPLAY 3 4 5
DISPLAY 4 3 3
DISPLAY 5 1 3
DISPLAY 6 2 1
DISPLAY 7 1 5
DISPLAY 8 8 3
DISPLAY 9 2 6
DISPLAY 10 9 6
DISPLAY 11 8 7
DISPLAY 12 4 3
DISPLAY 13 9 7
DISPLAY 14 9 4
DISPLAY 15 8 0
DISPLAY 16 0 8
DISPLAY 17 5 8
DISPLAY 18 1 9
DISPLAY 19 5 3
DISPLAY 20 7 1
DISPLAY 21 5 1
DISPLAY 22 6 9
POSITION 0 6 6
POSITION 1 3 6
POSITION 2 2 4
POSITION 3 2 9
PLAYER 3
.
TICK 2
FIELDS 11 5 11 5 9 12 8 15 10 13 10 11 9 15 13 6 15 7 5 10 5 3 7 6 13 3 14 6 9 15 2 8 10 13 10 15 15 9 5 15 15 10 4 10 12 10 5 3 10 7 12 2 7 11 5 1 10 8 6 8 10 8 5 10 1 5 3 9 13 2 10 15 9 14 12 8 10 14 10 8 12 6 5 9 7 3 5 10 7 9 15 8 13 10 5 8 9 6 7 8
DISPLAY 0 8 5
DISPLAY 1 9 2
DISPLAY 2 6 5
DISPLAY 3 4 5
DISPLAY 4 3 3
DISPLAY 5 1 3
DISPLAY 6 2 1
DISPLAY 7 1 5
DISPLAY 8 8 3
DISPLAY 9 2 6
DISPLAY 10 9 6
DISPLAY 11 8 7
DISPLAY 12 4 3
DISPLAY 13 9 7
DISPLAY 14 9 4
DISPLAY 15 8 0
DISPLAY 16 0 8
DISPLAY 17 5 9
DISPLAY 18 1 9
DISPLAY 19 5 4
DISPLAY 20 7 1
DISPLAY 21 5 2
DISPLAY 22 6 9
POSITION 0 6 6
POSITION 1 3 6
POSITION 2 2 4
POSITION 3 2 9
PLAYER 0
MESSAGE OK
TARGET 14
EXTRAFIELD 6
.
TICK 2
FIELDS 11 5 11 5 9 12 15 15 10 13 10 11 9 15 13 6 14 7 5 10 5 3 7 6 13 3 15 6 9 15 2 8 10 13 10 15 5 9 5 15 15 10 4 10 12 10 10 3 10 7 12 2 7 11 5 1 3 8 6 8 10 8 5 10 1 5 10 9 13 2 10 15 9 14 12 8 5 14 10 8 12 6 5 9 7 3 9 10 7 9 15 8 13 10 5 8 6 6 7 8
DISPLAY 0 8 5
DISPLAY 1 9 2
DISPLAY 2 6 4
DISPLAY 3 4 5
DISPLAY 4 3 3
DISPLAY 5 1 3
DISPLAY 6 2 1
DISPLAY 7 1 5
DISPLAY 8 8 3
DISPLAY 9 2 6
DISPLAY 10 9 6
DISPLAY 11 8 7
DISPLAY 12 4 3
DISPLAY 13 9 7
DISPLAY 14 9 4
DISPLAY 15 8 0
DISPLAY 16 0 8
DISPLAY 17 5 9
DISPLAY 18 1 9
DISPLAY 19 5 4
DISPLAY 20 7 1
DISPLAY 21 5 2
DISPLAY 22 6 8
POSITION 0 6 5
POSITION 1 3 6
POSITION 2 2 4
POSITION 3 2 9
PLAYER 1
.
TICK 2
FIELDS 10 5 11 5 9 12 15 15 10 13 5 11 9 15 13 6 14 7 5 10 2 3 7 6 13 3 15 6 9 15 15 8 10 13 10 15 5 9 5 15 12 10 4 10 12 10 10 3 10 7 10 2 7 11 5 1 3 8 6 8 10 8 5 10 1 5 10 9 13 2 12 15 9 14 12 8 5 14 10 8 15 6 5 9 7 3 9 10 7 9 5 8 13 10 5 8 6 6 7 8
DISPLAY 0 8 5
DISPLAY 1 9 2
DISPLAY 2 6 4
DISPLAY 3 4 5
DISPLAY 4 3 3
DISPLAY 5 1 3
DISPLAY 6 2 1
DISPLAY 7 1 5
DISPLAY 8 8 3
DISPLAY 9 2 6
DISPLAY 10 9 6
DISPLAY 11 8 7
DISPLAY 12 4 3
DISPLAY 13 9 7
DISPLAY 14 9 4
DISPLAY 15 8 0
DISPLAY 16 0 7
DISPLAY 17 5 9
DISPLAY 18 1 9
DISPLAY 19 5 4
DISPLAY 20 7 1
DISPLAY 21 5 2
DISPLAY 22 6 8
POSITION 0 6 5
POSITION 1 3 6
POSITION 2 2 4
POSITION 3 2 9
PLAYER 2
.
TICK 2
FIELDS 10 5 11 10 9 12 15 15 10 13 5 11 9 5 13 6 14 7 5 10 2 3 7 15 13 3 15 6 9 15 15 8 10 6 10 15 5 9 5 15 12 10 4 13 12 10 10 3 10 7 10 2 7 10 5 1 3 8 6 8 10 8 5 11 1 5 10 9 13 2 12 15 9 10 12 8 5 14 10 8 15 6 5 14 7 3 9 10 7 9 5 8 13 9 5 8 6 6 7 8
DISPLAY 0 8 5
DISPLAY 1 9 2
DISPLAY 2 6 4
DISPLAY 3 4 5
DISPLAY 4 3 4
DISPLAY 5 1 3
DISPLAY 6 2 1
DISPLAY 7 1 5
DISPLAY 8 8 3
DISPLAY 9 2 6
DISPLAY 10 9 6
DISPLAY 11 8 7
DISPLAY 12 4 3
DISPLAY 13 9 7
DISPLAY 14 9 4
DISPLAY 15 8 0
DISPLAY 16 0 7
DISPLAY 17 5 9
DISPLAY 18 1 9
DISPLAY 19 5 4
DISPLAY 20 7 1
DISPLAY 21 5 2
DISPLAY 22 6 8
POSITION 0 6 5
POSITION 1 3 7
POSITION 2 2 4
POSITION 3 2 9
PLAYER 3
.
TICK 3
FIELDS 10 5 11 10 9 6 15 15 10 13 5 11 9 5 13 3 14 7 5 10 2 3 7 15 13 15 15 6 9 15 15 8 10 6 10 10 5 9 5 15 12 10 4 13 12 1 10 3 10 7 10 2 7 10 5 5 3 8 6 8 10 8 5 11 1 8 10 9 13 2 12 15 9 10 12 3 5 14 10 8 15 6 5 14 7 8 9 10 7 9 5 8 13 9 5 15 6 6 7 8
DISPLAY 0 8 5
DISPLAY 1 9 2
DISPLAY 2 6 4
DISPLAY 3 4 5
DISPLAY 4 3 4
DISPLAY 5 1 3
DISPLAY 6 2 1
DISPLAY 7 1 5
DISPLAY 8 8 3
DISPLAY 9 2 6
DISPLAY 10 9 6
DISPLAY 11 8 7
DISPLAY 12 4 3
DISPLAY 13 9 7
DISPLAY 14 9 4
DISPLAY 15 8 0
DISPLAY 16 0 7
DISPLAY 17 5 8
DISPLAY 18 1 9
DISPLAY 19 5 3
DISPLAY 20 7 1
DISPLAY 21 5 1
DISPLAY 22 6 8
POSITION 0 6 5
POSITION 1 3 7
POSITION 2 2 4
POSITION 3 2 9
PLAYER 0
MESSAGE OK
TARGET 14
EXTRAFIELD 8
.
TICK 3
FIELDS 10 5 11 10 9 6 15 15 10 13 5 11 9 5 13 3 14 7 5 10 2 3 7 15 13 15 15 6 9 15 15 8 10 6 10 10 5 9 5 15 10 4 13 12 1 10 3 10 7 8 10 2 7 10 5 5 3 8 6 8 10 8 5 11 1 8 10 9 13 2 12 15 9 10 12 3 5 14 10 8 15 6 5 14 7 8 9 10 7 9 5 8 13 9 5 15 6 6 7 8
DISPLAY 0 8 5
DISPLAY 1 9 2
DISPLAY 2 5 4
DISPLAY 3 4 5
DISPLAY 4 2 4
DISPLAY 5 1 3
DISPLAY 6 2 1
DISPLAY 7 1 5
DISPLAY 8 8 3
DISPLAY 9 2 6
DISPLAY 10 9 6
DISPLAY 11 8 7
DISPLAY 12 4 3
DISPLAY 13 9 7
DISPLAY 14 8 4
DISPLAY 15 8 0
DISPLAY 16 0 7
DISPLAY 17 5 8
DISPLAY 18 1 9
DISPLAY 19 5 3
DISPLAY 20 7 1
DISPLAY 21 5 1
DISPLAY 22 6 8
POSITION 0 6 5
POSITION 1 3 7
POSITION 2 1 4
POSITION 3 2 9
PLAYER 1
.
TICK 3
FIELDS 10 5 11 10 9 6 15 15 10 13 5 11 9 5 13 3 14 7 5 10 3 7 15 13 15 15 6 9 15 11 15 8 10 6 10 10 5 9 5 15 10 4 13 12 1 10 3 10 7 8 10 2 7 10 5 5 3 8 6 8 10 8 5 11 1 8 10 9 13 2 12 15 9 10 12 3 5 14 10 8 15 6 5 14 7 8 9 10 7 9 5 8 13 9 5 15 6 6 7 8
DISPLAY 0 8 5
DISPLAY 1 8 2
DISPLAY 2 5 4
DISPLAY 3 4 5
DISPLAY 4 2 4
DISPLAY 5 1 3
DISPLAY 6 2 1
DISPLAY 7 1 5
DISPLAY 8 8 3
DISPLAY 9 2 6
DISPLAY 10 9 6
DISPLAY 11 8 7
DISPLAY 12 4 3
DISPLAY 13 9 7
DISPLAY 14 8 4
DISPLAY 15 8 0
DISPLAY 16 0 7
DISPLAY 17 5 8
DISPLAY 18 1 9
DISPLAY 19 5 3
DISPLAY 20 7 1
DISPLAY 21 5 1
DISPLAY 22 6 8
POSITION 0 6 5
POSITION 1 3 7
POSITION 2 1 4
POSITION 3 2 9
PLAYER 2
.
TICK 3
FIELDS 10 5 11 10 9 6 15 15 10 13 10 11 9 5 13 3 14 7 5 10 5 7 15 13 15 15 6 9 15 11 3 8 10 6 10 10 5 9 5 15 15 4 13 12 1 10 3 10 7 8 10 2 7 10 5 5 3 8 6 8 10 8 5 11 1 8 10 9 13 2 10 15 9 10 12 3 5 14 10 8 12 6 5 14 7 8 9 10 7 9 15 8 13 9 5 15 6 6 7 8
DISPLAY 0 8 5
DISPLAY 1 8 2
DISPLAY 2 5 4
DISPLAY 3 4 5
DISPLAY 4 2 4
DISPLAY 5 1 3
DISPLAY 6 2 1
DISPLAY 7 1 5
DISPLAY 8 8 3
DISPLAY 9 2 6
DISPLAY 10 9 6
DISPLAY 11 8 7
DISPLAY 12 4 3
DISPLAY 13 9 7
DISPLAY 14 8 4
DISPLAY 15 8 0
DISPLAY 16 0 8
DISPLAY 17 5 8
DISPLAY 18 1 9
DISPLAY 19 5 3
DISPLAY 20 7 1
DISPLAY 21 5 1
DISPLAY 22 6 8
POSITION 0 6 5
POSITION 1 3 7
POSITION 2 1 4
POSITION 3 2 9
PLAYER 3
.
TICK 4
FIELDS 10 5 11 10 9 12 15 15 10 13 10 11 9 5 13 6 14 7 5 10 5 7 15 13 15 3 6 9 15 11 3 8 10 6 10 15 5 9 5 15 15 4 13 12 1 10 3 10 7 8 10 2 7 10 5 10 3 8 6 8 10 8 5 11 1 5 10 9 13 2 10 15 9 10 12 8 5 14 10 8 12 6 5 14 7 3 9 10 7 9 15 8 13 9 5 8 6 6 7 8
DISPLAY 0 8 5
DISPLAY 1 8 2
DISPLAY 2 5 5
DISPLAY 3 4 5
DISPLAY 4 2 4
DISPLAY 5 1 3
DISPLAY 6 2 1
DISPLAY 7 1 5
DISPLAY 8 8 3
DISPLAY 9 2 6
DISPLAY 10 9 6
DISPLAY 11 8 7
DISPLAY 12 4 3
DISPLAY 13 9 7
DISPLAY 14 8 4
DISPLAY 15 8 0
DISPLAY 16 0 8
DISPLAY 17 5 9
DISPLAY 18 1 9
DISPLAY 19 5 4
DISPLAY 20 7 1
DISPLAY 21 5 2
DISPLAY 22 6 8
POSITION 0 6 5
POSITION 1 3 7
POSITION 2 1 4
POSITION 3 2 9
PLAYER 0
MESSAGE OK
TARGET 14
EXTRAFIELD 12
.
TICK 4
FIELDS 10 5 11 10 9 12 15 15 10 13 10 11 9 5 13 6 14 7 5 10 5 7 15 13 15 3 6 9 15 11 3 8 10 6 10 15 5 9 5 15 4 13 12 1 10 3 10 7 8 12 10 2 7 10 5 10 3 8 6 8 10 8 5 11 1 5 10 9 13 2 10 15 9 10 12 8 5 14 10 8 12 6 5 14 7 3 9 10 7 9 15 8 13 9 5 8 6 6 7 8
DISPLAY 0 8 5
DISPLAY 1 8 2
DISPLAY 2 5 5
DISPLAY 3 4 5
DISPLAY 4 1 4
DISPLAY 5 1 3
DISPLAY 6 2 1
DISPLAY 7 1 5
DISPLAY 8 8 3
DISPLAY 9 2 6
DISPLAY 10 9 6
DISPLAY 11 8 7
DISPLAY 12 4 3
DISPLAY 13 9 7
DISPLAY 14 7 4
DISPLAY 15 8 0
DISPLAY 16 0 8
DISPLAY 17 5 9
DISPLAY 18 1 9
DISPLAY 19 4 4
DISPLAY 20 7 1
DISPLAY 21 5 2
DISPLAY 22 6 8
POSITION 0 6 5
POSITION 1 3 7
POSITION 2 0 4
POSITION 3 2 9
PLAYER 1
.
TICK 4
FIELDS 10 5 11 10 9 12 15 15 10 13 10 11 9 5 13 6 14 7 5 10 5 7 15 13 15 3 6 9 15 11 2 3 8 10 6 10 15 5 9 5 4 13 12 1 10 3 10 7 8 12 10 2 7 10 5 10 3 8 6 8 10 8 5 11 1 5 10 9 13 2 10 15 9 10 12 8 5 14 10 8 12 6 5 14 7 3 9 10 7 9 15 8 13 9 5 8 6 6 7 8
DISPLAY 0 8 5
DISPLAY 1 8 2
DISPLAY 2 5 5
DISPLAY 3 4 5
DISPLAY 4 1 4
DISPLAY 5 2 3
DISPLAY 6 2 1
DISPLAY 7 1 5
DISPLAY 8 9 3
DISPLAY 9 2 6
DISPLAY 10 9 6
DISPLAY 11 8 7
DISPLAY 12 5 3
DISPLAY 13 9 7
DISPLAY 14 7 4
DISPLAY 15 8 0
DISPLAY 16 0 8
DISPLAY 17 5 9
DISPLAY 18 1 9
DISPLAY 19 4 4
DISPLAY 20 7 1
DISPLAY 21 5 2
DISPLAY 22 6 8
POSITION 0 6 5
POSITION 1 3 7
POSITION 2 0 4
POSITION 3 2 9
PLAYER 2
.
TICK 4
FIELDS 10 5 5 10 9 12 15 15 10 13 10 11 11 5 13 6 14 7 5 10 5 7 9 13 15 3 6 9 15 11 2 3 15 10 6 10 15 5 9 5 4 13 8 1 10 3 10 7 8 12 10 2 12 10 5 10 3 8 6 8 10 8 7 11 1 5 10 9 13 2 10 15 5 10 12 8 5 14 10 8 12 6 9 14 7 3 9 10 7 9 15 8 5 9 5 8 6 6 7 8
DISPLAY 0 8 5
DISPLAY 1 8 2
DISPLAY 2 5 5
DISPLAY 3 4 5
DISPLAY 4 1 4
DISPLAY 5 2 4
DISPLAY 6 2 2
DISPLAY 7 1 5
DISPLAY 8 9 3
DISPLAY 9 2 7
DISPLAY 10 9 6
DISPLAY 11 8 7
DISPLAY 12 5 3
DISPLAY 13 9 7
DISPLAY 14 7 4
DISPLAY 15 8 0
DISPLAY 16 0 8
DISPLAY 17 5 9
DISPLAY 18 1 9
DISPLAY 19 4 4
DISPLAY 20 7 1
DISPLAY 21 5 2
DISPLAY 22 6 8
POSITION 0 6 5
POSITION 1 3 7
POSITION 2 0 4
POSITION 3 2 0
PLAYER 3
.
TICK 5
FIELDS 10 5 5 10 9 6 15 15 10 13 10 11 11 5 13 3 14 7 5 10 5 7 9 13 15 10 6 9 15 11 2 3 15 10 6 3 15 5 9 5 4 13 8 1 10 10 10 7 8 12 10 2 12 10 5 5 3 8 6 8 10 8 7 11 1 8 10 9 13 2 10 15 5 10 12 3 5 14 10 8 12 6 9 14 7 8 9 10 7 9 15 8 5 9 5 15 6 6 7 8
DISPLAY 0 8 5
DISPLAY 1 8 2
DISPLAY 2 5 4
DISPLAY 3 4 5
DISPLAY 4 1 4
DISPLAY 5 2 4
DISPLAY 6 2 2
DISPLAY 7 1 5
DISPLAY 8 9 3
DISPLAY 9 2 7
DISPLAY 10 9 6
DISPLAY 11 8 7
DISPLAY 12 5 2
DISPLAY 13 9 7
DISPLAY 14 7 4
DISPLAY 15 8 0
DISPLAY 16 0 8
DISPLAY 17 5 8
DISPLAY 18 1 9
DISPLAY 19 4 4
DISPLAY 20 7 1
DISPLAY 21 5 1
DISPLAY 22 6 8
POSITION 0 6 5
POSITION 1 3 7
POSITION 2 0 4
POSITION 3 2 0
PLAYER 0
MESSAGE OK
TARGET 14
EXTRAFIELD 15
.
TICK 5
FIELDS 10 5 5 10 9 6 15 15 10 13 10 11 11 5 13 3 14 7 5 10 5 7 9 13 15 10 6 9 15 11 2 3 15 10 6 3 15 5 9 5 13 8 1 10 10 10 7 8 12 15 10 2 12 10 5 5 3 8 6 8 10 8 7 11 1 8 10 9 13 2 10 15 5 10 12 3 5 14 10 8 12 6 9 14 7 8 9 10 7 9 15 8 5 9 5 15 6 6 7 8
DISPLAY 0 8 5
DISPLAY 1 8 2
DISPLAY 2 4 4
DISPLAY 3 4 5
DISPLAY 4 0 4
DISPLAY 5 1 4
DISPLAY 6 2 2
DISPLAY 7 1 5
DISPLAY 8 9 3
DISPLAY 9 2 7
DISPLAY 10 9 6
DISPLAY 11 8 7
DISPLAY 12 5 2
DISPLAY 13 9 7
DISPLAY 15 8 0
DISPLAY 16 0 8
DISPLAY 17 5 8
DISPLAY 18 1 9
DISPLAY 19 3 4
DISPLAY 20 7 1
DISPLAY 21 5 1
DISPLAY 22 6 8
POSITION 0 6 4
POSITION 1 3 7
POSITION 2 9 4
POSITION 3 2 0
PLAYER 1
.
TICK 5
FIELDS 10 5 5 10 9 3 15 15 10 13 10 11 11 5 13 10 14 7 5 10 5 7 9 13 15 3 6 9 15 11 2 3 15 10 6 10 15 5 9 5 13 8 1 10 10 5 7 8 12 15 10 2 12 10 5 8 3 8 6 8 10 8 7 11 1 3 10 9 13 2 10 15 5 10 12 8 5 14 10 8 12 6 9 14 7 15 9 10 7 9 15 8 5 9 5 15 6 6 7 8
DISPLAY 0 8 5
DISPLAY 1 8 2
DISPLAY 2 4 4
DISPLAY 3 4 5
DISPLAY 4 0 4
DISPLAY 5 1 4
DISPLAY 6 2 2
DISPLAY 7 1 5
DISPLAY 8 9 3
DISPLAY 9 2 7
DISPLAY 10 9 6
DISPLAY 11 8 7
DISPLAY 12 5 1
DISPLAY 13 9 7
DISPLAY 15 8 0
DISPLAY 16 0 8
DISPLAY 17 5 7
DISPLAY 18 1 9
DISPLAY 19 3 4
DISPLAY 20 7 1
DISPLAY 21 5 0
DISPLAY 22 6 8
POSITION 0 6 4
POSITION 1 3 7
POSITION 2 9 4
POSITION 3 2 0
PLAYER 2
.
TICK 5
FIELDS 10 5 5 10 9 3 15 15 10 10 10 11 11 5 13 10 14 7 5 11 5 7 9 13 15 3 6 9 15 5 2 3 15 10 6 10 15 5 9 15 13 8 1 10 10 5 7 8 12 8 10 2 12 10 5 8 3 8 6 2 10 8 7 11 1 3 10 9 13 8 10 15 5 10 12 8 5 14 10 9 12 6 9 14 7 15 9 10 7 8 15 8 5 9 5 15 6 6 7 13
DISPLAY 0 8 5
DISPLAY 1 8 2
DISPLAY 2 4 4
DISPLAY 3 4 5
DISPLAY 4 0 4
DISPLAY 5 1 4
DISPLAY 6 2 2
DISPLAY 7 1 5
DISPLAY 8 9 2
DISPLAY 9 2 7
DISPLAY 10 9 5
DISPLAY 11 8 7
DISPLAY 12 5 1
DISPLAY 13 9 6
DISPLAY 15 8 0
DISPLAY 16 0 8
DISPLAY 17 5 7
DISPLAY 18 1 9
DISPLAY 19 3 4
DISPLAY 20 7 1
DISPLAY 21 5 0
DISPLAY 22 6 8
POSITION 0 6 4
POSITION 1 3 7
POSITION 2 3 2
POSITION 3 2 0
PLAYER 3
.
TICK 6
FIELDS 10 5 5 10 9 10 15 15 10 10 10 11 11 5 13 3 14 7 5 11 5 7 9 13 15 10 6 9 15 5 2 3 15 10 6 5 15 5 9 15 13 8 1 10 10 8 7 8 12 8 10 2 12 10 5 3 3 8 6 2 10 8 7 11 1 8 10 9 13 8 10 15 5 10 12 15 5 14 10 9 12 6 9 14 7 15 9 10 7 8 15 8 5 9 5 12 6 6 7 13
DISPLAY 0 8 5
DISPLAY 1 8 2
DISPLAY 2 4 4
DISPLAY 3 4 5
DISPLAY 4 0 4
DISPLAY 5 1 4
DISPLAY 6 2 2
DISPLAY 7 1 5
DISPLAY 8 9 2
DISPLAY 9 2 7
DISPLAY 10 9 5
DISPLAY 11 8 7
DISPLAY 12 5 0
DISPLAY 13 9 6
DISPLAY 15 8 0
DISPLAY 16 0 8
DISPLAY 17 5 6
DISPLAY 18 1 9
DISPLAY 19 3 4
DISPLAY 20 7 1
DISPLAY 21 5 9
DISPLAY 22 6 8
POSITION 0 6 4
POSITION 1 3 7
POSITION 2 3 2
POSITION 3 2 0
PLAYER 0
MESSAGE OK
TARGET 11
EXTRAFIELD 4
.
TICK 6
FIELDS 10 5 5 10 9 10 4 15 10 10 10 11 11 5 13 3 15 7 5 11 5 7 9 13 15 10 14 9 15 5 2 3 15 10 6 5 6 5 9 15 13 8 1 10 10 8 15 8 12 8 10 2 12 10 5 3 7 8 6 2 10 8 7 11 1 8 3 9 13 8 10 15 5 10 12 15 10 14 10 9 12 6 9 14 7 15 5 10 7 8 15 8 5 9 5 12 9 6 7 13
DISPLAY 0 8 5
DISPLAY 1 8 2
DISPLAY 2 4 4
DISPLAY 3 4 5
DISPLAY 4 0 4
DISPLAY 5 1 4
DISPLAY 6 2 2
DISPLAY 7 1 5
DISPLAY 8 9 2
DISPLAY 9 2 7
DISPLAY 10 9 5
DISPLAY 11 8 7
DISPLAY 12 5 0
DISPLAY 13 9 6
DISPLAY 15 8 0
DISPLAY 16 0 8
DISPLAY 17 5 6
DISPLAY 18 1 9
DISPLAY 19 3 4
DISPLAY 20 7 1
DISPLAY 21 5 9
DISPLAY 22 6 9
POSITION 0 6 6
POSITION 1 3 7
POSITION 2 3 2
POSITION 3 2 0
PLAYER 1
.
TICK 6
FIELDS 10 5 5 10 9 10 4 15 10 10 11 11 5 13 3 15 7 5 11 6 5 7 9 13 15 10 14 9 15 5 2 3 15 10 6 5 6 5 9 15 13 8 1 10 10 8 15 8 12 8 10 2 12 10 5 3 7 8 6 2 10 8 7 11 1 8 3 9 13 8 10 15 5 10 12 15 10 14 10 9 12 6 9 14 7 15 5 10 7 8 15 8 5 9 5 12 9 6 7 13
DISPLAY 0 8 5
DISPLAY 1 8 2
DISPLAY 2 4 4
DISPLAY 3 4 5
DISPLAY 4 0 4
DISPLAY 5 1 4
DISPLAY 6 2 2
DISPLAY 7 1 5
DISPLAY 8 9 2
DISPLAY 9 2 7
DISPLAY 10 9 5
DISPLAY 11 8 7
DISPLAY 12 5 0
DISPLAY 13 9 6
DISPLAY 15 8 0
DISPLAY 16 0 8
DISPLAY 17 5 6
DISPLAY 18 1 9
DISPLAY 19 3 4
DISPLAY 20 6 1
DISPLAY 21 5 9
DISPLAY 22 6 9
POSITION 0 6 6
POSITION 1 3 7
POSITION 2 3 2
POSITION 3 2 0
PLAYER 2
.
TICK 6
FIELDS 10 5 5 10 9 10 4 15 10 10 11 11 5 13 3 15 7 5 11 6 7 9 13 15 10 14 9 15 5 13 2 3 15 10 6 5 6 5 9 15 13 8 1 10 10 8 15 8 12 8 10 2 12 10 5 3 7 8 6 2 10 8 7 11 1 8 3 9 13 8 10 15 5 10 12 15 10 14 10 9 12 6 9 14 7 15 5 10 7 8 15 8 5 9 5 12 9 6 7 13
DISPLAY 0 8 5
DISPLAY 1 7 2
DISPLAY 2 4 4
DISPLAY 3 4 5
DISPLAY 4 0 4
DISPLAY 5 1 4
DISPLAY 6 1 2
DISPLAY 7 1 5
DISPLAY 8 8 2
DISPLAY 9 2 7
DISPLAY 10 9 5
DISPLAY 11 8 7
DISPLAY 12 5 0
DISPLAY 13 9 6
DISPLAY 15 8 0
DISPLAY 16 0 8
DISPLAY 17 5 6
DISPLAY 18 1 9
DISPLAY 19 3 4
DISPLAY 20 6 1
DISPLAY 21 5 9
DISPLAY 22 6 9
POSITION 0 6 6
POSITION 1 3 7
POSITION 2 2 4
POSITION 3 2 0
PLAYER 3
.
TICK 7
FIELDS 10 5 5 10 9 3 4 15 10 10 11 11 5 13 3 10 7 5 11 6 7 9 13 15 10 15 9 15 5 13 2 3 15 10 6 14 6 5 9 15 13 8 1 10 10 5 15 8 12 8 10 2 12 10 5 8 7 8 6 2 10 8 7 11 1 3 3 9 13 8 10 15 5 10 12 8 10 14 10 9 12 6 9 14 7 15 5 10 7 8 15 8 5 9 5 15 9 6 7 13
DISPLAY 0 8 5
DISPLAY 1 7 2
DISPLAY 2 4 4
DISPLAY 3 4 5
DISPLAY 4 0 4
DISPLAY 5 1 4
DISPLAY 6 1 2
DISPLAY 7 1 5
DISPLAY 8 8 2
DISPLAY 9 2 7
DISPLAY 10 9 5
DISPLAY 11 8 7
DISPLAY 12 5 1
DISPLAY 13 9 6
DISPLAY 15 8 0
DISPLAY 16 0 8
DISPLAY 17 5 7
DISPLAY 18 1 9
DISPLAY 19 3 4
DISPLAY 20 6 1
DISPLAY 21 5 0
DISPLAY 22 6 9
POSITION 0 6 6
POSITION 1 3 7
POSITION 2 2 4
POSITION 3 2 0
PLAYER 0
MESSAGE OK
TARGET 11
EXTRAFIELD 6
.
TICK 7
FIELDS 10 5 5 10 9 10 4 15 10 10 11 11 5 13 3 15 7 5 11 6 7 9 13 15 10 14 9 15 5 13 2 3 15 10 6 5 6 5 9 15 13 8 1 10 10 8 15 8 12 8 10 2 12 10 5 3 7 8 6 2 10 8 7 11 1 8 3 9 13 8 10 15 5 10 12 15 10 14 10 9 12 6 9 14 7 15 5 10 7 8 15 8 5 9 5 6 9 6 7 13
DISPLAY 0 8 5
DISPLAY 1 7 2
DISPLAY 2 4 4
DISPLAY 3 4 5
DISPLAY 4 0 4
DISPLAY 5 1 4
DISPLAY 6 1 2
DISPLAY 7 1 5
DISPLAY 8 8 2
DISPLAY 9 2 7
DISPLAY 10 9 5
DISPLAY 11 8 7
DISPLAY 12 5 0
DISPLAY 13 9 6
DISPLAY 15 8 0
DISPLAY 16 0 8
DISPLAY 17 5 6
DISPLAY 18 1 9
DISPLAY 19 3 4
DISPLAY 20 6 1
DISPLAY 21 5 9
DISPLAY 22 6 9
POSITION 0 6 6
POSITION 1 3 7
POSITION 2 2 4
POSITION 3 2 0
PLAYER 1
.
TICK 7
FIELDS 10 11 5 10 9 10 4 15 10 10 11 9 5 13 3 15 7 5 11 6 7 3 13 15 10 14 9 15 5 13 2 8 15 10 6 5 6 5 9 15 13 2 1 10 10 8 15 8 12 8 10 8 12 10 5 3 7 8 6 2 10 15 7 11 1 8 3 9 13 8 10 6 5 10 12 15 10 14 10 9 12 8 9 14 7 15 5 10 7 8 15 10 5 9 5 6 9 6 7 13
DISPLAY 0 8 5
DISPLAY 1 7 2
DISPLAY 2 4 4
DISPLAY 3 4 5
DISPLAY 4 0 4
DISPLAY 5 1 3
DISPLAY 6 1 1
DISPLAY 7 1 4
DISPLAY 8 8 2
DISPLAY 9 2 7
DISPLAY 10 9 5
DISPLAY 11 8 7
DISPLAY 12 5 0
DISPLAY 13 9 6
DISPLAY 15 8 0
DISPLAY 16 0 8
DISPLAY 17 5 6
DISPLAY 18 1 8
DISPLAY 19 3 4
DISPLAY 20 6 1
DISPLAY 21 5 9
DISPLAY 22 6 9
POSITION 0 6 6
POSITION 1 3 7
POSITION 2 2 4
POSITION 3 2 0
PLAYER 2
.
TICK 7
FIELDS 11 11 5 10 9 10 4 15 10 10 7 9 5 13 3 15 7 5 11 6 2 3 13 15 10 14 9 15 5 13 13 8 15 10 6 5 6 5 9 15 10 2 1 10 10 8 15 8 12 8 10 8 12 10 5 3 7 8 6 2 10 15 7 11 1 8 3 9 13 8 12 6 5 10 12 15 10 14 10 9 15 8 9 14 7 15 5 10 7 8 5 10 5 9 5 6 9 6 7 13
DISPLAY 0 8 5
DISPLAY 1 7 2
DISPLAY 2 4 4
DISPLAY 3 4 5
DISPLAY 4 0 3
DISPLAY 5 1 3
DISPLAY 6 1 1
DISPLAY 7 1 4
DISPLAY 8 8 2
DISPLAY 9 2 7
DISPLAY 10 9 5
DISPLAY 11 8 7
DISPLAY 12 5 0
DISPLAY 13 9 6
DISPLAY 15 8 0
DISPLAY 16 0 7
DISPLAY 17 5 6
DISPLAY 18 1 8
DISPLAY 19 3 4
DISPLAY 20 6 1
DISPLAY 21 5 9
DISPLAY 22 6 9
POSITION 0 6 6
POSITION 1 3 7
POSITION 2 1 3
POSITION 3 2 0
PLAYER 3
.
TICK 8
FIELDS 11 11 5 10 9 15 4 15 10 10 7 9 5 13 3 14 7 5 11 6 2 3 13 15 10 5 9 15 5 13 13 8 15 10 6 8 6 5 9 15 10 2 1 10 10 3 15 8 12 8 10 8 12 10 5 8 7 8 6 2 10 15 7 11 1 15 3 9 13 8 12 6 5 10 12 15 10 14 10 9 15 8 9 14 7 6 5 10 7 8 5 10 5 9 5 12 9 6 7 13
DISPLAY 0 8 5
DISPLAY 1 7 2
DISPLAY 2 4 4
DISPLAY 3 4 5
DISPLAY 4 0 3
DISPLAY 5 1 3
DISPLAY 6 1 1
DISPLAY 7 1 4
DISPLAY 8 8 2
DISPLAY 9 2 7
DISPLAY 10 9 5
DISPLAY 11 8 7
DISPLAY 12 5 9
DISPLAY 13 9 6
DISPLAY 15 8 0
DISPLAY 16 0 7
DISPLAY 17 5 5
DISPLAY 18 1 8
DISPLAY 19 3 4
DISPLAY 20 6 1
DISPLAY 21 5 8
DISPLAY 22 6 9
POSITION 0 6 6
POSITION 1 3 7
POSITION 2 1 3
POSITION 3 2 0
PLAYER 0
MESSAGE OK
TARGET 11
EXTRAFIELD 3
.
TICK 8
FIELDS 7 11 5 10 9 15 4 15 10 10 2 9 5 13 3 14 7 5 11 6 13 3 13 15 10 5 9 15 5 13 10 8 15 10 6 8 6 5 9 15 10 2 1 10 10 3 15 8 12 8 10 8 12 10 5 8 7 8 6 2 12 15 7 11 1 15 3 9 13 8 15 6 5 10 12 15 10 14 10 9 5 8 9 14 7 6 5 10 7 8 9 10 5 9 5 12 9 6 7 13
DISPLAY 0 8 5
DISPLAY 1 7 2
DISPLAY 2 4 4
DISPLAY 3 4 5
DISPLAY 4 0 2
DISPLAY 5 1 3
DISPLAY 6 1 1
DISPLAY 7 1 4
DISPLAY 8 8 2
DISPLAY 9 2 7
DISPLAY 10 9 5
DISPLAY 12 5 9
DISPLAY 13 9 6
DISPLAY 15 8 0
DISPLAY 16 0 6
DISPLAY 17 5 5
DISPLAY 18 1 8
DISPLAY 19 3 4
DISPLAY 20 6 1
DISPLAY 21 5 8
DISPLAY 22 6 9
POSITION 0 8 7
POSITION 1 3 7
POSITION 2 1 3
POSITION 3 2 0
PLAYER 1
.
TICK 8
FIELDS 7 11 5 10 9 15 4 5 10 10 2 9 5 13 3 14 7 15 11 6 13 3 13 15 10 5 9 5 5 13 10 8 15 10 6 8 6 8 9 15 10 2 1 10 10 3 15 8 12 8 10 8 12 10 5 8 7 9 6 2 12 15 7 11 1 15 3 14 13 8 15 6 5 10 12 15 10 10 10 9 5 8 9 14 7 6 5 6 7 8 9 10 5 9 5 12 9 5 7 13
DISPLAY 0 8 5
DISPLAY 1 7 1
DISPLAY 2 4 4
DISPLAY 3 4 5
DISPLAY 4 0 2
DISPLAY 5 1 3
DISPLAY 6 1 1
DISPLAY 7 1 4
DISPLAY 8 8 2
DISPLAY 9 2 7
DISPLAY 10 9 5
DISPLAY 12 5 9
DISPLAY 13 9 6
DISPLAY 15 8 0
DISPLAY 16 0 6
DISPLAY 17 5 5
DISPLAY 18 1 8
DISPLAY 19 3 4
DISPLAY 20 6 1
DISPLAY 21 5 8
DISPLAY 22 6 9
POSITION 0 8 7
POSITION 1 3 7
POSITION 2 1 3
POSITION 3 2 0
PLAYER 2
.
TICK 8
FIELDS 10 11 5 10 9 15 4 5 10 10 7 9 5 13 3 14 7 15 11 6 2 3 13 15 10 5 9 5 5 13 13 8 15 10 6 8 6 8 9 15 10 2 1 10 10 3 15 8 12 8 10 8 12 10 5 8 7 9 6 2 10 15 7 11 1 15 3 14 13 8 12 6 5 10 12 15 10 10 10 9 15 8 9 14 7 6 5 6 7 8 5 10 5 9 5 12 9 5 7 13
DISPLAY 0 8 5
DISPLAY 1 7 1
DISPLAY 2 4 4
DISPLAY 3 4 5
DISPLAY 4 0 3
DISPLAY 5 1 3
DISPLAY 6 1 1
DISPLAY 7 1 4
DISPLAY 8 8 2
DISPLAY 9 2 7
DISPLAY 10 9 5
DISPLAY 12 5 9
DISPLAY 13 9 6
DISPLAY 15 8 0
DISPLAY 16 0 7
DISPLAY 17 5 5
DISPLAY 18 1 8
DISPLAY 19 3 4
DISPLAY 20 6 1
DISPLAY 21 5 8
DISPLAY 22 6 9
POSITION 0 8 7
POSITION 1 3 7
POSITION 2 1 3
POSITION 3 2 0
PLAYER 3
.
TICK 9
FIELDS 10 11 5 10 9 10 4 5 10 10 7 9 5 13 3 15 7 15 11 6 2 3 13 15 10 14 9 5 5 13 13 8 15 10 6 5 6 8 9 15 10 2 1 10 10 8 15 8 12 8 10 8 12 10 5 3 7 9 6 2 10 15 7 11 1 8 3 14 13 8 12 6 5 10 12 15 10 10 10 9 15 8 9 14 7 15 5 6 7 8 5 10 5 9 5 6 9 5 7 13
DISPLAY 0 8 5
DISPLAY 1 7 1
DISPLAY 2 4 4
DISPLAY 3 4 5
DISPLAY 4 0 3
DISPLAY 5 1 3
DISPLAY 6 1 1
DISPLAY 7 1 4
DISPLAY 8 8 2
DISPLAY 9 2 7
DISPLAY 10 9 5
DISPLAY 12 5 0
DISPLAY 13 9 6
DISPLAY 15 8 0
DISPLAY 16 0 7
DISPLAY 17 5 6
DISPLAY 18 1 8
DISPLAY 19 3 4
DISPLAY 20 6 1
DISPLAY 21 5 9
DISPLAY 22 6 9
POSITION 0 8 7
POSITION 1 3 7
POSITION 2 1 3
POSITION 3 2 0
PLAYER 0
MESSAGE OK
TARGET 2
EXTRAFIELD 11
.
TICK 9
FIELDS 10 11 5 10 11 10 4 5 10 10 7 9 5 13 9 15 7 15 11 6 2 3 13 15 3 14 9 5 5 13 13 8 15 10 10 5 6 8 9 15 10 2 1 10 6 8 15 8 12 8 10 8 12 10 10 3 7 9 6 2 10 15 7 11 5 8 3 14 13 8 12 6 5 10 1 15 10 10 10 9 15 8 9 14 12 15 5 6 7 8 5 10 5 9 7 6 9 5 7 13
DISPLAY 0 8 5
DISPLAY 1 7 1
DISPLAY 3 4 6
DISPLAY 4 0 3
DISPLAY 5 1 3
DISPLAY 6 1 1
DISPLAY 7 1 4
DISPLAY 8 8 2
DISPLAY 9 2 7
DISPLAY 10 9 5
DISPLAY 12 5 0
DISPLAY 13 9 6
DISPLAY 15 8 0
DISPLAY 16 0 7
DISPLAY 17 5 6
DISPLAY 18 1 8
DISPLAY 19 3 4
DISPLAY 20 6 1
DISPLAY 21 5 9
DISPLAY 22 6 9
POSITION 0 4 5
POSITION 1 3 7
POSITION 2 1 3
POSITION 3 2 0
PLAYER 1
.
TICK 9
FIELDS 15 11 5 10 11 10 4 5 10 10 10 9 5 13 9 15 7 15 11 6 7 3 13 15 3 14 9 5 5 13 2 8 15 10 10 5 6 8 9 15 13 2 1 10 6 8 15 8 12 8 10 8 12 10 10 3 7 9 6 2 10 15 7 11 5 8 3 14 13 8 10 6 5 10 1 15 10 10 10 9 12 8 9 14 12 15 5 6 7 8 15 10 5 9 7 6 9 5 7 13
DISPLAY 0 8 5
DISPLAY 1 7 1
DISPLAY 3 4 6
DISPLAY 4 0 4
DISPLAY 5 1 3
DISPLAY 6 1 1
DISPLAY 7 1 4
DISPLAY 8 8 2
DISPLAY 9 2 7
DISPLAY 10 9 5
DISPLAY 12 5 0
DISPLAY 13 9 6
DISPLAY 15 8 0
DISPLAY 16 0 8
DISPLAY 17 5 6
DISPLAY 18 1 8
DISPLAY 19 3 4
DISPLAY 20 6 1
DISPLAY 21 5 9
DISPLAY 22 6 9
POSITION 0 4 5
POSITION 1 3 7
POSITION 2 1 3
POSITION 3 2 0
PLAYER 2
.
TICK 9
FIELDS 15 9 5 10 11 10 4 5 10 10 10 11 5 13 9 15 7 15 11 6 7 9 13 15 3 14 9 5 5 13 2 3 15 10 10 5 6 8 9 15 13 8 1 10 6 8 15 8 12 8 10 2 12 10 10 3 7 9 6 2 10 8 7 11 5 8 3 14 13 8 10 15 5 10 1 15 10 10 10 9 12 6 9 14 12 15 5 6 7 8 15 8 5 9 7 6 9 5 7 13
DISPLAY 0 8 5
DISPLAY 1 7 1
DISPLAY 3 4 6
DISPLAY 4 0 4
DISPLAY 5 1 4
DISPLAY 6 1 2
DISPLAY 7 1 5
DISPLAY 8 8 2
DISPLAY 9 2 7
DISPLAY 10 9 5
DISPLAY 12 5 0
DISPLAY 13 9 6
DISPLAY 15 8 0
DISPLAY 16 0 8
DISPLAY 17 5 6
DISPLAY 18 1 9
DISPLAY 19 3 4
DISPLAY 20 6 1
DISPLAY 21 5 9
DISPLAY 22 6 9
POSITION 0 4 5
POSITION 1 3 7
POSITION 2 1 4
POSITION 3 2 0
PLAYER 3
.
TICK 10
FIELDS 15 9 5 10 11 15 4 5 10 10 10 11 5 13 9 14 7 15 11 6 7 9 13 15 3 5 9 5 5 13 2 3 15 10 10 8 6 8 9 15 13 8 1 10 6 3 15 8 12 8 10 2 12 10 10 8 7 9 6 2 10 8 7 11 5 15 3 14 13 8 10 15 5 10 1 15 10 10 10 9 12 6 9 14 12 6 5 6 7 8 15 8 5 9 7 12 9 5 7 13
DISPLAY 0 8 5
DISPLAY 1 7 1
DISPLAY 3 4 6
DISPLAY 4 0 4
DISPLAY 5 1 4
DISPLAY 6 1 2
DISPLAY 7 1 5
DISPLAY 8 8 2
DISPLAY 9 2 7
DISPLAY 10 9 5
DISPLAY 12 5 9
DISPLAY 13 9 6
DISPLAY 15 8 0
DISPLAY 16 0 8
DISPLAY 17 5 5
DISPLAY 18 1 9
DISPLAY 19 3 4
DISPLAY 20 6 1
DISPLAY 21 5 8
DISPLAY 22 6 9
POSITION 0 4 5
POSITION 1 3 7
POSITION 2 1 4
POSITION 3 2 0
PLAYER 0
MESSAGE OK
TARGET 19
EXTRAFIELD 5
.
TICK 10
FIELDS 15 9 5 5 11 15 4 5 10 10 10 11 5 10 9 14 7 15 11 6 7 9 13 13 3 5 9 5 5 13 2 3 15 15 10 8 6 8 9 15 13 8 1 10 6 3 15 8 12 8 10 2 12 10 10 8 7 9 6 2 10 8 7 10 5 15 3 14 13 8 10 15 5 11 1 15 10 10 10 9 12 6 9 10 12 6 5 6 7 8 15 8 5 14 7 12 9 5 7 13
DISPLAY 0 8 5
DISPLAY 1 7 1
DISPLAY 3 4 6
DISPLAY 4 0 4
DISPLAY 5 1 4
DISPLAY 6 1 2
DISPLAY 7 1 5
DISPLAY 8 8 2
DISPLAY 9 2 7
DISPLAY 10 9 5
DISPLAY 12 5 9
DISPLAY 13 9 6
DISPLAY 15 8 0
DISPLAY 16 0 8
DISPLAY 17 5 5
DISPLAY 18 1 9
DISPLAY 20 6 1
DISPLAY 21 5 8
DISPLAY 22 6 9
POSITION 0 3 5
POSITION 1 3 8
POSITION 2 1 4
POSITION 3 2 0
PLAYER 1
.
TICK 10
FIELDS 15 11 5 5 11 15 4 5 10 10 10 9 5 10 9 14 7 15 11 6 7 3 13 13 3 5 9 5 5 13 2 8 15 15 10 8 6 8 9 15 13 2 1 10 6 3 15 8 12 8 10 8 12 10 10 8 7 9 6 2 10 15 7 10 5 15 3 14 13 8 10 6 5 11 1 15 10 10 10 9 12 8 9 10 12 6 5 6 7 8 15 5 5 14 7 12 9 5 7 13
DISPLAY 0 8 5
DISPLAY 1 7 1
DISPLAY 3 4 6
DISPLAY 4 0 4
DISPLAY 5 1 3
DISPLAY 6 1 1
DISPLAY 7 1 4
DISPLAY 8 8 2
DISPLAY 9 2 7
DISPLAY 10 9 5
DISPLAY 12 5 9
DISPLAY 13 9 6
DISPLAY 15 8 0
DISPLAY 16 0 8
DISPLAY 17 5 5
DISPLAY 18 1 8
DISPLAY 20 6 1
DISPLAY 21 5 8
DISPLAY 22 6 9
POSITION 0 3 5
POSITION 1 3 8
POSITION 2 1 3
POSITION 3 2 0
PLAYER 2
.
TICK 10
FIELDS 15 10 5 5 11 15 4 5 10 10 10 11 5 10 9 14 7 15 11 6 7 9 13 13 3 5 9 5 5 13 2 3 15 15 10 8 6 8 9 15 13 8 1 10 6 3 15 8 12 8 10 2 12 10 10 8 7 9 6 2 10 8 7 10 5 15 3 14 13 8 10 15 5 11 1 15 10 10 10 9 12 6 9 10 12 6 5 6 7 8 15 8 5 14 7 12 9 5 7 13
DISPLAY 0 8 5
DISPLAY 1 7 1
DISPLAY 3 4 6
DISPLAY 4 0 4
DISPLAY 5 1 4
DISPLAY 6 1 2
DISPLAY 7 1 5
DISPLAY 8 8 2
DISPLAY 9 2 7
DISPLAY 10 9 5
DISPLAY 12 5 9
DISPLAY 13 9 6
DISPLAY 15 8 0
DISPLAY 16 0 8
DISPLAY 17 5 5
DISPLAY 18 1 9
DISPLAY 20 6 1
DISPLAY 21 5 8
DISPLAY 22 6 9
POSITION 0 3 5
POSITION 1 3 8
POSITION 2 1 4
POSITION 3 2 0
PLAYER 3
.
TICK 11
FIELDS 15 10 5 5 11 10 4 5 10 10 10 11 5 10 9 15 7 15 11 6 7 9 13 13 3 14 9 5 5 13 2 3 15 15 10 5 6 8 9 15 13 8 1 10 6 8 15 8 12 8 10 2 12 10 10 3 7 9 6 2 10 8 7 10 5 8 3 14 13 8 10 15 5 11 1 15 10 10 10 9 12 6 9 10 12 15 5 6 7 8 15 8 5 14 7 6 9 5 7 13
DISPLAY 0 8 5
DISPLAY 1 7 1
DISPLAY 3 4 6
DISPLAY 4 0 4
DISPLAY 5 1 4
DISPLAY 6 1 2
DISPLAY 7 1 5
DISPLAY 8 8 2
DISPLAY 9 2 7
DISPLAY 10 9 5
DISPLAY 12 5 0
DISPLAY 13 9 6
DISPLAY 15 8 0
DISPLAY 16 0 8
DISPLAY 17 5 6
DISPLAY 18 1 9
DISPLAY 20 6 1
DISPLAY 21 5 9
DISPLAY 22 6 9
POSITION 0 3 5
POSITION 1 3 8
POSITION 2 1 4
POSITION 3 2 0
PLAYER 0
MESSAGE OK
TARGET 10
EXTRAFIELD 9
.
TICK 11
FIELDS 15 11 5 5 11 10 4 5 10 10 10 9 5 10 9 15 7 15 11 6 7 3 13 13 3 14 9 5 5 13 2 8 15 15 10 5 6 8 9 15 13 2 1 10 6 8 15 8 12 8 10 8 12 10 10 3 7 9 6 2 10 15 7 10 5 8 3 14 13 8 10 6 5 11 1 15 10 10 10 9 12 8 9 10 12 15 5 6 7 8 15 9 5 14 7 6 9 5 7 13
DISPLAY 0 8 5
DISPLAY 1 7 1
DISPLAY 3 4 6
DISPLAY 4 0 4
DISPLAY 5 1 3
DISPLAY 6 1 1
DISPLAY 7 1 4
DISPLAY 8 8 2
DISPLAY 9 2 7
DISPLAY 10 9 5
DISPLAY 12 5 0
DISPLAY 13 9 6
DISPLAY 15 8 0
DISPLAY 16 0 8
DISPLAY 17 5 6
DISPLAY 18 1 8
DISPLAY 20 6 1
DISPLAY 21 5 9
DISPLAY 22 6 9
POSITION 0 0 6
POSITION 1 3 8
POSITION 2 1 3
POSITION 3 2 0
PLAYER 1
.
TICK 11
FIELDS 15 11 5 5 11 10 4 5 10 6 10 9 5 10 9 15 7 15 11 13 7 3 13 13 3 14 9 5 5 15 2 8 15 15 10 5 6 8 9 8 13 2 1 10 6 8 15 8 12 2 10 8 12 10 10 3 7 9 6 8 10 15 7 10 5 8 3 14 13 9 10 6 5 11 1 15 10 10 10 8 12 8 9 10 12 15 5 6 7 13 15 9 5 14 7 6 9 5 7 9
DISPLAY 0 8 5
DISPLAY 1 7 1
DISPLAY 3 4 6
DISPLAY 4 0 4
DISPLAY 5 1 3
DISPLAY 6 1 1
DISPLAY 7 1 4
DISPLAY 8 8 2
DISPLAY 9 2 7
DISPLAY 10 9 4
DISPLAY 12 5 0
DISPLAY 13 9 5
DISPLAY 15 8 0
DISPLAY 16 0 8
DISPLAY 17 5 6
DISPLAY 18 1 8
DISPLAY 20 6 1
DISPLAY 21 5 9
DISPLAY 22 6 9
POSITION 0 0 6
POSITION 1 3 8
POSITION 2 1 3
POSITION 3 2 0
PLAYER 2
.
TICK 11
FIELDS 15 5 5 5 11 10 4 5 10 6 10 11 5 10 9 15 7 15 11 13 7 9 13 13 3 14 9 5 5 15 2 3 15 15 10 5 6 8 9 8 13 8 1 10 6 8 15 8 12 2 10 2 12 10 10 3 7 9 6 8 10 8 7 10 5 8 3 14 13 9 10 15 5 11 1 15 10 10 10 8 12 6 9 10 12 15 5 6 7 13 15 8 5 14 7 6 9 5 7 9
DISPLAY 0 8 5
DISPLAY 1 7 1
DISPLAY 3 4 6
DISPLAY 4 0 4
DISPLAY 5 1 4
DISPLAY 6 1 2
DISPLAY 7 1 5
DISPLAY 8 8 2
DISPLAY 9 2 7
DISPLAY 10 9 4
DISPLAY 12 5 0
DISPLAY 13 9 5
DISPLAY 15 8 0
DISPLAY 16 0 8
DISPLAY 17 5 6
DISPLAY 18 1 9
DISPLAY 20 6 1
DISPLAY 21 5 9
DISPLAY 22 6 9
POSITION 0 0 6
POSITION 1 3 8
POSITION 2 1 4
POSITION 3 2 0
PLAYER 3
.
TICK 12
FIELDS 15 5 5 5 11 15 4 5 10 6 10 11 5 10 9 14 7 15 11 13 7 9 13 13 3 5 9 5 5 15 2 3 15 15 10 8 6 8 9 8 13 8 1 10 6 3 15 8 12 2 10 2 12 10 10 8 7 9 6 8 10 8 7 10 5 15 3 14 13 9 10 15 5 11 1 15 10 10 10 8 12 6 9 10 12 6 5 6 7 13 15 8 5 14 7 12 9 5 7 9
DISPLAY 0 8 5
DISPLAY 1 7 1
DISPLAY 3 4 6
DISPLAY 4 0 4
DISPLAY 5 1 4
DISPLAY 6 1 2
DISPLAY 7 1 5
DISPLAY 8 8 2
DISPLAY 9 2 7
DISPLAY 10 9 4
DISPLAY 12 5 9
DISPLAY 13 9 5
DISPLAY 15 8 0
DISPLAY 16 0 8
DISPLAY 17 5 5
DISPLAY 18 1 9
DISPLAY 20 6 1
DISPLAY 21 5 8
DISPLAY 22 6 9
POSITION 0 0 6
POSITION 1 3 8
POSITION 2 1 4
POSITION 3 2 0
PLAYER 0
MESSAGE OK
TARGET 10
EXTRAFIELD 10
.
TICK 12
FIELDS 15 5 5 5 11 15 4 5 10 6 10 11 5 10 9 14 7 15 11 13 7 9 13 13 3 5 9 5 5 15 2 3 15 15 10 8 6 8 9 8 13 8 1 10 6 3 15 8 12 2 10 2 12 10 10 8 7 9 6 8 8 7 10 5 15 3 14 13 9 10 10 15 5 11 1 15 10 10 10 8 12 6 9 10 12 6 5 6 7 13 15 8 5 14 7 12 9 5 7 9
DISPLAY 0 8 5
DISPLAY 1 7 1
DISPLAY 3 3 6
DISPLAY 4 0 4
DISPLAY 5 1 4
DISPLAY 6 1 2
DISPLAY 7 1 5
DISPLAY 8 8 2
DISPLAY 9 2 7
DISPLAY 10 9 4
DISPLAY 12 5 9
DISPLAY 13 9 5
DISPLAY 15 8 0
DISPLAY 16 0 8
DISPLAY 17 5 5
DISPLAY 18 1 9
DISPLAY 20 6 1
DISPLAY 21 5 8
DISPLAY 22 6 9
POSITION 0 8 5
POSITION 1 3 8
POSITION 2 1 4
POSITION 3 2 0
PLAYER 1
.
TICK 12
FIELDS 15 5 5 5 10 15 4 5 10 6 10 11 5 10 11 14 7 15 11 13 7 9 13 13 9 5 9 5 5 15 2 3 15 15 3 8 6 8 9 8 13 8 1 10 10 3 15 8 12 2 10 2 12 10 6 8 7 9 6 8 8 7 10 5 10 3 14 13 9 10 10 15 5 11 15 15 10 10 10 8 12 6 9 10 1 6 5 6 7 13 15 8 5 14 12 12 9 5 7 9
DISPLAY 0 8 5
DISPLAY 1 7 1
DISPLAY 3 3 6
DISPLAY 4 0 4
DISPLAY 5 1 4
DISPLAY 6 1 2
DISPLAY 7 1 5
DISPLAY 8 8 2
DISPLAY 9 2 7
DISPLAY 10 9 4
DISPLAY 12 5 9
DISPLAY 13 9 5
DISPLAY 15 8 0
DISPLAY 16 0 8
DISPLAY 17 5 5
DISPLAY 18 1 9
DISPLAY 20 6 1
DISPLAY 21 5 8
DISPLAY 22 6 9
POSITION 0 8 5
POSITION 1 3 8
POSITION 2 1 4
POSITION 3 2 0
PLAYER 2
.
TICK 12
FIELDS 15 5 9 5 10 15 4 5 10 6 10 11 5 10 11 14 7 15 11 13 7 9 5 13 9 5 9 5 5 15 2 3 13 15 3 8 6 8 9 8 13 8 15 10 10 3 15 8 12 2 10 2 1 10 6 8 7 9 6 8 8 7 12 5 10 3 14 13 9 10 10 15 10 11 15 15 10 10 10 8 12 6 5 10 1 6 5 6 7 13 15 8 9 14 12 12 9 5 7 9
DISPLAY 0 8 5
DISPLAY 1 7 1
DISPLAY 3 3 6
DISPLAY 4 0 4
DISPLAY 5 1 4
DISPLAY 6 1 2
DISPLAY 7 1 5
DISPLAY 8 8 2
DISPLAY 9 2 8
DISPLAY 10 9 4
DISPLAY 12 5 9
DISPLAY 13 9 5
DISPLAY 15 8 0
DISPLAY 16 0 8
DISPLAY 17 5 5
DISPLAY 18 1 9
DISPLAY 20 6 1
DISPLAY 21 5 8
DISPLAY 22 6 9
POSITION 0 8 5
POSITION 1 3 8
POSITION 2 1 4
POSITION 3 2 1
PLAYER 3
.
TICK 13
FIELDS 15 5 9 5 10 14 4 5 10 6 10 11 5 10 11 5 7 15 11 13 7 9 5 13 9 8 9 5 5 15 2 3 13 15 3 3 6 8 9 8 13 8 15 10 10 8 15 8 12 2 10 2 1 10 6 3 7 9 6 8 8 7 12 5 10 15 14 13 9 10 10 15 10 11 15 6 10 10 10 8 12 6 5 10 1 12 5 6 7 13 15 8 9 14 12 10 9 5 7 9
DISPLAY 0 8 5
DISPLAY 1 7 1
DISPLAY 3 3 6
DISPLAY 4 0 4
DISPLAY 5 1 4
DISPLAY 6 1 2
DISPLAY 7 1 5
DISPLAY 8 8 2
DISPLAY 9 2 8
DISPLAY 10 9 4
DISPLAY 12 5 8
DISPLAY 13 9 5
DISPLAY 15 8 0
DISPLAY 16 0 8
DISPLAY 17 5 4
DISPLAY 18 1 9
DISPLAY 20 6 1
DISPLAY 21 5 7
DISPLAY 22 6 9
POSITION 0 8 5
POSITION 1 3 8
POSITION 2 1 4
POSITION 3 2 1
PLAYER 0
MESSAGE OK
TARGET 10
EXTRAFIELD 10
.
TICK 13
FIELDS 15 5 9 5 10 14 4 5 10 6 10 11 5 10 11 5 7 15 11 13 7 9 5 13 9 8 9 5 5 15 2 3 13 15 3 3 6 8 9 8 8 15 10 10 8 15 8 12 2 10 10 2 1 10 6 3 7 9 6 8 8 7 12 5 10 15 14 13 9 10 10 15 10 11 15 6 10 10 10 8 12 6 5 10 1 12 5 6 7 13 15 8 9 14 12 10 9 5 7 9
DISPLAY 0 8 5
DISPLAY 1 7 1
DISPLAY 3 3 6
DISPLAY 4 9 4
DISPLAY 5 0 4
DISPLAY 6 1 2
DISPLAY 7 1 5
DISPLAY 8 8 2
DISPLAY 9 2 8
DISPLAY 12 5 8
DISPLAY 13 9 5
DISPLAY 15 8 0
DISPLAY 16 0 8
DISPLAY 17 4 4
DISPLAY 18 1 9
DISPLAY 20 6 1
DISPLAY 21 5 7
DISPLAY 22 6 9
POSITION 0 8 4
POSITION 1 3 8
POSITION 2 0 4
POSITION 3 2 1
PLAYER 1
.
TICK 13
FIELDS 15 5 9 5 10 14 4 5 10 6 10 11 5 10 11 5 7 15 11 13 7 9 5 13 9 8 9 5 5 15 2 3 13 15 3 3 6 8 9 8 7 8 15 10 10 8 15 8 12 2 10 2 1 10 6 3 7 9 6 8 8 7 12 5 10 15 14 13 9 10 10 15 10 11 15 6 10 10 10 8 12 6 5 10 1 12 5 6 7 13 15 8 9 14 12 10 9 5 7 9
DISPLAY 0 8 5
DISPLAY 1 7 1
DISPLAY 3 3 6
DISPLAY 4 0 4
DISPLAY 5 1 4
DISPLAY 6 1 2
DISPLAY 7 1 5
DISPLAY 8 8 2
DISPLAY 9 2 8
DISPLAY 12 5 8
DISPLAY 13 9 5
DISPLAY 15 8 0
DISPLAY 16 0 8
DISPLAY 17 5 4
DISPLAY 18 1 9
DISPLAY 20 6 1
DISPLAY 21 5 7
DISPLAY 22 6 9
POSITION 0 9 4
POSITION 1 3 8
POSITION 2 1 4
POSITION 3 2 1
PLAYER 2
.
TICK 13
FIELDS 15 5 5 5 10 14 4 5 10 6 10 11 9 10 11 5 7 15 11 13 7 9 5 13 9 8 9 5 5 15 2 3 5 15 3 3 6 8 9 8 7 8 13 10 10 8 15 8 12 2 10 2 15 10 6 3 7 9 6 8 8 7 1 5 10 15 14 13 9 10 10 15 12 11 15 6 10 10 10 8 12 6 10 10 1 12 5 6 7 13 15 8 5 14 12 10 9 5 7 9
DISPLAY 0 8 5
DISPLAY 1 7 1
DISPLAY 3 3 6
DISPLAY 4 0 4
DISPLAY 5 1 4
DISPLAY 6 1 2
DISPLAY 7 1 5
DISPLAY 8 8 2
DISPLAY 9 2 9
DISPLAY 12 5 8
DISPLAY 13 9 5
DISPLAY 15 8 0
DISPLAY 16 0 8
DISPLAY 17 5 4
DISPLAY 18 1 9
DISPLAY 20 6 1
DISPLAY 21 5 7
DISPLAY 22 6 9
POSITION 0 9 4
POSITION 1 3 8
POSITION 2 1 4
POSITION 3 2 2
PLAYER 3
.
TICK 14
FIELDS 15 5 5 5 10 15 4 5 10 6 10 11 9 10 11 14 7 15 11 13 7 9 5 13 9 5 9 5 5 15 2 3 5 15 3 8 6 8 9 8 7 8 13 10 10 3 15 8 12 2 10 2 15 10 6 8 7 9 6 8 8 7 1 5 10 3 14 13 9 10 10 15 12 11 15 15 10 10 10 8 12 6 10 10 1 6 5 6 7 13 15 8 5 14 12 12 9 5 7 9
DISPLAY 0 8 5
DISPLAY 1 7 1
DISPLAY 3 3 6
DISPLAY 4 0 4
DISPLAY 5 1 4
DISPLAY 6 1 2
DISPLAY 7 1 5
DISPLAY 8 8 2
DISPLAY 9 2 9
DISPLAY 12 5 9
DISPLAY 13 9 5
DISPLAY 15 8 0
DISPLAY 16 0 8
DISPLAY 17 5 5
DISPLAY 18 1 9
DISPLAY 20 6 1
DISPLAY 21 5 8
DISPLAY 22 6 9
POSITION 0 9 4
POSITION 1 3 8
POSITION 2 1 4
POSITION 3 2 2
PLAYER 0
MESSAGE OK
TARGET 13
EXTRAFIELD 13
.
TICK 14
FIELDS 15 5 5 5 10 15 4 5 10 6 10 11 9 10 11 14 7 15 11 13 7 9 5 13 9 5 9 5 5 15 2 3 5 15 3 8 6 8 9 8 7 7 8 13 10 10 3 15 8 12 10 2 15 10 6 8 7 9 6 8 8 7 1 5 10 3 14 13 9 10 10 15 12 11 15 15 10 10 10 8 12 6 10 10 1 6 5 6 7 13 15 8 5 14 12 12 9 5 7 9
DISPLAY 0 8 5
DISPLAY 1 7 1
DISPLAY 3 3 6
DISPLAY 4 1 4
DISPLAY 5 2 4
DISPLAY 6 1 2
DISPLAY 7 1 5
DISPLAY 8 8 2
DISPLAY 9 2 9
DISPLAY 12 5 9
DISPLAY 13 9 5
DISPLAY 15 8 0
DISPLAY 16 0 8
DISPLAY 17 5 5
DISPLAY 18 1 9
DISPLAY 20 6 1
DISPLAY 21 5 8
DISPLAY 22 6 9
POSITION 0 0 4
POSITION 1 3 8
POSITION 2 2 4
POSITION 3 2 2
PLAYER 1
.
TICK 14
FIELDS 10 15 5 5 5 10 15 4 5 10 10 11 9 10 11 14 7 15 11 13 7 9 5 13 9 5 9 5 5 15 2 3 5 15 3 8 6 8 9 8 7 7 8 13 10 10 3 15 8 12 10 2 15 10 6 8 7 9 6 8 8 7 1 5 10 3 14 13 9 10 10 15 12 11 15 15 10 10 10 8 12 6 10 10 1 6 5 6 7 13 15 8 5 14 12 12 9 5 7 9
DISPLAY 0 8 5
DISPLAY 1 7 1
DISPLAY 3 3 6
DISPLAY 4 1 4
DISPLAY 5 2 4
DISPLAY 6 1 2
DISPLAY 7 1 5
DISPLAY 8 8 2
DISPLAY 9 2 9
DISPLAY 12 5 9
DISPLAY 13 9 5
DISPLAY 15 9 0
DISPLAY 16 0 8
DISPLAY 17 5 5
DISPLAY 18 1 9
DISPLAY 20 6 1
DISPLAY 21 5 8
DISPLAY 22 6 9
POSITION 0 0 4
POSITION 1 3 8
POSITION 2 2 4
POSITION 3 2 2
PLAYER 2
.
TICK 14
FIELDS 9 15 5 5 5 10 15 4 5 10 10 11 9 10 11 14 7 15 11 13 10 9 5 13 9 5 9 5 5 15 7 3 5 15 3 8 6 8 9 8 2 7 8 13 10 10 3 15 8 12 7 2 15 10 6 8 7 9 6 8 10 7 1 5 10 3 14 13 9 10 8 15 12 11 15 15 10 10 10 8 10 6 10 10 1 6 5 6 7 13 12 8 5 14 12 12 9 5 7 9
DISPLAY 0 8 5
DISPLAY 1 7 1
DISPLAY 3 3 6
DISPLAY 4 1 4
DISPLAY 5 2 4
DISPLAY 6 1 2
DISPLAY 7 1 5
DISPLAY 8 8 2
DISPLAY 9 2 9
DISPLAY 12 5 9
DISPLAY 13 9 5
DISPLAY 15 9 0
DISPLAY 16 0 9
DISPLAY 17 5 5
DISPLAY 18 1 9
DISPLAY 20 6 1
DISPLAY 21 5 8
DISPLAY 22 6 9
POSITION 0 0 5
POSITION 1 3 8
POSITION 2 2 4
POSITION 3 2 2
PLAYER 3
.
TICK 15
FIELDS 9 15 5 5 5 14 15 4 5 10 10 11 9 10 11 5 7 15 11 13 10 9 5 13 9 8 9 5 5 15 7 3 5 15 3 10 6 8 9 8 2 7 8 13 10 8 3 15 8 12 7 2 15 10 6 3 7 9 6 8 10 7 1 5 10 15 14 13 9 10 8 15 12 11 15 6 10 10 10 8 10 6 10 10 1 12 5 6 7 13 12 8 5 14 12 10 9 5 7 9
DISPLAY 0 8 5
DISPLAY 1 7 1
DISPLAY 3 3 6
DISPLAY 4 1 4
DISPLAY 5 2 4
DISPLAY 6 1 2
DISPLAY 7 1 5
DISPLAY 8 8 2
DISPLAY 9 2 9
DISPLAY 12 5 8
DISPLAY 13 9 5
DISPLAY 15 9 0
DISPLAY 16 0 9
DISPLAY 17 5 4
DISPLAY 18 1 9
DISPLAY 20 6 1
DISPLAY 21 5 7
DISPLAY 22 6 9
POSITION 0 0 5
POSITION 1 3 8
POSITION 2 2 4
POSITION 3 2 2
PLAYER 0
MESSAGE OK
TARGET 13
EXTRAFIELD 2
.
TICK 15
FIELDS 9 15 5 5 5 14 15 4 5 10 10 11 9 10 11 5 7 15 11 13 10 9 5 13 9 8 9 5 5 15 7 3 5 15 3 10 6 8 9 8 2 7 8 13 10 8 3 15 8 12 8 7 2 15 10 6 3 7 9 6 10 7 1 5 10 15 14 13 9 10 8 15 12 11 15 6 10 10 10 8 10 6 10 10 1 12 5 6 7 13 12 8 5 14 12 10 9 5 7 9
DISPLAY 0 9 5
DISPLAY 1 7 1
DISPLAY 3 3 6
DISPLAY 4 1 4
DISPLAY 5 2 4
DISPLAY 6 1 2
DISPLAY 7 2 5
DISPLAY 8 8 2
DISPLAY 9 2 9
DISPLAY 12 5 8
DISPLAY 15 9 0
DISPLAY 16 0 9
DISPLAY 17 5 4
DISPLAY 18 1 9
DISPLAY 20 6 1
DISPLAY 21 5 7
DISPLAY 22 6 9
POSITION 0 0 5
POSITION 1 3 8
POSITION 2 2 4
POSITION 3 2 2
PLAYER 1
.
TICK 15
FIELDS 9 15 5 5 5 14 15 4 11 10 10 11 9 10 11 5 7 15 5 13 10 9 5 13 9 8 9 5 9 15 7 3 5 15 3 10 6 8 8 8 2 7 8 13 10 8 3 15 9 12 8 7 2 15 10 6 3 7 9 6 10 7 1 5 10 15 14 13 10 10 8 15 12 11 15 6 10 10 7 8 10 6 10 10 1 12 5 6 7 13 12 8 5 14 12 10 9 5 6 9
DISPLAY 0 9 5
DISPLAY 1 7 1
DISPLAY 3 3 6
DISPLAY 4 1 4
DISPLAY 5 2 4
DISPLAY 6 1 2
DISPLAY 7 2 5
DISPLAY 8 8 1
DISPLAY 9 2 9
DISPLAY 12 5 8
DISPLAY 15 9 0
DISPLAY 16 0 9
DISPLAY 17 5 4
DISPLAY 18 1 9
DISPLAY 20 6 1
DISPLAY 21 5 7
DISPLAY 22 6 9
POSITION 0 0 5
POSITION 1 3 8
POSITION 2 2 4
POSITION 3 2 2
PLAYER 2
.
TICK 15
FIELDS 9 15 9 5 5 14 15 4 11 10 10 11 5 10 11 5 7 15 5 13 10 9 5 13 9 8 9 5 9 15 7 3 8 15 3 10 6 8 8 8 2 7 2 13 10 8 3 15 9 12 8 7 1 15 10 6 3 7 9 6 10 7 12 5 10 15 14 13 10 10 8 15 10 11 15 6 10 10 7 8 10 6 5 10 1 12 5 6 7 13 12 8 15 14 12 10 9 5 6 9
DISPLAY 0 9 5
DISPLAY 1 7 1
DISPLAY 3 3 6
DISPLAY 5 2 3
DISPLAY 6 1 2
DISPLAY 7 2 4
DISPLAY 8 8 1
DISPLAY 9 2 8
DISPLAY 12 5 8
DISPLAY 15 9 0
DISPLAY 16 0 9
DISPLAY 17 5 4
DISPLAY 18 1 9
DISPLAY 20 6 1
DISPLAY 21 5 7
DISPLAY 22 6 9
POSITION 0 0 5
POSITION 1 3 8
POSITION 2 1 4
POSITION 3 2 1
PLAYER 3
.
TICK 16
FIELDS 9 15 9 5 5 5 15 4 11 10 10 11 5 10 11 8 7 15 5 13 10 9 5 13 9 10 9 5 9 15 7 3 8 15 3 8 6 8 8 8 2 7 2 13 10 6 3 15 9 12 8 7 1 15 10 15 3 7 9 6 10 7 12 5 10 6 14 13 10 10 8 15 10 11 15 12 10 10 7 8 10 6 5 10 1 10 5 6 7 13 12 8 15 14 12 10 9 5 6 9
DISPLAY 0 9 5
DISPLAY 1 7 1
DISPLAY 3 3 6
DISPLAY 5 2 3
DISPLAY 6 1 2
DISPLAY 7 2 4
DISPLAY 8 8 1
DISPLAY 9 2 8
DISPLAY 12 5 7
DISPLAY 15 9 0
DISPLAY 16 0 9
DISPLAY 17 5 3
DISPLAY 18 1 9
DISPLAY 20 6 1
DISPLAY 21 5 6
DISPLAY 22 6 9
POSITION 0 0 5
POSITION 1 3 8
POSITION 2 1 4
POSITION 3 2 1
PLAYER 0
MESSAGE OK
TARGET 21
EXTRAFIELD 8
.
TICK 16
FIELDS 9 15 9 5 5 8 15 4 11 10 10 11 5 10 11 10 7 15 5 13 10 9 5 13 9 8 9 5 9 15 7 3 8 15 3 6 6 8 8 8 2 7 2 13 10 15 3 15 9 12 8 7 1 15 10 6 3 7 9 6 10 7 12 5 10 12 14 13 10 10 8 15 10 11 15 10 10 10 7 8 10 6 5 10 1 10 5 6 7 13 12 8 15 14 12 8 9 5 6 9
DISPLAY 0 9 5
DISPLAY 1 7 1
DISPLAY 3 3 6
DISPLAY 5 2 3
DISPLAY 6 1 2
DISPLAY 7 2 4
DISPLAY 8 8 1
DISPLAY 9 2 8
DISPLAY 12 5 6
DISPLAY 15 9 0
DISPLAY 16 0 9
DISPLAY 17 5 2
DISPLAY 18 1 9
DISPLAY 20 6 1
DISPLAY 22 6 9
POSITION 0 5 5
POSITION 1 3 8
POSITION 2 1 4
POSITION 3 2 1
PLAYER 1
.
TICK 16
FIELDS 9 15 9 5 5 8 15 4 11 10 10 11 5 10 11 10 7 15 5 13 10 9 5 13 9 8 9 5 9 15 7 3 8 15 3 6 6 8 8 8 7 2 13 10 15 3 15 9 12 5 8 7 1 15 10 6 3 7 9 6 10 7 12 5 10 12 14 13 10 10 8 15 10 11 15 10 10 10 7 8 10 6 5 10 1 10 5 6 7 13 12 8 15 14 12 8 9 5 6 9
DISPLAY 0 9 5
DISPLAY 1 7 1
DISPLAY 3 3 6
DISPLAY 5 2 3
DISPLAY 6 1 2
DISPLAY 7 1 4
DISPLAY 8 8 1
DISPLAY 9 2 8
DISPLAY 12 5 6
DISPLAY 15 9 0
DISPLAY 16 0 9
DISPLAY 17 5 2
DISPLAY 18 1 9
DISPLAY 20 6 1
DISPLAY 22 6 9
POSITION 0 5 5
POSITION 1 3 8
POSITION 2 0 4
POSITION 3 2 1
PLAYER 2
.
TICK 16
FIELDS 9 15 9 5 5 8 15 4 11 10 10 11 5 10 11 10 7 15 5 13 10 9 5 13 9 8 9 5 9 15 7 3 8 15 3 6 6 8 8 8 5 7 2 13 10 15 3 15 9 12 8 7 1 15 10 6 3 7 9 6 10 7 12 5 10 12 14 13 10 10 8 15 10 11 15 10 10 10 7 8 10 6 5 10 1 10 5 6 7 13 12 8 15 14 12 8 9 5 6 9
DISPLAY 0 9 5
DISPLAY 1 7 1
DISPLAY 3 3 6
DISPLAY 5 2 3
DISPLAY 6 1 2
DISPLAY 7 2 4
DISPLAY 8 8 1
DISPLAY 9 2 8
DISPLAY 12 5 6
DISPLAY 15 9 0
DISPLAY 16 0 9
DISPLAY 17 5 2
DISPLAY 18 1 9
DISPLAY 20 6 1
DISPLAY 22 6 9
POSITION 0 5 5
POSITION 1 3 8
POSITION 2 5 3
POSITION 3 2 1
PLAYER 3
.
TICK 17
FIELDS 9 15 9 5 5 14 15 4 11 10 10 11 5 10 11 8 7 15 5 13 10 9 5 13 9 10 9 5 9 15 7 3 8 15 3 8 6 8 8 8 5 7 2 13 10 6 3 15 9 12 8 7 1 15 10 15 3 7 9 6 10 7 12 5 10 6 14 13 10 10 8 15 10 11 15 12 10 10 7 8 10 6 5 10 1 10 5 6 7 13 12 8 15 14 12 10 9 5 6 9
DISPLAY 0 9 5
DISPLAY 1 7 1
DISPLAY 3 3 6
DISPLAY 5 2 3
DISPLAY 6 1 2
DISPLAY 7 2 4
DISPLAY 8 8 1
DISPLAY 9 2 8
DISPLAY 12 5 7
DISPLAY 15 9 0
DISPLAY 16 0 9
DISPLAY 17 5 3
DISPLAY 18 1 9
DISPLAY 20 6 1
DISPLAY 22 6 9
POSITION 0 5 6
POSITION 1 3 8
POSITION 2 5 4
POSITION 3 2 1
PLAYER 0
MESSAGE OK
TARGET 9
EXTRAFIELD 5
.
TICK 17
FIELDS 9 15 9 5 5 14 15 4 11 10 10 11 5 10 11 8 7 15 5 13 10 9 5 13 9 10 9 5 9 15 7 3 8 15 3 8 6 8 8 8 5 7 2 13 10 6 3 15 9 12 8 7 1 15 10 15 3 7 9 6 10 7 12 5 10 6 14 13 10 10 5 8 15 10 11 15 12 10 10 7 10 6 5 10 1 10 5 6 7 13 12 8 15 14 12 10 9 5 6 9
DISPLAY 0 9 5
DISPLAY 1 7 1
DISPLAY 3 3 6
DISPLAY 5 2 3
DISPLAY 6 1 2
DISPLAY 7 2 4
DISPLAY 8 8 1
DISPLAY 12 6 7
DISPLAY 15 9 0
DISPLAY 16 0 9
DISPLAY 17 5 3
DISPLAY 18 1 9
DISPLAY 20 6 1
DISPLAY 22 6 9
POSITION 0 2 8
POSITION 1 3 8
POSITION 2 5 4
POSITION 3 2 1
PLAYER 1
.
TICK 17
FIELDS 9 15 9 5 5 14 2 4 11 10 10 11 5 10 11 8 15 15 5 13 10 9 5 13 9 10 7 5 9 15 7 3 8 15 3 8 9 8 8 8 5 7 2 13 10 6 6 15 9 12 8 7 1 15 10 15 3 7 9 6 10 7 12 5 10 6 3 13 10 10 5 8 15 10 11 15 14 10 10 7 10 6 5 10 1 10 12 6 7 13 12 8 15 14 12 10 5 5 6 9
DISPLAY 0 9 5
DISPLAY 1 7 1
DISPLAY 3 3 6
DISPLAY 5 2 3
DISPLAY 6 1 2
DISPLAY 7 2 4
DISPLAY 8 8 1
DISPLAY 12 6 8
DISPLAY 15 9 0
DISPLAY 16 0 9
DISPLAY 17 5 3
DISPLAY 18 1 9
DISPLAY 20 6 2
DISPLAY 22 6 0
POSITION 0 2 8
POSITION 1 3 8
POSITION 2 5 4
POSITION 3 2 1
PLAYER 2
.
TICK 17
FIELDS 5 15 9 5 5 14 2 4 11 10 9 11 5 10 11 8 15 15 5 13 10 9 5 13 9 10 7 5 9 15 10 3 8 15 3 8 9 8 8 8 7 7 2 13 10 6 6 15 9 12 5 7 1 15 10 15 3 7 9 6 8 7 12 5 10 6 3 13 10 10 10 8 15 10 11 15 14 10 10 7 5 6 5 10 1 10 12 6 7 13 10 8 15 14 12 10 5 5 6 9
DISPLAY 0 9 5
DISPLAY 1 7 1
DISPLAY 3 3 6
DISPLAY 5 2 3
DISPLAY 6 1 2
DISPLAY 7 2 4
DISPLAY 8 8 1
DISPLAY 12 6 8
DISPLAY 15 9 0
DISPLAY 16 0 0
DISPLAY 17 5 3
DISPLAY 18 1 9
DISPLAY 20 6 2
DISPLAY 22 6 0
POSITION 0 2 8
POSITION 1 3 8
POSITION 2 4 3
POSITION 3 2 1
PLAYER 3
.
TICK 18
FIELDS 5 15 9 5 5 8 2 4 11 10 9 11 5 10 11 10 15 15 5 13 10 9 5 13 9 8 7 5 9 15 10 3 8 15 3 6 9 8 8 8 7 7 2 13 10 15 6 15 9 12 5 7 1 15 10 6 3 7 9 6 8 7 12 5 10 15 3 13 10 10 10 8 15 10 11 10 14 10 10 7 5 6 5 10 1 10 12 6 7 13 10 8 15 14 12 8 5 5 6 9
DISPLAY 0 9 5
DISPLAY 1 7 1
DISPLAY 3 3 6
DISPLAY 5 2 3
DISPLAY 6 1 2
DISPLAY 7 2 4
DISPLAY 8 8 1
DISPLAY 12 6 8
DISPLAY 15 9 0
DISPLAY 16 0 0
DISPLAY 17 5 2
DISPLAY 18 1 9
DISPLAY 20 6 2
DISPLAY 22 6 0
POSITION 0 2 8
POSITION 1 3 8
POSITION 2 4 3
POSITION 3 2 1
PLAYER 0
MESSAGE OK
TARGET 12
EXTRAFIELD 8
.
TICK 18
FIELDS 8 15 9 5 5 8 2 4 11 10 5 11 5 10 11 10 15 15 5 13 9 9 5 13 9 8 7 5 9 15 10 3 8 15 3 6 9 8 8 8 10 7 2 13 10 15 6 15 9 12 7 7 1 15 10 6 3 7 9 6 5 7 12 5 10 15 3 13 10 10 8 8 15 10 11 10 14 10 10 7 10 6 5 10 1 10 12 6 7 13 5 8 15 14 12 8 5 5 6 9
DISPLAY 0 9 5
DISPLAY 1 7 1
DISPLAY 3 3 6
DISPLAY 5 2 3
DISPLAY 6 1 2
DISPLAY 7 2 4
DISPLAY 8 8 1
DISPLAY 12 6 8
DISPLAY 15 9 0
DISPLAY 16 0 1
DISPLAY 17 5 2
DISPLAY 18 1 9
DISPLAY 20 6 2
DISPLAY 22 6 0
POSITION 0 7 7
POSITION 1 3 8
POSITION 2 4 3
POSITION 3 2 1
PLAYER 1
.
TICK 18
FIELDS 8 15 9 5 5 8 2 4 11 10 5 11 5 10 11 10 15 15 5 13 9 9 5 13 9 8 7 5 9 15 10 3 8 15 3 6 9 8 8 8 10 7 2 13 10 15 6 15 9 12 7 7 1 15 10 6 3 7 9 6 5 7 12 5 10 15 3 13 10 10 8 8 15 10 11 10 14 10 10 7 9 10 6 5 10 1 10 12 6 7 5 8 15 14 12 8 5 5 6 9
DISPLAY 0 9 5
DISPLAY 1 7 1
DISPLAY 3 3 6
DISPLAY 5 2 3
DISPLAY 6 1 2
DISPLAY 7 2 4
DISPLAY 8 8 1
DISPLAY 12 7 8
DISPLAY 15 9 0
DISPLAY 16 0 1
DISPLAY 17 5 2
DISPLAY 18 1 9
DISPLAY 20 6 2
DISPLAY 22 6 0
POSITION 0 7 7
POSITION 1 4 8
POSITION 2 4 3
POSITION 3 2 1
PLAYER 2
.
TICK 18
FIELDS 8 15 9 10 5 8 2 4 11 10 5 11 5 13 11 10 15 15 5 13 9 9 5 15 9 8 7 5 9 15 10 3 8 13 3 6 9 8 8 8 10 7 2 15 10 15 6 15 9 12 7 7 1 5 10 6 3 7 9 6 5 7 12 10 10 15 3 13 10 10 8 8 15 5 11 10 14 10 10 7 9 10 6 14 10 1 10 12 6 7 5 8 15 12 12 8 5 5 6 9
DISPLAY 0 9 5
DISPLAY 1 7 1
DISPLAY 3 3 5
DISPLAY 5 2 3
DISPLAY 6 1 2
DISPLAY 7 2 4
DISPLAY 8 8 1
DISPLAY 12 7 8
DISPLAY 15 9 0
DISPLAY 16 0 1
DISPLAY 18 1 9
DISPLAY 20 6 2
DISPLAY 22 6 0
POSITION 0 7 7
POSITION 1 4 8
POSITION 2 5 2
POSITION 3 2 1
PLAYER 3
.
TICK 19
FIELDS 8 15 9 10 5 14 2 4 11 10 5 11 5 13 11 8 15 15 5 13 9 9 5 15 9 10 7 5 9 15 10 3 8 13 3 8 9 8 8 8 10 7 2 15 10 6 6 15 9 12 7 7 1 5 10 15 3 7 9 6 5 7 12 10 10 6 3 13 10 10 8 8 15 5 11 15 14 10 10 7 9 10 6 14 10 10 10 12 6 7 5 8 15 12 12 1 5 5 6 9
DISPLAY 0 9 5
DISPLAY 1 7 1
DISPLAY 3 3 5
DISPLAY 5 2 3
DISPLAY 6 1 2
DISPLAY 7 2 4
DISPLAY 8 8 1
DISPLAY 12 7 8
DISPLAY 15 9 0
DISPLAY 16 0 1
DISPLAY 18 1 9
DISPLAY 20 6 2
DISPLAY 22 6 0
POSITION 0 7 7
POSITION 1 4 8
POSITION 2 5 3
POSITION 3 2 1
PLAYER 0
MESSAGE OK
TARGET 12
EXTRAFIELD 10
.
TICK 19
FIELDS 8 15 9 10 5 14 2 4 10 10 5 11 5 13 11 8 15 15 11 13 9 9 5 15 9 10 7 5 5 15 10 3 8 13 3 8 9 8 9 8 10 7 2 15 10 6 6 15 8 12 7 7 1 5 10 15 3 7 9 6 5 7 12 10 10 6 3 13 9 10 8 8 15 5 11 15 14 10 10 7 9 10 6 14 10 10 10 12 10 7 5 8 15 12 12 1 5 5 6 9
DISPLAY 0 9 5
DISPLAY 1 7 1
DISPLAY 3 3 5
DISPLAY 5 2 3
DISPLAY 6 1 2
DISPLAY 7 2 4
DISPLAY 8 8 2
DISPLAY 15 9 0
DISPLAY 16 0 1
DISPLAY 18 1 9
DISPLAY 20 6 2
DISPLAY 22 6 0
POSITION 0 7 8
POSITION 1 4 8
POSITION 2 5 3
POSITION 3 2 1
PLAYER 1
.
TICK 19
FIELDS 8 15 9 10 5 14 2 4 10 10 5 11 5 13 11 8 15 15 11 13 9 9 5 15 9 10 7 5 5 15 10 3 8 13 3 8 9 8 9 8 10 7 2 15 10 6 6 15 8 12 7 7 1 5 10 15 3 7 9 6 5 7 12 10 10 6 3 13 9 10 8 8 15 5 11 15 14 10 10 7 9 10 6 14 10 10 10 12 10 7 13 5 8 15 12 12 1 5 5 6
DISPLAY 0 9 5
DISPLAY 1 7 1
DISPLAY 3 3 5
DISPLAY 5 2 3
DISPLAY 6 1 2
DISPLAY 7 2 4
DISPLAY 8 8 2
DISPLAY 15 9 0
DISPLAY 16 0 1
DISPLAY 18 2 9
DISPLAY 20 6 2
DISPLAY 22 6 0
POSITION 0 7 8
POSITION 1 4 8
POSITION 2 5 3
POSITION 3 2 1
PLAYER 2
.
TICK 19
FIELDS 8 15 9 10 5 14 5 4 10 10 5 11 5 13 11 8 2 15 11 13 9 9 5 15 9 10 15 5 5 15 10 3 8 13 3 8 7 8 9 8 10 7 2 15 10 6 9 15 8 12 7 7 1 5 10 15 6 7 9 6 5 7 12 10 10 6 3 13 9 10 8 8 15 5 11 15 3 10 10 7 9 10 6 14 10 10 14 12 10 7 13 5 8 15 12 12 10 5 5 6
DISPLAY 0 9 5
DISPLAY 1 7 1
DISPLAY 3 3 5
DISPLAY 5 2 3
DISPLAY 6 1 2
DISPLAY 7 2 4
DISPLAY 8 8 2
DISPLAY 15 9 0
DISPLAY 16 0 1
DISPLAY 18 2 9
DISPLAY 20 6 3
DISPLAY 22 6 1
POSITION 0 7 8
POSITION 1 4 8
POSITION 2 6 2
POSITION 3 2 1
PLAYER 3
.
TICK 20
FIELDS 8 15 9 10 5 8 5 4 10 10 5 11 5 13 11 10 2 15 11 13 9 9 5 15 9 8 15 5 5 15 10 3 8 13 3 6 7 8 9 8 10 7 2 15 10 15 9 15 8 12 7 7 1 5 10 6 6 7 9 6 5 7 12 10 10 15 3 13 9 10 8 8 15 5 11 10 3 10 10 7 9 10 6 14 10 12 14 12 10 7 13 5 8 15 12 8 10 5 5 6
DISPLAY 0 9 5
DISPLAY 1 7 1
DISPLAY 3 3 5
DISPLAY 5 2 3
DISPLAY 6 1 2
DISPLAY 7 2 4
DISPLAY 8 8 2
DISPLAY 15 9 0
DISPLAY 16 0 1
DISPLAY 18 2 9
DISPLAY 20 6 3
DISPLAY 22 6 1
POSITION 0 7 8
POSITION 1 4 8
POSITION 2 6 2
POSITION 3 2 1
PLAYER 0
MESSAGE OK
TARGET 8
EXTRAFIELD 6
.
TICK 20
FIELDS 8 15 9 10 5 8 5 4 11 10 5 11 5 13 11 10 2 15 5 13 9 9 5 15 9 8 15 5 9 15 10 3 8 13 3 6 7 8 8 8 10 7 2 15 10 15 9 15 9 12 7 7 1 5 10 6 6 7 9 6 5 7 12 10 10 15 3 13 10 10 8 8 15 5 11 10 3 10 10 7 9 10 6 14 10 12 14 12 5 7 13 5 8 15 12 8 10 5 6 6
DISPLAY 0 9 5
DISPLAY 1 7 1
DISPLAY 3 3 5
DISPLAY 5 2 3
DISPLAY 6 1 2
DISPLAY 7 2 4
DISPLAY 8 8 1
DISPLAY 15 9 0
DISPLAY 16 0 1
DISPLAY 18 2 9
DISPLAY 20 6 3
DISPLAY 22 6 1
POSITION 0 7 9
POSITION 1 4 8
POSITION 2 6 2
POSITION 3 2 1
PLAYER 1
.
TICK 20
FIELDS 9 8 15 9 10 5 8 5 4 11 5 11 5 13 11 10 2 15 5 13 9 9 5 15 9 8 15 5 9 15 10 3 8 13 3 6 7 8 8 8 10 7 2 15 10 15 9 15 9 12 7 7 1 5 10 6 6 7 9 6 5 7 12 10 10 15 3 13 10 10 8 8 15 5 11 10 3 10 10 7 9 10 6 14 10 12 14 12 5 7 13 5 8 15 12 8 10 5 6 6
DISPLAY 0 9 5
DISPLAY 1 7 1
DISPLAY 3 3 5
DISPLAY 5 2 3
DISPLAY 6 1 2
DISPLAY 7 2 4
DISPLAY 8 8 1
DISPLAY 15 0 0
DISPLAY 16 0 1
DISPLAY 18 2 9
DISPLAY 20 6 3
DISPLAY 22 6 1
POSITION 0 7 9
POSITION 1 4 8
POSITION 2 6 2
POSITION 3 2 1
PLAYER 2
.
TICK 20
FIELDS 1 8 15 9 10 5 8 5 4 11 9 11 5 13 11 10 2 15 5 13 5 9 5 15 9 8 15 5 9 15 9 3 8 13 3 6 7 8 8 8 10 7 2 15 10 15 9 15 9 12 10 7 1 5 10 6 6 7 9 6 7 7 12 10 10 15 3 13 10 10 5 8 15 5 11 10 3 10 10 7 8 10 6 14 10 12 14 12 5 7 9 5 8 15 12 8 10 5 6 6
DISPLAY 0 9 5
DISPLAY 1 7 1
DISPLAY 3 3 5
DISPLAY 5 2 3
DISPLAY 6 1 2
DISPLAY 7 2 4
DISPLAY 8 8 1
DISPLAY 15 0 1
DISPLAY 16 0 2
DISPLAY 18 2 9
DISPLAY 20 6 3
DISPLAY 22 6 1
POSITION 0 7 9
POSITION 1 4 8
POSITION 2 6 2
POSITION 3 2 1
PLAYER 3
.
TICK 21
FIELDS 1 8 15 9 10 14 8 5 4 11 9 11 5 13 11 5 2 15 5 13 5 9 5 15 9 10 15 5 9 15 9 3 8 13 3 8 7 8 8 8 10 7 2 15 10 6 9 15 9 12 10 7 1 5 10 15 6 7 9 6 7 7 12 10 10 6 3 13 10 10 5 8 15 5 11 15 3 10 10 7 8 10 6 14 10 10 14 12 5 7 9 5 8 15 12 12 10 5 6 6
DISPLAY 0 9 5
DISPLAY 1 7 1
DISPLAY 3 3 5
DISPLAY 5 2 3
DISPLAY 6 1 2
DISPLAY 7 2 4
DISPLAY 8 8 1
DISPLAY 15 0 1
DISPLAY 16 0 2
DISPLAY 18 2 9
DISPLAY 20 6 3
DISPLAY 22 6 1
POSITION 0 7 9
POSITION 1 4 8
POSITION 2 6 2
POSITION 3 2 1
PLAYER 0
MESSAGE OK
TARGET 8
EXTRAFIELD 10
.
TICK 21
FIELDS 1 8 15 9 10 14 8 5 4 11 9 11 5 13 11 5 2 5 5 13 5 9 5 15 9 10 15 15 9 15 9 3 8 13 3 8 7 5 8 8 10 7 2 15 10 6 9 8 9 12 10 7 1 5 10 15 6 15 9 6 7 7 12 10 10 6 3 7 10 10 5 8 15 5 11 15 3 13 10 7 8 10 6 14 10 10 14 10 5 7 9 5 8 15 12 12 10 12 6 6
DISPLAY 0 9 5
DISPLAY 1 7 2
DISPLAY 3 3 5
DISPLAY 5 2 3
DISPLAY 6 1 2
DISPLAY 7 2 4
DISPLAY 8 8 1
DISPLAY 15 0 1
DISPLAY 16 0 2
DISPLAY 18 2 9
DISPLAY 20 6 3
DISPLAY 22 6 1
POSITION 0 7 0
POSITION 1 4 8
POSITION 2 6 2
POSITION 3 2 1
PLAYER 1
.
TICK 21
FIELDS 1 8 15 9 10 14 8 5 5 11 9 11 5 13 11 5 2 5 9 13 5 9 5 15 9 10 15 15 8 15 9 3 8 13 3 8 7 5 9 8 10 7 2 15 10 6 9 8 9 12 10 7 1 5 10 15 6 15 10 6 7 7 12 10 10 6 3 7 10 10 5 8 15 5 11 15 3 13 5 7 8 10 6 14 10 10 14 10 6 7 9 5 8 15 12 12 10 12 10 6
DISPLAY 0 9 5
DISPLAY 1 7 2
DISPLAY 3 3 5
DISPLAY 5 2 3
DISPLAY 6 1 2
DISPLAY 7 2 4
DISPLAY 8 8 0
DISPLAY 15 0 1
DISPLAY 16 0 2
DISPLAY 18 2 9
DISPLAY 20 6 3
DISPLAY 22 6 1
POSITION 0 7 0
POSITION 1 4 8
POSITION 2 6 2
POSITION 3 2 1
PLAYER 2
.
TICK 21
FIELDS 13 8 15 9 10 14 8 5 5 11 1 11 5 13 11 5 2 5 9 13 9 9 5 15 9 10 15 15 8 15 5 3 8 13 3 8 7 5 9 8 9 7 2 15 10 6 9 8 9 12 10 7 1 5 10 15 6 15 10 6 10 7 12 10 10 6 3 7 10 10 7 8 15 5 11 15 3 13 5 7 5 10 6 14 10 10 14 10 6 7 8 5 8 15 12 12 10 12 10 6
DISPLAY 0 9 5
DISPLAY 1 7 2
DISPLAY 3 3 5
DISPLAY 5 2 3
DISPLAY 6 1 2
DISPLAY 7 2 4
DISPLAY 8 8 0
DISPLAY 15 0 2
DISPLAY 16 0 3
DISPLAY 18 2 9
DISPLAY 20 6 3
DISPLAY 22 6 1
POSITION 0 7 0
POSITION 1 4 8
POSITION 2 6 2
POSITION 3 2 1
PLAYER 3
.
TICK 22
FIELDS 13 8 15 9 10 8 8 5 5 11 1 11 5 13 11 14 2 5 9 13 9 9 5 15 9 5 15 15 8 15 5 3 8 13 3 10 7 5 9 8 9 7 2 15 10 8 9 8 9 12 10 7 1 5 10 6 6 15 10 6 10 7 12 10 10 15 3 7 10 10 7 8 15 5 11 6 3 13 5 7 5 10 6 14 10 15 14 10 6 7 8 5 8 15 12 10 10 12 10 6
DISPLAY 0 9 5
DISPLAY 1 7 2
DISPLAY 3 3 5
DISPLAY 5 2 3
DISPLAY 6 1 2
DISPLAY 7 2 4
DISPLAY 8 8 0
DISPLAY 15 0 2
DISPLAY 16 0 3
DISPLAY 18 2 9
DISPLAY 20 6 3
DISPLAY 22 6 1
POSITION 0 7 0
POSITION 1 4 8
POSITION 2 6 2
POSITION 3 2 1
PLAYER 0
MESSAGE OK
TARGET 8
EXTRAFIELD 5
.
TICK 22
FIELDS 5 8 15 9 10 8 8 5 5 11 13 11 5 13 11 14 2 5 9 13 1 9 5 15 9 5 15 15 8 15 9 3 8 13 3 10 7 5 9 8 5 7 2 15 10 8 9 8 9 12 9 7 1 5 10 6 6 15 10 6 10 7 12 10 10 15 3 7 10 10 10 8 15 5 11 6 3 13 5 7 7 10 6 14 10 15 14 10 6 7 5 5 8 15 12 10 10 12 10 6
DISPLAY 0 9 5
DISPLAY 1 7 2
DISPLAY 3 3 5
DISPLAY 5 2 3
DISPLAY 6 1 2
DISPLAY 7 2 4
DISPLAY 8 8 0
DISPLAY 15 0 3
DISPLAY 16 0 4
DISPLAY 18 2 9
DISPLAY 20 6 3
DISPLAY 22 6 1
POSITION 0 7 1
POSITION 1 4 8
POSITION 2 6 2
POSITION 3 2 1
PLAYER 1
.
TICK 22
FIELDS 5 8 5 9 10 8 8 5 5 11 13 11 5 13 11 14 2 5 9 13 1 9 8 15 9 5 15 15 8 15 9 3 2 13 3 10 7 5 9 8 5 7 1 15 10 8 9 8 9 12 9 7 12 5 10 6 6 15 10 6 10 7 15 10 10 15 3 7 10 10 10 8 6 5 11 6 3 13 5 7 7 10 8 14 10 15 14 10 6 7 5 5 4 15 12 10 10 12 10 6
DISPLAY 0 9 5
DISPLAY 1 7 2
DISPLAY 3 3 5
DISPLAY 5 2 2
DISPLAY 6 1 2
DISPLAY 7 2 3
DISPLAY 8 8 0
DISPLAY 15 0 3
DISPLAY 16 0 4
DISPLAY 18 2 8
DISPLAY 20 6 3
DISPLAY 22 6 1
POSITION 0 7 1
POSITION 1 4 8
POSITION 2 6 2
POSITION 3 2 0
PLAYER 2
.
TICK 22
FIELDS 5 8 5 9 10 8 8 5 5 11 9 13 11 5 13 11 14 2 5 9 1 9 8 15 9 5 15 15 8 15 9 3 2 13 3 10 7 5 9 8 5 7 1 15 10 8 9 8 9 12 9 7 12 5 10 6 6 15 10 6 10 7 15 10 10 15 3 7 10 10 10 8 6 5 11 6 3 13 5 7 7 10 8 14 10 15 14 10 6 7 5 5 4 15 12 10 10 12 10 6
DISPLAY 0 9 5
DISPLAY 1 7 2
DISPLAY 3 3 5
DISPLAY 5 2 2
DISPLAY 6 1 2
DISPLAY 7 2 3
DISPLAY 8 8 0
DISPLAY 15 0 3
DISPLAY 16 0 4
DISPLAY 18 2 8
DISPLAY 20 6 3
POSITION 0 8 1
POSITION 1 4 8
POSITION 2 7 1
POSITION 3 2 0
PLAYER 3
.
TICK 23
FIELDS 5 8 5 9 10 11 8 5 5 11 9 13 11 5 13 5 14 2 5 9 1 9 8 15 9 10 15 15 8 15 9 3 2 13 3 8 7 5 9 8 5 7 1 15 10 6 9 8 9 12 9 7 12 5 10 15 6 15 10 6 10 7 15 10 10 6 3 7 10 10 10 8 6 5 11 15 3 13 5 7 7 10 8 14 10 10 14 10 6 7 5 5 4 15 12 12 10 12 10 6
DISPLAY 0 9 5
DISPLAY 1 7 2
DISPLAY 3 3 5
DISPLAY 5 2 2
DISPLAY 6 1 2
DISPLAY 7 2 3
DISPLAY 8 8 0
DISPLAY 15 0 3
DISPLAY 16 0 4
DISPLAY 18 2 8
DISPLAY 20 6 3
POSITION 0 8 1
POSITION 1 4 8
POSITION 2 7 1
POSITION 3 2 0
PLAYER 0
MESSAGE OK
TARGET 8
EXTRAFIELD 8
.
TICK 23
FIELDS 5 8 5 9 10 11 8 2 5 11 9 13 11 5 13 5 14 15 5 9 1 9 8 15 9 10 15 5 8 15 9 3 2 13 3 8 7 8 9 8 5 7 1 15 10 6 9 15 9 12 9 7 12 5 10 15 6 7 10 6 10 7 15 10 10 6 3 13 10 10 10 8 6 5 11 15 3 10 5 7 7 10 8 14 10 10 14 12 6 7 5 5 4 15 12 12 10 8 10 6
DISPLAY 0 9 5
DISPLAY 1 7 1
DISPLAY 3 3 5
DISPLAY 5 2 2
DISPLAY 6 1 2
DISPLAY 7 2 3
DISPLAY 15 0 3
DISPLAY 16 0 4
DISPLAY 18 2 8
DISPLAY 20 6 3
POSITION 0 8 0
POSITION 1 4 8
POSITION 2 7 0
POSITION 3 2 0
PLAYER 1
.
TICK 23
FIELDS 5 8 5 9 10 11 8 2 5 9 9 13 11 5 13 5 14 15 5 15 1 9 8 15 9 10 15 5 8 8 9 3 2 13 3 8 7 8 9 12 5 7 1 15 10 6 9 15 9 6 9 7 12 5 10 15 6 7 10 10 10 7 15 10 10 6 3 13 10 7 10 8 6 5 11 15 3 10 5 7 7 10 8 14 10 10 14 12 6 6 5 5 4 15 12 12 10 8 10 15
DISPLAY 0 9 4
DISPLAY 1 7 1
DISPLAY 3 3 5
DISPLAY 5 2 2
DISPLAY 6 1 2
DISPLAY 7 2 3
DISPLAY 15 0 3
DISPLAY 16 0 4
DISPLAY 18 2 8
DISPLAY 20 6 3
POSITION 0 8 0
POSITION 1 4 8
POSITION 2 7 0
POSITION 3 2 0
PLAYER 2
.
TICK 23
FIELDS 5 8 5 9 10 11 8 13 5 9 9 13 11 5 13 5 14 2 5 15 1 9 8 15 9 10 15 15 8 8 9 3 2 13 3 8 7 5 9 12 5 7 1 15 10 6 9 8 9 6 9 7 12 5 10 15 6 15 10 10 10 7 15 10 10 6 3 7 10 7 10 8 6 5 11 15 3 13 5 7 7 10 8 14 10 10 14 10 6 6 5 5 4 15 12 12 10 12 10 15
DISPLAY 0 9 4
DISPLAY 1 7 2
DISPLAY 3 3 5
DISPLAY 5 2 2
DISPLAY 6 1 2
DISPLAY 7 2 3
DISPLAY 15 0 3
DISPLAY 16 0 4
DISPLAY 18 2 8
DISPLAY 20 6 3
POSITION 0 8 0
POSITION 1 4 8
POSITION 2 4 2
POSITION 3 2 0
PLAYER 3
.
TICK 24
FIELDS 5 8 5 9 10 5 8 13 5 9 9 13 11 5 13 10 14 2 5 15 1 9 8 15 9 8 15 15 8 8 9 3 2 13 3 6 7 5 9 12 5 7 1 15 10 15 9 8 9 6 9 7 12 5 10 6 6 15 10 10 10 7 15 10 10 15 3 7 10 7 10 8 6 5 11 10 3 13 5 7 7 10 8 14 10 12 14 10 6 6 5 5 4 15 12 8 10 12 10 15
DISPLAY 0 9 4
DISPLAY 1 7 2
DISPLAY 3 3 5
DISPLAY 5 2 2
DISPLAY 6 1 2
DISPLAY 7 2 3
DISPLAY 15 0 3
DISPLAY 16 0 4
DISPLAY 18 2 8
DISPLAY 20 6 3
POSITION 0 8 0
POSITION 1 4 8
POSITION 2 4 2
POSITION 3 2 0
PLAYER 0
MESSAGE OK
TARGET 16
EXTRAFIELD 5
.
TICK 24
FIELDS 5 8 5 9 10 5 8 13 5 9 9 13 11 5 13 10 14 2 5 15 5 1 9 8 15 9 8 15 15 8 9 3 2 13 3 6 7 5 9 12 5 7 1 15 10 15 9 8 9 6 9 7 12 5 10 6 6 15 10 10 10 7 15 10 10 15 3 7 10 7 10 8 6 5 11 10 3 13 5 7 7 10 8 14 10 12 14 10 6 6 5 5 4 15 12 8 10 12 10 15
DISPLAY 0 9 4
DISPLAY 1 8 2
DISPLAY 3 3 5
DISPLAY 5 3 2
DISPLAY 6 2 2
DISPLAY 7 2 3
DISPLAY 15 0 3
DISPLAY 16 0 4
DISPLAY 18 2 8
DISPLAY 20 6 3
POSITION 0 8 3
POSITION 1 4 8
POSITION 2 5 2
POSITION 3 2 0
PLAYER 1
.
TICK 24
FIELDS 5 8 5 9 10 5 8 13 5 9 9 13 11 5 13 10 14 2 5 15 5 1 9 8 15 9 8 15 15 8 11 9 3 2 13 3 6 7 5 9 5 7 1 15 10 15 9 8 9 6 9 7 12 5 10 6 6 15 10 10 10 7 15 10 10 15 3 7 10 7 10 8 6 5 11 10 3 13 5 7 7 10 8 14 10 12 14 10 6 6 5 5 4 15 12 8 10 12 10 15
DISPLAY 0 9 4
DISPLAY 1 8 2
DISPLAY 3 3 5
DISPLAY 5 3 2
DISPLAY 6 2 2
DISPLAY 7 3 3
DISPLAY 15 1 3
DISPLAY 16 0 4
DISPLAY 18 2 8
DISPLAY 20 7 3
POSITION 0 9 3
POSITION 1 4 8
POSITION 2 5 2
POSITION 3 2 0
PLAYER 2
.
TICK 24
FIELDS 5 8 5 9 10 5 8 13 5 9 9 13 11 5 13 10 14 2 5 15 8 5 1 9 8 15 9 8 15 15 11 9 3 2 13 3 6 7 5 9 5 7 1 15 10 15 9 8 9 6 9 7 12 5 10 6 6 15 10 10 10 7 15 10 10 15 3 7 10 7 10 8 6 5 11 10 3 13 5 7 7 10 8 14 10 12 14 10 6 6 5 5 4 15 12 8 10 12 10 15
DISPLAY 0 9 4
DISPLAY 1 9 2
DISPLAY 3 3 5
DISPLAY 5 4 2
DISPLAY 6 3 2
DISPLAY 7 3 3
DISPLAY 15 1 3
DISPLAY 16 0 4
DISPLAY 18 2 8
DISPLAY 20 7 3
POSITION 0 9 3
POSITION 1 4 8
POSITION 2 4 1
POSITION 3 2 0
PLAYER 3
.
TICK 25
FIELDS 5 8 5 9 10 10 8 13 5 9 9 13 11 5 13 15 14 2 5 15 8 5 1 9 8 3 9 8 15 15 11 9 3 2 13 15 6 7 5 9 5 7 1 15 10 6 9 8 9 6 9 7 12 5 10 15 6 15 10 10 10 7 15 10 10 10 3 7 10 7 10 8 6 5 11 12 3 13 5 7 7 10 8 14 10 8 14 10 6 6 5 5 4 15 12 11 10 12 10 15
DISPLAY 0 9 4
DISPLAY 1 9 2
DISPLAY 3 3 5
DISPLAY 5 4 2
DISPLAY 6 3 2
DISPLAY 7 3 3
DISPLAY 15 1 3
DISPLAY 16 0 4
DISPLAY 18 2 8
DISPLAY 20 7 3
POSITION 0 9 3
POSITION 1 4 8
POSITION 2 4 1
POSITION 3 2 0
PLAYER 0
MESSAGE OK
TARGET 16
EXTRAFIELD 8
.
TICK 25
FIELDS 5 8 5 9 10 10 8 13 5 9 9 13 11 5 13 15 14 2 5 15 8 5 1 9 8 3 9 8 15 15 4 11 9 3 2 13 15 6 7 5 5 7 1 15 10 6 9 8 9 6 9 7 12 5 10 15 6 15 10 10 10 7 15 10 10 10 3 7 10 7 10 8 6 5 11 12 3 13 5 7 7 10 8 14 10 8 14 10 6 6 5 5 4 15 12 11 10 12 10 15
DISPLAY 0 9 4
DISPLAY 1 9 2
DISPLAY 3 3 5
DISPLAY 5 4 2
DISPLAY 6 3 2
DISPLAY 7 4 3
DISPLAY 15 2 3
DISPLAY 18 2 8
DISPLAY 20 8 3
POSITION 0 0 4
POSITION 1 4 8
POSITION 2 4 1
POSITION 3 2 0
PLAYER 1
.
TICK 25
FIELDS 5 8 5 9 10 10 8 13 5 9 9 13 11 5 13 15 14 2 5 15 8 5 1 9 8 3 9 8 15 15 4 11 9 3 2 13 15 6 7 5 7 1 15 10 6 9 8 9 6 12 9 7 12 5 10 15 6 15 10 10 10 7 15 10 10 10 3 7 10 7 10 8 6 5 11 12 3 13 5 7 7 10 8 14 10 8 14 10 6 6 5 5 4 15 12 11 10 12 10 15
DISPLAY 0 8 4
DISPLAY 1 9 2
DISPLAY 3 3 5
DISPLAY 5 4 2
DISPLAY 6 3 2
DISPLAY 7 4 3
DISPLAY 15 2 3
DISPLAY 18 2 8
DISPLAY 20 8 3
POSITION 0 9 4
POSITION 1 4 8
POSITION 2 4 1
POSITION 3 2 0
PLAYER 2
.
TICK 25
FIELDS 8 8 5 9 10 10 8 13 5 9 5 13 11 5 13 15 14 2 5 15 9 5 1 9 8 3 9 8 15 15 8 11 9 3 2 13 15 6 7 5 4 1 15 10 6 9 8 9 6 12 7 7 12 5 10 15 6 15 10 10 9 7 15 10 10 10 3 7 10 7 10 8 6 5 11 12 3 13 5 7 10 10 8 14 10 8 14 10 6 6 7 5 4 15 12 11 10 12 10 15
DISPLAY 0 8 4
DISPLAY 1 9 2
DISPLAY 3 3 5
DISPLAY 6 3 2
DISPLAY 7 4 3
DISPLAY 15 2 3
DISPLAY 18 2 8
DISPLAY 20 8 3
POSITION 0 9 4
POSITION 1 4 8
POSITION 2 4 2
POSITION 3 2 0
PLAYER 3
.
TICK 26
FIELDS 8 8 5 9 10 5 8 13 5 9 5 13 11 5 13 10 14 2 5 15 9 5 1 9 8 15 9 8 15 15 8 11 9 3 2 3 15 6 7 5 4 1 15 10 6 13 8 9 6 12 7 7 12 5 10 9 6 15 10 10 9 7 15 10 10 15 3 7 10 7 10 8 6 5 11 10 3 13 5 7 10 10 8 14 10 12 14 10 6 6 7 5 4 15 12 8 10 12 10 15
DISPLAY 0 8 4
DISPLAY 1 9 2
DISPLAY 3 3 5
DISPLAY 6 3 2
DISPLAY 7 4 3
DISPLAY 15 2 3
DISPLAY 18 2 8
DISPLAY 20 8 3
POSITION 0 9 4
POSITION 1 4 8
POSITION 2 4 2
POSITION 3 2 0
PLAYER 0
MESSAGE OK
TARGET 6
EXTRAFIELD 9
.
TICK 26
FIELDS 8 8 5 9 10 5 8 13 5 9 5 13 11 5 13 10 14 2 5 15 9 5 1 9 8 15 9 8 15 15 8 11 9 3 2 3 15 6 7 5 4 1 15 10 6 13 8 9 6 12 7 12 5 10 9 6 15 10 10 3 9 7 15 10 10 15 3 7 10 7 10 8 6 5 11 10 3 13 5 7 10 10 8 14 10 12 14 10 6 6 7 5 4 15 12 8 10 12 10 15
DISPLAY 0 8 4
DISPLAY 1 9 2
DISPLAY 3 2 5
DISPLAY 6 3 2
DISPLAY 7 4 3
DISPLAY 15 2 3
DISPLAY 18 2 8
DISPLAY 20 8 3
POSITION 0 2 4
POSITION 1 4 8
POSITION 2 4 2
POSITION 3 2 0
PLAYER 1
.
TICK 26
FIELDS 5 8 5 9 10 5 8 13 5 9 9 13 11 5 13 10 14 2 5 15 8 5 1 9 8 15 9 8 15 15 4 11 9 3 2 3 15 6 7 5 7 1 15 10 6 13 8 9 6 12 9 12 5 10 9 6 15 10 10 3 10 7 15 10 10 15 3 7 10 7 10 8 6 5 11 10 3 13 5 7 7 10 8 14 10 12 14 10 6 6 5 5 4 15 12 8 10 12 10 15
DISPLAY 0 8 4
DISPLAY 1 9 2
DISPLAY 3 2 5
DISPLAY 6 3 2
DISPLAY 7 4 3
DISPLAY 15 2 3
DISPLAY 18 2 8
DISPLAY 20 8 3
POSITION 0 2 4
POSITION 1 4 8
POSITION 2 4 2
POSITION 3 2 0
PLAYER 2
.
TICK 26
FIELDS 5 8 5 9 10 5 8 13 5 9 9 13 11 5 13 10 14 2 5 15 5 8 5 1 9 8 15 9 8 15 4 11 9 3 2 3 15 6 7 5 7 1 15 10 6 13 8 9 6 12 9 12 5 10 9 6 15 10 10 3 10 7 15 10 10 15 3 7 10 7 10 8 6 5 11 10 3 13 5 7 7 10 8 14 10 12 14 10 6 6 5 5 4 15 12 8 10 12 10 15
DISPLAY 0 8 4
DISPLAY 1 0 2
DISPLAY 3 2 5
DISPLAY 7 4 3
DISPLAY 15 2 3
DISPLAY 18 2 8
DISPLAY 20 8 3
POSITION 0 2 4
POSITION 1 4 8
POSITION 2 4 2
POSITION 3 2 0
PLAYER 3
.
TICK 27
FIELDS 5 8 5 9 10 10 8 13 5 9 9 13 11 5 13 8 14 2 5 15 5 8 5 1 9 3 15 9 8 15 4 11 9 3 2 13 15 6 7 5 7 1 15 10 6 6 8 9 6 12 9 12 5 10 9 15 15 10 10 3 10 7 15 10 10 10 3 7 10 7 10 8 6 5 11 12 3 13 5 7 7 10 8 14 10 8 14 10 6 6 5 5 4 15 12 11 10 12 10 15
DISPLAY 0 8 4
DISPLAY 1 0 2
DISPLAY 3 2 5
DISPLAY 7 4 3
DISPLAY 15 2 3
DISPLAY 18 2 8
DISPLAY 20 8 3
POSITION 0 2 4
POSITION 1 4 8
POSITION 2 4 2
POSITION 3 2 0
PLAYER 0
MESSAGE OK
TARGET 18
EXTRAFIELD 7
.
TICK 27
FIELDS 5 8 11 9 10 10 8 13 5 9 9 13 5 5 13 8 14 2 5 15 5 8 9 1 9 3 15 9 8 15 4 11 15 3 2 13 15 6 7 5 7 1 5 10 6 6 8 9 6 12 9 12 15 10 9 15 15 10 10 3 10 7 6 10 10 10 3 7 10 7 10 8 8 5 11 12 3 13 5 7 7 10 4 14 10 8 14 10 6 6 5 5 7 15 12 11 10 12 10 15
DISPLAY 0 8 4
DISPLAY 1 0 2
DISPLAY 3 2 4
DISPLAY 7 4 3
DISPLAY 15 2 2
DISPLAY 18 2 7
DISPLAY 20 8 3
POSITION 0 2 5
POSITION 1 4 8
POSITION 2 4 2
POSITION 3 2 9
PLAYER 1
.
TICK 27
FIELDS 5 8 11 9 10 10 8 13 5 9 9 13 5 5 13 8 14 2 5 15 5 8 9 1 9 3 15 9 8 15 4 11 15 3 2 13 15 6 7 5 7 1 5 10 6 6 8 9 6 12 9 12 15 10 9 15 15 10 10 3 10 7 6 10 10 10 3 7 10 7 10 8 8 5 11 12 3 13 5 7 8 7 10 4 14 10 8 14 10 6 5 5 7 15 12 11 10 12 10 15
DISPLAY 0 8 4
DISPLAY 1 0 2
DISPLAY 3 2 4
DISPLAY 7 4 3
DISPLAY 15 2 2
DISPLAY 18 2 7
DISPLAY 20 8 3
POSITION 0 2 5
POSITION 1 5 8
POSITION 2 4 2
POSITION 3 2 9
PLAYER 2
.
TICK 27
FIELDS 5 8 11 9 15 10 8 13 5 9 9 13 5 5 10 8 14 2 5 15 5 8 9 1 13 3 15 9 8 15 4 11 15 3 9 13 15 6 7 5 7 1 5 10 2 6 8 9 6 12 9 12 15 10 6 15 15 10 10 3 10 7 6 10 9 10 3 7 10 7 10 8 8 5 10 12 3 13 5 7 8 7 10 4 11 10 8 14 10 6 5 5 7 15 14 11 10 12 10 15
DISPLAY 0 8 4
DISPLAY 1 0 2
DISPLAY 3 2 4
DISPLAY 7 4 4
DISPLAY 15 2 2
DISPLAY 18 2 7
DISPLAY 20 8 3
POSITION 0 2 5
POSITION 1 5 8
POSITION 2 4 3
POSITION 3 2 9
PLAYER 3
.
TICK 28
FIELDS 5 8 11 9 15 8 8 13 5 9 9 13 5 5 10 3 14 2 5 15 5 8 9 1 13 13 15 9 8 15 4 11 15 3 9 6 15 6 7 5 7 1 5 10 2 15 8 9 6 12 9 12 15 10 6 10 15 10 10 3 10 7 6 10 9 12 3 7 10 7 10 8 8 5 10 10 3 13 5 7 8 7 10 4 11 11 8 14 10 6 5 5 7 15 14 5 10 12 10 15
DISPLAY 0 8 4
DISPLAY 1 0 2
DISPLAY 3 2 4
DISPLAY 7 4 4
DISPLAY 15 2 2
DISPLAY 18 2 7
DISPLAY 20 8 3
POSITION 0 2 5
POSITION 1 5 7
POSITION 2 4 3
POSITION 3 2 9
PLAYER 0
MESSAGE OK
TARGET 18
EXTRAFIELD 5
.
TICK 28
FIELDS 5 8 11 9 15 8 8 13 5 9 5 13 5 5 10 3 14 2 5 15 9 8 9 1 13 13 15 9 8 15 5 11 15 3 9 6 15 6 7 5 4 1 5 10 2 15 8 9 6 12 7 12 15 10 6 10 15 10 10 3 9 7 6 10 9 12 3 7 10 7 10 8 8 5 10 10 3 13 5 7 10 7 10 4 11 11 8 14 10 6 8 5 7 15 14 5 10 12 10 15
DISPLAY 0 8 4
DISPLAY 1 0 3
DISPLAY 3 2 4
DISPLAY 7 4 4
DISPLAY 15 2 2
DISPLAY 18 2 7
DISPLAY 20 8 3
POSITION 0 1 6
POSITION 1 5 7
POSITION 2 4 3
POSITION 3 2 9
PLAYER 1
.
TICK 28
FIELDS 5 8 11 9 15 8 8 13 5 6 5 13 5 5 10 3 14 2 5 9 9 8 9 1 13 13 15 9 8 15 5 11 15 3 9 6 15 6 7 15 4 1 5 10 2 15 8 9 6 5 7 12 15 10 6 10 15 10 10 12 9 7 6 10 9 12 3 7 10 3 10 8 8 5 10 10 3 13 5 7 10 7 10 4 11 11 8 14 10 7 8 5 7 15 14 5 10 12 10 6
DISPLAY 0 8 4
DISPLAY 1 0 3
DISPLAY 3 2 4
DISPLAY 7 4 4
DISPLAY 15 2 2
DISPLAY 18 2 7
DISPLAY 20 8 3
POSITION 0 1 6
POSITION 1 5 7
POSITION 2 4 3
POSITION 3 2 9
PLAYER 2
.
TICK 28
FIELDS 5 8 11 9 15 8 8 13 5 6 5 13 5 5 10 3 14 2 5 9 9 8 9 1 13 13 15 9 8 15 5 11 15 3 9 6 15 6 7 15 4 1 5 10 2 15 8 9 6 5 12 15 10 6 10 15 10 10 12 12 9 7 6 10 9 12 3 7 10 3 10 8 8 5 10 10 3 13 5 7 10 7 10 4 11 11 8 14 10 7 8 5 7 15 14 5 10 12 10 6
DISPLAY 0 8 4
DISPLAY 1 0 3
DISPLAY 3 2 4
DISPLAY 7 4 4
DISPLAY 15 2 2
DISPLAY 18 2 7
DISPLAY 20 8 3
POSITION 0 1 6
POSITION 1 5 7
POSITION 2 4 5
POSITION 3 2 9
PLAYER 3
.
TICK 29
FIELDS 5 8 11 9 15 10 8 13 5 6 5 13 5 5 10 8 14 2 5 9 9 8 9 1 13 3 15 9 8 15 5 11 15 3 9 13 15 6 7 15 4 1 5 10 2 6 8 9 6 5 12 15 10 6 10 15 10 10 12 12 9 7 6 10 9 15 3 7 10 3 10 8 8 5 10 12 3 13 5 7 10 7 10 4 11 10 8 14 10 7 8 5 7 15 14 11 10 12 10 6
DISPLAY 0 8 4
DISPLAY 1 0 3
DISPLAY 3 2 4
DISPLAY 7 4 4
DISPLAY 15 2 2
DISPLAY 18 2 7
DISPLAY 20 8 3
POSITION 0 1 6
POSITION 1 5 8
POSITION 2 4 5
POSITION 3 2 9
PLAYER 0
MESSAGE OK
TARGET 18
EXTRAFIELD 5
.
TICK 29
FIELDS 5 8 11 9 15 5 8 13 5 6 5 13 5 5 10 10 14 2 5 9 9 8 9 1 13 8 15 9 8 15 5 11 15 3 9 3 15 6 7 15 4 1 5 10 2 13 8 9 6 5 12 15 10 6 10 6 10 10 12 12 9 7 6 10 9 15 3 7 10 3 10 8 8 5 10 15 3 13 5 7 10 7 10 4 11 12 8 14 10 7 8 5 7 15 14 10 10 12 10 6
DISPLAY 0 8 4
DISPLAY 1 0 3
DISPLAY 3 2 4
DISPLAY 7 4 4
DISPLAY 15 2 2
DISPLAY 18 2 7
DISPLAY 20 8 3
POSITION 0 1 6
POSITION 1 5 9
POSITION 2 4 5
POSITION 3 2 9
PLAYER 1
.
TICK 29
FIELDS 15 5 8 11 9 15 5 8 13 5 5 13 5 5 10 10 14 2 5 9 9 8 9 1 13 8 15 9 8 15 5 11 15 3 9 3 15 6 7 15 4 1 5 10 2 13 8 9 6 5 12 15 10 6 10 6 10 10 12 12 9 7 6 10 9 15 3 7 10 3 10 8 8 5 10 15 3 13 5 7 10 7 10 4 11 12 8 14 10 7 8 5 7 15 14 10 10 12 10 6
DISPLAY 0 8 4
DISPLAY 1 0 3
DISPLAY 3 2 4
DISPLAY 7 4 4
DISPLAY 15 2 2
DISPLAY 18 2 7
DISPLAY 20 8 3
POSITION 0 1 6
POSITION 1 5 9
POSITION 2 4 5
POSITION 3 2 9
PLAYER 2
.
TICK 29
FIELDS 15 5 8 7 9 15 5 8 13 5 5 13 5 11 10 10 14 2 5 9 9 8 9 5 13 8 15 9 8 15 5 11 15 1 9 3 15 6 7 15 4 1 5 3 2 13 8 9 6 5 12 15 10 10 10 6 10 10 12 12 9 7 6 6 9 15 3 7 10 3 10 8 8 10 10 15 3 13 5 7 10 7 10 5 11 12 8 14 10 7 8 5 7 4 14 10 10 12 10 6
DISPLAY 0 8 4
DISPLAY 1 0 3
DISPLAY 3 2 4
DISPLAY 7 4 4
DISPLAY 15 2 2
DISPLAY 20 8 3
POSITION 0 1 6
POSITION 1 5 9
POSITION 2 2 7
POSITION 3 2 9
PLAYER 3
.
TICK 30
FIELDS 15 5 8 7 9 10 5 8 13 5 5 13 5 11 10 8 14 2 5 9 9 8 9 5 13 3 15 9 8 15 5 11 15 1 9 13 15 6 7 15 4 1 5 3 2 6 8 9 6 5 12 15 10 10 10 15 10 10 12 12 9 7 6 6 9 15 3 7 10 3 10 8 8 10 10 12 3 13 5 7 10 7 10 5 11 10 8 14 10 7 8 5 7 4 14 5 10 12 10 6
DISPLAY 0 8 4
DISPLAY 1 0 3
DISPLAY 3 2 4
DISPLAY 7 4 4
DISPLAY 15 2 2
DISPLAY 20 8 3
POSITION 0 1 6
POSITION 1 5 8
POSITION 2 2 7
POSITION 3 2 9
PLAYER 0
MESSAGE OK
TARGET 15
EXTRAFIELD 11
.
TICK 30
FIELDS 15 5 8 7 9 10 5 8 13 5 5 13 5 11 10 8 14 2 5 9 9 8 9 5 13 3 15 9 8 15 5 11 15 1 9 13 15 6 7 15 4 1 5 3 2 6 8 9 6 5 11 12 15 10 10 10 15 10 10 12 9 7 6 6 9 15 3 7 10 3 10 8 8 10 10 12 3 13 5 7 10 7 10 5 11 10 8 14 10 7 8 5 7 4 14 5 10 12 10 6
DISPLAY 0 8 4
DISPLAY 1 0 3
DISPLAY 3 2 4
DISPLAY 7 4 4
DISPLAY 15 2 2
DISPLAY 20 8 3
POSITION 0 1 3
POSITION 1 5 8
POSITION 2 2 7
POSITION 3 2 9
PLAYER 1
.
TICK 30
FIELDS 15 5 8 11 9 10 5 8 13 5 5 13 5 5 10 8 14 2 5 9 9 8 9 1 13 3 15 9 8 15 5 11 15 3 9 13 15 6 7 15 4 1 5 10 2 6 8 9 6 5 11 12 15 6 10 10 15 10 10 12 9 7 6 10 9 15 3 7 10 3 10 8 8 5 10 12 3 13 5 7 10 7 10 4 11 10 8 14 10 7 8 5 7 6 14 5 10 12 10 6
DISPLAY 0 8 4
DISPLAY 1 0 3
DISPLAY 3 2 4
DISPLAY 7 4 4
DISPLAY 15 2 2
DISPLAY 20 8 3
POSITION 0 1 3
POSITION 1 5 8
POSITION 2 2 7
POSITION 3 2 9
PLAYER 2
.
TICK 30
FIELDS 15 5 8 11 9 10 5 8 13 5 15 13 5 5 10 8 14 2 5 9 5 8 9 1 13 3 15 9 8 15 9 11 15 3 9 13 15 6 7 15 5 1 5 10 2 6 8 9 6 5 4 12 15 6 10 10 15 10 10 12 11 7 6 10 9 15 3 7 10 3 9 8 8 5 10 12 3 13 5 7 10 7 10 4 11 10 8 14 10 7 10 5 7 6 14 5 10 12 10 6
DISPLAY 0 8 4
DISPLAY 1 0 4
DISPLAY 3 2 4
DISPLAY 7 4 4
DISPLAY 15 2 2
DISPLAY 20 8 3
POSITION 0 1 3
POSITION 1 5 8
POSITION 2 2 7
POSITION 3 2 9
PLAYER 3
.
TICK 31
FIELDS 15 5 8 11 9 8 5 8 13 5 15 13 5 5 10 3 14 2 5 9 5 8 9 1 13 13 15 9 8 15 9 11 15 3 9 6 15 6 7 15 5 1 5 10 2 10 8 9 6 5 4 12 15 6 10 15 15 10 10 12 11 7 6 10 9 12 3 7 10 3 9 8 8 5 10 10 3 13 5 7 10 7 10 4 11 5 8 14 10 7 10 5 7 6 14 15 10 12 10 6
DISPLAY 0 8 4
DISPLAY 1 0 4
DISPLAY 3 2 4
DISPLAY 7 4 4
DISPLAY 15 2 2
DISPLAY 20 8 3
POSITION 0 1 3
POSITION 1 5 7
POSITION 2 2 7
POSITION 3 2 9
PLAYER 0
MESSAGE OK
TARGET 15
EXTRAFIELD 12
.
TICK 31
FIELDS 12 5 8 11 9 8 5 8 13 5 15 13 5 5 10 3 14 2 5 9 15 8 9 1 13 13 15 9 8 15 5 11 15 3 9 6 15 6 7 15 9 1 5 10 2 10 8 9 6 5 5 12 15 6 10 15 15 10 10 12 4 7 6 10 9 12 3 7 10 3 11 8 8 5 10 10 3 13 5 7 9 7 10 4 11 5 8 14 10 7 10 5 7 6 14 15 10 12 10 6
DISPLAY 0 8 4
DISPLAY 1 0 5
DISPLAY 3 2 4
DISPLAY 7 4 4
DISPLAY 15 2 2
DISPLAY 20 8 3
POSITION 0 3 3
POSITION 1 5 7
POSITION 2 2 7
POSITION 3 2 9
PLAYER 1
.
TICK 31
FIELDS 12 5 8 11 9 8 5 8 13 5 15 13 5 5 10 3 14 2 5 9 15 8 9 1 13 13 15 9 8 15 5 11 15 3 9 6 15 6 7 15 9 1 5 10 2 10 8 9 6 5 5 12 15 6 10 15 15 10 10 12 4 7 6 10 9 12 3 7 10 3 11 8 8 5 10 10 3 13 5 7 9 7 10 4 11 5 8 14 10 7 5 7 6 14 15 10 12 10 6 7
DISPLAY 0 8 4
DISPLAY 1 0 5
DISPLAY 3 2 4
DISPLAY 7 4 4
DISPLAY 15 2 2
DISPLAY 20 8 3
POSITION 0 3 3
POSITION 1 5 7
POSITION 2 2 7
POSITION 3 1 9
PLAYER 2
.
TICK 31
FIELDS 8 5 8 11 9 8 5 8 13 5 12 13 5 5 10 3 14 2 5 9 15 8 9 1 13 13 15 9 8 15 15 11 15 3 9 6 15 6 7 15 5 1 5 10 2 10 8 9 6 5 9 12 15 6 10 15 15 10 10 12 5 7 6 10 9 12 3 7 10 3 4 8 8 5 10 10 3 13 5 7 11 7 10 4 11 5 8 14 10 7 9 7 6 14 15 10 12 10 6 7
DISPLAY 0 8 4
DISPLAY 1 0 6
DISPLAY 3 2 4
DISPLAY 7 4 4
DISPLAY 15 2 2
DISPLAY 20 8 3
POSITION 0 3 3
POSITION 1 5 7
POSITION 2 2 7
POSITION 3 1 9
PLAYER 3
.
TICK 32
FIELDS 8 5 8 11 9 3 5 8 13 5 12 13 5 5 10 13 14 2 5 9 15 8 9 1 13 6 15 9 8 15 15 11 15 3 9 10 15 6 7 15 5 1 5 10 2 15 8 9 6 5 9 12 15 6 10 12 15 10 10 12 5 7 6 10 9 10 3 7 10 3 4 8 8 5 10 5 3 13 5 7 11 7 10 4 11 10 8 14 10 7 9 7 6 14 15 10 12 10 6 7
DISPLAY 0 8 4
DISPLAY 1 0 6
DISPLAY 3 2 4
DISPLAY 7 4 4
DISPLAY 15 2 2
DISPLAY 20 8 3
POSITION 0 3 3
POSITION 1 5 6
POSITION 2 2 7
POSITION 3 1 9
PLAYER 0
MESSAGE OK
TARGET 15
EXTRAFIELD 10
.
TICK 32
FIELDS 8 5 10 11 9 3 5 8 13 5 12 13 8 5 10 13 14 2 5 9 15 8 5 1 13 6 15 9 8 15 15 11 9 3 9 10 15 6 7 15 5 1 15 10 2 15 8 9 6 5 9 12 5 6 10 12 15 10 10 12 5 7 15 10 9 10 3 7 10 3 4 8 6 5 10 5 3 13 5 7 11 7 8 4 11 10 8 14 10 7 9 7 10 14 15 10 12 10 6 7
DISPLAY 0 8 4
DISPLAY 1 0 6
DISPLAY 3 2 5
DISPLAY 7 4 4
DISPLAY 20 8 3
POSITION 0 2 3
POSITION 1 5 6
POSITION 2 2 8
POSITION 3 1 9
PLAYER 1
.
TICK 32
FIELDS 8 5 10 11 9 3 5 8 13 5 12 13 8 5 10 13 14 2 5 9 15 8 5 1 13 6 15 9 8 15 15 11 9 3 9 10 15 6 7 15 5 1 15 10 2 15 8 9 6 5 10 9 12 5 6 10 12 15 10 10 5 7 15 10 9 10 3 7 10 3 4 8 6 5 10 5 3 13 5 7 11 7 8 4 11 10 8 14 10 7 9 7 10 14 15 10 12 10 6 7
DISPLAY 0 8 4
DISPLAY 1 0 6
DISPLAY 3 3 5
DISPLAY 7 4 4
DISPLAY 20 8 3
POSITION 0 2 3
POSITION 1 5 6
POSITION 2 2 8
POSITION 3 1 9
PLAYER 2
.
TICK 32
FIELDS 8 5 10 5 9 3 5 8 13 5 12 13 8 11 10 13 14 2 5 9 15 8 5 5 13 6 15 9 8 15 15 11 9 1 9 10 15 6 7 15 5 1 15 3 2 15 8 9 6 5 10 9 12 10 6 10 12 15 10 10 5 7 15 5 9 10 3 7 10 3 4 8 6 10 10 5 3 13 5 7 11 7 8 5 11 10 8 14 10 7 9 7 10 4 15 10 12 10 6 7
DISPLAY 0 8 4
DISPLAY 1 0 6
DISPLAY 3 3 6
DISPLAY 7 4 4
DISPLAY 20 8 3
POSITION 0 2 3
POSITION 1 5 6
POSITION 2 2 8
POSITION 3 1 9
PLAYER 3
.
TICK 33
FIELDS 8 5 10 5 9 13 5 8 13 5 12 13 8 11 10 6 14 2 5 9 15 8 5 5 13 10 15 9 8 15 15 11 9 1 9 15 15 6 7 15 5 1 15 3 2 10 8 9 6 5 10 9 12 10 6 10 12 15 10 10 5 7 15 5 9 5 3 7 10 3 4 8 6 10 10 10 3 13 5 7 11 7 8 5 11 10 8 14 10 7 9 7 10 4 15 8 12 10 6 7
DISPLAY 0 8 4
DISPLAY 1 0 6
DISPLAY 3 3 6
DISPLAY 7 4 4
DISPLAY 20 8 3
POSITION 0 2 3
POSITION 1 5 5
POSITION 2 2 8
POSITION 3 1 9
PLAYER 0
MESSAGE OK
TARGET 20
EXTRAFIELD 6
.
TICK 33
FIELDS 6 5 10 5 9 13 5 8 13 5 8 13 8 11 10 6 14 2 5 9 12 8 5 5 13 10 15 9 8 15 15 11 9 1 9 15 15 6 7 15 15 1 15 3 2 10 8 9 6 5 5 9 12 10 6 10 12 15 10 10 10 7 15 5 9 5 3 7 10 3 5 8 6 10 10 10 3 13 5 7 4 7 8 5 11 10 8 14 10 7 11 7 10 4 15 8 12 10 6 7
DISPLAY 0 8 4
DISPLAY 1 0 7
DISPLAY 3 3 6
DISPLAY 7 4 4
DISPLAY 20 8 3
POSITION 0 2 2
POSITION 1 5 5
POSITION 2 2 8
POSITION 3 1 9
PLAYER 1
.
TICK 33
FIELDS 6 5 10 11 9 13 5 8 13 5 8 13 8 5 10 6 14 2 5 9 12 8 5 1 13 10 15 9 8 15 15 11 9 3 9 15 15 6 7 15 15 1 15 10 2 10 8 9 6 5 5 9 12 5 6 10 12 15 10 10 10 7 15 10 9 5 3 7 10 3 5 8 6 5 10 10 3 13 5 7 4 7 8 4 11 10 8 14 10 7 11 7 10 12 15 8 12 10 6 7
DISPLAY 0 8 4
DISPLAY 1 0 7
DISPLAY 3 3 5
DISPLAY 7 4 4
DISPLAY 20 8 3
POSITION 0 2 2
POSITION 1 5 5
POSITION 2 2 8
POSITION 3 1 9
PLAYER 2
.
TICK 33
FIELDS 6 5 10 14 9 13 5 8 13 5 8 13 8 11 10 6 14 2 5 9 12 8 5 5 13 10 15 9 8 15 15 11 9 1 9 15 15 6 7 15 15 1 15 3 2 10 8 9 6 5 5 9 12 10 6 10 12 15 10 10 10 7 15 5 9 5 3 7 10 3 5 8 6 10 10 10 3 13 5 7 4 7 8 5 11 10 8 14 10 7 11 7 10 4 15 8 12 10 6 7
DISPLAY 0 8 4
DISPLAY 1 0 7
DISPLAY 3 3 6
DISPLAY 7 4 4
DISPLAY 20 8 3
POSITION 0 2 2
POSITION 1 5 5
POSITION 2 2 8
POSITION 3 1 9
PLAYER 3
.
TICK 34
FIELDS 6 5 10 14 9 3 5 8 13 5 8 13 8 11 10 13 14 2 5 9 12 8 5 5 13 6 15 9 8 15 15 11 9 1 9 10 15 6 7 15 15 1 15 3 2 15 8 9 6 5 5 9 12 10 6 10 12 15 10 10 10 7 15 5 9 10 3 7 10 3 5 8 6 10 10 5 3 13 5 7 4 7 8 5 11 10 8 14 10 7 11 7 10 4 15 10 12 10 6 7
DISPLAY 0 8 4
DISPLAY 1 0 7
DISPLAY 3 3 6
DISPLAY 7 4 4
DISPLAY 20 8 3
POSITION 0 2 2
POSITION 1 5 6
POSITION 2 2 8
POSITION 3 1 9
PLAYER 0
MESSAGE OK
TARGET 20
EXTRAFIELD 9
.
TICK 34
FIELDS 6 5 10 14 9 3 5 8 13 5 8 13 8 11 10 13 14 2 5 9 12 8 5 5 13 6 15 9 8 15 9 15 11 9 1 9 10 15 6 7 15 1 15 3 2 15 8 9 6 5 5 9 12 10 6 10 12 15 10 10 10 7 15 5 9 10 3 7 10 3 5 8 6 10 10 5 3 13 5 7 4 7 8 5 11 10 8 14 10 7 11 7 10 4 15 10 12 10 6 7
DISPLAY 0 8 4
DISPLAY 1 0 7
DISPLAY 3 3 6
DISPLAY 7 4 4
DISPLAY 20 9 3
POSITION 0 0 2
POSITION 1 5 6
POSITION 2 2 8
POSITION 3 1 9
PLAYER 1
.
TICK 34
FIELDS 6 5 10 14 9 5 5 8 13 5 8 13 8 11 10 3 14 2 5 9 12 8 5 5 13 13 15 9 8 15 9 15 11 9 1 6 10 15 6 7 15 1 15 3 2 9 8 9 6 5 5 9 12 10 6 15 12 15 10 10 10 7 15 5 9 10 3 7 10 3 5 8 6 10 10 10 3 13 5 7 4 7 8 5 11 5 8 14 10 7 11 7 10 4 15 10 12 10 6 7
DISPLAY 0 8 4
DISPLAY 1 0 7
DISPLAY 3 3 6
DISPLAY 7 4 4
DISPLAY 20 9 3
POSITION 0 0 2
POSITION 1 5 7
POSITION 2 2 8
POSITION 3 1 9
PLAYER 2
.
TICK 34
FIELDS 6 5 10 12 9 5 5 8 13 5 8 13 8 14 10 3 14 2 5 9 12 8 5 11 13 13 15 9 8 15 9 15 11 5 1 6 10 15 6 7 15 1 15 9 2 9 8 9 6 5 5 9 12 3 6 15 12 15 10 10 10 7 15 10 9 10 3 7 10 3 5 8 6 5 10 10 3 13 5 7 4 7 8 10 11 5 8 14 10 7 11 7 10 5 15 10 12 10 6 7
DISPLAY 0 8 4
DISPLAY 1 0 7
DISPLAY 3 3 7
DISPLAY 7 4 4
DISPLAY 20 9 3
POSITION 0 0 2
POSITION 1 5 7
POSITION 2 3 8
POSITION 3 1 9
PLAYER 3
.
TICK 35
FIELDS 6 5 10 12 9 3 5 8 13 5 8 13 8 14 10 13 14 2 5 9 12 8 5 11 13 6 15 9 8 15 9 15 11 5 1 9 10 15 6 7 15 1 15 9 2 15 8 9 6 5 5 9 12 3 6 10 12 15 10 10 10 7 15 10 9 10 3 7 10 3 5 8 6 5 10 5 3 13 5 7 4 7 8 10 11 10 8 14 10 7 11 7 10 5 15 8 12 10 6 7
DISPLAY 0 8 4
DISPLAY 1 0 7
DISPLAY 3 3 7
DISPLAY 7 4 4
DISPLAY 20 9 3
POSITION 0 0 2
POSITION 1 5 6
POSITION 2 3 8
POSITION 3 1 9
PLAYER 0
MESSAGE OK
TARGET 20
EXTRAFIELD 15
.
TICK 35
FIELDS 6 5 10 12 9 3 5 8 13 5 8 13 8 14 10 13 14 2 5 9 8 5 11 13 6 15 9 8 15 15 9 15 11 5 1 9 10 15 6 7 15 1 15 9 2 15 8 9 6 5 5 9 12 3 6 10 12 15 10 10 10 7 15 10 9 10 3 7 10 3 5 8 6 5 10 5 3 13 5 7 4 7 8 10 11 10 8 14 10 7 11 7 10 5 15 8 12 10 6 7
DISPLAY 0 8 4
DISPLAY 1 0 7
DISPLAY 3 3 7
DISPLAY 7 4 4
POSITION 0 9 3
POSITION 1 5 6
POSITION 2 3 8
POSITION 3 1 9
PLAYER 1
.
TICK 35
FIELDS 6 5 8 12 9 3 5 8 13 5 8 13 11 14 10 13 14 2 5 9 8 5 11 13 6 15 9 8 15 15 9 15 15 5 1 9 10 15 6 7 15 1 12 9 2 15 8 9 6 5 5 9 15 3 6 10 12 15 10 10 10 7 6 10 9 10 3 7 10 3 5 8 8 5 10 5 3 13 5 7 4 7 10 10 11 10 8 14 10 7 11 7 10 5 15 8 12 10 6 7
DISPLAY 0 8 4
DISPLAY 1 0 7
DISPLAY 3 3 7
DISPLAY 7 4 4
POSITION 0 9 3
POSITION 1 5 6
POSITION 2 3 8
POSITION 3 1 9
PLAYER 2
.
TICK 35
FIELDS 6 5 8 12 9 3 5 8 13 5 8 13 11 14 10 13 14 2 5 9 8 5 11 13 6 15 9 8 15 15 9 15 15 5 1 9 10 15 6 7 15 1 12 9 2 15 8 9 6 5 5 9 15 3 6 10 12 15 10 10 10 7 6 10 9 10 3 7 10 3 4 5 8 8 5 10 5 3 13 5 4 7 10 10 11 10 8 14 10 7 11 7 10 5 15 8 12 10 6 7
DISPLAY 0 8 4
DISPLAY 1 1 7
DISPLAY 7 4 4
POSITION 0 9 3
POSITION 1 5 6
POSITION 2 4 7
POSITION 3 1 9
PLAYER 3
.
TICK 36
FIELDS 6 5 8 12 9 13 5 8 13 5 8 13 11 14 10 15 14 2 5 9 8 5 11 13 6 9 9 8 15 15 9 15 15 5 1 15 10 15 6 7 15 1 12 9 2 10 8 9 6 5 5 9 15 3 6 10 12 15 10 10 10 7 6 10 9 10 3 7 10 3 4 5 8 8 5 10 5 3 13 5 4 7 10 10 11 8 8 14 10 7 11 7 10 5 15 5 12 10 6 7
DISPLAY 0 8 4
DISPLAY 1 1 7
DISPLAY 7 4 4
POSITION 0 9 3
POSITION 1 5 5
POSITION 2 4 7
POSITION 3 1 9
PLAYER 0
MESSAGE OK
TARGET 0
EXTRAFIELD 12
.
TICK 36
FIELDS 6 5 8 12 9 13 5 8 13 5 8 13 11 14 10 15 14 2 5 9 5 11 13 6 9 9 8 15 15 6 9 15 15 5 1 15 10 15 6 7 15 1 12 9 2 10 8 9 6 5 5 9 15 3 6 10 12 15 10 10 10 7 6 10 9 10 3 7 10 3 4 5 8 8 5 10 5 3 13 5 4 7 10 10 11 8 8 14 10 7 11 7 10 5 15 5 12 10 6 7
DISPLAY 1 1 7
DISPLAY 7 4 4
POSITION 0 8 4
POSITION 1 5 5
POSITION 2 4 7
POSITION 3 1 9
PLAYER 1
.
TICK 36
FIELDS 6 5 8 12 9 13 5 8 13 5 8 13 11 14 10 15 14 2 5 9 5 11 13 6 9 9 8 15 15 6 9 15 15 5 1 15 10 15 6 7 15 1 12 9 2 10 8 9 6 5 5 9 15 3 6 10 12 15 10 10 10 7 6 10 9 10 3 7 10 3 4 5 8 8 5 10 5 3 13 5 4 7 10 10 11 8 8 14 10 7 10 11 7 10 5 15 5 12 10 6
DISPLAY 1 1 7
DISPLAY 7 4 4
POSITION 0 8 4
POSITION 1 5 5
POSITION 2 4 7
POSITION 3 2 9
PLAYER 2
.
TICK 36
FIELDS 7 5 8 12 9 13 5 8 13 5 6 13 11 14 10 15 14 2 5 9 8 11 13 6 9 9 8 15 15 6 5 15 15 5 1 15 10 15 6 7 9 1 12 9 2 10 8 9 6 5 15 9 15 3 6 10 12 15 10 10 5 7 6 10 9 10 3 7 10 3 10 5 8 8 5 10 5 3 13 5 4 7 10 10 11 8 8 14 10 7 4 11 7 10 5 15 5 12 10 6
DISPLAY 1 1 7
DISPLAY 7 4 4
POSITION 0 8 4
POSITION 1 5 5
POSITION 2 4 7
POSITION 3 2 9
PLAYER 3
.
TICK 37
FIELDS 7 5 8 12 9 15 5 8 13 5 6 13 11 14 10 9 14 2 5 9 8 11 13 6 9 15 8 15 15 6 5 15 15 5 1 10 10 15 6 7 9 1 12 9 2 10 8 9 6 5 15 9 15 3 6 10 12 15 10 10 5 7 6 10 9 10 3 7 10 3 10 5 8 8 5 8 5 3 13 5 4 7 10 10 11 15 8 14 10 7 4 11 7 10 5 3 5 12 10 6
DISPLAY 1 1 7
DISPLAY 7 4 4
POSITION 0 8 4
POSITION 1 5 4
POSITION 2 4 7
POSITION 3 2 9
PLAYER 0
MESSAGE OK
TARGET 7
EXTRAFIELD 8
.
TICK 37
FIELDS 7 5 8 12 9 15 5 8 13 5 8 6 13 11 14 10 9 14 2 5 8 11 13 6 9 15 8 15 15 6 5 15 15 5 1 10 10 15 6 7 9 1 12 9 2 10 8 9 6 5 15 9 15 3 6 10 12 15 10 10 5 7 6 10 9 10 3 7 10 3 10 5 8 8 5 8 5 3 13 5 4 7 10 10 11 15 8 14 10 7 4 11 7 10 5 3 5 12 10 6
DISPLAY 1 1 7
DISPLAY 7 4 4
POSITION 0 5 3
POSITION 1 5 4
POSITION 2 4 7
POSITION 3 2 9
PLAYER 1
.
TICK 37
FIELDS 7 5 8 12 9 15 5 8 13 5 7 6 13 11 14 10 9 14 2 5 8 11 13 6 9 15 8 15 15 6 8 15 15 5 1 10 10 15 6 7 5 1 12 9 2 10 8 9 6 5 9 9 15 3 6 10 12 15 10 10 15 7 6 10 9 10 3 7 10 3 5 5 8 8 5 8 5 3 13 5 10 7 10 10 11 15 8 14 10 7 4 11 7 10 5 3 5 12 10 6
DISPLAY 1 1 7
DISPLAY 7 4 4
POSITION 0 5 3
POSITION 1 5 4
POSITION 2 4 7
POSITION 3 2 9
PLAYER 2
.
TICK 37
FIELDS 10 5 8 12 9 15 5 8 13 5 7 6 13 11 14 10 9 14 2 5 7 11 13 6 9 15 8 15 15 6 8 15 15 5 1 10 10 15 6 7 8 1 12 9 2 10 8 9 6 5 5 9 15 3 6 10 12 15 10 10 9 7 6 10 9 10 3 7 10 3 15 5 8 8 5 8 5 3 13 5 5 7 10 10 11 15 8 14 10 7 10 11 7 10 5 3 5 12 10 6
DISPLAY 1 1 7
DISPLAY 7 4 4
POSITION 0 5 3
POSITION 1 5 4
POSITION 2 4 7
POSITION 3 2 9
PLAYER 3
.
TICK 38
FIELDS 10 5 8 12 9 13 5 8 13 5 7 6 13 11 14 15 9 14 2 5 7 11 13 6 9 10 8 15 15 6 8 15 15 5 1 15 10 15 6 7 8 1 12 9 2 10 8 9 6 5 5 9 15 3 6 10 12 15 10 10 9 7 6 10 9 10 3 7 10 3 15 5 8 8 5 10 5 3 13 5 5 7 10 10 11 8 8 14 10 7 10 11 7 10 5 15 5 12 10 6
DISPLAY 1 1 7
DISPLAY 7 4 4
POSITION 0 5 4
POSITION 1 5 5
POSITION 2 4 7
POSITION 3 2 9
PLAYER 0
MESSAGE OK
TARGET 7
EXTRAFIELD 9
.
TICK 38
FIELDS 10 5 8 12 9 15 5 8 13 5 7 6 13 11 14 10 9 14 2 5 7 11 13 6 9 15 8 15 15 6 8 15 15 5 1 10 10 15 6 7 8 1 12 9 2 10 8 9 6 5 5 9 15 3 6 10 12 15 10 10 9 7 6 10 9 10 3 7 10 3 15 5 8 8 5 8 5 3 13 5 5 7 10 10 11 15 8 14 10 7 10 11 7 10 5 9 5 12 10 6
DISPLAY 1 1 7
DISPLAY 7 4 4
POSITION 0 5 3
POSITION 1 5 4
POSITION 2 4 7
POSITION 3 2 9
PLAYER 1
.
TICK 38
FIELDS 10 5 8 12 9 15 5 8 13 5 7 6 13 11 14 10 9 14 2 5 7 11 13 6 9 15 8 15 15 6 8 15 15 5 1 10 10 15 6 7 8 1 12 9 2 10 8 9 6 5 5 9 15 3 6 10 12 15 10 10 9 7 6 10 9 10 3 7 10 3 5 8 8 5 8 5 3 13 5 4 5 7 10 10 11 15 8 14 10 7 10 11 7 10 5 9 5 12 10 6
DISPLAY 1 0 7
DISPLAY 7 4 4
POSITION 0 5 3
POSITION 1 5 4
POSITION 2 3 7
POSITION 3 2 9
PLAYER 2
.
TICK 38
FIELDS 10 5 8 12 4 15 5 8 13 5 7 6 13 11 9 10 9 14 2 5 7 11 13 6 14 15 8 15 15 6 8 15 15 5 9 10 10 15 6 7 8 1 12 9 1 10 8 9 6 5 5 9 15 3 2 10 12 15 10 10 9 7 6 10 6 10 3 7 10 3 5 8 8 5 9 5 3 13 5 4 5 7 10 10 8 15 8 14 10 7 10 11 7 10 11 9 5 12 10 6
DISPLAY 1 0 7
DISPLAY 7 4 5
POSITION 0 5 3
POSITION 1 5 4
POSITION 2 3 7
POSITION 3 2 9
PLAYER 3
.
TICK 39
FIELDS 10 5 8 12 4 3 5 8 13 5 7 6 13 11 9 15 9 14 2 5 7 11 13 6 14 10 8 15 15 6 8 15 15 5 9 15 10 15 6 7 8 1 12 9 1 10 8 9 6 5 5 9 15 3 2 10 12 15 10 10 9 7 6 10 6 10 3 7 10 3 5 8 8 5 9 10 3 13 5 4 5 7 10 10 8 5 8 14 10 7 10 11 7 10 11 15 5 12 10 6
DISPLAY 1 0 7
DISPLAY 7 4 5
POSITION 0 5 4
POSITION 1 5 5
POSITION 2 3 7
POSITION 3 2 9
PLAYER 0
MESSAGE OK
TARGET 7
EXTRAFIELD 13
.
TICK 39
FIELDS 10 5 8 13 4 3 5 8 13 5 7 6 13 12 9 15 9 14 2 5 7 11 13 11 14 10 8 15 15 6 8 15 15 6 9 15 10 15 6 7 8 1 12 5 1 10 8 9 6 5 5 9 15 9 2 10 12 15 10 10 9 7 6 3 6 10 3 7 10 3 5 8 8 10 9 10 3 13 5 4 5 7 10 5 8 5 8 14 10 7 10 11 7 10 11 15 5 12 10 6
DISPLAY 1 0 7
DISPLAY 7 4 5
POSITION 0 5 4
POSITION 1 5 5
POSITION 2 3 8
POSITION 3 2 9
PLAYER 1
.
TICK 39
FIELDS 10 5 8 13 4 3 5 8 2 5 7 6 13 12 9 15 9 14 15 5 7 11 13 11 14 10 8 15 6 6 8 15 15 6 9 15 10 15 6 7 8 1 12 5 1 10 8 9 10 5 5 9 15 9 2 10 12 15 10 10 9 7 6 3 6 10 3 7 5 3 5 8 8 10 9 10 3 13 10 4 5 7 10 5 8 5 8 14 10 7 10 11 7 10 11 15 5 12 15 6
DISPLAY 1 0 7
DISPLAY 7 4 5
POSITION 0 5 4
POSITION 1 5 5
POSITION 2 3 8
POSITION 3 2 9
PLAYER 2
.
TICK 39
FIELDS 10 5 8 13 5 3 5 8 2 5 7 6 13 12 4 15 9 14 15 5 7 11 13 11 9 10 8 15 6 6 8 15 15 6 14 15 10 15 6 7 8 1 12 5 9 10 8 9 10 5 5 9 15 9 1 10 12 15 10 10 9 7 6 3 2 10 3 7 5 3 5 8 8 10 6 10 3 13 10 4 5 7 10 5 9 5 8 14 10 7 10 11 7 10 8 15 5 12 15 6
DISPLAY 1 0 7
DISPLAY 7 4 6
POSITION 0 5 4
POSITION 1 5 5
POSITION 2 3 8
POSITION 3 2 9
PLAYER 3
.
TICK 40
FIELDS 10 5 8 13 5 9 5 8 2 5 7 6 13 12 4 3 9 14 15 5 7 11 13 11 9 15 8 15 6 6 8 15 15 6 14 10 10 15 6 7 8 1 12 5 9 15 8 9 10 5 5 9 15 9 1 10 12 15 10 10 9 7 6 3 2 10 3 7 5 3 5 8 8 10 6 10 3 13 10 4 5 7 10 5 9 10 8 14 10 7 10 11 7 10 8 5 5 12 15 6
DISPLAY 1 0 7
DISPLAY 7 4 6
POSITION 0 5 5
POSITION 1 5 6
POSITION 2 3 8
POSITION 3 2 9
PLAYER 0
MESSAGE OK
TARGET 7
EXTRAFIELD 10
.
TICK 40
FIELDS 10 5 8 13 5 3 5 8 2 5 7 6 13 12 4 15 9 14 15 5 7 11 13 11 9 10 8 15 6 6 8 15 15 6 14 15 10 15 6 7 8 1 12 5 9 10 8 9 10 5 5 9 15 9 1 10 12 15 10 10 9 7 6 3 2 10 3 7 5 3 5 8 8 10 6 10 3 13 10 4 5 7 10 5 9 5 8 14 10 7 10 11 7 10 8 10 5 12 15 6
DISPLAY 1 0 7
DISPLAY 7 4 6
POSITION 0 8 4
POSITION 1 5 5
POSITION 2 3 8
POSITION 3 2 9
PLAYER 1
.
TICK 40
FIELDS 10 5 8 13 5 3 13 8 2 5 7 6 13 12 4 15 5 14 15 5 7 11 13 11 9 10 9 15 6 6 8 15 15 6 14 15 8 15 6 7 8 1 12 5 9 10 10 9 10 5 5 9 15 9 1 10 8 15 10 10 9 7 6 3 2 10 12 7 5 3 5 8 8 10 6 10 3 13 10 4 5 7 10 5 9 5 3 14 10 7 10 11 7 10 8 10 8 12 15 6
DISPLAY 1 0 7
DISPLAY 7 4 6
POSITION 0 8 4
POSITION 1 5 5
POSITION 2 3 8
POSITION 3 2 9
PLAYER 2
.
TICK 40
FIELDS 10 5 8 13 5 3 13 8 2 5 7 6 13 12 4 15 5 14 15 5 7 11 13 11 9 10 9 15 6 6 8 15 15 6 14 15 8 15 6 7 8 1 12 5 9 10 10 9 10 5 5 9 15 9 1 10 8 15 10 10 9 7 6 3 2 10 12 7 5 3 5 8 8 10 6 10 3 13 10 4 11 5 7 10 5 9 5 3 14 10 10 11 7 10 8 10 8 12 15 6
DISPLAY 1 0 7
DISPLAY 7 4 6
POSITION 0 8 4
POSITION 1 5 5
POSITION 2 4 7
POSITION 3 2 9
PLAYER 3
.
TICK 41
FIELDS 10 5 8 13 5 15 13 8 2 5 7 6 13 12 4 10 5 14 15 5 7 11 13 11 9 15 9 15 6 6 8 15 15 6 14 10 8 15 6 7 8 1 12 5 9 10 10 9 10 5 5 9 15 9 1 10 8 15 10 10 9 7 6 3 2 10 12 7 5 3 5 8 8 10 6 9 3 13 10 4 11 5 7 10 5 10 5 3 14 10 10 11 7 10 8 15 8 12 15 6
DISPLAY 1 0 7
DISPLAY 7 4 6
POSITION 0 8 4
POSITION 1 5 4
POSITION 2 4 7
POSITION 3 2 9
PLAYER 0
MESSAGE OK
TARGET 7
EXTRAFIELD 9
.
TICK 41
FIELDS 10 5 8 13 5 15 13 9 2 5 7 6 13 12 4 10 5 8 15 5 7 11 13 11 9 15 9 14 6 6 8 15 15 6 14 10 8 15 6 7 8 1 12 5 9 10 10 15 10 5 5 9 15 9 1 10 8 9 10 10 9 7 6 3 2 10 12 15 5 3 5 8 8 10 6 9 3 7 10 4 11 5 7 10 5 10 5 13 14 10 10 11 7 10 8 15 8 3 15 6
DISPLAY 1 0 7
DISPLAY 7 4 6
POSITION 0 4 4
POSITION 1 5 4
POSITION 2 4 7
POSITION 3 2 9
PLAYER 1
.
TICK 41
FIELDS 10 5 8 13 5 15 13 9 2 5 7 6 13 12 4 10 5 8 15 5 7 11 13 11 9 15 9 14 6 6 8 15 15 6 14 10 8 15 6 7 8 1 12 5 9 10 10 15 10 5 5 9 15 9 1 10 8 9 10 10 9 7 6 3 2 10 12 15 5 3 5 8 8 10 6 9 3 7 10 4 5 11 5 7 10 5 10 5 13 14 10 11 7 10 8 15 8 3 15 6
DISPLAY 1 0 7
DISPLAY 7 4 6
POSITION 0 4 4
POSITION 1 5 4
POSITION 2 4 7
POSITION 3 2 9
PLAYER 2
.
TICK 41
FIELDS 7 5 8 13 5 15 13 9 2 5 10 6 13 12 4 10 5 8 15 5 7 11 13 11 9 15 9 14 6 6 7 15 15 6 14 10 8 15 6 7 8 1 12 5 9 10 10 15 10 5 8 9 15 9 1 10 8 9 10 10 5 7 6 3 2 10 12 15 5 3 9 8 8 10 6 9 3 7 10 4 5 11 5 7 10 5 10 5 13 14 5 11 7 10 8 15 8 3 15 6
DISPLAY 1 0 8
DISPLAY 7 4 6
POSITION 0 4 4
POSITION 1 5 4
POSITION 2 4 7
POSITION 3 2 9
PLAYER 3
.
TICK 42
FIELDS 7 5 8 13 5 3 13 9 2 5 10 6 13 12 4 15 5 8 15 5 7 11 13 11 9 10 9 14 6 6 7 15 15 6 14 15 8 15 6 7 8 1 12 5 9 10 10 15 10 5 8 9 15 9 1 10 8 9 10 10 5 7 6 3 2 10 12 15 5 3 9 8 8 10 6 10 3 7 10 4 5 11 5 7 10 9 10 5 13 14 5 11 7 10 8 5 8 3 15 6
DISPLAY 1 0 8
DISPLAY 7 4 6
POSITION 0 4 4
POSITION 1 5 5
POSITION 2 4 7
POSITION 3 2 9
PLAYER 0
MESSAGE OK
TARGET 7
EXTRAFIELD 12
.
TICK 42
FIELDS 7 5 8 13 4 3 13 9 2 5 10 6 13 12 9 15 5 8 15 5 7 11 13 11 14 10 9 14 6 6 7 15 15 6 9 15 8 15 6 7 8 1 12 5 1 10 10 15 10 5 8 9 15 9 2 10 8 9 10 10 5 7 6 3 6 10 12 15 5 3 9 8 8 10 10 10 3 7 10 4 5 11 5 7 8 9 10 5 13 14 5 11 7 10 12 5 8 3 15 6
DISPLAY 1 0 8
POSITION 0 4 5
POSITION 1 5 5
POSITION 2 4 6
POSITION 3 2 9
PLAYER 1
.
TICK 42
FIELDS 7 5 8 13 4 3 13 9 2 5 10 6 13 12 9 15 5 8 15 5 10 7 11 13 11 14 10 9 14 6 7 15 15 6 9 15 8 15 6 7 8 1 12 5 1 10 10 15 10 5 8 9 15 9 2 10 8 9 10 10 5 7 6 3 6 10 12 15 5 3 9 8 8 10 10 10 3 7 10 4 5 11 5 7 8 9 10 5 13 14 5 11 7 10 12 5 8 3 15 6
DISPLAY 1 0 8
POSITION 0 4 5
POSITION 1 5 5
POSITION 2 4 6
POSITION 3 2 9
PLAYER 2
.
TICK 42
FIELDS 7 5 8 13 10 3 13 9 2 5 10 6 13 12 4 15 5 8 15 5 10 7 11 13 9 14 10 9 14 6 7 15 15 6 11 15 8 15 6 7 8 1 12 5 9 10 10 15 10 5 8 9 15 9 1 10 8 9 10 10 5 7 6 3 2 10 12 15 5 3 9 8 8 10 6 10 3 7 10 4 5 11 5 7 10 9 10 5 13 14 5 11 7 10 8 5 8 3 15 6
DISPLAY 1 0 8
POSITION 0 4 6
POSITION 1 5 5
POSITION 2 2 7
POSITION 3 2 9
PLAYER 3
.
TICK 43
FIELDS 7 5 8 13 10 15 13 9 2 5 10 6 13 12 4 3 5 8 15 5 10 7 11 13 9 15 10 9 14 6 7 15 15 6 11 14 8 15 6 7 8 1 12 5 9 15 10 15 10 5 8 9 15 9 1 10 8 9 10 10 5 7 6 3 2 10 12 15 5 3 9 8 8 10 6 10 3 7 10 4 5 11 5 7 10 10 10 5 13 14 5 11 7 10 8 9 8 3 15 6
DISPLAY 1 0 8
POSITION 0 4 6
POSITION 1 5 6
POSITION 2 2 7
POSITION 3 2 9
PLAYER 0
MESSAGE OK
TARGET 1
EXTRAFIELD 5
.
TICK 43
FIELDS 7 5 8 13 5 15 13 9 2 5 10 6 13 12 10 3 5 8 15 5 10 7 11 13 4 15 10 9 14 6 7 15 15 6 9 14 8 15 6 7 8 1 12 5 11 15 10 15 10 5 8 9 15 9 9 10 8 9 10 10 5 7 6 3 1 10 12 15 5 3 9 8 8 10 2 10 3 7 10 4 5 11 5 7 6 10 10 5 13 14 5 11 7 10 10 9 8 3 15 6
DISPLAY 1 0 8
POSITION 0 2 7
POSITION 1 5 6
POSITION 2 2 7
POSITION 3 2 9
PLAYER 1
.
TICK 43
FIELDS 7 6 8 13 5 15 13 9 2 5 10 5 13 12 10 3 5 8 15 5 10 6 11 13 4 15 10 9 14 6 7 7 15 6 9 14 8 15 6 7 8 15 12 5 11 15 10 15 10 5 8 1 15 9 9 10 8 9 10 10 5 9 6 3 1 10 12 15 5 3 9 7 8 10 2 10 3 7 10 4 5 8 5 7 6 10 10 5 13 14 5 11 7 10 10 9 8 3 15 6
DISPLAY 1 0 8
POSITION 0 2 7
POSITION 1 5 6
POSITION 2 2 7
POSITION 3 2 9
PLAYER 2
.
TICK 43
FIELDS 7 6 12 13 5 15 13 9 2 5 10 5 8 12 10 3 5 8 15 5 10 6 13 13 4 15 10 9 14 6 7 7 11 6 9 14 8 15 6 7 8 15 15 5 11 15 10 15 10 5 8 1 12 9 9 10 8 9 10 10 5 9 15 3 1 10 12 15 5 3 9 7 6 10 2 10 3 7 10 4 5 8 8 7 6 10 10 5 13 14 5 11 5 10 10 9 8 3 15 6
DISPLAY 1 0 8
POSITION 0 2 8
POSITION 1 5 6
POSITION 2 2 8
POSITION 3 2 0
PLAYER 3
.
TICK 44
FIELDS 7 6 12 13 5 3 13 9 2 5 10 5 8 12 10 15 5 8 15 5 10 6 13 13 4 14 10 9 14 6 7 7 11 6 9 15 8 15 6 7 8 15 15 5 11 10 10 15 10 5 8 1 12 9 9 10 8 9 10 10 5 9 15 3 1 10 12 15 5 3 9 7 6 10 2 10 3 7 10 4 5 8 8 7 6 9 10 5 13 14 5 11 5 10 10 5 8 3 15 6
DISPLAY 1 0 8
POSITION 0 2 8
POSITION 1 5 5
POSITION 2 2 8
POSITION 3 2 0
PLAYER 0
MESSAGE OK
TARGET 1
EXTRAFIELD 8
.
TICK 44
FIELDS 8 6 12 13 5 3 13 9 2 5 7 5 8 12 10 15 5 8 15 5 10 6 13 13 4 14 10 9 14 6 10 7 11 6 9 15 8 15 6 7 7 15 15 5 11 10 10 15 10 5 8 1 12 9 9 10 8 9 10 10 8 9 15 3 1 10 12 15 5 3 5 7 6 10 2 10 3 7 10 4 9 8 8 7 6 9 10 5 13 14 5 11 5 10 10 5 8 3 15 6
DISPLAY 1 0 9
POSITION 0 2 8
POSITION 1 5 5
POSITION 2 2 8
POSITION 3 2 0
PLAYER 1
.
TICK 44
FIELDS 8 6 12 13 5 3 13 9 15 5 7 5 8 12 10 15 5 8 14 5 10 6 13 13 4 14 10 9 6 6 10 7 11 6 9 15 8 15 10 7 7 15 15 5 11 10 10 15 10 5 8 1 12 9 9 10 8 9 5 10 8 9 15 3 1 10 12 15 10 3 5 7 6 10 2 10 3 7 13 4 9 8 8 7 6 9 10 5 15 14 5 11 5 10 10 5 8 3 11 6
DISPLAY 1 0 9
POSITION 0 2 8
POSITION 1 5 5
POSITION 2 2 8
POSITION 3 2 0
PLAYER 2
.
TICK 44
FIELDS 8 6 7 13 5 3 13 9 15 5 7 5 12 12 10 15 5 8 14 5 10 6 8 13 4 14 10 9 6 6 10 7 13 6 9 15 8 15 10 7 7 15 11 5 11 10 10 15 10 5 8 1 15 9 9 10 8 9 5 10 8 9 12 3 1 10 12 15 10 3 5 7 15 10 2 10 3 7 13 4 9 8 6 7 6 9 10 5 15 14 5 11 8 10 10 5 8 3 11 6
DISPLAY 1 0 9
POSITION 0 2 9
POSITION 1 5 5
POSITION 2 2 9
POSITION 3 2 1
PLAYER 3
.
END 16
.
