MESSAGE OK
PLAYER 0
LEVEL 7
SIZE 15 6
DISPLAYS 19
MAXTICK 35
.
TICK 0
FIELDS 13 3 1 5 15 10 13 7 15 15 10 5 8 15 2 12 9 10 11 5 14 3 5 9 3 5 11 3 2 2 10 15 12 4 3 13 7 5 14 5 15 10 6 14 4 10 13 6 12 5 12 5 5 12 3 11 4 2 5 3 8 9 5 6 10 9 5 13 12 14 7 9 13 11 5 2 4 3 4 5 10 10 5 13 5 10 9 4 10 12
DISPLAY 0 7 4
DISPLAY 1 11 1
DISPLAY 2 13 3
DISPLAY 3 2 1
DISPLAY 4 13 5
DISPLAY 5 2 0
DISPLAY 6 3 0
DISPLAY 7 11 0
DISPLAY 8 5 2
DISPLAY 9 12 3
DISPLAY 10 8 2
DISPLAY 11 3 5
DISPLAY 12 14 4
DISPLAY 13 4 0
DISPLAY 14 8 4
DISPLAY 15 10 5
DISPLAY 16 14 5
DISPLAY 17 1 2
DISPLAY 18 0 0
POSITION 0 2 5
POSITION 1 9 0
POSITION 2 8 3
POSITION 3 13 4
PLAYER 0
MESSAGE OK
TARGET 18
EXTRAFIELD 15
.
TICK 0
FIELDS 15 3 1 5 15 10 13 7 15 15 10 5 8 15 2 13 9 10 11 5 14 3 5 9 3 5 11 3 2 2 12 15 12 4 3 13 7 5 14 5 15 10 6 14 4 10 13 6 12 5 12 5 5 12 3 11 4 2 5 3 10 9 5 6 10 9 5 13 12 14 7 9 13 11 5 8 4 3 4 5 10 10 5 13 5 10 9 4 10 12
DISPLAY 0 7 4
DISPLAY 1 11 1
DISPLAY 2 13 3
DISPLAY 3 2 1
DISPLAY 4 13 5
DISPLAY 5 2 0
DISPLAY 6 3 0
DISPLAY 7 11 0
DISPLAY 8 5 2
DISPLAY 9 12 3
DISPLAY 10 8 2
DISPLAY 11 3 5
DISPLAY 12 14 4
DISPLAY 13 4 0
DISPLAY 14 8 4
DISPLAY 15 10 5
DISPLAY 16 14 5
DISPLAY 17 1 2
DISPLAY 18 0 1
POSITION 0 1 2
POSITION 1 9 0
POSITION 2 8 3
POSITION 3 13 4
PLAYER 1
.
TICK 0
FIELDS 15 3 10 5 15 10 13 7 15 15 10 5 8 15 2 13 9 12 11 5 14 3 5 9 3 5 11 3 2 2 12 15 6 4 3 13 7 5 14 5 15 10 6 14 4 10 13 5 12 5 12 5 5 12 3 11 4 2 5 3 10 9 3 6 10 9 5 13 12 14 7 9 13 11 5 8 4 15 4 5 10 10 5 13 5 10 9 4 10 12
DISPLAY 0 7 4
DISPLAY 1 11 1
DISPLAY 2 13 3
DISPLAY 3 2 0
DISPLAY 4 13 5
DISPLAY 5 2 5
DISPLAY 6 3 0
DISPLAY 7 11 0
DISPLAY 8 5 2
DISPLAY 9 12 3
DISPLAY 10 8 2
DISPLAY 11 3 5
DISPLAY 12 14 4
DISPLAY 13 4 0
DISPLAY 14 8 4
DISPLAY 15 10 5
DISPLAY 16 14 5
DISPLAY 17 1 2
DISPLAY 18 0 1
POSITION 0 1 2
POSITION 1 9 0
POSITION 2 8 3
POSITION 3 13 4
PLAYER 2
.
TICK 0
FIELDS 15 3 10 5 15 10 13 7 15 15 10 5 8 15 2 9 12 11 5 14 3 5 9 3 5 11 3 2 2 15 12 15 6 4 3 13 7 5 14 5 15 10 6 14 4 10 13 5 12 5 12 5 5 12 3 11 4 2 5 3 10 9 3 6 10 9 5 13 12 14 7 9 13 11 5 8 4 15 4 5 10 10 5 13 5 10 9 4 10 12
DISPLAY 0 7 4
DISPLAY 1 10 1
DISPLAY 2 13 3
DISPLAY 3 2 0
DISPLAY 4 13 5
DISPLAY 5 2 5
DISPLAY 6 3 0
DISPLAY 7 11 0
DISPLAY 8 5 2
DISPLAY 9 12 3
DISPLAY 10 8 2
DISPLAY 11 3 5
DISPLAY 12 14 4
DISPLAY 13 4 0
DISPLAY 14 8 4
DISPLAY 15 10 5
DISPLAY 16 14 5
DISPLAY 17 1 2
DISPLAY 18 14 1
POSITION 0 1 2
POSITION 1 9 0
POSITION 2 10 0
POSITION 3 13 4
PLAYER 3
.
TICK 1
FIELDS 15 3 10 5 15 10 13 7 15 15 10 5 15 15 2 9 12 11 5 14 3 5 9 3 5 11 3 8 2 15 12 15 6 4 3 13 7 5 14 5 15 10 2 14 4 10 13 5 12 5 12 5 5 12 3 11 4 6 5 3 10 9 3 6 10 9 5 13 12 14 7 9 2 11 5 8 4 15 4 5 10 10 5 13 5 10 9 13 10 12
DISPLAY 0 7 4
DISPLAY 1 10 1
DISPLAY 2 13 3
DISPLAY 3 2 0
DISPLAY 4 13 5
DISPLAY 5 2 5
DISPLAY 6 3 0
DISPLAY 7 11 0
DISPLAY 8 5 2
DISPLAY 9 12 4
DISPLAY 10 8 2
DISPLAY 11 3 5
DISPLAY 12 14 4
DISPLAY 13 4 0
DISPLAY 14 8 4
DISPLAY 15 10 5
DISPLAY 16 14 5
DISPLAY 17 1 2
DISPLAY 18 14 1
POSITION 0 1 2
POSITION 1 9 0
POSITION 2 10 0
POSITION 3 13 4
PLAYER 0
MESSAGE OK
TARGET 18
EXTRAFIELD 2
.
TICK 1
FIELDS 2 3 10 5 15 10 13 7 15 15 10 5 15 15 2 15 12 11 5 14 3 5 9 3 5 11 3 8 2 15 9 15 6 4 3 13 7 5 14 5 15 10 2 14 4 12 13 5 12 5 12 5 5 12 3 11 4 6 5 3 10 9 3 6 10 9 5 13 12 14 7 9 2 11 5 10 4 15 4 5 10 10 5 13 5 10 9 13 10 12
DISPLAY 0 7 4
DISPLAY 1 10 1
DISPLAY 2 13 3
DISPLAY 3 2 0
DISPLAY 4 13 5
DISPLAY 5 2 5
DISPLAY 6 3 0
DISPLAY 7 11 0
DISPLAY 8 5 2
DISPLAY 9 12 4
DISPLAY 10 8 2
DISPLAY 11 3 5
DISPLAY 12 14 4
DISPLAY 13 4 0
DISPLAY 14 8 4
DISPLAY 15 10 5
DISPLAY 16 14 5
DISPLAY 17 1 2
DISPLAY 18 14 1
POSITION 0 0 1
POSITION 1 9 0
POSITION 2 10 0
POSITION 3 13 4
PLAYER 1
.
TICK 1
FIELDS 2 3 10 5 15 10 13 7 15 15 10 5 15 15 2 15 12 11 5 14 3 5 9 3 5 11 3 8 2 15 9 15 6 4 3 13 7 5 14 5 15 10 2 14 4 1 12 13 5 12 5 12 5 5 12 3 11 4 6 5 10 9 3 6 10 9 5 13 12 14 7 9 2 11 5 10 4 15 4 5 10 10 5 13 5 10 9 13 10 12
DISPLAY 0 7 4
DISPLAY 1 10 1
DISPLAY 2 14 3
DISPLAY 3 2 0
DISPLAY 4 13 5
DISPLAY 5 2 5
DISPLAY 6 3 0
DISPLAY 7 11 0
DISPLAY 8 5 2
DISPLAY 9 12 4
DISPLAY 10 8 2
DISPLAY 11 3 5
DISPLAY 12 14 4
DISPLAY 13 4 0
DISPLAY 14 8 4
DISPLAY 15 10 5
DISPLAY 16 14 5
DISPLAY 17 1 2
DISPLAY 18 14 1
POSITION 0 0 1
POSITION 1 9 0
POSITION 2 10 0
POSITION 3 13 4
PLAYER 2
.
TICK 1
FIELDS 2 3 10 5 15 10 13 7 15 13 10 5 15 15 2 15 12 11 5 14 3 5 9 3 15 11 3 8 2 15 9 15 6 4 3 13 7 5 14 5 15 10 2 14 4 1 12 13 5 12 5 12 5 5 5 3 11 4 6 5 10 9 3 6 10 9 5 13 12 12 7 9 2 11 5 10 4 15 4 5 10 10 5 13 14 10 9 13 10 12
DISPLAY 0 7 4
DISPLAY 1 10 1
DISPLAY 2 14 3
DISPLAY 3 2 0
DISPLAY 4 13 5
DISPLAY 5 2 5
DISPLAY 6 3 0
DISPLAY 8 5 2
DISPLAY 9 12 4
DISPLAY 10 8 2
DISPLAY 11 3 5
DISPLAY 12 14 4
DISPLAY 13 4 0
DISPLAY 14 8 4
DISPLAY 15 10 5
DISPLAY 16 14 5
DISPLAY 17 1 2
DISPLAY 18 14 1
POSITION 0 0 1
POSITION 1 9 1
POSITION 2 11 0
POSITION 3 13 4
PLAYER 3
.
TICK 2
FIELDS 2 3 10 5 15 10 13 7 15 13 10 5 8 15 2 15 12 11 5 14 3 5 9 3 15 11 3 2 2 15 9 15 6 4 3 13 7 5 14 5 15 10 4 14 4 1 12 13 5 12 5 12 5 5 5 3 11 2 6 5 10 9 3 6 10 9 5 13 12 12 7 9 13 11 5 10 4 15 4 5 10 10 5 13 14 10 9 4 10 12
DISPLAY 0 7 4
DISPLAY 1 10 1
DISPLAY 2 14 3
DISPLAY 3 2 0
DISPLAY 4 13 5
DISPLAY 5 2 5
DISPLAY 6 3 0
DISPLAY 8 5 2
DISPLAY 9 12 3
DISPLAY 10 8 2
DISPLAY 11 3 5
DISPLAY 12 14 4
DISPLAY 13 4 0
DISPLAY 14 8 4
DISPLAY 15 10 5
DISPLAY 16 14 5
DISPLAY 17 1 2
DISPLAY 18 14 1
POSITION 0 0 1
POSITION 1 9 1
POSITION 2 11 0
POSITION 3 13 4
PLAYER 0
MESSAGE OK
TARGET 18
EXTRAFIELD 8
.
TICK 2
FIELDS 2 3 10 5 15 10 13 7 15 13 10 5 8 15 2 8 15 12 11 5 14 3 5 9 3 15 11 3 2 2 9 15 6 4 3 13 7 5 14 5 15 10 4 14 4 1 12 13 5 12 5 12 5 5 5 3 11 2 6 5 10 9 3 6 10 9 5 13 12 12 7 9 13 11 5 10 4 15 4 5 10 10 5 13 14 10 9 4 10 12
DISPLAY 0 7 4
DISPLAY 1 11 1
DISPLAY 2 14 3
DISPLAY 3 2 0
DISPLAY 4 13 5
DISPLAY 5 2 5
DISPLAY 6 3 0
DISPLAY 8 5 2
DISPLAY 9 12 3
DISPLAY 10 8 2
DISPLAY 11 3 5
DISPLAY 12 14 4
DISPLAY 13 4 0
DISPLAY 14 8 4
DISPLAY 15 10 5
DISPLAY 16 14 5
DISPLAY 17 1 2
POSITION 0 0 1
POSITION 1 10 1
POSITION 2 11 0
POSITION 3 13 4
PLAYER 1
.
TICK 2
FIELDS 2 3 10 5 15 10 13 7 15 13 10 5 8 15 2 8 15 12 11 5 14 3 5 9 3 15 11 3 2 2 9 15 6 4 3 13 7 5 14 5 15 10 4 14 4 1 12 13 5 12 5 12 5 5 5 3 11 2 6 5 3 10 9 3 6 10 9 5 13 12 12 7 9 13 11 10 4 15 4 5 10 10 5 13 14 10 9 4 10 12
DISPLAY 0 8 4
DISPLAY 1 11 1
DISPLAY 2 14 3
DISPLAY 3 2 0
DISPLAY 4 13 5
DISPLAY 5 2 5
DISPLAY 6 3 0
DISPLAY 8 5 2
DISPLAY 9 12 3
DISPLAY 10 8 2
DISPLAY 11 3 5
DISPLAY 12 0 4
DISPLAY 13 4 0
DISPLAY 14 9 4
DISPLAY 15 10 5
DISPLAY 16 14 5
DISPLAY 17 1 2
POSITION 0 0 1
POSITION 1 10 1
POSITION 2 11 0
POSITION 3 14 4
PLAYER 2
.
TICK 2
FIELDS 2 3 10 5 15 10 13 7 15 13 10 11 8 15 2 8 15 12 11 5 14 3 5 9 3 15 10 3 2 2 9 15 6 4 3 13 7 5 14 5 15 11 4 14 4 1 12 13 5 12 5 12 5 5 5 3 7 2 6 5 3 10 9 3 6 10 9 5 13 12 12 9 9 13 11 10 4 15 4 5 10 10 5 13 14 10 5 4 10 12
DISPLAY 0 8 4
DISPLAY 1 11 0
DISPLAY 2 14 3
DISPLAY 3 2 0
DISPLAY 4 13 5
DISPLAY 5 2 5
DISPLAY 6 3 0
DISPLAY 8 5 2
DISPLAY 9 12 3
DISPLAY 10 8 2
DISPLAY 11 3 5
DISPLAY 12 0 4
DISPLAY 13 4 0
DISPLAY 14 9 4
DISPLAY 15 10 5
DISPLAY 16 14 5
DISPLAY 17 1 2
POSITION 0 0 1
POSITION 1 10 1
POSITION 2 11 5
POSITION 3 14 4
PLAYER 3
.
TICK 3
FIELDS 2 3 10 5 15 10 13 7 15 13 10 11 15 15 2 8 15 12 11 5 14 3 5 9 3 15 10 8 2 2 9 15 6 4 3 13 7 5 14 5 15 11 3 14 4 1 12 13 5 12 5 12 5 5 5 3 7 4 6 5 3 10 9 3 6 10 9 5 13 12 12 9 2 13 11 10 4 15 4 5 10 10 5 13 14 10 5 9 10 12
DISPLAY 0 8 4
DISPLAY 1 11 0
DISPLAY 2 14 3
DISPLAY 3 2 0
DISPLAY 4 13 5
DISPLAY 5 2 5
DISPLAY 6 3 0
DISPLAY 8 5 2
DISPLAY 9 12 4
DISPLAY 10 8 2
DISPLAY 11 3 5
DISPLAY 12 0 4
DISPLAY 13 4 0
DISPLAY 14 9 4
DISPLAY 15 10 5
DISPLAY 16 14 5
DISPLAY 17 1 2
POSITION 0 0 1
POSITION 1 10 1
POSITION 2 11 5
POSITION 3 14 4
PLAYER 0
MESSAGE OK
TARGET 9
EXTRAFIELD 15
.
TICK 3
FIELDS 2 3 10 5 15 10 13 7 15 13 10 11 8 15 2 8 15 12 11 5 14 3 5 9 3 15 10 3 2 2 9 15 6 4 3 13 7 5 14 5 15 11 4 14 4 1 12 13 5 12 5 12 5 5 5 3 7 2 6 5 3 10 9 3 6 10 9 5 13 12 12 9 9 13 11 10 4 15 4 5 10 10 5 13 14 10 5 15 10 12
DISPLAY 0 8 4
DISPLAY 1 11 0
DISPLAY 2 14 3
DISPLAY 3 2 0
DISPLAY 4 13 5
DISPLAY 5 2 5
DISPLAY 6 3 0
DISPLAY 8 5 2
DISPLAY 9 12 3
DISPLAY 10 8 2
DISPLAY 11 3 5
DISPLAY 12 0 4
DISPLAY 13 4 0
DISPLAY 14 9 4
DISPLAY 15 10 5
DISPLAY 16 14 5
DISPLAY 17 1 2
POSITION 0 0 2
POSITION 1 10 1
POSITION 2 11 5
POSITION 3 14 4
PLAYER 1
.
TICK 3
FIELDS 2 3 10 5 15 10 13 7 15 13 10 11 8 15 2 8 15 12 5 5 14 3 5 9 3 15 10 3 2 2 9 15 6 11 3 13 7 5 14 5 15 11 4 14 4 1 12 13 4 12 5 12 5 5 5 3 7 2 6 5 3 10 9 5 6 10 9 5 13 12 12 9 9 13 11 10 4 15 3 5 10 10 5 13 14 10 5 15 10 12
DISPLAY 0 8 4
DISPLAY 1 11 0
DISPLAY 2 14 3
DISPLAY 3 2 0
DISPLAY 4 13 5
DISPLAY 5 2 5
DISPLAY 6 3 1
DISPLAY 8 5 2
DISPLAY 9 12 3
DISPLAY 10 8 2
DISPLAY 11 3 0
DISPLAY 12 0 4
DISPLAY 13 4 0
DISPLAY 14 9 4
DISPLAY 15 10 5
DISPLAY 16 14 5
DISPLAY 17 1 2
POSITION 0 0 2
POSITION 1 10 1
POSITION 2 11 5
POSITION 3 14 4
PLAYER 2
.
TICK 3
FIELDS 2 3 10 5 15 10 13 7 15 13 10 5 8 15 2 8 15 12 5 5 14 3 5 9 3 15 11 3 2 2 9 15 6 11 3 13 7 5 14 5 15 10 4 14 4 1 12 13 4 12 5 12 5 5 5 3 11 2 6 5 3 10 9 5 6 10 9 5 13 12 12 7 9 13 11 10 4 15 3 5 10 10 5 13 14 10 9 15 10 12
DISPLAY 0 8 4
DISPLAY 1 11 1
DISPLAY 2 14 3
DISPLAY 3 2 0
DISPLAY 4 13 5
DISPLAY 5 2 5
DISPLAY 6 3 1
DISPLAY 8 5 2
DISPLAY 9 12 3
DISPLAY 10 8 2
DISPLAY 11 3 0
DISPLAY 12 0 4
DISPLAY 13 4 0
DISPLAY 14 9 4
DISPLAY 15 10 5
DISPLAY 16 14 5
DISPLAY 17 1 2
POSITION 0 0 2
POSITION 1 10 1
POSITION 2 11 0
POSITION 3 14 4
PLAYER 3
.
TICK 4
FIELDS 2 3 10 5 15 10 13 7 15 13 10 5 3 15 2 8 15 12 5 5 14 3 5 9 3 15 11 4 2 2 9 15 6 11 3 13 7 5 14 5 15 10 2 14 4 1 12 13 4 12 5 12 5 5 5 3 11 9 6 5 3 10 9 5 6 10 9 5 13 12 12 7 15 13 11 10 4 15 3 5 10 10 5 13 14 10 9 4 10 12
DISPLAY 0 8 4
DISPLAY 1 11 1
DISPLAY 2 14 3
DISPLAY 3 2 0
DISPLAY 4 13 5
DISPLAY 5 2 5
DISPLAY 6 3 1
DISPLAY 8 5 2
DISPLAY 9 12 2
DISPLAY 10 8 2
DISPLAY 11 3 0
DISPLAY 12 0 4
DISPLAY 13 4 0
DISPLAY 14 9 4
DISPLAY 15 10 5
DISPLAY 16 14 5
DISPLAY 17 1 2
POSITION 0 0 2
POSITION 1 10 1
POSITION 2 11 0
POSITION 3 14 4
PLAYER 0
MESSAGE OK
TARGET 9
EXTRAFIELD 15
.
TICK 4
FIELDS 2 3 10 5 15 10 13 7 15 13 10 5 3 15 2 8 15 12 5 5 14 3 5 9 3 15 11 4 2 2 15 6 11 3 13 7 5 14 5 15 10 2 14 4 15 1 12 13 4 12 5 12 5 5 5 3 11 9 6 5 3 10 9 5 6 10 9 5 13 12 12 7 15 13 11 10 4 15 3 5 10 10 5 13 14 10 9 4 10 12
DISPLAY 0 8 4
DISPLAY 1 11 1
DISPLAY 2 14 3
DISPLAY 3 2 0
DISPLAY 4 13 5
DISPLAY 5 2 5
DISPLAY 6 3 1
DISPLAY 8 4 2
DISPLAY 9 11 2
DISPLAY 10 7 2
DISPLAY 11 3 0
DISPLAY 12 0 4
DISPLAY 13 4 0
DISPLAY 14 9 4
DISPLAY 15 10 5
DISPLAY 16 14 5
DISPLAY 17 0 2
POSITION 0 12 2
POSITION 1 10 1
POSITION 2 11 0
POSITION 3 14 4
PLAYER 1
.
TICK 4
FIELDS 2 3 10 5 15 10 13 7 15 13 10 5 3 15 2 8 15 12 5 5 14 3 5 9 3 15 11 4 2 2 4 15 6 11 3 13 7 5 14 5 15 10 2 14 4 1 12 13 4 12 5 12 5 5 5 3 11 9 6 5 3 10 9 5 6 10 9 5 13 12 12 7 15 13 11 10 4 15 3 5 10 10 5 13 14 10 9 4 10 12
DISPLAY 0 8 4
DISPLAY 1 11 1
DISPLAY 2 14 3
DISPLAY 3 2 0
DISPLAY 4 13 5
DISPLAY 5 2 5
DISPLAY 6 3 1
DISPLAY 8 5 2
DISPLAY 9 12 2
DISPLAY 10 8 2
DISPLAY 11 3 0
DISPLAY 12 0 4
DISPLAY 13 4 0
DISPLAY 14 9 4
DISPLAY 15 10 5
DISPLAY 16 14 5
DISPLAY 17 1 2
POSITION 0 13 2
POSITION 1 10 1
POSITION 2 11 0
POSITION 3 14 4
PLAYER 2
.
TICK 4
FIELDS 2 3 10 5 15 10 13 7 15 13 10 11 3 15 2 8 15 12 5 5 14 3 5 9 3 15 10 4 2 2 4 15 6 11 3 13 7 5 14 5 15 11 2 14 4 1 12 13 4 12 5 12 5 5 5 3 7 9 6 5 3 10 9 5 6 10 9 5 13 12 12 9 15 13 11 10 4 15 3 5 10 10 5 13 14 10 5 4 10 12
DISPLAY 0 8 4
DISPLAY 1 11 0
DISPLAY 2 14 3
DISPLAY 3 2 0
DISPLAY 4 13 5
DISPLAY 5 2 5
DISPLAY 6 3 1
DISPLAY 8 5 2
DISPLAY 9 12 2
DISPLAY 10 8 2
DISPLAY 11 3 0
DISPLAY 12 0 4
DISPLAY 13 4 0
DISPLAY 14 9 4
DISPLAY 15 10 5
DISPLAY 16 14 5
DISPLAY 17 1 2
POSITION 0 13 2
POSITION 1 10 1
POSITION 2 11 5
POSITION 3 14 4
PLAYER 3
.
TICK 5
FIELDS 2 3 10 5 15 10 13 7 15 13 10 11 8 15 2 8 15 12 5 5 14 3 5 9 3 15 10 3 2 2 4 15 6 11 3 13 7 5 14 5 15 11 4 14 4 1 12 13 4 12 5 12 5 5 5 3 7 2 6 5 3 10 9 5 6 10 9 5 13 12 12 9 9 13 11 10 4 15 3 5 10 10 5 13 14 10 5 15 10 12
DISPLAY 0 8 4
DISPLAY 1 11 0
DISPLAY 2 14 3
DISPLAY 3 2 0
DISPLAY 4 13 5
DISPLAY 5 2 5
DISPLAY 6 3 1
DISPLAY 8 5 2
DISPLAY 9 12 3
DISPLAY 10 8 2
DISPLAY 11 3 0
DISPLAY 12 0 4
DISPLAY 13 4 0
DISPLAY 14 9 4
DISPLAY 15 10 5
DISPLAY 16 14 5
DISPLAY 17 1 2
POSITION 0 13 2
POSITION 1 10 1
POSITION 2 11 5
POSITION 3 14 4
PLAYER 0
MESSAGE OK
TARGET 9
EXTRAFIELD 9
.
TICK 5
FIELDS 2 3 10 5 15 10 13 7 15 13 10 11 3 15 2 8 15 12 5 5 14 3 5 9 3 15 10 4 2 2 4 15 6 11 3 13 7 5 14 5 15 11 2 14 4 1 12 13 4 12 5 12 5 5 5 3 7 9 6 5 3 10 9 5 6 10 9 5 13 12 12 9 15 13 11 10 4 15 3 5 10 10 5 13 14 10 5 9 10 12
DISPLAY 0 8 4
DISPLAY 1 11 0
DISPLAY 2 14 3
DISPLAY 3 2 0
DISPLAY 4 13 5
DISPLAY 5 2 5
DISPLAY 6 3 1
DISPLAY 8 5 2
DISPLAY 9 12 2
DISPLAY 10 8 2
DISPLAY 11 3 0
DISPLAY 12 0 4
DISPLAY 13 4 0
DISPLAY 14 9 4
DISPLAY 15 10 5
DISPLAY 16 14 5
DISPLAY 17 1 2
POSITION 0 13 2
POSITION 1 10 1
POSITION 2 11 5
POSITION 3 14 4
PLAYER 1
.
TICK 5
FIELDS 2 3 10 5 15 10 13 7 15 13 10 11 3 15 2 8 15 12 5 5 14 3 5 9 3 15 10 4 2 2 4 15 6 11 3 13 7 5 14 5 15 11 2 14 4 12 13 4 12 5 12 5 5 5 3 7 9 6 5 15 3 10 9 5 6 10 9 5 13 12 12 9 15 13 11 10 4 15 3 5 10 10 5 13 14 10 5 9 10 12
DISPLAY 0 8 4
DISPLAY 1 11 0
DISPLAY 2 13 3
DISPLAY 3 2 0
DISPLAY 4 13 5
DISPLAY 5 2 5
DISPLAY 6 3 1
DISPLAY 8 5 2
DISPLAY 9 12 2
DISPLAY 10 8 2
DISPLAY 11 3 0
DISPLAY 12 0 4
DISPLAY 13 4 0
DISPLAY 14 9 4
DISPLAY 15 10 5
DISPLAY 16 14 5
DISPLAY 17 1 2
POSITION 0 13 2
POSITION 1 10 1
POSITION 2 11 5
POSITION 3 14 4
PLAYER 2
.
TICK 5
FIELDS 2 3 10 5 15 10 13 7 15 13 10 5 3 15 2 8 15 12 5 5 14 3 5 9 3 15 11 4 2 2 4 15 6 11 3 13 7 5 14 5 15 10 2 14 4 12 13 4 12 5 12 5 5 5 3 7 11 6 5 15 3 10 9 5 6 10 9 5 13 12 12 9 15 13 11 10 4 15 3 5 10 10 5 13 14 10 9 9 10 12
DISPLAY 0 8 4
DISPLAY 1 11 1
DISPLAY 2 13 3
DISPLAY 3 2 0
DISPLAY 4 13 5
DISPLAY 5 2 5
DISPLAY 6 3 1
DISPLAY 8 5 2
DISPLAY 9 12 2
DISPLAY 10 8 2
DISPLAY 11 3 0
DISPLAY 12 0 4
DISPLAY 13 4 0
DISPLAY 14 9 4
DISPLAY 15 10 5
DISPLAY 16 14 5
DISPLAY 17 1 2
POSITION 0 13 2
POSITION 1 10 1
POSITION 2 11 0
POSITION 3 14 4
PLAYER 3
.
TICK 6
FIELDS 2 3 10 5 15 10 13 7 15 13 10 5 4 15 2 8 15 12 5 5 14 3 5 9 3 15 11 2 2 2 4 15 6 11 3 13 7 5 14 5 15 10 6 14 4 12 13 4 12 5 12 5 5 5 3 7 11 15 5 15 3 10 9 5 6 10 9 5 13 12 12 9 9 13 11 10 4 15 3 5 10 10 5 13 14 10 9 4 10 12
DISPLAY 0 8 4
DISPLAY 1 11 1
DISPLAY 2 13 3
DISPLAY 3 2 0
DISPLAY 4 13 5
DISPLAY 5 2 5
DISPLAY 6 3 1
DISPLAY 8 5 2
DISPLAY 9 12 1
DISPLAY 10 8 2
DISPLAY 11 3 0
DISPLAY 12 0 4
DISPLAY 13 4 0
DISPLAY 14 9 4
DISPLAY 15 10 5
DISPLAY 16 14 5
DISPLAY 17 1 2
POSITION 0 13 2
POSITION 1 10 1
POSITION 2 11 0
POSITION 3 14 4
PLAYER 0
MESSAGE OK
TARGET 9
EXTRAFIELD 8
.
TICK 6
FIELDS 2 3 10 5 15 10 13 7 15 13 10 5 4 2 2 8 15 12 5 5 14 3 5 9 3 15 11 2 14 2 4 15 6 11 3 13 7 5 14 5 15 10 6 5 4 12 13 4 12 5 12 5 5 5 3 7 11 15 13 15 3 10 9 5 6 10 9 5 13 12 12 9 9 10 11 10 4 15 3 5 10 10 5 13 14 10 9 4 8 12
DISPLAY 0 8 4
DISPLAY 1 11 1
DISPLAY 2 13 2
DISPLAY 3 2 0
DISPLAY 4 13 4
DISPLAY 5 2 5
DISPLAY 6 3 1
DISPLAY 8 5 2
DISPLAY 10 8 2
DISPLAY 11 3 0
DISPLAY 12 0 4
DISPLAY 13 4 0
DISPLAY 14 9 4
DISPLAY 15 10 5
DISPLAY 16 14 5
DISPLAY 17 1 2
POSITION 0 12 1
POSITION 1 10 1
POSITION 2 11 0
POSITION 3 14 4
PLAYER 1
.
TICK 6
FIELDS 2 3 10 5 15 10 13 7 15 13 10 5 4 2 1 8 15 12 5 5 14 3 5 9 3 15 11 2 14 2 4 15 6 11 3 13 7 5 14 5 15 10 6 5 2 12 13 4 12 5 12 5 5 5 3 7 11 15 13 4 3 10 9 5 6 10 9 5 13 12 12 9 9 10 15 10 4 15 3 5 10 10 5 13 14 10 9 4 8 11
DISPLAY 0 8 4
DISPLAY 1 11 1
DISPLAY 2 13 2
DISPLAY 3 2 0
DISPLAY 5 2 5
DISPLAY 6 3 1
DISPLAY 8 5 2
DISPLAY 10 8 2
DISPLAY 11 3 0
DISPLAY 12 0 4
DISPLAY 13 4 0
DISPLAY 14 9 4
DISPLAY 15 10 5
DISPLAY 16 14 0
DISPLAY 17 1 2
POSITION 0 12 1
POSITION 1 13 4
POSITION 2 11 0
POSITION 3 14 5
PLAYER 2
.
TICK 6
FIELDS 2 3 10 5 15 10 13 7 15 13 10 11 4 2 1 8 15 12 5 5 14 3 5 9 3 15 10 2 14 2 4 15 6 11 3 13 7 5 14 5 15 11 6 5 2 12 13 4 12 5 12 5 5 5 3 7 9 15 13 4 3 10 9 5 6 10 9 5 13 12 12 9 9 10 15 10 4 15 3 5 10 10 5 13 14 10 5 4 8 11
DISPLAY 0 8 4
DISPLAY 1 11 0
DISPLAY 2 13 2
DISPLAY 3 2 0
DISPLAY 5 2 5
DISPLAY 6 3 1
DISPLAY 8 5 2
DISPLAY 10 8 2
DISPLAY 11 3 0
DISPLAY 12 0 4
DISPLAY 13 4 0
DISPLAY 14 9 4
DISPLAY 15 10 5
DISPLAY 16 14 0
DISPLAY 17 1 2
POSITION 0 12 1
POSITION 1 13 4
POSITION 2 11 5
POSITION 3 14 5
PLAYER 3
.
TICK 7
FIELDS 2 3 10 5 15 10 13 7 15 13 10 11 3 2 1 8 15 12 5 5 14 3 5 9 3 15 10 4 14 2 4 15 6 11 3 13 7 5 14 5 15 11 2 5 2 12 13 4 12 5 12 5 5 5 3 7 9 6 13 4 3 10 9 5 6 10 9 5 13 12 12 9 15 10 15 10 4 15 3 5 10 10 5 13 14 10 5 9 8 11
DISPLAY 0 8 4
DISPLAY 1 11 0
DISPLAY 2 13 2
DISPLAY 3 2 0
DISPLAY 5 2 5
DISPLAY 6 3 1
DISPLAY 8 5 2
DISPLAY 10 8 2
DISPLAY 11 3 0
DISPLAY 12 0 4
DISPLAY 13 4 0
DISPLAY 14 9 4
DISPLAY 15 10 5
DISPLAY 16 14 0
DISPLAY 17 1 2
POSITION 0 12 2
POSITION 1 13 4
POSITION 2 11 5
POSITION 3 14 5
PLAYER 0
MESSAGE OK
TARGET 2
EXTRAFIELD 15
.
TICK 7
FIELDS 2 3 10 5 15 10 13 7 15 13 10 11 3 2 1 8 15 12 5 5 14 3 5 9 3 15 10 4 14 2 4 15 6 11 3 13 7 5 14 5 15 11 2 5 2 12 13 4 12 5 12 5 5 5 3 7 9 6 13 4 10 9 5 6 10 9 5 13 12 12 9 15 10 15 15 10 4 15 3 5 10 10 5 13 14 10 5 9 8 11
DISPLAY 0 7 4
DISPLAY 1 11 0
DISPLAY 3 2 0
DISPLAY 5 2 5
DISPLAY 6 3 1
DISPLAY 8 5 2
DISPLAY 10 8 2
DISPLAY 11 3 0
DISPLAY 12 14 4
DISPLAY 13 4 0
DISPLAY 14 8 4
DISPLAY 15 10 5
DISPLAY 16 14 0
DISPLAY 17 1 2
POSITION 0 13 2
POSITION 1 12 4
POSITION 2 11 5
POSITION 3 14 5
PLAYER 1
.
TICK 7
FIELDS 2 3 10 5 15 10 13 7 15 13 10 11 3 14 1 8 15 12 5 5 14 3 5 9 3 15 10 4 5 2 4 15 6 11 3 13 7 5 14 5 15 11 2 13 2 12 13 4 12 5 12 5 5 5 3 7 9 6 15 4 10 9 5 6 10 9 5 13 12 12 9 15 10 8 15 10 4 15 3 5 10 10 5 13 14 10 5 9 12 11
DISPLAY 0 7 4
DISPLAY 1 11 0
DISPLAY 3 2 0
DISPLAY 5 2 5
DISPLAY 6 3 1
DISPLAY 8 5 2
DISPLAY 10 8 2
DISPLAY 11 3 0
DISPLAY 12 14 4
DISPLAY 13 4 0
DISPLAY 14 8 4
DISPLAY 15 10 5
DISPLAY 16 14 0
DISPLAY 17 1 2
POSITION 0 13 1
POSITION 1 12 4
POSITION 2 11 5
POSITION 3 14 5
PLAYER 2
.
TICK 7
FIELDS 2 3 10 5 15 10 13 7 15 13 10 5 3 14 1 8 15 12 5 5 14 3 5 9 3 15 11 4 5 2 4 15 6 11 3 13 7 5 14 5 15 10 2 13 2 12 13 4 12 5 12 5 5 5 3 7 11 6 15 4 10 9 5 6 10 9 5 13 12 12 9 9 10 8 15 10 4 15 3 5 10 10 5 13 14 10 15 9 12 11
DISPLAY 0 7 4
DISPLAY 1 11 1
DISPLAY 3 2 0
DISPLAY 5 2 5
DISPLAY 6 3 1
DISPLAY 8 5 2
DISPLAY 10 8 2
DISPLAY 11 3 0
DISPLAY 12 14 4
DISPLAY 13 4 0
DISPLAY 14 8 4
DISPLAY 15 10 5
DISPLAY 16 14 0
DISPLAY 17 1 2
POSITION 0 13 1
POSITION 1 12 4
POSITION 2 11 0
POSITION 3 14 5
PLAYER 3
.
TICK 8
FIELDS 2 3 10 5 15 10 13 7 15 13 10 5 4 14 1 8 15 12 5 5 14 3 5 9 3 15 11 3 5 2 4 15 6 11 3 13 7 5 14 5 15 10 4 13 2 12 13 4 12 5 12 5 5 5 3 7 11 2 15 4 10 9 5 6 10 9 5 13 12 12 9 9 6 8 15 10 4 15 3 5 10 10 5 13 14 10 15 10 12 11
DISPLAY 0 7 4
DISPLAY 1 11 1
DISPLAY 3 2 0
DISPLAY 5 2 5
DISPLAY 6 3 1
DISPLAY 8 5 2
DISPLAY 10 8 2
DISPLAY 11 3 0
DISPLAY 12 14 4
DISPLAY 13 4 0
DISPLAY 14 8 4
DISPLAY 15 10 5
DISPLAY 16 14 0
DISPLAY 17 1 2
POSITION 0 13 1
POSITION 1 12 5
POSITION 2 11 0
POSITION 3 14 5
PLAYER 0
MESSAGE OK
TARGET 16
EXTRAFIELD 3
.
TICK 8
FIELDS 2 3 10 5 15 10 13 7 15 13 10 5 4 14 6 8 15 12 5 5 14 3 5 9 3 15 11 3 5 1 4 15 6 11 3 13 7 5 14 5 15 10 4 13 2 12 13 4 12 5 12 5 5 5 3 7 11 2 15 2 10 9 5 6 10 9 5 13 12 12 9 9 6 8 4 10 4 15 3 5 10 10 5 13 14 10 15 10 12 15
DISPLAY 0 7 4
DISPLAY 1 11 1
DISPLAY 3 2 0
DISPLAY 5 2 5
DISPLAY 6 3 1
DISPLAY 8 5 2
DISPLAY 10 8 2
DISPLAY 11 3 0
DISPLAY 12 14 5
DISPLAY 13 4 0
DISPLAY 14 8 4
DISPLAY 15 10 5
DISPLAY 17 1 2
POSITION 0 14 1
POSITION 1 12 5
POSITION 2 11 0
POSITION 3 14 0
PLAYER 1
.
TICK 8
FIELDS 2 3 10 5 15 10 13 7 15 13 10 5 4 14 6 15 12 5 5 14 3 5 9 3 15 11 3 5 1 2 4 15 6 11 3 13 7 5 14 5 15 10 4 13 2 12 13 4 12 5 12 5 5 5 3 7 11 2 15 2 10 9 5 6 10 9 5 13 12 12 9 9 6 8 4 10 4 15 3 5 10 10 5 13 14 10 15 10 12 15
DISPLAY 0 7 4
DISPLAY 1 10 1
DISPLAY 3 2 0
DISPLAY 5 2 5
DISPLAY 6 2 1
DISPLAY 8 5 2
DISPLAY 10 8 2
DISPLAY 11 3 0
DISPLAY 12 14 5
DISPLAY 13 4 0
DISPLAY 14 8 4
DISPLAY 15 10 5
DISPLAY 17 1 2
POSITION 0 13 1
POSITION 1 12 5
POSITION 2 11 0
POSITION 3 14 0
PLAYER 2
.
TICK 8
FIELDS 2 3 10 5 15 10 13 7 15 13 10 3 4 14 6 15 12 5 5 14 3 5 9 3 15 11 10 5 1 2 4 15 6 11 3 13 7 5 14 5 15 11 4 13 2 12 13 4 12 5 12 5 5 5 3 7 9 2 15 2 10 9 5 6 10 9 5 13 12 12 9 15 6 8 4 10 4 15 3 5 10 10 5 13 14 10 5 10 12 15
DISPLAY 0 7 4
DISPLAY 1 10 1
DISPLAY 3 2 0
DISPLAY 5 2 5
DISPLAY 6 2 1
DISPLAY 8 5 2
DISPLAY 10 8 2
DISPLAY 11 3 0
DISPLAY 12 14 5
DISPLAY 13 4 0
DISPLAY 14 8 4
DISPLAY 15 10 5
DISPLAY 17 1 2
POSITION 0 13 1
POSITION 1 12 5
POSITION 2 11 5
POSITION 3 14 0
PLAYER 3
.
TICK 9
FIELDS 2 3 10 5 15 10 13 7 15 13 10 3 5 14 6 15 12 5 5 14 3 5 9 3 15 11 10 4 1 2 4 15 6 11 3 13 7 5 14 5 15 11 2 13 2 12 13 4 12 5 12 5 5 5 3 7 9 6 15 2 10 9 5 6 10 9 5 13 12 12 9 15 10 8 4 10 4 15 3 5 10 10 5 13 14 10 5 9 12 15
DISPLAY 0 7 4
DISPLAY 1 10 1
DISPLAY 3 2 0
DISPLAY 5 2 5
DISPLAY 6 2 1
DISPLAY 8 5 2
DISPLAY 10 8 2
DISPLAY 11 3 0
DISPLAY 12 14 5
DISPLAY 13 4 0
DISPLAY 14 8 4
DISPLAY 15 10 5
DISPLAY 17 1 2
POSITION 0 13 1
POSITION 1 12 4
POSITION 2 11 5
POSITION 3 14 0
PLAYER 0
MESSAGE OK
TARGET 12
EXTRAFIELD 11
.
TICK 9
FIELDS 2 3 10 5 15 10 13 7 15 13 10 3 5 14 11 15 12 5 5 14 3 5 9 3 15 11 10 4 1 6 4 15 6 11 3 13 7 5 14 5 15 11 2 13 2 12 13 4 12 5 12 5 5 5 3 7 9 6 15 2 10 9 5 6 10 9 5 13 12 12 9 15 10 8 2 10 4 15 3 5 10 10 5 13 14 10 5 9 12 4
DISPLAY 0 7 4
DISPLAY 1 10 1
DISPLAY 3 2 0
DISPLAY 5 2 5
DISPLAY 6 2 1
DISPLAY 8 5 2
DISPLAY 10 8 2
DISPLAY 11 3 0
DISPLAY 13 4 0
DISPLAY 14 8 4
DISPLAY 15 10 5
DISPLAY 17 1 2
POSITION 0 14 0
POSITION 1 12 4
POSITION 2 11 5
POSITION 3 14 1
PLAYER 1
.
TICK 9
FIELDS 2 3 10 5 8 10 13 7 15 13 10 3 5 14 11 15 12 5 5 15 3 5 9 3 15 11 10 4 1 6 4 15 6 11 14 13 7 5 14 5 15 11 2 13 2 12 13 4 12 3 12 5 5 5 3 7 9 6 15 2 10 9 5 6 5 9 5 13 12 12 9 15 10 8 2 10 4 15 3 10 10 10 5 13 14 10 5 9 12 4
DISPLAY 0 7 4
DISPLAY 1 10 1
DISPLAY 3 2 0
DISPLAY 5 2 5
DISPLAY 6 2 1
DISPLAY 8 5 2
DISPLAY 10 8 2
DISPLAY 11 3 0
DISPLAY 13 4 1
DISPLAY 14 8 4
DISPLAY 15 10 5
DISPLAY 17 1 2
POSITION 0 14 0
POSITION 1 12 4
POSITION 2 11 5
POSITION 3 14 1
PLAYER 2
.
TICK 9
FIELDS 2 3 10 5 8 10 13 7 15 13 10 5 5 14 11 15 12 5 5 15 3 5 9 3 15 11 3 4 1 6 4 15 6 11 14 13 7 5 14 5 15 10 2 13 2 12 13 4 12 3 12 5 5 5 3 7 11 6 15 2 10 9 5 6 5 9 5 13 12 12 9 9 10 8 2 10 4 15 3 10 10 10 5 13 14 10 15 9 12 4
DISPLAY 0 7 4
DISPLAY 1 10 1
DISPLAY 3 2 0
DISPLAY 5 2 5
DISPLAY 6 2 1
DISPLAY 8 5 2
DISPLAY 10 8 2
DISPLAY 11 3 0
DISPLAY 13 4 1
DISPLAY 14 8 4
DISPLAY 15 10 5
DISPLAY 17 1 2
POSITION 0 14 0
POSITION 1 12 4
POSITION 2 11 0
POSITION 3 14 1
PLAYER 3
.
TICK 10
FIELDS 2 3 10 5 8 10 13 7 15 13 10 5 4 14 11 15 12 5 5 15 3 5 9 3 15 11 3 5 1 6 4 15 6 11 14 13 7 5 14 5 15 10 4 13 2 12 13 4 12 3 12 5 5 5 3 7 11 2 15 2 10 9 5 6 5 9 5 13 12 12 9 9 6 8 2 10 4 15 3 10 10 10 5 13 14 10 15 10 12 4
DISPLAY 0 7 4
DISPLAY 1 10 1
DISPLAY 3 2 0
DISPLAY 5 2 5
DISPLAY 6 2 1
DISPLAY 8 5 2
DISPLAY 10 8 2
DISPLAY 11 3 0
DISPLAY 13 4 1
DISPLAY 14 8 4
DISPLAY 15 10 5
DISPLAY 17 1 2
POSITION 0 14 0
POSITION 1 12 5
POSITION 2 11 0
POSITION 3 14 1
PLAYER 0
MESSAGE OK
TARGET 0
EXTRAFIELD 15
.
TICK 10
FIELDS 2 3 10 5 8 10 13 7 15 13 10 5 4 14 11 15 12 5 5 15 3 5 9 3 15 11 3 5 1 6 4 15 6 11 14 13 7 5 14 5 15 10 4 13 2 12 13 4 12 3 12 5 5 5 3 7 11 2 15 2 15 10 9 5 6 5 9 5 13 12 12 9 9 6 8 10 4 15 3 10 10 10 5 13 14 10 15 10 12 4
DISPLAY 0 8 4
DISPLAY 1 10 1
DISPLAY 3 2 0
DISPLAY 5 2 5
DISPLAY 6 2 1
DISPLAY 8 5 2
DISPLAY 10 8 2
DISPLAY 11 3 0
DISPLAY 13 4 1
DISPLAY 14 9 4
DISPLAY 15 10 5
DISPLAY 17 1 2
POSITION 0 13 0
POSITION 1 12 5
POSITION 2 11 0
POSITION 3 14 1
PLAYER 1
.
TICK 10
FIELDS 2 3 10 5 8 10 13 7 15 13 10 5 4 14 11 15 12 5 5 15 3 5 9 3 15 11 3 5 1 6 4 15 6 11 14 13 7 5 14 5 15 10 4 13 2 5 12 13 4 12 3 12 5 5 5 3 7 11 2 15 15 10 9 5 6 5 9 5 13 12 12 9 9 6 8 10 4 15 3 10 10 10 5 13 14 10 15 10 12 4
DISPLAY 0 8 4
DISPLAY 1 10 1
DISPLAY 3 2 0
DISPLAY 5 2 5
DISPLAY 6 2 1
DISPLAY 8 5 2
DISPLAY 10 8 2
DISPLAY 11 3 0
DISPLAY 13 4 1
DISPLAY 14 9 4
DISPLAY 15 10 5
DISPLAY 17 1 2
POSITION 0 13 0
POSITION 1 12 5
POSITION 2 11 0
POSITION 3 14 1
PLAYER 2
.
TICK 10
FIELDS 2 3 10 5 8 10 13 7 15 13 10 3 4 14 11 15 12 5 5 15 3 5 9 3 15 11 10 5 1 6 4 15 6 11 14 13 7 5 14 5 15 7 4 13 2 5 12 13 4 12 3 12 5 5 5 3 9 11 2 15 15 10 9 5 6 5 9 5 13 12 12 15 9 6 8 10 4 15 3 10 10 10 5 13 14 10 5 10 12 4
DISPLAY 0 8 4
DISPLAY 1 10 1
DISPLAY 3 2 0
DISPLAY 5 2 5
DISPLAY 6 2 1
DISPLAY 8 5 2
DISPLAY 10 8 2
DISPLAY 11 3 0
DISPLAY 13 4 1
DISPLAY 14 9 4
DISPLAY 15 10 5
DISPLAY 17 1 2
POSITION 0 13 0
POSITION 1 12 5
POSITION 2 11 5
POSITION 3 14 1
PLAYER 3
.
TICK 11
FIELDS 2 3 10 5 8 10 13 7 15 13 10 3 9 14 11 15 12 5 5 15 3 5 9 3 15 11 10 4 1 6 4 15 6 11 14 13 7 5 14 5 15 7 5 13 2 5 12 13 4 12 3 12 5 5 5 3 9 4 2 15 15 10 9 5 6 5 9 5 13 12 12 15 11 6 8 10 4 15 3 10 10 10 5 13 14 10 5 9 12 4
DISPLAY 0 8 4
DISPLAY 1 10 1
DISPLAY 3 2 0
DISPLAY 5 2 5
DISPLAY 6 2 1
DISPLAY 8 5 2
DISPLAY 10 8 2
DISPLAY 11 3 0
DISPLAY 13 4 1
DISPLAY 14 9 4
DISPLAY 15 10 5
DISPLAY 17 1 2
POSITION 0 13 0
POSITION 1 12 0
POSITION 2 11 5
POSITION 3 14 1
PLAYER 0
MESSAGE OK
TARGET 0
EXTRAFIELD 2
.
TICK 11
FIELDS 3 10 5 8 10 13 7 15 13 10 3 9 14 11 2 15 12 5 5 15 3 5 9 3 15 11 10 4 1 6 4 15 6 11 14 13 7 5 14 5 15 7 5 13 2 5 12 13 4 12 3 12 5 5 5 3 9 4 2 15 15 10 9 5 6 5 9 5 13 12 12 15 11 6 8 10 4 15 3 10 10 10 5 13 14 10 5 9 12 4
DISPLAY 0 8 4
DISPLAY 1 10 1
DISPLAY 3 1 0
DISPLAY 5 2 5
DISPLAY 6 2 1
DISPLAY 8 5 2
DISPLAY 10 8 2
DISPLAY 11 2 0
DISPLAY 13 4 1
DISPLAY 14 9 4
DISPLAY 15 10 5
DISPLAY 17 1 2
POSITION 0 11 0
POSITION 1 11 0
POSITION 2 11 5
POSITION 3 14 1
PLAYER 1
.
TICK 11
FIELDS 3 10 2 8 10 13 7 15 13 10 3 9 14 11 2 15 12 5 5 15 3 5 9 3 15 11 10 4 1 6 4 15 5 11 14 13 7 5 14 5 15 7 5 13 2 5 12 6 4 12 3 12 5 5 5 3 9 4 2 15 15 10 13 5 6 5 9 5 13 12 12 15 11 6 8 10 4 9 3 10 10 10 5 13 14 10 5 9 12 4
DISPLAY 0 8 4
DISPLAY 1 10 1
DISPLAY 3 1 0
DISPLAY 5 2 0
DISPLAY 6 2 2
DISPLAY 8 5 2
DISPLAY 10 8 2
DISPLAY 11 2 1
DISPLAY 13 4 1
DISPLAY 14 9 4
DISPLAY 15 10 5
DISPLAY 17 1 2
POSITION 0 11 0
POSITION 1 11 0
POSITION 2 11 5
POSITION 3 14 1
PLAYER 2
.
TICK 11
FIELDS 3 10 2 8 10 13 7 15 13 10 3 5 14 11 2 15 12 5 5 15 3 5 9 3 15 11 9 4 1 6 4 15 5 11 14 13 7 5 14 5 15 10 5 13 2 5 12 6 4 12 3 12 5 5 5 3 7 4 2 15 15 10 13 5 6 5 9 5 13 12 12 9 11 6 8 10 4 9 3 10 10 10 5 13 14 10 15 9 12 4
DISPLAY 0 8 4
DISPLAY 1 10 1
DISPLAY 3 1 0
DISPLAY 5 2 0
DISPLAY 6 2 2
DISPLAY 8 5 2
DISPLAY 10 8 2
DISPLAY 11 2 1
DISPLAY 13 4 1
DISPLAY 14 9 4
DISPLAY 15 10 5
DISPLAY 17 1 2
POSITION 0 11 1
POSITION 1 11 1
POSITION 2 11 0
POSITION 3 14 1
PLAYER 3
.
TICK 12
FIELDS 3 10 2 8 10 13 7 15 13 10 3 5 10 11 2 15 12 5 5 15 3 5 9 3 15 11 9 14 1 6 4 15 5 11 14 13 7 5 14 5 15 10 4 13 2 5 12 6 4 12 3 12 5 5 5 3 7 5 2 15 15 10 13 5 6 5 9 5 13 12 12 9 4 6 8 10 4 9 3 10 10 10 5 13 14 10 15 11 12 4
DISPLAY 0 8 4
DISPLAY 1 10 1
DISPLAY 3 1 0
DISPLAY 5 2 0
DISPLAY 6 2 2
DISPLAY 8 5 2
DISPLAY 10 8 2
DISPLAY 11 2 1
DISPLAY 13 4 1
DISPLAY 14 9 4
DISPLAY 15 10 5
DISPLAY 17 1 2
POSITION 0 11 1
POSITION 1 11 1
POSITION 2 11 0
POSITION 3 14 1
PLAYER 0
MESSAGE OK
TARGET 0
EXTRAFIELD 2
.
TICK 12
FIELDS 3 10 2 8 10 13 7 15 2 10 3 5 10 11 2 15 12 5 5 15 3 5 9 13 15 11 9 14 1 6 4 15 5 11 14 13 7 5 3 5 15 10 4 13 2 5 12 6 4 12 3 12 5 14 5 3 7 5 2 15 15 10 13 5 6 5 9 5 5 12 12 9 4 6 8 10 4 9 3 10 10 10 5 13 14 10 15 11 12 4
DISPLAY 0 8 5
DISPLAY 1 10 1
DISPLAY 3 1 0
DISPLAY 5 2 0
DISPLAY 6 2 2
DISPLAY 8 5 2
DISPLAY 10 8 3
DISPLAY 11 2 1
DISPLAY 13 4 1
DISPLAY 14 9 4
DISPLAY 15 10 5
DISPLAY 17 1 2
POSITION 0 11 0
POSITION 1 11 1
POSITION 2 11 0
POSITION 3 14 1
PLAYER 1
.
TICK 12
FIELDS 3 10 2 8 10 13 7 15 2 10 3 5 10 11 2 15 15 12 5 5 15 3 5 9 13 15 11 9 14 1 4 15 5 11 14 13 7 5 3 5 15 10 4 13 2 5 12 6 4 12 3 12 5 14 5 3 7 5 2 15 15 10 13 5 6 5 9 5 5 12 12 9 4 6 8 10 4 9 3 10 10 10 5 13 14 10 15 11 12 4
DISPLAY 0 8 5
DISPLAY 1 11 1
DISPLAY 3 1 0
DISPLAY 5 2 0
DISPLAY 6 2 2
DISPLAY 8 5 2
DISPLAY 10 8 3
DISPLAY 11 3 1
DISPLAY 13 5 1
DISPLAY 14 9 4
DISPLAY 15 10 5
DISPLAY 17 1 2
POSITION 0 11 0
POSITION 1 12 1
POSITION 2 11 0
POSITION 3 0 1
PLAYER 2
.
TICK 12
FIELDS 3 10 2 8 10 13 7 15 2 10 3 11 10 11 2 15 15 12 5 5 15 3 5 9 13 15 10 9 14 1 4 15 5 11 14 13 7 5 3 5 15 7 4 13 2 5 12 6 4 12 3 12 5 14 5 3 9 5 2 15 15 10 13 5 6 5 9 5 5 12 12 15 4 6 8 10 4 9 3 10 10 10 5 13 14 10 5 11 12 4
DISPLAY 0 8 5
DISPLAY 1 11 0
DISPLAY 3 1 0
DISPLAY 5 2 0
DISPLAY 6 2 2
DISPLAY 8 5 2
DISPLAY 10 8 3
DISPLAY 11 3 1
DISPLAY 13 5 1
DISPLAY 14 9 4
DISPLAY 15 10 5
DISPLAY 17 1 2
POSITION 0 11 5
POSITION 1 12 1
POSITION 2 11 5
POSITION 3 0 1
PLAYER 3
.
TICK 13
FIELDS 3 10 2 8 10 13 7 15 2 10 3 11 9 11 2 15 15 12 5 5 15 3 5 9 13 15 10 4 14 1 4 15 5 11 14 13 7 5 3 5 15 7 5 13 2 5 12 6 4 12 3 12 5 14 5 3 9 4 2 15 15 10 13 5 6 5 9 5 5 12 12 15 11 6 8 10 4 9 3 10 10 10 5 13 14 10 5 9 12 4
DISPLAY 0 8 5
DISPLAY 1 11 0
DISPLAY 3 1 0
DISPLAY 5 2 0
DISPLAY 6 2 2
DISPLAY 8 5 2
DISPLAY 10 8 3
DISPLAY 11 3 1
DISPLAY 13 5 1
DISPLAY 14 9 4
DISPLAY 15 10 5
POSITION 0 11 5
POSITION 1 12 0
POSITION 2 11 5
POSITION 3 1 2
PLAYER 0
MESSAGE OK
TARGET 0
EXTRAFIELD 13
.
TICK 13
FIELDS 3 10 2 8 10 13 7 15 2 10 3 10 9 11 2 15 15 12 5 5 15 3 5 9 13 15 7 4 14 1 4 15 5 11 14 13 7 5 3 5 15 9 5 13 2 5 12 6 4 12 3 12 5 14 5 3 15 4 2 15 15 10 13 5 6 5 9 5 5 12 12 5 11 6 8 10 4 9 3 10 10 10 5 13 14 10 7 9 12 4
DISPLAY 1 11 5
DISPLAY 3 1 0
DISPLAY 5 2 0
DISPLAY 6 2 2
DISPLAY 8 5 2
DISPLAY 10 8 3
DISPLAY 11 3 1
DISPLAY 13 5 1
DISPLAY 14 9 4
DISPLAY 15 10 5
POSITION 0 8 5
POSITION 1 12 0
POSITION 2 11 4
POSITION 3 1 2
PLAYER 1
.
TICK 13
FIELDS 3 10 2 8 10 13 7 15 2 10 3 10 9 11 6 15 15 12 5 5 15 3 5 9 13 15 7 4 14 2 4 15 5 11 14 13 7 5 3 5 15 9 5 13 1 5 12 6 4 12 3 12 5 14 5 3 15 4 2 2 15 10 13 5 6 5 9 5 5 12 12 5 11 6 15 10 4 9 3 10 10 10 5 13 14 10 7 9 12 8
DISPLAY 1 11 5
DISPLAY 3 1 0
DISPLAY 5 2 0
DISPLAY 6 2 2
DISPLAY 8 5 2
DISPLAY 10 8 3
DISPLAY 11 3 1
DISPLAY 13 5 1
DISPLAY 14 9 4
DISPLAY 15 10 5
POSITION 0 8 5
POSITION 1 12 0
POSITION 2 11 4
POSITION 3 1 2
PLAYER 2
.
TICK 13
FIELDS 3 10 5 8 10 13 7 15 2 10 3 10 9 11 6 15 15 2 5 5 15 3 5 9 13 15 7 4 14 2 4 15 12 11 14 13 7 5 3 5 15 9 5 13 1 5 12 5 4 12 3 12 5 14 5 3 15 4 2 2 15 10 6 5 6 5 9 5 5 12 12 5 11 6 15 10 4 13 3 10 10 10 5 13 14 10 7 9 12 8
DISPLAY 1 11 5
DISPLAY 3 1 0
DISPLAY 5 2 1
DISPLAY 6 2 3
DISPLAY 8 5 2
DISPLAY 10 8 3
DISPLAY 11 3 1
DISPLAY 13 5 1
DISPLAY 14 9 4
DISPLAY 15 10 5
POSITION 0 8 5
POSITION 1 12 0
POSITION 2 8 3
POSITION 3 1 2
PLAYER 3
.
TICK 14
FIELDS 3 10 5 8 10 13 7 15 2 10 3 10 4 11 6 15 15 2 5 5 15 3 5 9 13 15 7 5 14 2 4 15 12 11 14 13 7 5 3 5 15 9 4 13 1 5 12 5 4 12 3 12 5 14 5 3 15 11 2 2 15 10 6 5 6 5 9 5 5 12 12 5 9 6 15 10 4 13 3 10 10 10 5 13 14 10 7 10 12 8
DISPLAY 1 11 5
DISPLAY 3 1 0
DISPLAY 5 2 1
DISPLAY 6 2 3
DISPLAY 8 5 2
DISPLAY 10 8 3
DISPLAY 11 3 1
DISPLAY 13 5 1
DISPLAY 14 9 4
DISPLAY 15 10 5
POSITION 0 8 5
POSITION 1 12 5
POSITION 2 8 3
POSITION 3 1 2
PLAYER 0
MESSAGE OK
TARGET 14
EXTRAFIELD 11
.
TICK 14
FIELDS 3 10 5 8 10 13 7 15 2 10 3 10 4 11 6 15 15 2 5 5 15 3 5 9 13 15 7 5 14 2 4 15 12 11 14 13 7 5 3 5 15 9 4 13 1 5 12 5 4 12 3 12 5 14 5 3 15 11 2 2 15 10 6 5 6 5 9 5 5 12 12 5 9 6 15 11 10 4 13 3 10 10 10 5 13 14 10 7 10 12
DISPLAY 1 12 5
DISPLAY 3 1 0
DISPLAY 5 2 1
DISPLAY 6 2 3
DISPLAY 8 5 2
DISPLAY 10 8 3
DISPLAY 11 3 1
DISPLAY 13 5 1
DISPLAY 15 11 5
POSITION 0 9 4
POSITION 1 13 5
POSITION 2 8 3
POSITION 3 1 2
PLAYER 1
.
TICK 14
FIELDS 3 10 5 8 10 13 7 15 2 10 3 10 4 11 6 15 15 2 5 5 15 3 5 9 13 15 7 5 14 2 4 15 12 11 14 13 7 5 3 5 15 9 4 13 1 5 12 5 4 12 3 12 5 14 5 3 15 11 2 2 10 6 5 6 5 9 5 5 12 12 5 9 6 15 4 11 10 4 13 3 10 10 10 5 13 14 10 7 10 12
DISPLAY 1 12 5
DISPLAY 3 1 0
DISPLAY 5 2 1
DISPLAY 6 2 3
DISPLAY 8 5 2
DISPLAY 10 8 3
DISPLAY 11 3 1
DISPLAY 13 5 1
DISPLAY 15 11 5
POSITION 0 8 4
POSITION 1 13 5
POSITION 2 8 3
POSITION 3 1 2
PLAYER 2
.
TICK 14
FIELDS 9 10 5 8 10 13 7 15 2 10 3 10 4 11 6 3 15 2 5 5 15 3 5 9 13 15 7 5 14 2 15 15 12 11 14 13 7 5 3 5 15 9 4 13 1 4 12 5 4 12 3 12 5 14 5 3 15 11 2 2 5 6 5 6 5 9 5 5 12 12 5 9 6 15 4 10 10 4 13 3 10 10 10 5 13 14 10 7 10 12
DISPLAY 1 12 5
DISPLAY 3 1 0
DISPLAY 5 2 1
DISPLAY 6 2 3
DISPLAY 8 5 2
DISPLAY 10 8 3
DISPLAY 11 3 1
DISPLAY 13 5 1
DISPLAY 15 11 5
POSITION 0 8 4
POSITION 1 13 5
POSITION 2 8 3
POSITION 3 1 2
PLAYER 3
.
TICK 15
FIELDS 9 10 5 8 10 13 7 15 2 10 3 10 5 11 6 3 15 2 5 5 15 3 5 9 13 15 7 4 14 2 15 15 12 11 14 13 7 5 3 5 15 9 11 13 1 4 12 5 4 12 3 12 5 14 5 3 15 6 2 2 5 6 5 6 5 9 5 5 12 12 5 9 7 15 4 10 10 4 13 3 10 10 10 5 13 14 10 9 10 12
DISPLAY 1 12 4
DISPLAY 3 1 0
DISPLAY 5 2 1
DISPLAY 6 2 3
DISPLAY 8 5 2
DISPLAY 10 8 3
DISPLAY 11 3 1
DISPLAY 13 5 1
DISPLAY 15 11 5
POSITION 0 8 4
POSITION 1 13 5
POSITION 2 8 3
POSITION 3 1 2
PLAYER 0
MESSAGE OK
TARGET 15
EXTRAFIELD 8
.
TICK 15
FIELDS 9 10 5 8 10 13 7 15 2 10 3 10 5 11 6 3 15 2 5 5 15 3 5 9 13 15 7 4 14 2 15 15 12 11 14 13 7 5 3 5 15 9 11 13 1 4 12 5 4 12 3 12 5 14 5 3 15 6 2 2 8 5 6 5 6 5 9 5 5 12 12 5 9 7 15 10 10 4 13 3 10 10 10 5 13 14 10 9 10 12
DISPLAY 1 13 4
DISPLAY 3 1 0
DISPLAY 5 2 1
DISPLAY 6 2 3
DISPLAY 8 5 2
DISPLAY 10 8 3
DISPLAY 11 3 1
DISPLAY 13 5 1
POSITION 0 11 5
POSITION 1 13 5
POSITION 2 8 3
POSITION 3 1 2
PLAYER 1
.
TICK 15
FIELDS 9 10 5 8 10 13 7 15 2 10 3 10 5 11 6 15 2 5 5 15 3 5 9 13 15 7 4 14 2 15 15 15 12 11 14 13 7 5 3 5 15 9 11 13 1 4 12 5 4 12 3 12 5 14 5 3 15 6 2 2 8 5 6 5 6 5 9 5 5 12 12 5 9 7 15 10 10 4 13 3 10 10 10 5 13 14 10 9 10 12
DISPLAY 1 13 4
DISPLAY 3 1 0
DISPLAY 5 1 1
DISPLAY 6 2 3
DISPLAY 8 5 2
DISPLAY 10 8 3
DISPLAY 11 2 1
DISPLAY 13 4 1
POSITION 0 11 5
POSITION 1 13 5
POSITION 2 8 3
POSITION 3 1 2
PLAYER 2
.
TICK 15
FIELDS 9 10 5 8 10 13 7 15 13 10 3 10 5 11 6 15 2 5 5 15 3 5 9 3 15 7 4 14 2 15 15 15 12 11 14 13 7 5 14 5 15 9 11 13 1 4 12 5 4 12 3 12 5 5 5 3 15 6 2 2 8 5 6 5 6 5 9 5 5 12 12 5 9 7 15 10 10 4 13 3 10 10 10 11 13 14 10 9 10 12
DISPLAY 1 13 4
DISPLAY 3 1 0
DISPLAY 5 1 1
DISPLAY 6 2 3
DISPLAY 8 5 2
DISPLAY 10 8 2
DISPLAY 11 2 1
DISPLAY 13 4 1
POSITION 0 11 5
POSITION 1 13 5
POSITION 2 5 5
POSITION 3 1 2
PLAYER 3
.
TICK 16
FIELDS 9 10 5 8 10 13 7 15 13 10 3 10 14 11 6 15 2 5 5 15 3 5 9 3 15 7 4 11 2 15 15 15 12 11 14 13 7 5 14 5 15 9 6 13 1 4 12 5 4 12 3 12 5 5 5 3 15 9 2 2 8 5 6 5 6 5 9 5 5 12 12 5 9 7 15 10 10 4 13 3 10 10 10 11 13 14 10 4 10 12
DISPLAY 1 13 4
DISPLAY 3 1 0
DISPLAY 5 1 1
DISPLAY 6 2 3
DISPLAY 8 5 2
DISPLAY 10 8 2
DISPLAY 11 2 1
DISPLAY 13 4 1
POSITION 0 11 5
POSITION 1 13 5
POSITION 2 5 5
POSITION 3 1 2
PLAYER 0
MESSAGE OK
TARGET 8
EXTRAFIELD 4
.
TICK 16
FIELDS 4 9 10 5 8 10 13 7 15 13 10 3 10 14 11 15 2 5 5 15 3 5 9 3 15 7 4 11 2 15 15 15 12 11 14 13 7 5 14 5 15 9 6 13 1 4 12 5 4 12 3 12 5 5 5 3 15 9 2 2 8 5 6 5 6 5 9 5 5 12 12 5 9 7 15 10 10 4 13 3 10 10 10 11 13 14 10 4 10 12
DISPLAY 1 13 4
DISPLAY 3 2 0
DISPLAY 5 1 1
DISPLAY 6 2 3
DISPLAY 8 5 2
DISPLAY 10 8 2
DISPLAY 11 2 1
DISPLAY 13 4 1
POSITION 0 9 5
POSITION 1 13 5
POSITION 2 5 5
POSITION 3 1 2
PLAYER 1
.
TICK 16
FIELDS 4 9 10 5 8 10 3 7 15 13 10 3 10 14 11 15 2 5 5 15 3 13 9 3 15 7 4 11 2 15 15 15 12 11 14 13 5 5 14 5 15 9 6 13 1 4 12 5 4 12 3 7 5 5 5 3 15 9 2 2 8 5 6 5 6 5 12 5 5 12 12 5 9 7 15 10 10 4 13 3 10 9 10 11 13 14 10 4 10 12
DISPLAY 1 13 4
DISPLAY 3 2 0
DISPLAY 5 1 1
DISPLAY 6 2 3
DISPLAY 8 5 2
DISPLAY 10 8 2
DISPLAY 11 2 1
DISPLAY 13 4 1
POSITION 0 9 5
POSITION 1 13 5
POSITION 2 5 5
POSITION 3 1 2
PLAYER 2
.
TICK 16
FIELDS 4 9 10 5 8 2 3 7 15 13 10 3 10 14 11 15 2 5 5 15 10 13 9 3 15 7 4 11 2 15 15 15 12 11 14 3 5 5 14 5 15 9 6 13 1 4 12 5 4 12 13 7 5 5 5 3 15 9 2 2 8 5 6 5 6 3 12 5 5 12 12 5 9 7 15 10 10 4 13 3 5 9 10 11 13 14 10 4 10 12
DISPLAY 1 13 4
DISPLAY 3 2 0
DISPLAY 5 1 1
DISPLAY 6 2 3
DISPLAY 8 5 3
DISPLAY 10 8 2
DISPLAY 11 2 1
DISPLAY 13 4 1
POSITION 0 9 5
POSITION 1 13 5
POSITION 2 5 0
POSITION 3 1 2
PLAYER 3
.
TICK 17
FIELDS 4 9 10 5 8 2 3 7 15 13 10 3 11 14 11 15 2 5 5 15 10 13 9 3 15 7 4 6 2 15 15 15 12 11 14 3 5 5 14 5 15 9 9 13 1 4 12 5 4 12 13 7 5 5 5 3 15 9 2 2 8 5 6 5 6 3 12 5 5 12 12 5 4 7 15 10 10 4 13 3 5 9 10 11 13 14 10 5 10 12
DISPLAY 1 13 4
DISPLAY 3 2 0
DISPLAY 5 1 1
DISPLAY 6 2 3
DISPLAY 8 5 3
DISPLAY 10 8 2
DISPLAY 11 2 1
DISPLAY 13 4 1
POSITION 0 9 5
POSITION 1 13 5
POSITION 2 5 0
POSITION 3 1 2
PLAYER 0
MESSAGE OK
TARGET 8
EXTRAFIELD 6
.
TICK 17
FIELDS 4 9 10 5 8 2 3 7 15 3 10 3 11 14 11 15 2 5 5 15 10 13 9 3 13 7 4 6 2 15 15 15 12 11 14 3 5 5 14 15 15 9 9 13 1 4 12 5 4 12 13 7 5 5 5 3 15 9 2 2 8 5 6 5 6 3 12 5 5 5 12 5 4 7 15 10 10 4 13 3 5 9 10 11 12 14 10 5 10 12
DISPLAY 1 13 4
DISPLAY 3 2 0
DISPLAY 5 1 1
DISPLAY 6 2 3
DISPLAY 8 5 3
DISPLAY 10 8 2
DISPLAY 11 2 1
DISPLAY 13 4 1
POSITION 0 7 1
POSITION 1 13 5
POSITION 2 5 0
POSITION 3 1 2
PLAYER 1
.
TICK 17
FIELDS 4 9 10 5 8 2 3 7 15 3 10 3 11 14 11 15 2 5 5 15 10 13 9 3 13 7 4 6 2 15 15 12 11 14 3 5 5 14 15 15 9 9 13 1 10 4 12 5 4 12 13 7 5 5 5 3 15 9 2 2 8 5 6 5 6 3 12 5 5 5 12 5 4 7 15 10 10 4 13 3 5 9 10 11 12 14 10 5 10 12
DISPLAY 1 13 4
DISPLAY 3 2 0
DISPLAY 5 1 1
DISPLAY 6 2 3
DISPLAY 8 5 3
DISPLAY 10 7 2
DISPLAY 11 2 1
DISPLAY 13 4 1
POSITION 0 7 1
POSITION 1 13 5
POSITION 2 5 0
POSITION 3 0 2
PLAYER 2
.
TICK 17
FIELDS 4 9 10 5 8 10 3 7 15 3 10 3 11 14 11 15 2 5 5 15 2 13 9 3 13 7 4 6 2 15 15 12 11 14 3 10 5 14 15 15 9 9 13 1 10 4 12 5 4 12 5 7 5 5 5 3 15 9 2 2 8 5 6 5 6 13 12 5 5 5 12 5 4 7 15 10 10 4 13 3 3 9 10 11 12 14 10 5 10 12
DISPLAY 1 13 4
DISPLAY 3 2 0
DISPLAY 5 1 1
DISPLAY 6 2 3
DISPLAY 8 5 4
DISPLAY 10 7 2
DISPLAY 11 2 1
DISPLAY 13 4 1
POSITION 0 7 1
POSITION 1 13 5
POSITION 2 2 2
POSITION 3 0 2
PLAYER 3
.
TICK 18
FIELDS 4 9 10 5 8 10 3 7 15 3 10 3 10 14 11 15 2 5 5 15 2 13 9 3 13 7 4 11 2 15 15 12 11 14 3 10 5 14 15 15 9 9 6 1 10 4 12 5 4 12 5 7 5 5 5 3 15 13 2 2 8 5 6 5 6 13 12 5 5 5 12 5 9 7 15 10 10 4 13 3 3 9 10 11 12 14 10 4 10 12
DISPLAY 1 13 4
DISPLAY 3 2 0
DISPLAY 5 1 1
DISPLAY 6 2 3
DISPLAY 8 5 4
DISPLAY 10 7 2
DISPLAY 11 2 1
DISPLAY 13 4 1
POSITION 0 7 1
POSITION 1 13 5
POSITION 2 2 2
POSITION 3 0 2
PLAYER 0
MESSAGE OK
TARGET 8
EXTRAFIELD 13
.
TICK 18
FIELDS 4 9 10 5 8 10 3 13 15 3 10 3 10 14 11 15 2 5 5 15 2 13 7 3 13 7 4 11 2 15 15 12 11 14 3 10 5 9 15 15 9 9 6 1 10 4 12 5 4 12 5 7 14 5 5 3 15 13 2 2 8 5 6 5 6 13 12 5 5 5 12 5 9 7 15 10 10 4 13 3 3 9 5 11 12 14 10 4 10 12
DISPLAY 1 13 4
DISPLAY 3 2 0
DISPLAY 5 1 1
DISPLAY 6 2 3
DISPLAY 8 5 4
DISPLAY 10 7 3
DISPLAY 11 2 1
DISPLAY 13 4 1
POSITION 0 6 3
POSITION 1 13 5
POSITION 2 2 2
POSITION 3 0 2
PLAYER 1
.
TICK 18
FIELDS 4 9 10 5 8 10 3 13 15 3 10 3 10 14 11 15 2 5 5 15 2 13 7 3 13 7 4 11 2 15 15 12 11 14 3 10 5 9 15 15 9 9 6 1 10 12 5 4 12 5 7 14 5 5 3 15 13 2 2 15 8 5 6 5 6 13 12 5 5 5 12 5 9 7 15 10 10 4 13 3 3 9 5 11 12 14 10 4 10 12
DISPLAY 1 13 4
DISPLAY 3 2 0
DISPLAY 5 1 1
DISPLAY 6 1 3
DISPLAY 8 5 4
DISPLAY 10 6 3
DISPLAY 11 2 1
DISPLAY 13 4 1
POSITION 0 5 3
POSITION 1 13 5
POSITION 2 2 2
POSITION 3 0 2
PLAYER 2
.
TICK 18
FIELDS 5 9 10 5 8 10 3 13 15 3 10 3 10 14 11 4 2 5 5 15 2 13 7 3 13 7 4 11 2 15 15 12 11 14 3 10 5 9 15 15 9 9 6 1 10 15 5 4 12 5 7 14 5 5 3 15 13 2 2 15 12 5 6 5 6 13 12 5 5 5 12 5 9 7 15 8 10 4 13 3 3 9 5 11 12 14 10 4 10 12
DISPLAY 1 13 4
DISPLAY 3 2 0
DISPLAY 5 1 1
DISPLAY 8 5 4
DISPLAY 10 6 3
DISPLAY 11 2 1
DISPLAY 13 4 1
POSITION 0 5 3
POSITION 1 13 5
POSITION 2 1 3
POSITION 3 0 3
PLAYER 3
.
TICK 19
FIELDS 5 9 10 5 8 10 3 13 15 3 10 3 5 14 11 4 2 5 5 15 2 13 7 3 13 7 4 10 2 15 15 12 11 14 3 10 5 9 15 15 9 9 11 1 10 15 5 4 12 5 7 14 5 5 3 15 13 6 2 15 12 5 6 5 6 13 12 5 5 5 12 5 2 7 15 8 10 4 13 3 3 9 5 11 12 14 10 9 10 12
DISPLAY 1 13 4
DISPLAY 3 2 0
DISPLAY 5 1 1
DISPLAY 8 5 4
DISPLAY 10 6 3
DISPLAY 11 2 1
DISPLAY 13 4 1
POSITION 0 5 3
POSITION 1 13 5
POSITION 2 1 3
POSITION 3 0 3
PLAYER 0
MESSAGE OK
TARGET 8
EXTRAFIELD 10
.
TICK 19
FIELDS 5 9 10 5 8 2 3 13 15 3 10 3 5 14 11 4 2 5 5 15 10 13 7 3 13 7 4 10 2 15 15 12 11 14 3 7 5 9 15 15 9 9 11 1 10 15 5 4 12 5 13 14 5 5 3 15 13 6 2 15 12 5 6 5 6 3 12 5 5 5 12 5 2 7 15 8 10 4 13 3 10 9 5 11 12 14 10 9 10 12
DISPLAY 1 13 4
DISPLAY 3 2 0
DISPLAY 5 1 1
DISPLAY 10 6 3
DISPLAY 11 2 1
DISPLAY 13 4 1
POSITION 0 5 3
POSITION 1 13 5
POSITION 2 1 3
POSITION 3 0 3
PLAYER 1
.
TICK 19
FIELDS 5 9 5 5 8 2 3 13 15 3 10 3 5 14 11 4 2 11 5 15 10 13 7 3 13 7 4 10 2 15 15 12 4 14 3 7 5 9 15 15 9 9 11 1 10 15 5 6 12 5 13 14 5 5 3 15 13 6 2 15 12 5 4 5 6 3 12 5 5 5 12 5 2 7 15 8 10 4 13 3 10 9 5 11 12 14 10 9 10 12
DISPLAY 1 13 4
DISPLAY 3 2 5
DISPLAY 5 1 1
DISPLAY 10 6 3
DISPLAY 11 2 0
DISPLAY 13 4 1
POSITION 0 5 3
POSITION 1 13 5
POSITION 2 1 3
POSITION 3 0 3
PLAYER 2
.
TICK 19
FIELDS 5 9 10 5 8 2 3 13 15 3 10 3 5 14 11 4 2 5 5 15 10 13 7 3 13 7 4 10 2 15 15 12 11 14 3 7 5 9 15 15 9 9 11 1 10 15 5 4 12 5 13 14 5 5 3 15 13 6 2 15 12 5 6 5 6 3 12 5 5 5 12 5 2 7 15 8 10 4 13 3 10 9 5 11 12 14 10 9 10 12
DISPLAY 1 13 4
DISPLAY 3 2 0
DISPLAY 5 1 1
DISPLAY 10 6 3
DISPLAY 11 2 1
DISPLAY 13 4 1
POSITION 0 5 3
POSITION 1 13 5
POSITION 2 4 2
POSITION 3 0 3
PLAYER 3
.
TICK 20
FIELDS 5 9 10 5 8 2 3 13 15 3 10 3 4 14 11 4 2 5 5 15 10 13 7 3 13 7 4 5 2 15 15 12 11 14 3 7 5 9 15 15 9 9 10 1 10 15 5 4 12 5 13 14 5 5 3 15 13 11 2 15 12 5 6 5 6 3 12 5 5 5 12 5 6 7 15 8 10 4 13 3 10 9 5 11 12 14 10 2 10 12
DISPLAY 1 13 4
DISPLAY 3 2 0
DISPLAY 5 1 1
DISPLAY 10 6 3
DISPLAY 11 2 1
DISPLAY 13 4 1
POSITION 0 5 3
POSITION 1 13 5
POSITION 2 4 2
POSITION 3 0 3
PLAYER 0
MESSAGE OK
TARGET 10
EXTRAFIELD 10
.
TICK 20
FIELDS 5 9 10 5 10 2 3 13 15 3 10 3 4 14 11 4 2 5 5 8 10 13 7 3 13 7 4 5 2 15 15 12 11 14 15 7 5 9 15 15 9 9 10 1 10 15 5 4 12 3 13 14 5 5 3 15 13 11 2 15 12 5 6 5 5 3 12 5 5 5 12 5 6 7 15 8 10 4 13 6 10 9 5 11 12 14 10 2 10 12
DISPLAY 1 13 4
DISPLAY 3 2 0
DISPLAY 5 1 1
DISPLAY 11 2 1
DISPLAY 13 4 2
POSITION 0 6 3
POSITION 1 13 5
POSITION 2 4 3
POSITION 3 0 3
PLAYER 1
.
TICK 20
FIELDS 5 9 10 5 10 2 3 13 15 3 10 3 4 14 11 4 2 5 5 8 10 13 7 3 13 7 4 5 2 15 15 12 11 14 15 7 5 9 15 15 9 9 10 1 10 5 4 12 3 13 14 5 5 3 15 13 11 2 15 10 12 5 6 5 5 3 12 5 5 5 12 5 6 7 15 8 10 4 13 6 10 9 5 11 12 14 10 2 10 12
DISPLAY 1 13 4
DISPLAY 3 2 0
DISPLAY 5 1 1
DISPLAY 11 2 1
DISPLAY 13 4 2
POSITION 0 5 3
POSITION 1 13 5
POSITION 2 3 3
POSITION 3 14 3
PLAYER 2
.
TICK 20
FIELDS 4 9 10 5 10 2 3 13 15 3 10 3 4 14 11 5 2 5 5 8 10 13 7 3 13 7 4 5 2 15 4 12 11 14 15 7 5 9 15 15 9 9 10 1 10 15 4 12 3 13 14 5 5 3 15 13 11 2 15 10 5 5 6 5 5 3 12 5 5 5 12 5 6 7 15 12 10 4 13 6 10 9 5 11 12 14 10 2 10 12
DISPLAY 1 13 4
DISPLAY 3 2 0
DISPLAY 5 1 1
DISPLAY 11 2 1
DISPLAY 13 4 2
POSITION 0 5 3
POSITION 1 13 5
POSITION 2 1 2
POSITION 3 14 3
PLAYER 3
.
TICK 21
FIELDS 4 9 10 5 10 2 3 13 15 3 10 3 5 14 11 5 2 5 5 8 10 13 7 3 13 7 4 10 2 15 4 12 11 14 15 7 5 9 15 15 9 9 2 1 10 15 4 12 3 13 14 5 5 3 15 13 11 6 15 10 5 5 6 5 5 3 12 5 5 5 12 5 2 7 15 12 10 4 13 6 10 9 5 11 12 14 10 9 10 12
DISPLAY 1 13 4
DISPLAY 3 2 0
DISPLAY 5 1 1
DISPLAY 11 2 1
DISPLAY 13 4 2
POSITION 0 5 3
POSITION 1 13 5
POSITION 2 1 2
POSITION 3 14 3
PLAYER 0
MESSAGE OK
TARGET 11
EXTRAFIELD 3
.
TICK 21
FIELDS 4 9 10 5 10 10 3 13 15 3 10 3 5 14 11 5 2 5 5 8 7 13 7 3 13 7 4 10 2 15 4 12 11 14 15 14 5 9 15 15 9 9 2 1 10 15 4 12 3 13 3 5 5 3 15 13 11 6 15 10 5 5 6 5 5 10 12 5 5 5 12 5 2 7 15 12 10 4 13 6 3 9 5 11 12 14 10 9 10 12
DISPLAY 1 13 4
DISPLAY 3 2 0
DISPLAY 5 1 1
DISPLAY 13 4 2
POSITION 0 2 1
POSITION 1 13 5
POSITION 2 1 2
POSITION 3 14 3
PLAYER 1
.
TICK 21
FIELDS 4 9 10 5 10 10 3 13 15 3 10 3 5 14 11 15 5 2 5 5 8 7 13 7 3 13 7 4 10 2 4 12 11 14 15 14 5 9 15 15 9 9 2 1 10 15 4 12 3 13 3 5 5 3 15 13 11 6 15 10 5 5 6 5 5 10 12 5 5 5 12 5 2 7 15 12 10 4 13 6 3 9 5 11 12 14 10 9 10 12
DISPLAY 1 13 4
DISPLAY 3 2 0
DISPLAY 5 2 1
DISPLAY 13 4 2
POSITION 0 3 1
POSITION 1 13 5
POSITION 2 1 2
POSITION 3 14 3
PLAYER 2
.
TICK 21
FIELDS 4 9 8 5 10 10 3 13 15 3 10 3 5 14 11 15 5 10 5 5 8 7 13 7 3 13 7 4 10 2 4 12 2 14 15 14 5 9 15 15 9 9 2 1 10 15 4 11 3 13 3 5 5 3 15 13 11 6 15 10 5 5 12 5 5 10 12 5 5 5 12 5 2 7 15 12 10 6 13 6 3 9 5 11 12 14 10 9 10 12
DISPLAY 1 13 4
DISPLAY 3 2 1
DISPLAY 13 4 2
POSITION 0 3 1
POSITION 1 13 5
POSITION 2 2 2
POSITION 3 14 3
PLAYER 3
.
TICK 22
FIELDS 4 9 8 5 10 10 3 13 15 3 10 3 4 14 11 15 5 10 5 5 8 7 13 7 3 13 7 5 10 2 4 12 2 14 15 14 5 9 15 15 9 9 4 1 10 15 4 11 3 13 3 5 5 3 15 13 11 2 15 10 5 5 12 5 5 10 12 5 5 5 12 5 6 7 15 12 10 6 13 6 3 9 5 11 12 14 10 2 10 12
DISPLAY 1 13 4
DISPLAY 3 2 1
DISPLAY 13 4 2
POSITION 0 3 1
POSITION 1 13 5
POSITION 2 2 2
POSITION 3 14 3
PLAYER 0
MESSAGE OK
TARGET 1
EXTRAFIELD 2
.
TICK 22
FIELDS 4 9 8 5 10 10 3 13 15 3 10 3 4 14 11 2 15 5 10 5 5 8 7 13 7 3 13 7 5 10 4 12 2 14 15 14 5 9 15 15 9 9 4 1 10 15 4 11 3 13 3 5 5 3 15 13 11 2 15 10 5 5 12 5 5 10 12 5 5 5 12 5 6 7 15 12 10 6 13 6 3 9 5 11 12 14 10 2 10 12
DISPLAY 1 13 4
DISPLAY 3 3 1
DISPLAY 13 4 2
POSITION 0 2 3
POSITION 1 13 5
POSITION 2 2 2
POSITION 3 14 3
PLAYER 1
.
TICK 22
FIELDS 4 9 8 5 10 10 3 13 15 3 10 3 4 14 11 2 15 5 10 5 5 8 7 13 7 3 13 7 5 10 4 12 2 14 15 14 5 9 15 15 9 9 4 1 10 4 11 3 13 3 5 5 3 15 13 11 2 15 10 15 5 5 12 5 5 10 12 5 5 5 12 5 6 7 15 12 10 6 13 6 3 9 5 11 12 14 10 2 10 12
DISPLAY 1 13 4
DISPLAY 3 3 1
DISPLAY 13 4 2
POSITION 0 1 3
POSITION 1 13 5
POSITION 2 2 2
POSITION 3 13 3
PLAYER 2
.
TICK 22
FIELDS 4 9 8 5 10 10 3 13 15 3 10 3 4 5 11 2 15 5 10 5 5 8 7 13 7 3 13 7 1 10 4 12 2 14 15 14 5 9 15 15 9 9 4 10 10 4 11 3 13 3 5 5 3 15 13 11 2 15 7 15 5 5 12 5 5 10 12 5 5 5 12 5 6 10 15 12 10 6 13 6 3 9 5 11 12 14 10 2 4 12
DISPLAY 1 13 3
DISPLAY 3 3 1
DISPLAY 13 4 2
POSITION 0 1 3
POSITION 1 13 4
POSITION 2 2 3
POSITION 3 13 2
PLAYER 3
.
TICK 23
FIELDS 4 9 8 5 10 10 3 13 15 3 10 3 7 5 11 2 15 5 10 5 5 8 7 13 7 3 13 4 1 10 4 12 2 14 15 14 5 9 15 15 9 9 15 10 10 4 11 3 13 3 5 5 3 15 13 11 2 6 7 15 5 5 12 5 5 10 12 5 5 5 12 5 2 10 15 12 10 6 13 6 3 9 5 11 12 14 10 9 4 12
DISPLAY 1 13 3
DISPLAY 3 3 1
DISPLAY 13 4 2
POSITION 0 1 3
POSITION 1 13 4
POSITION 2 2 3
POSITION 3 13 2
PLAYER 0
MESSAGE OK
TARGET 1
EXTRAFIELD 2
.
TICK 23
FIELDS 2 9 8 5 10 10 3 13 15 3 10 3 7 5 11 4 15 5 10 5 5 8 7 13 7 3 13 4 1 10 2 12 2 14 15 14 5 9 15 15 9 9 15 10 10 4 11 3 13 3 5 5 3 15 13 11 2 6 7 15 4 5 12 5 5 10 12 5 5 5 12 5 2 10 15 5 10 6 13 6 3 9 5 11 12 14 10 9 4 12
DISPLAY 1 13 3
DISPLAY 3 3 1
DISPLAY 13 4 2
POSITION 0 1 2
POSITION 1 13 4
POSITION 2 2 3
POSITION 3 13 2
PLAYER 1
.
TICK 23
FIELDS 2 9 8 5 10 10 3 13 15 3 10 3 7 5 11 4 15 5 10 5 5 8 7 13 7 3 13 4 1 10 2 12 2 14 15 14 5 9 15 15 9 9 15 10 10 11 3 13 3 5 5 3 15 13 11 2 6 7 15 15 4 5 12 5 5 10 12 5 5 5 12 5 2 10 15 5 10 6 13 6 3 9 5 11 12 14 10 9 4 12
DISPLAY 1 12 3
DISPLAY 3 3 1
DISPLAY 13 4 2
POSITION 0 1 2
POSITION 1 13 4
POSITION 2 1 3
POSITION 3 13 2
PLAYER 2
.
TICK 23
FIELDS 2 9 8 5 10 10 3 13 15 3 10 3 4 5 11 4 15 5 10 5 5 8 7 13 7 3 13 15 1 10 2 12 2 14 15 14 5 9 15 15 9 9 7 10 10 11 3 13 3 5 5 3 15 13 11 2 6 2 15 15 4 5 12 5 5 10 12 5 5 5 12 5 9 10 15 5 10 6 13 6 3 9 5 11 12 14 10 14 4 12
DISPLAY 1 12 2
DISPLAY 3 3 1
DISPLAY 13 4 2
POSITION 0 1 2
POSITION 1 13 4
POSITION 2 2 2
POSITION 3 13 2
PLAYER 3
.
TICK 24
FIELDS 2 9 8 5 10 10 3 13 15 3 10 3 4 5 11 4 15 5 10 5 5 8 7 13 7 3 13 4 1 10 2 12 2 14 15 14 5 9 15 15 9 9 15 10 10 11 3 13 3 5 5 3 15 13 11 2 6 7 15 15 4 5 12 5 5 10 12 5 5 5 12 5 2 10 15 5 10 6 13 6 3 9 5 11 12 14 10 9 4 12
DISPLAY 1 12 3
DISPLAY 3 3 1
DISPLAY 13 4 2
POSITION 0 1 2
POSITION 1 13 4
POSITION 2 2 2
POSITION 3 13 2
PLAYER 0
MESSAGE OK
TARGET 1
EXTRAFIELD 12
.
TICK 24
FIELDS 2 9 8 5 10 10 3 13 15 3 10 3 12 5 11 4 15 5 10 5 5 8 7 13 7 3 13 4 1 10 2 12 2 14 15 14 5 9 15 15 9 9 4 10 10 11 3 13 3 5 5 3 15 13 11 2 6 15 15 15 4 5 12 5 5 10 12 5 5 5 12 5 7 10 15 5 10 6 13 6 3 9 5 11 12 14 10 2 4 12
DISPLAY 1 12 4
DISPLAY 3 3 1
DISPLAY 13 4 2
POSITION 0 0 3
POSITION 1 13 4
POSITION 2 2 2
POSITION 3 13 2
PLAYER 1
.
TICK 24
FIELDS 2 4 8 5 10 10 3 13 15 3 10 3 12 5 11 4 9 5 10 5 5 8 7 13 7 3 13 4 1 10 2 15 2 14 15 14 5 9 15 15 9 9 4 10 10 11 12 13 3 5 5 3 15 13 11 2 6 15 15 15 4 3 12 5 5 10 12 5 5 5 12 5 7 10 15 5 5 6 13 6 3 9 5 11 12 14 10 2 4 12
DISPLAY 1 12 4
DISPLAY 3 3 1
DISPLAY 13 4 2
POSITION 0 0 3
POSITION 1 13 4
POSITION 2 2 2
POSITION 3 13 2
PLAYER 2
.
TICK 24
FIELDS 2 4 8 5 10 10 3 13 15 3 10 3 12 5 11 4 9 5 10 5 5 8 7 13 7 3 13 4 1 10 7 2 15 2 14 15 14 5 9 15 15 9 9 4 10 11 12 13 3 5 5 3 15 13 11 2 6 15 15 15 4 3 12 5 5 10 12 5 5 5 12 5 7 10 15 5 5 6 13 6 3 9 5 11 12 14 10 2 4 12
DISPLAY 1 12 4
DISPLAY 3 3 1
DISPLAY 13 5 2
POSITION 0 0 3
POSITION 1 13 4
POSITION 2 3 3
POSITION 3 14 2
PLAYER 3
.
TICK 25
FIELDS 2 4 8 5 10 10 3 13 15 3 10 3 14 5 11 4 9 5 10 5 5 8 7 13 7 3 13 12 1 10 7 2 15 2 14 15 14 5 9 15 15 9 4 4 10 11 12 13 3 5 5 3 15 13 11 2 6 9 15 15 4 3 12 5 5 10 12 5 5 5 12 5 15 10 15 5 5 6 13 6 3 9 5 11 12 14 10 7 4 12
DISPLAY 1 12 5
DISPLAY 3 3 1
DISPLAY 13 5 2
POSITION 0 0 3
POSITION 1 13 4
POSITION 2 3 3
POSITION 3 14 2
PLAYER 0
MESSAGE OK
TARGET 1
EXTRAFIELD 9
.
TICK 25
FIELDS 2 4 8 5 10 10 3 13 15 3 10 3 14 5 11 4 9 5 10 5 5 8 7 13 7 3 13 12 1 10 7 2 15 2 14 15 14 5 9 15 15 9 4 4 10 12 13 3 5 5 3 15 13 11 2 6 9 15 15 3 4 3 12 5 5 10 12 5 5 5 12 5 15 10 15 5 5 6 13 6 3 9 5 11 12 14 10 7 4 12
DISPLAY 3 3 1
DISPLAY 13 5 2
POSITION 0 12 5
POSITION 1 13 4
POSITION 2 2 3
POSITION 3 14 2
PLAYER 1
.
TICK 25
FIELDS 2 4 8 5 10 10 3 13 15 3 10 3 14 5 11 4 9 5 10 5 5 8 7 13 7 3 13 12 1 10 10 7 2 15 2 14 15 14 5 9 15 15 9 4 4 12 13 3 5 5 3 15 13 11 2 6 9 15 15 3 4 3 12 5 5 10 12 5 5 5 12 5 15 10 15 5 5 6 13 6 3 9 5 11 12 14 10 7 4 12
DISPLAY 3 3 1
POSITION 0 12 5
POSITION 1 6 2
POSITION 2 2 3
POSITION 3 0 2
PLAYER 2
.
TICK 25
FIELDS 2 4 8 5 10 10 3 13 15 3 10 3 14 5 11 4 9 5 10 5 5 8 7 13 7 3 13 12 1 10 10 10 7 2 15 2 14 15 14 5 9 15 15 9 4 12 13 3 5 5 3 15 13 11 2 6 9 15 15 3 4 3 12 5 5 10 12 5 5 5 12 5 15 10 15 5 5 6 13 6 3 9 5 11 12 14 10 7 4 12
DISPLAY 3 3 1
POSITION 0 12 5
POSITION 1 7 2
POSITION 2 2 1
POSITION 3 1 2
PLAYER 3
.
TICK 26
FIELDS 2 4 8 5 10 10 3 13 15 3 10 3 12 5 11 4 9 5 10 5 5 8 7 13 7 3 13 15 1 10 10 10 7 2 15 2 14 15 14 5 9 15 15 9 4 12 13 3 5 5 3 15 13 11 2 6 9 15 15 3 4 3 12 5 5 10 12 5 5 5 12 5 7 10 15 5 5 6 13 6 3 9 5 11 12 14 10 2 4 12
DISPLAY 3 3 1
POSITION 0 12 4
POSITION 1 7 2
POSITION 2 2 1
POSITION 3 1 2
PLAYER 0
MESSAGE OK
TARGET 3
EXTRAFIELD 11
.
TICK 26
FIELDS 2 4 8 5 10 10 3 13 15 3 10 3 12 5 11 4 9 5 10 5 5 8 7 13 7 3 13 15 1 10 10 7 2 15 2 14 15 14 5 9 15 15 9 4 11 12 13 3 5 5 3 15 13 11 2 6 9 15 15 3 4 3 12 5 5 10 12 5 5 5 12 5 7 10 15 5 5 6 13 6 3 9 5 11 12 14 10 2 4 12
DISPLAY 3 3 1
POSITION 0 5 2
POSITION 1 6 2
POSITION 2 2 1
POSITION 3 0 2
PLAYER 1
.
TICK 26
FIELDS 2 4 8 5 10 10 3 13 15 3 10 3 12 5 11 4 9 5 10 5 5 8 7 13 7 3 13 15 1 10 10 7 2 15 2 14 15 14 5 9 15 15 9 4 11 10 12 13 3 5 5 3 15 13 11 2 6 9 15 15 4 3 12 5 5 10 12 5 5 5 12 5 7 10 15 5 5 6 13 6 3 9 5 11 12 14 10 2 4 12
DISPLAY 3 3 1
POSITION 0 5 2
POSITION 1 6 2
POSITION 2 2 1
POSITION 3 0 2
PLAYER 2
.
TICK 26
FIELDS 4 4 8 5 10 10 3 13 15 3 10 3 12 5 11 2 9 5 10 5 5 8 7 13 7 3 13 15 1 10 4 7 2 15 2 14 15 14 5 9 15 15 9 4 11 10 12 13 3 5 5 3 15 13 11 2 6 9 15 15 10 3 12 5 5 10 12 5 5 5 12 5 7 10 15 4 5 6 13 6 3 9 5 11 12 14 10 2 4 12
DISPLAY 3 3 1
POSITION 0 5 2
POSITION 1 6 2
POSITION 2 2 1
POSITION 3 0 3
PLAYER 3
.
TICK 27
FIELDS 4 4 8 5 10 10 3 13 15 3 10 3 15 5 11 2 9 5 10 5 5 8 7 13 7 3 13 9 1 10 4 7 2 15 2 14 15 14 5 9 15 15 9 4 11 10 12 13 3 5 5 3 15 13 11 2 6 7 15 15 10 3 12 5 5 10 12 5 5 5 12 5 2 10 15 4 5 6 13 6 3 9 5 11 12 14 10 14 4 12
DISPLAY 3 3 1
POSITION 0 5 2
POSITION 1 6 2
POSITION 2 2 1
POSITION 3 0 3
PLAYER 0
MESSAGE OK
TARGET 3
EXTRAFIELD 10
.
TICK 27
FIELDS 4 4 8 5 10 5 3 13 15 3 10 3 15 5 11 2 9 5 10 5 14 8 7 13 7 3 13 9 1 10 4 7 2 15 2 5 15 14 5 9 15 15 9 4 11 10 12 13 3 5 10 3 15 13 11 2 6 7 15 15 10 3 12 5 5 3 12 5 5 5 12 5 2 10 15 4 5 6 13 6 10 9 5 11 12 14 10 14 4 12
DISPLAY 3 3 1
POSITION 0 5 2
POSITION 1 6 2
POSITION 2 2 1
POSITION 3 0 3
PLAYER 1
.
TICK 27
FIELDS 4 4 8 5 10 5 3 13 15 3 3 3 15 5 11 2 9 5 10 5 14 8 7 13 7 10 13 9 1 10 4 7 2 15 2 5 15 14 5 9 3 15 9 4 11 10 12 13 3 5 10 3 15 13 11 15 6 7 15 15 10 3 12 5 5 3 12 5 5 5 2 5 2 10 15 4 5 6 13 6 10 9 5 11 12 12 10 14 4 12
DISPLAY 3 3 1
POSITION 0 5 2
POSITION 1 6 2
POSITION 2 2 1
POSITION 3 0 3
PLAYER 2
.
TICK 27
FIELDS 5 4 8 5 10 5 3 13 15 3 3 3 15 5 11 4 9 5 10 5 14 8 7 13 7 10 13 9 1 10 2 7 2 15 2 5 15 14 5 9 3 15 9 4 11 4 12 13 3 5 10 3 15 13 11 15 6 7 15 15 10 3 12 5 5 3 12 5 5 5 2 5 2 10 15 10 5 6 13 6 10 9 5 11 12 12 10 14 4 12
DISPLAY 3 3 1
POSITION 0 5 2
POSITION 1 6 2
POSITION 2 2 1
POSITION 3 0 4
PLAYER 3
.
TICK 28
FIELDS 5 4 8 5 10 5 3 13 15 3 3 3 9 5 11 4 9 5 10 5 14 8 7 13 7 10 13 9 1 10 2 7 2 15 2 5 15 14 5 9 3 15 7 4 11 4 12 13 3 5 10 3 15 13 11 15 6 2 15 15 10 3 12 5 5 3 12 5 5 5 2 5 14 10 15 10 5 6 13 6 10 9 5 11 12 12 10 12 4 12
DISPLAY 3 3 1
POSITION 0 5 2
POSITION 1 6 2
POSITION 2 2 1
POSITION 3 0 4
PLAYER 0
MESSAGE OK
TARGET 3
EXTRAFIELD 10
.
END 13
.
