MESSAGE OK
PLAYER 0
LEVEL 5
SIZE 6 7
DISPLAYS 10
MAXTICK 15
.
TICK 0
FIELDS 5 7 10 5 1 10 10 9 5 2 12 5 5 14 10 9 14 12 14 9 9 11 10 11 9 11 3 10 12 12 10 5 2 11 11 4 2 5 2 8 6 15
DISPLAY 0 4 0
DISPLAY 1 1 0
DISPLAY 2 0 5
DISPLAY 3 4 2
DISPLAY 4 5 6
DISPLAY 5 3 3
DISPLAY 6 4 3
DISPLAY 7 2 3
DISPLAY 8 1 3
DISPLAY 9 1 2
POSITION 0 2 6
POSITION 1 3 5
POSITION 2 5 1
POSITION 3 5 4
PLAYER 0
MESSAGE OK
TARGET 1
EXTRAFIELD 15
.
TICK 0
FIELDS 5 9 10 5 1 10 10 14 5 2 12 5 5 9 10 9 14 12 14 11 9 11 10 11 9 5 3 10 12 12 10 5 2 11 11 4 2 15 2 8 6 15
DISPLAY 0 4 0
DISPLAY 2 0 5
DISPLAY 3 4 2
DISPLAY 4 5 6
DISPLAY 5 3 3
DISPLAY 6 4 3
DISPLAY 7 2 3
DISPLAY 8 1 2
DISPLAY 9 1 1
POSITION 0 1 6
POSITION 1 3 5
POSITION 2 5 1
POSITION 3 5 4
PLAYER 1
.
TICK 0
FIELDS 5 15 10 5 1 10 10 9 5 2 12 5 5 14 10 9 14 12 14 9 9 11 10 11 9 11 3 10 12 12 10 5 2 11 11 4 2 5 2 8 6 15
DISPLAY 0 4 0
DISPLAY 2 0 5
DISPLAY 3 4 2
DISPLAY 4 5 6
DISPLAY 5 3 3
DISPLAY 6 4 3
DISPLAY 7 2 3
DISPLAY 8 1 3
DISPLAY 9 1 2
POSITION 0 1 0
POSITION 1 3 5
POSITION 2 5 1
POSITION 3 5 4
PLAYER 2
.
TICK 0
FIELDS 5 15 10 5 1 10 15 10 9 5 2 12 5 14 10 9 14 12 14 9 9 11 10 11 9 11 3 10 12 12 10 5 2 11 11 4 2 5 2 8 6 15
DISPLAY 0 4 0
DISPLAY 2 0 5
DISPLAY 3 4 2
DISPLAY 4 5 6
DISPLAY 5 3 3
DISPLAY 6 4 3
DISPLAY 7 2 3
DISPLAY 8 1 3
DISPLAY 9 1 2
POSITION 0 1 0
POSITION 1 3 5
POSITION 2 0 2
POSITION 3 5 4
PLAYER 3
.
TICK 1
FIELDS 5 15 10 5 1 12 15 10 9 5 2 12 5 14 10 9 14 11 14 9 9 11 10 12 9 11 3 10 12 4 10 5 2 11 11 15 2 5 2 8 6 15
DISPLAY 0 4 0
DISPLAY 2 0 5
DISPLAY 3 4 2
DISPLAY 4 5 5
DISPLAY 5 3 3
DISPLAY 6 4 3
DISPLAY 7 2 3
DISPLAY 8 1 3
DISPLAY 9 1 2
POSITION 0 1 0
POSITION 1 3 5
POSITION 2 0 2
POSITION 3 5 3
PLAYER 0
MESSAGE OK
TARGET 3
EXTRAFIELD 7
.
TICK 1
FIELDS 5 15 10 7 1 12 15 10 9 5 2 12 5 14 10 5 14 11 14 9 9 9 10 12 9 11 3 11 12 4 10 5 2 10 11 15 2 5 2 11 6 15
DISPLAY 0 4 0
DISPLAY 2 0 5
DISPLAY 3 4 2
DISPLAY 4 5 5
DISPLAY 5 3 4
DISPLAY 6 4 3
DISPLAY 7 2 3
DISPLAY 8 1 3
DISPLAY 9 1 2
POSITION 0 3 3
POSITION 1 3 6
POSITION 2 0 2
POSITION 3 5 3
PLAYER 1
.
TICK 1
FIELDS 5 15 10 7 1 12 15 10 9 5 2 12 15 5 14 10 5 14 14 9 9 9 10 12 9 11 3 11 12 4 10 5 2 10 11 15 2 5 2 11 6 15
DISPLAY 0 4 0
DISPLAY 2 0 5
DISPLAY 3 5 2
DISPLAY 4 5 5
DISPLAY 5 3 4
DISPLAY 6 4 3
DISPLAY 7 2 3
DISPLAY 8 1 3
DISPLAY 9 2 2
POSITION 0 3 3
POSITION 1 3 6
POSITION 2 1 2
POSITION 3 5 3
PLAYER 2
.
TICK 1
FIELDS 5 5 10 7 1 12 15 15 9 5 2 12 15 10 14 10 5 14 14 5 9 9 10 12 9 9 3 11 12 4 10 11 2 10 11 15 2 5 2 11 6 15
DISPLAY 0 4 0
DISPLAY 2 0 5
DISPLAY 3 5 2
DISPLAY 4 5 5
DISPLAY 5 3 4
DISPLAY 6 4 3
DISPLAY 7 2 3
DISPLAY 8 1 4
DISPLAY 9 2 2
POSITION 0 3 3
POSITION 1 3 6
POSITION 2 1 4
POSITION 3 5 3
PLAYER 3
.
TICK 2
FIELDS 5 5 10 7 1 10 15 15 9 5 2 12 15 10 14 10 5 12 14 5 9 9 10 14 9 9 3 11 12 12 10 11 2 10 11 4 2 5 2 11 6 15
DISPLAY 0 4 0
DISPLAY 2 0 5
DISPLAY 3 5 3
DISPLAY 4 5 6
DISPLAY 5 3 4
DISPLAY 6 4 3
DISPLAY 7 2 3
DISPLAY 8 1 4
DISPLAY 9 2 2
POSITION 0 3 3
POSITION 1 3 6
POSITION 2 1 4
POSITION 3 5 4
PLAYER 0
MESSAGE OK
TARGET 3
EXTRAFIELD 8
.
TICK 2
FIELDS 5 5 10 7 1 10 15 15 9 5 2 12 8 15 10 14 10 5 14 5 9 9 10 14 9 9 3 11 12 12 10 11 2 10 11 4 2 5 2 11 6 15
DISPLAY 0 4 0
DISPLAY 2 0 5
DISPLAY 4 5 6
DISPLAY 5 3 4
DISPLAY 6 4 3
DISPLAY 7 2 3
DISPLAY 8 1 4
DISPLAY 9 3 2
POSITION 0 5 3
POSITION 1 3 6
POSITION 2 1 4
POSITION 3 5 4
PLAYER 1
.
TICK 2
FIELDS 5 5 10 7 2 10 15 15 9 5 10 12 8 15 10 14 10 5 14 5 9 9 12 14 9 9 3 11 11 12 10 11 2 10 6 4 2 5 2 11 11 15
DISPLAY 0 4 6
DISPLAY 2 0 5
DISPLAY 4 5 6
DISPLAY 5 3 4
DISPLAY 6 4 2
DISPLAY 7 2 3
DISPLAY 8 1 4
DISPLAY 9 3 2
POSITION 0 5 3
POSITION 1 3 6
POSITION 2 1 4
POSITION 3 5 4
PLAYER 2
.
TICK 2
FIELDS 5 5 10 7 2 10 15 5 9 5 10 12 8 15 10 14 10 5 14 15 9 9 12 14 9 5 3 11 11 12 10 9 2 10 6 4 2 11 2 11 11 15
DISPLAY 0 4 6
DISPLAY 2 0 5
DISPLAY 4 5 6
DISPLAY 5 3 4
DISPLAY 6 4 2
DISPLAY 7 2 3
DISPLAY 8 1 5
DISPLAY 9 3 2
POSITION 0 5 3
POSITION 1 3 6
POSITION 2 0 4
POSITION 3 5 4
PLAYER 3
.
TICK 3
FIELDS 5 5 10 7 2 12 15 5 9 5 10 5 8 15 10 14 10 14 14 15 9 9 12 12 9 5 3 11 11 4 10 9 2 10 6 15 2 11 2 11 11 15
DISPLAY 0 4 6
DISPLAY 2 0 5
DISPLAY 4 5 5
DISPLAY 5 3 4
DISPLAY 6 4 2
DISPLAY 7 2 3
DISPLAY 8 1 5
DISPLAY 9 3 2
POSITION 0 5 2
POSITION 1 3 6
POSITION 2 0 4
POSITION 3 5 3
PLAYER 0
MESSAGE OK
TARGET 4
EXTRAFIELD 12
.
TICK 3
FIELDS 5 5 10 7 12 12 15 5 9 5 2 5 8 15 10 14 10 14 14 15 9 9 10 12 9 5 3 11 12 4 10 9 2 10 11 15 2 11 2 11 6 15
DISPLAY 0 4 0
DISPLAY 2 0 5
DISPLAY 4 5 5
DISPLAY 5 3 4
DISPLAY 6 4 3
DISPLAY 7 2 3
DISPLAY 8 1 5
DISPLAY 9 3 2
POSITION 0 0 4
POSITION 1 3 6
POSITION 2 0 4
POSITION 3 5 3
PLAYER 1
.
TICK 3
FIELDS 5 5 10 7 12 12 15 5 9 5 2 5 8 15 10 14 10 14 15 9 9 10 12 1 9 5 3 11 12 4 10 9 2 10 11 15 2 11 2 11 6 15
DISPLAY 0 4 0
DISPLAY 2 0 5
DISPLAY 4 5 5
DISPLAY 5 3 4
DISPLAY 6 3 3
DISPLAY 7 1 3
DISPLAY 8 1 5
DISPLAY 9 3 2
POSITION 0 0 4
POSITION 1 3 6
POSITION 2 0 4
POSITION 3 4 3
PLAYER 2
.
TICK 3
FIELDS 5 5 10 7 12 12 5 5 9 5 2 5 15 15 10 14 10 14 8 9 9 10 12 1 15 5 3 11 12 4 9 9 2 10 11 15 10 11 2 11 6 15
DISPLAY 0 4 0
DISPLAY 2 0 6
DISPLAY 4 5 5
DISPLAY 5 3 4
DISPLAY 6 3 3
DISPLAY 7 1 3
DISPLAY 8 1 5
DISPLAY 9 3 2
POSITION 0 0 5
POSITION 1 3 6
POSITION 2 0 5
POSITION 3 4 3
PLAYER 3
.
TICK 4
FIELDS 5 5 10 7 12 5 5 5 9 5 2 14 15 15 10 14 10 1 8 9 9 10 12 4 15 5 3 11 12 15 9 9 2 10 11 15 10 11 2 11 6 10
DISPLAY 0 4 0
DISPLAY 2 0 6
DISPLAY 4 5 4
DISPLAY 5 3 4
DISPLAY 6 3 3
DISPLAY 7 1 3
DISPLAY 8 1 5
DISPLAY 9 3 2
POSITION 0 0 5
POSITION 1 3 6
POSITION 2 0 5
POSITION 3 4 3
PLAYER 0
MESSAGE OK
TARGET 4
EXTRAFIELD 11
.
TICK 4
FIELDS 5 5 10 7 12 5 5 5 9 5 2 14 15 15 10 14 10 1 8 9 9 10 12 4 13 15 5 3 11 12 9 9 2 10 11 15 10 11 2 11 6 10
DISPLAY 0 4 0
DISPLAY 2 0 6
DISPLAY 5 4 4
DISPLAY 6 3 3
DISPLAY 7 1 3
DISPLAY 8 1 5
DISPLAY 9 3 2
POSITION 0 0 4
POSITION 1 3 6
POSITION 2 0 5
POSITION 3 4 3
PLAYER 1
.
TICK 4
FIELDS 5 5 10 7 2 5 5 5 9 5 10 14 15 15 10 14 12 1 8 9 9 10 11 4 13 15 5 3 11 12 9 9 2 10 6 15 10 11 2 11 14 10
DISPLAY 0 4 6
DISPLAY 2 0 6
DISPLAY 5 4 3
DISPLAY 6 3 3
DISPLAY 7 1 3
DISPLAY 8 1 5
DISPLAY 9 3 2
POSITION 0 0 4
POSITION 1 3 6
POSITION 2 0 5
POSITION 3 4 2
PLAYER 2
.
TICK 4
FIELDS 5 2 10 7 2 5 5 5 9 5 10 14 15 5 10 14 12 1 8 15 9 10 11 4 13 9 5 3 11 12 9 15 2 10 6 15 10 9 2 11 14 10
DISPLAY 0 4 6
DISPLAY 2 0 6
DISPLAY 5 4 3
DISPLAY 6 3 3
DISPLAY 7 1 4
DISPLAY 8 1 6
DISPLAY 9 3 2
POSITION 0 0 4
POSITION 1 3 6
POSITION 2 0 5
POSITION 3 4 2
PLAYER 3
.
TICK 5
FIELDS 5 2 10 7 2 14 5 5 9 5 10 1 15 5 10 14 12 4 8 15 9 10 11 12 13 9 5 3 11 15 9 15 2 10 6 10 10 9 2 11 14 12
DISPLAY 0 4 6
DISPLAY 2 0 6
DISPLAY 5 4 3
DISPLAY 6 3 3
DISPLAY 7 1 4
DISPLAY 8 1 6
DISPLAY 9 3 2
POSITION 0 0 4
POSITION 1 3 6
POSITION 2 0 5
POSITION 3 4 2
PLAYER 0
MESSAGE OK
TARGET 2
EXTRAFIELD 15
.
TICK 5
FIELDS 15 2 10 7 2 14 5 5 9 5 10 1 5 5 10 14 12 4 15 15 9 10 11 12 8 9 5 3 11 15 13 15 2 10 6 10 9 9 2 11 14 12
DISPLAY 0 4 6
DISPLAY 2 0 0
DISPLAY 5 4 3
DISPLAY 6 3 3
DISPLAY 7 1 4
DISPLAY 8 1 6
DISPLAY 9 3 2
POSITION 0 0 6
POSITION 1 3 6
POSITION 2 0 6
POSITION 3 4 2
PLAYER 1
.
TICK 5
FIELDS 15 2 9 7 2 14 5 5 10 5 10 1 5 5 9 14 12 4 15 15 5 10 11 12 8 9 2 3 11 15 13 15 2 10 6 10 9 9 12 11 14 12
DISPLAY 0 4 6
DISPLAY 2 0 0
DISPLAY 5 4 3
DISPLAY 6 3 3
DISPLAY 7 1 4
DISPLAY 8 1 6
DISPLAY 9 3 2
POSITION 0 0 6
POSITION 1 3 6
POSITION 2 0 6
POSITION 3 4 2
PLAYER 2
.
TICK 5
FIELDS 15 2 9 7 2 14 5 5 10 5 10 1 5 5 9 14 12 4 15 15 5 10 11 12 8 9 2 3 11 15 13 15 2 10 6 10 9 12 11 14 12 11
DISPLAY 0 3 6
DISPLAY 2 0 0
DISPLAY 5 4 3
DISPLAY 6 3 3
DISPLAY 7 1 4
DISPLAY 8 0 6
DISPLAY 9 3 2
POSITION 0 5 6
POSITION 1 2 6
POSITION 2 5 6
POSITION 3 4 2
PLAYER 3
.
TICK 6
FIELDS 15 2 9 7 2 5 5 5 10 5 10 14 5 5 9 14 12 1 15 15 5 10 11 4 8 9 2 3 11 12 13 15 2 10 6 15 9 12 11 14 12 10
DISPLAY 0 3 6
DISPLAY 2 0 0
DISPLAY 5 4 3
DISPLAY 6 3 3
DISPLAY 7 1 4
DISPLAY 8 0 6
DISPLAY 9 3 2
POSITION 0 5 0
POSITION 1 2 6
POSITION 2 5 0
POSITION 3 4 2
PLAYER 0
MESSAGE OK
TARGET 2
EXTRAFIELD 10
.
TICK 6
FIELDS 10 15 2 9 7 2 5 5 10 5 10 14 5 5 9 14 12 1 15 15 5 10 11 4 8 9 2 3 11 12 13 15 2 10 6 15 9 12 11 14 12 10
DISPLAY 0 3 6
DISPLAY 5 4 3
DISPLAY 6 3 3
DISPLAY 7 1 4
DISPLAY 8 0 6
DISPLAY 9 3 2
POSITION 0 1 0
POSITION 1 2 6
POSITION 2 0 0
POSITION 3 4 2
PLAYER 1
.
TICK 6
FIELDS 10 15 2 9 10 2 5 5 10 5 12 14 5 5 9 14 11 1 15 15 5 10 11 4 8 9 2 3 6 12 13 15 2 10 12 15 9 12 11 14 10 10
DISPLAY 0 3 6
DISPLAY 5 4 2
DISPLAY 6 3 3
DISPLAY 7 1 4
DISPLAY 8 0 6
DISPLAY 9 3 2
POSITION 0 1 0
POSITION 1 2 6
POSITION 2 0 0
POSITION 3 4 1
PLAYER 2
.
TICK 6
FIELDS 10 15 2 9 10 2 5 5 10 5 12 14 5 9 14 11 1 9 15 15 5 10 11 4 8 9 2 3 6 12 13 15 2 10 12 15 9 12 11 14 10 10
DISPLAY 0 3 6
DISPLAY 6 3 3
DISPLAY 7 1 4
DISPLAY 8 0 6
DISPLAY 9 2 2
POSITION 0 1 0
POSITION 1 2 6
POSITION 2 3 2
POSITION 3 4 1
PLAYER 3
.
TICK 7
FIELDS 10 15 2 9 10 11 5 5 10 5 12 2 5 9 14 11 1 14 15 15 5 10 11 9 8 9 2 3 6 4 13 15 2 10 12 12 9 12 11 14 10 15
DISPLAY 0 3 6
DISPLAY 6 3 3
DISPLAY 7 1 4
DISPLAY 8 0 6
DISPLAY 9 2 2
POSITION 0 1 0
POSITION 1 2 6
POSITION 2 3 2
POSITION 3 4 1
PLAYER 0
MESSAGE OK
TARGET 6
EXTRAFIELD 5
.
TICK 7
FIELDS 10 15 2 5 10 11 5 5 10 11 12 2 5 9 14 10 1 14 15 15 5 3 11 9 8 9 2 10 6 4 13 15 2 14 12 12 9 12 11 5 10 15
DISPLAY 0 3 5
DISPLAY 7 1 4
DISPLAY 8 0 6
DISPLAY 9 2 2
POSITION 0 3 2
POSITION 1 2 6
POSITION 2 3 1
POSITION 3 4 1
PLAYER 1
.
TICK 7
FIELDS 10 15 2 5 10 11 5 5 10 11 12 2 5 9 14 10 1 14 15 15 5 3 11 9 8 9 2 10 6 4 13 15 2 14 12 12 12 11 5 10 15 7
DISPLAY 0 3 5
DISPLAY 7 1 4
DISPLAY 8 5 6
DISPLAY 9 2 2
POSITION 0 3 2
POSITION 1 1 6
POSITION 2 3 1
POSITION 3 4 1
PLAYER 2
.
TICK 7
FIELDS 10 15 2 5 10 11 5 5 10 5 12 2 5 9 14 11 1 14 15 15 5 10 11 9 8 9 2 3 6 4 13 15 2 10 12 12 12 11 5 14 15 7
DISPLAY 0 3 6
DISPLAY 7 1 4
DISPLAY 8 5 6
POSITION 0 3 3
POSITION 1 1 6
POSITION 2 2 2
POSITION 3 4 1
PLAYER 3
.
TICK 8
FIELDS 10 15 2 5 10 10 5 5 10 5 12 11 5 9 14 11 1 2 15 15 5 10 11 14 8 9 2 3 6 9 13 15 2 10 12 4 12 11 5 14 15 12
DISPLAY 0 3 6
DISPLAY 7 1 4
DISPLAY 8 5 0
POSITION 0 3 3
POSITION 1 1 6
POSITION 2 2 2
POSITION 3 4 1
PLAYER 0
MESSAGE OK
TARGET 7
EXTRAFIELD 9
.
TICK 8
FIELDS 10 15 9 5 10 10 5 5 2 5 12 11 5 9 10 11 1 2 15 15 14 10 11 14 8 9 5 3 6 9 13 15 2 10 12 4 12 11 2 14 15 12
DISPLAY 0 3 6
DISPLAY 8 5 0
POSITION 0 1 4
POSITION 1 1 6
POSITION 2 2 3
POSITION 3 4 1
PLAYER 1
.
TICK 8
FIELDS 10 15 9 5 10 10 5 5 2 5 12 11 9 5 9 10 11 1 15 15 14 10 11 14 8 9 5 3 6 9 13 15 2 10 12 4 12 11 2 14 15 12
DISPLAY 0 3 6
DISPLAY 8 5 0
POSITION 0 1 4
POSITION 1 1 6
POSITION 2 2 3
POSITION 3 4 1
PLAYER 2
.
TICK 8
FIELDS 10 15 2 5 10 10 5 5 9 5 12 11 9 5 14 10 11 1 15 15 5 10 11 14 8 9 2 3 6 9 13 15 2 10 12 4 12 11 10 14 15 12
DISPLAY 0 3 6
DISPLAY 8 5 0
POSITION 0 1 4
POSITION 1 1 6
POSITION 2 5 1
POSITION 3 4 1
PLAYER 3
.
TICK 9
FIELDS 10 15 2 5 10 11 5 5 9 5 12 1 9 5 14 10 11 14 15 15 5 10 11 9 8 9 2 3 6 4 13 15 2 10 12 12 12 11 10 14 15 7
DISPLAY 0 3 6
DISPLAY 8 5 6
POSITION 0 1 4
POSITION 1 1 6
POSITION 2 5 0
POSITION 3 4 1
PLAYER 0
MESSAGE OK
TARGET 0
EXTRAFIELD 5
.
TICK 9
FIELDS 5 15 2 5 10 11 10 5 9 5 12 1 5 5 14 10 11 14 9 15 5 10 11 9 15 9 2 3 6 4 8 15 2 10 12 12 13 11 10 14 15 7
DISPLAY 0 3 6
DISPLAY 8 5 6
POSITION 0 2 0
POSITION 1 1 6
POSITION 2 5 0
POSITION 3 4 1
PLAYER 1
.
TICK 9
FIELDS 5 15 2 5 10 2 10 5 9 5 12 11 5 5 14 10 11 1 9 15 5 10 11 14 15 9 2 3 6 9 8 15 2 10 12 4 13 11 10 14 15 12
DISPLAY 8 5 0
POSITION 0 2 0
POSITION 1 3 6
POSITION 2 5 1
POSITION 3 4 1
PLAYER 2
.
END 6
.
