MESSAGE OK
PLAYER 0
LEVEL 2
SIZE 11 9
DISPLAYS 10
MAXTICK 18
.
TICK 0
FIELDS 5 13 10 9 10 6 13 5 15 9 12 13 8 14 11 12 5 9 6 3 4 8 12 14 6 13 2 9 10 14 5 4 15 7 7 9 11 6 8 5 12 10 5 15 10 12 15 5 3 9 5 10 9 5 5 5 6 7 2 8 1 9 7 8 11 12 5 10 1 11 15 14 2 5 15 9 13 5 5 10 10 5 5 15 8 11 4 9 5 5 13 10 9 4 8 3 5 6 7
DISPLAY 0 9 7
DISPLAY 1 8 4
DISPLAY 2 6 5
DISPLAY 3 3 4
DISPLAY 4 1 5
DISPLAY 5 9 1
DISPLAY 6 9 8
DISPLAY 7 4 0
DISPLAY 8 1 3
DISPLAY 9 2 3
POSITION 0 5 7
POSITION 1 9 6
POSITION 2 5 1
POSITION 3 6 4
PLAYER 0
MESSAGE OK
TARGET 9
EXTRAFIELD 15
.
TICK 0
FIELDS 5 13 10 9 10 6 13 5 15 9 12 13 8 14 11 12 5 9 6 3 4 8 12 14 6 13 2 9 10 14 5 4 15 7 7 9 11 6 8 5 12 10 5 15 10 12 15 5 3 9 5 10 9 5 5 15 5 6 7 2 8 1 9 7 8 11 5 10 1 11 15 14 2 5 15 9 13 5 5 10 10 5 5 15 8 11 4 9 5 5 13 10 9 4 8 3 5 6 7
DISPLAY 0 9 7
DISPLAY 1 8 4
DISPLAY 2 7 5
DISPLAY 3 3 4
DISPLAY 4 2 5
DISPLAY 5 9 1
DISPLAY 6 9 8
DISPLAY 7 4 0
DISPLAY 8 1 3
DISPLAY 9 2 3
POSITION 0 3 4
POSITION 1 9 6
POSITION 2 5 1
POSITION 3 6 4
PLAYER 1
.
TICK 0
FIELDS 5 13 10 9 10 6 13 5 15 9 12 13 8 14 11 12 5 9 6 3 4 8 12 14 6 13 2 9 10 14 5 4 15 7 7 9 11 6 8 5 12 10 5 15 10 12 15 5 3 9 5 10 9 5 5 15 5 6 7 2 8 1 9 7 8 11 5 10 1 11 15 14 2 5 15 9 13 15 5 5 10 10 5 5 15 8 11 4 5 5 13 10 9 4 8 3 5 6 7
DISPLAY 0 10 7
DISPLAY 1 8 4
DISPLAY 2 7 5
DISPLAY 3 3 4
DISPLAY 4 2 5
DISPLAY 5 9 1
DISPLAY 6 9 8
DISPLAY 7 4 0
DISPLAY 8 1 3
DISPLAY 9 2 3
POSITION 0 3 4
POSITION 1 9 6
POSITION 2 5 1
POSITION 3 6 4
PLAYER 2
.
TICK 0
FIELDS 15 13 10 9 10 6 13 5 15 9 12 5 8 14 11 12 5 9 6 3 4 8 13 14 6 13 2 9 10 14 5 4 15 12 7 9 11 6 8 5 12 10 5 15 7 12 15 5 3 9 5 10 9 5 5 10 5 6 7 2 8 1 9 7 8 11 15 10 1 11 15 14 2 5 15 9 13 5 5 5 10 10 5 5 15 8 11 4 15 5 13 10 9 4 8 3 5 6 7
DISPLAY 0 10 7
DISPLAY 1 8 4
DISPLAY 2 7 5
DISPLAY 3 3 4
DISPLAY 4 2 5
DISPLAY 5 9 1
DISPLAY 6 9 8
DISPLAY 8 1 3
DISPLAY 9 2 3
POSITION 0 3 4
POSITION 1 9 6
POSITION 2 4 0
POSITION 3 6 4
PLAYER 3
.
TICK 1
FIELDS 15 13 10 9 10 6 13 5 15 9 12 5 8 14 11 12 5 9 6 3 4 8 13 14 6 13 2 9 10 14 5 4 15 12 7 9 11 6 8 5 12 10 5 15 7 12 15 5 3 9 5 10 9 5 5 10 5 6 7 2 8 1 9 7 8 11 15 10 1 11 15 14 2 5 15 9 13 5 5 5 10 10 5 5 15 8 11 4 5 13 10 9 4 8 3 5 6 7 15
DISPLAY 0 10 7
DISPLAY 1 8 4
DISPLAY 2 7 5
DISPLAY 3 3 4
DISPLAY 4 2 5
DISPLAY 5 9 1
DISPLAY 6 8 8
DISPLAY 8 1 3
DISPLAY 9 2 3
POSITION 0 3 4
POSITION 1 9 6
POSITION 2 4 0
POSITION 3 6 4
PLAYER 0
MESSAGE OK
TARGET 9
EXTRAFIELD 12
.
TICK 1
FIELDS 15 13 10 9 10 6 13 5 15 9 12 5 8 14 11 12 5 9 6 3 4 8 13 14 6 13 2 9 10 14 5 4 15 12 7 9 11 6 8 5 12 10 5 15 12 7 12 15 5 3 9 5 10 9 5 10 5 6 7 2 8 1 9 7 8 11 15 10 1 11 15 14 2 5 15 9 13 5 5 5 10 10 5 5 15 8 11 4 5 13 10 9 4 8 3 5 6 7 15
DISPLAY 0 10 7
DISPLAY 1 9 4
DISPLAY 2 7 5
DISPLAY 3 4 4
DISPLAY 4 2 5
DISPLAY 5 9 1
DISPLAY 6 8 8
DISPLAY 8 1 3
POSITION 0 2 3
POSITION 1 9 6
POSITION 2 4 0
POSITION 3 7 4
PLAYER 1
.
TICK 1
FIELDS 15 13 10 9 10 6 13 5 15 4 12 5 8 14 11 12 5 9 6 3 4 8 13 14 6 13 2 9 10 14 5 5 15 12 7 9 11 6 8 5 12 10 9 15 12 7 12 15 5 3 9 5 10 8 5 10 5 6 7 2 8 1 9 7 9 11 15 10 1 11 15 14 2 5 15 11 13 5 5 5 10 10 5 5 15 8 7 4 5 13 10 9 4 8 3 5 6 9 15
DISPLAY 0 10 7
DISPLAY 1 9 3
DISPLAY 2 7 5
DISPLAY 3 4 4
DISPLAY 4 2 5
DISPLAY 5 9 0
DISPLAY 6 8 8
DISPLAY 8 1 3
POSITION 0 2 3
POSITION 1 9 5
POSITION 2 4 0
POSITION 3 7 4
PLAYER 2
.
TICK 1
FIELDS 15 13 10 9 10 6 13 5 15 4 12 5 8 14 11 12 5 9 6 3 4 8 13 14 6 13 2 9 10 14 5 5 15 5 12 7 9 11 6 8 5 12 10 9 12 7 12 15 5 3 9 5 10 8 5 10 5 6 7 2 8 1 9 7 9 11 15 10 1 11 15 14 2 5 15 11 13 5 5 5 10 10 5 5 15 8 7 4 5 13 10 9 4 8 3 5 6 9 15
DISPLAY 0 10 7
DISPLAY 1 10 3
DISPLAY 3 4 4
DISPLAY 4 2 5
DISPLAY 5 9 0
DISPLAY 6 8 8
DISPLAY 8 2 3
POSITION 0 3 3
POSITION 1 9 5
POSITION 2 7 5
POSITION 3 7 4
PLAYER 3
.
TICK 2
FIELDS 15 13 10 9 10 6 13 5 15 4 12 5 8 14 11 12 5 9 6 3 4 8 13 14 6 13 2 9 10 14 5 5 15 5 12 7 9 11 6 8 5 12 10 9 12 7 12 15 5 3 9 5 10 8 5 10 5 6 7 2 8 1 9 7 9 11 15 10 1 11 15 14 2 5 15 11 13 5 5 5 10 10 5 5 15 8 7 4 15 5 13 10 9 4 8 3 5 6 9
DISPLAY 0 10 7
DISPLAY 1 10 3
DISPLAY 3 4 4
DISPLAY 4 2 5
DISPLAY 5 9 0
DISPLAY 6 9 8
DISPLAY 8 2 3
POSITION 0 3 3
POSITION 1 9 5
POSITION 2 7 5
POSITION 3 7 4
PLAYER 0
MESSAGE OK
TARGET 4
EXTRAFIELD 5
.
TICK 2
FIELDS 15 13 10 9 10 6 13 5 15 4 12 5 8 14 11 12 5 9 6 3 4 8 13 14 6 13 2 9 10 14 5 5 15 12 7 9 11 6 8 5 12 10 9 5 12 7 12 15 5 3 9 5 10 8 5 10 5 6 7 2 8 1 9 7 9 11 15 10 1 11 15 14 2 5 15 11 13 5 5 5 10 10 5 5 15 8 7 4 15 5 13 10 9 4 8 3 5 6 9
DISPLAY 0 10 7
DISPLAY 1 9 3
DISPLAY 3 4 4
DISPLAY 4 2 5
DISPLAY 5 9 0
DISPLAY 6 9 8
DISPLAY 8 1 3
POSITION 0 4 4
POSITION 1 9 5
POSITION 2 7 5
POSITION 3 7 4
PLAYER 1
.
TICK 2
FIELDS 15 13 10 9 10 6 9 5 15 4 12 5 8 14 11 12 5 13 6 3 4 8 13 14 6 13 2 9 9 14 5 5 15 12 7 9 11 6 8 10 12 10 9 5 12 7 12 15 5 3 5 5 10 8 5 10 5 6 7 2 8 9 9 7 9 11 15 10 1 11 15 14 1 5 15 11 13 5 5 5 10 10 5 2 15 8 7 4 15 5 13 10 9 4 5 3 5 6 9
DISPLAY 0 10 7
DISPLAY 1 9 3
DISPLAY 3 4 4
DISPLAY 4 2 5
DISPLAY 5 9 0
DISPLAY 6 9 8
DISPLAY 8 1 3
POSITION 0 4 4
POSITION 1 9 5
POSITION 2 7 5
POSITION 3 7 4
PLAYER 2
.
TICK 2
FIELDS 15 13 10 9 10 6 9 5 15 4 12 5 8 14 11 12 5 13 6 3 5 8 13 14 6 13 2 9 9 14 5 9 15 12 7 9 11 6 8 10 12 10 8 5 12 7 12 15 5 3 5 5 10 9 5 10 5 6 7 2 8 9 9 7 11 11 15 10 1 11 15 14 1 5 15 7 13 5 5 5 10 10 5 2 15 8 6 4 15 5 13 10 9 4 5 3 5 15 9
DISPLAY 0 10 7
DISPLAY 1 9 2
DISPLAY 3 4 4
DISPLAY 4 2 5
DISPLAY 5 9 8
DISPLAY 6 9 7
DISPLAY 8 1 3
POSITION 0 4 4
POSITION 1 9 4
POSITION 2 9 6
POSITION 3 7 4
PLAYER 3
.
TICK 3
FIELDS 15 13 10 9 10 6 9 5 15 4 12 5 8 14 11 12 5 13 6 3 5 8 13 14 6 13 2 9 9 14 5 9 15 12 7 9 11 6 8 10 12 10 8 5 12 7 12 15 5 3 5 5 10 9 5 10 5 6 7 2 8 9 9 7 11 11 15 10 1 11 15 14 1 5 15 7 13 5 5 5 10 10 5 2 15 8 6 4 15 15 5 13 10 9 4 5 3 5 15
DISPLAY 0 10 7
DISPLAY 1 9 2
DISPLAY 3 4 4
DISPLAY 4 2 5
DISPLAY 5 10 8
DISPLAY 6 9 7
DISPLAY 8 1 3
POSITION 0 4 4
POSITION 1 9 4
POSITION 2 9 6
POSITION 3 7 4
PLAYER 0
MESSAGE OK
TARGET 4
EXTRAFIELD 5
.
TICK 3
FIELDS 15 13 10 9 10 6 9 5 15 4 12 5 8 14 11 12 5 13 6 3 5 8 13 14 6 13 2 9 9 14 5 9 15 12 7 9 11 6 8 10 12 10 8 5 12 7 12 15 5 3 5 5 10 9 5 5 10 5 6 7 2 8 9 9 7 11 15 10 1 11 15 14 1 5 15 7 13 5 5 5 10 10 5 2 15 8 6 4 15 15 5 13 10 9 4 5 3 5 15
DISPLAY 0 10 7
DISPLAY 1 9 2
DISPLAY 3 4 4
DISPLAY 5 10 8
DISPLAY 6 9 7
DISPLAY 8 1 3
POSITION 0 3 5
POSITION 1 9 4
POSITION 2 9 6
POSITION 3 7 4
PLAYER 1
.
TICK 3
FIELDS 13 10 9 10 6 9 5 15 4 12 8 5 8 14 11 12 5 13 6 3 5 8 13 14 6 13 2 9 9 14 5 9 15 12 7 9 11 6 8 10 12 10 8 5 12 7 12 15 5 3 5 5 10 9 5 5 10 5 6 7 2 8 9 9 7 11 15 10 1 11 15 14 1 5 15 7 13 5 5 5 10 10 5 2 15 8 6 4 15 15 5 13 10 9 4 5 3 5 15
DISPLAY 0 10 7
DISPLAY 1 9 2
DISPLAY 3 4 4
DISPLAY 5 10 8
DISPLAY 6 9 7
DISPLAY 8 1 3
POSITION 0 3 5
POSITION 1 9 4
POSITION 2 9 6
POSITION 3 7 4
PLAYER 2
.
TICK 3
FIELDS 4 10 9 10 6 9 5 15 4 12 8 13 8 14 11 12 5 13 6 3 5 8 5 14 6 13 2 9 9 14 5 9 15 13 7 9 11 6 8 10 12 10 8 5 12 7 12 15 5 3 5 5 10 9 5 12 10 5 6 7 2 8 9 9 7 11 5 10 1 11 15 14 1 5 15 7 13 15 5 5 10 10 5 2 15 8 6 4 5 15 5 13 10 9 4 5 3 5 15
DISPLAY 0 10 7
DISPLAY 1 9 2
DISPLAY 3 4 4
DISPLAY 5 10 8
DISPLAY 6 9 7
DISPLAY 8 1 3
POSITION 0 3 5
POSITION 1 9 4
POSITION 2 9 6
POSITION 3 7 4
PLAYER 3
.
TICK 4
FIELDS 4 10 9 10 6 9 5 15 4 12 8 13 8 14 11 12 5 13 6 3 5 8 5 14 6 13 2 9 9 14 5 9 15 13 7 9 11 6 8 10 12 10 8 5 12 7 12 15 5 3 5 5 10 9 5 12 10 5 6 7 2 8 9 9 7 11 5 10 1 11 15 14 1 5 15 7 13 15 5 5 10 10 5 2 15 8 6 4 9 5 15 5 13 10 9 4 5 3 5
DISPLAY 0 10 7
DISPLAY 1 9 2
DISPLAY 3 4 4
DISPLAY 5 0 8
DISPLAY 6 9 7
DISPLAY 8 1 3
POSITION 0 3 5
POSITION 1 9 4
POSITION 2 9 6
POSITION 3 7 4
PLAYER 0
MESSAGE OK
TARGET 6
EXTRAFIELD 11
.
TICK 4
FIELDS 13 10 9 10 6 9 5 15 4 12 8 5 8 14 11 12 5 13 6 3 5 8 13 14 6 13 2 9 9 14 5 9 15 12 7 9 11 6 8 10 12 10 8 5 12 7 12 15 5 3 5 5 10 9 5 5 10 5 6 7 2 8 9 9 7 11 15 10 1 11 15 14 1 5 15 7 13 9 5 5 10 10 5 2 15 8 6 4 11 5 15 5 13 10 9 4 5 3 5
DISPLAY 0 10 7
DISPLAY 1 9 2
DISPLAY 3 4 4
DISPLAY 5 0 7
DISPLAY 6 9 7
DISPLAY 8 1 3
POSITION 0 0 6
POSITION 1 9 4
POSITION 2 9 6
POSITION 3 7 4
PLAYER 1
.
TICK 4
FIELDS 13 10 9 10 6 9 5 15 4 12 8 5 8 14 11 12 5 13 6 3 5 8 14 6 13 2 9 9 14 5 9 15 15 12 7 9 11 6 8 10 12 10 8 5 12 7 12 15 5 3 5 5 10 9 5 5 10 5 6 7 2 8 9 9 7 11 15 10 1 11 15 14 1 5 15 7 13 9 5 5 10 10 5 2 15 8 6 4 11 5 15 5 13 10 9 4 5 3 5
DISPLAY 0 10 7
DISPLAY 1 8 2
DISPLAY 3 4 4
DISPLAY 5 0 7
DISPLAY 6 9 7
DISPLAY 8 1 3
POSITION 0 0 6
POSITION 1 9 4
POSITION 2 9 6
POSITION 3 7 4
PLAYER 2
.
TICK 4
FIELDS 15 10 9 10 6 9 5 15 4 12 8 13 8 14 11 12 5 13 6 3 5 8 5 6 13 2 9 9 14 5 9 15 15 14 7 9 11 6 8 10 12 10 8 5 12 7 12 15 5 3 5 5 10 9 5 12 10 5 6 7 2 8 9 9 7 11 5 10 1 11 15 14 1 5 15 7 13 15 5 5 10 10 5 2 15 8 6 4 9 5 15 5 13 10 9 4 5 3 5
DISPLAY 0 10 7
DISPLAY 1 8 2
DISPLAY 3 4 4
DISPLAY 5 0 8
DISPLAY 6 9 7
DISPLAY 8 1 3
POSITION 0 0 7
POSITION 1 9 4
POSITION 2 9 6
POSITION 3 7 4
PLAYER 3
.
TICK 5
FIELDS 15 10 9 10 6 9 5 15 4 12 8 13 8 14 11 12 5 13 6 3 5 8 5 6 13 2 9 9 14 5 9 15 15 14 7 9 11 6 8 10 12 10 8 5 12 7 12 15 5 3 5 5 10 9 5 12 10 5 6 7 2 8 9 9 7 11 5 10 1 11 15 14 1 5 15 7 13 15 5 5 10 10 5 2 15 8 6 4 5 15 5 13 10 9 4 5 3 5 15
DISPLAY 0 10 7
DISPLAY 1 8 2
DISPLAY 3 4 4
DISPLAY 5 10 8
DISPLAY 6 9 7
DISPLAY 8 1 3
POSITION 0 0 7
POSITION 1 9 4
POSITION 2 9 6
POSITION 3 7 4
PLAYER 0
MESSAGE OK
TARGET 6
EXTRAFIELD 4
.
TICK 5
FIELDS 4 10 9 10 6 9 5 15 4 12 8 15 8 14 11 12 5 13 6 3 5 8 13 6 13 2 9 9 14 5 9 15 15 5 7 9 11 6 8 10 12 10 8 5 14 7 12 15 5 3 5 5 10 9 5 12 10 5 6 7 2 8 9 9 7 11 12 10 1 11 15 14 1 5 15 7 13 5 5 5 10 10 5 2 15 8 6 4 15 15 5 13 10 9 4 5 3 5 15
DISPLAY 0 10 7
DISPLAY 1 8 2
DISPLAY 3 4 4
DISPLAY 5 10 8
DISPLAY 6 9 7
DISPLAY 8 1 3
POSITION 0 0 8
POSITION 1 9 4
POSITION 2 9 6
POSITION 3 7 4
PLAYER 1
.
TICK 5
FIELDS 4 10 9 10 6 9 5 15 4 12 8 15 8 14 11 12 5 13 6 3 5 8 13 6 13 2 9 9 14 5 9 15 15 5 7 9 11 6 8 10 12 10 8 5 7 12 15 5 3 5 5 10 9 5 13 12 10 5 6 7 2 8 9 9 7 11 12 10 1 11 15 14 1 5 15 7 13 5 5 5 10 10 5 2 15 8 6 4 15 15 5 13 10 9 4 5 3 5 15
DISPLAY 0 10 7
DISPLAY 1 8 2
DISPLAY 3 3 4
DISPLAY 5 10 8
DISPLAY 6 9 7
DISPLAY 8 1 3
POSITION 0 0 8
POSITION 1 8 4
POSITION 2 9 6
POSITION 3 6 4
PLAYER 2
.
TICK 5
FIELDS 11 10 9 10 6 9 5 15 4 12 8 4 8 14 11 12 5 13 6 3 5 8 15 6 13 2 9 9 14 5 9 15 15 13 7 9 11 6 8 10 12 10 8 5 5 12 15 5 3 5 5 10 9 5 13 7 10 5 6 7 2 8 9 9 7 11 12 10 1 11 15 14 1 5 15 7 13 12 5 5 10 10 5 2 15 8 6 4 5 15 5 13 10 9 4 5 3 5 15
DISPLAY 0 10 7
DISPLAY 1 8 2
DISPLAY 3 3 4
DISPLAY 5 10 8
DISPLAY 6 9 7
DISPLAY 8 1 3
POSITION 0 0 0
POSITION 1 8 4
POSITION 2 9 6
POSITION 3 6 4
PLAYER 3
.
TICK 6
FIELDS 11 10 9 10 6 9 5 15 4 12 8 4 8 14 11 12 5 13 6 3 5 8 15 6 13 2 9 9 14 5 9 15 15 13 7 9 11 6 8 10 12 10 8 5 5 12 15 5 3 5 5 10 9 5 13 7 10 5 6 7 2 8 9 9 7 11 12 10 1 11 15 14 1 5 15 7 13 12 5 5 10 10 5 2 15 8 6 4 15 5 13 10 9 4 5 3 5 15 9
DISPLAY 0 10 7
DISPLAY 1 8 2
DISPLAY 3 3 4
DISPLAY 5 9 8
DISPLAY 6 9 7
DISPLAY 8 1 3
POSITION 0 0 0
POSITION 1 8 4
POSITION 2 9 6
POSITION 3 6 4
PLAYER 0
MESSAGE OK
TARGET 6
EXTRAFIELD 5
.
TICK 6
FIELDS 4 10 9 10 6 9 5 15 4 12 8 15 8 14 11 12 5 13 6 3 5 8 13 6 13 2 9 9 14 5 9 15 15 5 7 9 11 6 8 10 12 10 8 5 7 12 15 5 3 5 5 10 9 5 13 12 10 5 6 7 2 8 9 9 7 11 12 10 1 11 15 14 1 5 15 7 13 15 5 5 10 10 5 2 15 8 6 4 5 5 13 10 9 4 5 3 5 15 9
DISPLAY 0 10 7
DISPLAY 1 8 2
DISPLAY 3 3 4
DISPLAY 5 9 8
DISPLAY 6 9 7
DISPLAY 8 1 3
POSITION 0 0 8
POSITION 1 8 4
POSITION 2 9 6
POSITION 3 6 4
PLAYER 1
.
TICK 6
FIELDS 14 10 9 10 6 9 5 15 4 12 8 4 8 14 11 12 5 13 6 3 5 8 15 6 13 2 9 9 14 5 9 15 15 13 7 9 11 6 8 10 12 10 8 5 5 12 15 5 3 5 5 10 9 5 13 7 10 5 6 7 2 8 9 9 7 11 12 10 1 11 15 14 1 5 15 7 13 12 5 5 10 10 5 2 15 8 6 4 15 5 13 10 9 4 5 3 5 15 9
DISPLAY 0 10 7
DISPLAY 1 8 2
DISPLAY 3 3 4
DISPLAY 5 9 8
DISPLAY 6 9 7
DISPLAY 8 1 3
POSITION 0 0 0
POSITION 1 8 4
POSITION 2 9 6
POSITION 3 6 4
PLAYER 2
.
TICK 6
FIELDS 15 10 9 10 6 9 5 15 4 12 8 14 8 14 11 12 5 13 6 3 5 8 4 6 13 2 9 9 14 5 9 15 15 15 7 9 11 6 8 10 12 10 8 5 13 12 15 5 3 5 5 10 9 5 13 5 10 5 6 7 2 8 9 9 7 11 7 10 1 11 15 14 1 5 15 7 13 12 5 5 10 10 5 2 15 8 6 4 12 5 13 10 9 4 5 3 5 15 9
DISPLAY 0 10 7
DISPLAY 1 8 2
DISPLAY 3 3 4
DISPLAY 5 9 8
DISPLAY 6 9 7
DISPLAY 8 1 3
POSITION 0 0 1
POSITION 1 8 4
POSITION 2 9 6
POSITION 3 6 4
PLAYER 3
.
TICK 7
FIELDS 15 10 9 10 6 9 5 15 4 12 8 14 8 14 11 12 5 13 6 3 5 8 4 6 13 2 9 9 14 5 9 15 15 15 7 9 11 6 8 10 12 10 8 5 13 12 15 5 3 5 5 10 9 5 13 5 10 5 6 7 2 8 9 9 7 11 7 10 1 11 15 14 1 5 15 7 13 12 5 5 10 10 5 2 15 8 6 4 5 12 5 13 10 9 4 5 3 5 15
DISPLAY 0 10 7
DISPLAY 1 8 2
DISPLAY 3 3 4
DISPLAY 5 10 8
DISPLAY 6 9 7
DISPLAY 8 1 3
POSITION 0 0 1
POSITION 1 8 4
POSITION 2 9 6
POSITION 3 6 4
PLAYER 0
MESSAGE OK
TARGET 6
EXTRAFIELD 11
.
TICK 7
FIELDS 15 10 9 10 6 9 5 15 4 12 8 8 14 11 12 5 13 6 3 5 8 7 4 6 13 2 9 9 14 5 9 15 15 15 7 9 11 6 8 10 12 10 8 5 13 12 15 5 3 5 5 10 9 5 13 5 10 5 6 7 2 8 9 9 7 11 7 10 1 11 15 14 1 5 15 7 13 12 5 5 10 10 5 2 15 8 6 4 5 12 5 13 10 9 4 5 3 5 15
DISPLAY 0 10 7
DISPLAY 1 8 2
DISPLAY 3 3 4
DISPLAY 5 10 8
DISPLAY 6 9 7
DISPLAY 8 1 3
POSITION 0 8 0
POSITION 1 8 4
POSITION 2 9 6
POSITION 3 6 4
PLAYER 1
.
TICK 7
FIELDS 15 10 9 10 6 9 5 15 4 12 8 8 14 11 12 5 13 6 3 5 8 7 4 6 13 2 9 9 14 5 9 15 15 15 7 9 11 6 8 10 12 10 8 5 13 12 15 5 3 5 5 10 9 5 13 5 10 5 6 7 2 8 9 9 7 11 7 10 1 11 15 14 1 5 15 7 13 12 5 5 10 10 5 2 15 8 6 4 12 5 13 10 9 4 5 3 5 15 5
DISPLAY 0 10 7
DISPLAY 1 8 2
DISPLAY 3 3 4
DISPLAY 5 9 8
DISPLAY 6 9 7
DISPLAY 8 1 3
POSITION 0 8 0
POSITION 1 8 4
POSITION 2 9 6
POSITION 3 6 4
PLAYER 2
.
TICK 7
FIELDS 15 10 9 10 6 9 5 15 4 12 8 15 14 11 12 5 13 6 3 5 8 7 8 6 13 2 9 9 14 5 9 15 15 4 7 9 11 6 8 10 12 10 8 5 15 12 15 5 3 5 5 10 9 5 13 13 10 5 6 7 2 8 9 9 7 11 5 10 1 11 15 14 1 5 15 7 13 7 5 5 10 10 5 2 15 8 6 4 12 5 13 10 9 4 5 3 5 15 5
DISPLAY 0 10 7
DISPLAY 1 8 2
DISPLAY 3 3 4
DISPLAY 5 9 8
DISPLAY 6 9 7
DISPLAY 8 1 3
POSITION 0 8 0
POSITION 1 8 4
POSITION 2 9 6
POSITION 3 6 4
PLAYER 3
.
TICK 8
FIELDS 15 10 9 10 6 9 5 15 4 12 8 15 14 11 12 5 13 6 3 5 8 7 8 6 13 2 9 9 14 5 9 15 15 4 7 9 11 6 8 10 12 10 8 5 15 12 15 5 3 5 5 10 9 5 13 13 10 5 6 7 2 8 9 9 7 11 5 10 1 11 15 14 1 5 15 7 13 7 5 5 10 10 5 2 15 8 6 4 9 12 5 13 10 9 4 5 3 5 15
DISPLAY 0 10 7
DISPLAY 1 8 2
DISPLAY 3 3 4
DISPLAY 5 10 8
DISPLAY 6 9 7
DISPLAY 8 1 3
POSITION 0 8 0
POSITION 1 8 4
POSITION 2 9 6
POSITION 3 6 4
PLAYER 0
MESSAGE OK
TARGET 6
EXTRAFIELD 14
.
TICK 8
FIELDS 15 10 9 10 6 9 5 15 5 12 8 15 14 11 12 5 13 6 3 9 8 7 8 6 13 2 9 9 14 5 10 15 15 4 7 9 11 6 8 10 12 9 8 5 15 12 15 5 3 5 5 10 9 5 13 13 10 5 6 7 2 8 9 15 7 11 5 10 1 11 15 14 1 5 8 7 13 7 5 5 10 10 5 2 15 3 6 4 9 12 5 13 10 9 4 5 14 5 15
DISPLAY 0 10 7
DISPLAY 1 8 1
DISPLAY 3 3 4
DISPLAY 5 10 8
DISPLAY 6 9 7
DISPLAY 8 1 3
POSITION 0 8 8
POSITION 1 8 3
POSITION 2 9 6
POSITION 3 6 4
PLAYER 1
.
TICK 8
FIELDS 15 10 9 10 6 9 5 15 5 12 8 8 14 11 12 5 13 6 3 9 8 7 4 6 13 2 9 9 14 5 10 15 15 15 7 9 11 6 8 10 12 9 8 5 13 12 15 5 3 5 5 10 9 5 13 5 10 5 6 7 2 8 9 15 7 11 7 10 1 11 15 14 1 5 8 7 13 9 5 5 10 10 5 2 15 3 6 4 5 12 5 13 10 9 4 5 14 5 15
DISPLAY 0 10 7
DISPLAY 1 8 1
DISPLAY 3 3 4
DISPLAY 5 10 8
DISPLAY 6 9 7
DISPLAY 8 1 3
POSITION 0 8 8
POSITION 1 8 3
POSITION 2 9 6
POSITION 3 6 4
PLAYER 2
.
TICK 8
FIELDS 12 10 9 10 6 9 5 15 5 12 8 15 14 11 12 5 13 6 3 9 8 7 8 6 13 2 9 9 14 5 10 15 15 4 7 9 11 6 8 10 12 9 8 5 15 12 15 5 3 5 5 10 9 5 13 13 10 5 6 7 2 8 9 15 7 11 5 10 1 11 15 14 1 5 8 7 13 7 5 5 10 10 5 2 15 3 6 4 9 12 5 13 10 9 4 5 14 5 15
DISPLAY 0 10 7
DISPLAY 1 8 1
DISPLAY 3 3 4
DISPLAY 5 10 8
DISPLAY 6 9 7
DISPLAY 8 1 3
POSITION 0 8 8
POSITION 1 8 3
POSITION 2 9 6
POSITION 3 6 4
PLAYER 3
.
TICK 9
FIELDS 12 10 9 10 6 9 5 15 5 12 8 15 14 11 12 5 13 6 3 9 8 7 8 6 13 2 9 9 14 5 10 15 15 4 7 9 11 6 8 10 12 9 8 5 15 12 15 5 3 5 5 10 9 5 13 13 10 5 6 7 2 8 9 15 7 11 5 10 1 11 15 14 1 5 8 7 13 7 5 5 10 10 5 2 15 3 6 4 12 5 13 10 9 4 5 14 5 15 5
DISPLAY 0 10 7
DISPLAY 1 8 1
DISPLAY 3 3 4
DISPLAY 5 9 8
DISPLAY 6 9 7
DISPLAY 8 1 3
POSITION 0 7 8
POSITION 1 8 3
POSITION 2 9 6
POSITION 3 6 4
PLAYER 0
MESSAGE OK
TARGET 6
EXTRAFIELD 4
.
TICK 9
FIELDS 12 10 9 10 6 9 5 15 4 12 8 15 14 11 12 5 13 6 3 5 8 7 8 6 13 2 9 9 14 5 9 15 15 4 7 9 11 6 8 10 12 10 8 5 15 12 15 5 3 5 5 10 9 5 13 13 10 5 6 7 2 8 9 9 7 11 5 10 1 11 15 14 1 5 15 7 13 7 5 5 10 10 5 2 15 8 6 4 12 5 13 10 9 4 5 14 3 15 5
DISPLAY 0 10 7
DISPLAY 1 8 2
DISPLAY 3 3 4
DISPLAY 5 9 8
DISPLAY 6 9 7
DISPLAY 8 1 3
POSITION 0 8 8
POSITION 1 8 4
POSITION 2 9 6
POSITION 3 6 4
PLAYER 1
.
TICK 9
FIELDS 12 10 9 10 6 9 5 15 5 12 8 15 14 11 12 5 13 6 3 9 8 7 8 6 13 2 9 9 14 5 10 15 15 4 7 9 11 6 8 10 12 9 8 5 15 12 15 5 3 5 5 10 9 5 13 13 10 5 6 7 2 8 9 15 7 11 5 10 1 11 15 14 1 5 8 7 13 7 5 5 10 10 5 2 15 3 6 4 12 5 13 10 9 4 5 14 15 15 5
DISPLAY 0 10 7
DISPLAY 1 8 1
DISPLAY 3 3 4
DISPLAY 5 9 8
DISPLAY 6 9 7
DISPLAY 8 1 3
POSITION 0 8 7
POSITION 1 8 3
POSITION 2 9 6
POSITION 3 6 4
PLAYER 2
.
TICK 9
FIELDS 5 10 9 10 6 9 5 15 5 12 8 12 14 11 12 5 13 6 3 9 8 7 15 6 13 2 9 9 14 5 10 15 15 8 7 9 11 6 8 10 12 9 8 5 4 12 15 5 3 5 5 10 9 5 13 15 10 5 6 7 2 8 9 15 7 11 13 10 1 11 15 14 1 5 8 7 13 5 5 5 10 10 5 2 15 3 6 4 7 5 13 10 9 4 5 14 15 15 5
DISPLAY 0 10 7
DISPLAY 1 8 1
DISPLAY 3 3 4
DISPLAY 5 9 8
DISPLAY 6 9 7
DISPLAY 8 1 3
POSITION 0 8 7
POSITION 1 8 3
POSITION 2 9 6
POSITION 3 6 4
PLAYER 3
.
TICK 10
FIELDS 5 10 9 10 6 9 5 15 5 12 8 12 14 11 12 5 13 6 3 9 8 7 15 6 13 2 9 9 14 5 10 15 15 8 7 9 11 6 8 10 12 9 8 5 4 12 15 5 3 5 5 10 9 5 13 15 10 5 6 7 2 8 9 15 7 11 13 10 1 11 15 14 1 5 8 7 13 5 5 5 10 10 5 2 15 3 6 4 5 13 10 9 4 5 14 15 15 5 9
DISPLAY 0 10 7
DISPLAY 1 8 1
DISPLAY 3 3 4
DISPLAY 5 8 8
DISPLAY 6 9 7
DISPLAY 8 1 3
POSITION 0 8 7
POSITION 1 8 3
POSITION 2 9 6
POSITION 3 6 4
PLAYER 0
MESSAGE OK
TARGET 6
EXTRAFIELD 5
.
TICK 10
FIELDS 5 10 9 10 6 9 5 15 5 5 8 12 14 11 12 5 13 6 3 9 12 7 15 6 13 2 9 9 14 5 10 8 15 8 7 9 11 6 8 10 12 9 15 5 4 12 15 5 3 5 5 10 9 8 13 15 10 5 6 7 2 8 9 15 5 11 13 10 1 11 15 14 1 5 8 7 13 5 5 5 10 10 5 2 15 3 7 4 5 13 10 9 4 5 14 15 15 6 9
DISPLAY 0 10 7
DISPLAY 1 8 1
DISPLAY 3 3 4
DISPLAY 5 8 8
DISPLAY 8 1 3
POSITION 0 9 8
POSITION 1 8 3
POSITION 2 9 7
POSITION 3 6 4
PLAYER 1
.
TICK 10
FIELDS 5 10 9 10 6 9 6 15 5 5 8 12 14 11 12 5 13 14 3 9 12 7 15 6 13 2 9 9 10 5 10 8 15 8 7 9 11 6 8 5 12 9 15 5 4 12 15 5 3 5 8 10 9 8 13 15 10 5 6 7 2 1 9 15 5 11 13 10 1 11 15 14 2 5 8 7 13 5 5 5 10 10 5 14 15 3 7 4 5 13 10 9 4 5 4 15 15 6 9
DISPLAY 0 10 7
DISPLAY 1 8 1
DISPLAY 3 3 4
DISPLAY 5 8 8
DISPLAY 8 1 3
POSITION 0 9 8
POSITION 1 8 3
POSITION 2 9 7
POSITION 3 6 3
PLAYER 2
.
TICK 10
FIELDS 12 10 9 10 6 9 6 15 5 5 8 5 14 11 12 5 13 14 3 9 12 7 12 6 13 2 9 9 10 5 10 8 15 15 7 9 11 6 8 5 12 9 15 5 8 12 15 5 3 5 8 10 9 8 13 4 10 5 6 7 2 1 9 15 5 11 15 10 1 11 15 14 2 5 8 7 13 13 5 5 10 10 5 14 15 3 7 4 5 13 10 9 4 5 4 15 15 6 9
DISPLAY 0 10 7
DISPLAY 1 8 1
DISPLAY 3 3 4
DISPLAY 5 8 8
DISPLAY 8 1 3
POSITION 0 9 8
POSITION 1 8 3
POSITION 2 9 7
POSITION 3 6 3
PLAYER 3
.
TICK 11
FIELDS 12 10 9 10 6 9 6 15 5 5 8 5 14 11 12 5 13 14 3 9 12 7 12 6 13 2 9 9 10 5 10 8 15 15 7 9 11 6 8 5 12 9 15 5 8 12 15 5 3 5 8 10 9 8 13 4 10 5 6 7 2 1 9 15 5 11 15 10 1 11 15 14 2 5 8 7 13 13 5 5 10 10 5 14 15 3 7 4 7 5 13 10 9 4 5 4 15 15 6
DISPLAY 0 10 7
DISPLAY 1 8 1
DISPLAY 3 3 4
DISPLAY 5 9 8
DISPLAY 8 1 3
POSITION 0 10 8
POSITION 1 8 3
POSITION 2 9 7
POSITION 3 6 3
PLAYER 0
MESSAGE OK
TARGET 5
EXTRAFIELD 5
.
TICK 11
FIELDS 12 10 9 10 6 9 6 3 5 5 8 5 14 11 12 5 13 14 5 9 12 7 12 6 13 2 9 9 10 12 10 8 15 15 7 9 11 6 8 5 10 9 15 5 8 12 15 5 3 5 8 9 9 8 13 4 10 5 6 7 2 1 5 15 5 11 15 10 1 11 15 14 2 15 8 7 13 13 5 5 10 10 5 14 4 3 7 4 7 5 13 10 9 4 5 10 15 15 6
DISPLAY 0 10 7
DISPLAY 1 8 1
DISPLAY 3 3 4
DISPLAY 8 1 3
POSITION 0 9 8
POSITION 1 8 3
POSITION 2 9 7
POSITION 3 6 3
PLAYER 1
.
TICK 11
FIELDS 12 10 9 10 6 9 5 3 5 5 8 5 14 11 12 5 13 6 5 9 12 7 12 6 13 2 9 9 14 12 10 8 15 15 7 9 11 6 8 10 10 9 15 5 8 12 15 5 3 5 5 9 9 8 13 4 10 5 6 7 2 8 5 15 5 11 15 10 1 11 15 14 1 15 8 7 13 13 5 5 10 10 5 2 4 3 7 4 7 5 13 10 9 4 14 10 15 15 6
DISPLAY 0 10 7
DISPLAY 1 8 1
DISPLAY 3 3 4
DISPLAY 8 1 3
POSITION 0 9 8
POSITION 1 8 3
POSITION 2 9 7
POSITION 3 6 4
PLAYER 2
.
TICK 11
FIELDS 12 10 9 10 6 9 5 3 5 5 8 5 14 11 12 5 13 6 5 9 12 7 12 6 13 2 9 9 14 12 10 8 15 15 7 9 11 6 8 10 10 9 15 5 8 12 15 5 3 5 5 9 9 8 13 4 10 5 6 7 2 8 5 15 5 11 15 10 1 11 15 14 1 15 8 7 13 13 5 5 10 10 5 2 4 3 7 4 5 7 5 13 10 9 4 14 10 15 15
DISPLAY 1 8 1
DISPLAY 3 3 4
DISPLAY 8 1 3
POSITION 0 10 8
POSITION 1 8 3
POSITION 2 10 7
POSITION 3 6 4
PLAYER 3
.
TICK 12
FIELDS 12 10 9 10 6 9 5 3 5 5 8 5 14 11 12 5 13 6 5 9 12 7 12 6 13 2 9 9 14 12 10 8 15 15 7 9 11 6 8 10 10 9 15 5 8 12 15 5 3 5 5 9 9 8 13 4 10 5 6 7 2 8 5 15 5 11 15 10 1 11 15 14 1 15 8 7 13 13 5 5 10 10 5 2 4 3 7 4 9 5 7 5 13 10 9 4 14 10 15
DISPLAY 1 8 1
DISPLAY 3 3 4
DISPLAY 8 1 3
POSITION 0 0 8
POSITION 1 8 3
POSITION 2 10 7
POSITION 3 6 4
PLAYER 0
MESSAGE OK
TARGET 1
EXTRAFIELD 15
.
TICK 12
FIELDS 12 10 9 10 6 9 5 3 5 5 8 5 14 11 12 5 13 6 5 9 12 7 12 6 13 2 9 9 14 12 10 8 15 15 7 9 11 6 8 10 10 9 15 5 8 12 15 5 3 5 5 9 9 8 13 4 10 5 6 7 2 8 5 15 5 11 15 10 1 11 15 14 1 15 8 7 13 13 5 5 10 10 5 2 4 3 7 4 5 7 5 13 10 9 4 14 10 15 15
DISPLAY 1 8 1
DISPLAY 3 3 4
DISPLAY 8 1 3
POSITION 0 8 8
POSITION 1 8 3
POSITION 2 10 7
POSITION 3 6 4
PLAYER 1
.
TICK 12
FIELDS 12 10 9 10 6 9 5 3 5 5 8 5 14 11 12 5 13 6 5 9 12 7 12 6 13 2 9 9 14 12 10 8 15 15 7 9 11 6 8 10 10 9 15 5 8 12 15 5 3 5 5 9 9 8 13 4 10 5 6 7 2 8 5 15 5 11 15 10 1 11 15 14 1 15 8 7 13 5 5 10 10 5 2 4 3 7 4 5 5 7 5 13 10 9 4 14 10 15 15
DISPLAY 1 8 1
DISPLAY 3 3 4
DISPLAY 8 1 3
POSITION 0 8 8
POSITION 1 8 3
POSITION 2 9 7
POSITION 3 6 4
PLAYER 2
.
TICK 12
FIELDS 12 10 9 10 6 9 5 3 5 5 8 5 14 11 12 5 13 6 5 9 12 7 12 6 13 2 9 9 14 12 10 8 15 15 7 9 11 6 8 10 10 9 15 5 8 12 15 5 3 5 5 9 9 8 13 6 4 10 5 6 7 2 8 5 15 5 15 10 1 11 15 14 1 15 8 7 13 5 5 10 10 5 2 4 3 7 4 5 5 7 5 13 10 9 4 14 10 15 15
DISPLAY 1 8 1
DISPLAY 3 3 4
DISPLAY 8 1 3
POSITION 0 8 8
POSITION 1 8 3
POSITION 2 9 2
POSITION 3 6 4
PLAYER 3
.
TICK 13
FIELDS 12 10 9 10 6 9 5 3 5 5 8 5 14 11 12 5 13 6 5 9 12 7 12 6 13 2 9 9 14 12 10 8 15 15 7 9 11 6 8 10 10 9 15 5 8 12 15 5 3 5 5 9 9 8 13 6 4 10 5 6 7 2 8 5 15 5 15 10 1 11 15 14 1 15 8 7 13 5 5 10 10 5 2 4 3 7 4 5 7 5 13 10 9 4 14 10 15 15 15
DISPLAY 1 8 1
DISPLAY 3 3 4
DISPLAY 8 1 3
POSITION 0 7 8
POSITION 1 8 3
POSITION 2 9 2
POSITION 3 6 4
PLAYER 0
MESSAGE OK
TARGET 1
EXTRAFIELD 9
.
TICK 13
FIELDS 12 10 9 10 6 9 5 6 5 5 8 5 14 11 12 5 13 6 3 9 12 7 12 6 13 2 9 9 14 5 10 8 15 15 7 9 11 6 8 10 12 9 15 5 8 12 15 5 3 5 5 10 9 8 13 6 4 10 5 6 7 2 9 5 15 5 15 10 1 11 15 14 1 8 8 7 13 5 5 10 10 5 2 4 15 7 4 5 7 5 13 10 9 4 14 3 15 15 15
DISPLAY 1 8 1
DISPLAY 3 3 4
DISPLAY 8 1 3
POSITION 0 7 0
POSITION 1 8 3
POSITION 2 9 2
POSITION 3 6 4
PLAYER 1
.
TICK 13
FIELDS 12 10 9 10 6 9 5 6 5 5 8 5 14 11 12 5 13 6 3 9 12 7 12 6 13 2 9 9 14 5 10 8 15 15 7 9 11 6 8 10 12 9 15 5 8 12 15 5 3 5 5 10 9 8 13 4 10 5 6 7 2 9 5 15 5 13 15 10 1 11 15 14 1 8 8 7 13 5 5 10 10 5 2 4 15 7 4 5 7 5 13 10 9 4 14 3 15 15 15
DISPLAY 1 8 1
DISPLAY 3 3 4
DISPLAY 8 1 3
POSITION 0 7 0
POSITION 1 8 3
POSITION 2 9 2
POSITION 3 6 4
PLAYER 2
.
TICK 13
FIELDS 12 10 9 10 6 13 5 6 5 5 8 5 14 11 12 5 9 6 3 9 12 7 12 6 13 2 9 8 14 5 10 8 15 15 7 9 11 6 5 10 12 9 15 5 8 12 15 5 3 2 5 10 9 8 13 4 10 5 6 7 14 9 5 15 5 13 15 10 1 11 15 2 1 8 8 7 13 5 5 10 10 5 4 4 15 7 4 5 7 5 13 10 9 11 14 3 15 15 15
DISPLAY 1 8 1
DISPLAY 3 3 4
DISPLAY 8 1 3
POSITION 0 7 0
POSITION 1 8 3
POSITION 2 3 5
POSITION 3 6 4
PLAYER 3
.
TICK 14
FIELDS 12 10 9 10 6 13 5 6 5 5 8 5 14 11 12 5 9 6 3 9 12 7 12 6 13 2 9 8 14 5 10 8 15 15 7 9 11 6 5 10 12 9 15 5 8 12 15 5 3 2 5 10 9 8 13 4 10 5 6 7 14 9 5 15 5 13 15 10 1 11 15 2 1 8 8 7 13 5 5 10 10 5 4 4 15 7 4 5 5 13 10 9 11 14 3 15 15 15 5
DISPLAY 1 8 1
DISPLAY 3 3 4
DISPLAY 8 1 3
POSITION 0 7 0
POSITION 1 8 3
POSITION 2 3 5
POSITION 3 6 4
PLAYER 0
MESSAGE OK
TARGET 1
EXTRAFIELD 10
.
TICK 14
FIELDS 12 10 9 10 6 13 5 6 5 5 8 14 11 12 5 9 6 3 9 12 7 10 12 6 13 2 9 8 14 5 10 8 15 15 7 9 11 6 5 10 12 9 15 5 8 12 15 5 3 2 5 10 9 8 13 4 10 5 6 7 14 9 5 15 5 13 15 10 1 11 15 2 1 8 8 7 13 5 5 10 10 5 4 4 15 7 4 5 5 13 10 9 11 14 3 15 15 15 5
DISPLAY 3 3 4
DISPLAY 8 1 3
POSITION 0 7 1
POSITION 1 8 3
POSITION 2 3 5
POSITION 3 6 4
PLAYER 1
.
TICK 14
FIELDS 12 10 12 10 6 13 5 6 5 5 8 14 11 13 5 9 6 3 9 12 7 10 12 6 9 2 9 8 14 5 10 8 15 15 7 15 11 6 5 10 12 9 15 5 8 12 5 5 3 2 5 10 9 8 13 4 10 1 6 7 14 9 5 15 5 13 15 10 10 11 15 2 1 8 8 7 13 5 5 10 10 5 4 4 15 7 4 5 5 13 6 9 11 14 3 15 15 15 5
DISPLAY 3 3 4
DISPLAY 8 1 3
POSITION 0 7 1
POSITION 1 8 3
POSITION 2 3 5
POSITION 3 6 4
PLAYER 2
.
TICK 14
FIELDS 12 10 12 10 6 13 5 6 5 5 8 14 11 13 5 9 6 3 9 12 7 10 12 6 9 2 9 8 14 5 10 8 15 15 7 15 11 6 5 10 12 9 15 5 9 8 12 5 5 3 2 5 10 9 8 4 10 1 6 7 14 9 5 15 5 13 15 10 10 11 15 2 1 8 8 7 13 5 5 10 10 5 4 4 15 7 4 5 5 13 6 9 11 14 3 15 15 15 5
DISPLAY 3 4 4
DISPLAY 8 1 3
POSITION 0 7 1
POSITION 1 8 3
POSITION 2 2 3
POSITION 3 7 4
PLAYER 3
.
TICK 15
FIELDS 12 10 12 10 6 13 5 6 5 5 8 14 11 13 5 9 6 3 9 12 7 10 12 6 9 2 9 8 14 5 10 8 15 15 7 15 11 6 5 10 12 9 15 5 9 8 12 5 5 3 2 5 10 9 8 4 10 1 6 7 14 9 5 15 5 13 15 10 10 11 15 2 1 8 8 7 13 5 5 10 10 5 4 4 15 7 4 5 13 6 9 11 14 3 15 15 15 5 7
DISPLAY 3 4 4
DISPLAY 8 1 3
POSITION 0 7 1
POSITION 1 8 3
POSITION 2 2 3
POSITION 3 7 4
PLAYER 0
MESSAGE OK
TARGET 8
EXTRAFIELD 5
.
TICK 15
FIELDS 12 10 12 10 6 13 5 5 5 5 8 14 11 13 5 9 6 3 6 12 7 10 12 6 9 2 9 8 14 9 10 8 15 15 7 15 11 6 5 10 5 9 15 5 9 8 12 5 5 3 2 12 10 9 8 4 10 1 6 7 14 9 5 15 5 13 15 10 10 11 15 2 1 5 8 7 13 5 5 10 10 5 4 4 8 7 4 5 13 6 9 11 14 3 15 15 15 5 7
DISPLAY 3 4 4
DISPLAY 8 1 3
POSITION 0 8 2
POSITION 1 8 3
POSITION 2 2 3
POSITION 3 7 5
PLAYER 1
.
TICK 15
FIELDS 12 10 12 10 6 13 5 5 5 7 8 14 11 13 5 9 6 3 6 12 8 10 12 6 9 2 9 8 14 9 10 15 15 15 7 15 11 6 5 10 5 9 9 5 9 8 12 5 5 3 2 12 10 5 8 4 10 1 6 7 14 9 5 15 7 13 15 10 10 11 15 2 1 5 8 4 13 5 5 10 10 5 4 4 8 7 5 5 13 6 9 11 14 3 15 15 15 9 7
DISPLAY 3 4 4
DISPLAY 8 1 3
POSITION 0 8 2
POSITION 1 8 3
POSITION 2 2 3
POSITION 3 7 5
PLAYER 2
.
TICK 15
FIELDS 12 10 12 10 6 13 5 5 5 7 8 14 11 13 5 9 6 3 6 12 8 10 13 12 6 9 2 9 8 14 9 10 15 15 7 15 11 6 5 10 5 9 9 5 9 8 12 5 5 3 2 12 10 5 8 4 10 1 6 7 14 9 5 15 7 13 15 10 10 11 15 2 1 5 8 4 13 5 5 10 10 5 4 4 8 7 5 5 13 6 9 11 14 3 15 15 15 9 7
DISPLAY 3 4 4
POSITION 0 9 2
POSITION 1 8 3
POSITION 2 1 3
POSITION 3 7 5
PLAYER 3
.
TICK 16
FIELDS 12 10 12 10 6 13 5 5 5 7 8 14 11 13 5 9 6 3 6 12 8 10 13 12 6 9 2 9 8 14 9 10 15 15 7 15 11 6 5 10 5 9 9 5 9 8 12 5 5 3 2 12 10 5 8 4 10 1 6 7 14 9 5 15 7 13 15 10 10 11 15 2 1 5 8 4 13 5 5 10 10 5 4 4 8 7 5 5 5 13 6 9 11 14 3 15 15 15 9
DISPLAY 3 4 4
POSITION 0 9 2
POSITION 1 8 3
POSITION 2 1 3
POSITION 3 7 5
PLAYER 0
MESSAGE OK
TARGET 3
EXTRAFIELD 15
.
TICK 16
FIELDS 12 10 12 10 6 13 5 5 5 7 8 14 11 13 5 9 6 3 6 12 8 10 13 12 6 9 2 9 8 14 9 10 15 7 15 11 6 5 10 5 9 9 5 15 9 8 12 5 5 3 2 12 10 5 8 4 10 1 6 7 14 9 5 15 7 13 15 10 10 11 15 2 1 5 8 4 13 5 5 10 10 5 4 4 8 7 5 5 5 13 6 9 11 14 3 15 15 15 9
DISPLAY 3 4 4
POSITION 0 10 3
POSITION 1 7 3
POSITION 2 0 3
POSITION 3 7 5
PLAYER 1
.
TICK 16
FIELDS 12 10 12 10 6 13 5 5 5 7 8 14 11 13 5 9 6 3 6 12 8 10 13 12 6 9 2 9 8 14 9 10 15 7 15 11 6 5 10 5 9 9 5 15 9 8 12 5 5 3 2 12 10 5 8 4 10 1 6 7 14 9 5 15 7 13 10 10 11 15 2 1 5 8 4 13 5 5 5 10 10 5 4 4 8 7 5 5 5 13 6 9 11 14 3 15 15 15 9
DISPLAY 3 4 4
POSITION 0 10 3
POSITION 1 7 3
POSITION 2 0 3
POSITION 3 7 5
PLAYER 2
.
END 5
.
