MESSAGE OK
PLAYER 0
LEVEL 3
SIZE 15 6
DISPLAYS 19
MAXTICK 35
.
TICK 0
FIELDS 6 4 10 15 1 6 6 10 3 8 5 3 7 3 5 14 11 3 9 5 7 3 9 5 5 9 10 3 10 6 7 12 15 6 3 15 11 8 2 6 10 6 9 5 7 6 3 6 10 15 7 12 11 5 3 4 9 10 5 10 8 11 12 13 14 15 11 13 14 8 3 5 14 12 15 6 5 14 8 5 12 14 1 7 9 7 5 10 14 6
DISPLAY 0 1 5
DISPLAY 1 7 3
DISPLAY 2 13 1
DISPLAY 3 8 1
DISPLAY 4 14 1
DISPLAY 5 8 2
DISPLAY 6 3 4
DISPLAY 7 5 2
DISPLAY 8 9 3
DISPLAY 9 4 2
DISPLAY 10 12 5
DISPLAY 11 13 5
DISPLAY 12 6 4
DISPLAY 13 12 3
DISPLAY 14 1 0
DISPLAY 15 2 4
DISPLAY 16 8 0
DISPLAY 17 7 1
DISPLAY 18 12 0
POSITION 0 1 1
POSITION 1 1 2
POSITION 2 2 2
POSITION 3 2 1
PLAYER 0
MESSAGE OK
TARGET 3
EXTRAFIELD 15
.
TICK 0
FIELDS 6 15 10 15 1 6 6 10 3 8 5 3 7 3 5 14 4 3 9 5 7 3 9 5 5 9 10 3 10 6 7 11 15 6 3 15 11 8 2 6 10 6 9 5 7 6 12 6 10 15 7 12 11 5 3 4 9 10 5 10 8 3 12 13 14 15 11 13 14 8 3 5 14 12 15 6 11 14 8 5 12 14 1 7 9 7 5 10 14 6
DISPLAY 0 1 0
DISPLAY 1 7 3
DISPLAY 2 13 1
DISPLAY 3 8 1
DISPLAY 4 14 1
DISPLAY 5 8 2
DISPLAY 6 3 4
DISPLAY 7 5 2
DISPLAY 8 9 3
DISPLAY 9 4 2
DISPLAY 10 12 5
DISPLAY 11 13 5
DISPLAY 12 6 4
DISPLAY 13 12 3
DISPLAY 14 1 1
DISPLAY 15 2 4
DISPLAY 16 8 0
DISPLAY 17 7 1
DISPLAY 18 12 0
POSITION 0 2 2
POSITION 1 1 3
POSITION 2 2 2
POSITION 3 2 1
PLAYER 1
.
TICK 0
FIELDS 6 4 10 15 1 6 6 10 3 8 5 3 7 3 5 14 11 3 9 5 7 3 9 5 5 9 10 3 10 6 7 12 15 6 3 15 11 8 2 6 10 6 9 5 7 6 3 6 10 15 7 12 11 5 3 4 9 10 5 10 8 11 12 13 14 15 11 13 14 8 3 5 14 12 15 6 15 14 8 5 12 14 1 7 9 7 5 10 14 6
DISPLAY 0 1 5
DISPLAY 1 7 3
DISPLAY 2 13 1
DISPLAY 3 8 1
DISPLAY 4 14 1
DISPLAY 5 8 2
DISPLAY 6 3 4
DISPLAY 7 5 2
DISPLAY 8 9 3
DISPLAY 9 4 2
DISPLAY 10 12 5
DISPLAY 11 13 5
DISPLAY 12 6 4
DISPLAY 13 12 3
DISPLAY 14 1 0
DISPLAY 15 2 4
DISPLAY 16 8 0
DISPLAY 17 7 1
DISPLAY 18 12 0
POSITION 0 2 2
POSITION 1 1 2
POSITION 2 2 2
POSITION 3 2 1
PLAYER 2
.
TICK 0
FIELDS 6 4 15 15 1 6 6 10 3 8 5 3 7 3 5 14 11 10 9 5 7 3 9 5 5 9 10 3 10 6 7 12 3 6 3 15 11 8 2 6 10 6 9 5 7 6 3 15 10 15 7 12 11 5 3 4 9 10 5 10 8 11 6 13 14 15 11 13 14 8 3 5 14 12 15 6 15 12 8 5 12 14 1 7 9 7 5 10 14 6
DISPLAY 0 1 5
DISPLAY 1 7 3
DISPLAY 2 13 1
DISPLAY 3 8 1
DISPLAY 4 14 1
DISPLAY 5 8 2
DISPLAY 6 3 4
DISPLAY 7 5 2
DISPLAY 8 9 3
DISPLAY 9 4 2
DISPLAY 10 12 5
DISPLAY 11 13 5
DISPLAY 12 6 4
DISPLAY 13 12 3
DISPLAY 14 1 0
DISPLAY 15 2 5
DISPLAY 16 8 0
DISPLAY 17 7 1
DISPLAY 18 12 0
POSITION 0 2 3
POSITION 1 1 2
POSITION 2 5 0
POSITION 3 2 2
PLAYER 3
.
TICK 1
FIELDS 6 4 15 15 1 6 3 10 3 8 5 3 7 3 5 14 11 10 9 5 7 11 9 5 5 9 10 3 10 6 7 12 3 6 3 15 12 8 2 6 10 6 9 5 7 6 3 15 10 15 7 11 11 5 3 4 9 10 5 10 8 11 6 13 14 15 14 13 14 8 3 5 14 12 15 6 15 12 8 5 12 15 1 7 9 7 5 10 14 6
DISPLAY 0 1 5
DISPLAY 1 7 3
DISPLAY 2 13 1
DISPLAY 3 8 1
DISPLAY 4 14 1
DISPLAY 5 8 2
DISPLAY 6 3 4
DISPLAY 7 5 2
DISPLAY 8 9 3
DISPLAY 9 4 2
DISPLAY 10 12 5
DISPLAY 11 13 5
DISPLAY 12 6 3
DISPLAY 13 12 3
DISPLAY 14 1 0
DISPLAY 15 2 5
DISPLAY 16 8 0
DISPLAY 17 7 1
DISPLAY 18 12 0
POSITION 0 2 3
POSITION 1 1 2
POSITION 2 5 0
POSITION 3 2 2
PLAYER 0
MESSAGE OK
TARGET 3
EXTRAFIELD 5
.
TICK 1
FIELDS 6 5 15 15 1 6 3 10 3 8 5 3 7 3 5 14 4 10 9 5 7 11 9 5 5 9 10 3 10 6 7 11 3 6 3 15 12 8 2 6 10 6 9 5 7 6 12 15 10 15 7 11 11 5 3 4 9 10 5 10 8 3 6 13 14 15 14 13 14 8 3 5 14 12 15 6 11 12 8 5 12 15 1 7 9 7 5 10 14 6
DISPLAY 0 1 0
DISPLAY 1 7 3
DISPLAY 2 13 1
DISPLAY 3 8 1
DISPLAY 4 14 1
DISPLAY 5 8 2
DISPLAY 6 3 4
DISPLAY 7 5 2
DISPLAY 8 9 3
DISPLAY 9 4 2
DISPLAY 10 12 5
DISPLAY 11 13 5
DISPLAY 12 6 3
DISPLAY 13 12 3
DISPLAY 14 1 1
DISPLAY 15 2 5
DISPLAY 16 8 0
DISPLAY 17 7 1
DISPLAY 18 12 0
POSITION 0 6 5
POSITION 1 1 3
POSITION 2 5 0
POSITION 3 2 2
PLAYER 1
.
TICK 1
FIELDS 6 5 15 15 1 6 3 10 5 8 5 3 7 3 5 14 4 10 9 5 7 11 9 2 5 9 10 3 10 6 7 11 3 6 3 15 12 8 5 6 10 6 9 5 7 6 12 15 10 15 7 11 11 14 3 4 9 10 5 10 8 3 6 13 14 15 14 13 7 8 3 5 14 12 15 6 11 12 8 5 12 15 1 15 9 7 5 10 14 6
DISPLAY 0 1 0
DISPLAY 1 7 3
DISPLAY 2 13 1
DISPLAY 3 8 0
DISPLAY 4 14 1
DISPLAY 5 8 1
DISPLAY 6 3 4
DISPLAY 7 5 2
DISPLAY 8 9 3
DISPLAY 9 4 2
DISPLAY 10 12 5
DISPLAY 11 13 5
DISPLAY 12 6 3
DISPLAY 13 12 3
DISPLAY 14 1 1
DISPLAY 15 2 5
DISPLAY 16 8 5
DISPLAY 17 7 1
DISPLAY 18 12 0
POSITION 0 6 5
POSITION 1 1 3
POSITION 2 5 0
POSITION 3 2 2
PLAYER 2
.
TICK 1
FIELDS 6 5 15 15 1 14 3 10 5 8 5 3 7 3 5 14 4 10 9 5 6 11 9 2 5 9 10 3 10 6 7 11 3 6 3 7 12 8 5 6 10 6 9 5 7 6 12 15 10 15 15 11 11 14 3 4 9 10 5 10 8 3 6 13 14 7 14 13 7 8 3 5 14 12 15 6 11 12 8 5 15 15 1 15 9 7 5 10 14 6
DISPLAY 0 1 0
DISPLAY 1 7 3
DISPLAY 2 13 1
DISPLAY 3 8 0
DISPLAY 4 14 1
DISPLAY 5 8 1
DISPLAY 6 3 4
DISPLAY 7 5 3
DISPLAY 8 9 3
DISPLAY 9 4 2
DISPLAY 10 12 5
DISPLAY 11 13 5
DISPLAY 12 6 3
DISPLAY 13 12 3
DISPLAY 14 1 1
DISPLAY 15 2 5
DISPLAY 16 8 5
DISPLAY 17 7 1
DISPLAY 18 12 0
POSITION 0 6 5
POSITION 1 1 3
POSITION 2 9 2
POSITION 3 2 2
PLAYER 3
.
TICK 2
FIELDS 6 5 15 15 1 14 11 10 5 8 5 3 7 3 5 14 4 10 9 5 6 12 9 2 5 9 10 3 10 6 7 11 3 6 3 7 11 8 5 6 10 6 9 5 7 6 12 15 10 15 15 14 11 14 3 4 9 10 5 10 8 3 6 13 14 7 15 13 7 8 3 5 14 12 15 6 11 12 8 5 15 6 1 15 9 7 5 10 14 6
DISPLAY 0 1 0
DISPLAY 1 7 3
DISPLAY 2 13 1
DISPLAY 3 8 0
DISPLAY 4 14 1
DISPLAY 5 8 1
DISPLAY 6 3 4
DISPLAY 7 5 3
DISPLAY 8 9 3
DISPLAY 9 4 2
DISPLAY 10 12 5
DISPLAY 11 13 5
DISPLAY 12 6 2
DISPLAY 13 12 3
DISPLAY 14 1 1
DISPLAY 15 2 5
DISPLAY 16 8 5
DISPLAY 17 7 1
DISPLAY 18 12 0
POSITION 0 6 4
POSITION 1 1 3
POSITION 2 9 2
POSITION 3 2 2
PLAYER 0
MESSAGE OK
TARGET 3
EXTRAFIELD 15
.
TICK 2
FIELDS 6 5 15 15 1 14 11 10 2 8 5 3 7 3 5 14 4 10 9 5 6 12 9 5 5 9 10 3 10 6 7 11 3 6 3 7 11 8 14 6 10 6 9 5 7 6 12 15 10 15 15 14 11 7 3 4 9 10 5 10 8 3 6 13 14 7 15 13 15 8 3 5 14 12 15 6 11 12 8 5 15 6 1 15 9 7 5 10 14 6
DISPLAY 0 1 0
DISPLAY 1 7 3
DISPLAY 2 13 1
DISPLAY 4 14 1
DISPLAY 5 8 0
DISPLAY 6 3 4
DISPLAY 7 5 3
DISPLAY 8 9 3
DISPLAY 9 4 2
DISPLAY 10 12 5
DISPLAY 11 13 5
DISPLAY 12 6 2
DISPLAY 13 12 3
DISPLAY 14 1 1
DISPLAY 15 2 5
DISPLAY 16 8 4
DISPLAY 17 7 1
DISPLAY 18 12 0
POSITION 0 8 5
POSITION 1 1 3
POSITION 2 9 2
POSITION 3 2 2
PLAYER 1
.
TICK 2
FIELDS 6 5 15 15 1 14 3 10 2 8 5 3 7 3 5 14 4 10 9 5 6 11 9 5 5 9 10 3 10 6 7 11 3 6 3 7 12 8 14 6 10 6 9 5 7 6 12 15 10 15 15 11 11 7 3 4 9 10 5 10 8 3 6 13 14 7 14 13 15 8 3 5 14 12 15 6 11 12 8 5 15 15 1 15 9 7 5 10 14 6
DISPLAY 0 1 0
DISPLAY 1 7 3
DISPLAY 2 13 1
DISPLAY 4 14 1
DISPLAY 5 8 0
DISPLAY 6 3 4
DISPLAY 7 5 3
DISPLAY 8 9 3
DISPLAY 9 4 2
DISPLAY 10 12 5
DISPLAY 11 13 5
DISPLAY 12 6 3
DISPLAY 13 12 3
DISPLAY 14 1 1
DISPLAY 15 2 5
DISPLAY 16 8 4
DISPLAY 17 7 1
DISPLAY 18 12 0
POSITION 0 8 5
POSITION 1 1 3
POSITION 2 9 2
POSITION 3 2 2
PLAYER 2
.
TICK 2
FIELDS 6 5 15 15 1 14 3 10 2 8 5 3 12 3 5 14 4 10 9 5 6 11 9 5 5 9 10 7 10 6 7 11 3 6 3 7 12 8 14 6 10 6 3 5 7 6 12 15 10 15 15 11 11 7 3 4 9 9 5 10 8 3 6 13 14 7 14 13 15 8 3 5 10 12 15 6 11 12 8 5 15 15 1 15 9 7 5 14 14 6
DISPLAY 0 1 0
DISPLAY 1 7 3
DISPLAY 2 13 1
DISPLAY 4 14 1
DISPLAY 5 8 0
DISPLAY 6 3 4
DISPLAY 7 5 3
DISPLAY 8 9 3
DISPLAY 9 4 2
DISPLAY 10 12 0
DISPLAY 11 13 5
DISPLAY 12 6 3
DISPLAY 13 12 4
DISPLAY 14 1 1
DISPLAY 15 2 5
DISPLAY 16 8 4
DISPLAY 17 7 1
DISPLAY 18 12 1
POSITION 0 8 5
POSITION 1 1 3
POSITION 2 9 2
POSITION 3 2 2
PLAYER 3
.
TICK 3
FIELDS 6 5 15 15 1 14 11 10 2 8 5 3 12 3 5 14 4 10 9 5 6 12 9 5 5 9 10 7 10 6 7 11 3 6 3 7 11 8 14 6 10 6 3 5 7 6 12 15 10 15 15 14 11 7 3 4 9 9 5 10 8 3 6 13 14 7 15 13 15 8 3 5 10 12 15 6 11 12 8 5 15 3 1 15 9 7 5 14 14 6
DISPLAY 0 1 0
DISPLAY 1 7 3
DISPLAY 2 13 1
DISPLAY 4 14 1
DISPLAY 5 8 0
DISPLAY 6 3 4
DISPLAY 7 5 3
DISPLAY 8 9 3
DISPLAY 9 4 2
DISPLAY 10 12 0
DISPLAY 11 13 5
DISPLAY 12 6 2
DISPLAY 13 12 4
DISPLAY 14 1 1
DISPLAY 15 2 5
DISPLAY 16 8 4
DISPLAY 17 7 1
DISPLAY 18 12 1
POSITION 0 8 5
POSITION 1 1 3
POSITION 2 9 2
POSITION 3 2 2
PLAYER 0
MESSAGE OK
TARGET 17
EXTRAFIELD 5
.
TICK 3
FIELDS 6 5 15 15 1 14 11 5 2 8 5 3 12 3 5 14 4 10 9 5 6 12 10 5 5 9 10 7 10 6 7 11 3 6 3 7 11 9 14 6 10 6 3 5 7 6 12 15 10 15 15 14 8 7 3 4 9 9 5 10 8 3 6 13 14 7 15 11 15 8 3 5 10 12 15 6 11 12 8 5 15 3 13 15 9 7 5 14 14 6
DISPLAY 0 1 0
DISPLAY 1 7 4
DISPLAY 2 13 1
DISPLAY 4 14 1
DISPLAY 5 8 0
DISPLAY 6 3 4
DISPLAY 7 5 3
DISPLAY 8 9 3
DISPLAY 9 4 2
DISPLAY 10 12 0
DISPLAY 11 13 5
DISPLAY 12 6 2
DISPLAY 13 12 4
DISPLAY 14 1 1
DISPLAY 15 2 5
DISPLAY 16 8 4
DISPLAY 18 12 1
POSITION 0 7 2
POSITION 1 1 3
POSITION 2 9 2
POSITION 3 2 2
PLAYER 1
.
TICK 3
FIELDS 6 5 15 15 1 14 11 6 2 8 5 3 12 3 5 14 4 10 9 5 6 12 5 5 5 9 10 7 10 6 7 11 3 6 3 7 11 10 14 6 10 6 3 5 7 6 12 15 10 15 15 14 9 7 3 4 9 9 5 10 8 3 6 13 14 7 15 8 15 8 3 5 10 12 15 6 11 12 8 5 15 3 11 15 9 7 5 14 14 6
DISPLAY 0 1 0
DISPLAY 1 7 5
DISPLAY 2 13 1
DISPLAY 4 14 1
DISPLAY 5 8 0
DISPLAY 6 3 4
DISPLAY 7 5 3
DISPLAY 8 9 3
DISPLAY 9 4 2
DISPLAY 10 12 0
DISPLAY 11 13 5
DISPLAY 12 6 2
DISPLAY 13 12 4
DISPLAY 14 1 1
DISPLAY 15 2 5
DISPLAY 16 8 4
DISPLAY 18 12 1
POSITION 0 7 3
POSITION 1 1 3
POSITION 2 9 2
POSITION 3 2 2
PLAYER 2
.
TICK 3
FIELDS 6 5 15 15 1 14 11 6 2 8 5 3 10 3 5 14 4 10 9 5 6 12 5 5 5 9 10 12 10 6 7 11 3 6 3 7 11 10 14 6 10 6 7 5 7 6 12 15 10 15 15 14 9 7 3 4 9 3 5 10 8 3 6 13 14 7 15 8 15 8 3 5 9 12 15 6 11 12 8 5 15 3 11 15 9 7 5 10 14 6
DISPLAY 0 1 0
DISPLAY 1 7 5
DISPLAY 2 13 1
DISPLAY 4 14 1
DISPLAY 5 8 0
DISPLAY 6 3 4
DISPLAY 7 5 3
DISPLAY 8 9 3
DISPLAY 9 4 2
DISPLAY 10 12 1
DISPLAY 11 13 5
DISPLAY 12 6 2
DISPLAY 13 12 5
DISPLAY 14 1 1
DISPLAY 15 2 5
DISPLAY 16 8 4
DISPLAY 18 12 2
POSITION 0 7 3
POSITION 1 1 3
POSITION 2 9 2
POSITION 3 2 2
PLAYER 3
.
TICK 4
FIELDS 6 5 15 15 1 14 12 6 2 8 5 3 10 3 5 14 4 10 9 5 6 11 5 5 5 9 10 12 10 6 7 11 3 6 3 7 14 10 14 6 10 6 7 5 7 6 12 15 10 15 15 15 9 7 3 4 9 3 5 10 8 3 6 13 14 7 3 8 15 8 3 5 9 12 15 6 11 12 8 5 15 3 11 15 9 7 5 10 14 6
DISPLAY 0 1 0
DISPLAY 1 7 5
DISPLAY 2 13 1
DISPLAY 4 14 1
DISPLAY 5 8 0
DISPLAY 6 3 4
DISPLAY 7 5 3
DISPLAY 8 9 3
DISPLAY 9 4 2
DISPLAY 10 12 1
DISPLAY 11 13 5
DISPLAY 12 6 1
DISPLAY 13 12 5
DISPLAY 14 1 1
DISPLAY 15 2 5
DISPLAY 16 8 4
DISPLAY 18 12 2
POSITION 0 7 3
POSITION 1 1 3
POSITION 2 9 2
POSITION 3 2 2
PLAYER 0
MESSAGE OK
TARGET 5
EXTRAFIELD 1
.
TICK 4
FIELDS 6 5 15 15 1 14 12 6 5 8 5 3 10 3 5 14 4 10 9 5 6 11 5 14 5 9 10 12 10 6 7 11 3 6 3 7 14 10 7 6 10 6 7 5 7 6 12 15 10 15 15 15 9 15 3 4 9 3 5 10 8 3 6 13 14 7 3 8 15 8 3 5 9 12 15 6 11 12 8 5 15 3 11 1 9 7 5 10 14 6
DISPLAY 0 1 0
DISPLAY 1 7 5
DISPLAY 2 13 1
DISPLAY 4 14 1
DISPLAY 6 3 4
DISPLAY 7 5 3
DISPLAY 8 9 3
DISPLAY 9 4 2
DISPLAY 10 12 1
DISPLAY 11 13 5
DISPLAY 12 6 1
DISPLAY 13 12 5
DISPLAY 14 1 1
DISPLAY 15 2 5
DISPLAY 16 8 3
DISPLAY 18 12 2
POSITION 0 8 5
POSITION 1 1 3
POSITION 2 9 2
POSITION 3 2 2
PLAYER 1
.
TICK 4
FIELDS 6 5 15 15 1 14 12 6 5 8 5 3 13 3 5 14 4 10 9 5 6 11 5 14 5 9 10 10 10 6 7 11 3 6 3 7 14 10 7 6 10 6 12 5 7 6 12 15 10 15 15 15 9 15 3 4 9 7 5 10 8 3 6 13 14 7 3 8 15 8 3 5 3 12 15 6 11 12 8 5 15 3 11 1 9 7 5 9 14 6
DISPLAY 0 1 0
DISPLAY 1 7 5
DISPLAY 2 13 1
DISPLAY 4 14 1
DISPLAY 6 3 4
DISPLAY 7 5 3
DISPLAY 8 9 3
DISPLAY 9 4 2
DISPLAY 10 12 2
DISPLAY 11 13 5
DISPLAY 12 6 1
DISPLAY 13 12 0
DISPLAY 14 1 1
DISPLAY 15 2 5
DISPLAY 16 8 3
DISPLAY 18 12 3
POSITION 0 8 5
POSITION 1 1 3
POSITION 2 9 2
POSITION 3 2 2
PLAYER 2
.
TICK 4
FIELDS 14 5 15 15 1 14 12 6 5 8 5 3 13 3 5 6 4 10 9 5 6 11 5 14 5 9 10 10 10 6 14 11 3 6 3 7 14 10 7 6 10 6 12 5 7 7 12 15 10 15 15 15 9 15 3 4 9 7 5 10 6 3 6 13 14 7 3 8 15 8 3 5 3 12 15 8 11 12 8 5 15 3 11 1 9 7 5 9 14 6
DISPLAY 0 1 0
DISPLAY 1 7 5
DISPLAY 2 13 1
DISPLAY 4 14 1
DISPLAY 6 3 4
DISPLAY 7 5 3
DISPLAY 8 9 3
DISPLAY 9 4 2
DISPLAY 10 12 2
DISPLAY 11 13 5
DISPLAY 12 6 1
DISPLAY 13 12 0
DISPLAY 14 1 1
DISPLAY 15 2 5
DISPLAY 16 8 3
DISPLAY 18 12 3
POSITION 0 8 5
POSITION 1 1 3
POSITION 2 9 3
POSITION 3 2 2
PLAYER 3
.
TICK 5
FIELDS 14 5 15 15 1 14 11 6 5 8 5 3 13 3 5 6 4 10 9 5 6 14 5 14 5 9 10 10 10 6 14 11 3 6 3 7 15 10 7 6 10 6 12 5 7 7 12 15 10 15 15 3 9 15 3 4 9 7 5 10 6 3 6 13 14 7 3 8 15 8 3 5 3 12 15 8 11 12 8 5 15 11 11 1 9 7 5 9 14 6
DISPLAY 0 1 0
DISPLAY 1 7 5
DISPLAY 2 13 1
DISPLAY 4 14 1
DISPLAY 6 3 4
DISPLAY 7 5 3
DISPLAY 8 9 3
DISPLAY 9 4 2
DISPLAY 10 12 2
DISPLAY 11 13 5
DISPLAY 12 6 0
DISPLAY 13 12 0
DISPLAY 14 1 1
DISPLAY 15 2 5
DISPLAY 16 8 3
DISPLAY 18 12 3
POSITION 0 8 5
POSITION 1 1 3
POSITION 2 9 3
POSITION 3 2 2
PLAYER 0
MESSAGE OK
TARGET 14
EXTRAFIELD 2
.
TICK 5
FIELDS 14 2 15 15 1 14 11 6 5 8 5 3 13 3 5 6 5 10 9 5 6 14 5 14 5 9 10 10 10 6 14 4 3 6 3 7 15 10 7 6 10 6 12 5 7 7 11 15 10 15 15 3 9 15 3 4 9 7 5 10 6 12 6 13 14 7 3 8 15 8 3 5 3 12 15 8 3 12 8 5 15 11 11 1 9 7 5 9 14 6
DISPLAY 0 1 1
DISPLAY 1 7 5
DISPLAY 2 13 1
DISPLAY 4 14 1
DISPLAY 6 3 4
DISPLAY 7 5 3
DISPLAY 8 9 3
DISPLAY 9 4 2
DISPLAY 10 12 2
DISPLAY 11 13 5
DISPLAY 12 6 0
DISPLAY 13 12 0
DISPLAY 15 2 5
DISPLAY 16 8 3
DISPLAY 18 12 3
POSITION 0 1 2
POSITION 1 1 4
POSITION 2 9 3
POSITION 3 2 2
PLAYER 1
.
TICK 5
FIELDS 14 2 15 15 1 14 11 6 10 8 5 3 13 3 5 6 5 10 9 5 6 14 5 5 5 9 10 10 10 6 14 4 3 6 3 7 15 10 14 6 10 6 12 5 7 7 11 15 10 15 15 3 9 7 3 4 9 7 5 10 6 12 6 13 14 7 3 8 15 8 3 5 3 12 15 8 3 12 8 5 15 11 11 15 9 7 5 9 14 6
DISPLAY 0 1 1
DISPLAY 1 7 5
DISPLAY 2 13 1
DISPLAY 4 14 1
DISPLAY 6 3 4
DISPLAY 7 5 3
DISPLAY 8 9 3
DISPLAY 9 4 2
DISPLAY 10 12 2
DISPLAY 11 13 5
DISPLAY 12 6 0
DISPLAY 13 12 0
DISPLAY 15 2 5
DISPLAY 16 8 4
DISPLAY 18 12 3
POSITION 0 1 2
POSITION 1 1 4
POSITION 2 9 3
POSITION 3 2 2
PLAYER 2
.
TICK 5
FIELDS 6 2 15 15 1 14 11 6 10 8 5 3 13 3 5 14 5 10 9 5 6 14 5 5 5 9 10 10 10 6 6 4 3 6 3 7 15 10 14 6 10 6 12 5 7 14 11 15 10 15 15 3 9 7 3 4 9 7 5 10 7 12 6 13 14 7 3 8 15 8 3 5 3 12 15 6 3 12 8 5 15 11 11 15 9 7 5 9 14 6
DISPLAY 0 1 1
DISPLAY 1 7 5
DISPLAY 2 13 1
DISPLAY 4 14 1
DISPLAY 6 3 4
DISPLAY 7 5 3
DISPLAY 8 9 3
DISPLAY 9 4 2
DISPLAY 10 12 2
DISPLAY 11 13 5
DISPLAY 12 6 0
DISPLAY 13 12 0
DISPLAY 15 2 5
DISPLAY 16 8 4
DISPLAY 18 12 3
POSITION 0 1 2
POSITION 1 1 4
POSITION 2 9 3
POSITION 3 2 2
PLAYER 3
.
TICK 6
FIELDS 6 2 15 15 1 14 14 6 10 8 5 3 13 3 5 14 5 10 9 5 6 15 5 5 5 9 10 10 10 6 6 4 3 6 3 7 3 10 14 6 10 6 12 5 7 14 11 15 10 15 15 3 9 7 3 4 9 7 5 10 7 12 6 13 14 7 11 8 15 8 3 5 3 12 15 6 3 12 8 5 15 12 11 15 9 7 5 9 14 6
DISPLAY 0 1 1
DISPLAY 1 7 5
DISPLAY 2 13 1
DISPLAY 4 14 1
DISPLAY 6 3 4
DISPLAY 7 5 3
DISPLAY 8 9 3
DISPLAY 9 4 2
DISPLAY 10 12 2
DISPLAY 11 13 5
DISPLAY 12 6 5
DISPLAY 13 12 0
DISPLAY 15 2 5
DISPLAY 16 8 4
DISPLAY 18 12 3
POSITION 0 1 2
POSITION 1 1 4
POSITION 2 9 3
POSITION 3 2 2
PLAYER 0
MESSAGE OK
TARGET 11
EXTRAFIELD 11
.
TICK 6
FIELDS 6 2 11 15 1 14 14 6 10 8 5 3 13 3 5 14 5 15 9 5 6 15 5 5 5 9 10 10 10 6 6 4 10 6 3 7 3 10 14 6 10 6 12 5 7 14 11 3 10 15 15 3 9 7 3 4 9 7 5 10 7 12 15 13 14 7 11 8 15 8 3 5 3 12 15 6 3 6 8 5 15 12 11 15 9 7 5 9 14 6
DISPLAY 0 1 1
DISPLAY 1 7 5
DISPLAY 2 13 1
DISPLAY 4 14 1
DISPLAY 6 3 4
DISPLAY 7 5 3
DISPLAY 8 9 3
DISPLAY 9 4 2
DISPLAY 10 12 2
DISPLAY 11 13 5
DISPLAY 12 6 5
DISPLAY 13 12 0
DISPLAY 15 2 0
DISPLAY 16 8 4
DISPLAY 18 12 3
POSITION 0 0 4
POSITION 1 1 4
POSITION 2 9 3
POSITION 3 2 3
PLAYER 1
.
TICK 6
FIELDS 6 2 11 15 1 14 14 6 10 8 5 3 13 3 5 14 5 15 9 5 6 15 5 5 5 9 10 10 10 6 6 4 10 6 3 7 3 10 14 6 10 6 12 5 7 11 3 10 15 15 3 9 7 3 4 9 7 5 10 1 7 12 15 13 14 7 11 8 15 8 3 5 3 12 15 6 3 6 8 5 15 12 11 15 9 7 5 9 14 6
DISPLAY 0 1 1
DISPLAY 1 7 5
DISPLAY 2 13 1
DISPLAY 4 14 1
DISPLAY 6 3 4
DISPLAY 7 4 3
DISPLAY 8 8 3
DISPLAY 9 4 2
DISPLAY 10 12 2
DISPLAY 11 13 5
DISPLAY 12 6 5
DISPLAY 13 12 0
DISPLAY 15 2 0
DISPLAY 16 8 4
DISPLAY 18 11 3
POSITION 0 0 4
POSITION 1 1 4
POSITION 2 8 3
POSITION 3 1 3
PLAYER 2
.
TICK 6
FIELDS 6 2 11 15 1 14 14 6 10 8 5 10 13 3 5 14 5 15 9 5 6 15 5 5 5 9 6 10 10 6 6 4 10 6 3 7 3 10 14 6 10 7 12 5 7 11 3 10 15 15 3 9 7 3 4 9 5 5 10 1 7 12 15 13 14 7 11 8 15 8 3 5 3 12 15 6 3 6 8 5 15 12 11 15 9 7 8 9 14 6
DISPLAY 0 1 1
DISPLAY 1 7 5
DISPLAY 2 13 1
DISPLAY 4 14 1
DISPLAY 6 3 4
DISPLAY 7 4 3
DISPLAY 8 8 3
DISPLAY 9 4 2
DISPLAY 10 12 2
DISPLAY 11 13 5
DISPLAY 12 6 5
DISPLAY 13 12 0
DISPLAY 15 2 0
DISPLAY 16 8 4
DISPLAY 18 11 2
POSITION 0 0 4
POSITION 1 1 4
POSITION 2 9 2
POSITION 3 1 3
PLAYER 3
.
TICK 7
FIELDS 6 2 11 15 1 14 11 6 10 8 5 10 13 3 5 14 5 15 9 5 6 14 5 5 5 9 6 10 10 6 6 4 10 6 3 7 15 10 14 6 10 7 12 5 7 11 3 10 15 15 3 3 7 3 4 9 5 5 10 1 7 12 15 13 14 7 9 8 15 8 3 5 3 12 15 6 3 6 8 5 15 11 11 15 9 7 8 9 14 6
DISPLAY 0 1 1
DISPLAY 1 7 5
DISPLAY 2 13 1
DISPLAY 4 14 1
DISPLAY 6 3 4
DISPLAY 7 4 3
DISPLAY 8 8 3
DISPLAY 9 4 2
DISPLAY 10 12 2
DISPLAY 11 13 5
DISPLAY 12 6 0
DISPLAY 13 12 0
DISPLAY 15 2 0
DISPLAY 16 8 4
DISPLAY 18 11 2
POSITION 0 0 4
POSITION 1 1 4
POSITION 2 9 2
POSITION 3 1 3
PLAYER 0
MESSAGE OK
TARGET 11
EXTRAFIELD 12
.
TICK 7
FIELDS 6 2 11 15 1 14 11 6 10 8 5 10 13 3 5 14 5 15 9 5 6 14 5 5 5 9 6 10 10 6 6 4 10 6 3 7 15 10 14 6 10 7 12 5 7 11 3 10 15 15 3 3 7 3 4 9 5 5 10 1 12 15 13 14 7 9 8 15 8 3 5 3 12 15 3 6 3 6 8 5 15 11 11 15 9 7 8 9 14 6
DISPLAY 0 1 1
DISPLAY 1 7 5
DISPLAY 2 13 1
DISPLAY 4 14 1
DISPLAY 6 2 4
DISPLAY 7 4 3
DISPLAY 8 8 3
DISPLAY 9 4 2
DISPLAY 10 12 2
DISPLAY 12 6 0
DISPLAY 13 12 0
DISPLAY 15 2 0
DISPLAY 16 7 4
DISPLAY 18 11 2
POSITION 0 13 5
POSITION 1 0 4
POSITION 2 9 2
POSITION 3 1 3
PLAYER 1
.
TICK 7
FIELDS 6 2 11 15 1 6 11 6 10 8 5 10 13 3 5 14 5 15 9 5 7 14 5 5 5 9 6 10 10 6 6 4 10 6 3 3 15 10 14 6 10 7 12 5 7 11 3 10 15 15 9 3 7 3 4 9 5 5 10 1 12 15 13 14 7 15 8 15 8 3 5 3 12 15 3 6 3 6 8 5 14 11 11 15 9 7 8 9 14 6
DISPLAY 0 1 1
DISPLAY 1 7 5
DISPLAY 2 13 1
DISPLAY 4 14 1
DISPLAY 6 2 4
DISPLAY 7 4 3
DISPLAY 8 8 3
DISPLAY 9 4 2
DISPLAY 10 12 2
DISPLAY 12 6 0
DISPLAY 13 12 0
DISPLAY 15 2 0
DISPLAY 16 7 4
DISPLAY 18 11 2
POSITION 0 13 5
POSITION 1 0 4
POSITION 2 9 2
POSITION 3 1 3
PLAYER 2
.
TICK 7
FIELDS 3 2 11 15 1 6 11 6 10 8 5 10 13 3 5 6 5 15 9 5 7 14 5 5 5 9 6 10 10 6 14 4 10 6 3 3 15 10 14 6 10 7 12 5 7 6 3 10 15 15 9 3 7 3 4 9 5 5 10 1 11 15 13 14 7 15 8 15 8 3 5 3 12 15 3 12 3 6 8 5 14 11 11 15 9 7 8 9 14 6
DISPLAY 0 1 1
DISPLAY 1 7 5
DISPLAY 2 13 1
DISPLAY 4 14 1
DISPLAY 6 2 4
DISPLAY 7 4 3
DISPLAY 8 8 3
DISPLAY 9 4 2
DISPLAY 10 12 2
DISPLAY 12 6 0
DISPLAY 13 12 0
DISPLAY 15 2 0
DISPLAY 16 7 4
DISPLAY 18 11 2
POSITION 0 13 5
POSITION 1 0 5
POSITION 2 9 2
POSITION 3 1 3
PLAYER 3
.
TICK 8
FIELDS 3 2 11 15 1 6 12 6 10 8 5 10 13 3 5 6 5 15 9 5 7 11 5 5 5 9 6 10 10 6 14 4 10 6 3 3 14 10 14 6 10 7 12 5 7 6 3 10 15 15 9 15 7 3 4 9 5 5 10 1 11 15 13 14 7 15 3 15 8 3 5 3 12 15 3 12 3 6 8 5 14 8 11 15 9 7 8 9 14 6
DISPLAY 0 1 1
DISPLAY 1 7 5
DISPLAY 2 13 1
DISPLAY 4 14 1
DISPLAY 6 2 4
DISPLAY 7 4 3
DISPLAY 8 8 3
DISPLAY 9 4 2
DISPLAY 10 12 2
DISPLAY 12 6 1
DISPLAY 13 12 0
DISPLAY 15 2 0
DISPLAY 16 7 4
DISPLAY 18 11 2
POSITION 0 13 5
POSITION 1 0 5
POSITION 2 9 2
POSITION 3 1 3
PLAYER 0
MESSAGE OK
TARGET 9
EXTRAFIELD 7
.
TICK 8
FIELDS 3 2 11 15 1 6 12 6 10 8 5 10 13 3 5 6 5 15 9 5 7 11 5 5 5 9 6 10 10 6 14 4 10 6 3 3 14 10 14 6 10 7 12 5 7 3 10 15 15 9 15 7 3 4 9 5 5 10 1 7 11 15 13 14 7 15 3 15 8 3 5 3 12 15 3 12 3 6 8 5 14 8 11 15 9 7 8 9 14 6
DISPLAY 0 1 1
DISPLAY 1 7 5
DISPLAY 2 13 1
DISPLAY 4 14 1
DISPLAY 6 2 4
DISPLAY 7 3 3
DISPLAY 8 7 3
DISPLAY 9 4 2
DISPLAY 10 12 2
DISPLAY 12 6 1
DISPLAY 13 12 0
DISPLAY 15 2 0
DISPLAY 16 7 4
DISPLAY 18 11 2
POSITION 0 14 4
POSITION 1 0 5
POSITION 2 9 2
POSITION 3 0 3
PLAYER 1
.
TICK 8
FIELDS 3 2 11 15 1 6 12 6 10 8 5 10 13 3 5 6 5 15 9 5 7 11 5 5 5 9 6 10 10 6 14 4 10 6 3 3 14 10 14 6 10 7 12 5 7 14 3 10 15 15 9 15 7 3 4 9 5 5 10 1 11 15 13 14 7 15 3 15 8 3 5 3 12 15 3 12 3 6 8 5 14 8 11 15 9 7 8 9 14 6
DISPLAY 0 1 1
DISPLAY 1 7 5
DISPLAY 2 13 1
DISPLAY 4 14 1
DISPLAY 6 2 4
DISPLAY 7 4 3
DISPLAY 8 8 3
DISPLAY 9 4 2
DISPLAY 10 12 2
DISPLAY 12 6 1
DISPLAY 13 12 0
DISPLAY 15 2 0
DISPLAY 16 7 4
DISPLAY 18 11 2
POSITION 0 14 4
POSITION 1 0 5
POSITION 2 9 2
POSITION 3 1 3
PLAYER 2
.
TICK 8
FIELDS 6 2 11 15 1 6 12 6 10 8 5 10 13 3 5 3 5 15 9 5 7 11 5 5 5 9 6 10 10 6 6 4 10 6 3 3 14 10 14 6 10 7 12 5 7 14 3 10 15 15 9 15 7 3 4 9 5 5 10 1 14 15 13 14 7 15 3 15 8 3 5 3 12 15 3 11 3 6 8 5 14 8 11 15 9 7 8 9 14 6
DISPLAY 0 1 1
DISPLAY 1 7 5
DISPLAY 2 13 1
DISPLAY 4 14 1
DISPLAY 6 2 4
DISPLAY 7 4 3
DISPLAY 8 8 3
DISPLAY 9 4 2
DISPLAY 10 12 2
DISPLAY 12 6 1
DISPLAY 13 12 0
DISPLAY 15 2 0
DISPLAY 16 7 4
DISPLAY 18 11 2
POSITION 0 14 4
POSITION 1 0 0
POSITION 2 9 2
POSITION 3 1 3
PLAYER 3
.
TICK 9
FIELDS 6 2 11 15 1 6 11 6 10 8 5 10 13 3 5 3 5 15 9 5 7 14 5 5 5 9 6 10 10 6 6 4 10 6 3 3 15 10 14 6 10 7 12 5 7 14 3 10 15 15 9 3 7 3 4 9 5 5 10 1 14 15 13 14 7 15 8 15 8 3 5 3 12 15 3 11 3 6 8 5 14 11 11 15 9 7 8 9 14 6
DISPLAY 0 1 1
DISPLAY 1 7 5
DISPLAY 2 13 1
DISPLAY 4 14 1
DISPLAY 6 2 4
DISPLAY 7 4 3
DISPLAY 8 8 3
DISPLAY 9 4 2
DISPLAY 10 12 2
DISPLAY 12 6 0
DISPLAY 13 12 0
DISPLAY 15 2 0
DISPLAY 16 7 4
DISPLAY 18 11 2
POSITION 0 14 4
POSITION 1 0 0
POSITION 2 9 2
POSITION 3 1 3
PLAYER 0
MESSAGE OK
TARGET 9
EXTRAFIELD 6
.
TICK 9
FIELDS 6 2 11 6 1 6 11 6 10 8 5 10 13 3 5 3 5 15 15 5 7 14 5 5 5 9 6 10 10 6 6 4 10 9 3 3 15 10 14 6 10 7 12 5 7 14 3 10 6 15 9 3 7 3 4 9 5 5 10 1 14 15 13 15 7 15 8 15 8 3 5 3 12 15 3 11 3 6 14 5 14 11 11 15 9 7 8 9 14 6
DISPLAY 0 1 1
DISPLAY 1 7 5
DISPLAY 2 13 1
DISPLAY 4 14 1
DISPLAY 6 2 4
DISPLAY 7 4 3
DISPLAY 8 8 3
DISPLAY 9 4 2
DISPLAY 10 12 2
DISPLAY 12 6 0
DISPLAY 13 12 0
DISPLAY 15 2 0
DISPLAY 16 7 4
DISPLAY 18 11 2
POSITION 0 14 5
POSITION 1 0 0
POSITION 2 9 2
POSITION 3 1 3
PLAYER 1
.
TICK 9
FIELDS 6 2 11 6 1 6 11 6 10 8 5 10 13 3 6 3 5 15 15 5 7 14 5 5 5 9 6 10 10 7 6 4 10 9 3 3 15 10 14 6 10 7 12 5 1 14 3 10 6 15 9 3 7 3 4 9 5 5 10 3 14 15 13 15 7 15 8 15 8 3 5 3 12 15 6 11 3 6 14 5 14 11 11 15 9 7 8 9 14 7
DISPLAY 0 1 1
DISPLAY 1 7 5
DISPLAY 2 13 1
DISPLAY 4 14 0
DISPLAY 6 2 4
DISPLAY 7 4 3
DISPLAY 8 8 3
DISPLAY 9 4 2
DISPLAY 10 12 2
DISPLAY 12 6 0
DISPLAY 13 12 0
DISPLAY 15 2 0
DISPLAY 16 7 4
DISPLAY 18 11 2
POSITION 0 14 4
POSITION 1 0 0
POSITION 2 9 2
POSITION 3 1 3
PLAYER 2
.
TICK 9
FIELDS 12 2 11 6 1 6 11 6 10 8 5 10 13 3 6 6 5 15 15 5 7 14 5 5 5 9 6 10 10 7 3 4 10 9 3 3 15 10 14 6 10 7 12 5 1 6 3 10 6 15 9 3 7 3 4 9 5 5 10 3 14 15 13 15 7 15 8 15 8 3 5 3 12 15 6 14 3 6 14 5 14 11 11 15 9 7 8 9 14 7
DISPLAY 0 1 1
DISPLAY 1 7 5
DISPLAY 2 13 1
DISPLAY 4 14 0
DISPLAY 6 2 4
DISPLAY 7 4 3
DISPLAY 8 8 3
DISPLAY 9 4 2
DISPLAY 10 12 2
DISPLAY 12 6 0
DISPLAY 13 12 0
DISPLAY 15 2 0
DISPLAY 16 7 4
DISPLAY 18 11 2
POSITION 0 14 4
POSITION 1 0 1
POSITION 2 9 2
POSITION 3 1 3
PLAYER 3
.
TICK 10
FIELDS 12 2 11 6 1 6 14 6 10 8 5 10 13 3 6 6 5 15 15 5 7 15 5 5 5 9 6 10 10 7 3 4 10 9 3 3 3 10 14 6 10 7 12 5 1 6 3 10 6 15 9 8 7 3 4 9 5 5 10 3 14 15 13 15 7 15 11 15 8 3 5 3 12 15 6 14 3 6 14 5 14 12 11 15 9 7 8 9 14 7
DISPLAY 0 1 1
DISPLAY 1 7 5
DISPLAY 2 13 1
DISPLAY 4 14 0
DISPLAY 6 2 4
DISPLAY 7 4 3
DISPLAY 8 8 3
DISPLAY 9 4 2
DISPLAY 10 12 2
DISPLAY 12 6 5
DISPLAY 13 12 0
DISPLAY 15 2 0
DISPLAY 16 7 4
DISPLAY 18 11 2
POSITION 0 14 4
POSITION 1 0 1
POSITION 2 9 2
POSITION 3 1 3
PLAYER 0
MESSAGE OK
TARGET 9
EXTRAFIELD 8
.
TICK 10
FIELDS 12 2 11 6 1 6 14 6 10 8 5 10 13 3 6 6 5 15 15 5 7 15 5 5 5 9 6 10 10 7 3 4 10 9 3 3 3 10 14 6 10 7 12 5 1 6 3 10 6 15 9 8 7 3 4 9 5 5 10 3 8 14 15 13 15 7 15 11 15 8 3 5 3 12 15 14 3 6 14 5 14 12 11 15 9 7 8 9 14 7
DISPLAY 0 1 1
DISPLAY 1 7 5
DISPLAY 2 13 1
DISPLAY 4 14 0
DISPLAY 6 3 4
DISPLAY 7 4 3
DISPLAY 8 8 3
DISPLAY 9 4 2
DISPLAY 10 12 2
DISPLAY 12 6 5
DISPLAY 13 12 0
DISPLAY 15 2 0
DISPLAY 16 8 4
DISPLAY 18 11 2
POSITION 0 1 5
POSITION 1 0 1
POSITION 2 9 2
POSITION 3 1 3
PLAYER 1
.
TICK 10
FIELDS 12 2 11 6 1 6 14 6 10 8 5 10 13 5 6 6 5 15 15 5 7 15 5 5 5 9 6 10 3 7 3 4 10 9 3 3 3 10 14 6 10 7 12 10 1 6 3 10 6 15 9 8 7 3 4 9 5 5 5 3 8 14 15 13 15 7 15 11 15 8 3 5 3 10 15 14 3 6 14 5 14 12 11 15 9 7 8 9 12 7
DISPLAY 0 1 1
DISPLAY 1 7 5
DISPLAY 2 13 2
DISPLAY 4 14 0
DISPLAY 6 3 4
DISPLAY 7 4 3
DISPLAY 8 8 3
DISPLAY 9 4 2
DISPLAY 10 12 2
DISPLAY 12 6 5
DISPLAY 13 12 0
DISPLAY 15 2 0
DISPLAY 16 8 4
DISPLAY 18 11 2
POSITION 0 1 5
POSITION 1 0 1
POSITION 2 9 2
POSITION 3 1 3
PLAYER 2
.
TICK 10
FIELDS 11 2 11 6 1 6 14 6 10 8 5 10 13 5 6 12 5 15 15 5 7 15 5 5 5 9 6 10 3 7 6 4 10 9 3 3 3 10 14 6 10 7 12 10 1 3 3 10 6 15 9 8 7 3 4 9 5 5 5 3 6 14 15 13 15 7 15 11 15 8 3 5 3 10 15 8 3 6 14 5 14 12 11 15 9 7 8 9 12 7
DISPLAY 0 1 1
DISPLAY 1 7 5
DISPLAY 2 13 2
DISPLAY 4 14 0
DISPLAY 6 3 4
DISPLAY 7 4 3
DISPLAY 8 8 3
DISPLAY 9 4 2
DISPLAY 10 12 2
DISPLAY 12 6 5
DISPLAY 13 12 0
DISPLAY 15 2 0
DISPLAY 16 8 4
DISPLAY 18 11 2
POSITION 0 1 5
POSITION 1 0 2
POSITION 2 9 2
POSITION 3 1 3
PLAYER 3
.
TICK 11
FIELDS 11 2 11 6 1 6 11 6 10 8 5 10 13 5 6 12 5 15 15 5 7 14 5 5 5 9 6 10 3 7 6 4 10 9 3 3 15 10 14 6 10 7 12 10 1 3 3 10 6 15 9 3 7 3 4 9 5 5 5 3 6 14 15 13 15 7 8 11 15 8 3 5 3 10 15 8 3 6 14 5 14 15 11 15 9 7 8 9 12 7
DISPLAY 0 1 1
DISPLAY 1 7 5
DISPLAY 2 13 2
DISPLAY 4 14 0
DISPLAY 6 3 4
DISPLAY 7 4 3
DISPLAY 8 8 3
DISPLAY 9 4 2
DISPLAY 10 12 2
DISPLAY 12 6 0
DISPLAY 13 12 0
DISPLAY 15 2 0
DISPLAY 16 8 4
DISPLAY 18 11 2
POSITION 0 1 5
POSITION 1 0 2
POSITION 2 9 2
POSITION 3 1 3
PLAYER 0
MESSAGE OK
TARGET 9
EXTRAFIELD 6
.
TICK 11
FIELDS 11 12 11 6 1 6 11 6 10 8 5 10 13 5 6 12 2 15 15 5 7 14 5 5 5 9 6 10 3 7 6 5 10 9 3 3 15 10 14 6 10 7 12 10 1 3 4 10 6 15 9 3 7 3 4 9 5 5 5 3 6 3 15 13 15 7 8 11 15 8 3 5 3 10 15 8 14 6 14 5 14 15 11 15 9 7 8 9 12 7
DISPLAY 0 1 2
DISPLAY 1 7 5
DISPLAY 2 13 2
DISPLAY 4 14 0
DISPLAY 6 3 4
DISPLAY 7 4 3
DISPLAY 8 8 3
DISPLAY 10 12 2
DISPLAY 12 6 0
DISPLAY 13 12 0
DISPLAY 15 2 0
DISPLAY 16 8 4
DISPLAY 18 11 2
POSITION 0 4 2
POSITION 1 0 2
POSITION 2 9 2
POSITION 3 1 4
PLAYER 1
.
TICK 11
FIELDS 11 12 11 6 1 6 11 6 10 8 5 10 13 5 6 14 12 2 15 15 5 7 14 5 5 5 9 6 10 3 6 5 10 9 3 3 15 10 14 6 10 7 12 10 1 3 4 10 6 15 9 3 7 3 4 9 5 5 5 3 6 3 15 13 15 7 8 11 15 8 3 5 3 10 15 8 14 6 14 5 14 15 11 15 9 7 8 9 12 7
DISPLAY 0 1 2
DISPLAY 1 7 5
DISPLAY 2 13 2
DISPLAY 4 14 0
DISPLAY 6 3 4
DISPLAY 7 4 3
DISPLAY 8 8 3
DISPLAY 10 12 2
DISPLAY 12 6 0
DISPLAY 13 12 0
DISPLAY 15 2 0
DISPLAY 16 8 4
DISPLAY 18 11 2
POSITION 0 4 2
POSITION 1 0 2
POSITION 2 9 2
POSITION 3 1 4
PLAYER 2
.
TICK 11
FIELDS 14 12 11 6 1 6 11 6 10 8 5 10 13 5 6 11 12 2 15 15 5 7 14 5 5 5 9 6 10 3 14 5 10 9 3 3 15 10 14 6 10 7 12 10 1 6 4 10 6 15 9 3 7 3 4 9 5 5 5 3 3 3 15 13 15 7 8 11 15 8 3 5 3 10 15 6 14 6 14 5 14 15 11 15 9 7 8 9 12 7
DISPLAY 0 1 2
DISPLAY 1 7 5
DISPLAY 2 13 2
DISPLAY 4 14 0
DISPLAY 6 3 4
DISPLAY 7 4 3
DISPLAY 8 8 3
DISPLAY 10 12 2
DISPLAY 12 6 0
DISPLAY 13 12 0
DISPLAY 15 2 0
DISPLAY 16 8 4
DISPLAY 18 11 2
POSITION 0 4 2
POSITION 1 0 3
POSITION 2 9 2
POSITION 3 1 4
PLAYER 3
.
TICK 12
FIELDS 14 12 11 6 1 6 12 6 10 8 5 10 13 5 6 11 12 2 15 15 5 11 14 5 5 5 9 6 10 3 14 5 10 9 3 3 7 10 14 6 10 7 12 10 1 6 4 10 6 15 9 15 7 3 4 9 5 5 5 3 3 3 15 13 15 7 3 11 15 8 3 5 3 10 15 6 14 6 14 5 14 8 11 15 9 7 8 9 12 7
DISPLAY 0 1 2
DISPLAY 1 7 5
DISPLAY 2 13 2
DISPLAY 4 14 0
DISPLAY 6 3 4
DISPLAY 7 4 3
DISPLAY 8 8 3
DISPLAY 10 12 2
DISPLAY 12 6 1
DISPLAY 13 12 0
DISPLAY 15 2 0
DISPLAY 16 8 4
DISPLAY 18 11 2
POSITION 0 4 2
POSITION 1 0 3
POSITION 2 9 2
POSITION 3 1 4
PLAYER 0
MESSAGE OK
TARGET 15
EXTRAFIELD 3
.
TICK 12
FIELDS 14 3 11 6 1 6 12 6 10 8 5 10 13 5 6 11 12 2 15 15 5 11 14 5 5 5 9 6 10 3 14 12 10 9 3 3 7 10 14 6 10 7 12 10 1 6 5 10 6 15 9 15 7 3 4 9 5 5 5 3 3 4 15 13 15 7 3 11 15 8 3 5 3 10 15 6 3 6 14 5 14 8 11 15 9 7 8 9 12 7
DISPLAY 0 1 3
DISPLAY 1 7 5
DISPLAY 2 13 2
DISPLAY 4 14 0
DISPLAY 6 3 4
DISPLAY 7 4 3
DISPLAY 8 8 3
DISPLAY 10 12 2
DISPLAY 12 6 1
DISPLAY 13 12 0
DISPLAY 16 8 4
DISPLAY 18 11 2
POSITION 0 2 0
POSITION 1 0 3
POSITION 2 9 2
POSITION 3 1 5
PLAYER 1
.
TICK 12
FIELDS 14 3 11 6 7 6 12 6 10 8 5 10 13 5 6 11 12 2 15 1 5 11 14 5 5 5 9 6 10 3 14 12 10 9 15 3 7 10 14 6 10 7 12 10 1 6 5 10 6 3 9 15 7 3 4 9 5 5 5 3 3 4 15 13 15 7 3 11 15 8 3 5 3 10 15 6 3 6 14 15 14 8 11 15 9 7 8 9 12 7
DISPLAY 0 1 3
DISPLAY 1 7 5
DISPLAY 2 13 2
DISPLAY 4 14 0
DISPLAY 6 3 4
DISPLAY 7 4 4
DISPLAY 8 8 3
DISPLAY 10 12 2
DISPLAY 12 6 1
DISPLAY 13 12 0
DISPLAY 16 8 4
DISPLAY 18 11 2
POSITION 0 2 0
POSITION 1 0 3
POSITION 2 9 2
POSITION 3 1 5
PLAYER 2
.
TICK 12
FIELDS 8 3 11 6 7 6 12 6 10 8 5 10 13 5 6 14 12 2 15 1 5 11 14 5 5 5 9 6 10 3 11 12 10 9 15 3 7 10 14 6 10 7 12 10 1 14 5 10 6 3 9 15 7 3 4 9 5 5 5 3 6 4 15 13 15 7 3 11 15 8 3 5 3 10 15 3 3 6 14 15 14 8 11 15 9 7 8 9 12 7
DISPLAY 0 1 3
DISPLAY 1 7 5
DISPLAY 2 13 2
DISPLAY 4 14 0
DISPLAY 6 3 4
DISPLAY 7 4 4
DISPLAY 8 8 3
DISPLAY 10 12 2
DISPLAY 12 6 1
DISPLAY 13 12 0
DISPLAY 16 8 4
DISPLAY 18 11 2
POSITION 0 2 0
POSITION 1 0 4
POSITION 2 9 2
POSITION 3 1 5
PLAYER 3
.
TICK 13
FIELDS 8 3 11 6 7 6 15 6 10 8 5 10 13 5 6 14 12 2 15 1 5 12 14 5 5 5 9 6 10 3 11 12 10 9 15 3 11 10 14 6 10 7 12 10 1 14 5 10 6 3 9 7 7 3 4 9 5 5 5 3 6 4 15 13 15 7 15 11 15 8 3 5 3 10 15 3 3 6 14 15 14 3 11 15 9 7 8 9 12 7
DISPLAY 0 1 3
DISPLAY 1 7 5
DISPLAY 2 13 2
DISPLAY 4 14 0
DISPLAY 6 3 4
DISPLAY 7 4 4
DISPLAY 8 8 3
DISPLAY 10 12 2
DISPLAY 12 6 2
DISPLAY 13 12 0
DISPLAY 16 8 4
DISPLAY 18 11 2
POSITION 0 2 0
POSITION 1 0 4
POSITION 2 9 2
POSITION 3 1 5
PLAYER 0
MESSAGE OK
TARGET 16
EXTRAFIELD 14
.
TICK 13
FIELDS 8 3 2 6 7 6 15 6 10 8 5 10 13 5 6 14 12 10 15 1 5 12 14 5 5 5 9 6 10 3 11 12 10 9 15 3 11 10 14 6 10 7 12 10 1 14 5 15 6 3 9 7 7 3 4 9 5 5 5 3 6 4 6 13 15 7 15 11 15 8 3 5 3 10 15 3 3 14 14 15 14 3 11 15 9 7 8 9 12 7
DISPLAY 0 1 3
DISPLAY 1 7 5
DISPLAY 2 13 2
DISPLAY 4 14 0
DISPLAY 6 3 4
DISPLAY 7 4 4
DISPLAY 8 8 3
DISPLAY 10 12 2
DISPLAY 12 6 2
DISPLAY 13 12 0
DISPLAY 18 11 2
POSITION 0 8 4
POSITION 1 0 4
POSITION 2 9 2
POSITION 3 1 5
PLAYER 1
.
TICK 13
FIELDS 8 3 2 6 7 6 15 6 10 8 5 10 13 5 6 14 12 10 15 1 5 12 14 5 5 5 9 6 10 3 11 12 10 9 15 3 11 10 14 6 10 7 12 10 1 14 5 15 6 3 9 7 7 3 4 9 5 5 5 3 6 4 6 13 15 7 15 11 15 8 3 5 3 10 15 3 14 14 15 14 3 11 15 9 7 8 9 12 7 5
DISPLAY 0 1 3
DISPLAY 1 6 5
DISPLAY 2 13 2
DISPLAY 4 14 0
DISPLAY 6 3 4
DISPLAY 7 4 4
DISPLAY 8 8 3
DISPLAY 10 12 2
DISPLAY 12 6 2
DISPLAY 13 12 0
DISPLAY 18 11 2
POSITION 0 8 4
POSITION 1 0 4
POSITION 2 9 2
POSITION 3 0 5
PLAYER 2
.
TICK 13
FIELDS 6 3 2 6 7 6 15 6 10 8 5 10 13 5 6 8 12 10 15 1 5 12 14 5 5 5 9 6 10 3 14 12 10 9 15 3 11 10 14 6 10 7 12 10 1 11 5 15 6 3 9 7 7 3 4 9 5 5 5 3 14 4 6 13 15 7 15 11 15 8 3 5 3 10 15 6 14 14 15 14 3 11 15 9 7 8 9 12 7 5
DISPLAY 0 1 3
DISPLAY 1 6 5
DISPLAY 2 13 2
DISPLAY 4 14 0
DISPLAY 6 3 4
DISPLAY 7 4 4
DISPLAY 8 8 3
DISPLAY 10 12 2
DISPLAY 12 6 2
DISPLAY 13 12 0
DISPLAY 18 11 2
POSITION 0 8 4
POSITION 1 0 5
POSITION 2 9 2
POSITION 3 0 0
PLAYER 3
.
TICK 14
FIELDS 6 3 2 6 7 6 8 6 10 8 5 10 13 5 6 8 12 10 15 1 5 15 14 5 5 5 9 6 10 3 14 12 10 9 15 3 12 10 14 6 10 7 12 10 1 11 5 15 6 3 9 11 7 3 4 9 5 5 5 3 14 4 6 13 15 7 7 11 15 8 3 5 3 10 15 6 14 14 15 14 3 15 15 9 7 8 9 12 7 5
DISPLAY 0 1 3
DISPLAY 1 6 0
DISPLAY 2 13 2
DISPLAY 4 14 0
DISPLAY 6 3 4
DISPLAY 7 4 4
DISPLAY 8 8 3
DISPLAY 10 12 2
DISPLAY 12 6 3
DISPLAY 13 12 0
DISPLAY 18 11 2
POSITION 0 8 4
POSITION 1 0 5
POSITION 2 9 2
POSITION 3 0 0
PLAYER 0
MESSAGE OK
TARGET 8
EXTRAFIELD 11
.
TICK 14
FIELDS 6 3 2 6 7 11 8 6 10 8 5 10 13 5 6 8 12 10 15 1 6 15 14 5 5 5 9 6 10 3 14 12 10 9 15 5 12 10 14 6 10 7 12 10 1 11 5 15 6 3 3 11 7 3 4 9 5 5 5 3 14 4 6 13 15 9 7 11 15 8 3 5 3 10 15 6 14 14 15 14 7 15 15 9 7 8 9 12 7 5
DISPLAY 0 1 3
DISPLAY 1 6 0
DISPLAY 2 13 2
DISPLAY 4 14 0
DISPLAY 6 3 4
DISPLAY 7 4 4
DISPLAY 10 12 2
DISPLAY 12 6 3
DISPLAY 13 12 0
DISPLAY 18 11 2
POSITION 0 8 3
POSITION 1 0 5
POSITION 2 9 2
POSITION 3 0 0
PLAYER 1
.
TICK 14
FIELDS 6 3 2 6 7 11 8 6 10 8 5 10 13 5 6 12 10 15 1 6 15 14 5 5 5 9 6 10 3 3 14 12 10 9 15 5 12 10 14 6 10 7 12 10 1 11 5 15 6 3 3 11 7 3 4 9 5 5 5 3 14 4 6 13 15 9 7 11 15 8 3 5 3 10 15 6 14 14 15 14 7 15 15 9 7 8 9 12 7 5
DISPLAY 0 1 3
DISPLAY 1 6 0
DISPLAY 2 13 2
DISPLAY 4 14 0
DISPLAY 6 3 4
DISPLAY 7 4 4
DISPLAY 10 12 2
DISPLAY 12 6 3
DISPLAY 13 12 0
DISPLAY 18 11 2
POSITION 0 8 3
POSITION 1 0 5
POSITION 2 9 2
POSITION 3 0 0
PLAYER 2
.
TICK 14
FIELDS 3 3 2 6 7 11 8 6 10 8 5 10 13 5 6 6 10 15 1 6 15 14 5 5 5 9 6 10 3 3 12 12 10 9 15 5 12 10 14 6 10 7 12 10 1 14 5 15 6 3 3 11 7 3 4 9 5 5 5 3 11 4 6 13 15 9 7 11 15 8 3 5 3 10 15 14 14 14 15 14 7 15 15 9 7 8 9 12 7 5
DISPLAY 0 1 3
DISPLAY 1 6 0
DISPLAY 2 13 2
DISPLAY 4 14 0
DISPLAY 6 3 4
DISPLAY 7 4 4
DISPLAY 10 12 2
DISPLAY 12 6 3
DISPLAY 13 12 0
DISPLAY 18 11 2
POSITION 0 8 3
POSITION 1 0 0
POSITION 2 9 2
POSITION 3 0 1
PLAYER 3
.
TICK 15
FIELDS 3 3 2 6 7 11 14 6 10 8 5 10 13 5 6 6 10 15 1 6 15 12 5 5 5 9 6 10 3 3 12 12 10 9 15 5 11 10 14 6 10 7 12 10 1 14 5 15 6 3 3 7 7 3 4 9 5 5 5 3 11 4 6 13 15 9 15 11 15 8 3 5 3 10 15 14 14 14 15 14 7 11 15 9 7 8 9 12 7 5
DISPLAY 0 1 3
DISPLAY 1 6 5
DISPLAY 2 13 2
DISPLAY 4 14 0
DISPLAY 6 3 4
DISPLAY 7 4 4
DISPLAY 10 12 2
DISPLAY 12 6 2
DISPLAY 13 12 0
DISPLAY 18 11 2
POSITION 0 8 3
POSITION 1 0 0
POSITION 2 9 2
POSITION 3 0 1
PLAYER 0
MESSAGE OK
TARGET 4
EXTRAFIELD 3
.
TICK 15
FIELDS 3 3 2 6 7 3 14 6 10 8 5 10 13 5 6 6 10 15 1 6 11 12 5 5 5 9 6 10 3 3 12 12 10 9 15 15 11 10 14 6 10 7 12 10 1 14 5 15 6 3 5 7 7 3 4 9 5 5 5 3 11 4 6 13 15 3 15 11 15 8 3 5 3 10 15 14 14 14 15 14 9 11 15 9 7 8 9 12 7 5
DISPLAY 0 1 3
DISPLAY 1 6 5
DISPLAY 2 13 2
DISPLAY 4 14 0
DISPLAY 6 3 4
DISPLAY 7 4 4
DISPLAY 10 12 2
DISPLAY 12 6 2
DISPLAY 13 12 0
DISPLAY 18 11 2
POSITION 0 0 5
POSITION 1 0 0
POSITION 2 9 2
POSITION 3 0 1
PLAYER 1
.
TICK 15
FIELDS 8 3 2 6 7 3 14 6 10 8 5 10 13 5 6 3 10 15 1 6 11 12 5 5 5 9 6 10 3 3 6 12 10 9 15 15 11 10 14 6 10 7 12 10 1 12 5 15 6 3 5 7 7 3 4 9 5 5 5 3 14 4 6 13 15 3 15 11 15 8 3 5 3 10 15 11 14 14 15 14 9 11 15 9 7 8 9 12 7 5
DISPLAY 0 1 3
DISPLAY 1 6 5
DISPLAY 2 13 2
DISPLAY 4 14 0
DISPLAY 6 3 4
DISPLAY 7 4 4
DISPLAY 10 12 2
DISPLAY 12 6 2
DISPLAY 13 12 0
DISPLAY 18 11 2
POSITION 0 0 0
POSITION 1 0 1
POSITION 2 9 2
POSITION 3 0 2
PLAYER 2
.
TICK 15
FIELDS 6 3 2 6 7 3 14 6 10 8 5 10 13 5 6 8 10 15 1 6 11 12 5 5 5 9 6 10 3 3 3 12 10 9 15 15 11 10 14 6 10 7 12 10 1 6 5 15 6 3 5 7 7 3 4 9 5 5 5 3 12 4 6 13 15 3 15 11 15 8 3 5 3 10 15 14 14 14 15 14 9 11 15 9 7 8 9 12 7 5
DISPLAY 0 1 3
DISPLAY 1 6 5
DISPLAY 2 13 2
DISPLAY 4 14 0
DISPLAY 6 3 4
DISPLAY 7 4 4
DISPLAY 10 12 2
DISPLAY 12 6 2
DISPLAY 13 12 0
DISPLAY 18 11 2
POSITION 0 0 1
POSITION 1 0 2
POSITION 2 9 2
POSITION 3 0 3
PLAYER 3
.
TICK 16
FIELDS 6 3 2 6 7 3 12 6 10 8 5 10 13 5 6 8 10 15 1 6 11 11 5 5 5 9 6 10 3 3 3 12 10 9 15 15 7 10 14 6 10 7 12 10 1 6 5 15 6 3 5 15 7 3 4 9 5 5 5 3 12 4 6 13 15 3 11 11 15 8 3 5 3 10 15 14 14 14 15 14 9 8 15 9 7 8 9 12 7 5
DISPLAY 0 1 3
DISPLAY 1 6 4
DISPLAY 2 13 2
DISPLAY 4 14 0
DISPLAY 6 3 4
DISPLAY 7 4 4
DISPLAY 10 12 2
DISPLAY 12 6 1
DISPLAY 13 12 0
DISPLAY 18 11 2
POSITION 0 0 1
POSITION 1 0 2
POSITION 2 9 2
POSITION 3 0 3
PLAYER 0
MESSAGE OK
TARGET 4
EXTRAFIELD 7
.
TICK 16
FIELDS 6 3 2 6 7 3 12 6 10 8 5 10 13 5 6 10 15 1 6 11 11 5 5 5 9 6 10 3 3 7 3 12 10 9 15 15 7 10 14 6 10 7 12 10 1 6 5 15 6 3 5 15 7 3 4 9 5 5 5 3 12 4 6 13 15 3 11 11 15 8 3 5 3 10 15 14 14 14 15 14 9 8 15 9 7 8 9 12 7 5
DISPLAY 0 1 3
DISPLAY 1 6 4
DISPLAY 2 13 2
DISPLAY 6 3 4
DISPLAY 7 4 4
DISPLAY 10 12 2
DISPLAY 12 5 1
DISPLAY 13 12 0
DISPLAY 18 11 2
POSITION 0 14 0
POSITION 1 0 2
POSITION 2 9 2
POSITION 3 0 3
PLAYER 1
.
TICK 16
FIELDS 6 3 2 6 7 3 12 6 10 8 14 10 13 5 6 10 15 1 6 11 11 5 5 5 9 5 10 3 3 7 3 12 10 9 15 15 7 10 14 6 6 7 12 10 1 6 5 15 6 3 5 15 7 3 4 10 5 5 5 3 12 4 6 13 15 3 11 11 15 8 9 5 3 10 15 14 14 14 15 14 9 8 15 9 7 3 9 12 7 5
DISPLAY 0 1 3
DISPLAY 1 6 4
DISPLAY 2 13 2
DISPLAY 6 3 4
DISPLAY 7 4 4
DISPLAY 10 12 2
DISPLAY 12 5 1
DISPLAY 13 12 0
DISPLAY 18 11 2
POSITION 0 14 0
POSITION 1 0 2
POSITION 2 9 2
POSITION 3 0 3
PLAYER 2
.
TICK 16
FIELDS 11 3 2 6 7 3 12 6 10 8 14 10 13 5 6 6 15 1 6 11 11 5 5 5 9 5 10 3 3 7 10 12 10 9 15 15 7 10 14 6 6 7 12 10 1 3 5 15 6 3 5 15 7 3 4 10 5 5 5 3 6 4 6 13 15 3 11 11 15 8 9 5 3 10 15 12 14 14 15 14 9 8 15 9 7 3 9 12 7 5
DISPLAY 0 1 3
DISPLAY 1 6 4
DISPLAY 2 13 2
DISPLAY 6 3 4
DISPLAY 7 4 4
DISPLAY 10 12 2
DISPLAY 12 5 1
DISPLAY 13 12 0
DISPLAY 18 11 2
POSITION 0 14 0
POSITION 1 0 3
POSITION 2 9 2
POSITION 3 0 4
PLAYER 3
.
TICK 17
FIELDS 11 3 2 6 7 3 5 6 10 8 14 10 13 5 6 6 15 1 6 11 11 7 5 5 9 5 10 3 3 7 10 12 10 9 15 15 15 10 14 6 6 7 12 10 1 3 5 15 6 3 5 11 7 3 4 10 5 5 5 3 6 4 6 13 15 3 8 11 15 8 9 5 3 10 15 12 14 14 15 14 9 14 15 9 7 3 9 12 7 5
DISPLAY 0 1 3
DISPLAY 1 6 3
DISPLAY 2 13 2
DISPLAY 6 3 4
DISPLAY 7 4 4
DISPLAY 10 12 2
DISPLAY 12 5 1
DISPLAY 13 12 0
DISPLAY 18 11 2
POSITION 0 14 0
POSITION 1 0 3
POSITION 2 9 2
POSITION 3 0 4
PLAYER 0
MESSAGE OK
TARGET 12
EXTRAFIELD 8
.
TICK 17
FIELDS 11 8 2 6 7 3 5 6 10 8 14 10 13 5 6 6 3 1 6 11 11 7 5 5 9 5 10 3 3 7 10 15 10 9 15 15 15 10 14 6 6 7 12 10 1 3 12 15 6 3 5 11 7 3 4 10 5 5 5 3 6 5 6 13 15 3 8 11 15 8 9 5 3 10 15 12 4 14 15 14 9 14 15 9 7 3 9 12 7 5
DISPLAY 0 1 4
DISPLAY 1 6 3
DISPLAY 2 13 2
DISPLAY 6 3 4
DISPLAY 7 4 4
DISPLAY 10 12 2
DISPLAY 12 5 1
DISPLAY 13 12 0
DISPLAY 18 11 2
POSITION 0 14 2
POSITION 1 0 3
POSITION 2 9 2
POSITION 3 0 4
PLAYER 1
.
TICK 17
FIELDS 11 8 2 6 7 3 5 6 10 8 14 10 13 5 6 6 3 1 6 11 11 7 5 5 9 5 10 3 3 7 8 10 15 10 9 15 15 15 10 14 6 6 7 12 10 3 12 15 6 3 5 11 7 3 4 10 5 5 5 3 6 5 6 13 15 3 8 11 15 8 9 5 3 10 15 12 4 14 15 14 9 14 15 9 7 3 9 12 7 5
DISPLAY 0 1 4
DISPLAY 1 6 3
DISPLAY 2 14 2
DISPLAY 6 3 4
DISPLAY 7 4 4
DISPLAY 10 13 2
DISPLAY 12 5 1
DISPLAY 13 12 0
DISPLAY 18 12 2
POSITION 0 0 2
POSITION 1 0 3
POSITION 2 10 2
POSITION 3 0 4
PLAYER 2
.
TICK 17
FIELDS 14 8 2 6 7 3 5 6 10 8 14 10 13 5 6 11 3 1 6 11 11 7 5 5 9 5 10 3 3 7 6 10 15 10 9 15 15 15 10 14 6 6 7 12 10 8 12 15 6 3 5 11 7 3 4 10 5 5 5 3 3 5 6 13 15 3 8 11 15 8 9 5 3 10 15 6 4 14 15 14 9 14 15 9 7 3 9 12 7 5
DISPLAY 0 1 4
DISPLAY 1 6 3
DISPLAY 2 14 2
DISPLAY 6 3 4
DISPLAY 7 4 4
DISPLAY 10 13 2
DISPLAY 12 5 1
DISPLAY 13 12 0
DISPLAY 18 12 2
POSITION 0 0 3
POSITION 1 0 4
POSITION 2 10 2
POSITION 3 0 5
PLAYER 3
.
TICK 18
FIELDS 14 8 2 6 7 3 12 6 10 8 14 10 13 5 6 11 3 1 6 11 11 5 5 5 9 5 10 3 3 7 6 10 15 10 9 15 7 15 10 14 6 6 7 12 10 8 12 15 6 3 5 15 7 3 4 10 5 5 5 3 3 5 6 13 15 3 11 11 15 8 9 5 3 10 15 6 4 14 15 14 9 8 15 9 7 3 9 12 7 5
DISPLAY 0 1 4
DISPLAY 1 6 4
DISPLAY 2 14 2
DISPLAY 6 3 4
DISPLAY 7 4 4
DISPLAY 10 13 2
DISPLAY 12 5 1
DISPLAY 13 12 0
DISPLAY 18 12 2
POSITION 0 0 3
POSITION 1 0 4
POSITION 2 10 2
POSITION 3 0 5
PLAYER 0
MESSAGE OK
TARGET 12
EXTRAFIELD 14
.
TICK 18
FIELDS 11 8 2 6 7 3 12 6 10 8 14 10 13 5 6 6 3 1 6 11 11 5 5 5 9 5 10 3 3 7 8 10 15 10 9 15 7 15 10 14 6 6 7 12 10 3 12 15 6 3 5 15 7 3 4 10 5 5 5 3 6 5 6 13 15 3 11 11 15 8 9 5 3 10 15 14 4 14 15 14 9 8 15 9 7 3 9 12 7 5
DISPLAY 0 1 4
DISPLAY 1 6 4
DISPLAY 2 14 2
DISPLAY 6 3 4
DISPLAY 7 4 4
DISPLAY 10 13 2
DISPLAY 12 5 1
DISPLAY 13 12 0
DISPLAY 18 12 2
POSITION 0 3 5
POSITION 1 0 3
POSITION 2 10 2
POSITION 3 0 4
PLAYER 1
.
TICK 18
FIELDS 11 8 2 6 7 3 12 6 10 8 14 10 13 5 6 6 3 1 6 11 11 5 5 5 9 5 10 3 3 7 8 10 15 10 9 15 7 15 10 14 6 6 7 12 10 3 12 15 6 3 5 15 7 3 4 10 5 5 5 3 6 5 6 13 15 3 11 11 15 8 9 5 3 10 15 4 14 15 14 9 8 15 9 7 3 9 12 7 5 1
DISPLAY 0 1 4
DISPLAY 1 6 4
DISPLAY 2 14 2
DISPLAY 6 3 4
DISPLAY 7 4 4
DISPLAY 10 13 2
DISPLAY 12 5 1
DISPLAY 13 12 0
DISPLAY 18 12 2
POSITION 0 2 5
POSITION 1 0 3
POSITION 2 10 2
POSITION 3 0 4
PLAYER 2
.
TICK 18
FIELDS 12 8 2 6 7 3 12 6 10 8 14 10 13 5 6 11 3 1 6 11 11 5 5 5 9 5 10 3 3 7 6 10 15 10 9 15 7 15 10 14 6 6 7 12 10 8 12 15 6 3 5 15 7 3 4 10 5 5 5 3 3 5 6 13 15 3 11 11 15 8 9 5 3 10 15 6 14 15 14 9 8 15 9 7 3 9 12 7 5 1
DISPLAY 0 1 4
DISPLAY 1 6 4
DISPLAY 2 14 2
DISPLAY 6 3 4
DISPLAY 7 4 4
DISPLAY 10 13 2
DISPLAY 12 5 1
DISPLAY 13 12 0
DISPLAY 18 12 2
POSITION 0 2 5
POSITION 1 0 4
POSITION 2 10 2
POSITION 3 0 5
PLAYER 3
.
TICK 19
FIELDS 12 8 2 6 7 3 5 6 10 8 14 10 13 5 6 11 3 1 6 11 11 7 5 5 9 5 10 3 3 7 6 10 15 10 9 15 15 15 10 14 6 6 7 12 10 8 12 15 6 3 5 11 7 3 4 10 5 5 5 3 3 5 6 13 15 3 15 11 15 8 9 5 3 10 15 6 14 15 14 9 8 14 9 7 3 9 12 7 5 1
DISPLAY 0 1 4
DISPLAY 1 6 3
DISPLAY 2 14 2
DISPLAY 6 3 4
DISPLAY 7 4 4
DISPLAY 10 13 2
DISPLAY 12 5 1
DISPLAY 13 12 0
DISPLAY 18 12 2
POSITION 0 2 5
POSITION 1 0 4
POSITION 2 10 2
POSITION 3 0 5
PLAYER 0
MESSAGE OK
TARGET 12
EXTRAFIELD 14
.
TICK 19
FIELDS 12 8 2 6 7 3 5 6 10 8 14 10 13 5 6 11 3 1 10 11 11 7 5 5 9 5 10 3 3 7 6 10 15 6 9 15 15 15 10 14 6 6 7 12 10 8 12 15 13 3 5 11 7 3 4 10 5 5 5 3 3 5 6 14 15 3 15 11 15 8 9 5 3 10 15 6 14 15 11 9 8 14 9 7 3 9 12 7 5 1
DISPLAY 0 1 4
DISPLAY 1 6 3
DISPLAY 2 14 2
DISPLAY 6 3 3
DISPLAY 7 4 4
DISPLAY 10 13 2
DISPLAY 13 12 0
DISPLAY 18 12 2
POSITION 0 5 1
POSITION 1 0 4
POSITION 2 10 2
POSITION 3 0 5
PLAYER 1
.
TICK 19
FIELDS 14 8 2 6 7 3 5 6 10 8 14 10 13 5 6 12 3 1 10 11 11 7 5 5 9 5 10 3 3 7 11 10 15 6 9 15 15 15 10 14 6 6 7 12 10 6 12 15 13 3 5 11 7 3 4 10 5 5 5 3 8 5 6 14 15 3 15 11 15 8 9 5 3 10 15 3 14 15 11 9 8 14 9 7 3 9 12 7 5 1
DISPLAY 0 1 4
DISPLAY 1 6 3
DISPLAY 2 14 2
DISPLAY 6 3 3
DISPLAY 7 4 4
DISPLAY 10 13 2
DISPLAY 13 12 0
DISPLAY 18 12 2
POSITION 0 5 1
POSITION 1 0 5
POSITION 2 10 2
POSITION 3 0 0
PLAYER 2
.
TICK 19
FIELDS 4 8 2 6 7 3 5 6 10 8 14 10 13 5 6 14 3 1 10 11 11 7 5 5 9 5 10 3 3 7 12 10 15 6 9 15 15 15 10 14 6 6 7 12 10 11 12 15 13 3 5 11 7 3 4 10 5 5 5 3 6 5 6 14 15 3 15 11 15 8 9 5 3 10 15 8 14 15 11 9 8 14 9 7 3 9 12 7 5 1
DISPLAY 0 1 4
DISPLAY 1 6 3
DISPLAY 2 14 2
DISPLAY 6 3 3
DISPLAY 7 4 4
DISPLAY 10 13 2
DISPLAY 13 12 0
DISPLAY 18 12 2
POSITION 0 5 1
POSITION 1 0 0
POSITION 2 10 2
POSITION 3 0 1
PLAYER 3
.
TICK 20
FIELDS 4 8 2 6 7 3 12 6 10 8 14 10 13 5 6 14 3 1 10 11 11 5 5 5 9 5 10 3 3 7 12 10 15 6 9 15 7 15 10 14 6 6 7 12 10 11 12 15 13 3 5 15 7 3 4 10 5 5 5 3 6 5 6 14 15 3 11 11 15 8 9 5 3 10 15 8 14 15 11 9 8 15 9 7 3 9 12 7 5 1
DISPLAY 0 1 4
DISPLAY 1 6 4
DISPLAY 2 14 2
DISPLAY 6 3 3
DISPLAY 7 4 4
DISPLAY 10 13 2
DISPLAY 13 12 0
DISPLAY 18 12 2
POSITION 0 5 1
POSITION 1 0 0
POSITION 2 10 2
POSITION 3 0 1
PLAYER 0
MESSAGE OK
TARGET 10
EXTRAFIELD 6
.
TICK 20
FIELDS 4 8 1 6 7 3 12 6 10 8 14 10 13 5 6 14 3 15 10 11 11 5 5 5 9 5 10 3 3 7 12 10 15 6 9 15 7 15 10 14 6 6 7 12 10 11 12 6 13 3 5 15 7 3 4 10 5 5 5 3 6 5 15 14 15 3 11 11 15 8 9 5 3 10 15 8 14 6 11 9 8 15 9 7 3 9 12 7 5 1
DISPLAY 0 1 4
DISPLAY 1 6 4
DISPLAY 2 14 2
DISPLAY 6 3 3
DISPLAY 7 4 4
DISPLAY 10 13 2
DISPLAY 13 12 0
DISPLAY 18 12 2
POSITION 0 0 2
POSITION 1 0 0
POSITION 2 10 2
POSITION 3 0 1
PLAYER 1
.
TICK 20
FIELDS 4 8 1 6 7 3 12 6 10 8 14 10 13 5 7 14 3 15 10 11 11 5 5 5 9 5 10 3 3 10 12 10 15 6 9 15 7 15 10 14 6 6 7 12 3 11 12 6 13 3 5 15 7 3 4 10 5 5 5 15 6 5 15 14 15 3 11 11 15 8 9 5 3 10 1 8 14 6 11 9 8 15 9 7 3 9 12 7 5 6
DISPLAY 0 1 4
DISPLAY 1 6 4
DISPLAY 2 14 1
DISPLAY 6 3 3
DISPLAY 7 4 4
DISPLAY 10 13 2
DISPLAY 13 12 0
DISPLAY 18 12 2
POSITION 0 0 2
POSITION 1 0 0
POSITION 2 10 2
POSITION 3 0 1
PLAYER 2
.
TICK 20
FIELDS 3 8 1 6 7 3 12 6 10 8 14 10 13 5 7 4 3 15 10 11 11 5 5 5 9 5 10 3 3 10 14 10 15 6 9 15 7 15 10 14 6 6 7 12 3 12 12 6 13 3 5 15 7 3 4 10 5 5 5 15 11 5 15 14 15 3 11 11 15 8 9 5 3 10 1 6 14 6 11 9 8 15 9 7 3 9 12 7 5 6
DISPLAY 0 1 4
DISPLAY 1 6 4
DISPLAY 2 14 1
DISPLAY 6 3 3
DISPLAY 7 4 4
DISPLAY 10 13 2
DISPLAY 13 12 0
DISPLAY 18 12 2
POSITION 0 0 3
POSITION 1 0 1
POSITION 2 10 2
POSITION 3 0 2
PLAYER 3
.
TICK 21
FIELDS 3 8 1 6 7 3 14 6 10 8 14 10 13 5 7 4 3 15 10 11 11 12 5 5 9 5 10 3 3 10 14 10 15 6 9 15 5 15 10 14 6 6 7 12 3 12 12 6 13 3 5 7 7 3 4 10 5 5 5 15 11 5 15 14 15 3 15 11 15 8 9 5 3 10 1 6 14 6 11 9 8 11 9 7 3 9 12 7 5 6
DISPLAY 0 1 4
DISPLAY 1 6 5
DISPLAY 2 14 1
DISPLAY 6 3 3
DISPLAY 7 4 4
DISPLAY 10 13 2
DISPLAY 13 12 0
DISPLAY 18 12 2
POSITION 0 0 3
POSITION 1 0 1
POSITION 2 10 2
POSITION 3 0 2
PLAYER 0
MESSAGE OK
TARGET 10
EXTRAFIELD 2
.
TICK 21
FIELDS 3 8 1 6 7 3 14 6 10 8 14 10 13 5 7 4 3 15 10 11 11 12 5 5 9 5 10 3 3 10 14 10 15 6 9 15 5 15 10 14 6 6 7 12 3 12 6 13 3 5 7 7 3 4 10 5 5 5 15 2 11 5 15 14 15 3 15 11 15 8 9 5 3 10 1 6 14 6 11 9 8 11 9 7 3 9 12 7 5 6
DISPLAY 0 1 4
DISPLAY 1 6 5
DISPLAY 2 14 1
DISPLAY 6 2 3
DISPLAY 7 4 4
DISPLAY 13 12 0
DISPLAY 18 12 2
POSITION 0 13 2
POSITION 1 0 1
POSITION 2 10 2
POSITION 3 0 2
PLAYER 1
.
TICK 21
FIELDS 8 1 6 7 3 14 6 10 8 14 10 13 5 7 6 4 3 15 10 11 11 12 5 5 9 5 10 3 3 10 14 10 15 6 9 15 5 15 10 14 6 6 7 12 3 12 6 13 3 5 7 7 3 4 10 5 5 5 15 2 11 5 15 14 15 3 15 11 15 8 9 5 3 10 1 6 14 6 11 9 8 11 9 7 3 9 12 7 5 6
DISPLAY 0 1 4
DISPLAY 1 6 5
DISPLAY 2 14 1
DISPLAY 6 2 3
DISPLAY 7 4 4
DISPLAY 13 11 0
DISPLAY 18 12 2
POSITION 0 13 2
POSITION 1 0 1
POSITION 2 10 2
POSITION 3 0 2
PLAYER 2
.
TICK 21
FIELDS 8 1 6 7 3 14 6 10 8 14 10 13 5 7 6 8 3 15 10 11 11 12 5 5 9 5 10 3 3 10 4 10 15 6 9 15 5 15 10 14 6 6 7 12 3 14 6 13 3 5 7 7 3 4 10 5 5 5 15 2 12 5 15 14 15 3 15 11 15 8 9 5 3 10 1 11 14 6 11 9 8 11 9 7 3 9 12 7 5 6
DISPLAY 0 1 4
DISPLAY 1 6 5
DISPLAY 2 14 1
DISPLAY 6 2 3
DISPLAY 7 4 4
DISPLAY 13 11 0
DISPLAY 18 12 2
POSITION 0 13 2
POSITION 1 0 2
POSITION 2 10 2
POSITION 3 0 3
PLAYER 3
.
TICK 22
FIELDS 8 1 6 7 3 14 12 10 8 14 10 13 5 7 6 8 3 15 10 11 11 5 5 5 9 5 10 3 3 10 4 10 15 6 9 15 7 15 10 14 6 6 7 12 3 14 6 13 3 5 7 15 3 4 10 5 5 5 15 2 12 5 15 14 15 3 11 11 15 8 9 5 3 10 1 11 14 6 11 9 8 15 9 7 3 9 12 7 5 6
DISPLAY 1 6 4
DISPLAY 2 14 1
DISPLAY 6 2 3
DISPLAY 7 4 4
DISPLAY 13 11 0
DISPLAY 18 12 2
POSITION 0 13 2
POSITION 1 0 2
POSITION 2 10 2
POSITION 3 1 4
PLAYER 0
MESSAGE OK
TARGET 1
EXTRAFIELD 12
.
TICK 22
FIELDS 8 1 12 7 3 14 12 10 8 14 10 13 5 7 6 8 3 6 10 11 11 5 5 5 9 5 10 3 3 10 4 10 15 6 9 15 7 15 10 14 6 6 7 12 3 14 6 15 3 5 7 15 3 4 10 5 5 5 15 2 12 5 13 14 15 3 11 11 15 8 9 5 3 10 1 11 14 15 11 9 8 15 9 7 3 9 12 7 5 6
DISPLAY 1 6 4
DISPLAY 2 14 1
DISPLAY 6 2 4
DISPLAY 7 4 4
DISPLAY 13 11 0
DISPLAY 18 12 2
POSITION 0 14 3
POSITION 1 0 2
POSITION 2 10 2
POSITION 3 1 4
PLAYER 1
.
TICK 22
FIELDS 1 12 7 3 14 12 10 8 14 10 13 5 7 6 3 8 3 6 10 11 11 5 5 5 9 5 10 3 3 10 4 10 15 6 9 15 7 15 10 14 6 6 7 12 3 14 6 15 3 5 7 15 3 4 10 5 5 5 15 2 12 5 13 14 15 3 11 11 15 8 9 5 3 10 1 11 14 15 11 9 8 15 9 7 3 9 12 7 5 6
DISPLAY 1 6 4
DISPLAY 2 14 1
DISPLAY 6 2 4
DISPLAY 7 4 4
DISPLAY 13 10 0
DISPLAY 18 12 2
POSITION 0 14 3
POSITION 1 0 2
POSITION 2 10 2
POSITION 3 1 4
PLAYER 2
.
TICK 22
FIELDS 6 12 7 3 14 12 10 8 14 10 13 5 7 6 3 1 3 6 10 11 11 5 5 5 9 5 10 3 3 10 8 10 15 6 9 15 7 15 10 14 6 6 7 12 3 4 6 15 3 5 7 15 3 4 10 5 5 5 15 2 14 5 13 14 15 3 11 11 15 8 9 5 3 10 1 12 14 15 11 9 8 15 9 7 3 9 12 7 5 6
DISPLAY 1 6 4
DISPLAY 2 14 1
DISPLAY 6 2 4
DISPLAY 7 4 4
DISPLAY 13 10 0
DISPLAY 18 12 2
POSITION 0 14 3
POSITION 1 0 3
POSITION 2 10 2
POSITION 3 1 4
PLAYER 3
.
TICK 23
FIELDS 6 12 7 3 14 12 5 8 14 10 13 5 7 6 3 1 3 6 10 11 11 7 5 5 9 5 10 3 3 10 8 10 15 6 9 15 15 15 10 14 6 6 7 12 3 4 6 15 3 5 7 11 3 4 10 5 5 5 15 2 14 5 13 14 15 3 15 11 15 8 9 5 3 10 1 12 14 15 11 9 8 6 9 7 3 9 12 7 5 6
DISPLAY 1 6 3
DISPLAY 2 14 1
DISPLAY 6 2 4
DISPLAY 7 4 4
DISPLAY 13 10 0
DISPLAY 18 12 2
POSITION 0 14 3
POSITION 1 0 3
POSITION 2 10 2
POSITION 3 1 4
PLAYER 0
MESSAGE OK
TARGET 1
EXTRAFIELD 6
.
TICK 23
FIELDS 1 12 7 3 14 12 5 8 14 10 13 5 7 6 3 8 3 6 10 11 11 7 5 5 9 5 10 3 3 10 4 10 15 6 9 15 15 15 10 14 6 6 7 12 3 14 6 15 3 5 7 11 3 4 10 5 5 5 15 2 12 5 13 14 15 3 15 11 15 8 9 5 3 10 1 6 14 15 11 9 8 6 9 7 3 9 12 7 5 6
DISPLAY 1 6 3
DISPLAY 2 14 1
DISPLAY 6 2 4
DISPLAY 7 4 4
DISPLAY 13 10 0
DISPLAY 18 12 2
POSITION 0 14 3
POSITION 1 0 2
POSITION 2 10 2
POSITION 3 1 4
PLAYER 1
.
TICK 23
FIELDS 1 12 7 3 14 12 5 8 14 10 13 5 7 6 3 8 3 6 10 11 11 7 5 5 9 5 10 3 3 10 8 4 10 15 6 9 15 15 15 10 14 6 6 7 12 14 6 15 3 5 7 11 3 4 10 5 5 5 15 2 12 5 13 14 15 3 15 11 15 8 9 5 3 10 1 6 14 15 11 9 8 6 9 7 3 9 12 7 5 6
DISPLAY 1 6 3
DISPLAY 2 14 1
DISPLAY 6 2 4
DISPLAY 7 4 4
DISPLAY 13 10 0
DISPLAY 18 13 2
POSITION 0 14 3
POSITION 1 1 2
POSITION 2 11 2
POSITION 3 1 4
PLAYER 2
.
TICK 23
FIELDS 11 12 7 3 14 12 5 8 14 10 13 5 7 6 3 1 3 6 10 11 11 7 5 5 9 5 10 3 3 10 8 4 10 15 6 9 15 15 15 10 14 6 6 7 12 8 6 15 3 5 7 11 3 4 10 5 5 5 15 2 14 5 13 14 15 3 15 11 15 8 9 5 3 10 1 12 14 15 11 9 8 6 9 7 3 9 12 7 5 6
DISPLAY 1 6 3
DISPLAY 2 14 1
DISPLAY 6 2 4
DISPLAY 7 4 4
DISPLAY 13 10 0
DISPLAY 18 13 2
POSITION 0 14 3
POSITION 1 1 2
POSITION 2 11 2
POSITION 3 1 4
PLAYER 3
.
TICK 24
FIELDS 11 12 7 3 14 12 10 8 14 10 13 5 7 6 3 1 3 6 10 11 11 5 5 5 9 5 10 3 3 10 8 4 10 15 6 9 7 15 15 10 14 6 6 7 12 8 6 15 3 5 7 15 3 4 10 5 5 5 15 2 14 5 13 14 15 3 11 11 15 8 9 5 3 10 1 12 14 15 11 9 8 15 9 7 3 9 12 7 5 6
DISPLAY 1 6 4
DISPLAY 2 14 1
DISPLAY 6 2 4
DISPLAY 7 4 4
DISPLAY 13 10 0
DISPLAY 18 13 2
POSITION 0 14 3
POSITION 1 1 2
POSITION 2 11 2
POSITION 3 1 4
PLAYER 0
MESSAGE OK
TARGET 1
EXTRAFIELD 6
.
TICK 24
FIELDS 11 12 7 3 14 12 10 8 14 10 13 5 7 6 3 1 3 6 10 11 11 5 5 5 9 5 10 3 3 10 8 4 10 15 6 9 7 15 15 10 14 6 6 7 12 6 15 3 5 7 15 3 4 10 5 5 5 15 2 6 14 5 13 14 15 3 11 11 15 8 9 5 3 10 1 12 14 15 11 9 8 15 9 7 3 9 12 7 5 6
DISPLAY 1 6 4
DISPLAY 2 14 1
DISPLAY 6 2 4
DISPLAY 7 4 4
DISPLAY 13 10 0
DISPLAY 18 13 2
POSITION 0 13 3
POSITION 1 1 2
POSITION 2 11 2
POSITION 3 1 4
PLAYER 1
.
TICK 24
FIELDS 11 12 7 3 14 12 10 8 14 10 13 5 7 3 3 1 3 6 10 11 11 5 5 5 9 5 10 3 6 10 8 4 10 15 6 9 7 15 15 10 14 6 6 3 12 6 15 3 5 7 15 3 4 10 5 5 5 15 7 6 14 5 13 14 15 3 11 11 15 8 9 5 3 2 1 12 14 15 11 9 8 15 9 7 3 9 12 7 10 6
DISPLAY 1 6 4
DISPLAY 2 14 1
DISPLAY 6 2 4
DISPLAY 7 4 4
DISPLAY 13 10 0
DISPLAY 18 13 3
POSITION 0 13 4
POSITION 1 1 2
POSITION 2 11 2
POSITION 3 1 4
PLAYER 2
.
TICK 24
FIELDS 11 12 7 3 14 12 10 8 14 10 13 5 7 3 3 1 3 6 10 11 11 5 5 5 9 5 10 3 6 10 6 8 4 10 15 6 9 7 15 15 10 14 6 6 3 6 15 3 5 7 15 3 4 10 5 5 5 15 7 6 14 5 13 14 15 3 11 11 15 8 9 5 3 2 1 12 14 15 11 9 8 15 9 7 3 9 12 7 10 6
DISPLAY 1 6 4
DISPLAY 2 14 1
DISPLAY 6 2 4
DISPLAY 7 4 4
DISPLAY 13 10 0
POSITION 0 13 4
POSITION 1 2 2
POSITION 2 13 3
POSITION 3 1 4
PLAYER 3
.
TICK 25
FIELDS 11 12 7 3 14 12 6 8 14 10 13 5 7 3 3 1 3 6 10 11 11 10 5 5 9 5 10 3 6 10 6 8 4 10 15 6 5 7 15 15 10 14 6 6 3 6 15 3 5 7 15 9 4 10 5 5 5 15 7 6 14 5 13 14 15 3 3 11 15 8 9 5 3 2 1 12 14 15 11 9 8 11 9 7 3 9 12 7 10 6
DISPLAY 1 6 5
DISPLAY 2 14 1
DISPLAY 6 2 4
DISPLAY 7 4 4
DISPLAY 13 10 0
POSITION 0 13 4
POSITION 1 2 2
POSITION 2 13 3
POSITION 3 1 4
PLAYER 0
MESSAGE OK
TARGET 1
EXTRAFIELD 8
.
TICK 25
FIELDS 11 12 7 3 14 12 6 8 14 10 13 5 7 6 3 1 3 6 10 11 11 10 5 5 9 5 10 3 6 10 6 8 4 10 15 6 5 7 15 15 10 14 6 7 3 6 15 3 5 7 15 9 4 10 5 5 5 15 2 6 14 5 13 14 15 3 3 11 15 8 9 5 3 10 1 12 14 15 11 9 8 11 9 7 3 9 12 7 8 6
DISPLAY 1 6 5
DISPLAY 2 14 1
DISPLAY 6 2 4
DISPLAY 7 4 4
DISPLAY 13 10 0
POSITION 0 7 0
POSITION 1 2 2
POSITION 2 13 2
POSITION 3 1 4
PLAYER 1
.
TICK 25
FIELDS 11 12 7 3 14 12 6 8 14 10 13 5 7 6 3 5 1 3 6 10 11 11 10 5 5 9 5 10 3 6 6 8 4 10 15 6 5 7 15 15 10 14 6 7 3 6 15 3 5 7 15 9 4 10 5 5 5 15 2 6 14 5 13 14 15 3 3 11 15 8 9 5 3 10 1 12 14 15 11 9 8 11 9 7 3 9 12 7 8 6
DISPLAY 1 6 5
DISPLAY 2 0 1
DISPLAY 6 2 4
DISPLAY 7 4 4
DISPLAY 13 10 0
POSITION 0 7 0
POSITION 1 2 2
POSITION 2 13 2
POSITION 3 1 4
PLAYER 2
.
TICK 25
FIELDS 11 12 7 3 14 12 6 8 14 10 13 5 12 6 3 5 1 3 6 10 11 11 10 5 5 9 5 7 3 6 6 8 4 10 15 6 5 7 15 15 10 14 10 7 3 6 15 3 5 7 15 9 4 10 5 5 5 6 2 6 14 5 13 14 15 3 3 11 15 8 9 5 15 10 1 12 14 15 11 9 8 11 9 7 3 9 12 3 8 6
DISPLAY 1 6 5
DISPLAY 2 0 1
DISPLAY 6 2 4
DISPLAY 7 4 4
DISPLAY 13 10 0
POSITION 0 7 0
POSITION 1 2 2
POSITION 2 7 0
POSITION 3 1 4
PLAYER 3
.
TICK 26
FIELDS 11 12 7 3 14 12 15 8 14 10 13 5 12 6 3 5 1 3 6 10 11 6 10 5 5 9 5 7 3 6 6 8 4 10 15 6 11 7 15 15 10 14 10 7 3 6 15 3 5 7 15 5 4 10 5 5 5 6 2 6 14 5 13 14 15 3 9 11 15 8 9 5 15 10 1 12 14 15 11 9 8 3 9 7 3 9 12 3 8 6
DISPLAY 1 6 0
DISPLAY 2 0 1
DISPLAY 6 2 4
DISPLAY 7 4 4
DISPLAY 13 10 0
POSITION 0 7 0
POSITION 1 2 2
POSITION 2 7 0
POSITION 3 1 4
PLAYER 0
MESSAGE OK
TARGET 1
EXTRAFIELD 3
.
TICK 26
FIELDS 11 12 7 3 14 12 15 8 14 10 13 5 12 6 3 5 1 3 3 10 11 6 10 5 5 9 5 7 3 6 6 8 4 6 15 6 11 7 15 15 10 14 10 7 3 6 15 3 10 7 15 5 4 10 5 5 5 6 2 6 14 5 13 5 15 3 9 11 15 8 9 5 15 10 1 12 14 15 14 9 8 3 9 7 3 9 12 3 8 6
DISPLAY 1 6 0
DISPLAY 2 0 1
DISPLAY 6 2 4
DISPLAY 7 4 4
DISPLAY 13 10 0
POSITION 0 11 4
POSITION 1 2 2
POSITION 2 7 0
POSITION 3 1 4
PLAYER 1
.
TICK 26
FIELDS 11 12 7 3 14 12 15 8 14 10 13 5 12 6 3 5 1 3 3 10 11 6 10 5 5 9 5 7 3 6 10 6 8 4 6 15 6 11 7 15 15 10 14 10 7 6 15 3 10 7 15 5 4 10 5 5 5 6 2 6 14 5 13 5 15 3 9 11 15 8 9 5 15 10 1 12 14 15 14 9 8 3 9 7 3 9 12 3 8 6
DISPLAY 1 6 0
DISPLAY 2 0 1
DISPLAY 6 2 4
DISPLAY 7 4 4
DISPLAY 13 10 0
POSITION 0 11 4
POSITION 1 3 2
POSITION 2 7 0
POSITION 3 1 4
PLAYER 2
.
TICK 26
FIELDS 11 12 7 3 14 12 15 10 14 10 13 5 12 6 3 5 1 3 3 10 11 6 11 5 5 9 5 7 3 6 10 6 8 4 6 15 6 4 7 15 15 10 14 10 7 6 15 3 10 7 15 5 11 10 5 5 5 6 2 6 14 5 13 5 15 3 9 9 15 8 9 5 15 10 1 12 14 15 14 9 8 3 7 7 3 9 12 3 8 6
DISPLAY 1 6 0
DISPLAY 2 0 1
DISPLAY 6 2 4
DISPLAY 7 4 4
DISPLAY 13 10 0
POSITION 0 11 4
POSITION 1 3 2
POSITION 2 7 5
POSITION 3 1 4
PLAYER 3
.
TICK 27
FIELDS 11 12 7 3 14 12 11 10 14 10 13 5 12 6 3 5 1 3 3 10 11 15 11 5 5 9 5 7 3 6 10 6 8 4 6 15 6 4 7 15 15 10 14 10 7 6 15 3 10 7 15 6 11 10 5 5 5 6 2 6 14 5 13 5 15 3 5 9 15 8 9 5 15 10 1 12 14 15 14 9 8 9 7 7 3 9 12 3 8 6
DISPLAY 1 6 1
DISPLAY 2 0 1
DISPLAY 6 2 4
DISPLAY 7 4 4
DISPLAY 13 10 0
POSITION 0 11 4
POSITION 1 3 2
POSITION 2 7 5
POSITION 3 1 4
PLAYER 0
MESSAGE OK
TARGET 1
EXTRAFIELD 11
.
TICK 27
FIELDS 11 12 7 3 14 12 11 10 14 10 13 5 12 6 3 5 1 3 3 10 11 15 11 5 5 9 5 7 3 6 6 8 4 6 15 6 4 7 15 15 10 14 10 7 11 6 15 3 10 7 15 6 11 10 5 5 5 6 2 6 14 5 13 5 15 3 5 9 15 8 9 5 15 10 1 12 14 15 14 9 8 9 7 7 3 9 12 3 8 6
DISPLAY 2 0 1
DISPLAY 6 2 4
DISPLAY 7 4 4
DISPLAY 13 10 0
POSITION 0 6 1
POSITION 1 2 2
POSITION 2 7 5
POSITION 3 1 4
PLAYER 1
.
TICK 27
FIELDS 11 12 7 3 14 12 11 10 14 10 13 5 12 6 3 5 1 3 3 10 11 15 11 5 5 9 5 7 3 6 6 8 4 6 15 6 4 7 15 15 10 14 10 7 11 6 15 3 10 7 15 6 11 10 5 5 5 6 2 6 3 14 5 13 5 15 3 5 9 15 8 9 5 15 10 12 14 15 14 9 8 9 7 7 3 9 12 3 8 6
DISPLAY 2 0 1
DISPLAY 6 3 4
DISPLAY 7 5 4
DISPLAY 13 10 0
POSITION 0 6 1
POSITION 1 2 2
POSITION 2 7 5
POSITION 3 2 4
PLAYER 2
.
TICK 27
FIELDS 11 12 7 3 14 12 11 8 14 10 13 5 12 6 3 5 1 3 3 10 11 15 10 5 5 9 5 7 3 6 6 8 4 6 15 6 4 11 15 15 10 14 10 7 11 6 15 3 10 7 15 6 7 10 5 5 5 6 2 6 3 14 5 13 5 15 3 11 9 15 8 9 5 15 10 12 14 15 14 9 8 9 5 7 3 9 12 3 8 6
DISPLAY 2 0 1
DISPLAY 6 3 4
DISPLAY 7 5 4
DISPLAY 13 10 0
POSITION 0 6 1
POSITION 1 2 2
POSITION 2 7 0
POSITION 3 2 4
PLAYER 3
.
TICK 28
FIELDS 11 12 7 3 14 12 15 8 14 10 13 5 12 6 3 5 1 3 3 10 11 4 10 5 5 9 5 7 3 6 6 8 4 6 15 6 6 11 15 15 10 14 10 7 11 6 15 3 10 7 15 3 7 10 5 5 5 6 2 6 3 14 5 13 5 15 9 11 9 15 8 9 5 15 10 12 14 15 14 9 8 3 5 7 3 9 12 3 8 6
DISPLAY 2 0 1
DISPLAY 6 3 4
DISPLAY 7 5 4
DISPLAY 13 10 0
POSITION 0 6 0
POSITION 1 2 2
POSITION 2 7 0
POSITION 3 2 4
PLAYER 0
MESSAGE OK
TARGET 6
EXTRAFIELD 10
.
TICK 28
FIELDS 11 12 7 3 14 12 15 8 14 10 13 5 12 6 3 5 1 3 6 10 11 4 10 5 5 9 5 7 3 6 6 8 4 10 15 6 6 11 15 15 10 14 10 7 11 6 15 3 13 7 15 3 7 10 5 5 5 6 2 6 3 14 5 14 5 15 9 11 9 15 8 9 5 15 10 12 14 15 10 9 8 3 5 7 3 9 12 3 8 6
DISPLAY 2 0 1
DISPLAY 6 3 3
DISPLAY 7 5 4
DISPLAY 13 10 0
POSITION 0 4 1
POSITION 1 2 2
POSITION 2 7 0
POSITION 3 2 4
PLAYER 1
.
TICK 28
FIELDS 11 12 7 3 14 12 15 1 14 10 13 5 12 6 3 5 1 3 6 10 11 4 8 5 5 9 5 7 3 6 6 8 4 10 15 6 6 10 15 15 10 14 10 7 11 6 15 3 13 7 15 3 11 10 5 5 5 6 2 6 3 14 5 14 5 15 9 7 9 15 8 9 5 15 10 12 14 15 10 9 8 3 11 7 3 9 12 3 8 6
DISPLAY 2 0 1
DISPLAY 6 3 3
DISPLAY 7 5 4
DISPLAY 13 10 0
POSITION 0 4 1
POSITION 1 2 2
POSITION 2 7 1
POSITION 3 2 4
PLAYER 2
.
TICK 28
FIELDS 11 7 7 3 14 12 15 1 14 10 13 5 12 6 3 5 12 3 6 10 11 4 8 5 5 9 5 7 3 6 6 1 4 10 15 6 6 10 15 15 10 14 10 7 11 6 8 3 13 7 15 3 11 10 5 5 5 6 2 6 3 15 5 14 5 15 9 7 9 15 8 9 5 15 10 12 14 15 10 9 8 3 11 7 3 9 12 3 8 6
DISPLAY 2 0 1
DISPLAY 6 3 3
DISPLAY 7 5 4
DISPLAY 13 10 0
POSITION 0 4 1
POSITION 1 2 2
POSITION 2 7 1
POSITION 3 2 4
PLAYER 3
.
TICK 29
FIELDS 11 7 7 3 14 12 4 1 14 10 13 5 12 6 3 5 12 3 6 10 11 6 8 5 5 9 5 7 3 6 6 1 4 10 15 6 3 10 15 15 10 14 10 7 11 6 8 3 13 7 15 9 11 10 5 5 5 6 2 6 3 15 5 14 5 15 3 7 9 15 8 9 5 15 10 12 14 15 10 9 8 11 11 7 3 9 12 3 8 6
DISPLAY 2 0 1
DISPLAY 6 3 3
DISPLAY 7 5 4
DISPLAY 13 10 0
POSITION 0 4 1
POSITION 1 2 2
POSITION 2 7 1
POSITION 3 2 4
PLAYER 0
MESSAGE OK
TARGET 6
EXTRAFIELD 3
.
TICK 29
FIELDS 11 7 7 3 3 12 4 1 14 10 13 5 12 6 3 5 12 3 6 14 11 6 8 5 5 9 5 7 3 6 6 1 4 10 10 6 3 10 15 15 10 14 10 7 11 6 8 3 13 15 15 9 11 10 5 5 5 6 2 6 3 15 5 14 7 15 3 7 9 15 8 9 5 15 10 12 14 15 10 5 8 11 11 7 3 9 12 3 8 6
DISPLAY 2 0 1
DISPLAY 7 5 4
DISPLAY 13 10 0
POSITION 0 3 3
POSITION 1 2 2
POSITION 2 7 1
POSITION 3 2 4
PLAYER 1
.
TICK 29
FIELDS 11 7 7 3 5 12 4 1 14 10 13 5 12 6 3 5 12 3 6 3 11 6 8 5 5 9 5 7 3 6 6 1 4 10 14 6 3 10 15 15 10 14 10 7 11 6 8 3 13 10 15 9 11 10 5 5 5 6 2 6 3 15 5 14 15 15 3 7 9 15 8 9 5 15 10 12 14 15 10 7 8 11 11 7 3 9 12 3 8 6
DISPLAY 2 0 1
DISPLAY 7 5 4
DISPLAY 13 10 0
POSITION 0 3 3
POSITION 1 2 2
POSITION 2 7 1
POSITION 3 2 4
PLAYER 2
.
TICK 29
FIELDS 11 14 7 3 5 12 4 1 14 10 13 5 12 6 3 5 7 3 6 3 11 6 8 5 5 9 5 7 3 6 6 12 4 10 14 6 3 10 15 15 10 14 10 7 11 6 1 3 13 10 15 9 11 10 5 5 5 6 2 6 3 8 5 14 15 15 3 7 9 15 8 9 5 15 10 12 15 15 10 7 8 11 11 7 3 9 12 3 8 6
DISPLAY 2 0 1
DISPLAY 7 5 4
DISPLAY 13 10 0
POSITION 0 3 3
POSITION 1 2 2
POSITION 2 7 1
POSITION 3 2 4
PLAYER 3
.
TICK 30
FIELDS 11 14 7 3 5 12 15 1 14 10 13 5 12 6 3 5 7 3 6 3 11 4 8 5 5 9 5 7 3 6 6 12 4 10 14 6 6 10 15 15 10 14 10 7 11 6 1 3 13 10 15 3 11 10 5 5 5 6 2 6 3 8 5 14 15 15 9 7 9 15 8 9 5 15 10 12 15 15 10 7 8 3 11 7 3 9 12 3 8 6
DISPLAY 2 0 1
DISPLAY 7 5 4
DISPLAY 13 10 0
POSITION 0 3 3
POSITION 1 2 2
POSITION 2 7 1
POSITION 3 2 4
PLAYER 0
MESSAGE OK
TARGET 2
EXTRAFIELD 9
.
TICK 30
FIELDS 5 14 7 3 5 12 15 1 14 10 13 5 12 6 3 6 7 3 6 3 11 4 8 5 5 9 5 7 3 6 6 12 4 10 14 6 6 10 15 15 10 14 10 7 11 3 1 3 13 10 15 3 11 10 5 5 5 6 2 6 12 8 5 14 15 15 9 7 9 15 8 9 5 15 10 9 15 15 10 7 8 3 11 7 3 9 12 3 8 6
DISPLAY 2 0 0
DISPLAY 7 5 4
DISPLAY 13 10 0
POSITION 0 4 5
POSITION 1 2 2
POSITION 2 7 1
POSITION 3 2 4
PLAYER 1
.
TICK 30
FIELDS 5 14 7 3 5 12 15 1 14 10 13 5 12 6 3 6 7 3 6 3 11 4 8 5 5 9 5 7 3 6 6 12 4 10 14 6 6 10 15 15 10 14 10 7 11 1 3 13 10 15 3 11 10 5 5 5 6 2 6 5 12 8 5 14 15 15 9 7 9 15 8 9 5 15 10 9 15 15 10 7 8 3 11 7 3 9 12 3 8 6
DISPLAY 2 0 0
DISPLAY 13 10 0
POSITION 0 4 5
POSITION 1 5 4
POSITION 2 7 1
POSITION 3 2 4
PLAYER 2
.
TICK 30
FIELDS 5 14 7 3 5 12 15 14 14 10 13 5 12 6 3 6 7 3 6 3 11 4 1 5 5 9 5 7 3 6 6 12 4 10 14 6 6 8 15 15 10 14 10 7 11 1 3 13 10 15 3 11 10 5 5 5 6 2 6 5 12 8 5 14 15 15 9 10 9 15 8 9 5 15 10 9 15 15 10 7 8 3 7 7 3 9 12 3 8 6
DISPLAY 2 0 0
DISPLAY 13 10 0
POSITION 0 4 5
POSITION 1 5 4
POSITION 2 5 0
POSITION 3 2 4
PLAYER 3
.
TICK 31
FIELDS 5 14 7 3 5 12 4 14 14 10 13 5 12 6 3 6 7 3 6 3 11 6 1 5 5 9 5 7 3 6 6 12 4 10 14 6 11 8 15 15 10 14 10 7 11 1 3 13 10 15 3 9 10 5 5 5 6 2 6 5 12 8 5 14 15 15 3 10 9 15 8 9 5 15 10 9 15 15 10 7 8 11 7 7 3 9 12 3 8 6
DISPLAY 2 0 0
DISPLAY 13 10 0
POSITION 0 4 5
POSITION 1 5 4
POSITION 2 5 0
POSITION 3 2 4
PLAYER 0
MESSAGE OK
TARGET 2
EXTRAFIELD 11
.
TICK 31
FIELDS 6 14 7 3 5 12 4 14 14 10 13 5 12 6 3 6 7 3 6 3 11 6 1 5 5 9 5 7 3 6 1 12 4 10 14 6 11 8 15 15 10 14 10 7 11 12 3 13 10 15 3 9 10 5 5 5 6 2 6 5 9 8 5 14 15 15 3 10 9 15 8 9 5 15 10 11 15 15 10 7 8 11 7 7 3 9 12 3 8 6
DISPLAY 13 10 0
POSITION 0 0 5
POSITION 1 5 4
POSITION 2 5 0
POSITION 3 2 4
PLAYER 1
.
TICK 31
FIELDS 6 14 7 3 5 3 4 14 14 10 13 5 12 6 3 6 7 3 6 3 12 6 1 5 5 9 5 7 3 6 1 12 4 10 14 11 11 8 15 15 10 14 10 7 11 12 3 13 10 15 6 9 10 5 5 5 6 2 6 5 9 8 5 14 15 3 3 10 9 15 8 9 5 15 10 11 15 15 10 7 15 11 7 7 3 9 12 3 8 6
DISPLAY 13 10 0
POSITION 0 0 5
POSITION 1 5 5
POSITION 2 5 1
POSITION 3 2 4
PLAYER 2
.
TICK 31
FIELDS 6 14 7 3 5 3 4 1 14 10 13 5 12 6 3 6 7 3 6 3 12 6 8 5 5 9 5 7 3 6 1 12 4 10 14 11 11 10 15 15 10 14 10 7 11 12 3 13 10 15 6 9 10 5 5 5 6 2 6 5 9 8 5 14 15 3 3 7 9 15 8 9 5 15 10 11 15 15 10 7 15 11 11 7 3 9 12 3 8 6
DISPLAY 13 10 0
POSITION 0 0 5
POSITION 1 5 5
POSITION 2 9 0
POSITION 3 2 4
PLAYER 3
.
TICK 32
FIELDS 6 14 7 3 5 3 15 1 14 10 13 5 12 6 3 6 7 3 6 3 12 4 8 5 5 9 5 7 3 6 1 12 4 10 14 11 6 10 15 15 10 14 10 7 11 12 3 13 10 15 6 11 10 5 5 5 6 2 6 5 9 8 5 14 15 3 9 7 9 15 8 9 5 15 10 11 15 15 10 7 15 3 11 7 3 9 12 3 8 6
DISPLAY 13 10 0
POSITION 0 0 5
POSITION 1 5 5
POSITION 2 9 0
POSITION 3 2 4
PLAYER 0
MESSAGE OK
TARGET 13
EXTRAFIELD 5
.
TICK 32
FIELDS 6 14 7 3 5 3 4 1 14 10 13 5 12 6 3 6 7 3 6 3 12 6 8 5 5 9 5 7 3 6 1 12 4 10 14 11 11 10 15 15 10 14 10 7 11 12 3 13 10 15 6 9 10 5 5 5 6 2 6 5 9 8 5 14 15 3 3 7 9 15 8 9 5 15 10 11 15 15 10 7 15 5 11 7 3 9 12 3 8 6
DISPLAY 13 10 0
POSITION 0 9 5
POSITION 1 5 5
POSITION 2 9 0
POSITION 3 2 4
PLAYER 1
.
TICK 32
FIELDS 6 14 7 3 5 3 4 1 14 10 13 5 12 6 3 6 7 3 6 3 12 6 8 5 5 9 5 7 3 6 1 12 4 10 14 11 11 10 15 15 10 14 10 7 11 12 3 13 10 15 6 9 10 5 5 5 6 2 6 5 9 8 5 14 15 3 3 7 9 15 8 9 5 15 10 15 15 10 7 15 5 11 7 3 9 12 3 8 6 8
DISPLAY 13 10 0
POSITION 0 8 5
POSITION 1 4 5
POSITION 2 9 0
POSITION 3 2 4
PLAYER 2
.
END 15
.
