MESSAGE OK
PLAYER 0
LEVEL 1
SIZE 6 7
DISPLAYS 7
MAXTICK 15
.
TICK 0
FIELDS 7 11 11 10 3 3 7 7 10 5 8 3 3 11 6 2 5 14 6 9 1 3 5 14 7 10 10 3 10 15 6 9 14 8 9 12 3 5 3 1 5 9
DISPLAY 0 1 2
DISPLAY 1 5 0
DISPLAY 2 5 4
DISPLAY 3 1 6
DISPLAY 4 4 2
DISPLAY 5 0 4
DISPLAY 6 1 0
POSITION 0 3 5
POSITION 1 4 1
POSITION 2 1 3
POSITION 3 2 0
PLAYER 0
MESSAGE OK
TARGET 5
EXTRAFIELD 15
.
TICK 0
FIELDS 7 11 11 5 3 3 7 7 10 2 8 3 3 11 6 3 5 14 6 9 1 3 5 14 7 10 10 8 10 15 6 9 14 1 9 12 3 5 3 15 5 9
DISPLAY 0 1 2
DISPLAY 1 5 0
DISPLAY 2 5 4
DISPLAY 3 1 6
DISPLAY 4 4 2
DISPLAY 5 0 4
DISPLAY 6 1 0
POSITION 0 5 3
POSITION 1 4 1
POSITION 2 1 3
POSITION 3 2 0
PLAYER 1
.
TICK 0
FIELDS 15 11 11 5 3 3 7 7 10 2 8 3 7 11 6 3 5 14 3 9 1 3 5 14 6 10 10 8 10 15 7 9 14 1 9 12 6 5 3 15 5 9
DISPLAY 0 1 2
DISPLAY 1 5 0
DISPLAY 2 5 4
DISPLAY 3 1 6
DISPLAY 4 4 2
DISPLAY 5 0 5
DISPLAY 6 1 0
POSITION 0 5 3
POSITION 1 4 1
POSITION 2 1 3
POSITION 3 2 0
PLAYER 2
.
TICK 0
FIELDS 15 15 11 5 3 3 7 11 10 2 8 3 7 7 6 3 5 14 3 11 1 3 5 14 6 9 10 8 10 15 7 10 14 1 9 12 6 9 3 15 5 9
DISPLAY 0 1 3
DISPLAY 1 5 0
DISPLAY 2 5 4
DISPLAY 3 1 0
DISPLAY 4 4 2
DISPLAY 5 0 5
DISPLAY 6 1 1
POSITION 0 5 3
POSITION 1 4 1
POSITION 2 1 4
POSITION 3 2 0
PLAYER 3
.
TICK 1
FIELDS 15 15 11 5 3 3 7 15 10 2 8 3 7 11 6 3 5 14 3 7 1 3 5 14 6 11 10 8 10 15 7 9 14 1 9 12 6 10 3 15 5 9
DISPLAY 0 1 4
DISPLAY 1 5 0
DISPLAY 2 5 4
DISPLAY 3 1 1
DISPLAY 4 4 2
DISPLAY 5 0 5
DISPLAY 6 1 2
POSITION 0 5 3
POSITION 1 4 1
POSITION 2 1 5
POSITION 3 2 0
PLAYER 0
MESSAGE OK
TARGET 5
EXTRAFIELD 10
.
TICK 1
FIELDS 15 15 11 5 3 3 7 15 10 2 8 3 7 11 6 3 5 14 3 7 1 3 5 14 6 11 10 8 10 15 9 14 1 9 12 5 6 10 3 15 5 9
DISPLAY 0 1 4
DISPLAY 1 5 0
DISPLAY 2 5 4
DISPLAY 3 1 1
DISPLAY 4 4 2
DISPLAY 6 1 2
POSITION 0 5 5
POSITION 1 4 1
POSITION 2 0 5
POSITION 3 2 0
PLAYER 1
.
TICK 1
FIELDS 15 15 11 5 8 3 7 15 10 2 5 3 7 11 6 3 5 14 3 7 1 3 10 14 6 11 10 8 12 15 9 14 1 9 5 5 6 10 3 15 3 9
DISPLAY 0 1 4
DISPLAY 1 5 0
DISPLAY 2 5 4
DISPLAY 3 1 1
DISPLAY 4 4 1
DISPLAY 6 1 2
POSITION 0 5 5
POSITION 1 4 0
POSITION 2 0 5
POSITION 3 2 0
PLAYER 2
.
TICK 1
FIELDS 7 15 11 5 8 3 7 15 10 2 5 3 3 11 6 3 5 14 6 7 1 3 10 14 9 11 10 8 12 15 6 14 1 9 5 5 5 10 3 15 3 9
DISPLAY 0 1 4
DISPLAY 1 5 0
DISPLAY 2 5 4
DISPLAY 3 1 1
DISPLAY 4 4 1
DISPLAY 6 1 2
POSITION 0 5 5
POSITION 1 4 0
POSITION 2 2 4
POSITION 3 2 0
PLAYER 3
.
TICK 2
FIELDS 7 9 11 5 8 3 7 15 10 2 5 3 3 15 6 3 5 14 6 11 1 3 10 14 9 7 10 8 12 15 6 11 1 9 5 5 5 14 3 15 3 9
DISPLAY 0 1 5
DISPLAY 1 5 0
DISPLAY 2 5 4
DISPLAY 3 1 2
DISPLAY 4 4 1
DISPLAY 6 1 3
POSITION 0 5 5
POSITION 1 4 0
POSITION 2 2 4
POSITION 3 2 0
PLAYER 0
MESSAGE OK
TARGET 1
EXTRAFIELD 7
.
TICK 2
FIELDS 7 9 11 5 8 3 7 15 10 2 5 3 7 15 6 3 5 14 3 11 1 3 10 14 6 7 10 8 12 15 9 11 1 9 5 5 6 14 3 15 3 9
DISPLAY 0 1 5
DISPLAY 1 5 0
DISPLAY 2 5 4
DISPLAY 3 1 2
DISPLAY 4 4 1
DISPLAY 6 1 3
POSITION 0 4 6
POSITION 1 4 0
POSITION 2 2 4
POSITION 3 2 0
PLAYER 1
.
TICK 2
FIELDS 7 9 11 2 8 3 7 15 10 3 5 3 7 15 6 3 5 14 3 11 1 8 10 14 6 7 10 9 12 15 9 11 1 15 5 5 6 14 3 3 3 9
DISPLAY 0 1 5
DISPLAY 1 5 0
DISPLAY 2 5 4
DISPLAY 3 1 2
DISPLAY 4 4 1
DISPLAY 6 1 3
POSITION 0 4 6
POSITION 1 4 0
POSITION 2 2 4
POSITION 3 2 0
PLAYER 2
.
TICK 2
FIELDS 7 9 11 3 8 3 7 15 10 3 5 3 7 15 6 8 5 14 3 11 1 9 10 14 6 7 10 15 12 15 9 11 1 3 5 5 6 14 3 15 3 9
DISPLAY 0 1 5
DISPLAY 1 5 0
DISPLAY 2 5 4
DISPLAY 3 1 2
DISPLAY 4 4 1
DISPLAY 6 1 3
POSITION 0 4 6
POSITION 1 4 0
POSITION 2 3 4
POSITION 3 2 0
PLAYER 3
.
TICK 3
FIELDS 7 15 11 3 8 3 7 15 10 3 5 3 7 11 6 8 5 14 3 7 1 9 10 14 6 11 10 15 12 15 9 14 1 3 5 5 6 10 3 15 3 9
DISPLAY 0 1 4
DISPLAY 1 5 0
DISPLAY 2 5 4
DISPLAY 3 1 1
DISPLAY 4 4 1
DISPLAY 6 1 2
POSITION 0 4 6
POSITION 1 4 0
POSITION 2 3 4
POSITION 3 2 0
PLAYER 0
MESSAGE OK
TARGET 1
EXTRAFIELD 5
.
TICK 3
FIELDS 7 15 11 3 10 3 7 15 10 3 8 3 7 11 6 8 5 14 3 7 1 9 5 14 6 11 10 15 10 15 9 14 1 3 12 5 6 10 3 15 5 9
DISPLAY 0 1 4
DISPLAY 2 5 4
DISPLAY 3 1 1
DISPLAY 4 4 2
DISPLAY 6 1 2
POSITION 0 5 0
POSITION 1 4 1
POSITION 2 3 4
POSITION 3 2 0
PLAYER 1
.
TICK 3
FIELDS 7 15 11 3 10 3 7 15 10 3 8 3 7 11 6 8 5 14 3 7 1 9 5 14 6 11 10 15 10 15 5 9 14 1 3 12 6 10 3 15 5 9
DISPLAY 0 1 4
DISPLAY 2 5 4
DISPLAY 3 1 1
DISPLAY 4 4 2
DISPLAY 6 1 2
POSITION 0 5 0
POSITION 1 4 1
POSITION 2 3 4
POSITION 3 2 0
PLAYER 2
.
TICK 3
FIELDS 2 15 11 3 10 3 7 15 10 3 8 3 7 11 6 8 5 14 7 7 1 9 5 14 3 11 10 15 10 15 6 9 14 1 3 12 5 10 3 15 5 9
DISPLAY 0 1 4
DISPLAY 3 1 1
DISPLAY 4 4 2
DISPLAY 6 1 2
POSITION 0 5 0
POSITION 1 4 1
POSITION 2 5 4
POSITION 3 2 0
PLAYER 3
.
TICK 4
FIELDS 2 9 11 3 10 3 7 15 10 3 8 3 7 15 6 8 5 14 7 11 1 9 5 14 3 7 10 15 10 15 6 11 14 1 3 12 5 9 3 15 5 9
DISPLAY 0 1 5
DISPLAY 3 1 2
DISPLAY 4 4 2
DISPLAY 6 1 3
POSITION 0 5 0
POSITION 1 4 1
POSITION 2 5 4
POSITION 3 2 0
PLAYER 0
MESSAGE OK
TARGET 6
EXTRAFIELD 3
.
TICK 4
FIELDS 2 9 11 12 10 3 7 15 10 3 8 3 7 15 6 3 5 14 7 11 1 8 5 14 3 7 10 9 10 15 6 11 14 15 3 12 5 9 3 1 5 9
DISPLAY 0 1 5
DISPLAY 3 1 2
DISPLAY 4 4 2
POSITION 0 1 3
POSITION 1 4 1
POSITION 2 5 4
POSITION 3 2 0
PLAYER 1
.
TICK 4
FIELDS 2 5 11 12 10 3 7 9 10 3 8 3 7 15 6 3 5 14 7 15 1 8 5 14 3 11 10 9 10 15 6 7 14 15 3 12 5 11 3 1 5 9
DISPLAY 0 1 6
DISPLAY 3 1 3
DISPLAY 4 4 2
POSITION 0 1 4
POSITION 1 4 1
POSITION 2 5 4
POSITION 3 2 0
PLAYER 2
.
TICK 4
FIELDS 2 5 11 12 10 3 7 9 10 3 8 3 7 15 6 3 5 14 7 15 1 8 5 14 11 10 9 10 15 6 6 7 14 15 3 12 5 11 3 1 5 9
DISPLAY 3 1 3
DISPLAY 4 4 2
POSITION 0 0 4
POSITION 1 4 1
POSITION 2 1 6
POSITION 3 2 0
PLAYER 3
.
TICK 5
FIELDS 2 9 11 12 10 3 7 15 10 3 8 3 7 15 6 3 5 14 7 10 1 8 5 14 11 7 9 10 15 6 6 11 14 15 3 12 5 10 3 1 5 9
DISPLAY 3 1 2
DISPLAY 4 4 2
POSITION 0 0 4
POSITION 1 4 1
POSITION 2 1 5
POSITION 3 2 0
PLAYER 0
MESSAGE OK
TARGET 4
EXTRAFIELD 15
.
TICK 5
FIELDS 15 2 9 11 12 10 7 15 10 3 8 3 7 15 6 3 5 14 7 10 1 8 5 14 11 7 9 10 15 6 6 11 14 15 3 12 5 10 3 1 5 9
DISPLAY 3 1 2
POSITION 0 4 2
POSITION 1 4 1
POSITION 2 1 5
POSITION 3 3 0
PLAYER 1
.
TICK 5
FIELDS 2 9 11 12 10 9 7 15 10 3 8 3 7 15 6 3 5 14 7 10 1 8 5 14 11 7 9 10 15 6 6 11 14 15 3 12 5 10 3 1 5 9
DISPLAY 3 1 2
POSITION 0 4 2
POSITION 1 4 1
POSITION 2 1 5
POSITION 3 2 0
PLAYER 2
.
END 4
.
