MESSAGE OK
PLAYER 0
LEVEL 6
SIZE 7 13
DISPLAYS 21
MAXTICK 30
.
TICK 0
FIELDS 15 6 7 12 14 10 10 3 12 3 8 11 10 11 5 5 11 15 8 11 5 7 12 9 2 12 13 10 15 5 10 5 6 13 13 14 9 7 9 11 5 14 15 11 5 14 6 5 6 3 7 9 7 6 7 9 10 8 6 3 2 5 14 6 15 14 12 5 3 3 15 9 10 10 10 3 6 5 4 1 4 6 10 11 4 1 3 12 10 6 6
DISPLAY 0 5 6
DISPLAY 1 2 9
DISPLAY 2 3 10
DISPLAY 3 2 1
DISPLAY 4 6 5
DISPLAY 5 5 12
DISPLAY 6 6 6
DISPLAY 7 0 11
DISPLAY 8 5 4
DISPLAY 9 2 0
DISPLAY 10 3 4
DISPLAY 11 1 8
DISPLAY 12 2 10
DISPLAY 13 3 9
DISPLAY 14 4 4
DISPLAY 15 3 6
DISPLAY 16 5 2
DISPLAY 17 0 0
DISPLAY 18 2 4
DISPLAY 19 5 5
DISPLAY 20 6 2
POSITION 0 3 5
POSITION 1 0 4
POSITION 2 2 2
POSITION 3 3 3
PLAYER 0
MESSAGE OK
TARGET 0
EXTRAFIELD 15
.
TICK 0
FIELDS 15 6 7 8 14 10 10 3 12 3 15 11 10 11 5 5 11 2 8 11 5 7 12 9 5 12 13 10 15 5 10 9 6 13 13 14 9 7 14 11 5 14 15 11 5 7 6 5 6 3 7 9 3 6 7 9 10 8 6 12 2 5 14 6 15 14 10 5 3 3 15 9 10 4 10 3 6 5 4 1 12 6 10 11 4 1 3 15 10 6 6
DISPLAY 0 5 6
DISPLAY 1 2 9
DISPLAY 2 3 9
DISPLAY 3 2 1
DISPLAY 4 6 5
DISPLAY 5 5 12
DISPLAY 6 6 6
DISPLAY 7 0 11
DISPLAY 8 5 4
DISPLAY 9 2 0
DISPLAY 10 3 3
DISPLAY 11 1 8
DISPLAY 12 2 10
DISPLAY 13 3 8
DISPLAY 14 4 4
DISPLAY 15 3 5
DISPLAY 16 5 2
DISPLAY 17 0 0
DISPLAY 18 2 4
DISPLAY 19 5 5
DISPLAY 20 6 2
POSITION 0 4 4
POSITION 1 0 4
POSITION 2 2 2
POSITION 3 3 2
PLAYER 1
.
TICK 0
FIELDS 15 6 7 8 14 10 10 3 12 3 15 11 10 11 5 5 11 2 8 11 5 12 9 5 12 13 10 15 15 5 10 9 6 13 13 14 9 7 14 11 5 14 15 11 5 7 6 5 6 3 7 9 3 6 7 9 10 8 6 12 2 5 14 6 15 14 10 5 3 3 15 9 10 4 10 3 6 5 4 1 12 6 10 11 4 1 3 15 10 6 6
DISPLAY 0 5 6
DISPLAY 1 2 9
DISPLAY 2 3 9
DISPLAY 3 2 1
DISPLAY 4 6 5
DISPLAY 5 5 12
DISPLAY 6 6 6
DISPLAY 7 0 11
DISPLAY 8 5 4
DISPLAY 9 2 0
DISPLAY 10 2 3
DISPLAY 11 1 8
DISPLAY 12 2 10
DISPLAY 13 3 8
DISPLAY 14 4 4
DISPLAY 15 3 5
DISPLAY 16 5 2
DISPLAY 17 0 0
DISPLAY 18 2 4
DISPLAY 19 5 5
DISPLAY 20 6 2
POSITION 0 4 4
POSITION 1 0 4
POSITION 2 2 2
POSITION 3 3 2
PLAYER 2
.
TICK 0
FIELDS 15 6 7 8 14 10 10 12 3 15 11 10 11 15 5 5 11 2 8 11 5 12 9 5 12 13 10 15 15 5 10 9 6 13 13 14 9 7 14 11 5 14 15 11 5 7 6 5 6 3 7 9 3 6 7 9 10 8 6 12 2 5 14 6 15 14 10 5 3 3 15 9 10 4 10 3 6 5 4 1 12 6 10 11 4 1 3 15 10 6 6
DISPLAY 0 5 6
DISPLAY 1 2 9
DISPLAY 2 3 9
DISPLAY 3 1 1
DISPLAY 4 6 5
DISPLAY 5 5 12
DISPLAY 6 6 6
DISPLAY 7 0 11
DISPLAY 8 5 4
DISPLAY 9 2 0
DISPLAY 10 2 3
DISPLAY 11 1 8
DISPLAY 12 2 10
DISPLAY 13 3 8
DISPLAY 14 4 4
DISPLAY 15 3 5
DISPLAY 16 5 2
DISPLAY 17 0 0
DISPLAY 18 2 4
DISPLAY 19 5 5
DISPLAY 20 6 2
POSITION 0 4 4
POSITION 1 0 4
POSITION 2 5 3
POSITION 3 3 2
PLAYER 3
.
TICK 1
FIELDS 15 6 7 8 14 10 10 12 3 15 11 10 11 15 5 5 11 2 8 11 5 12 9 5 12 13 10 15 15 5 10 9 6 13 13 14 9 7 14 11 5 14 15 11 5 7 6 5 6 3 7 9 3 6 7 9 15 10 8 6 12 2 5 6 15 14 10 5 3 3 15 9 10 4 10 3 6 5 4 1 12 6 10 11 4 1 3 15 10 6 6
DISPLAY 0 5 6
DISPLAY 1 2 9
DISPLAY 2 3 9
DISPLAY 3 1 1
DISPLAY 4 6 5
DISPLAY 5 5 12
DISPLAY 6 6 6
DISPLAY 7 0 11
DISPLAY 8 5 4
DISPLAY 9 2 0
DISPLAY 10 2 3
DISPLAY 11 2 8
DISPLAY 12 2 10
DISPLAY 13 4 8
DISPLAY 14 4 4
DISPLAY 15 3 5
DISPLAY 16 5 2
DISPLAY 17 0 0
DISPLAY 18 2 4
DISPLAY 19 5 5
DISPLAY 20 6 2
POSITION 0 4 4
POSITION 1 0 4
POSITION 2 5 3
POSITION 3 3 2
PLAYER 0
MESSAGE OK
TARGET 0
EXTRAFIELD 12
.
TICK 1
FIELDS 15 6 7 8 14 10 10 12 3 15 11 10 11 15 5 5 11 2 8 11 5 9 5 12 13 10 15 3 15 5 10 9 6 13 13 14 9 7 14 11 5 14 15 11 5 7 6 5 6 3 7 9 3 6 7 9 15 10 8 6 12 2 5 6 15 14 10 5 3 3 15 9 10 4 10 3 6 5 4 1 12 6 10 11 4 1 3 15 10 6 6
DISPLAY 1 2 9
DISPLAY 2 3 9
DISPLAY 3 1 1
DISPLAY 4 6 5
DISPLAY 5 5 12
DISPLAY 6 6 6
DISPLAY 7 0 11
DISPLAY 8 5 4
DISPLAY 9 2 0
DISPLAY 10 1 3
DISPLAY 11 2 8
DISPLAY 12 2 10
DISPLAY 13 4 8
DISPLAY 14 4 4
DISPLAY 15 3 5
DISPLAY 16 5 2
DISPLAY 17 0 0
DISPLAY 18 2 4
DISPLAY 19 5 5
DISPLAY 20 6 2
POSITION 0 5 6
POSITION 1 0 4
POSITION 2 4 3
POSITION 3 3 2
PLAYER 1
.
TICK 1
FIELDS 15 6 7 8 14 10 10 12 3 15 11 10 11 15 5 5 11 2 8 11 5 9 5 12 13 10 15 3 15 5 10 9 6 13 13 14 9 7 14 11 5 14 15 11 5 7 6 5 6 7 3 7 9 3 6 7 15 10 8 6 12 2 5 6 15 14 10 5 3 3 15 9 10 4 10 3 6 5 4 1 12 6 10 11 4 1 3 15 10 6 6
DISPLAY 1 2 9
DISPLAY 2 3 9
DISPLAY 3 1 1
DISPLAY 4 6 5
DISPLAY 5 5 12
DISPLAY 6 6 6
DISPLAY 7 0 11
DISPLAY 8 5 4
DISPLAY 9 2 0
DISPLAY 10 1 3
DISPLAY 11 2 8
DISPLAY 12 2 10
DISPLAY 13 4 8
DISPLAY 14 4 4
DISPLAY 15 3 5
DISPLAY 16 5 2
DISPLAY 17 0 0
DISPLAY 18 2 4
DISPLAY 19 5 5
DISPLAY 20 6 2
POSITION 0 5 6
POSITION 1 0 4
POSITION 2 4 3
POSITION 3 3 2
PLAYER 2
.
TICK 1
FIELDS 3 6 7 8 14 10 10 15 3 15 11 10 11 15 12 5 11 2 8 11 5 5 5 12 13 10 15 3 9 5 10 9 6 13 13 15 9 7 14 11 5 14 14 11 5 7 6 5 6 15 3 7 9 3 6 7 7 10 8 6 12 2 5 15 15 14 10 5 3 3 6 9 10 4 10 3 6 15 4 1 12 6 10 11 5 1 3 15 10 6 6
DISPLAY 1 2 9
DISPLAY 2 3 9
DISPLAY 3 1 1
DISPLAY 4 6 5
DISPLAY 5 5 12
DISPLAY 6 6 6
DISPLAY 7 0 12
DISPLAY 8 5 4
DISPLAY 9 2 0
DISPLAY 10 1 3
DISPLAY 11 2 8
DISPLAY 12 2 10
DISPLAY 13 4 8
DISPLAY 14 4 4
DISPLAY 15 3 5
DISPLAY 16 5 2
DISPLAY 17 0 1
DISPLAY 18 2 4
DISPLAY 19 5 5
DISPLAY 20 6 2
POSITION 0 5 6
POSITION 1 0 5
POSITION 2 4 7
POSITION 3 3 2
PLAYER 3
.
TICK 2
FIELDS 3 6 7 8 14 10 10 15 3 15 11 10 11 15 12 5 11 2 8 11 5 5 5 12 13 10 15 3 9 5 10 9 6 13 13 15 9 7 14 11 5 14 14 11 5 7 6 5 6 15 3 7 9 3 6 7 14 7 10 8 6 12 2 15 15 14 10 5 3 3 6 9 10 4 10 3 6 15 4 1 12 6 10 11 5 1 3 15 10 6 6
DISPLAY 1 2 9
DISPLAY 2 3 9
DISPLAY 3 1 1
DISPLAY 4 6 5
DISPLAY 5 5 12
DISPLAY 6 6 6
DISPLAY 7 0 12
DISPLAY 8 5 4
DISPLAY 9 2 0
DISPLAY 10 1 3
DISPLAY 11 3 8
DISPLAY 12 2 10
DISPLAY 13 5 8
DISPLAY 14 4 4
DISPLAY 15 3 5
DISPLAY 16 5 2
DISPLAY 17 0 1
DISPLAY 18 2 4
DISPLAY 19 5 5
DISPLAY 20 6 2
POSITION 0 5 6
POSITION 1 0 5
POSITION 2 4 7
POSITION 3 3 2
PLAYER 0
MESSAGE OK
TARGET 4
EXTRAFIELD 12
.
TICK 2
FIELDS 3 6 7 8 14 9 10 15 3 15 11 10 10 15 12 5 11 2 8 11 5 5 5 12 13 10 11 3 9 5 10 9 6 15 13 15 9 7 14 11 13 14 14 11 5 7 6 5 6 15 3 7 9 3 5 7 14 7 10 8 6 6 2 15 15 14 10 5 12 3 6 9 10 4 10 3 6 15 4 1 12 6 3 11 5 1 3 15 10 10 6
DISPLAY 1 2 9
DISPLAY 2 3 9
DISPLAY 3 1 1
DISPLAY 5 5 0
DISPLAY 6 6 6
DISPLAY 7 0 12
DISPLAY 8 5 5
DISPLAY 9 2 0
DISPLAY 10 1 3
DISPLAY 11 3 8
DISPLAY 12 2 10
DISPLAY 13 5 9
DISPLAY 14 4 4
DISPLAY 15 3 5
DISPLAY 16 5 3
DISPLAY 17 0 1
DISPLAY 18 2 4
DISPLAY 19 5 6
DISPLAY 20 6 2
POSITION 0 6 5
POSITION 1 0 5
POSITION 2 4 7
POSITION 3 3 2
PLAYER 1
.
TICK 2
FIELDS 3 6 7 8 14 9 9 15 3 15 11 10 10 10 12 5 11 2 8 11 15 5 5 12 13 10 11 5 9 5 10 9 6 15 3 15 9 7 14 11 13 13 14 11 5 7 6 5 14 15 3 7 9 3 5 6 14 7 10 8 6 6 7 15 15 14 10 5 12 2 6 9 10 4 10 3 3 15 4 1 12 6 3 6 5 1 3 15 10 10 11
DISPLAY 1 2 9
DISPLAY 2 3 9
DISPLAY 3 1 1
DISPLAY 5 5 0
DISPLAY 6 6 7
DISPLAY 7 0 12
DISPLAY 8 5 5
DISPLAY 9 2 0
DISPLAY 10 1 3
DISPLAY 11 3 8
DISPLAY 12 2 10
DISPLAY 13 5 9
DISPLAY 14 4 4
DISPLAY 15 3 5
DISPLAY 16 5 3
DISPLAY 17 0 1
DISPLAY 18 2 4
DISPLAY 19 5 6
DISPLAY 20 6 3
POSITION 0 6 6
POSITION 1 0 5
POSITION 2 4 7
POSITION 3 3 2
PLAYER 2
.
TICK 2
FIELDS 3 6 7 4 14 9 9 15 3 15 8 10 10 10 12 5 11 11 8 11 15 5 5 12 2 10 11 5 9 5 10 13 6 15 3 15 9 7 9 11 13 13 14 11 5 14 6 5 14 15 3 7 7 3 5 6 14 7 10 9 6 6 7 15 15 14 8 5 12 2 6 9 10 10 10 3 3 15 4 1 4 6 3 6 5 1 3 12 10 10 11
DISPLAY 1 2 9
DISPLAY 2 3 10
DISPLAY 3 1 1
DISPLAY 5 5 0
DISPLAY 6 6 7
DISPLAY 7 0 12
DISPLAY 8 5 5
DISPLAY 9 2 0
DISPLAY 10 1 3
DISPLAY 11 3 9
DISPLAY 12 2 10
DISPLAY 13 5 9
DISPLAY 14 4 4
DISPLAY 15 3 6
DISPLAY 16 5 3
DISPLAY 17 0 1
DISPLAY 18 2 4
DISPLAY 19 5 6
DISPLAY 20 6 3
POSITION 0 6 6
POSITION 1 0 5
POSITION 2 4 9
POSITION 3 3 3
PLAYER 3
.
TICK 3
FIELDS 3 6 7 4 14 9 9 15 3 15 8 10 10 10 12 5 11 11 8 11 15 5 5 12 2 10 11 5 9 5 10 13 6 15 3 15 9 7 9 11 13 13 14 11 5 14 6 5 14 15 3 7 7 3 5 6 5 14 7 10 9 6 6 15 15 14 8 5 12 2 6 9 10 10 10 3 3 15 4 1 4 6 3 6 5 1 3 12 10 10 11
DISPLAY 1 2 9
DISPLAY 2 3 10
DISPLAY 3 1 1
DISPLAY 5 5 0
DISPLAY 6 6 7
DISPLAY 7 0 12
DISPLAY 8 5 5
DISPLAY 9 2 0
DISPLAY 10 1 3
DISPLAY 11 3 9
DISPLAY 12 2 10
DISPLAY 13 5 9
DISPLAY 14 4 4
DISPLAY 15 3 6
DISPLAY 16 5 3
DISPLAY 17 0 1
DISPLAY 18 2 4
DISPLAY 19 5 6
DISPLAY 20 6 3
POSITION 0 6 6
POSITION 1 0 5
POSITION 2 4 9
POSITION 3 3 3
PLAYER 0
MESSAGE OK
TARGET 13
EXTRAFIELD 6
.
TICK 3
FIELDS 3 6 7 4 14 9 9 15 3 15 8 10 10 10 12 5 11 11 8 11 15 5 5 12 2 10 11 5 9 5 10 13 6 15 3 15 9 7 9 11 13 13 9 14 11 5 14 6 5 15 3 7 7 3 5 6 5 14 7 10 9 6 6 15 15 14 8 5 12 2 6 9 10 10 10 3 3 15 4 1 4 6 3 6 5 1 3 12 10 10 11
DISPLAY 1 2 9
DISPLAY 2 3 10
DISPLAY 3 1 1
DISPLAY 5 5 0
DISPLAY 6 6 7
DISPLAY 7 0 12
DISPLAY 8 5 5
DISPLAY 9 2 0
DISPLAY 10 1 3
DISPLAY 11 3 9
DISPLAY 12 2 10
DISPLAY 14 4 4
DISPLAY 15 4 6
DISPLAY 16 5 3
DISPLAY 17 0 1
DISPLAY 18 2 4
DISPLAY 19 6 6
DISPLAY 20 6 3
POSITION 0 5 9
POSITION 1 0 5
POSITION 2 4 9
POSITION 3 3 3
PLAYER 1
.
TICK 3
FIELDS 3 6 6 4 14 9 9 15 3 7 8 10 10 10 12 5 15 11 8 11 15 5 5 11 2 10 11 5 9 5 12 13 6 15 3 15 9 10 9 11 13 13 9 14 7 5 14 6 5 15 3 11 7 3 5 6 5 14 7 10 9 6 6 15 15 7 8 5 12 2 6 9 14 10 10 3 3 15 4 10 4 6 3 6 5 1 1 12 10 10 11
DISPLAY 1 2 10
DISPLAY 2 3 10
DISPLAY 3 1 1
DISPLAY 5 5 0
DISPLAY 6 6 7
DISPLAY 7 0 12
DISPLAY 8 5 5
DISPLAY 9 2 1
DISPLAY 10 1 3
DISPLAY 11 3 9
DISPLAY 12 2 11
DISPLAY 14 4 4
DISPLAY 15 4 6
DISPLAY 16 5 3
DISPLAY 17 0 1
DISPLAY 18 2 5
DISPLAY 19 6 6
DISPLAY 20 6 3
POSITION 0 5 9
POSITION 1 0 5
POSITION 2 4 9
POSITION 3 3 3
PLAYER 2
.
TICK 3
FIELDS 3 6 6 4 14 9 9 15 3 7 8 10 10 10 12 5 15 11 8 11 15 5 5 11 2 10 11 5 9 5 12 13 6 15 3 15 9 10 9 11 13 13 9 14 7 5 14 6 5 15 3 11 7 3 5 6 5 14 7 10 9 6 6 15 15 15 7 8 5 12 6 9 14 10 10 3 3 15 4 10 4 6 3 6 5 1 1 12 10 10 11
DISPLAY 1 2 10
DISPLAY 2 3 10
DISPLAY 3 1 1
DISPLAY 5 5 0
DISPLAY 6 6 7
DISPLAY 7 0 12
DISPLAY 8 5 5
DISPLAY 9 2 1
DISPLAY 10 1 3
DISPLAY 11 4 9
DISPLAY 12 2 11
DISPLAY 14 4 4
DISPLAY 15 4 6
DISPLAY 16 5 3
DISPLAY 17 0 1
DISPLAY 18 2 5
DISPLAY 19 6 6
DISPLAY 20 6 3
POSITION 0 6 9
POSITION 1 0 5
POSITION 2 5 8
POSITION 3 3 3
PLAYER 3
.
TICK 4
FIELDS 3 6 6 4 14 9 9 15 3 7 8 10 10 10 12 5 15 11 8 11 15 5 5 11 2 10 11 5 9 5 12 13 6 15 3 15 9 10 9 11 13 13 9 14 7 5 14 6 5 15 3 11 7 3 5 6 14 7 10 9 6 6 7 15 15 15 7 8 5 12 6 9 14 10 10 3 3 15 4 10 4 6 3 6 5 1 1 12 10 10 11
DISPLAY 1 2 10
DISPLAY 2 3 10
DISPLAY 3 1 1
DISPLAY 5 5 0
DISPLAY 6 6 7
DISPLAY 7 0 12
DISPLAY 8 5 5
DISPLAY 9 2 1
DISPLAY 10 1 3
DISPLAY 11 4 9
DISPLAY 12 2 11
DISPLAY 14 4 4
DISPLAY 15 4 6
DISPLAY 16 5 3
DISPLAY 17 0 1
DISPLAY 18 2 5
DISPLAY 19 6 6
DISPLAY 20 6 3
POSITION 0 6 9
POSITION 1 0 5
POSITION 2 4 8
POSITION 3 3 3
PLAYER 0
MESSAGE OK
TARGET 14
EXTRAFIELD 14
.
TICK 4
FIELDS 3 6 6 4 14 9 9 15 3 7 8 10 10 10 12 5 15 11 8 11 15 5 5 11 2 10 11 5 9 5 12 13 6 15 3 15 9 10 9 11 13 13 9 14 7 5 14 6 5 15 3 11 7 3 5 6 14 7 10 9 6 6 7 14 15 15 15 7 8 5 6 9 14 10 10 3 3 15 4 10 4 6 3 6 5 1 1 12 10 10 11
DISPLAY 1 2 10
DISPLAY 2 3 10
DISPLAY 3 1 1
DISPLAY 5 5 0
DISPLAY 6 6 7
DISPLAY 7 0 12
DISPLAY 8 5 5
DISPLAY 9 2 1
DISPLAY 10 1 3
DISPLAY 11 5 9
DISPLAY 12 2 11
DISPLAY 14 4 4
DISPLAY 15 4 6
DISPLAY 16 5 3
DISPLAY 17 0 1
DISPLAY 18 2 5
DISPLAY 19 6 6
DISPLAY 20 6 3
POSITION 0 3 6
POSITION 1 0 5
POSITION 2 4 8
POSITION 3 3 3
PLAYER 1
.
TICK 4
FIELDS 3 6 6 4 14 9 9 15 3 7 8 10 10 10 12 5 15 11 8 11 15 5 5 11 2 10 11 5 9 5 12 13 6 15 3 15 9 10 9 11 13 13 9 14 7 5 14 6 5 15 3 11 7 3 5 6 14 7 10 9 6 6 7 14 15 15 15 7 8 5 6 9 14 10 10 3 3 4 10 4 6 3 6 3 5 1 1 12 10 10 11
DISPLAY 1 2 10
DISPLAY 2 3 10
DISPLAY 3 1 1
DISPLAY 5 5 0
DISPLAY 6 6 7
DISPLAY 7 0 12
DISPLAY 8 5 5
DISPLAY 9 2 1
DISPLAY 10 1 3
DISPLAY 11 5 9
DISPLAY 12 1 11
DISPLAY 14 4 4
DISPLAY 15 4 6
DISPLAY 16 5 3
DISPLAY 17 0 1
DISPLAY 18 2 5
DISPLAY 19 6 6
DISPLAY 20 6 3
POSITION 0 3 6
POSITION 1 0 5
POSITION 2 4 8
POSITION 3 3 3
PLAYER 2
.
TICK 4
FIELDS 3 6 6 4 14 9 9 15 3 7 8 10 10 10 12 5 15 11 8 11 15 5 5 11 2 10 11 5 9 5 12 13 6 15 3 15 9 10 9 11 13 13 9 14 7 5 14 6 5 15 3 11 7 3 5 6 14 7 10 9 6 6 7 14 15 15 15 7 8 5 2 6 9 14 10 10 3 4 10 4 6 3 6 3 5 1 1 12 10 10 11
DISPLAY 1 3 10
DISPLAY 2 4 10
DISPLAY 3 1 1
DISPLAY 5 5 0
DISPLAY 7 0 12
DISPLAY 8 5 5
DISPLAY 9 2 1
DISPLAY 10 1 3
DISPLAY 11 5 9
DISPLAY 12 1 11
DISPLAY 14 4 4
DISPLAY 15 4 6
DISPLAY 16 5 3
DISPLAY 17 0 1
DISPLAY 18 2 5
DISPLAY 19 6 6
DISPLAY 20 6 3
POSITION 0 3 6
POSITION 1 0 5
POSITION 2 6 7
POSITION 3 3 3
PLAYER 3
.
TICK 5
FIELDS 3 6 6 4 14 9 9 15 3 7 8 10 10 10 12 5 15 11 8 11 15 5 5 11 2 10 11 5 9 5 12 13 6 15 3 15 9 10 9 11 13 13 9 14 7 5 14 6 5 15 3 11 7 3 5 6 7 10 9 6 6 7 5 14 15 15 15 7 8 5 2 6 9 14 10 10 3 4 10 4 6 3 6 3 5 1 1 12 10 10 11
DISPLAY 1 3 10
DISPLAY 2 4 10
DISPLAY 3 1 1
DISPLAY 5 5 0
DISPLAY 7 0 12
DISPLAY 8 5 5
DISPLAY 9 2 1
DISPLAY 10 1 3
DISPLAY 11 5 9
DISPLAY 12 1 11
DISPLAY 14 4 4
DISPLAY 15 4 6
DISPLAY 16 5 3
DISPLAY 17 0 1
DISPLAY 18 2 5
DISPLAY 19 6 6
DISPLAY 20 6 3
POSITION 0 3 6
POSITION 1 0 5
POSITION 2 6 7
POSITION 3 3 3
PLAYER 0
MESSAGE OK
TARGET 14
EXTRAFIELD 12
.
TICK 5
FIELDS 3 6 7 4 14 9 9 15 3 15 8 10 10 10 12 5 11 11 8 11 15 5 5 12 2 10 11 5 9 5 10 13 6 15 3 15 9 7 9 11 13 13 9 14 11 5 14 6 5 15 3 9 7 3 5 6 7 10 15 6 6 7 5 14 15 9 15 7 8 5 2 6 4 14 10 10 3 4 10 1 6 3 6 3 5 1 12 12 10 10 11
DISPLAY 1 3 10
DISPLAY 2 4 10
DISPLAY 3 1 1
DISPLAY 5 5 0
DISPLAY 7 0 12
DISPLAY 8 5 5
DISPLAY 9 2 0
DISPLAY 10 1 3
DISPLAY 11 5 9
DISPLAY 12 1 11
DISPLAY 14 4 4
DISPLAY 15 4 6
DISPLAY 16 5 3
DISPLAY 17 0 1
DISPLAY 18 2 4
DISPLAY 19 6 6
DISPLAY 20 6 3
POSITION 0 3 7
POSITION 1 0 5
POSITION 2 6 7
POSITION 3 3 3
PLAYER 1
.
TICK 5
FIELDS 3 6 7 4 14 9 9 15 3 15 8 10 10 10 12 5 11 11 8 11 15 5 5 12 2 10 11 5 9 5 10 13 6 15 3 15 9 7 9 11 13 13 9 14 11 5 14 6 5 15 15 3 9 7 3 5 7 10 15 6 6 7 5 14 15 9 15 7 8 5 2 6 4 14 10 10 3 4 10 1 6 3 6 3 5 1 12 12 10 10 11
DISPLAY 1 3 10
DISPLAY 2 4 10
DISPLAY 3 1 1
DISPLAY 5 5 0
DISPLAY 7 0 12
DISPLAY 8 5 5
DISPLAY 9 2 0
DISPLAY 10 1 3
DISPLAY 11 5 9
DISPLAY 12 1 11
DISPLAY 14 4 4
DISPLAY 15 4 6
DISPLAY 16 5 3
DISPLAY 17 0 1
DISPLAY 18 2 4
DISPLAY 19 6 6
DISPLAY 20 6 3
POSITION 0 4 7
POSITION 1 0 5
POSITION 2 0 7
POSITION 3 3 3
PLAYER 2
.
TICK 5
FIELDS 3 6 7 4 14 9 9 15 3 15 8 10 10 10 12 5 11 11 8 11 15 5 5 12 2 10 11 5 5 10 13 6 15 3 3 15 9 7 9 11 13 13 9 14 11 5 14 6 5 15 15 3 9 7 3 5 7 10 15 6 6 7 5 14 15 9 15 7 8 5 2 6 4 14 10 10 3 4 10 1 6 3 6 3 5 1 12 12 10 10 11
DISPLAY 1 3 10
DISPLAY 2 4 10
DISPLAY 3 1 1
DISPLAY 5 5 0
DISPLAY 7 0 12
DISPLAY 8 5 5
DISPLAY 9 2 0
DISPLAY 10 1 3
DISPLAY 11 5 9
DISPLAY 12 1 11
DISPLAY 14 3 4
DISPLAY 15 4 6
DISPLAY 16 5 3
DISPLAY 17 0 1
DISPLAY 18 1 4
DISPLAY 19 6 6
DISPLAY 20 6 3
POSITION 0 4 7
POSITION 1 0 5
POSITION 2 5 4
POSITION 3 3 3
PLAYER 3
.
TICK 6
FIELDS 3 6 7 4 14 9 9 15 3 15 8 10 10 10 12 5 11 11 8 11 15 5 5 12 2 10 11 5 5 10 13 6 15 3 3 15 9 7 9 11 13 13 9 14 11 5 14 6 5 15 15 3 9 7 3 5 14 7 10 15 6 6 7 14 15 9 15 7 8 5 2 6 4 14 10 10 3 4 10 1 6 3 6 3 5 1 12 12 10 10 11
DISPLAY 1 3 10
DISPLAY 2 4 10
DISPLAY 3 1 1
DISPLAY 5 5 0
DISPLAY 7 0 12
DISPLAY 8 5 5
DISPLAY 9 2 0
DISPLAY 10 1 3
DISPLAY 11 5 9
DISPLAY 12 1 11
DISPLAY 14 3 4
DISPLAY 15 4 6
DISPLAY 16 5 3
DISPLAY 17 0 1
DISPLAY 18 1 4
DISPLAY 19 6 6
DISPLAY 20 6 3
POSITION 0 4 7
POSITION 1 0 5
POSITION 2 5 4
POSITION 3 3 3
PLAYER 0
MESSAGE OK
TARGET 14
EXTRAFIELD 6
.
TICK 6
FIELDS 3 6 7 4 6 9 9 15 3 15 8 14 10 10 12 5 11 11 10 11 15 5 5 12 2 8 11 5 5 10 13 6 10 3 3 15 9 7 9 15 13 13 9 14 11 5 11 6 5 15 15 3 9 14 3 5 14 7 10 15 7 6 7 14 15 9 15 6 8 5 2 6 4 14 7 10 3 4 10 1 6 10 6 3 5 1 12 12 3 10 11
DISPLAY 1 3 10
DISPLAY 2 4 11
DISPLAY 3 1 1
DISPLAY 5 5 0
DISPLAY 7 0 12
DISPLAY 8 5 5
DISPLAY 9 2 0
DISPLAY 10 1 3
DISPLAY 11 5 9
DISPLAY 12 1 11
DISPLAY 15 4 7
DISPLAY 16 5 3
DISPLAY 17 0 1
DISPLAY 18 1 4
DISPLAY 19 6 6
DISPLAY 20 6 3
POSITION 0 3 4
POSITION 1 0 5
POSITION 2 5 4
POSITION 3 3 3
PLAYER 1
.
TICK 6
FIELDS 3 6 7 4 6 9 9 15 3 15 8 6 10 10 12 5 11 11 14 11 15 5 5 12 2 10 11 5 5 10 13 6 8 3 3 15 9 7 9 10 13 13 9 14 11 5 15 6 5 15 15 3 9 11 3 5 14 7 10 15 14 6 7 14 15 9 15 7 8 5 2 6 4 14 6 10 3 4 10 1 6 7 6 3 5 1 12 12 10 10 11
DISPLAY 1 3 10
DISPLAY 2 4 12
DISPLAY 3 1 1
DISPLAY 5 5 0
DISPLAY 7 0 12
DISPLAY 8 5 5
DISPLAY 9 2 0
DISPLAY 10 1 3
DISPLAY 11 5 9
DISPLAY 12 1 11
DISPLAY 15 4 8
DISPLAY 16 5 3
DISPLAY 17 0 1
DISPLAY 18 1 4
DISPLAY 19 6 6
DISPLAY 20 6 3
POSITION 0 3 4
POSITION 1 0 5
POSITION 2 5 4
POSITION 3 3 3
PLAYER 2
.
TICK 6
FIELDS 9 6 7 4 6 9 9 3 3 15 8 6 10 10 15 5 11 11 14 11 15 12 5 12 2 10 11 5 5 10 13 6 8 3 3 5 9 7 9 10 13 13 15 14 11 5 15 6 5 9 15 3 9 11 3 5 15 7 10 15 14 6 7 14 15 9 15 7 8 5 14 6 4 14 6 10 3 2 10 1 6 7 6 3 4 1 12 12 10 10 11
DISPLAY 1 3 10
DISPLAY 2 4 12
DISPLAY 3 1 1
DISPLAY 5 5 0
DISPLAY 7 0 0
DISPLAY 8 5 5
DISPLAY 9 2 0
DISPLAY 10 1 3
DISPLAY 11 5 9
DISPLAY 12 1 11
DISPLAY 15 4 8
DISPLAY 16 5 3
DISPLAY 17 0 2
DISPLAY 18 1 4
DISPLAY 19 6 6
DISPLAY 20 6 3
POSITION 0 3 4
POSITION 1 0 6
POSITION 2 5 4
POSITION 3 3 3
PLAYER 3
.
TICK 7
FIELDS 9 6 7 4 6 9 9 3 3 15 8 6 10 10 15 5 11 11 14 11 15 12 5 12 2 10 11 5 5 10 13 6 8 3 3 5 9 7 9 10 13 13 15 14 11 5 15 6 5 9 15 3 9 11 3 5 7 10 15 14 6 7 5 14 15 9 15 7 8 5 14 6 4 14 6 10 3 2 10 1 6 7 6 3 4 1 12 12 10 10 11
DISPLAY 1 3 10
DISPLAY 2 4 12
DISPLAY 3 1 1
DISPLAY 5 5 0
DISPLAY 7 0 0
DISPLAY 8 5 5
DISPLAY 9 2 0
DISPLAY 10 1 3
DISPLAY 11 5 9
DISPLAY 12 1 11
DISPLAY 15 3 8
DISPLAY 16 5 3
DISPLAY 17 0 2
DISPLAY 18 1 4
DISPLAY 19 6 6
DISPLAY 20 6 3
POSITION 0 3 4
POSITION 1 0 6
POSITION 2 5 4
POSITION 3 3 3
PLAYER 0
MESSAGE OK
TARGET 15
EXTRAFIELD 10
.
TICK 7
FIELDS 9 6 7 4 6 9 9 3 3 15 8 6 10 10 15 5 11 11 14 11 15 12 5 12 2 10 11 5 5 10 13 6 8 3 3 5 9 7 9 10 13 13 15 14 11 5 15 6 5 5 9 15 3 9 11 3 7 10 15 14 6 7 5 14 15 9 15 7 8 5 14 6 4 14 6 10 3 2 10 1 6 7 6 3 4 1 12 12 10 10 11
DISPLAY 1 3 10
DISPLAY 2 4 12
DISPLAY 3 1 1
DISPLAY 5 5 0
DISPLAY 7 0 0
DISPLAY 8 5 5
DISPLAY 9 2 0
DISPLAY 10 1 3
DISPLAY 11 5 9
DISPLAY 12 1 11
DISPLAY 16 5 3
DISPLAY 17 0 2
DISPLAY 18 1 4
DISPLAY 19 6 6
DISPLAY 20 6 3
POSITION 0 3 8
POSITION 1 0 6
POSITION 2 5 4
POSITION 3 3 3
PLAYER 1
.
TICK 7
FIELDS 9 6 15 4 6 9 9 3 3 11 8 6 10 10 15 5 12 11 14 11 15 12 5 13 2 10 11 5 5 10 7 6 8 3 3 5 9 11 9 10 13 13 15 14 15 5 15 6 5 5 9 15 3 9 11 3 7 10 9 14 6 7 5 14 15 4 15 7 8 5 14 6 1 14 6 10 3 2 10 12 6 7 6 3 4 1 3 12 10 10 11
DISPLAY 1 3 10
DISPLAY 2 4 12
DISPLAY 3 1 1
DISPLAY 5 5 0
DISPLAY 7 0 0
DISPLAY 8 5 5
DISPLAY 9 2 12
DISPLAY 10 1 3
DISPLAY 11 5 9
DISPLAY 12 1 11
DISPLAY 16 5 3
DISPLAY 17 0 2
DISPLAY 18 1 4
DISPLAY 19 6 6
DISPLAY 20 6 3
POSITION 0 3 8
POSITION 1 0 6
POSITION 2 5 4
POSITION 3 3 3
PLAYER 2
.
TICK 7
FIELDS 5 6 15 4 6 9 9 9 3 11 8 6 10 10 3 5 12 11 14 11 15 15 5 13 2 10 11 5 12 10 7 6 8 3 3 5 9 11 9 10 13 13 5 14 15 5 15 6 5 15 9 15 3 9 11 3 5 10 9 14 6 7 5 7 15 4 15 7 8 5 14 6 1 14 6 10 3 14 10 12 6 7 6 3 2 1 3 12 10 10 11
DISPLAY 1 3 10
DISPLAY 2 4 12
DISPLAY 3 1 1
DISPLAY 5 5 0
DISPLAY 7 0 1
DISPLAY 8 5 5
DISPLAY 9 2 12
DISPLAY 10 1 3
DISPLAY 11 5 9
DISPLAY 12 1 11
DISPLAY 16 5 3
DISPLAY 17 0 3
DISPLAY 18 1 4
DISPLAY 19 6 6
DISPLAY 20 6 3
POSITION 0 3 8
POSITION 1 0 7
POSITION 2 5 4
POSITION 3 3 3
PLAYER 3
.
TICK 8
FIELDS 5 6 15 4 6 9 9 9 3 11 8 6 10 10 3 5 12 11 14 11 15 15 5 13 2 10 11 5 12 10 7 6 8 3 3 5 9 11 9 10 13 13 5 14 15 5 15 6 5 15 9 15 3 9 11 3 15 5 10 9 14 6 7 7 15 4 15 7 8 5 14 6 1 14 6 10 3 14 10 12 6 7 6 3 2 1 3 12 10 10 11
DISPLAY 1 3 10
DISPLAY 2 4 12
DISPLAY 3 1 1
DISPLAY 5 5 0
DISPLAY 7 0 1
DISPLAY 8 5 5
DISPLAY 9 2 12
DISPLAY 10 1 3
DISPLAY 11 5 9
DISPLAY 12 1 11
DISPLAY 16 5 3
DISPLAY 17 0 3
DISPLAY 18 1 4
DISPLAY 19 6 6
DISPLAY 20 6 3
POSITION 0 4 8
POSITION 1 0 7
POSITION 2 5 4
POSITION 3 3 3
PLAYER 0
MESSAGE OK
TARGET 20
EXTRAFIELD 5
.
TICK 8
FIELDS 5 3 15 4 6 9 9 9 5 11 8 6 10 10 3 5 12 11 14 11 15 15 10 13 2 10 11 5 12 9 7 6 8 3 3 5 14 11 9 10 13 13 5 9 15 5 15 6 5 15 5 15 3 9 11 3 15 15 10 9 14 6 7 7 6 4 15 7 8 5 14 10 1 14 6 10 3 14 1 12 6 7 6 3 2 5 3 12 10 10 11
DISPLAY 1 3 10
DISPLAY 2 4 12
DISPLAY 3 1 0
DISPLAY 5 5 0
DISPLAY 7 0 1
DISPLAY 8 5 5
DISPLAY 9 2 12
DISPLAY 10 1 2
DISPLAY 11 5 9
DISPLAY 12 1 10
DISPLAY 16 5 3
DISPLAY 17 0 3
DISPLAY 18 1 3
DISPLAY 19 6 6
DISPLAY 20 6 3
POSITION 0 4 9
POSITION 1 0 7
POSITION 2 5 4
POSITION 3 3 3
PLAYER 1
.
TICK 8
FIELDS 5 3 15 4 6 9 9 9 5 11 8 6 10 10 3 5 12 11 14 11 15 15 10 13 2 10 11 5 12 9 7 6 8 3 3 5 14 11 9 10 13 13 5 9 15 5 15 6 5 15 5 15 3 9 11 3 15 15 10 9 14 6 7 7 6 4 15 7 8 5 10 1 14 6 10 3 7 14 1 12 6 7 6 3 2 5 3 12 10 10 11
DISPLAY 1 2 10
DISPLAY 2 4 12
DISPLAY 3 1 0
DISPLAY 5 5 0
DISPLAY 7 0 1
DISPLAY 8 5 5
DISPLAY 9 2 12
DISPLAY 10 1 2
DISPLAY 11 5 9
DISPLAY 12 0 10
DISPLAY 16 5 3
DISPLAY 17 0 3
DISPLAY 18 1 3
DISPLAY 19 6 6
DISPLAY 20 6 3
POSITION 0 4 9
POSITION 1 0 7
POSITION 2 5 4
POSITION 3 3 3
PLAYER 2
.
TICK 8
FIELDS 4 3 15 4 6 9 9 5 5 11 8 6 10 10 9 5 12 11 14 11 15 3 10 13 2 10 11 5 15 9 7 6 8 3 3 12 14 11 9 10 13 13 5 9 15 5 15 6 5 5 5 15 3 9 11 3 15 15 10 9 14 6 7 15 6 4 15 7 8 5 7 1 14 6 10 3 7 10 1 12 6 7 6 3 14 5 3 12 10 10 11
DISPLAY 1 2 10
DISPLAY 2 4 12
DISPLAY 3 1 0
DISPLAY 5 5 0
DISPLAY 7 0 2
DISPLAY 8 5 5
DISPLAY 9 2 12
DISPLAY 10 1 2
DISPLAY 11 5 9
DISPLAY 12 0 11
DISPLAY 16 5 3
DISPLAY 17 0 4
DISPLAY 18 1 3
DISPLAY 19 6 6
DISPLAY 20 6 3
POSITION 0 4 9
POSITION 1 0 8
POSITION 2 5 4
POSITION 3 3 3
PLAYER 3
.
TICK 9
FIELDS 4 3 15 4 6 9 9 5 5 11 8 6 10 10 9 5 12 11 14 11 15 3 10 13 2 10 11 5 15 9 7 6 8 3 3 12 14 11 9 10 13 13 5 9 15 5 15 6 5 5 5 15 3 9 11 3 15 10 9 14 6 7 5 15 6 4 15 7 8 5 7 1 14 6 10 3 7 10 1 12 6 7 6 3 14 5 3 12 10 10 11
DISPLAY 1 2 10
DISPLAY 2 4 12
DISPLAY 3 1 0
DISPLAY 5 5 0
DISPLAY 7 0 2
DISPLAY 8 5 5
DISPLAY 9 2 12
DISPLAY 10 1 2
DISPLAY 11 5 9
DISPLAY 12 0 11
DISPLAY 16 5 3
DISPLAY 17 0 4
DISPLAY 18 1 3
DISPLAY 19 6 6
DISPLAY 20 6 3
POSITION 0 4 9
POSITION 1 6 8
POSITION 2 5 4
POSITION 3 3 3
PLAYER 0
MESSAGE OK
TARGET 20
EXTRAFIELD 6
.
TICK 9
FIELDS 4 3 15 4 6 9 9 6 5 5 11 8 6 10 9 5 12 11 14 11 15 3 10 13 2 10 11 5 15 9 7 6 8 3 3 12 14 11 9 10 13 13 5 9 15 5 15 6 5 5 5 15 3 9 11 3 15 10 9 14 6 7 5 15 6 4 15 7 8 5 7 1 14 6 10 3 7 10 1 12 6 7 6 3 14 5 3 12 10 10 11
DISPLAY 1 2 10
DISPLAY 2 4 12
DISPLAY 3 1 0
DISPLAY 5 5 0
DISPLAY 7 0 2
DISPLAY 8 5 5
DISPLAY 9 2 12
DISPLAY 10 1 2
DISPLAY 11 5 9
DISPLAY 12 0 11
DISPLAY 16 5 3
DISPLAY 17 0 4
DISPLAY 18 1 3
DISPLAY 19 6 6
POSITION 0 6 3
POSITION 1 6 8
POSITION 2 5 4
POSITION 3 3 3
PLAYER 1
.
TICK 9
FIELDS 4 3 15 4 6 9 10 6 5 5 11 8 6 15 9 5 12 11 14 11 5 3 10 13 2 10 11 3 15 9 7 6 8 3 13 12 14 11 9 10 13 5 5 9 15 5 15 6 3 5 5 15 3 9 11 5 15 10 9 14 6 7 5 15 6 4 15 7 8 7 7 1 14 6 10 3 3 10 1 12 6 7 6 11 14 5 3 12 10 10 14
DISPLAY 1 2 10
DISPLAY 2 4 12
DISPLAY 3 1 0
DISPLAY 5 5 0
DISPLAY 7 0 2
DISPLAY 8 5 5
DISPLAY 9 2 12
DISPLAY 10 1 2
DISPLAY 11 5 9
DISPLAY 12 0 11
DISPLAY 16 5 3
DISPLAY 17 0 4
DISPLAY 18 1 3
DISPLAY 19 6 5
POSITION 0 6 2
POSITION 1 6 7
POSITION 2 5 4
POSITION 3 3 3
PLAYER 2
.
TICK 9
FIELDS 2 3 15 4 6 9 10 4 5 5 11 8 6 15 6 5 12 11 14 11 5 9 10 13 2 10 11 3 3 9 7 6 8 3 13 15 14 11 9 10 13 5 12 9 15 5 15 6 3 5 5 15 3 9 11 5 5 10 9 14 6 7 5 15 6 4 15 7 8 7 15 1 14 6 10 3 3 7 1 12 6 7 6 11 10 5 3 12 10 10 14
DISPLAY 1 2 10
DISPLAY 2 4 12
DISPLAY 3 1 0
DISPLAY 5 5 0
DISPLAY 7 0 3
DISPLAY 8 5 5
DISPLAY 9 2 12
DISPLAY 10 1 2
DISPLAY 11 5 9
DISPLAY 12 0 12
DISPLAY 16 5 3
DISPLAY 17 0 5
DISPLAY 18 1 3
DISPLAY 19 6 5
POSITION 0 6 2
POSITION 1 6 7
POSITION 2 5 4
POSITION 3 3 3
PLAYER 3
.
TICK 10
FIELDS 2 3 15 4 6 9 10 4 5 5 11 8 6 15 6 5 12 11 14 11 5 9 10 13 2 10 11 3 3 9 7 6 8 3 13 15 14 11 9 10 13 5 12 9 15 5 15 6 3 5 5 15 3 9 11 5 10 9 14 6 7 5 15 15 6 4 15 7 8 7 15 1 14 6 10 3 3 7 1 12 6 7 6 11 10 5 3 12 10 10 14
DISPLAY 1 2 10
DISPLAY 2 4 12
DISPLAY 3 1 0
DISPLAY 5 5 0
DISPLAY 7 0 3
DISPLAY 8 5 5
DISPLAY 9 2 12
DISPLAY 10 1 2
DISPLAY 11 5 9
DISPLAY 12 0 12
DISPLAY 16 5 3
DISPLAY 17 0 5
DISPLAY 18 1 3
DISPLAY 19 6 5
POSITION 0 6 2
POSITION 1 6 7
POSITION 2 5 4
POSITION 3 3 3
PLAYER 0
MESSAGE OK
TARGET 3
EXTRAFIELD 10
.
TICK 10
FIELDS 3 15 4 6 9 10 10 4 5 5 11 8 6 15 6 5 12 11 14 11 5 9 10 13 2 10 11 3 3 9 7 6 8 3 13 15 14 11 9 10 13 5 12 9 15 5 15 6 3 5 5 15 3 9 11 5 10 9 14 6 7 5 15 15 6 4 15 7 8 7 15 1 14 6 10 3 3 7 1 12 6 7 6 11 10 5 3 12 10 10 14
DISPLAY 1 2 10
DISPLAY 2 4 12
DISPLAY 3 0 0
DISPLAY 5 4 0
DISPLAY 7 0 3
DISPLAY 8 5 5
DISPLAY 9 2 12
DISPLAY 10 1 2
DISPLAY 11 5 9
DISPLAY 12 0 12
DISPLAY 16 5 3
DISPLAY 17 0 5
DISPLAY 18 1 3
DISPLAY 19 6 5
POSITION 0 6 3
POSITION 1 6 7
POSITION 2 5 4
POSITION 3 3 3
PLAYER 1
.
TICK 10
FIELDS 3 15 4 6 9 10 9 4 5 5 11 8 6 10 6 5 12 11 14 11 15 9 10 13 2 10 11 5 3 9 7 6 8 3 3 15 14 11 9 10 13 13 12 9 15 5 15 6 5 5 5 15 3 9 11 3 10 9 14 6 7 5 5 15 6 4 15 7 8 15 15 1 14 6 10 3 7 7 1 12 6 7 6 3 10 5 3 12 10 10 11
DISPLAY 1 2 10
DISPLAY 2 4 12
DISPLAY 3 0 0
DISPLAY 5 4 0
DISPLAY 7 0 3
DISPLAY 8 5 5
DISPLAY 9 2 12
DISPLAY 10 1 2
DISPLAY 11 5 9
DISPLAY 12 0 12
DISPLAY 16 5 3
DISPLAY 17 0 5
DISPLAY 18 1 3
DISPLAY 19 6 6
POSITION 0 6 4
POSITION 1 6 8
POSITION 2 5 4
POSITION 3 3 3
PLAYER 2
.
TICK 10
FIELDS 14 15 4 6 9 10 9 3 5 5 11 8 6 10 4 5 12 11 14 11 15 6 10 13 2 10 11 5 9 9 7 6 8 3 3 3 14 11 9 10 13 13 15 9 15 5 15 6 5 12 5 15 3 9 11 3 5 9 14 6 7 5 5 10 6 4 15 7 8 15 15 1 14 6 10 3 7 15 1 12 6 7 6 3 7 5 3 12 10 10 11
DISPLAY 1 2 10
DISPLAY 2 4 12
DISPLAY 3 0 1
DISPLAY 5 4 0
DISPLAY 7 0 4
DISPLAY 8 5 5
DISPLAY 9 2 12
DISPLAY 10 1 2
DISPLAY 11 5 9
DISPLAY 12 0 0
DISPLAY 16 5 3
DISPLAY 17 0 6
DISPLAY 18 1 3
DISPLAY 19 6 6
POSITION 0 6 4
POSITION 1 6 8
POSITION 2 5 4
POSITION 3 3 3
PLAYER 3
.
TICK 11
FIELDS 14 15 4 6 9 10 9 3 5 5 11 8 6 10 4 5 12 11 14 11 15 6 10 13 2 10 11 5 9 9 7 6 8 3 3 3 14 11 9 10 13 13 15 9 15 5 15 6 5 12 5 15 3 9 11 3 9 14 6 7 5 5 5 10 6 4 15 7 8 15 15 1 14 6 10 3 7 15 1 12 6 7 6 3 7 5 3 12 10 10 11
DISPLAY 1 2 10
DISPLAY 2 4 12
DISPLAY 3 0 1
DISPLAY 5 4 0
DISPLAY 7 0 4
DISPLAY 8 5 5
DISPLAY 9 2 12
DISPLAY 10 1 2
DISPLAY 11 5 9
DISPLAY 12 0 0
DISPLAY 16 5 3
DISPLAY 17 0 6
DISPLAY 18 1 3
DISPLAY 19 6 6
POSITION 0 6 4
POSITION 1 5 8
POSITION 2 5 4
POSITION 3 3 3
PLAYER 0
MESSAGE OK
TARGET 3
EXTRAFIELD 2
.
TICK 11
FIELDS 14 15 4 6 9 10 9 5 5 11 8 6 10 4 4 5 12 11 14 11 15 6 10 13 2 10 11 5 9 9 7 6 8 3 3 3 14 11 9 10 13 13 15 9 15 5 15 6 5 12 5 15 3 9 11 3 9 14 6 7 5 5 5 10 6 4 15 7 8 15 15 1 14 6 10 3 7 15 1 12 6 7 6 3 7 5 3 12 10 10 11
DISPLAY 1 2 10
DISPLAY 2 4 12
DISPLAY 5 4 0
DISPLAY 7 0 4
DISPLAY 8 5 5
DISPLAY 9 2 12
DISPLAY 10 1 2
DISPLAY 11 5 9
DISPLAY 12 0 0
DISPLAY 16 5 3
DISPLAY 17 0 6
DISPLAY 18 1 3
DISPLAY 19 6 6
POSITION 0 6 1
POSITION 1 5 8
POSITION 2 5 4
POSITION 3 3 3
PLAYER 1
.
TICK 11
FIELDS 14 15 4 6 9 10 9 5 5 11 8 6 11 4 4 5 12 11 14 11 15 6 10 13 2 10 3 5 9 9 7 6 8 13 3 3 14 11 9 10 6 13 15 9 15 5 15 11 5 12 5 15 3 9 5 3 9 14 6 7 5 8 5 10 6 4 15 7 3 15 15 1 14 6 10 6 7 15 1 12 6 7 10 3 7 5 3 12 10 14 11
DISPLAY 1 2 10
DISPLAY 2 4 12
DISPLAY 5 4 0
DISPLAY 7 0 4
DISPLAY 8 5 4
DISPLAY 9 2 12
DISPLAY 10 1 2
DISPLAY 11 5 8
DISPLAY 12 0 0
DISPLAY 16 5 2
DISPLAY 17 0 6
DISPLAY 18 1 3
DISPLAY 19 6 6
POSITION 0 6 1
POSITION 1 5 7
POSITION 2 5 3
POSITION 3 3 3
PLAYER 2
.
TICK 11
FIELDS 14 15 4 6 9 10 9 5 5 11 8 6 11 4 10 4 5 12 11 14 11 6 10 13 2 10 3 5 9 9 7 6 8 13 3 3 14 11 9 10 6 13 15 9 15 5 15 11 5 12 5 15 3 9 5 3 9 14 6 7 5 8 5 10 6 4 15 7 3 15 15 1 14 6 10 6 7 15 1 12 6 7 10 3 7 5 3 12 10 14 11
DISPLAY 1 2 10
DISPLAY 2 4 12
DISPLAY 5 4 0
DISPLAY 7 0 4
DISPLAY 8 5 4
DISPLAY 9 2 12
DISPLAY 10 2 2
DISPLAY 11 5 8
DISPLAY 12 0 0
DISPLAY 17 0 6
DISPLAY 18 1 3
DISPLAY 19 6 6
POSITION 0 6 1
POSITION 1 5 7
POSITION 2 6 2
POSITION 3 3 3
PLAYER 3
.
TICK 12
FIELDS 14 15 4 6 9 10 9 5 5 11 8 6 11 4 10 4 5 12 11 14 11 6 10 13 2 10 3 5 9 9 7 6 8 13 3 3 14 11 9 10 6 13 15 9 15 5 15 11 5 12 5 15 3 9 5 3 5 9 14 6 7 5 8 10 6 4 15 7 3 15 15 1 14 6 10 6 7 15 1 12 6 7 10 3 7 5 3 12 10 14 11
DISPLAY 1 2 10
DISPLAY 2 4 12
DISPLAY 5 4 0
DISPLAY 7 0 4
DISPLAY 8 5 4
DISPLAY 9 2 12
DISPLAY 10 2 2
DISPLAY 11 6 8
DISPLAY 12 0 0
DISPLAY 17 0 6
DISPLAY 18 1 3
DISPLAY 19 6 6
POSITION 0 6 1
POSITION 1 5 7
POSITION 2 6 2
POSITION 3 3 3
PLAYER 0
MESSAGE OK
TARGET 10
EXTRAFIELD 3
.
TICK 12
FIELDS 14 15 3 6 9 10 9 5 5 4 8 6 11 4 10 4 11 12 11 14 11 6 10 5 2 10 3 5 9 9 13 6 8 13 3 3 14 7 9 10 6 13 15 9 11 5 15 11 5 12 5 15 3 9 5 3 5 9 15 6 7 5 8 10 6 14 15 7 3 15 15 1 4 6 10 6 7 15 1 14 6 7 10 3 7 5 12 12 10 14 11
DISPLAY 1 2 11
DISPLAY 2 4 12
DISPLAY 5 4 0
DISPLAY 7 0 4
DISPLAY 8 5 4
DISPLAY 9 2 0
DISPLAY 10 2 3
DISPLAY 11 6 8
DISPLAY 12 0 0
DISPLAY 17 0 6
DISPLAY 18 1 3
DISPLAY 19 6 6
POSITION 0 6 2
POSITION 1 5 7
POSITION 2 6 2
POSITION 3 3 3
PLAYER 1
.
TICK 12
FIELDS 10 14 15 3 6 9 10 5 5 4 8 6 11 4 10 4 11 12 11 14 11 6 10 5 2 10 3 5 9 9 13 6 8 13 3 3 14 7 9 10 6 13 15 9 11 5 15 11 5 12 5 15 3 9 5 3 5 9 15 6 7 5 8 10 6 14 15 7 3 15 15 1 4 6 10 6 7 15 1 14 6 7 10 3 7 5 12 12 10 14 11
DISPLAY 1 2 11
DISPLAY 2 4 12
DISPLAY 5 5 0
DISPLAY 7 0 4
DISPLAY 8 5 4
DISPLAY 9 3 0
DISPLAY 10 2 3
DISPLAY 11 6 8
DISPLAY 12 1 0
DISPLAY 17 0 6
DISPLAY 18 1 3
DISPLAY 19 6 6
POSITION 0 6 2
POSITION 1 5 7
POSITION 2 6 2
POSITION 3 3 3
PLAYER 2
.
TICK 12
FIELDS 10 14 15 3 6 9 10 5 5 4 8 6 11 4 4 11 12 11 14 11 15 6 10 5 2 10 3 5 9 9 13 6 8 13 3 3 14 7 9 10 6 13 15 9 11 5 15 11 5 12 5 15 3 9 5 3 5 9 15 6 7 5 8 10 6 14 15 7 3 15 15 1 4 6 10 6 7 15 1 14 6 7 10 3 7 5 12 12 10 14 11
DISPLAY 1 2 11
DISPLAY 2 4 12
DISPLAY 5 5 0
DISPLAY 7 0 4
DISPLAY 8 5 4
DISPLAY 9 3 0
DISPLAY 10 2 3
DISPLAY 11 6 8
DISPLAY 12 1 0
DISPLAY 17 0 6
DISPLAY 18 1 3
DISPLAY 19 6 6
POSITION 0 5 2
POSITION 1 5 7
POSITION 2 1 6
POSITION 3 3 3
PLAYER 3
.
TICK 13
FIELDS 10 14 15 3 6 9 10 5 5 4 8 6 11 4 4 11 12 11 14 11 15 6 10 5 2 10 3 5 9 9 13 6 8 13 3 3 14 7 9 10 6 13 15 9 11 5 15 11 5 12 5 15 3 9 5 3 5 5 9 15 6 7 5 10 6 14 15 7 3 15 15 1 4 6 10 6 7 15 1 14 6 7 10 3 7 5 12 12 10 14 11
DISPLAY 1 2 11
DISPLAY 2 4 12
DISPLAY 5 5 0
DISPLAY 7 0 4
DISPLAY 8 5 4
DISPLAY 9 3 0
DISPLAY 10 2 3
DISPLAY 11 0 8
DISPLAY 12 1 0
DISPLAY 17 0 6
DISPLAY 18 1 3
DISPLAY 19 6 6
POSITION 0 5 2
POSITION 1 5 7
POSITION 2 1 6
POSITION 3 3 3
PLAYER 0
MESSAGE OK
TARGET 10
EXTRAFIELD 3
.
TICK 13
FIELDS 10 14 15 3 6 9 10 5 5 4 8 6 11 4 4 11 12 11 14 11 15 6 10 5 2 10 3 5 9 9 13 6 8 13 3 3 14 7 9 10 6 13 9 11 5 15 11 5 3 12 5 15 3 9 5 3 5 5 9 15 6 7 5 10 6 14 15 7 3 15 15 1 4 6 10 6 7 15 1 14 6 7 10 3 7 5 12 12 10 14 11
DISPLAY 1 2 11
DISPLAY 2 4 12
DISPLAY 5 5 0
DISPLAY 7 0 4
DISPLAY 8 5 4
DISPLAY 9 3 0
DISPLAY 11 0 8
DISPLAY 12 1 0
DISPLAY 17 6 6
DISPLAY 18 1 3
DISPLAY 19 5 6
POSITION 0 2 3
POSITION 1 5 7
POSITION 2 0 6
POSITION 3 3 3
PLAYER 1
.
TICK 13
FIELDS 10 14 15 3 6 9 10 5 5 4 8 6 11 4 4 11 12 11 14 11 15 6 10 5 2 10 3 5 9 9 13 6 8 13 3 3 14 7 9 10 6 13 9 11 5 15 11 5 3 12 5 15 3 9 5 3 5 5 9 15 6 7 5 9 10 6 14 15 7 3 15 1 4 6 10 6 7 15 1 14 6 7 10 3 7 5 12 12 10 14 11
DISPLAY 1 2 11
DISPLAY 2 4 12
DISPLAY 5 5 0
DISPLAY 7 0 4
DISPLAY 8 5 4
DISPLAY 9 3 0
DISPLAY 11 0 8
DISPLAY 12 1 0
DISPLAY 17 6 6
DISPLAY 18 1 3
DISPLAY 19 5 6
POSITION 0 2 3
POSITION 1 5 7
POSITION 2 0 6
POSITION 3 3 3
PLAYER 2
.
TICK 13
FIELDS 10 10 15 3 6 9 10 5 14 4 8 6 11 4 4 5 12 11 14 11 15 6 11 5 2 10 3 5 9 10 13 6 8 13 3 3 9 7 9 10 6 13 9 14 5 15 11 5 3 12 11 15 3 9 5 3 5 5 9 15 6 7 5 9 5 6 14 15 7 3 15 10 4 6 10 6 7 15 1 14 6 7 10 3 7 1 12 12 10 14 11
DISPLAY 1 2 11
DISPLAY 2 4 12
DISPLAY 5 5 0
DISPLAY 7 0 4
DISPLAY 8 5 4
DISPLAY 9 3 0
DISPLAY 11 0 8
DISPLAY 12 1 1
DISPLAY 17 6 6
DISPLAY 18 1 4
DISPLAY 19 5 6
POSITION 0 2 3
POSITION 1 5 7
POSITION 2 5 6
POSITION 3 3 3
PLAYER 3
.
TICK 14
FIELDS 10 10 15 3 6 9 10 5 14 4 8 6 11 4 4 5 12 11 14 11 15 6 11 5 2 10 3 5 9 10 13 6 8 13 3 3 9 7 9 10 6 13 9 14 5 15 11 5 3 12 11 15 3 9 5 3 5 9 15 6 7 5 8 9 5 6 14 15 7 3 15 10 4 6 10 6 7 15 1 14 6 7 10 3 7 1 12 12 10 14 11
DISPLAY 1 2 11
DISPLAY 2 4 12
DISPLAY 5 5 0
DISPLAY 7 0 4
DISPLAY 8 5 4
DISPLAY 9 3 0
DISPLAY 11 6 8
DISPLAY 12 1 1
DISPLAY 17 6 6
DISPLAY 18 1 4
DISPLAY 19 5 6
POSITION 0 2 3
POSITION 1 5 7
POSITION 2 5 6
POSITION 3 3 3
PLAYER 0
MESSAGE OK
TARGET 12
EXTRAFIELD 15
.
TICK 14
FIELDS 10 10 15 3 6 9 10 5 14 4 8 6 11 4 4 5 12 11 14 11 15 11 5 2 10 3 5 15 9 10 13 6 8 13 3 3 9 7 9 10 6 13 9 14 5 15 11 5 3 12 11 15 3 9 5 3 5 9 15 6 7 5 8 9 5 6 14 15 7 3 15 10 4 6 10 6 7 15 1 14 6 7 10 3 7 1 12 12 10 14 11
DISPLAY 1 2 11
DISPLAY 2 4 12
DISPLAY 5 5 0
DISPLAY 7 0 4
DISPLAY 8 5 4
DISPLAY 9 3 0
DISPLAY 11 6 8
DISPLAY 17 6 6
DISPLAY 18 1 4
DISPLAY 19 5 6
POSITION 0 1 1
POSITION 1 5 7
POSITION 2 5 6
POSITION 3 2 3
PLAYER 1
.
TICK 14
FIELDS 10 10 15 3 6 9 10 5 14 4 8 6 11 4 4 5 12 11 14 11 15 11 5 2 10 3 5 15 9 10 13 6 8 13 3 3 9 7 9 10 6 13 9 14 5 15 11 5 3 12 11 15 3 9 5 3 5 9 15 6 7 5 8 15 9 5 6 14 15 7 15 10 4 6 10 6 7 15 1 14 6 7 10 3 7 1 12 12 10 14 11
DISPLAY 1 2 11
DISPLAY 2 4 12
DISPLAY 5 5 0
DISPLAY 7 0 4
DISPLAY 8 5 4
DISPLAY 9 3 0
DISPLAY 11 6 8
DISPLAY 17 6 6
DISPLAY 18 1 4
DISPLAY 19 5 6
POSITION 0 1 1
POSITION 1 5 7
POSITION 2 5 6
POSITION 3 2 3
PLAYER 2
.
TICK 14
FIELDS 5 10 15 3 6 9 10 10 14 4 8 6 11 4 5 5 12 11 14 11 15 4 5 2 10 3 5 15 11 10 13 6 8 13 3 9 9 7 9 10 6 13 3 14 5 15 11 5 3 9 11 15 3 9 5 3 12 9 15 6 7 5 8 5 9 5 6 14 15 7 15 10 4 6 10 6 7 15 1 14 6 7 10 3 15 1 12 12 10 14 11
DISPLAY 1 2 11
DISPLAY 2 4 12
DISPLAY 5 5 0
DISPLAY 7 0 5
DISPLAY 8 5 4
DISPLAY 9 3 0
DISPLAY 11 6 8
DISPLAY 17 6 6
DISPLAY 18 1 4
DISPLAY 19 5 6
POSITION 0 1 1
POSITION 1 5 7
POSITION 2 5 6
POSITION 3 2 3
PLAYER 3
.
TICK 15
FIELDS 5 10 15 3 6 9 10 10 14 4 8 6 11 4 5 5 12 11 14 11 15 4 5 2 10 3 5 15 11 10 13 6 8 13 3 9 9 7 9 10 6 13 3 14 5 15 11 5 3 9 11 15 3 9 5 3 9 15 6 7 5 8 5 5 9 5 6 14 15 7 15 10 4 6 10 6 7 15 1 14 6 7 10 3 15 1 12 12 10 14 11
DISPLAY 1 2 11
DISPLAY 2 4 12
DISPLAY 5 5 0
DISPLAY 7 0 5
DISPLAY 8 5 4
DISPLAY 9 3 0
DISPLAY 11 5 8
DISPLAY 17 6 6
DISPLAY 18 1 4
DISPLAY 19 5 6
POSITION 0 1 1
POSITION 1 5 7
POSITION 2 5 6
POSITION 3 2 3
PLAYER 0
MESSAGE OK
TARGET 11
EXTRAFIELD 6
.
TICK 15
FIELDS 5 10 15 3 6 9 10 10 14 4 8 6 11 4 5 5 12 11 14 11 15 4 5 2 10 3 5 15 10 13 6 8 13 3 6 9 9 7 9 10 6 13 3 14 5 15 11 5 3 9 11 15 3 9 5 3 9 15 6 7 5 8 5 5 9 5 6 14 15 7 15 10 4 6 10 6 7 15 1 14 6 7 10 3 15 1 12 12 10 14 11
DISPLAY 1 2 11
DISPLAY 2 4 12
DISPLAY 5 5 0
DISPLAY 7 0 5
DISPLAY 8 4 4
DISPLAY 9 3 0
DISPLAY 11 5 8
DISPLAY 17 6 6
DISPLAY 18 0 4
DISPLAY 19 5 6
POSITION 0 4 6
POSITION 1 5 7
POSITION 2 5 6
POSITION 3 2 3
PLAYER 1
.
TICK 15
FIELDS 5 10 3 3 6 9 10 10 14 15 8 6 11 4 5 5 4 11 14 11 15 4 5 12 10 3 5 15 10 13 2 8 13 3 6 9 9 6 9 10 6 13 3 14 7 15 11 5 3 9 11 5 3 9 5 3 9 15 15 7 5 8 5 5 9 6 6 14 15 7 15 10 5 6 10 6 7 15 1 4 6 7 10 3 15 1 14 12 10 14 11
DISPLAY 1 2 12
DISPLAY 2 4 12
DISPLAY 5 5 0
DISPLAY 7 0 5
DISPLAY 8 4 4
DISPLAY 9 3 0
DISPLAY 11 5 8
DISPLAY 17 6 6
DISPLAY 18 0 4
DISPLAY 19 5 6
POSITION 0 4 6
POSITION 1 5 7
POSITION 2 5 6
POSITION 3 2 4
PLAYER 2
.
TICK 15
FIELDS 5 10 3 3 6 9 10 10 14 15 8 6 11 4 5 5 4 11 14 11 15 4 5 12 10 3 5 15 10 13 2 8 13 3 6 9 6 9 10 6 13 7 3 14 7 15 11 5 3 9 11 5 3 9 5 3 9 15 15 7 5 8 5 5 9 6 6 14 15 7 15 10 5 6 10 6 7 15 1 4 6 7 10 3 15 1 14 12 10 14 11
DISPLAY 1 2 12
DISPLAY 2 4 12
DISPLAY 5 5 0
DISPLAY 7 6 5
DISPLAY 8 4 4
DISPLAY 9 3 0
DISPLAY 11 5 8
DISPLAY 18 0 4
DISPLAY 19 5 6
POSITION 0 4 6
POSITION 1 5 7
POSITION 2 6 6
POSITION 3 2 4
PLAYER 3
.
TICK 16
FIELDS 5 10 3 3 6 9 10 10 14 15 8 6 11 4 5 5 4 11 14 11 15 4 5 12 10 3 5 15 10 13 2 8 13 3 6 9 6 9 10 6 13 7 3 14 7 15 11 5 3 9 11 5 3 9 5 3 15 15 7 5 8 5 12 5 9 6 6 14 15 7 15 10 5 6 10 6 7 15 1 4 6 7 10 3 15 1 14 12 10 14 11
DISPLAY 1 2 12
DISPLAY 2 4 12
DISPLAY 5 5 0
DISPLAY 7 6 5
DISPLAY 8 4 4
DISPLAY 9 3 0
DISPLAY 11 4 8
DISPLAY 18 0 4
DISPLAY 19 5 6
POSITION 0 4 6
POSITION 1 5 7
POSITION 2 6 6
POSITION 3 2 4
PLAYER 0
MESSAGE OK
TARGET 11
EXTRAFIELD 11
.
TICK 16
FIELDS 5 10 3 3 11 9 10 10 14 15 8 6 11 4 5 5 4 11 6 11 15 4 5 12 10 14 5 15 10 13 2 8 3 3 6 9 6 9 10 13 13 7 3 14 7 15 6 5 3 9 11 5 3 11 5 3 15 15 7 5 9 5 12 5 9 6 6 8 15 7 15 10 5 6 14 6 7 15 1 4 6 10 10 3 15 1 14 12 7 14 11
DISPLAY 1 2 12
DISPLAY 2 4 0
DISPLAY 5 5 0
DISPLAY 7 6 5
DISPLAY 8 4 5
DISPLAY 9 3 0
DISPLAY 11 4 9
DISPLAY 18 0 4
DISPLAY 19 5 6
POSITION 0 4 7
POSITION 1 5 7
POSITION 2 6 6
POSITION 3 2 4
PLAYER 1
.
TICK 16
FIELDS 5 10 3 3 11 9 10 12 10 14 15 8 6 11 5 5 4 11 6 11 15 4 5 12 10 14 5 15 10 13 2 8 3 3 6 9 6 9 10 13 13 7 3 14 7 15 6 5 3 9 11 5 3 11 5 3 15 15 7 5 9 5 12 5 9 6 6 8 15 7 15 10 5 6 14 6 7 15 1 4 6 10 10 3 15 1 14 12 7 14 11
DISPLAY 1 2 12
DISPLAY 2 4 0
DISPLAY 5 5 0
DISPLAY 7 6 5
DISPLAY 8 4 5
DISPLAY 9 3 0
DISPLAY 11 4 9
DISPLAY 18 0 4
DISPLAY 19 5 6
POSITION 0 4 7
POSITION 1 5 7
POSITION 2 6 6
POSITION 3 2 4
PLAYER 2
.
TICK 16
FIELDS 9 10 3 3 11 9 10 5 10 14 15 8 6 11 12 5 4 11 6 11 15 5 5 12 10 14 5 15 4 13 2 8 3 3 6 10 6 9 10 13 13 7 9 14 7 15 6 5 3 3 11 5 3 11 5 3 9 15 7 5 9 5 12 15 9 6 6 8 15 7 5 10 5 6 14 6 7 15 1 4 6 10 10 3 15 1 14 12 7 14 11
DISPLAY 1 2 12
DISPLAY 2 4 0
DISPLAY 5 5 0
DISPLAY 7 6 5
DISPLAY 8 4 5
DISPLAY 9 3 0
DISPLAY 11 4 9
DISPLAY 18 0 5
DISPLAY 19 5 6
POSITION 0 4 7
POSITION 1 5 7
POSITION 2 5 5
POSITION 3 2 4
PLAYER 3
.
TICK 17
FIELDS 9 10 3 3 11 9 10 5 10 14 15 8 6 11 12 5 4 11 6 11 15 5 5 12 10 14 5 15 4 13 2 8 3 3 6 10 6 9 10 13 13 7 9 14 7 15 6 5 3 3 11 5 3 11 5 3 9 9 15 7 5 9 5 15 9 6 6 8 15 7 5 10 5 6 14 6 7 15 1 4 6 10 10 3 15 1 14 12 7 14 11
DISPLAY 1 2 12
DISPLAY 2 4 0
DISPLAY 5 5 0
DISPLAY 7 6 5
DISPLAY 8 4 5
DISPLAY 9 3 0
DISPLAY 11 4 9
DISPLAY 18 0 5
DISPLAY 19 5 6
POSITION 0 4 7
POSITION 1 5 7
POSITION 2 5 5
POSITION 3 2 4
PLAYER 0
MESSAGE OK
TARGET 11
EXTRAFIELD 10
.
TICK 17
FIELDS 9 10 3 3 10 9 10 5 10 14 15 11 6 11 12 5 4 11 8 11 15 5 5 12 10 6 5 15 4 13 2 8 14 3 6 10 6 9 10 3 13 7 9 14 7 15 13 5 3 3 11 5 3 6 5 3 9 9 15 7 11 9 5 15 9 6 6 5 15 7 5 10 5 6 8 6 7 15 1 4 6 14 10 3 15 1 14 12 10 14 11
DISPLAY 1 2 12
DISPLAY 2 4 1
DISPLAY 5 5 0
DISPLAY 7 6 5
DISPLAY 8 4 6
DISPLAY 9 3 0
DISPLAY 11 4 10
DISPLAY 18 0 5
DISPLAY 19 5 6
POSITION 0 4 8
POSITION 1 5 7
POSITION 2 5 5
POSITION 3 2 4
PLAYER 1
.
TICK 17
FIELDS 4 10 3 3 10 9 10 9 10 14 15 11 6 11 5 5 4 11 8 11 15 12 5 12 10 6 5 15 5 13 2 8 14 3 6 4 6 9 10 3 13 7 10 14 7 15 13 5 3 9 11 5 3 6 5 3 3 9 15 7 11 9 5 9 9 6 6 5 15 7 15 10 5 6 8 6 7 5 1 4 6 14 10 3 15 1 14 12 10 14 11
DISPLAY 1 2 12
DISPLAY 2 4 1
DISPLAY 5 5 0
DISPLAY 7 6 5
DISPLAY 8 4 6
DISPLAY 9 3 0
DISPLAY 11 4 10
DISPLAY 18 0 6
DISPLAY 19 5 6
POSITION 0 4 8
POSITION 1 5 7
POSITION 2 5 5
POSITION 3 2 4
PLAYER 2
.
TICK 17
FIELDS 4 10 3 3 10 9 10 9 10 14 15 11 6 11 5 5 4 11 8 11 15 12 5 12 10 6 5 15 5 13 2 8 14 3 6 4 6 9 10 3 13 7 15 10 14 7 15 13 5 9 11 5 3 6 5 3 3 9 15 7 11 9 5 9 9 6 6 5 15 7 15 10 5 6 8 6 7 5 1 4 6 14 10 3 15 1 14 12 10 14 11
DISPLAY 1 2 12
DISPLAY 2 4 1
DISPLAY 5 5 0
DISPLAY 7 6 5
DISPLAY 9 3 0
DISPLAY 11 4 10
DISPLAY 18 1 6
DISPLAY 19 6 6
POSITION 0 4 8
POSITION 1 5 7
POSITION 2 5 6
POSITION 3 2 4
PLAYER 3
.
TICK 18
FIELDS 4 10 3 3 10 9 10 9 10 14 15 11 6 11 5 5 4 11 8 11 15 12 5 12 10 6 5 15 5 13 2 8 14 3 6 4 6 9 10 3 13 7 15 10 14 7 15 13 5 9 11 5 3 6 5 3 9 15 7 11 9 5 12 9 9 6 6 5 15 7 15 10 5 6 8 6 7 5 1 4 6 14 10 3 15 1 14 12 10 14 11
DISPLAY 1 2 12
DISPLAY 2 4 1
DISPLAY 5 5 0
DISPLAY 7 6 5
DISPLAY 9 3 0
DISPLAY 11 4 10
DISPLAY 18 1 6
DISPLAY 19 6 6
POSITION 0 3 8
POSITION 1 5 7
POSITION 2 5 6
POSITION 3 2 4
PLAYER 0
MESSAGE OK
TARGET 11
EXTRAFIELD 7
.
TICK 18
FIELDS 4 10 3 3 7 9 10 9 10 14 15 10 6 11 5 5 4 11 11 11 15 12 5 12 10 8 5 15 5 13 2 8 6 3 6 4 6 9 10 14 13 7 15 10 14 7 3 13 5 9 11 5 3 15 5 3 9 15 7 11 6 5 12 9 9 6 6 9 15 7 15 10 5 6 5 6 7 5 1 4 6 8 10 3 15 1 14 12 14 14 11
DISPLAY 1 2 12
DISPLAY 2 4 2
DISPLAY 5 5 0
DISPLAY 7 6 5
DISPLAY 9 3 0
DISPLAY 18 1 6
DISPLAY 19 6 6
POSITION 0 4 11
POSITION 1 5 7
POSITION 2 5 6
POSITION 3 2 4
PLAYER 1
.
TICK 18
FIELDS 4 10 3 3 7 15 10 9 10 14 15 10 9 11 5 5 4 11 11 6 15 12 5 12 10 8 11 15 5 13 2 8 6 5 6 4 6 9 10 14 3 7 15 10 14 7 3 13 5 9 11 5 3 15 13 3 9 15 7 11 6 5 12 9 9 6 6 9 5 7 15 10 5 6 5 15 7 5 1 4 6 8 6 3 15 1 14 12 14 10 11
DISPLAY 1 2 12
DISPLAY 2 4 2
DISPLAY 5 5 1
DISPLAY 7 6 5
DISPLAY 9 3 0
DISPLAY 18 1 6
DISPLAY 19 6 6
POSITION 0 4 11
POSITION 1 5 8
POSITION 2 5 7
POSITION 3 2 4
PLAYER 2
.
TICK 18
FIELDS 4 10 3 3 7 15 11 9 10 14 15 10 9 15 5 5 4 11 11 6 15 12 5 12 10 8 11 6 5 13 2 8 6 5 7 4 6 9 10 14 3 5 15 10 14 7 3 13 3 9 11 5 3 15 13 12 9 15 7 11 6 5 7 9 9 6 6 9 5 7 15 10 5 6 5 15 3 5 1 4 6 8 6 11 15 1 14 12 14 10 3
DISPLAY 1 2 12
DISPLAY 2 4 2
DISPLAY 5 5 1
DISPLAY 7 6 4
DISPLAY 9 3 0
DISPLAY 18 1 6
DISPLAY 19 6 5
POSITION 0 4 11
POSITION 1 5 8
POSITION 2 3 1
POSITION 3 2 4
PLAYER 3
.
TICK 19
FIELDS 4 10 3 3 7 15 11 9 10 14 15 10 9 15 5 5 4 11 11 6 15 12 5 12 10 8 11 6 5 13 2 8 6 5 7 4 6 9 10 14 3 5 15 10 14 7 3 13 3 9 11 5 3 15 13 12 3 9 15 7 11 6 5 9 9 6 6 9 5 7 15 10 5 6 5 15 3 5 1 4 6 8 6 11 15 1 14 12 14 10 3
DISPLAY 1 2 12
DISPLAY 2 4 2
DISPLAY 5 5 1
DISPLAY 7 6 4
DISPLAY 9 3 0
DISPLAY 18 1 6
DISPLAY 19 6 5
POSITION 0 4 11
POSITION 1 6 8
POSITION 2 3 1
POSITION 3 2 4
PLAYER 0
MESSAGE OK
TARGET 19
EXTRAFIELD 10
.
TICK 19
FIELDS 4 10 3 3 10 15 11 9 10 14 15 11 9 15 5 5 4 11 8 6 15 12 5 12 10 6 11 6 5 13 2 8 14 5 7 4 6 9 10 3 3 5 15 10 14 7 15 13 3 9 11 5 3 11 13 12 3 9 15 7 9 6 5 9 9 6 6 5 5 7 15 10 5 6 8 15 3 5 1 4 6 14 6 11 15 1 14 12 10 10 3
DISPLAY 1 2 12
DISPLAY 2 4 1
DISPLAY 5 5 1
DISPLAY 7 6 4
DISPLAY 9 3 0
DISPLAY 18 1 6
DISPLAY 19 6 5
POSITION 0 6 10
POSITION 1 6 8
POSITION 2 3 1
POSITION 3 2 4
PLAYER 1
.
TICK 19
FIELDS 4 10 3 3 10 14 11 9 10 14 15 11 15 15 5 5 4 11 8 9 15 12 5 12 10 6 6 6 5 13 2 8 14 11 7 4 6 9 10 3 5 5 15 10 14 7 15 3 3 9 11 5 3 11 13 12 3 9 15 7 9 13 5 9 9 6 6 5 6 7 15 10 5 6 8 5 3 5 1 4 6 14 15 11 15 1 14 12 10 6 3
DISPLAY 1 2 12
DISPLAY 2 4 1
DISPLAY 5 5 2
DISPLAY 7 6 4
DISPLAY 9 3 0
DISPLAY 18 1 6
DISPLAY 19 6 5
POSITION 0 6 10
POSITION 1 6 8
POSITION 2 3 1
POSITION 3 2 4
PLAYER 2
.
TICK 19
FIELDS 10 10 3 3 10 14 11 4 10 14 15 11 15 15 9 5 4 11 8 9 15 5 5 12 10 6 6 6 12 13 2 8 14 11 7 5 6 9 10 3 5 5 4 10 14 7 15 3 3 15 11 5 3 11 13 12 9 9 15 7 9 13 5 3 9 6 6 5 6 7 9 10 5 6 8 5 3 15 1 4 6 14 15 11 5 1 14 12 10 6 3
DISPLAY 1 2 12
DISPLAY 2 4 1
DISPLAY 5 5 2
DISPLAY 7 6 4
DISPLAY 9 3 0
DISPLAY 18 1 6
DISPLAY 19 6 5
POSITION 0 6 10
POSITION 1 6 8
POSITION 2 3 1
POSITION 3 2 4
PLAYER 3
.
TICK 20
FIELDS 10 10 3 3 10 14 11 4 10 14 15 11 15 15 9 5 4 11 8 9 15 5 5 12 10 6 6 6 12 13 2 8 14 11 7 5 6 9 10 3 5 5 4 10 14 7 15 3 3 15 11 5 3 11 13 12 9 15 7 9 13 5 7 3 9 6 6 5 6 7 9 10 5 6 8 5 3 15 1 4 6 14 15 11 5 1 14 12 10 6 3
DISPLAY 1 2 12
DISPLAY 2 4 1
DISPLAY 5 5 2
DISPLAY 7 6 4
DISPLAY 9 3 0
DISPLAY 18 1 6
DISPLAY 19 6 5
POSITION 0 6 10
POSITION 1 5 8
POSITION 2 3 1
POSITION 3 2 4
PLAYER 0
MESSAGE OK
TARGET 19
EXTRAFIELD 7
.
TICK 20
FIELDS 10 10 14 3 10 14 11 4 10 4 15 11 15 15 9 5 12 11 8 9 15 5 5 2 10 6 6 6 12 13 9 8 14 11 7 5 6 14 10 3 5 5 4 10 5 7 15 3 3 15 11 7 3 11 13 12 9 15 6 9 13 5 7 3 9 5 6 5 6 7 9 10 4 6 8 5 3 15 1 14 6 14 15 11 5 1 7 12 10 6 3
DISPLAY 1 2 11
DISPLAY 2 4 1
DISPLAY 5 5 2
DISPLAY 7 6 4
DISPLAY 9 3 0
DISPLAY 18 1 6
DISPLAY 19 6 5
POSITION 0 6 7
POSITION 1 5 8
POSITION 2 3 1
POSITION 3 2 3
PLAYER 1
.
TICK 20
FIELDS 10 10 14 3 10 14 11 4 10 4 15 11 15 15 9 5 12 11 8 9 15 5 5 2 10 6 6 6 12 13 9 8 14 11 7 5 6 14 10 3 5 5 10 4 10 5 7 15 3 15 11 7 3 11 13 12 9 15 6 9 13 5 7 3 9 5 6 5 6 7 9 10 4 6 8 5 3 15 1 14 6 14 15 11 5 1 7 12 10 6 3
DISPLAY 1 2 11
DISPLAY 2 4 1
DISPLAY 5 5 2
DISPLAY 7 6 4
DISPLAY 9 3 0
DISPLAY 18 2 6
DISPLAY 19 6 5
POSITION 0 6 7
POSITION 1 5 8
POSITION 2 3 1
POSITION 3 2 3
PLAYER 2
.
TICK 20
FIELDS 15 10 10 14 3 10 14 4 10 4 15 11 15 15 9 5 12 11 8 9 15 5 5 2 10 6 6 6 12 13 9 8 14 11 7 5 6 14 10 3 5 5 10 4 10 5 7 15 3 15 11 7 3 11 13 12 9 15 6 9 13 5 7 3 9 5 6 5 6 7 9 10 4 6 8 5 3 15 1 14 6 14 15 11 5 1 7 12 10 6 3
DISPLAY 1 2 11
DISPLAY 2 4 1
DISPLAY 5 5 2
DISPLAY 7 6 4
DISPLAY 18 2 6
DISPLAY 19 6 5
POSITION 0 6 7
POSITION 1 5 8
POSITION 2 4 0
POSITION 3 2 3
PLAYER 3
.
TICK 21
FIELDS 15 10 10 14 3 10 14 4 10 4 15 11 15 15 9 5 12 11 8 9 15 5 5 2 10 6 6 6 12 13 9 8 14 11 7 5 6 14 10 3 5 5 10 4 10 5 7 15 3 15 11 7 3 11 13 12 9 9 15 6 9 13 5 3 9 5 6 5 6 7 9 10 4 6 8 5 3 15 1 14 6 14 15 11 5 1 7 12 10 6 3
DISPLAY 1 2 11
DISPLAY 2 4 1
DISPLAY 5 5 2
DISPLAY 7 6 4
DISPLAY 18 2 6
DISPLAY 19 6 5
POSITION 0 6 7
POSITION 1 6 8
POSITION 2 4 0
POSITION 3 2 3
PLAYER 0
MESSAGE OK
TARGET 19
EXTRAFIELD 3
.
TICK 21
FIELDS 15 3 10 14 3 10 14 4 10 4 15 11 15 15 9 10 12 11 8 9 15 5 5 2 10 6 6 6 12 5 9 8 14 11 7 5 13 14 10 3 5 5 10 6 10 5 7 15 3 15 4 7 3 11 13 12 9 11 15 6 9 13 5 3 9 5 6 5 6 7 9 9 4 6 8 5 3 15 10 14 6 14 15 11 5 1 7 12 10 6 3
DISPLAY 1 2 11
DISPLAY 2 4 1
DISPLAY 5 5 2
DISPLAY 7 6 4
DISPLAY 18 2 6
DISPLAY 19 6 5
POSITION 0 6 8
POSITION 1 6 8
POSITION 2 4 0
POSITION 3 2 3
PLAYER 1
.
TICK 21
FIELDS 15 3 10 14 3 10 14 4 10 4 15 11 15 15 9 10 12 11 8 9 15 5 5 2 10 6 6 6 12 5 9 8 14 11 7 5 13 14 10 3 5 5 10 6 10 5 7 15 3 15 4 7 3 11 13 12 9 11 15 6 9 13 5 9 5 6 5 6 7 3 9 9 4 6 8 5 3 15 10 14 6 14 15 11 5 1 7 12 10 6 3
DISPLAY 1 2 11
DISPLAY 2 4 1
DISPLAY 5 5 2
DISPLAY 7 6 4
DISPLAY 18 2 6
DISPLAY 19 6 5
POSITION 0 6 8
POSITION 1 6 8
POSITION 2 4 0
POSITION 3 2 3
PLAYER 2
.
TICK 21
FIELDS 15 3 10 14 3 10 14 4 10 4 15 11 15 15 9 10 12 11 8 9 15 11 5 5 2 10 6 6 12 5 9 8 14 11 7 5 13 14 10 3 5 5 10 6 10 5 7 15 3 15 4 7 3 11 13 12 9 11 15 6 9 13 5 9 5 6 5 6 7 3 9 9 4 6 8 5 3 15 10 14 6 14 15 11 5 1 7 12 10 6 3
DISPLAY 1 2 11
DISPLAY 2 4 1
DISPLAY 5 5 2
DISPLAY 7 6 4
DISPLAY 18 2 6
DISPLAY 19 6 5
POSITION 0 6 8
POSITION 1 6 8
POSITION 2 2 4
POSITION 3 3 3
PLAYER 3
.
TICK 22
FIELDS 15 3 10 14 3 10 14 4 10 4 15 11 15 15 9 10 12 11 8 9 15 11 5 5 2 10 6 6 12 5 9 8 14 11 7 5 13 14 10 3 5 5 10 6 10 5 7 15 3 15 4 7 3 11 13 12 7 9 11 15 6 9 13 9 5 6 5 6 7 3 9 9 4 6 8 5 3 15 10 14 6 14 15 11 5 1 7 12 10 6 3
DISPLAY 1 2 11
DISPLAY 2 4 1
DISPLAY 5 5 2
DISPLAY 7 6 4
DISPLAY 18 2 6
DISPLAY 19 6 5
POSITION 0 0 8
POSITION 1 0 8
POSITION 2 2 4
POSITION 3 3 3
PLAYER 0
MESSAGE OK
TARGET 19
EXTRAFIELD 1
.
TICK 22
FIELDS 15 3 10 14 3 10 14 4 10 4 15 11 15 15 9 10 12 11 8 9 15 11 5 5 2 10 6 6 12 5 9 8 14 11 7 5 13 14 10 3 5 5 10 6 10 5 7 15 3 15 4 7 3 11 13 12 9 11 15 6 9 13 2 9 5 6 5 6 7 3 9 9 4 6 8 5 3 15 10 14 6 14 15 11 5 1 7 12 10 6 3
DISPLAY 1 2 11
DISPLAY 2 4 1
DISPLAY 5 5 2
DISPLAY 7 6 4
DISPLAY 18 2 6
POSITION 0 6 5
POSITION 1 6 8
POSITION 2 2 4
POSITION 3 3 3
PLAYER 1
.
TICK 22
FIELDS 15 3 10 15 3 10 14 4 10 4 11 11 15 15 9 10 12 2 8 9 15 11 5 5 8 10 6 6 12 5 9 10 14 11 7 5 13 14 5 3 5 5 10 6 10 3 7 15 3 15 4 7 6 11 13 12 9 11 15 5 9 13 2 9 5 6 6 6 7 3 9 9 4 6 8 5 3 15 10 14 12 14 15 11 5 1 7 3 10 6 3
DISPLAY 1 2 11
DISPLAY 2 4 1
DISPLAY 5 5 2
DISPLAY 7 6 4
DISPLAY 18 2 6
POSITION 0 6 5
POSITION 1 6 8
POSITION 2 2 4
POSITION 3 3 2
PLAYER 2
.
TICK 22
FIELDS 15 3 10 15 3 10 14 4 10 4 11 11 15 15 9 10 12 2 8 9 15 11 5 5 8 10 6 6 5 9 10 14 11 7 6 5 13 14 5 3 5 5 10 6 10 3 7 15 3 15 4 7 6 11 13 12 9 11 15 5 9 13 2 9 5 6 6 6 7 3 9 9 4 6 8 5 3 15 10 14 12 14 15 11 5 1 7 3 10 6 3
DISPLAY 1 2 11
DISPLAY 2 4 1
DISPLAY 5 5 2
DISPLAY 7 5 4
POSITION 0 6 5
POSITION 1 6 8
POSITION 2 2 6
POSITION 3 3 2
PLAYER 3
.
TICK 23
FIELDS 15 3 10 15 3 10 14 4 10 4 11 11 15 15 9 10 12 2 8 9 15 11 5 5 8 10 6 6 5 9 10 14 11 7 6 5 13 14 5 3 5 5 10 6 10 3 7 15 3 15 4 7 6 11 13 12 11 15 5 9 13 2 5 9 5 6 6 6 7 3 9 9 4 6 8 5 3 15 10 14 12 14 15 11 5 1 7 3 10 6 3
DISPLAY 1 2 11
DISPLAY 2 4 1
DISPLAY 5 5 2
DISPLAY 7 5 4
POSITION 0 6 5
POSITION 1 5 8
POSITION 2 2 6
POSITION 3 3 2
PLAYER 0
MESSAGE OK
TARGET 7
EXTRAFIELD 7
.
TICK 23
FIELDS 15 3 4 15 3 10 14 4 10 12 11 11 15 15 9 10 5 2 8 9 15 11 5 10 8 10 6 6 5 9 14 14 11 7 6 5 13 10 5 3 5 5 10 6 7 3 7 15 3 15 4 5 6 11 13 12 11 15 6 9 13 2 5 9 5 4 6 6 7 3 9 9 14 6 8 5 3 15 10 7 12 14 15 11 5 1 13 3 10 6 3
DISPLAY 1 2 10
DISPLAY 2 4 1
DISPLAY 5 5 2
POSITION 0 5 4
POSITION 1 5 8
POSITION 2 2 5
POSITION 3 3 2
PLAYER 1
.
TICK 23
FIELDS 15 3 4 15 3 10 14 4 10 12 11 11 15 15 9 10 5 2 8 9 15 14 11 5 10 8 10 6 5 9 14 14 11 7 6 5 13 10 5 3 5 5 10 6 7 3 7 15 3 15 4 5 6 11 13 12 11 15 6 9 13 2 5 9 5 4 6 6 7 3 9 9 14 6 8 5 3 15 10 7 12 14 15 11 5 1 13 3 10 6 3
DISPLAY 1 2 10
DISPLAY 2 4 1
DISPLAY 5 5 2
POSITION 0 5 4
POSITION 1 5 8
POSITION 2 2 5
POSITION 3 3 2
PLAYER 2
.
TICK 23
FIELDS 15 3 4 15 3 10 14 4 10 12 11 11 15 15 9 10 5 2 8 9 15 14 11 5 10 8 10 6 5 9 14 14 11 7 6 12 5 13 10 5 3 5 10 6 7 3 7 15 3 15 4 5 6 11 13 12 11 15 6 9 13 2 5 9 5 4 6 6 7 3 9 9 14 6 8 5 3 15 10 7 12 14 15 11 5 1 13 3 10 6 3
DISPLAY 1 2 10
DISPLAY 2 4 1
DISPLAY 5 5 2
POSITION 0 5 4
POSITION 1 5 8
POSITION 2 2 7
POSITION 3 3 2
PLAYER 3
.
TICK 24
FIELDS 15 3 4 15 3 10 14 4 10 12 11 11 15 15 9 10 5 2 8 9 15 14 11 5 10 8 10 6 5 9 14 14 11 7 6 12 5 13 10 5 3 5 10 6 7 3 7 15 3 15 4 5 6 11 13 12 9 11 15 6 9 13 2 9 5 4 6 6 7 3 9 9 14 6 8 5 3 15 10 7 12 14 15 11 5 1 13 3 10 6 3
DISPLAY 1 2 10
DISPLAY 2 4 1
DISPLAY 5 5 2
POSITION 0 5 4
POSITION 1 6 8
POSITION 2 2 7
POSITION 3 3 2
PLAYER 0
MESSAGE OK
TARGET 5
EXTRAFIELD 10
.
TICK 24
FIELDS 15 3 4 15 3 10 14 4 10 12 11 11 15 15 9 10 5 2 8 9 15 10 14 11 5 10 8 10 5 9 14 14 11 7 6 12 5 13 10 5 3 5 10 6 7 3 7 15 3 15 4 5 6 11 13 12 9 11 15 6 9 13 2 9 5 4 6 6 7 3 9 9 14 6 8 5 3 15 10 7 12 14 15 11 5 1 13 3 10 6 3
DISPLAY 1 2 10
DISPLAY 2 4 1
POSITION 0 5 2
POSITION 1 6 8
POSITION 2 2 7
POSITION 3 3 2
PLAYER 1
.
TICK 24
FIELDS 15 3 4 15 3 10 14 4 10 12 11 11 15 15 9 10 5 2 8 9 15 10 14 11 5 10 8 10 9 14 14 11 7 6 6 12 5 13 10 5 3 5 10 6 7 3 7 15 3 15 4 5 6 11 13 12 9 11 15 6 9 13 2 9 5 4 6 6 7 3 9 9 14 6 8 5 3 15 10 7 12 14 15 11 5 1 13 3 10 6 3
DISPLAY 1 2 10
DISPLAY 2 4 1
POSITION 0 5 2
POSITION 1 6 8
POSITION 2 2 7
POSITION 3 3 2
PLAYER 2
.
TICK 24
FIELDS 15 3 4 15 11 10 14 4 10 12 11 8 15 15 9 10 5 2 10 9 15 10 14 11 5 7 8 10 9 14 14 11 5 6 6 12 5 13 10 7 3 5 10 6 7 3 11 15 3 15 4 5 6 9 13 12 9 11 15 6 6 13 2 9 5 4 6 8 7 3 9 9 14 6 14 5 3 15 10 7 12 10 15 11 5 1 13 3 5 6 3
DISPLAY 2 4 0
POSITION 0 5 2
POSITION 1 6 8
POSITION 2 2 10
POSITION 3 3 2
PLAYER 3
.
TICK 25
FIELDS 15 3 4 15 11 10 14 4 10 12 11 8 15 15 9 10 5 2 10 9 15 10 14 11 5 7 8 10 9 14 14 11 5 6 6 12 5 13 10 7 3 5 10 6 7 3 11 15 3 15 4 5 6 9 13 12 5 9 11 15 6 6 13 9 5 4 6 8 7 3 9 9 14 6 14 5 3 15 10 7 12 10 15 11 5 1 13 3 5 6 3
DISPLAY 2 4 0
POSITION 0 5 2
POSITION 1 0 8
POSITION 2 2 10
POSITION 3 3 2
PLAYER 0
MESSAGE OK
TARGET 2
EXTRAFIELD 6
.
END 14
.
