MESSAGE OK
PLAYER 0
LEVEL 4
SIZE 8 8
DISPLAYS 15
MAXTICK 20
.
TICK 0
FIELDS 4 9 15 9 11 11 6 12 5 11 9 14 9 10 9 9 13 9 3 3 10 10 5 6 11 10 9 7 12 6 10 14 10 7 11 6 1 13 8 3 12 9 10 8 15 10 5 11 14 11 5 5 12 15 9 2 5 6 5 8 1 14 7 10
DISPLAY 0 2 5
DISPLAY 1 5 6
DISPLAY 2 6 3
DISPLAY 3 0 6
DISPLAY 4 3 0
DISPLAY 5 0 0
DISPLAY 6 1 5
DISPLAY 7 3 4
DISPLAY 8 4 7
DISPLAY 9 4 2
DISPLAY 10 0 2
DISPLAY 11 5 5
DISPLAY 12 2 1
DISPLAY 13 4 1
DISPLAY 14 6 7
POSITION 0 7 0
POSITION 1 4 5
POSITION 2 2 0
POSITION 3 5 3
PLAYER 0
MESSAGE OK
TARGET 10
EXTRAFIELD 15
.
TICK 0
FIELDS 15 4 9 15 9 11 11 6 5 11 9 14 9 10 9 9 13 9 3 3 10 10 5 6 11 10 9 7 12 6 10 14 10 7 11 6 1 13 8 3 12 9 10 8 15 10 5 11 14 11 5 5 12 15 9 2 5 6 5 8 1 14 7 10
DISPLAY 0 2 5
DISPLAY 1 5 6
DISPLAY 2 6 3
DISPLAY 3 0 6
DISPLAY 4 4 0
DISPLAY 5 1 0
DISPLAY 6 1 5
DISPLAY 7 3 4
DISPLAY 8 4 7
DISPLAY 9 4 2
DISPLAY 11 5 5
DISPLAY 12 2 1
DISPLAY 13 4 1
DISPLAY 14 6 7
POSITION 0 0 2
POSITION 1 4 5
POSITION 2 3 0
POSITION 3 5 3
PLAYER 1
.
TICK 0
FIELDS 15 4 9 15 9 11 11 6 5 11 9 14 9 10 9 9 13 9 3 3 10 10 5 6 10 9 7 12 6 10 14 15 10 7 11 6 1 13 8 3 12 9 10 8 15 10 5 11 14 11 5 5 12 15 9 2 5 6 5 8 1 14 7 10
DISPLAY 0 2 5
DISPLAY 1 5 6
DISPLAY 2 5 3
DISPLAY 3 0 6
DISPLAY 4 4 0
DISPLAY 5 1 0
DISPLAY 6 1 5
DISPLAY 7 3 4
DISPLAY 8 4 7
DISPLAY 9 4 2
DISPLAY 12 2 1
DISPLAY 13 4 1
DISPLAY 14 6 7
POSITION 0 0 2
POSITION 1 5 5
POSITION 2 3 0
POSITION 3 4 3
PLAYER 2
.
TICK 0
FIELDS 15 4 9 14 9 11 11 6 5 11 9 3 9 10 9 9 13 9 3 12 10 10 5 6 10 9 7 6 6 10 14 15 10 7 11 8 1 13 8 3 12 9 10 5 15 10 5 11 14 11 5 8 12 15 9 2 5 6 5 15 1 14 7 10
DISPLAY 0 2 5
DISPLAY 1 5 6
DISPLAY 2 5 3
DISPLAY 3 0 6
DISPLAY 4 4 0
DISPLAY 5 1 0
DISPLAY 6 1 5
DISPLAY 7 3 3
DISPLAY 8 4 7
DISPLAY 9 4 2
DISPLAY 12 2 1
DISPLAY 13 4 1
DISPLAY 14 6 7
POSITION 0 0 2
POSITION 1 5 5
POSITION 2 3 7
POSITION 3 4 3
PLAYER 3
.
TICK 1
FIELDS 15 4 9 14 9 11 11 6 5 11 9 3 9 10 9 9 13 9 3 12 10 10 5 6 10 9 7 6 6 10 14 15 10 7 11 8 1 13 8 3 12 9 10 5 15 10 5 11 15 14 11 5 8 12 15 9 5 6 5 15 1 14 7 10
DISPLAY 0 2 5
DISPLAY 1 6 6
DISPLAY 2 5 3
DISPLAY 3 1 6
DISPLAY 4 4 0
DISPLAY 5 1 0
DISPLAY 6 1 5
DISPLAY 7 3 3
DISPLAY 8 4 7
DISPLAY 9 4 2
DISPLAY 12 2 1
DISPLAY 13 4 1
DISPLAY 14 6 7
POSITION 0 0 2
POSITION 1 5 5
POSITION 2 3 7
POSITION 3 4 3
PLAYER 0
MESSAGE OK
TARGET 5
EXTRAFIELD 12
.
TICK 1
FIELDS 12 4 9 14 9 11 11 6 15 11 9 3 9 10 9 9 5 9 3 12 10 10 5 6 13 9 7 6 6 10 14 15 10 7 11 8 1 13 8 3 10 9 10 5 15 10 5 11 12 14 11 5 8 12 15 9 15 6 5 15 1 14 7 10
DISPLAY 0 2 5
DISPLAY 1 6 6
DISPLAY 2 5 3
DISPLAY 3 1 6
DISPLAY 4 4 0
DISPLAY 6 1 5
DISPLAY 7 3 3
DISPLAY 8 4 7
DISPLAY 9 4 2
DISPLAY 12 2 1
DISPLAY 13 4 1
DISPLAY 14 6 7
POSITION 0 1 0
POSITION 1 5 5
POSITION 2 3 7
POSITION 3 4 3
PLAYER 1
.
TICK 1
FIELDS 11 12 4 9 14 9 11 11 15 11 9 3 9 10 9 9 5 9 3 12 10 10 5 6 13 9 7 6 6 10 14 15 10 7 11 8 1 13 8 3 10 9 10 5 15 10 5 11 12 14 11 5 8 12 15 9 15 6 5 15 1 14 7 10
DISPLAY 0 2 5
DISPLAY 1 6 6
DISPLAY 2 5 3
DISPLAY 3 1 6
DISPLAY 4 5 0
DISPLAY 6 1 5
DISPLAY 7 3 3
DISPLAY 8 4 7
DISPLAY 9 4 2
DISPLAY 12 2 1
DISPLAY 13 4 1
DISPLAY 14 6 7
POSITION 0 2 0
POSITION 1 5 5
POSITION 2 3 7
POSITION 3 4 3
PLAYER 2
.
TICK 1
FIELDS 11 12 4 3 14 9 11 11 15 11 9 12 9 10 9 9 5 9 3 6 10 10 5 6 13 9 7 8 6 10 14 15 10 7 11 5 1 13 8 3 10 9 10 5 15 10 5 11 12 14 11 15 8 12 15 9 15 6 5 15 1 14 7 10
DISPLAY 0 2 5
DISPLAY 1 6 6
DISPLAY 2 5 3
DISPLAY 4 5 0
DISPLAY 6 1 5
DISPLAY 7 3 2
DISPLAY 8 4 7
DISPLAY 9 4 2
DISPLAY 12 2 1
DISPLAY 13 4 1
DISPLAY 14 6 7
POSITION 0 2 0
POSITION 1 5 5
POSITION 2 1 6
POSITION 3 4 3
PLAYER 3
.
TICK 2
FIELDS 11 12 4 3 14 9 11 11 15 11 9 12 9 10 9 9 5 9 3 6 10 10 5 6 13 9 7 8 6 10 14 15 10 7 11 5 1 13 8 3 10 9 10 5 15 10 5 11 2 12 14 11 15 8 12 15 15 6 5 15 1 14 7 10
DISPLAY 0 2 5
DISPLAY 1 7 6
DISPLAY 2 5 3
DISPLAY 4 5 0
DISPLAY 6 1 5
DISPLAY 7 3 2
DISPLAY 8 4 7
DISPLAY 9 4 2
DISPLAY 12 2 1
DISPLAY 13 4 1
DISPLAY 14 6 7
POSITION 0 2 0
POSITION 1 5 5
POSITION 2 2 6
POSITION 3 4 3
PLAYER 0
MESSAGE OK
TARGET 13
EXTRAFIELD 5
.
TICK 2
FIELDS 11 12 9 3 14 9 11 11 15 11 3 12 9 10 9 9 5 9 7 6 10 10 5 6 13 9 11 8 6 10 14 15 10 7 10 5 1 13 8 3 10 9 14 5 15 10 5 11 2 12 5 11 15 8 12 15 15 6 10 15 1 14 7 10
DISPLAY 0 2 4
DISPLAY 1 7 6
DISPLAY 2 5 3
DISPLAY 4 5 0
DISPLAY 6 1 5
DISPLAY 7 3 2
DISPLAY 8 4 7
DISPLAY 9 4 2
DISPLAY 12 2 0
DISPLAY 13 4 1
DISPLAY 14 6 7
POSITION 0 3 7
POSITION 1 5 5
POSITION 2 2 5
POSITION 3 4 3
PLAYER 1
.
TICK 2
FIELDS 12 9 3 14 9 11 11 6 15 11 3 12 9 10 9 9 5 9 7 6 10 10 5 6 13 9 11 8 6 10 14 15 10 7 10 5 1 13 8 3 10 9 14 5 15 10 5 11 2 12 5 11 15 8 12 15 15 6 10 15 1 14 7 10
DISPLAY 0 2 4
DISPLAY 1 7 6
DISPLAY 2 5 3
DISPLAY 4 4 0
DISPLAY 6 1 5
DISPLAY 7 3 2
DISPLAY 8 4 7
DISPLAY 9 4 2
DISPLAY 12 1 0
DISPLAY 13 4 1
DISPLAY 14 6 7
POSITION 0 3 7
POSITION 1 5 5
POSITION 2 2 5
POSITION 3 4 3
PLAYER 2
.
TICK 2
FIELDS 12 9 9 14 9 11 11 6 15 11 3 12 9 10 9 9 5 9 3 6 10 10 5 6 13 9 7 8 6 10 14 15 10 7 11 5 1 13 8 3 10 9 10 5 15 10 5 11 2 12 14 11 15 8 12 15 15 6 5 15 1 14 7 10
DISPLAY 0 2 5
DISPLAY 1 7 6
DISPLAY 2 5 3
DISPLAY 4 4 0
DISPLAY 6 1 5
DISPLAY 7 3 2
DISPLAY 8 4 7
DISPLAY 9 4 2
DISPLAY 12 1 0
DISPLAY 13 4 1
DISPLAY 14 6 7
POSITION 0 3 7
POSITION 1 5 5
POSITION 2 5 5
POSITION 3 4 3
PLAYER 3
.
TICK 3
FIELDS 12 9 9 14 9 11 11 6 15 11 3 12 9 10 9 9 5 9 3 6 10 10 5 6 13 9 7 8 6 10 14 15 10 7 11 5 1 13 8 3 10 9 10 5 15 10 5 11 12 14 11 15 8 12 15 9 15 6 5 15 1 14 7 10
DISPLAY 0 2 5
DISPLAY 1 6 6
DISPLAY 2 5 3
DISPLAY 4 4 0
DISPLAY 6 1 5
DISPLAY 7 3 2
DISPLAY 8 4 7
DISPLAY 9 4 2
DISPLAY 12 1 0
DISPLAY 13 4 1
DISPLAY 14 6 7
POSITION 0 3 7
POSITION 1 5 5
POSITION 2 5 5
POSITION 3 4 3
PLAYER 0
MESSAGE OK
TARGET 13
EXTRAFIELD 4
.
TICK 3
FIELDS 12 9 9 4 9 11 11 6 15 11 3 14 9 10 9 9 5 9 3 12 10 10 5 6 13 9 7 6 6 10 14 15 10 7 11 8 1 13 8 3 10 9 10 5 15 10 5 11 12 14 11 5 8 12 15 9 15 6 5 15 1 14 7 10
DISPLAY 0 2 5
DISPLAY 1 6 6
DISPLAY 2 5 3
DISPLAY 4 4 0
DISPLAY 6 1 5
DISPLAY 7 3 3
DISPLAY 8 4 7
DISPLAY 9 4 2
DISPLAY 12 1 0
DISPLAY 13 4 1
DISPLAY 14 6 7
POSITION 0 3 0
POSITION 1 5 5
POSITION 2 5 5
POSITION 3 4 3
PLAYER 1
.
TICK 3
FIELDS 12 9 9 4 9 11 11 6 15 11 3 14 9 10 9 9 5 9 3 12 10 10 5 6 13 9 7 6 6 10 14 15 10 7 11 8 1 13 8 3 10 9 10 5 15 10 5 11 12 14 11 5 8 12 15 9 11 15 6 5 15 1 14 7
DISPLAY 0 2 5
DISPLAY 1 6 6
DISPLAY 2 5 3
DISPLAY 4 4 0
DISPLAY 6 1 5
DISPLAY 7 3 3
DISPLAY 8 5 7
DISPLAY 9 4 2
DISPLAY 12 1 0
DISPLAY 13 4 1
DISPLAY 14 7 7
POSITION 0 3 0
POSITION 1 5 5
POSITION 2 5 5
POSITION 3 4 3
PLAYER 2
.
TICK 3
FIELDS 12 9 9 4 9 11 11 6 15 11 3 14 9 10 9 9 5 9 3 12 10 10 5 6 13 9 7 6 6 10 14 15 10 7 11 8 1 13 8 3 10 10 9 10 5 15 10 5 12 14 11 5 8 12 15 9 11 15 6 5 15 1 14 7
DISPLAY 0 3 5
DISPLAY 1 6 6
DISPLAY 2 5 3
DISPLAY 4 4 0
DISPLAY 6 2 5
DISPLAY 7 3 3
DISPLAY 8 5 7
DISPLAY 9 4 2
DISPLAY 12 1 0
DISPLAY 13 4 1
DISPLAY 14 7 7
POSITION 0 3 0
POSITION 1 6 5
POSITION 2 5 4
POSITION 3 4 3
PLAYER 3
.
TICK 4
FIELDS 12 9 9 4 9 11 11 6 15 11 3 14 9 10 9 9 5 9 3 12 10 10 5 6 13 9 7 6 6 10 14 15 10 7 11 8 1 13 8 3 10 10 9 10 5 15 10 5 14 11 5 8 12 15 9 2 11 15 6 5 15 1 14 7
DISPLAY 0 3 5
DISPLAY 1 5 6
DISPLAY 2 5 3
DISPLAY 4 4 0
DISPLAY 6 2 5
DISPLAY 7 3 3
DISPLAY 8 5 7
DISPLAY 9 4 2
DISPLAY 12 1 0
DISPLAY 13 4 1
DISPLAY 14 7 7
POSITION 0 3 0
POSITION 1 6 5
POSITION 2 5 4
POSITION 3 4 3
PLAYER 0
MESSAGE OK
TARGET 13
EXTRAFIELD 15
.
TICK 4
FIELDS 12 9 9 4 9 11 11 6 11 3 14 9 10 9 9 15 5 9 3 12 10 10 5 6 13 9 7 6 6 10 14 15 10 7 11 8 1 13 8 3 10 10 9 10 5 15 10 5 14 11 5 8 12 15 9 2 11 15 6 5 15 1 14 7
DISPLAY 0 3 5
DISPLAY 1 5 6
DISPLAY 2 5 3
DISPLAY 4 4 0
DISPLAY 6 2 5
DISPLAY 7 3 3
DISPLAY 8 5 7
DISPLAY 9 4 2
DISPLAY 12 1 0
DISPLAY 14 7 7
POSITION 0 3 1
POSITION 1 6 5
POSITION 2 5 4
POSITION 3 4 3
PLAYER 1
.
TICK 4
FIELDS 12 10 9 4 9 11 11 6 11 9 14 9 10 9 9 15 5 3 3 12 10 10 5 6 13 9 7 6 6 10 14 15 10 9 11 8 1 13 8 3 10 7 9 10 5 15 10 5 14 10 5 8 12 15 9 2 11 11 6 5 15 1 14 7
DISPLAY 0 3 5
DISPLAY 1 5 6
DISPLAY 2 5 3
DISPLAY 4 4 0
DISPLAY 6 2 5
DISPLAY 7 3 3
DISPLAY 8 5 7
DISPLAY 9 4 2
DISPLAY 12 1 1
DISPLAY 14 7 7
POSITION 0 3 1
POSITION 1 6 5
POSITION 2 5 4
POSITION 3 4 3
PLAYER 2
.
TICK 4
FIELDS 12 10 9 4 9 11 11 11 11 9 14 9 10 9 9 6 5 3 3 12 10 10 5 15 13 9 7 6 6 10 14 6 10 9 11 8 1 13 8 15 10 7 9 10 5 15 10 3 14 10 5 8 12 15 9 5 11 11 6 5 15 1 14 2
DISPLAY 0 3 5
DISPLAY 1 5 6
DISPLAY 4 4 0
DISPLAY 6 2 5
DISPLAY 7 3 3
DISPLAY 8 5 7
DISPLAY 9 4 2
DISPLAY 12 1 1
DISPLAY 14 7 0
POSITION 0 3 1
POSITION 1 6 5
POSITION 2 5 3
POSITION 3 4 3
PLAYER 3
.
TICK 5
FIELDS 12 10 9 4 9 11 11 11 11 9 14 9 10 9 9 6 5 3 3 12 10 10 5 15 13 9 7 6 6 10 14 6 10 9 11 8 1 13 8 15 10 7 9 10 5 15 10 3 10 5 8 12 15 9 5 12 11 11 6 5 15 1 14 2
DISPLAY 0 3 5
DISPLAY 1 4 6
DISPLAY 4 4 0
DISPLAY 6 2 5
DISPLAY 7 3 3
DISPLAY 8 5 7
DISPLAY 9 4 2
DISPLAY 12 1 1
DISPLAY 14 7 0
POSITION 0 3 1
POSITION 1 6 5
POSITION 2 5 3
POSITION 3 4 3
PLAYER 0
MESSAGE OK
TARGET 7
EXTRAFIELD 15
.
TICK 5
FIELDS 12 10 15 4 9 11 11 11 11 9 9 9 10 9 9 6 5 3 14 12 10 10 5 15 13 9 3 6 6 10 14 6 10 9 7 8 1 13 8 15 10 7 11 10 5 15 10 3 10 5 9 12 15 9 5 12 11 11 8 5 15 1 14 2
DISPLAY 0 3 5
DISPLAY 1 4 6
DISPLAY 4 4 0
DISPLAY 6 2 6
DISPLAY 7 3 3
DISPLAY 8 5 7
DISPLAY 9 4 2
DISPLAY 12 1 1
DISPLAY 14 7 0
POSITION 0 3 1
POSITION 1 6 5
POSITION 2 5 3
POSITION 3 4 3
PLAYER 1
.
TICK 5
FIELDS 12 10 15 4 10 11 11 11 11 9 9 9 10 9 9 6 5 3 14 12 6 10 5 15 13 9 3 6 1 10 14 6 10 9 7 8 5 13 8 15 10 7 11 10 15 15 10 3 10 5 9 12 15 9 5 12 11 11 8 5 15 1 14 2
DISPLAY 0 3 5
DISPLAY 1 4 5
DISPLAY 4 4 7
DISPLAY 6 2 6
DISPLAY 7 3 3
DISPLAY 8 5 7
DISPLAY 9 4 1
DISPLAY 12 1 1
DISPLAY 14 7 0
POSITION 0 3 1
POSITION 1 6 5
POSITION 2 5 3
POSITION 3 4 2
PLAYER 2
.
TICK 5
FIELDS 12 10 15 4 10 11 11 11 11 9 9 9 10 9 9 6 5 3 14 12 6 10 5 15 7 13 9 3 6 1 10 14 10 9 7 8 5 13 8 15 10 7 11 10 15 15 10 3 10 5 9 12 15 9 5 12 11 11 8 5 15 1 14 2
DISPLAY 0 3 5
DISPLAY 1 4 5
DISPLAY 4 4 7
DISPLAY 6 2 6
DISPLAY 8 5 7
DISPLAY 9 4 1
DISPLAY 12 1 1
DISPLAY 14 7 0
POSITION 0 3 1
POSITION 1 6 5
POSITION 2 4 3
POSITION 3 4 2
PLAYER 3
.
TICK 6
FIELDS 12 10 15 4 10 11 11 11 11 9 9 9 10 9 9 6 5 3 14 12 6 10 5 15 7 13 9 3 6 1 10 14 10 9 7 8 5 13 8 15 10 7 11 10 15 15 10 3 14 10 5 9 12 15 9 5 11 11 8 5 15 1 14 2
DISPLAY 0 3 5
DISPLAY 1 4 5
DISPLAY 4 4 7
DISPLAY 6 3 6
DISPLAY 8 5 7
DISPLAY 9 4 1
DISPLAY 12 1 1
DISPLAY 14 7 0
POSITION 0 3 1
POSITION 1 6 5
POSITION 2 4 3
POSITION 3 4 2
PLAYER 0
MESSAGE OK
TARGET 9
EXTRAFIELD 6
.
TICK 6
FIELDS 12 10 15 4 10 11 12 11 11 9 9 9 10 9 11 6 5 3 14 12 6 10 9 15 7 13 9 3 6 1 5 14 10 9 7 8 5 13 10 15 10 7 11 10 15 15 8 3 14 10 5 9 12 15 10 5 11 11 8 5 15 1 9 2
DISPLAY 0 3 5
DISPLAY 1 4 5
DISPLAY 4 4 7
DISPLAY 6 3 6
DISPLAY 8 5 7
DISPLAY 12 1 1
DISPLAY 14 7 0
POSITION 0 4 1
POSITION 1 6 6
POSITION 2 4 3
POSITION 3 4 2
PLAYER 1
.
TICK 6
FIELDS 12 10 15 4 9 11 12 11 11 9 9 9 10 9 11 6 5 3 14 12 10 10 9 15 7 13 9 3 6 1 5 14 10 9 7 8 6 13 10 15 10 7 11 10 5 15 8 3 14 10 5 9 15 15 10 5 11 11 8 5 12 1 9 2
DISPLAY 0 3 5
DISPLAY 1 4 6
DISPLAY 4 4 0
DISPLAY 8 5 7
DISPLAY 12 1 1
DISPLAY 14 7 0
POSITION 0 4 2
POSITION 1 3 6
POSITION 2 4 4
POSITION 3 4 3
PLAYER 2
.
TICK 6
FIELDS 6 10 15 4 9 11 12 11 12 9 9 9 10 9 11 6 11 3 14 12 10 10 9 15 5 13 9 3 6 1 5 14 7 9 7 8 6 13 10 15 10 7 11 10 5 15 8 3 10 10 5 9 15 15 10 5 14 11 8 5 12 1 9 2
DISPLAY 0 3 5
DISPLAY 1 4 6
DISPLAY 4 4 0
DISPLAY 12 1 1
DISPLAY 14 7 0
POSITION 0 4 2
POSITION 1 3 6
POSITION 2 5 7
POSITION 3 4 3
PLAYER 3
.
TICK 7
FIELDS 6 10 15 4 9 11 12 11 12 9 9 9 10 9 11 6 11 3 14 12 10 10 9 15 5 13 9 3 6 1 5 14 7 9 7 8 6 13 10 15 10 7 11 10 5 15 8 3 10 5 9 15 15 10 5 12 14 11 8 5 12 1 9 2
DISPLAY 0 3 5
DISPLAY 1 3 6
DISPLAY 4 4 0
DISPLAY 12 1 1
DISPLAY 14 7 0
POSITION 0 4 2
POSITION 1 2 6
POSITION 2 5 7
POSITION 3 4 3
PLAYER 0
MESSAGE OK
TARGET 4
EXTRAFIELD 14
.
TICK 7
FIELDS 6 10 15 4 10 11 12 11 12 9 9 9 10 9 11 6 11 3 14 12 6 10 9 15 5 13 9 3 6 1 5 14 7 9 7 8 5 13 10 15 10 7 11 10 15 15 8 3 10 5 9 15 12 10 5 12 14 11 8 5 14 1 9 2
DISPLAY 0 3 5
DISPLAY 1 3 6
DISPLAY 4 4 7
DISPLAY 12 1 1
DISPLAY 14 7 0
POSITION 0 3 0
POSITION 1 2 6
POSITION 2 5 7
POSITION 3 4 2
PLAYER 1
.
TICK 7
FIELDS 6 10 15 4 10 9 12 11 12 9 9 9 10 10 11 6 11 3 14 12 6 1 9 15 5 13 9 3 6 13 5 14 7 9 7 8 5 15 10 15 10 7 11 10 15 10 8 3 10 5 9 15 12 1 5 12 14 11 8 5 14 15 9 2
DISPLAY 0 3 5
DISPLAY 1 3 6
DISPLAY 4 4 7
DISPLAY 12 1 1
DISPLAY 14 7 0
POSITION 0 3 0
POSITION 1 2 6
POSITION 2 5 6
POSITION 3 4 2
PLAYER 2
.
TICK 7
FIELDS 6 10 15 4 10 9 12 11 12 9 9 9 10 10 11 6 11 3 14 12 6 1 9 15 5 13 9 3 6 13 5 14 7 9 7 8 5 15 10 15 11 10 7 11 10 15 10 8 10 5 9 15 12 1 5 12 14 11 8 5 14 15 9 2
DISPLAY 1 3 6
DISPLAY 4 4 7
DISPLAY 12 1 1
DISPLAY 14 7 0
POSITION 0 3 0
POSITION 1 2 6
POSITION 2 4 5
POSITION 3 4 2
PLAYER 3
.
TICK 8
FIELDS 6 10 15 4 10 9 12 11 12 9 9 9 10 10 11 6 11 3 14 12 6 1 9 15 5 13 9 3 6 13 5 14 7 9 7 8 5 15 10 15 11 10 7 11 10 15 10 8 5 9 15 12 1 5 12 10 14 11 8 5 14 15 9 2
DISPLAY 1 2 6
DISPLAY 4 4 7
DISPLAY 12 1 1
DISPLAY 14 7 0
POSITION 0 3 0
POSITION 1 1 6
POSITION 2 4 5
POSITION 3 4 2
PLAYER 0
MESSAGE OK
TARGET 4
EXTRAFIELD 9
.
TICK 8
FIELDS 6 10 15 9 10 9 12 11 12 9 9 12 10 10 11 6 11 3 14 3 6 1 9 15 5 13 9 8 6 13 5 14 7 9 7 11 5 15 10 15 11 10 7 12 10 15 10 8 5 9 15 5 1 5 12 10 14 11 8 3 14 15 9 2
DISPLAY 1 2 6
DISPLAY 12 1 1
DISPLAY 14 7 0
POSITION 0 4 7
POSITION 1 1 6
POSITION 2 4 5
POSITION 3 4 2
PLAYER 1
.
TICK 8
FIELDS 6 10 15 9 10 9 12 11 12 9 9 12 10 10 11 6 11 3 14 3 6 1 9 15 5 13 9 8 6 13 5 14 7 9 7 11 5 15 10 15 10 7 12 10 15 10 8 11 5 9 15 5 1 5 12 10 14 11 8 3 14 15 9 2
DISPLAY 1 2 6
DISPLAY 12 1 1
DISPLAY 14 7 0
POSITION 0 4 7
POSITION 1 1 6
POSITION 2 3 5
POSITION 3 4 2
PLAYER 2
.
TICK 8
FIELDS 6 10 15 9 10 3 12 11 12 9 9 12 10 9 11 6 11 3 14 3 6 10 9 15 5 13 9 8 6 1 5 14 7 9 7 11 5 13 10 15 10 7 12 10 15 15 8 11 5 9 15 5 1 10 12 10 14 11 8 3 14 5 9 2
DISPLAY 1 2 6
DISPLAY 12 1 1
DISPLAY 14 7 0
POSITION 0 4 7
POSITION 1 1 6
POSITION 2 7 3
POSITION 3 4 2
PLAYER 3
.
TICK 9
FIELDS 6 10 15 9 10 3 12 11 12 9 9 12 10 9 11 6 11 3 14 3 6 10 9 15 5 13 9 8 6 1 5 14 7 9 7 11 5 13 10 15 10 7 12 10 15 15 8 11 10 5 9 15 5 1 10 12 14 11 8 3 14 5 9 2
DISPLAY 1 3 6
DISPLAY 12 1 1
DISPLAY 14 7 0
POSITION 0 4 7
POSITION 1 2 6
POSITION 2 7 3
POSITION 3 4 2
PLAYER 0
MESSAGE OK
TARGET 12
EXTRAFIELD 4
.
TICK 9
FIELDS 6 10 15 4 10 3 12 11 12 9 9 9 10 9 11 6 11 3 14 12 6 10 9 15 5 13 9 3 6 1 5 14 7 9 7 8 5 13 10 15 10 7 12 11 15 15 8 11 10 5 9 10 5 1 10 12 14 11 8 15 14 5 9 2
DISPLAY 1 3 7
DISPLAY 12 1 1
DISPLAY 14 7 0
POSITION 0 2 7
POSITION 1 2 6
POSITION 2 7 3
POSITION 3 4 2
PLAYER 1
.
TICK 9
FIELDS 11 6 10 15 4 10 3 12 12 9 9 9 10 9 11 6 11 3 14 12 6 10 9 15 5 13 9 3 6 1 5 14 7 9 7 8 5 13 10 15 10 7 12 11 15 15 8 11 10 5 9 10 5 1 10 12 14 11 8 15 14 5 9 2
DISPLAY 1 3 7
DISPLAY 12 1 1
DISPLAY 14 0 0
POSITION 0 2 7
POSITION 1 2 6
POSITION 2 7 3
POSITION 3 4 2
PLAYER 2
.
TICK 9
FIELDS 11 6 10 15 4 10 3 12 12 9 9 9 10 9 11 6 11 3 14 12 6 10 9 15 15 5 13 9 3 6 1 5 7 9 7 8 5 13 10 15 10 7 12 11 15 15 8 11 10 5 9 10 5 1 10 12 14 11 8 15 14 5 9 2
DISPLAY 1 3 7
DISPLAY 12 1 1
DISPLAY 14 0 0
POSITION 0 2 7
POSITION 1 2 6
POSITION 2 0 3
POSITION 3 4 2
PLAYER 3
.
TICK 10
FIELDS 11 6 10 15 4 10 3 12 12 9 9 9 10 9 11 6 11 3 14 12 6 10 9 15 15 5 13 9 3 6 1 5 7 9 7 8 5 13 10 15 10 7 12 11 15 15 8 11 5 9 10 5 1 10 12 10 14 11 8 15 14 5 9 2
DISPLAY 1 3 7
DISPLAY 12 1 1
DISPLAY 14 0 0
POSITION 0 2 7
POSITION 1 1 6
POSITION 2 0 3
POSITION 3 4 2
PLAYER 0
MESSAGE OK
TARGET 12
EXTRAFIELD 3
.
TICK 10
FIELDS 11 3 10 15 4 10 3 12 12 6 9 9 10 9 11 6 11 9 14 12 6 10 9 15 15 3 13 9 3 6 1 5 7 5 7 8 5 13 10 15 10 9 12 11 15 15 8 11 5 7 10 5 1 10 12 10 14 9 8 15 14 5 9 2
DISPLAY 1 3 7
DISPLAY 12 1 2
DISPLAY 14 0 0
POSITION 0 4 7
POSITION 1 1 7
POSITION 2 0 3
POSITION 3 4 2
PLAYER 1
.
TICK 10
FIELDS 11 3 10 15 4 10 3 12 12 6 9 9 10 9 11 6 11 9 14 12 6 10 9 15 15 3 13 9 3 6 1 5 11 7 5 7 8 5 13 10 10 9 12 11 15 15 8 11 5 7 10 5 1 10 12 10 14 9 8 15 14 5 9 2
DISPLAY 1 3 7
DISPLAY 12 1 2
DISPLAY 14 0 0
POSITION 0 4 7
POSITION 1 1 7
POSITION 2 0 3
POSITION 3 4 2
PLAYER 2
.
TICK 10
FIELDS 11 3 10 15 4 10 3 12 12 6 9 9 10 9 11 6 11 9 14 12 6 10 9 15 3 13 9 3 6 1 5 14 11 7 5 7 8 5 13 10 10 9 12 11 15 15 8 11 5 7 10 5 1 10 12 10 14 9 8 15 14 5 9 2
DISPLAY 1 3 7
DISPLAY 12 1 2
DISPLAY 14 0 0
POSITION 0 4 7
POSITION 1 1 7
POSITION 2 7 3
POSITION 3 4 2
PLAYER 3
.
TICK 11
FIELDS 11 3 10 15 4 10 3 12 12 6 9 9 10 9 11 6 11 9 14 12 6 10 9 15 3 13 9 3 6 1 5 14 11 7 5 7 8 5 13 10 10 9 12 11 15 15 8 11 7 10 5 1 10 12 10 10 14 9 8 15 14 5 9 2
DISPLAY 1 3 7
DISPLAY 12 1 2
DISPLAY 14 0 0
POSITION 0 4 7
POSITION 1 1 7
POSITION 2 7 3
POSITION 3 4 2
PLAYER 0
MESSAGE OK
TARGET 12
EXTRAFIELD 11
.
TICK 11
FIELDS 11 14 10 15 4 10 3 12 12 3 9 9 10 9 11 6 11 6 14 12 6 10 9 15 3 9 9 3 6 1 5 14 11 13 5 7 8 5 13 10 10 7 12 11 15 15 8 11 7 9 5 1 10 12 10 10 14 10 8 15 14 5 9 2
DISPLAY 1 3 7
DISPLAY 12 1 3
DISPLAY 14 0 0
POSITION 0 2 7
POSITION 1 1 0
POSITION 2 7 3
POSITION 3 4 2
PLAYER 1
.
TICK 11
FIELDS 11 14 10 15 4 10 15 12 12 3 9 9 10 9 3 6 11 6 14 12 6 10 11 15 3 9 9 3 6 1 9 14 11 13 5 7 8 5 5 10 10 7 12 11 15 15 13 11 7 9 5 1 10 12 8 10 14 10 8 15 14 5 10 2
DISPLAY 1 3 7
DISPLAY 12 1 3
POSITION 0 2 7
POSITION 1 0 0
POSITION 2 7 3
POSITION 3 4 2
PLAYER 2
.
TICK 11
FIELDS 11 14 10 15 4 10 15 12 12 3 9 9 10 9 3 6 11 6 14 12 6 10 11 15 3 9 9 3 6 1 9 14 15 11 13 5 7 8 5 5 10 7 12 11 15 15 13 11 7 9 5 1 10 12 8 10 14 10 8 15 14 5 10 2
DISPLAY 1 3 7
DISPLAY 12 1 3
POSITION 0 2 7
POSITION 1 0 0
POSITION 2 6 5
POSITION 3 4 2
PLAYER 3
.
TICK 12
FIELDS 11 14 10 15 4 10 15 12 12 3 9 9 10 9 3 6 11 6 14 12 6 10 11 15 3 9 9 3 6 1 9 14 15 11 13 5 7 8 5 5 10 7 12 11 15 15 13 11 9 5 1 10 12 8 10 5 14 10 8 15 14 5 10 2
DISPLAY 1 3 7
DISPLAY 12 1 3
POSITION 0 2 7
POSITION 1 0 0
POSITION 2 6 5
POSITION 3 4 2
PLAYER 0
MESSAGE OK
TARGET 12
EXTRAFIELD 9
.
TICK 12
FIELDS 11 14 3 15 4 10 15 12 12 3 10 9 10 9 3 6 11 6 9 12 6 10 11 15 3 9 14 3 6 1 9 14 15 11 9 5 7 8 5 5 10 7 13 11 15 15 13 11 9 5 12 10 12 8 10 5 14 10 1 15 14 5 10 2
DISPLAY 1 3 7
POSITION 0 1 3
POSITION 1 0 0
POSITION 2 6 5
POSITION 3 4 2
PLAYER 1
.
TICK 12
FIELDS 11 14 3 15 4 9 15 12 12 3 10 9 10 10 3 6 11 6 9 12 6 9 11 15 3 9 14 3 6 10 9 14 15 11 9 5 7 1 5 5 10 7 13 11 15 8 13 11 9 5 12 10 12 15 10 5 14 10 1 15 14 8 10 2
DISPLAY 1 3 7
POSITION 0 1 3
POSITION 1 0 0
POSITION 2 6 5
POSITION 3 4 2
PLAYER 2
.
TICK 12
FIELDS 11 14 3 15 4 9 15 12 12 3 10 9 10 10 3 6 11 6 9 12 6 9 11 15 3 9 14 3 6 10 9 14 15 11 9 5 7 1 5 5 7 13 11 15 8 13 11 10 9 5 12 10 12 15 10 5 14 10 1 15 14 8 10 2
DISPLAY 1 3 7
POSITION 0 1 3
POSITION 1 0 0
POSITION 2 4 6
POSITION 3 4 2
PLAYER 3
.
TICK 13
FIELDS 11 14 3 15 4 9 15 12 12 3 10 9 10 10 3 6 11 6 9 12 6 9 11 15 3 9 14 3 6 10 9 14 15 11 9 5 7 1 5 5 7 13 11 15 8 13 11 10 7 9 5 12 10 12 15 10 14 10 1 15 14 8 10 2
DISPLAY 1 3 7
POSITION 0 1 3
POSITION 1 0 0
POSITION 2 5 6
POSITION 3 4 2
PLAYER 0
MESSAGE OK
TARGET 1
EXTRAFIELD 8
.
TICK 13
FIELDS 8 14 3 15 4 9 15 12 11 3 10 9 10 10 3 6 12 6 9 12 6 9 11 15 11 9 14 3 6 10 9 14 3 11 9 5 7 1 5 5 15 13 11 15 8 13 11 10 7 9 5 12 10 12 15 10 7 10 1 15 14 8 10 2
DISPLAY 1 3 7
POSITION 0 4 2
POSITION 1 0 1
POSITION 2 5 6
POSITION 3 4 2
PLAYER 1
.
TICK 13
FIELDS 8 14 3 15 4 10 15 12 11 3 10 9 10 9 3 6 12 6 9 12 6 10 11 15 11 9 14 3 6 1 9 14 3 11 9 5 7 13 5 5 15 13 11 15 8 12 11 10 7 9 5 12 10 8 15 10 7 10 1 15 14 5 10 2
DISPLAY 1 3 7
POSITION 0 4 2
POSITION 1 0 1
POSITION 2 5 5
POSITION 3 4 2
PLAYER 2
.
TICK 13
FIELDS 8 14 3 15 4 10 15 12 11 3 10 9 10 9 3 6 12 6 9 12 6 10 11 15 11 9 14 3 6 1 9 14 3 11 9 5 7 13 5 5 15 13 11 15 8 12 11 10 9 5 12 10 8 15 10 10 7 10 1 15 14 5 10 2
DISPLAY 1 3 7
POSITION 0 4 2
POSITION 1 0 1
POSITION 2 4 6
POSITION 3 4 2
PLAYER 3
.
TICK 14
FIELDS 8 14 3 15 4 10 15 12 11 3 10 9 10 9 3 6 12 6 9 12 6 10 11 15 11 9 14 3 6 1 9 14 3 11 9 5 7 13 5 5 15 13 11 15 8 12 11 10 5 12 10 8 15 10 10 5 7 10 1 15 14 5 10 2
DISPLAY 1 3 7
POSITION 0 4 2
POSITION 1 0 1
POSITION 2 3 6
POSITION 3 4 2
PLAYER 0
MESSAGE OK
TARGET 1
EXTRAFIELD 14
.
END 7
.
