MESSAGE OK
PLAYER 0
LEVEL 7
SIZE 10 10
DISPLAYS 25
MAXTICK 25
.
TICK 0
FIELDS 6 6 3 11 2 2 10 8 6 9 12 6 7 6 4 9 14 2 4 10 7 9 10 10 9 5 5 9 13 10 10 13 6 5 6 9 5 3 10 3 15 8 3 6 11 6 3 14 7 14 6 9 5 14 6 6 15 6 14 10 12 15 14 15 5 5 14 10 6 12 10 2 8 12 5 9 13 7 14 10 9 6 10 12 14 1 11 8 14 5 15 6 11 15 5 10 15 12 14 7
DISPLAY 0 7 0
DISPLAY 1 8 1
DISPLAY 2 6 7
DISPLAY 3 7 9
DISPLAY 4 1 1
DISPLAY 5 5 5
DISPLAY 6 1 6
DISPLAY 7 7 2
DISPLAY 8 4 3
DISPLAY 9 6 9
DISPLAY 10 4 2
DISPLAY 11 7 8
DISPLAY 12 4 9
DISPLAY 13 7 4
DISPLAY 14 5 4
DISPLAY 15 2 2
DISPLAY 16 0 6
DISPLAY 17 6 4
DISPLAY 18 8 0
DISPLAY 19 6 6
DISPLAY 20 3 9
DISPLAY 21 1 8
DISPLAY 22 8 7
DISPLAY 23 6 0
DISPLAY 24 1 2
POSITION 0 2 0
POSITION 1 5 7
POSITION 2 2 1
POSITION 3 3 2
PLAYER 0
MESSAGE OK
TARGET 21
EXTRAFIELD 15
.
TICK 0
FIELDS 6 15 3 11 2 2 10 8 6 9 12 6 7 6 4 9 14 2 4 10 7 6 10 10 9 5 5 9 13 10 10 9 6 5 6 9 5 3 10 3 15 13 3 6 11 6 3 14 7 14 6 8 5 14 6 6 15 6 14 10 12 9 14 15 5 5 14 10 6 12 10 15 8 12 5 9 13 7 14 10 9 2 10 12 14 1 11 8 14 5 15 6 11 15 5 10 15 12 14 7
DISPLAY 0 7 0
DISPLAY 1 8 1
DISPLAY 2 6 7
DISPLAY 3 7 9
DISPLAY 4 1 2
DISPLAY 5 5 5
DISPLAY 6 1 7
DISPLAY 7 7 2
DISPLAY 8 4 3
DISPLAY 9 6 9
DISPLAY 10 4 2
DISPLAY 11 7 8
DISPLAY 12 4 9
DISPLAY 13 7 4
DISPLAY 14 5 4
DISPLAY 15 2 2
DISPLAY 16 0 6
DISPLAY 17 6 4
DISPLAY 18 8 0
DISPLAY 19 6 6
DISPLAY 20 3 9
DISPLAY 21 1 9
DISPLAY 22 8 7
DISPLAY 23 6 0
DISPLAY 24 1 3
POSITION 0 1 0
POSITION 1 5 7
POSITION 2 2 1
POSITION 3 3 2
PLAYER 1
.
TICK 0
FIELDS 6 15 15 11 2 2 10 8 6 9 12 6 3 6 4 9 14 2 4 10 7 6 7 10 9 5 5 9 13 10 10 9 10 5 6 9 5 3 10 3 15 13 6 6 11 6 3 14 7 14 6 8 3 14 6 6 15 6 14 10 12 9 5 15 5 5 14 10 6 12 10 15 14 12 5 9 13 7 14 10 9 2 8 12 14 1 11 8 14 5 15 6 10 15 5 10 15 12 14 7
DISPLAY 0 7 0
DISPLAY 1 8 1
DISPLAY 2 6 7
DISPLAY 3 7 9
DISPLAY 4 1 2
DISPLAY 5 5 5
DISPLAY 6 1 7
DISPLAY 7 7 2
DISPLAY 8 4 3
DISPLAY 9 6 9
DISPLAY 10 4 2
DISPLAY 11 7 8
DISPLAY 12 4 9
DISPLAY 13 7 4
DISPLAY 14 5 4
DISPLAY 15 2 3
DISPLAY 16 0 6
DISPLAY 17 6 4
DISPLAY 18 8 0
DISPLAY 19 6 6
DISPLAY 20 3 9
DISPLAY 21 1 9
DISPLAY 22 8 7
DISPLAY 23 6 0
DISPLAY 24 1 3
POSITION 0 1 0
POSITION 1 5 7
POSITION 2 2 2
POSITION 3 3 2
PLAYER 2
.
TICK 0
FIELDS 6 15 15 11 2 2 10 8 6 9 12 6 3 6 4 9 14 2 4 10 15 7 6 7 10 9 5 5 9 13 10 9 10 5 6 9 5 3 10 3 15 13 6 6 11 6 3 14 7 14 6 8 3 14 6 6 15 6 14 10 12 9 5 15 5 5 14 10 6 12 10 15 14 12 5 9 13 7 14 10 9 2 8 12 14 1 11 8 14 5 15 6 10 15 5 10 15 12 14 7
DISPLAY 0 7 0
DISPLAY 1 8 1
DISPLAY 2 6 7
DISPLAY 3 7 9
DISPLAY 4 2 2
DISPLAY 5 5 5
DISPLAY 6 1 7
DISPLAY 7 8 2
DISPLAY 8 4 3
DISPLAY 9 6 9
DISPLAY 10 5 2
DISPLAY 11 7 8
DISPLAY 12 4 9
DISPLAY 13 7 4
DISPLAY 14 5 4
DISPLAY 15 2 3
DISPLAY 16 0 6
DISPLAY 17 6 4
DISPLAY 18 8 0
DISPLAY 19 6 6
DISPLAY 20 3 9
DISPLAY 21 1 9
DISPLAY 22 8 7
DISPLAY 23 6 0
DISPLAY 24 1 3
POSITION 0 1 0
POSITION 1 5 7
POSITION 2 3 3
POSITION 3 4 2
PLAYER 3
.
TICK 1
FIELDS 6 15 15 11 15 2 10 8 6 9 12 6 3 6 2 9 14 2 4 10 15 7 6 7 4 9 5 5 9 13 10 9 10 5 10 9 5 3 10 3 15 13 6 6 6 6 3 14 7 14 6 8 3 14 11 6 15 6 14 10 12 9 5 15 6 5 14 10 6 12 10 15 14 12 5 9 13 7 14 10 9 2 8 12 5 1 11 8 14 5 15 6 10 15 14 10 15 12 14 7
DISPLAY 0 7 0
DISPLAY 1 8 1
DISPLAY 2 6 7
DISPLAY 3 7 9
DISPLAY 4 2 2
DISPLAY 5 5 5
DISPLAY 6 1 7
DISPLAY 7 8 2
DISPLAY 8 4 4
DISPLAY 9 6 9
DISPLAY 10 5 2
DISPLAY 11 7 8
DISPLAY 12 4 0
DISPLAY 13 7 4
DISPLAY 14 5 4
DISPLAY 15 2 3
DISPLAY 16 0 6
DISPLAY 17 6 4
DISPLAY 18 8 0
DISPLAY 19 6 6
DISPLAY 20 3 9
DISPLAY 21 1 9
DISPLAY 22 8 7
DISPLAY 23 6 0
DISPLAY 24 1 3
POSITION 0 1 0
POSITION 1 5 7
POSITION 2 3 3
POSITION 3 4 3
PLAYER 0
MESSAGE OK
TARGET 21
EXTRAFIELD 6
.
TICK 1
FIELDS 6 12 15 11 15 2 10 8 6 9 12 15 3 6 2 9 14 2 4 10 15 6 6 7 4 9 5 5 9 13 10 7 10 5 10 9 5 3 10 3 15 9 6 6 6 6 3 14 7 14 6 13 3 14 11 6 15 6 14 10 12 8 5 15 6 5 14 10 6 12 10 9 14 12 5 9 13 7 14 10 9 15 8 12 5 1 11 8 14 5 15 2 10 15 14 10 15 12 14 7
DISPLAY 0 7 0
DISPLAY 1 8 1
DISPLAY 2 6 7
DISPLAY 3 7 9
DISPLAY 4 2 2
DISPLAY 5 5 5
DISPLAY 6 1 8
DISPLAY 7 8 2
DISPLAY 8 4 4
DISPLAY 9 6 9
DISPLAY 10 5 2
DISPLAY 11 7 8
DISPLAY 12 4 0
DISPLAY 13 7 4
DISPLAY 14 5 4
DISPLAY 15 2 3
DISPLAY 16 0 6
DISPLAY 17 6 4
DISPLAY 18 8 0
DISPLAY 19 6 6
DISPLAY 20 3 9
DISPLAY 22 8 7
DISPLAY 23 6 0
DISPLAY 24 1 4
POSITION 0 1 0
POSITION 1 5 7
POSITION 2 3 3
POSITION 3 4 3
PLAYER 1
.
TICK 1
FIELDS 6 12 15 11 15 2 10 8 6 9 11 12 15 3 6 2 9 14 2 4 15 6 6 7 4 9 5 5 9 13 10 7 10 5 10 9 5 3 10 3 15 9 6 6 6 6 3 14 7 14 6 13 3 14 11 6 15 6 14 10 12 8 5 15 6 5 14 10 6 12 10 9 14 12 5 9 13 7 14 10 9 15 8 12 5 1 11 8 14 5 15 2 10 15 14 10 15 12 14 7
DISPLAY 0 7 0
DISPLAY 1 9 1
DISPLAY 2 6 7
DISPLAY 3 7 9
DISPLAY 4 2 2
DISPLAY 5 5 5
DISPLAY 6 1 8
DISPLAY 7 8 2
DISPLAY 8 4 4
DISPLAY 9 6 9
DISPLAY 10 5 2
DISPLAY 11 7 8
DISPLAY 12 4 0
DISPLAY 13 7 4
DISPLAY 14 5 4
DISPLAY 15 2 3
DISPLAY 16 0 6
DISPLAY 17 6 4
DISPLAY 18 8 0
DISPLAY 19 6 6
DISPLAY 20 3 9
DISPLAY 22 8 7
DISPLAY 23 6 0
DISPLAY 24 1 4
POSITION 0 1 0
POSITION 1 5 7
POSITION 2 3 3
POSITION 3 4 3
PLAYER 2
.
TICK 1
FIELDS 6 12 15 10 15 2 10 8 6 9 11 12 15 11 6 2 9 14 2 4 15 6 6 3 4 9 5 5 9 13 10 7 10 7 10 9 5 3 10 3 15 9 6 5 6 6 3 14 7 14 6 13 3 6 11 6 15 6 14 10 12 8 5 14 6 5 14 10 6 12 10 9 14 15 5 9 13 7 14 10 9 15 8 12 5 1 11 8 14 5 15 2 10 12 14 10 15 12 14 7
DISPLAY 0 7 0
DISPLAY 1 9 1
DISPLAY 2 6 7
DISPLAY 3 7 9
DISPLAY 4 2 2
DISPLAY 5 5 5
DISPLAY 6 1 8
DISPLAY 7 8 2
DISPLAY 8 4 4
DISPLAY 9 6 9
DISPLAY 10 5 2
DISPLAY 11 7 8
DISPLAY 12 4 0
DISPLAY 13 7 4
DISPLAY 14 5 4
DISPLAY 15 2 3
DISPLAY 16 0 6
DISPLAY 17 6 4
DISPLAY 18 8 0
DISPLAY 19 6 6
DISPLAY 20 3 0
DISPLAY 22 8 7
DISPLAY 23 6 0
DISPLAY 24 1 4
POSITION 0 1 0
POSITION 1 5 7
POSITION 2 3 4
POSITION 3 4 3
PLAYER 3
.
TICK 2
FIELDS 6 12 15 10 5 2 10 8 6 9 11 12 15 11 15 2 9 14 2 4 15 6 6 3 6 9 5 5 9 13 10 7 10 7 4 9 5 3 10 3 15 9 6 5 10 6 3 14 7 14 6 13 3 6 6 6 15 6 14 10 12 8 5 14 11 5 14 10 6 12 10 9 14 15 6 9 13 7 14 10 9 15 8 12 5 1 11 8 14 5 15 2 10 12 5 10 15 12 14 7
DISPLAY 0 7 0
DISPLAY 1 9 1
DISPLAY 2 6 7
DISPLAY 3 7 9
DISPLAY 4 2 2
DISPLAY 5 5 5
DISPLAY 6 1 8
DISPLAY 7 8 2
DISPLAY 8 4 5
DISPLAY 9 6 9
DISPLAY 10 5 2
DISPLAY 11 7 8
DISPLAY 12 4 1
DISPLAY 13 7 4
DISPLAY 14 5 4
DISPLAY 15 2 3
DISPLAY 16 0 6
DISPLAY 17 6 4
DISPLAY 18 8 0
DISPLAY 19 6 6
DISPLAY 20 3 0
DISPLAY 22 8 7
DISPLAY 23 6 0
DISPLAY 24 1 4
POSITION 0 1 0
POSITION 1 5 7
POSITION 2 3 4
POSITION 3 4 4
PLAYER 0
MESSAGE OK
TARGET 8
EXTRAFIELD 6
.
TICK 2
FIELDS 6 12 15 10 15 2 10 8 6 9 11 12 15 11 6 2 9 14 2 4 15 6 6 3 4 9 5 5 9 13 10 7 10 7 10 9 5 3 10 3 15 9 6 5 6 6 3 14 7 14 6 13 3 6 11 6 15 6 14 10 12 8 5 14 6 5 14 10 6 12 10 9 14 15 5 9 13 7 14 10 9 15 8 12 5 1 11 8 14 5 15 2 10 12 3 10 15 12 14 7
DISPLAY 0 7 0
DISPLAY 1 9 1
DISPLAY 2 6 7
DISPLAY 3 7 9
DISPLAY 4 2 2
DISPLAY 5 5 5
DISPLAY 6 1 8
DISPLAY 7 8 2
DISPLAY 8 4 4
DISPLAY 9 6 9
DISPLAY 10 5 2
DISPLAY 11 7 8
DISPLAY 12 4 0
DISPLAY 13 7 4
DISPLAY 14 5 4
DISPLAY 15 2 3
DISPLAY 16 0 6
DISPLAY 17 6 4
DISPLAY 18 8 0
DISPLAY 19 6 6
DISPLAY 20 3 0
DISPLAY 22 8 7
DISPLAY 23 6 0
DISPLAY 24 1 4
POSITION 0 3 0
POSITION 1 5 7
POSITION 2 3 4
POSITION 3 4 3
PLAYER 1
.
TICK 2
FIELDS 6 12 15 10 15 2 10 8 6 9 11 12 15 11 6 2 9 14 2 4 15 6 6 3 4 9 5 5 9 13 10 7 10 7 10 9 5 3 10 3 10 15 9 6 5 6 6 3 14 7 6 13 3 6 11 6 15 6 14 10 12 8 5 14 6 5 14 10 6 12 10 9 14 15 5 9 13 7 14 10 9 15 8 12 5 1 11 8 14 5 15 2 10 12 3 10 15 12 14 7
DISPLAY 0 7 0
DISPLAY 1 9 1
DISPLAY 2 6 7
DISPLAY 3 7 9
DISPLAY 4 2 2
DISPLAY 5 5 5
DISPLAY 6 1 8
DISPLAY 7 8 2
DISPLAY 8 5 4
DISPLAY 9 6 9
DISPLAY 10 5 2
DISPLAY 11 7 8
DISPLAY 12 4 0
DISPLAY 13 8 4
DISPLAY 14 6 4
DISPLAY 15 2 3
DISPLAY 16 0 6
DISPLAY 17 7 4
DISPLAY 18 8 0
DISPLAY 19 6 6
DISPLAY 20 3 0
DISPLAY 22 8 7
DISPLAY 23 6 0
DISPLAY 24 2 4
POSITION 0 3 0
POSITION 1 5 7
POSITION 2 4 4
POSITION 3 4 3
PLAYER 2
.
TICK 2
FIELDS 6 12 15 10 15 2 15 8 6 9 11 12 15 11 6 2 10 14 2 4 15 6 6 3 4 9 9 5 9 13 10 7 10 7 10 9 5 3 10 3 10 15 9 6 5 6 5 3 14 7 6 13 3 6 11 6 6 6 14 10 12 8 5 14 6 5 15 10 6 12 10 9 14 15 5 9 14 7 14 10 9 15 8 12 5 1 13 8 14 5 15 2 10 12 3 10 11 12 14 7
DISPLAY 0 7 0
DISPLAY 1 9 1
DISPLAY 3 7 9
DISPLAY 4 2 2
DISPLAY 5 5 5
DISPLAY 6 1 8
DISPLAY 7 8 2
DISPLAY 8 5 4
DISPLAY 9 6 0
DISPLAY 10 5 2
DISPLAY 11 7 8
DISPLAY 12 4 0
DISPLAY 13 8 4
DISPLAY 14 6 5
DISPLAY 15 2 3
DISPLAY 16 0 6
DISPLAY 17 7 4
DISPLAY 18 8 0
DISPLAY 19 6 7
DISPLAY 20 3 0
DISPLAY 22 8 7
DISPLAY 23 6 1
DISPLAY 24 2 4
POSITION 0 3 0
POSITION 1 5 7
POSITION 2 6 8
POSITION 3 4 3
PLAYER 3
.
TICK 3
FIELDS 6 12 15 10 14 2 15 8 6 9 11 12 15 11 15 2 10 14 2 4 15 6 6 3 6 9 9 5 9 13 10 7 10 7 4 9 5 3 10 3 10 15 9 6 10 6 5 3 14 7 6 13 3 6 5 6 6 6 14 10 12 8 5 14 11 5 15 10 6 12 10 9 14 15 6 9 14 7 14 10 9 15 8 12 5 1 13 8 14 5 15 2 10 12 5 10 11 12 14 7
DISPLAY 0 7 0
DISPLAY 1 9 1
DISPLAY 3 7 9
DISPLAY 4 2 2
DISPLAY 5 5 5
DISPLAY 6 1 8
DISPLAY 7 8 2
DISPLAY 8 5 4
DISPLAY 9 6 0
DISPLAY 10 5 2
DISPLAY 11 7 8
DISPLAY 12 4 1
DISPLAY 13 8 4
DISPLAY 14 6 5
DISPLAY 15 2 3
DISPLAY 16 0 6
DISPLAY 17 7 4
DISPLAY 18 8 0
DISPLAY 19 6 7
DISPLAY 20 3 0
DISPLAY 22 8 7
DISPLAY 23 6 1
DISPLAY 24 2 4
POSITION 0 3 0
POSITION 1 5 7
POSITION 2 6 8
POSITION 3 4 4
PLAYER 0
MESSAGE OK
TARGET 8
EXTRAFIELD 5
.
TICK 3
FIELDS 6 12 15 10 14 2 15 8 6 9 11 12 15 11 15 2 10 14 2 4 15 6 6 3 6 9 9 5 9 13 10 7 10 7 4 9 5 3 10 3 10 15 9 6 10 6 5 3 14 7 5 6 13 3 6 5 6 6 6 14 12 8 5 14 11 5 15 10 6 12 10 9 14 15 6 9 14 7 14 10 9 15 8 12 5 1 13 8 14 5 15 2 10 12 5 10 11 12 14 7
DISPLAY 0 7 0
DISPLAY 1 9 1
DISPLAY 3 7 9
DISPLAY 4 2 2
DISPLAY 5 6 5
DISPLAY 6 1 8
DISPLAY 7 8 2
DISPLAY 8 5 4
DISPLAY 9 6 0
DISPLAY 10 5 2
DISPLAY 11 7 8
DISPLAY 12 4 1
DISPLAY 13 8 4
DISPLAY 14 7 5
DISPLAY 15 2 3
DISPLAY 16 0 6
DISPLAY 17 7 4
DISPLAY 18 8 0
DISPLAY 19 6 7
DISPLAY 20 3 0
DISPLAY 22 8 7
DISPLAY 23 6 1
DISPLAY 24 2 4
POSITION 0 4 0
POSITION 1 5 7
POSITION 2 6 8
POSITION 3 4 4
PLAYER 1
.
TICK 3
FIELDS 6 12 15 10 14 2 15 8 6 14 11 12 15 11 15 2 10 14 2 9 15 6 6 3 6 9 9 5 9 4 10 7 10 7 4 9 5 3 10 13 10 15 9 6 10 6 5 3 14 3 5 6 13 3 6 5 6 6 6 7 12 8 5 14 11 5 15 10 6 14 10 9 14 15 6 9 14 7 14 12 9 15 8 12 5 1 13 8 14 10 15 2 10 12 5 10 11 12 14 5
DISPLAY 0 7 0
DISPLAY 1 9 2
DISPLAY 3 7 9
DISPLAY 4 2 2
DISPLAY 5 6 5
DISPLAY 6 1 8
DISPLAY 7 8 2
DISPLAY 8 5 4
DISPLAY 9 6 0
DISPLAY 10 5 2
DISPLAY 11 7 8
DISPLAY 12 4 1
DISPLAY 13 8 4
DISPLAY 14 7 5
DISPLAY 15 2 3
DISPLAY 16 0 6
DISPLAY 17 7 4
DISPLAY 18 8 0
DISPLAY 19 6 7
DISPLAY 20 3 0
DISPLAY 22 8 7
DISPLAY 23 6 1
DISPLAY 24 2 4
POSITION 0 4 0
POSITION 1 5 7
POSITION 2 6 8
POSITION 3 4 4
PLAYER 2
.
TICK 3
FIELDS 6 12 15 10 14 2 10 8 6 14 11 12 15 11 15 2 9 14 2 9 15 6 6 3 6 9 5 5 9 4 10 7 10 7 4 9 5 3 10 13 10 15 9 6 10 6 6 3 14 3 5 6 13 3 6 5 15 6 6 7 12 8 5 14 11 5 14 10 6 14 10 9 14 15 6 9 13 7 14 12 9 15 8 12 5 1 11 8 14 10 15 2 10 12 5 10 15 12 14 5
DISPLAY 0 7 0
DISPLAY 1 9 2
DISPLAY 3 7 9
DISPLAY 4 2 2
DISPLAY 5 6 4
DISPLAY 6 1 8
DISPLAY 7 8 2
DISPLAY 8 5 4
DISPLAY 9 6 9
DISPLAY 10 5 2
DISPLAY 11 7 8
DISPLAY 12 4 1
DISPLAY 13 8 4
DISPLAY 14 7 5
DISPLAY 15 2 3
DISPLAY 16 0 6
DISPLAY 17 7 4
DISPLAY 18 8 0
DISPLAY 19 6 6
DISPLAY 20 3 0
DISPLAY 22 8 7
DISPLAY 23 6 0
DISPLAY 24 2 4
POSITION 0 4 0
POSITION 1 5 7
POSITION 2 8 6
POSITION 3 4 4
PLAYER 3
.
TICK 4
FIELDS 6 12 15 10 3 2 10 8 6 14 11 12 15 11 14 2 9 14 2 9 15 6 6 3 15 9 5 5 9 4 10 7 10 7 6 9 5 3 10 13 10 15 9 6 4 6 6 3 14 3 5 6 13 3 10 5 15 6 6 7 12 8 5 14 6 5 14 10 6 14 10 9 14 15 11 9 13 7 14 12 9 15 8 12 6 1 11 8 14 10 15 2 10 12 5 10 15 12 14 5
DISPLAY 0 7 0
DISPLAY 1 9 2
DISPLAY 3 7 9
DISPLAY 4 2 2
DISPLAY 5 6 4
DISPLAY 6 1 8
DISPLAY 7 8 2
DISPLAY 8 5 4
DISPLAY 9 6 9
DISPLAY 10 5 2
DISPLAY 11 7 8
DISPLAY 12 4 2
DISPLAY 13 8 4
DISPLAY 14 7 5
DISPLAY 15 2 3
DISPLAY 16 0 6
DISPLAY 17 7 4
DISPLAY 18 8 0
DISPLAY 19 6 6
DISPLAY 20 3 0
DISPLAY 22 8 7
DISPLAY 23 6 0
DISPLAY 24 2 4
POSITION 0 4 1
POSITION 1 5 7
POSITION 2 8 6
POSITION 3 4 5
PLAYER 0
MESSAGE OK
TARGET 8
EXTRAFIELD 10
.
TICK 4
FIELDS 6 12 15 10 10 2 10 8 6 14 11 12 15 11 3 2 9 14 2 9 15 6 6 3 14 9 5 5 9 4 10 7 10 7 15 9 5 3 10 13 10 15 9 6 6 6 6 3 14 3 5 6 13 3 4 5 15 6 6 7 12 8 5 14 10 5 14 10 6 14 10 9 14 15 6 9 13 7 14 12 9 15 8 12 11 1 11 8 14 10 15 2 10 12 6 10 15 12 14 5
DISPLAY 0 7 0
DISPLAY 1 9 2
DISPLAY 3 7 9
DISPLAY 4 2 2
DISPLAY 5 6 4
DISPLAY 6 1 8
DISPLAY 7 8 2
DISPLAY 8 5 4
DISPLAY 9 6 9
DISPLAY 10 5 2
DISPLAY 11 7 8
DISPLAY 12 4 3
DISPLAY 13 8 4
DISPLAY 14 7 5
DISPLAY 15 2 3
DISPLAY 16 0 6
DISPLAY 17 7 4
DISPLAY 18 8 0
DISPLAY 19 6 6
DISPLAY 20 3 0
DISPLAY 22 8 7
DISPLAY 23 6 0
DISPLAY 24 2 4
POSITION 0 4 3
POSITION 1 5 7
POSITION 2 8 6
POSITION 3 4 6
PLAYER 1
.
TICK 4
FIELDS 7 12 15 10 10 2 10 8 6 14 6 12 15 11 3 2 9 14 2 9 11 6 6 3 14 9 5 5 9 4 15 7 10 7 15 9 5 3 10 13 10 15 9 6 6 6 6 3 14 3 10 6 13 3 4 5 15 6 6 7 5 8 5 14 10 5 14 10 6 14 12 9 14 15 6 9 13 7 14 12 10 15 8 12 11 1 11 8 14 10 9 2 10 12 6 10 15 12 14 5
DISPLAY 0 7 0
DISPLAY 1 9 2
DISPLAY 3 7 9
DISPLAY 4 2 2
DISPLAY 5 6 4
DISPLAY 6 1 8
DISPLAY 7 8 2
DISPLAY 8 5 4
DISPLAY 9 6 9
DISPLAY 10 5 2
DISPLAY 11 7 8
DISPLAY 12 4 3
DISPLAY 13 8 4
DISPLAY 14 7 5
DISPLAY 15 2 3
DISPLAY 16 0 7
DISPLAY 17 7 4
DISPLAY 18 8 0
DISPLAY 19 6 6
DISPLAY 20 3 0
DISPLAY 22 8 7
DISPLAY 23 6 0
DISPLAY 24 2 4
POSITION 0 4 3
POSITION 1 5 7
POSITION 2 8 6
POSITION 3 4 6
PLAYER 2
.
TICK 4
FIELDS 15 12 15 10 10 2 10 8 6 14 7 12 15 11 3 2 9 14 2 9 6 6 6 3 14 9 5 5 9 4 11 7 10 7 15 9 5 3 10 13 15 15 9 6 6 6 6 3 14 3 10 6 13 3 4 5 15 6 6 7 10 8 5 14 10 5 14 10 6 14 5 9 14 15 6 9 13 7 14 12 12 15 8 12 11 1 11 8 14 10 10 2 10 12 6 10 15 12 14 5
DISPLAY 0 7 0
DISPLAY 1 9 2
DISPLAY 3 7 9
DISPLAY 4 2 2
DISPLAY 5 6 4
DISPLAY 6 1 8
DISPLAY 7 8 2
DISPLAY 8 5 4
DISPLAY 9 6 9
DISPLAY 10 5 2
DISPLAY 11 7 8
DISPLAY 12 4 3
DISPLAY 13 8 4
DISPLAY 14 7 5
DISPLAY 15 2 3
DISPLAY 16 0 8
DISPLAY 17 7 4
DISPLAY 18 8 0
DISPLAY 19 6 6
DISPLAY 20 3 0
DISPLAY 22 8 7
DISPLAY 23 6 0
DISPLAY 24 2 4
POSITION 0 4 3
POSITION 1 5 7
POSITION 2 8 6
POSITION 3 4 6
PLAYER 3
.
TICK 5
FIELDS 15 12 15 10 3 2 10 8 6 14 7 12 15 11 14 2 9 14 2 9 6 6 6 3 15 9 5 5 9 4 11 7 10 7 6 9 5 3 10 13 15 15 9 6 4 6 6 3 14 3 10 6 13 3 10 5 15 6 6 7 10 8 5 14 6 5 14 10 6 14 5 9 14 15 11 9 13 7 14 12 12 15 8 12 6 1 11 8 14 10 10 2 10 12 5 10 15 12 14 5
DISPLAY 0 7 0
DISPLAY 1 9 2
DISPLAY 3 7 9
DISPLAY 4 2 2
DISPLAY 5 6 4
DISPLAY 6 1 8
DISPLAY 7 8 2
DISPLAY 8 5 4
DISPLAY 9 6 9
DISPLAY 10 5 2
DISPLAY 11 7 8
DISPLAY 12 4 2
DISPLAY 13 8 4
DISPLAY 14 7 5
DISPLAY 15 2 3
DISPLAY 16 0 8
DISPLAY 17 7 4
DISPLAY 18 8 0
DISPLAY 19 6 6
DISPLAY 20 3 0
DISPLAY 22 8 7
DISPLAY 23 6 0
DISPLAY 24 2 4
POSITION 0 4 2
POSITION 1 5 7
POSITION 2 8 6
POSITION 3 4 5
PLAYER 0
MESSAGE OK
TARGET 8
EXTRAFIELD 5
.
TICK 5
FIELDS 15 12 15 10 5 2 10 8 6 14 7 12 15 11 3 2 9 14 2 9 6 6 6 3 14 9 5 5 9 4 11 7 10 7 15 9 5 3 10 13 15 15 9 6 6 6 6 3 14 3 10 6 13 3 4 5 15 6 6 7 10 8 5 14 10 5 14 10 6 14 5 9 14 15 6 9 13 7 14 12 12 15 8 12 11 1 11 8 14 10 10 2 10 12 6 10 15 12 14 5
DISPLAY 0 7 0
DISPLAY 1 9 2
DISPLAY 3 7 9
DISPLAY 4 2 2
DISPLAY 5 6 4
DISPLAY 6 1 8
DISPLAY 7 8 2
DISPLAY 8 5 4
DISPLAY 9 6 9
DISPLAY 10 5 2
DISPLAY 11 7 8
DISPLAY 12 4 3
DISPLAY 13 8 4
DISPLAY 14 7 5
DISPLAY 15 2 3
DISPLAY 16 0 8
DISPLAY 17 7 4
DISPLAY 18 8 0
DISPLAY 19 6 6
DISPLAY 20 3 0
DISPLAY 22 8 7
DISPLAY 23 6 0
DISPLAY 24 2 4
POSITION 0 4 3
POSITION 1 5 7
POSITION 2 8 6
POSITION 3 4 6
PLAYER 1
.
TICK 5
FIELDS 15 12 15 10 5 2 15 8 6 14 7 12 15 11 3 2 10 14 2 9 6 6 6 3 14 9 9 5 9 4 11 7 10 7 15 9 5 3 10 13 15 15 9 6 6 6 5 3 14 3 10 6 13 3 4 5 6 6 6 7 10 8 5 14 10 5 15 10 6 14 5 9 14 15 6 9 14 7 14 12 12 15 8 12 11 1 13 8 14 10 10 2 10 12 6 10 11 12 14 5
DISPLAY 0 7 0
DISPLAY 1 9 2
DISPLAY 3 7 9
DISPLAY 4 2 2
DISPLAY 5 6 5
DISPLAY 6 1 8
DISPLAY 7 8 2
DISPLAY 8 5 4
DISPLAY 9 6 0
DISPLAY 10 5 2
DISPLAY 11 7 8
DISPLAY 12 4 3
DISPLAY 13 8 4
DISPLAY 14 7 5
DISPLAY 15 2 3
DISPLAY 16 0 8
DISPLAY 17 7 4
DISPLAY 18 8 0
DISPLAY 19 6 7
DISPLAY 20 3 0
DISPLAY 22 8 7
DISPLAY 23 6 1
DISPLAY 24 2 4
POSITION 0 4 3
POSITION 1 5 7
POSITION 2 8 6
POSITION 3 4 6
PLAYER 2
.
TICK 5
FIELDS 9 12 15 10 5 2 15 8 6 14 15 12 15 11 3 2 10 14 2 9 7 6 6 3 14 9 9 5 9 4 6 7 10 7 15 9 5 3 10 13 11 15 9 6 6 6 5 3 14 3 15 6 13 3 4 5 6 6 6 7 10 8 5 14 10 5 15 10 6 14 10 9 14 15 6 9 14 7 14 12 5 15 8 12 11 1 13 8 14 10 12 2 10 12 6 10 11 12 14 5
DISPLAY 0 7 0
DISPLAY 1 9 2
DISPLAY 3 7 9
DISPLAY 4 2 2
DISPLAY 5 6 5
DISPLAY 6 1 8
DISPLAY 7 8 2
DISPLAY 8 5 4
DISPLAY 9 6 0
DISPLAY 10 5 2
DISPLAY 11 7 8
DISPLAY 12 4 3
DISPLAY 13 8 4
DISPLAY 14 7 5
DISPLAY 15 2 3
DISPLAY 16 0 9
DISPLAY 17 7 4
DISPLAY 18 8 0
DISPLAY 19 6 7
DISPLAY 20 3 0
DISPLAY 22 8 7
DISPLAY 23 6 1
DISPLAY 24 2 4
POSITION 0 4 3
POSITION 1 5 7
POSITION 2 8 6
POSITION 3 4 6
PLAYER 3
.
TICK 6
FIELDS 9 12 15 10 3 2 15 8 6 14 15 12 15 11 14 2 10 14 2 9 7 6 6 3 15 9 9 5 9 4 6 7 10 7 6 9 5 3 10 13 11 15 9 6 4 6 5 3 14 3 15 6 13 3 10 5 6 6 6 7 10 8 5 14 6 5 15 10 6 14 10 9 14 15 11 9 14 7 14 12 5 15 8 12 6 1 13 8 14 10 12 2 10 12 10 10 11 12 14 5
DISPLAY 0 7 0
DISPLAY 1 9 2
DISPLAY 3 7 9
DISPLAY 4 2 2
DISPLAY 5 6 5
DISPLAY 6 1 8
DISPLAY 7 8 2
DISPLAY 8 5 4
DISPLAY 9 6 0
DISPLAY 10 5 2
DISPLAY 11 7 8
DISPLAY 12 4 2
DISPLAY 13 8 4
DISPLAY 14 7 5
DISPLAY 15 2 3
DISPLAY 16 0 9
DISPLAY 17 7 4
DISPLAY 18 8 0
DISPLAY 19 6 7
DISPLAY 20 3 0
DISPLAY 22 8 7
DISPLAY 23 6 1
DISPLAY 24 2 4
POSITION 0 4 2
POSITION 1 5 7
POSITION 2 8 6
POSITION 3 4 5
PLAYER 0
MESSAGE OK
TARGET 8
EXTRAFIELD 5
.
TICK 6
FIELDS 9 12 15 10 5 2 15 8 6 14 15 12 15 11 3 2 10 14 2 9 7 6 6 3 14 9 9 5 9 4 6 7 10 7 15 9 5 3 10 13 11 15 9 6 6 6 5 3 14 3 15 6 13 3 4 5 6 6 6 7 10 8 5 14 10 5 15 10 6 14 10 9 14 15 6 9 14 7 14 12 5 15 8 12 11 1 13 8 14 10 12 2 10 12 6 10 11 12 14 5
DISPLAY 0 7 0
DISPLAY 1 9 2
DISPLAY 3 7 9
DISPLAY 4 2 2
DISPLAY 5 6 5
DISPLAY 6 1 8
DISPLAY 7 8 2
DISPLAY 8 5 4
DISPLAY 9 6 0
DISPLAY 10 5 2
DISPLAY 11 7 8
DISPLAY 12 4 3
DISPLAY 13 8 4
DISPLAY 14 7 5
DISPLAY 15 2 3
DISPLAY 16 0 9
DISPLAY 17 7 4
DISPLAY 18 8 0
DISPLAY 19 6 7
DISPLAY 20 3 0
DISPLAY 22 8 7
DISPLAY 23 6 1
DISPLAY 24 2 4
POSITION 0 4 3
POSITION 1 5 7
POSITION 2 8 6
POSITION 3 4 6
PLAYER 1
.
TICK 6
FIELDS 9 12 15 10 3 2 15 8 6 14 15 12 15 11 14 2 10 14 2 9 7 6 6 3 15 9 9 5 9 4 6 7 10 7 6 9 5 3 10 13 11 15 9 6 4 6 5 3 14 3 15 6 13 3 10 5 6 6 6 7 10 8 5 14 6 5 15 10 6 14 10 9 14 15 11 9 14 7 14 12 5 15 8 12 6 1 13 8 14 10 12 2 10 12 15 10 11 12 14 5
DISPLAY 0 7 0
DISPLAY 1 9 2
DISPLAY 3 7 9
DISPLAY 4 2 2
DISPLAY 5 6 5
DISPLAY 6 1 8
DISPLAY 7 8 2
DISPLAY 8 5 4
DISPLAY 9 6 0
DISPLAY 10 5 2
DISPLAY 11 7 8
DISPLAY 12 4 2
DISPLAY 13 8 4
DISPLAY 14 7 5
DISPLAY 15 2 3
DISPLAY 16 0 9
DISPLAY 17 7 4
DISPLAY 18 8 0
DISPLAY 19 6 7
DISPLAY 20 3 0
DISPLAY 22 8 7
DISPLAY 23 6 1
DISPLAY 24 2 4
POSITION 0 4 2
POSITION 1 5 7
POSITION 2 8 6
POSITION 3 4 5
PLAYER 2
.
TICK 6
FIELDS 10 12 15 10 3 2 15 8 6 14 9 12 15 11 14 2 10 14 2 9 15 6 6 3 15 9 9 5 9 4 7 7 10 7 6 9 5 3 10 13 6 15 9 6 4 6 5 3 14 3 11 6 13 3 10 5 6 6 6 7 15 8 5 14 6 5 15 10 6 14 10 9 14 15 11 9 14 7 14 12 10 15 8 12 6 1 13 8 14 10 5 2 10 12 15 10 11 12 14 5
DISPLAY 0 7 0
DISPLAY 1 9 2
DISPLAY 3 7 9
DISPLAY 4 2 2
DISPLAY 5 6 5
DISPLAY 6 1 8
DISPLAY 7 8 2
DISPLAY 8 5 4
DISPLAY 9 6 0
DISPLAY 10 5 2
DISPLAY 11 7 8
DISPLAY 12 4 2
DISPLAY 13 8 4
DISPLAY 14 7 5
DISPLAY 15 2 3
DISPLAY 16 0 0
DISPLAY 17 7 4
DISPLAY 18 8 0
DISPLAY 19 6 7
DISPLAY 20 3 0
DISPLAY 22 8 7
DISPLAY 23 6 1
DISPLAY 24 2 4
POSITION 0 4 2
POSITION 1 5 7
POSITION 2 8 6
POSITION 3 4 5
PLAYER 3
.
TICK 7
FIELDS 10 12 15 10 5 2 15 8 6 14 9 12 15 11 3 2 10 14 2 9 15 6 6 3 14 9 9 5 9 4 7 7 10 7 15 9 5 3 10 13 6 15 9 6 6 6 5 3 14 3 11 6 13 3 4 5 6 6 6 7 15 8 5 14 10 5 15 10 6 14 10 9 14 15 6 9 14 7 14 12 10 15 8 12 11 1 13 8 14 10 5 2 10 12 6 10 11 12 14 5
DISPLAY 0 7 0
DISPLAY 1 9 2
DISPLAY 3 7 9
DISPLAY 4 2 2
DISPLAY 5 6 5
DISPLAY 6 1 8
DISPLAY 7 8 2
DISPLAY 8 5 4
DISPLAY 9 6 0
DISPLAY 10 5 2
DISPLAY 11 7 8
DISPLAY 12 4 3
DISPLAY 13 8 4
DISPLAY 14 7 5
DISPLAY 15 2 3
DISPLAY 16 0 0
DISPLAY 17 7 4
DISPLAY 18 8 0
DISPLAY 19 6 7
DISPLAY 20 3 0
DISPLAY 22 8 7
DISPLAY 23 6 1
DISPLAY 24 2 4
POSITION 0 4 3
POSITION 1 5 7
POSITION 2 8 6
POSITION 3 4 6
PLAYER 0
MESSAGE OK
TARGET 8
EXTRAFIELD 10
.
TICK 7
FIELDS 10 12 15 10 5 2 15 8 6 14 9 12 15 11 3 9 10 14 2 9 15 6 6 3 14 9 9 5 9 4 7 7 10 7 15 6 5 3 10 13 6 15 9 6 6 5 5 3 14 3 11 6 13 3 4 5 6 6 6 7 15 8 5 14 10 9 15 10 6 14 10 9 14 15 6 1 14 7 14 12 10 15 8 12 11 10 13 8 14 10 5 2 10 12 6 10 11 12 14 5
DISPLAY 0 7 0
DISPLAY 1 9 2
DISPLAY 3 7 9
DISPLAY 4 2 2
DISPLAY 5 6 5
DISPLAY 6 1 8
DISPLAY 7 8 2
DISPLAY 9 6 0
DISPLAY 10 5 1
DISPLAY 11 7 8
DISPLAY 12 4 3
DISPLAY 13 8 4
DISPLAY 14 7 5
DISPLAY 15 2 3
DISPLAY 16 0 0
DISPLAY 17 7 4
DISPLAY 18 8 0
DISPLAY 19 6 7
DISPLAY 20 3 0
DISPLAY 22 8 7
DISPLAY 23 6 1
DISPLAY 24 2 4
POSITION 0 5 3
POSITION 1 5 6
POSITION 2 8 6
POSITION 3 4 6
PLAYER 1
.
TICK 7
FIELDS 10 12 15 10 5 2 15 8 6 14 9 12 15 11 3 9 10 14 2 9 5 15 6 6 3 14 9 9 5 9 7 7 10 7 15 6 5 3 10 13 6 15 9 6 6 5 5 3 14 3 11 6 13 3 4 5 6 6 6 7 15 8 5 14 10 9 15 10 6 14 10 9 14 15 6 1 14 7 14 12 10 15 8 12 11 10 13 8 14 10 5 2 10 12 6 10 11 12 14 5
DISPLAY 0 7 0
DISPLAY 1 0 2
DISPLAY 3 7 9
DISPLAY 4 3 2
DISPLAY 5 6 5
DISPLAY 6 1 8
DISPLAY 7 9 2
DISPLAY 9 6 0
DISPLAY 10 5 1
DISPLAY 11 7 8
DISPLAY 12 4 3
DISPLAY 13 8 4
DISPLAY 14 7 5
DISPLAY 15 2 3
DISPLAY 16 0 0
DISPLAY 17 7 4
DISPLAY 18 8 0
DISPLAY 19 6 7
DISPLAY 20 3 0
DISPLAY 22 8 7
DISPLAY 23 6 1
DISPLAY 24 2 4
POSITION 0 5 3
POSITION 1 5 6
POSITION 2 8 6
POSITION 3 4 6
PLAYER 2
.
TICK 7
FIELDS 12 12 15 10 5 2 15 8 6 14 10 12 15 11 3 9 10 14 2 9 9 15 6 6 3 14 9 9 5 9 5 7 10 7 15 6 5 3 10 13 7 15 9 6 6 5 5 3 14 3 6 6 13 3 4 5 6 6 6 7 11 8 5 14 10 9 15 10 6 14 15 9 14 15 6 1 14 7 14 12 10 15 8 12 11 10 13 8 14 10 10 2 10 12 6 10 11 12 14 5
DISPLAY 0 7 0
DISPLAY 1 0 3
DISPLAY 3 7 9
DISPLAY 4 3 2
DISPLAY 5 6 5
DISPLAY 6 1 8
DISPLAY 7 9 2
DISPLAY 9 6 0
DISPLAY 10 5 1
DISPLAY 11 7 8
DISPLAY 12 4 3
DISPLAY 13 8 4
DISPLAY 14 7 5
DISPLAY 15 2 3
DISPLAY 16 0 1
DISPLAY 17 7 4
DISPLAY 18 8 0
DISPLAY 19 6 7
DISPLAY 20 3 0
DISPLAY 22 8 7
DISPLAY 23 6 1
DISPLAY 24 2 4
POSITION 0 5 3
POSITION 1 5 6
POSITION 2 8 6
POSITION 3 4 6
PLAYER 3
.
TICK 8
FIELDS 12 12 15 10 15 2 15 8 6 14 10 12 15 11 5 9 10 14 2 9 9 15 6 6 3 14 9 9 5 9 5 7 10 7 3 6 5 3 10 13 7 15 9 6 15 5 5 3 14 3 6 6 13 3 6 5 6 6 6 7 11 8 5 14 4 9 15 10 6 14 15 9 14 15 10 1 14 7 14 12 10 15 8 12 6 10 13 8 14 10 10 2 10 12 11 10 11 12 14 5
DISPLAY 0 7 0
DISPLAY 1 0 3
DISPLAY 3 7 9
DISPLAY 4 3 2
DISPLAY 5 6 5
DISPLAY 6 1 8
DISPLAY 7 9 2
DISPLAY 9 6 0
DISPLAY 10 5 1
DISPLAY 11 7 8
DISPLAY 12 4 4
DISPLAY 13 8 4
DISPLAY 14 7 5
DISPLAY 15 2 3
DISPLAY 16 0 1
DISPLAY 17 7 4
DISPLAY 18 8 0
DISPLAY 19 6 7
DISPLAY 20 3 0
DISPLAY 22 8 7
DISPLAY 23 6 1
DISPLAY 24 2 4
POSITION 0 5 3
POSITION 1 5 6
POSITION 2 8 6
POSITION 3 4 7
PLAYER 0
MESSAGE OK
TARGET 20
EXTRAFIELD 2
.
TICK 8
FIELDS 12 12 15 10 15 2 15 8 6 14 10 12 15 11 5 2 10 14 2 9 9 15 6 6 3 9 9 9 5 9 5 7 10 7 3 14 5 3 10 13 7 15 9 6 15 6 5 3 14 3 6 6 13 3 6 5 6 6 6 7 11 8 5 14 4 5 15 10 6 14 15 9 14 15 10 9 14 7 14 12 10 15 8 12 6 1 13 8 14 10 10 2 10 12 11 10 11 12 14 5
DISPLAY 0 7 0
DISPLAY 1 0 3
DISPLAY 3 7 9
DISPLAY 4 3 2
DISPLAY 5 6 5
DISPLAY 6 1 8
DISPLAY 7 9 2
DISPLAY 9 6 0
DISPLAY 10 5 2
DISPLAY 11 7 8
DISPLAY 12 4 4
DISPLAY 13 8 4
DISPLAY 14 7 5
DISPLAY 15 2 3
DISPLAY 16 0 1
DISPLAY 17 7 4
DISPLAY 18 8 0
DISPLAY 19 6 7
DISPLAY 20 3 0
DISPLAY 22 8 7
DISPLAY 23 6 1
DISPLAY 24 2 4
POSITION 0 3 9
POSITION 1 5 7
POSITION 2 8 6
POSITION 3 4 7
PLAYER 1
.
TICK 8
FIELDS 12 12 15 10 15 2 15 8 6 9 10 12 15 11 5 2 10 14 2 9 9 15 6 6 3 9 9 9 5 13 5 7 10 7 3 14 5 3 10 3 7 15 9 6 15 6 5 3 14 7 6 6 13 3 6 5 6 6 6 14 11 8 5 14 4 5 15 10 6 12 15 9 14 15 10 9 14 7 14 10 10 15 8 12 6 1 13 8 14 5 10 2 10 12 11 10 11 12 14 4
DISPLAY 0 7 0
DISPLAY 1 0 3
DISPLAY 3 7 9
DISPLAY 4 3 2
DISPLAY 5 6 5
DISPLAY 6 1 8
DISPLAY 7 9 1
DISPLAY 9 6 0
DISPLAY 10 5 2
DISPLAY 11 7 8
DISPLAY 12 4 4
DISPLAY 13 8 4
DISPLAY 14 7 5
DISPLAY 15 2 3
DISPLAY 16 0 1
DISPLAY 17 7 4
DISPLAY 18 8 0
DISPLAY 19 6 7
DISPLAY 20 3 0
DISPLAY 22 8 7
DISPLAY 23 6 1
DISPLAY 24 2 4
POSITION 0 3 9
POSITION 1 5 7
POSITION 2 8 6
POSITION 3 4 7
PLAYER 2
.
TICK 8
FIELDS 5 12 15 10 15 2 15 8 6 9 12 12 15 11 5 2 10 14 2 9 10 15 6 6 3 9 9 9 5 13 9 7 10 7 3 14 5 3 10 3 5 15 9 6 15 6 5 3 14 7 7 6 13 3 6 5 6 6 6 14 6 8 5 14 4 5 15 10 6 12 11 9 14 15 10 9 14 7 14 10 15 15 8 12 6 1 13 8 14 5 10 2 10 12 11 10 11 12 14 4
DISPLAY 0 7 0
DISPLAY 1 0 4
DISPLAY 3 7 9
DISPLAY 4 3 2
DISPLAY 5 6 5
DISPLAY 6 1 8
DISPLAY 7 9 1
DISPLAY 9 6 0
DISPLAY 10 5 2
DISPLAY 11 7 8
DISPLAY 12 4 4
DISPLAY 13 8 4
DISPLAY 14 7 5
DISPLAY 15 2 3
DISPLAY 16 0 2
DISPLAY 17 7 4
DISPLAY 18 8 0
DISPLAY 19 6 7
DISPLAY 20 3 0
DISPLAY 22 8 7
DISPLAY 23 6 1
DISPLAY 24 2 4
POSITION 0 3 9
POSITION 1 5 7
POSITION 2 8 6
POSITION 3 4 7
PLAYER 3
.
TICK 9
FIELDS 5 12 15 10 6 2 15 8 6 9 12 12 15 11 15 2 10 14 2 9 10 15 6 6 5 9 9 9 5 13 9 7 10 7 3 14 5 3 10 3 5 15 9 6 3 6 5 3 14 7 7 6 13 3 15 5 6 6 6 14 6 8 5 14 6 5 15 10 6 12 11 9 14 15 4 9 14 7 14 10 15 15 8 12 10 1 13 8 14 5 10 2 10 12 6 10 11 12 14 4
DISPLAY 0 7 0
DISPLAY 1 0 4
DISPLAY 3 7 9
DISPLAY 4 3 2
DISPLAY 5 6 5
DISPLAY 6 1 8
DISPLAY 7 9 1
DISPLAY 9 6 0
DISPLAY 10 5 2
DISPLAY 11 7 8
DISPLAY 12 4 5
DISPLAY 13 8 4
DISPLAY 14 7 5
DISPLAY 15 2 3
DISPLAY 16 0 2
DISPLAY 17 7 4
DISPLAY 18 8 0
DISPLAY 19 6 7
DISPLAY 20 3 0
DISPLAY 22 8 7
DISPLAY 23 6 1
DISPLAY 24 2 4
POSITION 0 3 9
POSITION 1 5 7
POSITION 2 8 6
POSITION 3 4 8
PLAYER 0
MESSAGE OK
TARGET 20
EXTRAFIELD 10
.
TICK 9
FIELDS 5 12 15 10 6 2 15 8 6 9 12 12 15 10 15 2 10 14 2 9 10 15 6 11 5 9 9 9 5 13 9 7 10 6 3 14 5 3 10 3 5 15 9 7 3 6 5 3 14 7 7 6 13 6 15 5 6 6 6 14 6 8 5 3 6 5 15 10 6 12 11 9 14 14 4 9 14 7 14 10 15 15 8 15 10 1 13 8 14 5 10 2 10 12 6 10 11 12 14 4
DISPLAY 0 7 0
DISPLAY 1 0 4
DISPLAY 3 7 9
DISPLAY 4 3 3
DISPLAY 5 6 5
DISPLAY 6 1 8
DISPLAY 7 9 1
DISPLAY 9 6 0
DISPLAY 10 5 2
DISPLAY 11 7 8
DISPLAY 12 4 5
DISPLAY 13 8 4
DISPLAY 14 7 5
DISPLAY 15 2 3
DISPLAY 16 0 2
DISPLAY 17 7 4
DISPLAY 18 8 0
DISPLAY 19 6 7
DISPLAY 22 8 7
DISPLAY 23 6 1
DISPLAY 24 2 4
POSITION 0 3 1
POSITION 1 5 7
POSITION 2 8 6
POSITION 3 4 8
PLAYER 1
.
TICK 9
FIELDS 5 12 15 10 6 2 14 8 6 9 12 12 15 10 15 2 15 14 2 9 10 15 6 11 5 9 10 9 5 13 9 7 10 6 3 14 9 3 10 3 5 15 9 7 3 6 5 3 14 7 7 6 13 6 15 5 5 6 6 14 6 8 5 3 6 5 6 10 6 12 11 9 14 14 4 9 15 7 14 10 15 15 8 15 10 1 14 8 14 5 10 2 10 12 6 10 13 12 14 4
DISPLAY 0 7 0
DISPLAY 1 0 4
DISPLAY 3 7 9
DISPLAY 4 3 3
DISPLAY 5 6 6
DISPLAY 6 1 8
DISPLAY 7 9 1
DISPLAY 9 6 1
DISPLAY 10 5 2
DISPLAY 11 7 8
DISPLAY 12 4 5
DISPLAY 13 8 4
DISPLAY 14 7 5
DISPLAY 15 2 3
DISPLAY 16 0 2
DISPLAY 17 7 4
DISPLAY 18 8 0
DISPLAY 19 6 8
DISPLAY 22 8 7
DISPLAY 23 6 2
DISPLAY 24 2 4
POSITION 0 3 1
POSITION 1 5 7
POSITION 2 8 6
POSITION 3 4 8
PLAYER 2
.
TICK 9
FIELDS 10 12 15 10 6 2 14 8 6 9 5 12 15 10 15 2 15 14 2 9 12 15 6 11 5 9 10 9 5 13 10 7 10 6 3 14 9 3 10 3 9 15 9 7 3 6 5 3 14 7 5 6 13 6 15 5 5 6 6 14 7 8 5 3 6 5 6 10 6 12 6 9 14 14 4 9 15 7 14 10 11 15 8 15 10 1 14 8 14 5 15 2 10 12 6 10 13 12 14 4
DISPLAY 0 7 0
DISPLAY 1 0 5
DISPLAY 3 7 9
DISPLAY 4 3 3
DISPLAY 5 6 6
DISPLAY 6 1 8
DISPLAY 7 9 1
DISPLAY 9 6 1
DISPLAY 10 5 2
DISPLAY 11 7 8
DISPLAY 12 4 5
DISPLAY 13 8 4
DISPLAY 14 7 5
DISPLAY 15 2 3
DISPLAY 16 0 3
DISPLAY 17 7 4
DISPLAY 18 8 0
DISPLAY 19 6 8
DISPLAY 22 8 7
DISPLAY 23 6 2
DISPLAY 24 2 4
POSITION 0 3 1
POSITION 1 5 7
POSITION 2 8 6
POSITION 3 4 8
PLAYER 3
.
TICK 10
FIELDS 10 12 15 10 11 2 14 8 6 9 5 12 15 10 6 2 15 14 2 9 12 15 6 11 15 9 10 9 5 13 10 7 10 6 5 14 9 3 10 3 9 15 9 7 3 6 5 3 14 7 5 6 13 6 3 5 5 6 6 14 7 8 5 3 15 5 6 10 6 12 6 9 14 14 6 9 15 7 14 10 11 15 8 15 4 1 14 8 14 5 15 2 10 12 10 10 13 12 14 4
DISPLAY 0 7 0
DISPLAY 1 0 5
DISPLAY 3 7 9
DISPLAY 4 3 3
DISPLAY 5 6 6
DISPLAY 6 1 8
DISPLAY 7 9 1
DISPLAY 9 6 1
DISPLAY 10 5 2
DISPLAY 11 7 8
DISPLAY 12 4 6
DISPLAY 13 8 4
DISPLAY 14 7 5
DISPLAY 15 2 3
DISPLAY 16 0 3
DISPLAY 17 7 4
DISPLAY 18 8 0
DISPLAY 19 6 8
DISPLAY 22 8 7
DISPLAY 23 6 2
DISPLAY 24 2 4
POSITION 0 3 1
POSITION 1 5 7
POSITION 2 8 6
POSITION 3 4 9
PLAYER 0
MESSAGE OK
TARGET 0
EXTRAFIELD 12
.
TICK 10
FIELDS 10 12 15 10 11 2 14 8 6 9 12 15 10 6 2 15 14 2 9 9 12 15 6 11 15 9 10 9 5 13 10 7 10 6 5 14 9 3 10 3 9 15 9 7 3 6 5 3 14 7 5 6 13 6 3 5 5 6 6 14 7 8 5 3 15 5 6 10 6 12 6 9 14 14 6 9 15 7 14 10 11 15 8 15 4 1 14 8 14 5 15 2 10 12 10 10 13 12 14 4
DISPLAY 0 7 0
DISPLAY 1 0 5
DISPLAY 3 7 9
DISPLAY 4 3 3
DISPLAY 5 6 6
DISPLAY 6 1 8
DISPLAY 7 8 1
DISPLAY 9 5 1
DISPLAY 10 5 2
DISPLAY 11 7 8
DISPLAY 12 4 6
DISPLAY 13 8 4
DISPLAY 14 7 5
DISPLAY 15 2 3
DISPLAY 16 0 3
DISPLAY 17 7 4
DISPLAY 18 8 0
DISPLAY 19 6 8
DISPLAY 22 8 7
DISPLAY 23 6 2
DISPLAY 24 2 4
POSITION 0 0 1
POSITION 1 5 7
POSITION 2 8 6
POSITION 3 4 9
PLAYER 1
.
TICK 10
FIELDS 10 12 15 10 11 2 14 8 6 9 12 15 10 6 2 15 14 2 9 9 12 15 6 11 15 9 10 9 5 13 10 7 10 6 5 14 9 3 10 3 9 15 9 7 3 6 5 3 14 7 11 5 6 13 6 3 5 5 6 6 7 8 5 3 15 5 6 10 6 12 6 9 14 14 6 9 15 7 14 10 11 15 8 15 4 1 14 8 14 5 15 2 10 12 10 10 13 12 14 4
DISPLAY 0 7 0
DISPLAY 1 1 5
DISPLAY 3 7 9
DISPLAY 4 3 3
DISPLAY 5 6 6
DISPLAY 6 1 8
DISPLAY 7 8 1
DISPLAY 9 5 1
DISPLAY 10 5 2
DISPLAY 11 7 8
DISPLAY 12 4 6
DISPLAY 13 8 4
DISPLAY 14 8 5
DISPLAY 15 2 3
DISPLAY 16 0 3
DISPLAY 17 7 4
DISPLAY 18 8 0
DISPLAY 19 6 8
DISPLAY 22 8 7
DISPLAY 23 6 2
DISPLAY 24 2 4
POSITION 0 0 1
POSITION 1 5 7
POSITION 2 8 6
POSITION 3 4 9
PLAYER 2
.
TICK 10
FIELDS 10 12 15 10 11 2 14 8 6 9 10 15 10 6 2 15 14 2 9 9 12 15 6 11 15 9 10 9 5 13 12 7 10 6 5 14 9 3 10 3 10 15 9 7 3 6 5 3 14 7 9 5 6 13 6 3 5 5 6 6 11 8 5 3 15 5 6 10 6 12 7 9 14 14 6 9 15 7 14 10 6 15 8 15 4 1 14 8 14 5 11 2 10 12 10 10 13 12 14 4
DISPLAY 0 7 0
DISPLAY 1 1 5
DISPLAY 3 7 9
DISPLAY 4 3 3
DISPLAY 5 6 6
DISPLAY 6 1 8
DISPLAY 7 8 1
DISPLAY 9 5 1
DISPLAY 10 5 2
DISPLAY 11 7 8
DISPLAY 12 4 6
DISPLAY 13 8 4
DISPLAY 14 8 5
DISPLAY 15 2 3
DISPLAY 16 0 4
DISPLAY 17 7 4
DISPLAY 18 8 0
DISPLAY 19 6 8
DISPLAY 22 8 7
DISPLAY 23 6 2
DISPLAY 24 2 4
POSITION 0 0 2
POSITION 1 5 7
POSITION 2 8 6
POSITION 3 4 9
PLAYER 3
.
TICK 11
FIELDS 10 12 15 10 2 2 14 8 6 9 10 15 10 6 15 15 14 2 9 9 12 15 6 11 5 9 10 9 5 13 12 7 10 6 3 14 9 3 10 3 10 15 9 7 6 6 5 3 14 7 9 5 6 13 15 3 5 5 6 6 11 8 5 3 6 5 6 10 6 12 7 9 14 14 4 9 15 7 14 10 6 15 8 15 10 1 14 8 14 5 11 2 10 12 6 10 13 12 14 4
DISPLAY 0 7 0
DISPLAY 1 1 5
DISPLAY 3 7 9
DISPLAY 4 3 3
DISPLAY 5 6 6
DISPLAY 6 1 8
DISPLAY 7 8 1
DISPLAY 9 5 1
DISPLAY 10 5 2
DISPLAY 11 7 8
DISPLAY 12 4 5
DISPLAY 13 8 4
DISPLAY 14 8 5
DISPLAY 15 2 3
DISPLAY 16 0 4
DISPLAY 17 7 4
DISPLAY 18 8 0
DISPLAY 19 6 8
DISPLAY 22 8 7
DISPLAY 23 6 2
DISPLAY 24 2 4
POSITION 0 0 2
POSITION 1 5 7
POSITION 2 8 6
POSITION 3 4 8
PLAYER 0
MESSAGE OK
TARGET 0
EXTRAFIELD 5
.
TICK 11
FIELDS 5 10 12 15 10 2 2 14 8 6 10 15 10 6 15 15 14 2 9 9 12 15 6 11 5 9 10 9 5 13 12 7 10 6 3 14 9 3 10 3 10 15 9 7 6 6 5 3 14 7 9 5 6 13 15 3 5 5 6 6 11 8 5 3 6 5 6 10 6 12 7 9 14 14 4 9 15 7 14 10 6 15 8 15 10 1 14 8 14 5 11 2 10 12 6 10 13 12 14 4
DISPLAY 0 8 0
DISPLAY 1 1 5
DISPLAY 3 7 9
DISPLAY 4 3 3
DISPLAY 5 6 6
DISPLAY 6 1 8
DISPLAY 7 8 1
DISPLAY 9 5 1
DISPLAY 10 5 2
DISPLAY 11 7 8
DISPLAY 12 4 5
DISPLAY 13 8 4
DISPLAY 14 8 5
DISPLAY 15 2 3
DISPLAY 16 0 4
DISPLAY 17 7 4
DISPLAY 18 9 0
DISPLAY 19 6 8
DISPLAY 22 8 7
DISPLAY 23 6 2
DISPLAY 24 2 4
POSITION 0 0 1
POSITION 1 5 7
POSITION 2 8 6
POSITION 3 4 8
PLAYER 1
.
TICK 11
FIELDS 5 10 12 15 10 14 2 14 8 6 10 15 10 6 15 2 14 2 9 9 12 15 6 11 5 15 10 9 5 13 12 7 10 6 3 9 9 3 10 3 10 15 9 7 6 14 5 3 14 7 9 5 6 13 15 6 5 5 6 6 11 8 5 3 6 3 6 10 6 12 7 9 14 14 4 5 15 7 14 10 6 15 8 15 10 9 14 8 14 5 11 2 10 12 6 1 13 12 14 4
DISPLAY 0 8 0
DISPLAY 1 1 5
DISPLAY 3 7 9
DISPLAY 4 3 3
DISPLAY 5 6 6
DISPLAY 6 1 8
DISPLAY 7 8 1
DISPLAY 9 5 2
DISPLAY 10 5 3
DISPLAY 11 7 8
DISPLAY 12 4 5
DISPLAY 13 8 4
DISPLAY 14 8 5
DISPLAY 15 2 3
DISPLAY 16 0 4
DISPLAY 17 7 4
DISPLAY 18 9 0
DISPLAY 19 6 8
DISPLAY 22 8 7
DISPLAY 23 6 2
DISPLAY 24 2 4
POSITION 0 0 1
POSITION 1 5 8
POSITION 2 8 6
POSITION 3 4 8
PLAYER 2
.
TICK 11
FIELDS 15 10 12 15 10 14 2 14 8 6 5 15 10 6 15 2 14 2 9 9 10 15 6 11 5 15 10 9 5 13 12 7 10 6 3 9 9 3 10 3 12 15 9 7 6 14 5 3 14 7 10 5 6 13 15 6 5 5 6 6 9 8 5 3 6 3 6 10 6 12 11 9 14 14 4 5 15 7 14 10 7 15 8 15 10 9 14 8 14 5 6 2 10 12 6 1 13 12 14 4
DISPLAY 0 8 0
DISPLAY 1 1 5
DISPLAY 3 7 9
DISPLAY 4 3 3
DISPLAY 5 6 6
DISPLAY 6 1 8
DISPLAY 7 8 1
DISPLAY 9 5 2
DISPLAY 10 5 3
DISPLAY 11 7 8
DISPLAY 12 4 5
DISPLAY 13 8 4
DISPLAY 14 8 5
DISPLAY 15 2 3
DISPLAY 16 0 5
DISPLAY 17 7 4
DISPLAY 18 9 0
DISPLAY 19 6 8
DISPLAY 22 8 7
DISPLAY 23 6 2
DISPLAY 24 2 4
POSITION 0 0 2
POSITION 1 5 8
POSITION 2 8 6
POSITION 3 4 8
PLAYER 3
.
TICK 12
FIELDS 15 10 12 15 11 14 2 14 8 6 5 15 10 6 10 2 14 2 9 9 10 15 6 11 15 15 10 9 5 13 12 7 10 6 5 9 9 3 10 3 12 15 9 7 3 14 5 3 14 7 10 5 6 13 6 6 5 5 6 6 9 8 5 3 15 3 6 10 6 12 11 9 14 14 6 5 15 7 14 10 7 15 8 15 4 9 14 8 14 5 6 2 10 12 10 1 13 12 14 4
DISPLAY 0 8 0
DISPLAY 1 1 5
DISPLAY 3 7 9
DISPLAY 4 3 3
DISPLAY 5 6 6
DISPLAY 6 1 8
DISPLAY 7 8 1
DISPLAY 9 5 2
DISPLAY 10 5 3
DISPLAY 11 7 8
DISPLAY 12 4 6
DISPLAY 13 8 4
DISPLAY 14 8 5
DISPLAY 15 2 3
DISPLAY 16 0 5
DISPLAY 17 7 4
DISPLAY 18 9 0
DISPLAY 19 6 8
DISPLAY 22 8 7
DISPLAY 23 6 2
DISPLAY 24 2 4
POSITION 0 0 2
POSITION 1 5 8
POSITION 2 8 6
POSITION 3 4 9
PLAYER 0
MESSAGE OK
TARGET 0
EXTRAFIELD 9
.
TICK 12
FIELDS 9 15 10 12 15 11 14 2 14 8 5 15 10 6 10 2 14 2 9 9 10 15 6 11 15 15 10 9 5 13 12 7 10 6 5 9 9 3 10 3 12 15 9 7 3 14 5 3 14 7 10 5 6 13 6 6 5 5 6 6 9 8 5 3 15 3 6 10 6 12 11 9 14 14 6 5 15 7 14 10 7 15 8 15 4 9 14 8 14 5 6 2 10 12 10 1 13 12 14 4
DISPLAY 0 9 0
DISPLAY 1 1 5
DISPLAY 3 7 9
DISPLAY 4 3 3
DISPLAY 5 6 6
DISPLAY 6 1 8
DISPLAY 7 8 1
DISPLAY 9 5 2
DISPLAY 10 5 3
DISPLAY 11 7 8
DISPLAY 12 4 6
DISPLAY 13 8 4
DISPLAY 14 8 5
DISPLAY 15 2 3
DISPLAY 16 0 5
DISPLAY 17 7 4
DISPLAY 18 0 0
DISPLAY 19 6 8
DISPLAY 22 8 7
DISPLAY 23 6 2
DISPLAY 24 2 4
POSITION 0 0 0
POSITION 1 5 8
POSITION 2 8 6
POSITION 3 4 9
PLAYER 1
.
TICK 12
FIELDS 9 15 10 12 15 11 14 2 14 8 5 15 10 6 10 2 14 2 9 9 10 15 6 11 15 15 10 9 5 13 12 7 10 6 5 9 9 3 10 3 12 15 9 7 3 14 5 3 14 7 10 5 6 13 6 6 5 5 6 6 9 8 5 3 15 3 6 10 6 12 11 9 14 14 6 5 15 7 14 10 7 15 8 15 4 9 14 8 14 5 10 6 2 10 12 10 1 13 12 14
DISPLAY 0 9 0
DISPLAY 1 1 5
DISPLAY 3 8 9
DISPLAY 4 3 3
DISPLAY 5 6 6
DISPLAY 6 1 8
DISPLAY 7 8 1
DISPLAY 9 5 2
DISPLAY 10 5 3
DISPLAY 11 7 8
DISPLAY 12 4 6
DISPLAY 13 8 4
DISPLAY 14 8 5
DISPLAY 15 2 3
DISPLAY 16 0 5
DISPLAY 17 7 4
DISPLAY 18 0 0
DISPLAY 19 6 8
DISPLAY 22 8 7
DISPLAY 23 6 2
DISPLAY 24 2 4
POSITION 0 0 0
POSITION 1 5 8
POSITION 2 8 6
POSITION 3 5 9
PLAYER 2
.
TICK 12
FIELDS 11 15 10 12 15 11 14 2 14 8 9 15 10 6 10 2 14 2 9 9 5 15 6 11 15 15 10 9 5 13 10 7 10 6 5 9 9 3 10 3 12 15 9 7 3 14 5 3 14 7 12 5 6 13 6 6 5 5 6 6 10 8 5 3 15 3 6 10 6 12 9 9 14 14 6 5 15 7 14 10 11 15 8 15 4 9 14 8 14 5 7 6 2 10 12 10 1 13 12 14
DISPLAY 0 9 0
DISPLAY 1 1 5
DISPLAY 3 8 9
DISPLAY 4 3 3
DISPLAY 5 6 6
DISPLAY 6 1 8
DISPLAY 7 8 1
DISPLAY 9 5 2
DISPLAY 10 5 3
DISPLAY 11 7 8
DISPLAY 12 4 6
DISPLAY 13 8 4
DISPLAY 14 8 5
DISPLAY 15 2 3
DISPLAY 16 0 6
DISPLAY 17 7 4
DISPLAY 18 0 1
DISPLAY 19 6 8
DISPLAY 22 8 7
DISPLAY 23 6 2
DISPLAY 24 2 4
POSITION 0 0 1
POSITION 1 5 8
POSITION 2 8 6
POSITION 3 5 9
PLAYER 3
.
TICK 13
FIELDS 11 15 10 12 10 11 14 2 14 8 9 15 10 6 15 2 14 2 9 9 5 15 6 11 5 15 10 9 5 13 10 7 10 6 3 9 9 3 10 3 12 15 9 7 6 14 5 3 14 7 12 5 6 13 15 6 5 5 6 6 10 8 5 3 6 3 6 10 6 12 9 9 14 14 4 5 15 7 14 10 11 15 8 15 12 9 14 8 14 5 7 6 2 10 6 10 1 13 12 14
DISPLAY 0 9 0
DISPLAY 1 1 5
DISPLAY 3 8 9
DISPLAY 4 3 3
DISPLAY 5 6 6
DISPLAY 6 1 8
DISPLAY 7 8 1
DISPLAY 9 5 2
DISPLAY 10 5 3
DISPLAY 11 7 8
DISPLAY 12 4 5
DISPLAY 13 8 4
DISPLAY 14 8 5
DISPLAY 15 2 3
DISPLAY 16 0 6
DISPLAY 17 7 4
DISPLAY 18 0 1
DISPLAY 19 6 8
DISPLAY 22 8 7
DISPLAY 23 6 2
DISPLAY 24 2 4
POSITION 0 0 1
POSITION 1 5 8
POSITION 2 8 6
POSITION 3 5 9
PLAYER 0
MESSAGE OK
TARGET 0
EXTRAFIELD 6
.
TICK 13
FIELDS 12 11 15 10 12 10 11 14 2 14 9 15 10 6 15 2 14 2 9 9 5 15 6 11 5 15 10 9 5 13 10 7 10 6 3 9 9 3 10 3 12 15 9 7 6 14 5 3 14 7 12 5 6 13 15 6 5 5 6 6 10 8 5 3 6 3 6 10 6 12 9 9 14 14 4 5 15 7 14 10 11 15 8 15 12 9 14 8 14 5 7 6 2 10 6 10 1 13 12 14
DISPLAY 1 1 5
DISPLAY 3 8 9
DISPLAY 4 3 3
DISPLAY 5 6 6
DISPLAY 6 1 8
DISPLAY 7 8 1
DISPLAY 9 5 2
DISPLAY 10 5 3
DISPLAY 11 7 8
DISPLAY 12 4 5
DISPLAY 13 8 4
DISPLAY 14 8 5
DISPLAY 15 2 3
DISPLAY 16 0 6
DISPLAY 17 7 4
DISPLAY 18 0 1
DISPLAY 19 6 8
DISPLAY 22 8 7
DISPLAY 23 6 2
DISPLAY 24 2 4
POSITION 0 0 0
POSITION 1 5 8
POSITION 2 8 6
POSITION 3 5 9
PLAYER 1
.
TICK 13
FIELDS 12 11 15 10 12 10 14 14 2 14 9 15 10 6 15 2 10 2 9 9 5 15 6 11 5 15 9 9 5 13 10 7 10 6 3 9 5 3 10 3 12 15 9 7 6 14 5 3 14 7 12 5 6 13 15 6 6 5 6 6 10 8 5 3 6 3 15 10 6 12 9 9 14 14 4 5 14 7 14 10 11 15 8 15 12 9 1 8 14 5 7 6 2 10 6 10 4 13 12 14
DISPLAY 1 1 5
DISPLAY 3 8 9
DISPLAY 4 3 3
DISPLAY 5 6 5
DISPLAY 6 1 8
DISPLAY 7 8 1
DISPLAY 9 5 2
DISPLAY 10 5 3
DISPLAY 11 7 8
DISPLAY 12 4 5
DISPLAY 13 8 4
DISPLAY 14 8 5
DISPLAY 15 2 3
DISPLAY 16 0 6
DISPLAY 17 7 4
DISPLAY 18 0 1
DISPLAY 19 6 7
DISPLAY 22 8 7
DISPLAY 23 6 1
DISPLAY 24 2 4
POSITION 0 0 0
POSITION 1 5 8
POSITION 2 8 6
POSITION 3 5 9
PLAYER 2
.
TICK 13
FIELDS 10 11 15 10 12 10 14 14 2 14 12 15 10 6 15 2 10 2 9 9 9 15 6 11 5 15 9 9 5 13 5 7 10 6 3 9 5 3 10 3 10 15 9 7 6 14 5 3 14 7 12 5 6 13 15 6 6 5 6 6 12 8 5 3 6 3 15 10 6 12 10 9 14 14 4 5 14 7 14 10 9 15 8 15 12 9 1 8 14 5 11 6 2 10 6 10 4 13 12 14
DISPLAY 1 1 5
DISPLAY 3 8 9
DISPLAY 4 3 3
DISPLAY 5 6 5
DISPLAY 6 1 8
DISPLAY 7 8 1
DISPLAY 9 5 2
DISPLAY 10 5 3
DISPLAY 11 7 8
DISPLAY 12 4 5
DISPLAY 13 8 4
DISPLAY 14 8 5
DISPLAY 15 2 3
DISPLAY 16 0 7
DISPLAY 17 7 4
DISPLAY 18 0 2
DISPLAY 19 6 7
DISPLAY 22 8 7
DISPLAY 23 6 1
DISPLAY 24 2 4
POSITION 0 0 1
POSITION 1 5 8
POSITION 2 8 6
POSITION 3 5 9
PLAYER 3
.
TICK 14
FIELDS 10 11 15 10 15 10 14 14 2 14 12 15 10 6 5 2 10 2 9 9 9 15 6 11 3 15 9 9 5 13 5 7 10 6 6 9 5 3 10 3 10 15 9 7 15 14 5 3 14 7 12 5 6 13 6 6 6 5 6 6 12 8 5 3 4 3 15 10 6 12 10 9 14 14 12 5 14 7 14 10 9 15 8 15 6 9 1 8 14 5 11 6 2 10 15 10 4 13 12 14
DISPLAY 1 1 5
DISPLAY 3 8 9
DISPLAY 4 3 3
DISPLAY 5 6 5
DISPLAY 6 1 8
DISPLAY 7 8 1
DISPLAY 9 5 2
DISPLAY 10 5 3
DISPLAY 11 7 8
DISPLAY 12 4 4
DISPLAY 13 8 4
DISPLAY 14 8 5
DISPLAY 15 2 3
DISPLAY 16 0 7
DISPLAY 17 7 4
DISPLAY 18 0 2
DISPLAY 19 6 7
DISPLAY 22 8 7
DISPLAY 23 6 1
DISPLAY 24 2 4
POSITION 0 0 1
POSITION 1 5 8
POSITION 2 8 6
POSITION 3 5 9
PLAYER 0
MESSAGE OK
TARGET 5
EXTRAFIELD 8
.
TICK 14
FIELDS 10 11 15 10 15 10 10 14 2 14 12 15 10 6 5 2 9 2 9 9 9 15 6 11 3 15 5 9 5 13 5 7 10 6 6 9 5 3 10 3 10 15 9 7 15 14 6 3 14 7 12 5 6 13 6 6 15 5 6 6 12 8 5 3 4 3 14 10 6 12 10 9 14 14 12 5 1 7 14 10 9 15 8 15 6 9 4 8 14 5 11 6 2 10 15 10 8 13 12 14
DISPLAY 1 1 5
DISPLAY 3 8 9
DISPLAY 4 3 3
DISPLAY 5 6 4
DISPLAY 6 1 8
DISPLAY 7 8 1
DISPLAY 9 5 2
DISPLAY 10 5 3
DISPLAY 11 7 8
DISPLAY 12 4 4
DISPLAY 13 8 4
DISPLAY 14 8 5
DISPLAY 15 2 3
DISPLAY 16 0 7
DISPLAY 17 7 4
DISPLAY 18 0 2
DISPLAY 19 6 6
DISPLAY 22 8 7
DISPLAY 23 6 0
DISPLAY 24 2 4
POSITION 0 3 2
POSITION 1 5 8
POSITION 2 8 6
POSITION 3 5 9
PLAYER 1
.
TICK 14
FIELDS 10 11 15 10 15 10 11 14 2 14 12 15 10 6 5 2 10 2 9 9 9 15 6 11 3 15 9 9 5 13 5 7 10 6 6 9 5 3 10 3 10 15 9 7 15 14 5 3 14 7 12 5 6 13 6 6 6 5 6 6 12 8 5 3 4 3 15 10 6 12 10 9 14 14 12 5 14 7 14 10 9 15 8 15 6 9 1 8 14 5 11 6 2 10 15 10 4 13 12 14
DISPLAY 1 1 5
DISPLAY 3 8 9
DISPLAY 4 3 3
DISPLAY 5 6 5
DISPLAY 6 1 8
DISPLAY 7 8 1
DISPLAY 9 5 2
DISPLAY 10 5 3
DISPLAY 11 7 8
DISPLAY 12 4 4
DISPLAY 13 8 4
DISPLAY 14 8 5
DISPLAY 15 2 3
DISPLAY 16 0 7
DISPLAY 17 7 4
DISPLAY 18 0 2
DISPLAY 19 6 7
DISPLAY 22 8 7
DISPLAY 23 6 1
DISPLAY 24 2 4
POSITION 0 3 2
POSITION 1 5 8
POSITION 2 8 6
POSITION 3 5 9
PLAYER 2
.
TICK 14
FIELDS 7 11 15 10 15 10 11 14 2 14 10 15 10 6 5 2 10 2 9 9 12 15 6 11 3 15 9 9 5 13 9 7 10 6 6 9 5 3 10 3 5 15 9 7 15 14 5 3 14 7 10 5 6 13 6 6 6 5 6 6 12 8 5 3 4 3 15 10 6 12 12 9 14 14 12 5 14 7 14 10 10 15 8 15 6 9 1 8 14 5 9 6 2 10 15 10 4 13 12 14
DISPLAY 1 1 5
DISPLAY 3 8 9
DISPLAY 4 3 3
DISPLAY 5 6 5
DISPLAY 6 1 8
DISPLAY 7 8 1
DISPLAY 9 5 2
DISPLAY 10 5 3
DISPLAY 11 7 8
DISPLAY 12 4 4
DISPLAY 13 8 4
DISPLAY 14 8 5
DISPLAY 15 2 3
DISPLAY 16 0 8
DISPLAY 17 7 4
DISPLAY 18 0 3
DISPLAY 19 6 7
DISPLAY 22 8 7
DISPLAY 23 6 1
DISPLAY 24 2 4
POSITION 0 3 2
POSITION 1 5 8
POSITION 2 8 6
POSITION 3 5 9
PLAYER 3
.
TICK 15
FIELDS 7 11 15 10 12 10 11 14 2 14 10 15 10 6 15 2 10 2 9 9 12 15 6 11 5 15 9 9 5 13 9 7 10 6 3 9 5 3 10 3 5 15 9 7 6 14 5 3 14 7 10 5 6 13 15 6 6 5 6 6 12 8 5 3 6 3 15 10 6 12 12 9 14 14 4 5 14 7 14 10 10 15 8 15 12 9 1 8 14 5 9 6 2 10 6 10 4 13 12 14
DISPLAY 1 1 5
DISPLAY 3 8 9
DISPLAY 4 3 3
DISPLAY 5 6 5
DISPLAY 6 1 8
DISPLAY 7 8 1
DISPLAY 9 5 2
DISPLAY 10 5 3
DISPLAY 11 7 8
DISPLAY 12 4 5
DISPLAY 13 8 4
DISPLAY 14 8 5
DISPLAY 15 2 3
DISPLAY 16 0 8
DISPLAY 17 7 4
DISPLAY 18 0 3
DISPLAY 19 6 7
DISPLAY 22 8 7
DISPLAY 23 6 1
DISPLAY 24 2 4
POSITION 0 3 2
POSITION 1 5 8
POSITION 2 8 6
POSITION 3 5 9
PLAYER 0
MESSAGE OK
TARGET 5
EXTRAFIELD 14
.
TICK 15
FIELDS 7 15 15 10 12 10 11 14 2 14 10 15 10 6 15 2 10 2 9 9 12 7 6 11 5 15 9 9 5 13 9 15 10 6 3 9 5 3 10 3 5 5 9 7 6 14 5 3 14 7 10 8 6 13 15 6 6 5 6 6 12 9 5 3 6 3 15 10 6 12 12 15 14 14 4 5 14 7 14 10 10 6 8 15 12 9 1 8 14 5 9 14 2 10 6 10 4 13 12 14
DISPLAY 1 1 4
DISPLAY 3 8 9
DISPLAY 4 3 3
DISPLAY 5 6 5
DISPLAY 6 1 7
DISPLAY 7 8 1
DISPLAY 9 5 2
DISPLAY 10 5 3
DISPLAY 11 7 8
DISPLAY 12 4 5
DISPLAY 13 8 4
DISPLAY 14 8 5
DISPLAY 15 2 3
DISPLAY 16 0 8
DISPLAY 17 7 4
DISPLAY 18 0 3
DISPLAY 19 6 7
DISPLAY 22 8 7
DISPLAY 23 6 1
DISPLAY 24 2 4
POSITION 0 5 6
POSITION 1 5 8
POSITION 2 8 6
POSITION 3 5 9
PLAYER 1
.
TICK 15
FIELDS 7 15 15 6 12 10 11 14 2 14 10 15 10 11 15 2 10 2 9 9 12 7 6 6 5 15 9 9 5 13 9 15 10 7 3 9 5 3 10 3 5 5 9 13 6 14 5 3 14 7 10 8 6 3 15 6 6 5 6 6 12 9 5 14 6 3 15 10 6 12 12 15 14 15 4 5 14 7 14 10 10 6 8 10 12 9 1 8 14 5 9 14 2 8 6 10 4 13 12 14
DISPLAY 1 1 4
DISPLAY 3 8 9
DISPLAY 4 3 2
DISPLAY 5 6 5
DISPLAY 6 1 7
DISPLAY 7 8 1
DISPLAY 9 5 2
DISPLAY 10 5 3
DISPLAY 11 7 8
DISPLAY 12 4 5
DISPLAY 13 8 4
DISPLAY 14 8 5
DISPLAY 15 2 3
DISPLAY 16 0 8
DISPLAY 17 7 4
DISPLAY 18 0 3
DISPLAY 19 6 7
DISPLAY 22 8 7
DISPLAY 23 6 1
DISPLAY 24 2 4
POSITION 0 5 6
POSITION 1 5 8
POSITION 2 8 6
POSITION 3 5 9
PLAYER 2
.
TICK 15
FIELDS 11 15 15 6 12 10 11 14 2 14 7 15 10 11 15 2 10 2 9 9 10 7 6 6 5 15 9 9 5 13 12 15 10 7 3 9 5 3 10 3 9 5 9 13 6 14 5 3 14 7 5 8 6 3 15 6 6 5 6 6 10 9 5 14 6 3 15 10 6 12 12 15 14 15 4 5 14 7 14 10 12 6 8 10 12 9 1 8 14 5 10 14 2 8 6 10 4 13 12 14
DISPLAY 1 1 4
DISPLAY 3 8 9
DISPLAY 4 3 2
DISPLAY 5 6 5
DISPLAY 6 1 7
DISPLAY 7 8 1
DISPLAY 9 5 2
DISPLAY 10 5 3
DISPLAY 11 7 8
DISPLAY 12 4 5
DISPLAY 13 8 4
DISPLAY 14 8 5
DISPLAY 15 2 3
DISPLAY 16 0 9
DISPLAY 17 7 4
DISPLAY 18 0 4
DISPLAY 19 6 7
DISPLAY 22 8 7
DISPLAY 23 6 1
DISPLAY 24 2 4
POSITION 0 5 6
POSITION 1 5 8
POSITION 2 8 6
POSITION 3 5 9
PLAYER 3
.
TICK 16
FIELDS 11 15 15 6 15 10 11 14 2 14 7 15 10 11 5 2 10 2 9 9 10 7 6 6 3 15 9 9 5 13 12 15 10 7 6 9 5 3 10 3 9 5 9 13 15 14 5 3 14 7 5 8 6 3 6 6 6 5 6 6 10 9 5 14 4 3 15 10 6 12 12 15 14 15 12 5 14 7 14 10 12 6 8 10 6 9 1 8 14 5 10 14 2 8 15 10 4 13 12 14
DISPLAY 1 1 4
DISPLAY 3 8 9
DISPLAY 4 3 2
DISPLAY 5 6 5
DISPLAY 6 1 7
DISPLAY 7 8 1
DISPLAY 9 5 2
DISPLAY 10 5 3
DISPLAY 11 7 8
DISPLAY 12 4 4
DISPLAY 13 8 4
DISPLAY 14 8 5
DISPLAY 15 2 3
DISPLAY 16 0 9
DISPLAY 17 7 4
DISPLAY 18 0 4
DISPLAY 19 6 7
DISPLAY 22 8 7
DISPLAY 23 6 1
DISPLAY 24 2 4
POSITION 0 5 6
POSITION 1 5 8
POSITION 2 8 6
POSITION 3 5 9
PLAYER 0
MESSAGE OK
TARGET 5
EXTRAFIELD 11
.
TICK 16
FIELDS 11 15 15 6 15 10 11 14 2 14 7 15 10 11 5 2 10 2 9 9 10 7 6 6 3 15 9 9 5 13 12 15 10 7 6 9 5 3 10 3 9 5 9 13 15 14 5 3 14 7 8 6 3 6 6 6 5 6 6 11 10 9 5 14 4 3 15 10 6 12 12 15 14 15 12 5 14 7 14 10 12 6 8 10 6 9 1 8 14 5 10 14 2 8 15 10 4 13 12 14
DISPLAY 1 1 4
DISPLAY 3 8 9
DISPLAY 4 3 2
DISPLAY 6 1 7
DISPLAY 7 8 1
DISPLAY 9 5 2
DISPLAY 10 5 3
DISPLAY 11 7 8
DISPLAY 12 4 4
DISPLAY 13 8 4
DISPLAY 14 7 5
DISPLAY 15 2 3
DISPLAY 16 0 9
DISPLAY 17 7 4
DISPLAY 18 0 4
DISPLAY 19 6 7
DISPLAY 22 8 7
DISPLAY 23 6 1
DISPLAY 24 2 4
POSITION 0 5 5
POSITION 1 5 8
POSITION 2 8 6
POSITION 3 5 9
PLAYER 1
.
TICK 16
FIELDS 11 15 15 6 15 10 11 14 2 14 7 15 10 11 5 2 10 2 9 9 10 7 6 6 3 15 9 9 5 13 10 12 15 10 7 6 9 5 3 10 9 5 9 13 15 14 5 3 14 7 8 6 3 6 6 6 5 6 6 11 10 9 5 14 4 3 15 10 6 12 12 15 14 15 12 5 14 7 14 10 12 6 8 10 6 9 1 8 14 5 10 14 2 8 15 10 4 13 12 14
DISPLAY 1 1 4
DISPLAY 3 8 9
DISPLAY 4 3 2
DISPLAY 6 1 7
DISPLAY 7 8 1
DISPLAY 9 5 2
DISPLAY 10 6 3
DISPLAY 11 7 8
DISPLAY 12 4 4
DISPLAY 13 8 4
DISPLAY 14 7 5
DISPLAY 15 3 3
DISPLAY 16 0 9
DISPLAY 17 7 4
DISPLAY 18 0 4
DISPLAY 19 6 7
DISPLAY 22 8 7
DISPLAY 23 6 1
DISPLAY 24 2 4
POSITION 0 5 5
POSITION 1 5 8
POSITION 2 8 6
POSITION 3 5 9
PLAYER 2
.
TICK 16
FIELDS 9 15 15 6 15 10 11 14 2 14 11 15 10 11 5 2 10 2 9 9 7 7 6 6 3 15 9 9 5 13 10 12 15 10 7 6 9 5 3 10 10 5 9 13 15 14 5 3 14 7 9 6 3 6 6 6 5 6 6 11 8 9 5 14 4 3 15 10 6 12 10 15 14 15 12 5 14 7 14 10 12 6 8 10 6 9 1 8 14 5 12 14 2 8 15 10 4 13 12 14
DISPLAY 1 1 4
DISPLAY 3 8 9
DISPLAY 4 3 2
DISPLAY 6 1 7
DISPLAY 7 8 1
DISPLAY 9 5 2
DISPLAY 10 6 3
DISPLAY 11 7 8
DISPLAY 12 4 4
DISPLAY 13 8 4
DISPLAY 14 7 5
DISPLAY 15 3 3
DISPLAY 16 0 0
DISPLAY 17 7 4
DISPLAY 18 0 5
DISPLAY 19 6 7
DISPLAY 22 8 7
DISPLAY 23 6 1
DISPLAY 24 2 4
POSITION 0 5 5
POSITION 1 5 8
POSITION 2 6 4
POSITION 3 5 9
PLAYER 3
.
TICK 17
FIELDS 9 15 15 6 12 10 11 14 2 14 11 15 10 11 15 2 10 2 9 9 7 7 6 6 5 15 9 9 5 13 10 12 15 10 3 6 9 5 3 10 10 5 9 13 7 14 5 3 14 7 9 6 3 6 15 6 5 6 6 11 8 9 5 14 6 3 15 10 6 12 10 15 14 15 4 5 14 7 14 10 12 6 8 10 12 9 1 8 14 5 12 14 2 8 6 10 4 13 12 14
DISPLAY 1 1 4
DISPLAY 3 8 9
DISPLAY 4 3 2
DISPLAY 6 1 7
DISPLAY 7 8 1
DISPLAY 9 5 2
DISPLAY 10 6 3
DISPLAY 11 7 8
DISPLAY 12 4 5
DISPLAY 13 8 4
DISPLAY 14 7 5
DISPLAY 15 3 3
DISPLAY 16 0 0
DISPLAY 17 7 4
DISPLAY 18 0 5
DISPLAY 19 6 7
DISPLAY 22 8 7
DISPLAY 23 6 1
DISPLAY 24 2 4
POSITION 0 5 5
POSITION 1 5 8
POSITION 2 6 4
POSITION 3 5 9
PLAYER 0
MESSAGE OK
TARGET 18
EXTRAFIELD 5
.
TICK 17
FIELDS 9 15 15 5 12 10 11 14 2 14 11 15 10 6 15 2 10 2 9 9 7 7 6 11 5 15 9 9 5 13 10 12 15 6 3 6 9 5 3 10 10 5 9 10 7 14 5 3 14 7 9 6 3 13 15 6 5 6 6 11 8 9 5 6 6 3 15 10 6 12 10 15 14 14 4 5 14 7 14 10 12 6 8 15 12 9 1 8 14 5 12 14 2 10 6 10 4 13 12 14
DISPLAY 1 1 4
DISPLAY 3 8 9
DISPLAY 4 3 3
DISPLAY 6 1 7
DISPLAY 7 8 1
DISPLAY 9 5 2
DISPLAY 10 6 3
DISPLAY 11 7 8
DISPLAY 12 4 5
DISPLAY 13 8 4
DISPLAY 14 7 5
DISPLAY 15 3 4
DISPLAY 16 0 0
DISPLAY 17 7 4
DISPLAY 18 0 5
DISPLAY 19 6 7
DISPLAY 22 8 7
DISPLAY 23 6 1
DISPLAY 24 2 4
POSITION 0 1 4
POSITION 1 5 8
POSITION 2 6 4
POSITION 3 5 9
PLAYER 1
.
TICK 17
FIELDS 9 15 15 5 3 10 11 14 2 14 11 15 10 6 12 2 10 2 9 9 7 7 6 11 15 15 9 9 5 13 10 12 15 6 5 6 9 5 3 10 10 5 9 10 3 14 5 3 14 7 9 6 3 13 7 6 5 6 6 11 8 9 5 6 15 3 15 10 6 12 10 15 14 14 6 5 14 7 14 10 12 6 8 15 4 9 1 8 14 5 12 14 2 10 12 10 4 13 12 14
DISPLAY 1 1 4
DISPLAY 3 8 9
DISPLAY 4 3 3
DISPLAY 6 1 7
DISPLAY 7 8 1
DISPLAY 9 5 2
DISPLAY 10 6 3
DISPLAY 11 7 8
DISPLAY 12 4 6
DISPLAY 13 8 4
DISPLAY 14 7 5
DISPLAY 15 3 4
DISPLAY 16 0 0
DISPLAY 17 7 4
DISPLAY 18 0 5
DISPLAY 19 6 7
DISPLAY 22 8 7
DISPLAY 23 6 1
DISPLAY 24 2 4
POSITION 0 1 4
POSITION 1 5 8
POSITION 2 6 4
POSITION 3 5 9
PLAYER 2
.
TICK 17
FIELDS 9 15 15 5 3 10 11 14 10 14 11 15 10 6 12 2 10 2 2 9 7 7 6 11 15 15 9 9 9 13 10 12 15 6 5 6 9 5 5 10 10 5 9 10 3 14 5 3 3 7 9 6 3 13 7 6 5 6 14 11 8 9 5 6 15 3 15 10 6 12 10 15 14 14 6 5 14 7 6 10 12 6 8 15 4 9 1 8 14 5 12 14 2 10 12 10 4 13 14 14
DISPLAY 1 1 4
DISPLAY 3 8 0
DISPLAY 4 3 3
DISPLAY 6 1 7
DISPLAY 7 8 2
DISPLAY 9 5 2
DISPLAY 10 6 3
DISPLAY 11 7 8
DISPLAY 12 4 6
DISPLAY 13 8 5
DISPLAY 14 7 5
DISPLAY 15 3 4
DISPLAY 16 0 0
DISPLAY 17 7 4
DISPLAY 18 0 5
DISPLAY 19 6 7
DISPLAY 22 8 8
DISPLAY 23 6 1
DISPLAY 24 2 4
POSITION 0 1 4
POSITION 1 5 8
POSITION 2 8 6
POSITION 3 5 9
PLAYER 3
.
TICK 18
FIELDS 9 15 15 5 15 10 11 14 10 14 11 15 10 6 3 2 10 2 2 9 7 7 6 11 12 15 9 9 9 13 10 12 15 6 15 6 9 5 5 10 10 5 9 10 5 14 5 3 3 7 9 6 3 13 3 6 5 6 14 11 8 9 5 6 7 3 15 10 6 12 10 15 14 14 15 5 14 7 6 10 12 6 8 15 6 9 1 8 14 5 12 14 2 10 4 10 4 13 14 14
DISPLAY 1 1 4
DISPLAY 3 8 0
DISPLAY 4 3 3
DISPLAY 6 1 7
DISPLAY 7 8 2
DISPLAY 9 5 2
DISPLAY 10 6 3
DISPLAY 11 7 8
DISPLAY 12 4 7
DISPLAY 13 8 5
DISPLAY 14 7 5
DISPLAY 15 3 4
DISPLAY 16 0 0
DISPLAY 17 7 4
DISPLAY 18 0 5
DISPLAY 19 6 7
DISPLAY 22 8 8
DISPLAY 23 6 1
DISPLAY 24 2 4
POSITION 0 1 4
POSITION 1 5 8
POSITION 2 8 6
POSITION 3 5 9
PLAYER 0
MESSAGE OK
TARGET 18
EXTRAFIELD 8
.
TICK 18
FIELDS 9 15 15 5 15 10 11 14 10 14 11 15 10 6 3 2 10 2 2 9 7 7 6 11 12 15 9 9 9 13 10 12 15 6 15 6 9 5 5 10 10 5 9 10 5 14 5 3 3 7 8 9 6 3 13 3 6 5 6 14 8 9 5 6 7 3 15 10 6 12 10 15 14 14 15 5 14 7 6 10 12 6 8 15 6 9 1 8 14 5 12 14 2 10 4 10 4 13 14 14
DISPLAY 1 1 4
DISPLAY 3 8 0
DISPLAY 4 3 3
DISPLAY 6 1 7
DISPLAY 7 8 2
DISPLAY 9 5 2
DISPLAY 10 6 3
DISPLAY 11 7 8
DISPLAY 12 4 7
DISPLAY 13 9 5
DISPLAY 14 8 5
DISPLAY 15 3 4
DISPLAY 16 0 0
DISPLAY 17 7 4
DISPLAY 19 6 7
DISPLAY 22 8 8
DISPLAY 23 6 1
DISPLAY 24 2 4
POSITION 0 1 5
POSITION 1 5 8
POSITION 2 8 6
POSITION 3 5 9
PLAYER 1
.
TICK 18
FIELDS 15 15 5 15 10 11 14 10 14 6 11 15 10 6 3 2 10 2 2 9 7 7 6 11 12 15 9 9 9 13 10 12 15 6 15 6 9 5 5 10 10 5 9 10 5 14 5 3 3 7 8 9 6 3 13 3 6 5 6 14 8 9 5 6 7 3 15 10 6 12 10 15 14 14 15 5 14 7 6 10 12 6 8 15 6 9 1 8 14 5 12 14 2 10 4 10 4 13 14 14
DISPLAY 1 1 4
DISPLAY 3 7 0
DISPLAY 4 3 3
DISPLAY 6 1 7
DISPLAY 7 8 2
DISPLAY 9 5 2
DISPLAY 10 6 3
DISPLAY 11 7 8
DISPLAY 12 4 7
DISPLAY 13 9 5
DISPLAY 14 8 5
DISPLAY 15 3 4
DISPLAY 16 9 0
DISPLAY 17 7 4
DISPLAY 19 6 7
DISPLAY 22 8 8
DISPLAY 23 6 1
DISPLAY 24 2 4
POSITION 0 1 5
POSITION 1 5 8
POSITION 2 8 6
POSITION 3 5 9
PLAYER 2
.
TICK 18
FIELDS 15 15 5 15 10 11 14 10 14 12 11 15 10 6 3 2 10 2 2 6 7 7 6 11 12 15 9 9 9 9 10 12 15 6 15 6 9 5 5 13 10 5 9 10 5 14 5 3 3 10 8 9 6 3 13 3 6 5 6 7 8 9 5 6 7 3 15 10 6 14 10 15 14 14 15 5 14 7 6 12 12 6 8 15 6 9 1 8 14 10 12 14 2 10 4 10 4 13 14 5
DISPLAY 1 1 4
DISPLAY 3 7 0
DISPLAY 4 3 3
DISPLAY 6 1 7
DISPLAY 7 8 2
DISPLAY 9 5 2
DISPLAY 10 6 3
DISPLAY 11 7 8
DISPLAY 12 4 7
DISPLAY 13 9 6
DISPLAY 14 8 5
DISPLAY 15 3 4
DISPLAY 16 9 1
DISPLAY 17 7 4
DISPLAY 19 6 7
DISPLAY 22 8 8
DISPLAY 23 6 1
DISPLAY 24 2 4
POSITION 0 1 5
POSITION 1 5 8
POSITION 2 8 6
POSITION 3 5 9
PLAYER 3
.
TICK 19
FIELDS 15 15 5 15 12 11 14 10 14 12 11 15 10 6 10 2 10 2 2 6 7 7 6 11 3 15 9 9 9 9 10 12 15 6 12 6 9 5 5 13 10 5 9 10 15 14 5 3 3 10 8 9 6 3 5 3 6 5 6 7 8 9 5 6 13 3 15 10 6 14 10 15 14 14 7 5 14 7 6 12 12 6 8 15 15 9 1 8 14 10 12 14 2 10 6 10 4 13 14 5
DISPLAY 1 1 4
DISPLAY 3 7 0
DISPLAY 4 3 3
DISPLAY 6 1 7
DISPLAY 7 8 2
DISPLAY 9 5 2
DISPLAY 10 6 3
DISPLAY 11 7 8
DISPLAY 12 4 8
DISPLAY 13 9 6
DISPLAY 14 8 5
DISPLAY 15 3 4
DISPLAY 16 9 1
DISPLAY 17 7 4
DISPLAY 19 6 7
DISPLAY 22 8 8
DISPLAY 23 6 1
DISPLAY 24 2 4
POSITION 0 1 5
POSITION 1 5 8
POSITION 2 8 6
POSITION 3 5 9
PLAYER 0
MESSAGE OK
TARGET 7
EXTRAFIELD 11
.
TICK 19
FIELDS 15 15 5 15 12 11 14 10 14 12 11 15 10 6 10 2 10 2 2 6 7 7 7 6 11 3 15 9 9 9 10 12 15 6 12 6 9 5 5 13 10 5 9 10 15 14 5 3 3 10 8 9 6 3 5 3 6 5 6 7 8 9 5 6 13 3 15 10 6 14 10 15 14 14 7 5 14 7 6 12 12 6 8 15 15 9 1 8 14 10 12 14 2 10 6 10 4 13 14 5
DISPLAY 1 1 4
DISPLAY 3 7 0
DISPLAY 4 3 3
DISPLAY 6 1 7
DISPLAY 7 9 2
DISPLAY 9 6 2
DISPLAY 10 6 3
DISPLAY 11 7 8
DISPLAY 12 4 8
DISPLAY 13 9 6
DISPLAY 14 8 5
DISPLAY 15 3 4
DISPLAY 16 9 1
DISPLAY 17 7 4
DISPLAY 19 6 7
DISPLAY 22 8 8
DISPLAY 23 6 1
DISPLAY 24 2 4
POSITION 0 2 2
POSITION 1 5 8
POSITION 2 8 6
POSITION 3 5 9
PLAYER 1
.
TICK 19
FIELDS 15 15 5 15 12 11 14 10 14 12 11 15 10 6 10 2 10 2 2 6 7 7 7 6 11 3 15 9 9 9 10 12 15 6 12 6 9 5 5 13 9 10 5 9 10 15 14 5 3 3 8 9 6 3 5 3 6 5 6 7 8 9 5 6 13 3 15 10 6 14 10 15 14 14 7 5 14 7 6 12 12 6 8 15 15 9 1 8 14 10 12 14 2 10 6 10 4 13 14 5
DISPLAY 1 2 4
DISPLAY 3 7 0
DISPLAY 4 3 3
DISPLAY 6 1 7
DISPLAY 7 9 2
DISPLAY 9 6 2
DISPLAY 10 6 3
DISPLAY 11 7 8
DISPLAY 12 4 8
DISPLAY 13 9 6
DISPLAY 14 8 5
DISPLAY 15 4 4
DISPLAY 16 9 1
DISPLAY 17 8 4
DISPLAY 19 6 7
DISPLAY 22 8 8
DISPLAY 23 6 1
DISPLAY 24 3 4
POSITION 0 2 2
POSITION 1 5 8
POSITION 2 8 6
POSITION 3 5 9
PLAYER 2
.
TICK 19
FIELDS 14 15 5 15 12 11 14 10 14 12 15 15 10 6 10 2 10 2 2 6 11 7 7 6 11 3 15 9 9 9 7 12 15 6 12 6 9 5 5 13 10 10 5 9 10 15 14 5 3 3 9 9 6 3 5 3 6 5 6 7 8 9 5 6 13 3 15 10 6 14 8 15 14 14 7 5 14 7 6 12 10 6 8 15 15 9 1 8 14 10 12 14 2 10 6 10 4 13 14 5
DISPLAY 1 2 4
DISPLAY 3 7 0
DISPLAY 4 3 3
DISPLAY 6 1 7
DISPLAY 7 9 2
DISPLAY 9 6 2
DISPLAY 10 6 3
DISPLAY 11 7 8
DISPLAY 12 4 8
DISPLAY 13 9 6
DISPLAY 14 8 5
DISPLAY 15 4 4
DISPLAY 16 9 1
DISPLAY 17 8 4
DISPLAY 19 6 7
DISPLAY 22 8 8
DISPLAY 23 6 1
DISPLAY 24 3 4
POSITION 0 2 2
POSITION 1 5 8
POSITION 2 8 6
POSITION 3 5 9
PLAYER 3
.
TICK 20
FIELDS 14 15 5 15 10 11 14 10 14 12 15 15 10 6 11 2 10 2 2 6 11 7 7 6 12 3 15 9 9 9 7 12 15 6 10 6 9 5 5 13 10 10 5 9 5 15 14 5 3 3 9 9 6 3 13 3 6 5 6 7 8 9 5 6 7 3 15 10 6 14 8 15 14 14 15 5 14 7 6 12 10 6 8 15 6 9 1 8 14 10 12 14 2 10 4 10 4 13 14 5
DISPLAY 1 2 4
DISPLAY 3 7 0
DISPLAY 4 3 3
DISPLAY 6 1 7
DISPLAY 7 9 2
DISPLAY 9 6 2
DISPLAY 10 6 3
DISPLAY 11 7 8
DISPLAY 12 4 7
DISPLAY 13 9 6
DISPLAY 14 8 5
DISPLAY 15 4 3
DISPLAY 16 9 1
DISPLAY 17 8 4
DISPLAY 19 6 7
DISPLAY 22 8 8
DISPLAY 23 6 1
DISPLAY 24 3 4
POSITION 0 2 2
POSITION 1 5 8
POSITION 2 8 6
POSITION 3 5 9
PLAYER 0
MESSAGE OK
TARGET 7
EXTRAFIELD 9
.
TICK 20
FIELDS 14 15 5 15 10 11 14 10 14 12 15 15 10 6 11 2 10 2 2 6 12 11 7 7 6 12 3 15 9 9 7 12 15 6 10 6 9 5 5 13 10 10 5 9 5 15 14 5 3 3 9 9 6 3 13 3 6 5 6 7 8 9 5 6 7 3 15 10 6 14 8 15 14 14 15 5 14 7 6 12 10 6 8 15 6 9 1 8 14 10 12 14 2 10 4 10 4 13 14 5
DISPLAY 1 2 4
DISPLAY 3 7 0
DISPLAY 4 3 3
DISPLAY 6 1 7
DISPLAY 9 7 2
DISPLAY 10 6 3
DISPLAY 11 7 8
DISPLAY 12 4 7
DISPLAY 13 9 6
DISPLAY 14 8 5
DISPLAY 15 4 3
DISPLAY 16 9 1
DISPLAY 17 8 4
DISPLAY 19 6 7
DISPLAY 22 8 8
DISPLAY 23 6 1
DISPLAY 24 3 4
POSITION 0 0 2
POSITION 1 5 8
POSITION 2 8 6
POSITION 3 5 9
PLAYER 1
.
TICK 20
FIELDS 14 15 5 15 10 11 10 10 14 12 15 15 10 6 11 2 14 2 2 6 12 11 7 7 6 12 10 15 9 9 7 12 15 6 10 6 3 5 5 13 10 10 5 9 5 15 9 5 3 3 9 9 6 3 13 3 14 5 6 7 8 9 5 6 7 3 6 10 6 14 8 15 14 14 15 5 15 7 6 12 10 6 8 15 6 9 14 8 14 10 12 14 2 10 4 10 1 13 14 5
DISPLAY 1 2 4
DISPLAY 3 7 0
DISPLAY 4 3 3
DISPLAY 6 1 7
DISPLAY 9 7 2
DISPLAY 10 6 4
DISPLAY 11 7 8
DISPLAY 12 4 7
DISPLAY 13 9 6
DISPLAY 14 8 5
DISPLAY 15 4 3
DISPLAY 16 9 1
DISPLAY 17 8 4
DISPLAY 19 6 8
DISPLAY 22 8 8
DISPLAY 23 6 2
DISPLAY 24 3 4
POSITION 0 0 2
POSITION 1 5 8
POSITION 2 8 6
POSITION 3 5 9
PLAYER 2
.
TICK 20
FIELDS 12 15 5 15 10 11 10 10 14 12 14 15 10 6 11 2 14 2 2 6 15 11 7 7 6 12 10 15 9 9 12 12 15 6 10 6 3 5 5 13 7 10 5 9 5 15 9 5 3 3 10 9 6 3 13 3 14 5 6 7 9 9 5 6 7 3 6 10 6 14 8 15 14 14 15 5 15 7 6 12 8 6 8 15 6 9 14 8 14 10 10 14 2 10 4 10 1 13 14 5
DISPLAY 1 2 4
DISPLAY 3 7 0
DISPLAY 4 3 3
DISPLAY 6 1 7
DISPLAY 9 7 2
DISPLAY 10 6 4
DISPLAY 11 7 8
DISPLAY 12 4 7
DISPLAY 13 9 6
DISPLAY 14 8 5
DISPLAY 15 4 3
DISPLAY 16 9 1
DISPLAY 17 8 4
DISPLAY 19 6 8
DISPLAY 22 8 8
DISPLAY 23 6 2
DISPLAY 24 3 4
POSITION 0 0 3
POSITION 1 5 8
POSITION 2 8 6
POSITION 3 5 9
PLAYER 3
.
TICK 21
FIELDS 12 15 5 15 11 11 10 10 14 12 14 15 10 6 6 2 14 2 2 6 15 11 7 7 10 12 10 15 9 9 12 12 15 6 5 6 3 5 5 13 7 10 5 9 13 15 9 5 3 3 10 9 6 3 7 3 14 5 6 7 9 9 5 6 15 3 6 10 6 14 8 15 14 14 6 5 15 7 6 12 8 6 8 15 4 9 14 8 14 10 10 14 2 10 12 10 1 13 14 5
DISPLAY 1 2 4
DISPLAY 3 7 0
DISPLAY 4 3 3
DISPLAY 6 1 7
DISPLAY 9 7 2
DISPLAY 10 6 4
DISPLAY 11 7 8
DISPLAY 12 4 6
DISPLAY 13 9 6
DISPLAY 14 8 5
DISPLAY 15 4 2
DISPLAY 16 9 1
DISPLAY 17 8 4
DISPLAY 19 6 8
DISPLAY 22 8 8
DISPLAY 23 6 2
DISPLAY 24 3 4
POSITION 0 0 3
POSITION 1 5 8
POSITION 2 8 6
POSITION 3 5 9
PLAYER 0
MESSAGE OK
TARGET 24
EXTRAFIELD 9
.
TICK 21
FIELDS 14 15 5 15 11 11 10 10 14 12 15 15 10 6 6 2 14 2 2 6 12 11 7 7 10 12 10 15 9 9 7 12 15 6 5 6 3 5 5 13 10 10 5 9 13 15 9 5 3 3 9 9 6 3 7 3 14 5 6 7 8 9 5 6 15 3 6 10 6 14 8 15 14 14 6 5 15 7 6 12 10 6 8 15 4 9 14 8 14 10 9 14 2 10 12 10 1 13 14 5
DISPLAY 1 2 4
DISPLAY 3 7 0
DISPLAY 4 3 3
DISPLAY 6 1 7
DISPLAY 9 7 2
DISPLAY 10 6 4
DISPLAY 11 7 8
DISPLAY 12 4 6
DISPLAY 13 9 6
DISPLAY 14 8 5
DISPLAY 15 4 2
DISPLAY 16 9 1
DISPLAY 17 8 4
DISPLAY 19 6 8
DISPLAY 22 8 8
DISPLAY 23 6 2
POSITION 0 3 4
POSITION 1 5 8
POSITION 2 8 6
POSITION 3 5 9
PLAYER 1
.
TICK 21
FIELDS 14 15 5 6 11 11 10 10 14 12 15 15 10 7 6 2 14 2 2 6 12 11 7 6 10 12 10 15 9 9 7 12 15 9 5 6 3 5 5 13 10 10 5 3 13 15 9 5 3 3 9 9 6 6 7 3 14 5 6 7 8 9 5 14 15 3 6 10 6 14 8 15 14 15 6 5 15 7 6 12 10 6 8 10 4 9 14 8 14 10 9 14 2 4 12 10 1 13 14 5
DISPLAY 1 2 4
DISPLAY 3 7 0
DISPLAY 4 3 2
DISPLAY 6 1 7
DISPLAY 9 7 2
DISPLAY 10 6 4
DISPLAY 11 7 8
DISPLAY 12 4 6
DISPLAY 13 9 6
DISPLAY 14 8 5
DISPLAY 15 4 2
DISPLAY 16 9 1
DISPLAY 17 8 4
DISPLAY 19 6 8
DISPLAY 22 8 8
DISPLAY 23 6 2
POSITION 0 3 3
POSITION 1 5 8
POSITION 2 8 6
POSITION 3 5 9
PLAYER 2
.
TICK 21
FIELDS 12 15 5 6 11 11 10 10 14 12 14 15 10 7 6 2 14 2 2 6 15 11 7 6 10 12 10 15 9 9 12 12 15 9 5 6 3 5 5 13 7 10 5 3 13 15 9 5 3 3 10 9 6 6 7 3 14 5 6 7 9 9 5 14 15 3 6 10 6 14 8 15 14 15 6 5 15 7 6 12 8 6 8 10 4 9 14 8 14 10 10 14 2 4 12 10 1 13 14 5
DISPLAY 1 2 4
DISPLAY 3 7 0
DISPLAY 4 3 2
DISPLAY 6 1 7
DISPLAY 9 7 2
DISPLAY 10 6 4
DISPLAY 11 7 8
DISPLAY 12 4 6
DISPLAY 13 9 6
DISPLAY 14 8 5
DISPLAY 15 4 2
DISPLAY 16 9 1
DISPLAY 17 8 4
DISPLAY 19 6 8
DISPLAY 22 8 8
DISPLAY 23 6 2
POSITION 0 3 3
POSITION 1 5 8
POSITION 2 8 6
POSITION 3 5 9
PLAYER 3
.
TICK 22
FIELDS 12 15 5 6 10 11 10 10 14 12 14 15 10 7 11 2 14 2 2 6 15 11 7 6 6 12 10 15 9 9 12 12 15 9 10 6 3 5 5 13 7 10 5 3 5 15 9 5 3 3 10 9 6 6 13 3 14 5 6 7 9 9 5 14 7 3 6 10 6 14 8 15 14 15 15 5 15 7 6 12 8 6 8 10 6 9 14 8 14 10 10 14 2 4 4 10 1 13 14 5
DISPLAY 1 2 4
DISPLAY 3 7 0
DISPLAY 4 3 2
DISPLAY 6 1 7
DISPLAY 9 7 2
DISPLAY 10 6 4
DISPLAY 11 7 8
DISPLAY 12 4 7
DISPLAY 13 9 6
DISPLAY 14 8 5
DISPLAY 15 4 3
DISPLAY 16 9 1
DISPLAY 17 8 4
DISPLAY 19 6 8
DISPLAY 22 8 8
DISPLAY 23 6 2
POSITION 0 3 3
POSITION 1 5 8
POSITION 2 8 6
POSITION 3 5 9
PLAYER 0
MESSAGE OK
TARGET 15
EXTRAFIELD 12
.
TICK 22
FIELDS 12 15 5 6 10 11 10 10 14 12 14 15 10 7 11 2 14 2 2 6 15 11 7 6 6 12 10 15 9 9 12 12 15 9 10 6 3 5 5 13 9 7 10 5 3 5 15 9 5 3 10 9 6 6 13 3 14 5 6 7 9 9 5 14 7 3 6 10 6 14 8 15 14 15 15 5 15 7 6 12 8 6 8 10 6 9 14 8 14 10 10 14 2 4 4 10 1 13 14 5
DISPLAY 1 3 4
DISPLAY 3 7 0
DISPLAY 4 3 2
DISPLAY 6 1 7
DISPLAY 9 7 2
DISPLAY 10 7 4
DISPLAY 11 7 8
DISPLAY 12 4 7
DISPLAY 13 9 6
DISPLAY 14 8 5
DISPLAY 16 9 1
DISPLAY 17 9 4
DISPLAY 19 6 8
DISPLAY 22 8 8
DISPLAY 23 6 2
POSITION 0 4 3
POSITION 1 5 8
POSITION 2 8 6
POSITION 3 5 9
PLAYER 1
.
TICK 22
FIELDS 12 15 5 7 10 11 10 10 14 12 14 15 10 6 11 2 14 2 2 6 15 11 7 9 6 12 10 15 9 9 12 12 15 5 10 6 3 5 5 13 9 7 10 6 3 5 15 9 5 3 10 9 6 14 13 3 14 5 6 7 9 9 5 15 7 3 6 10 6 14 8 15 14 10 15 5 15 7 6 12 8 6 8 4 6 9 14 8 14 10 10 14 2 15 4 10 1 13 14 5
DISPLAY 1 3 3
DISPLAY 3 7 0
DISPLAY 4 3 1
DISPLAY 6 1 7
DISPLAY 9 7 2
DISPLAY 10 7 4
DISPLAY 11 7 8
DISPLAY 12 4 7
DISPLAY 13 9 6
DISPLAY 14 8 5
DISPLAY 16 9 1
DISPLAY 17 9 4
DISPLAY 22 8 8
DISPLAY 23 6 2
POSITION 0 4 3
POSITION 1 6 8
POSITION 2 8 6
POSITION 3 5 9
PLAYER 2
.
TICK 22
FIELDS 9 15 5 7 10 11 10 10 14 12 12 15 10 6 11 2 14 2 2 6 14 11 7 9 6 12 10 15 9 9 15 12 15 5 10 6 3 5 5 13 12 7 10 6 3 5 15 9 5 3 9 9 6 14 13 3 14 5 6 7 10 9 5 15 7 3 6 10 6 14 9 15 14 10 15 5 15 7 6 12 8 6 8 4 6 9 14 8 14 10 8 14 2 15 4 10 1 13 14 5
DISPLAY 1 3 3
DISPLAY 3 7 0
DISPLAY 4 3 1
DISPLAY 6 1 7
DISPLAY 9 7 2
DISPLAY 10 7 4
DISPLAY 11 7 8
DISPLAY 12 4 7
DISPLAY 13 9 6
DISPLAY 14 8 5
DISPLAY 16 9 1
DISPLAY 17 9 4
DISPLAY 22 8 8
DISPLAY 23 6 2
POSITION 0 4 3
POSITION 1 6 8
POSITION 2 8 6
POSITION 3 5 9
PLAYER 3
.
TICK 23
FIELDS 9 15 5 7 11 11 10 10 14 12 12 15 10 6 6 2 14 2 2 6 14 11 7 9 10 12 10 15 9 9 15 12 15 5 3 6 3 5 5 13 12 7 10 6 13 5 15 9 5 3 9 9 6 14 7 3 14 5 6 7 10 9 5 15 15 3 6 10 6 14 9 15 14 10 6 5 15 7 6 12 8 6 8 4 4 9 14 8 14 10 8 14 2 15 12 10 1 13 14 5
DISPLAY 1 3 3
DISPLAY 3 7 0
DISPLAY 4 3 1
DISPLAY 6 1 7
DISPLAY 9 7 2
DISPLAY 10 7 4
DISPLAY 11 7 8
DISPLAY 12 4 6
DISPLAY 13 9 6
DISPLAY 14 8 5
DISPLAY 16 9 1
DISPLAY 17 9 4
DISPLAY 22 8 8
DISPLAY 23 6 2
POSITION 0 4 2
POSITION 1 6 8
POSITION 2 8 6
POSITION 3 5 9
PLAYER 0
MESSAGE OK
TARGET 12
EXTRAFIELD 3
.
TICK 23
FIELDS 9 15 5 7 11 2 10 10 14 12 12 15 10 6 6 12 14 2 2 6 14 11 7 9 10 6 10 15 9 9 15 12 15 5 3 5 3 5 5 13 12 7 10 6 13 3 15 9 5 3 9 9 6 14 7 3 14 5 6 7 10 9 5 15 15 5 6 10 6 14 9 15 14 10 6 9 15 7 6 12 8 6 8 4 4 10 14 8 14 10 8 14 2 15 12 3 1 13 14 5
DISPLAY 1 3 3
DISPLAY 3 7 0
DISPLAY 4 3 1
DISPLAY 6 1 7
DISPLAY 9 7 2
DISPLAY 10 7 4
DISPLAY 11 7 8
DISPLAY 13 9 6
DISPLAY 14 8 5
DISPLAY 16 9 1
DISPLAY 17 9 4
DISPLAY 22 8 8
DISPLAY 23 6 2
POSITION 0 4 6
POSITION 1 6 8
POSITION 2 8 6
POSITION 3 5 8
PLAYER 1
.
TICK 23
FIELDS 9 15 5 7 11 2 10 2 14 12 12 15 10 6 6 12 14 15 2 6 14 11 7 9 10 6 10 5 9 9 15 12 15 5 3 5 3 9 5 13 12 7 10 6 13 3 15 5 5 3 9 9 6 14 7 3 14 10 6 7 10 9 5 15 15 5 6 7 6 14 9 15 14 10 6 9 15 8 6 12 8 6 8 4 4 10 14 13 14 10 8 14 2 15 12 3 1 6 14 5
DISPLAY 1 3 3
DISPLAY 3 7 9
DISPLAY 4 3 1
DISPLAY 6 1 7
DISPLAY 9 7 1
DISPLAY 10 7 3
DISPLAY 11 7 7
DISPLAY 13 9 6
DISPLAY 14 8 5
DISPLAY 16 9 1
DISPLAY 17 9 4
DISPLAY 22 8 8
DISPLAY 23 6 2
POSITION 0 4 6
POSITION 1 6 8
POSITION 2 8 6
POSITION 3 5 8
PLAYER 2
.
TICK 23
FIELDS 10 15 5 7 11 2 10 2 14 12 9 15 10 6 6 12 14 15 2 6 12 11 7 9 10 6 10 5 9 9 14 12 15 5 3 5 3 9 5 13 15 7 10 6 13 3 15 5 5 3 12 9 6 14 7 3 14 10 6 7 9 9 5 15 15 5 6 7 6 14 10 15 14 10 6 9 15 8 6 12 9 6 8 4 4 10 14 13 14 10 8 14 2 15 12 3 1 6 14 5
DISPLAY 1 3 3
DISPLAY 3 7 9
DISPLAY 4 3 1
DISPLAY 6 1 7
DISPLAY 9 7 1
DISPLAY 10 7 3
DISPLAY 11 7 7
DISPLAY 13 9 6
DISPLAY 14 8 5
DISPLAY 16 9 1
DISPLAY 17 9 4
DISPLAY 22 8 8
DISPLAY 23 6 2
POSITION 0 4 6
POSITION 1 6 8
POSITION 2 8 6
POSITION 3 5 8
PLAYER 3
.
TICK 24
FIELDS 10 15 5 7 6 2 10 2 14 12 9 15 10 6 10 12 14 15 2 6 12 11 7 9 3 6 10 5 9 9 14 12 15 5 13 5 3 9 5 13 15 7 10 6 7 3 15 5 5 3 12 9 6 14 15 3 14 10 6 7 9 9 5 15 6 5 6 7 6 14 10 15 14 10 4 9 15 8 6 12 9 6 8 4 12 10 14 13 14 10 8 14 2 15 10 3 1 6 14 5
DISPLAY 1 3 3
DISPLAY 3 7 9
DISPLAY 4 3 1
DISPLAY 6 1 7
DISPLAY 9 7 1
DISPLAY 10 7 3
DISPLAY 11 7 7
DISPLAY 13 9 6
DISPLAY 14 8 5
DISPLAY 16 9 1
DISPLAY 17 9 4
DISPLAY 22 8 8
DISPLAY 23 6 2
POSITION 0 4 5
POSITION 1 6 8
POSITION 2 8 6
POSITION 3 5 8
PLAYER 0
MESSAGE OK
TARGET 16
EXTRAFIELD 11
.
TICK 24
FIELDS 10 15 5 7 11 2 10 2 14 12 9 15 10 6 6 12 14 15 2 6 12 11 7 9 10 6 10 5 9 9 14 12 15 5 3 5 3 9 5 13 15 7 10 6 13 3 15 5 5 3 12 9 6 14 7 3 14 10 6 7 9 9 5 15 15 5 6 7 6 14 10 15 14 10 6 9 15 8 6 12 9 6 8 4 4 10 14 13 14 10 8 14 2 15 12 3 1 6 14 5
DISPLAY 1 3 3
DISPLAY 3 7 9
DISPLAY 4 3 1
DISPLAY 6 1 7
DISPLAY 9 7 1
DISPLAY 10 7 3
DISPLAY 11 7 7
DISPLAY 13 9 6
DISPLAY 14 8 5
DISPLAY 16 9 1
DISPLAY 17 9 4
DISPLAY 22 8 8
DISPLAY 23 6 2
POSITION 0 0 2
POSITION 1 6 8
POSITION 2 8 6
POSITION 3 5 8
PLAYER 1
.
TICK 24
FIELDS 10 15 5 7 11 2 10 2 14 12 15 10 6 6 12 14 15 2 6 10 12 11 7 9 10 6 10 5 9 9 14 12 15 5 3 5 3 9 5 13 15 7 10 6 13 3 15 5 5 3 12 9 6 14 7 3 14 10 6 7 9 9 5 15 15 5 6 7 6 14 10 15 14 10 6 9 15 8 6 12 9 6 8 4 4 10 14 13 14 10 8 14 2 15 12 3 1 6 14 5
DISPLAY 1 3 3
DISPLAY 3 7 9
DISPLAY 4 2 1
DISPLAY 6 1 7
DISPLAY 9 6 1
DISPLAY 10 7 3
DISPLAY 11 7 7
DISPLAY 13 9 6
DISPLAY 14 8 5
DISPLAY 16 8 1
DISPLAY 17 9 4
DISPLAY 22 8 8
DISPLAY 23 6 2
POSITION 0 0 2
POSITION 1 6 8
POSITION 2 8 6
POSITION 3 5 8
PLAYER 2
.
TICK 24
FIELDS 8 15 5 7 11 2 10 2 14 12 10 10 6 6 12 14 15 2 6 10 15 11 7 9 10 6 10 5 9 9 12 12 15 5 3 5 3 9 5 13 14 7 10 6 13 3 15 5 5 3 15 9 6 14 7 3 14 10 6 7 12 9 5 15 15 5 6 7 6 14 9 15 14 10 6 9 15 8 6 12 10 6 8 4 4 10 14 13 14 10 9 14 2 15 12 3 1 6 14 5
DISPLAY 1 3 3
DISPLAY 3 7 9
DISPLAY 4 2 1
DISPLAY 6 1 7
DISPLAY 9 6 1
DISPLAY 10 7 3
DISPLAY 11 7 7
DISPLAY 13 9 6
DISPLAY 14 8 5
DISPLAY 16 8 1
DISPLAY 17 9 4
DISPLAY 22 8 8
DISPLAY 23 6 2
POSITION 0 0 3
POSITION 1 6 8
POSITION 2 8 6
POSITION 3 5 8
PLAYER 3
.
END 10
.
