MESSAGE OK
PLAYER 0
LEVEL 9
SIZE 7 7
DISPLAYS 7
MAXTICK 13
.
TICK 0
FIELDS 3 5 6 5 15 6 15 3 3 10 11 14 12 1 10 11 9 12 11 13 7 11 1 9 13 1 5 6 10 3 7 3 3 5 10 10 9 5 1 10 12 4 7 14 10 8 12 7 12
DISPLAY 0 3 3
DISPLAY 1 5 1
DISPLAY 2 1 1
DISPLAY 3 5 5
DISPLAY 4 0 5
DISPLAY 5 2 5
DISPLAY 6 1 0
POSITION 0 6 5
POSITION 1 4 1
POSITION 2 1 5
POSITION 3 0 0
PLAYER 0
MESSAGE OK
TARGET 4
EXTRAFIELD 15
.
TICK 0
FIELDS 3 5 6 5 15 6 15 3 3 10 11 14 12 1 10 11 9 12 11 13 7 11 1 9 13 1 5 6 10 3 7 3 3 5 10 15 10 9 5 1 10 12 7 14 10 8 12 7 12
DISPLAY 0 3 3
DISPLAY 1 5 1
DISPLAY 2 1 1
DISPLAY 3 6 5
DISPLAY 5 3 5
DISPLAY 6 1 0
POSITION 0 1 5
POSITION 1 4 1
POSITION 2 2 5
POSITION 3 0 0
PLAYER 1
.
TICK 0
FIELDS 5 6 5 15 6 15 15 3 3 10 11 14 12 1 10 11 9 12 11 13 7 11 1 9 13 1 5 6 10 3 7 3 3 5 10 15 10 9 5 1 10 12 7 14 10 8 12 7 12
DISPLAY 0 3 3
DISPLAY 1 5 1
DISPLAY 2 1 1
DISPLAY 3 6 5
DISPLAY 5 3 5
DISPLAY 6 0 0
POSITION 0 1 5
POSITION 1 4 1
POSITION 2 2 5
POSITION 3 6 0
PLAYER 2
.
TICK 0
FIELDS 15 6 5 15 6 15 15 5 3 10 11 14 12 1 3 11 9 12 11 13 7 10 1 9 13 1 5 6 11 3 7 3 3 5 10 10 10 9 5 1 10 12 15 14 10 8 12 7 12
DISPLAY 0 3 3
DISPLAY 1 5 1
DISPLAY 2 1 1
DISPLAY 3 6 5
DISPLAY 5 3 5
DISPLAY 6 0 1
POSITION 0 1 5
POSITION 1 4 1
POSITION 2 2 5
POSITION 3 6 0
PLAYER 3
.
TICK 1
FIELDS 15 6 5 15 15 15 15 5 3 10 11 6 12 1 3 11 9 12 14 13 7 10 1 9 13 11 5 6 11 3 7 3 1 5 10 10 10 9 5 3 10 12 15 14 10 8 1 7 12
DISPLAY 0 3 3
DISPLAY 1 5 1
DISPLAY 2 1 1
DISPLAY 3 6 5
DISPLAY 5 3 5
DISPLAY 6 0 1
POSITION 0 1 5
POSITION 1 4 2
POSITION 2 2 5
POSITION 3 6 0
PLAYER 0
MESSAGE OK
TARGET 1
EXTRAFIELD 4
.
TICK 1
FIELDS 15 4 5 15 15 15 15 5 6 10 11 6 12 1 3 3 9 12 14 13 7 10 11 9 13 11 5 6 11 1 7 3 1 5 10 10 3 9 5 3 10 12 15 10 10 8 1 7 12
DISPLAY 0 3 3
DISPLAY 1 5 1
DISPLAY 2 1 2
DISPLAY 3 6 5
DISPLAY 5 3 5
DISPLAY 6 0 1
POSITION 0 2 6
POSITION 1 4 2
POSITION 2 2 5
POSITION 3 6 0
PLAYER 1
.
TICK 1
FIELDS 15 4 5 15 15 15 15 5 6 10 11 6 12 1 3 3 9 12 14 13 7 10 11 9 13 11 5 6 11 1 7 3 1 5 10 3 9 5 3 10 12 3 15 10 10 8 1 7 12
DISPLAY 0 3 3
DISPLAY 1 5 1
DISPLAY 2 1 2
DISPLAY 3 5 5
DISPLAY 5 2 5
DISPLAY 6 0 1
POSITION 0 2 6
POSITION 1 4 2
POSITION 2 1 5
POSITION 3 6 0
PLAYER 2
.
TICK 1
FIELDS 15 4 7 15 15 15 15 5 6 5 11 6 12 1 3 3 10 12 14 13 7 10 11 9 13 11 5 6 11 1 9 3 1 5 10 3 9 7 3 10 12 3 15 10 5 8 1 7 12
DISPLAY 0 3 3
DISPLAY 1 5 1
DISPLAY 2 1 2
DISPLAY 3 5 5
DISPLAY 6 0 1
POSITION 0 2 0
POSITION 1 4 2
POSITION 2 2 6
POSITION 3 6 0
PLAYER 3
.
TICK 2
FIELDS 15 4 7 15 12 15 15 5 6 5 11 15 12 1 3 3 10 12 6 13 7 10 11 9 13 14 5 6 11 1 9 3 11 5 10 3 9 7 3 1 12 3 15 10 5 8 10 7 12
DISPLAY 0 3 3
DISPLAY 1 5 1
DISPLAY 2 1 2
DISPLAY 3 5 5
DISPLAY 6 0 1
POSITION 0 2 0
POSITION 1 4 3
POSITION 2 2 6
POSITION 3 6 0
PLAYER 0
MESSAGE OK
TARGET 1
EXTRAFIELD 14
.
TICK 2
FIELDS 15 4 14 15 12 15 15 5 6 7 11 15 12 1 3 3 5 12 6 13 7 10 11 10 13 14 5 6 11 1 9 3 11 5 10 3 9 9 3 1 12 3 15 10 7 8 10 7 12
DISPLAY 0 3 3
DISPLAY 1 5 1
DISPLAY 2 1 2
DISPLAY 3 5 5
DISPLAY 6 0 1
POSITION 0 6 1
POSITION 1 4 3
POSITION 2 2 0
POSITION 3 6 0
PLAYER 1
.
TICK 2
FIELDS 15 4 14 15 12 15 15 5 6 7 11 15 12 1 3 3 5 12 6 13 7 10 11 10 13 14 5 6 10 11 1 9 3 11 5 3 9 9 3 1 12 3 15 10 7 8 10 7 12
DISPLAY 0 3 3
DISPLAY 1 5 1
DISPLAY 2 1 2
DISPLAY 3 5 5
DISPLAY 6 0 1
POSITION 0 6 1
POSITION 1 4 3
POSITION 2 2 0
POSITION 3 6 0
PLAYER 2
.
TICK 2
FIELDS 15 4 14 15 12 15 15 5 6 7 11 15 12 1 3 5 12 6 13 7 10 10 11 10 13 14 5 6 10 11 1 9 3 11 5 3 9 9 3 1 12 3 15 10 7 8 10 7 12
DISPLAY 0 3 3
DISPLAY 2 0 2
DISPLAY 3 5 5
DISPLAY 6 0 1
POSITION 0 6 1
POSITION 1 4 3
POSITION 2 5 1
POSITION 3 6 0
PLAYER 3
.
TICK 3
FIELDS 15 4 14 15 15 15 15 5 6 7 11 13 12 1 3 5 12 6 14 7 10 10 11 10 13 3 5 6 10 11 1 9 1 11 5 3 9 9 3 10 12 3 15 10 7 8 1 7 12
DISPLAY 0 3 3
DISPLAY 2 0 2
DISPLAY 3 5 5
DISPLAY 6 0 1
POSITION 0 6 1
POSITION 1 4 2
POSITION 2 5 1
POSITION 3 6 0
PLAYER 0
MESSAGE OK
TARGET 0
EXTRAFIELD 5
.
TICK 3
FIELDS 15 4 14 15 15 15 5 5 6 7 11 13 12 15 3 5 12 6 14 7 1 10 11 10 13 3 5 10 10 11 1 9 1 11 6 3 9 9 3 10 12 5 15 10 7 8 1 7 3
DISPLAY 2 0 2
DISPLAY 3 5 5
DISPLAY 6 0 1
POSITION 0 3 3
POSITION 1 4 2
POSITION 2 5 1
POSITION 3 6 1
PLAYER 1
.
TICK 3
FIELDS 15 4 14 15 13 15 5 5 6 7 11 14 12 15 3 5 12 6 3 7 1 10 11 10 13 1 5 10 10 11 1 9 10 11 6 3 9 9 3 1 12 5 15 10 7 8 10 7 3
DISPLAY 2 0 2
DISPLAY 3 5 5
DISPLAY 6 0 1
POSITION 0 3 3
POSITION 1 4 1
POSITION 2 5 1
POSITION 3 6 1
PLAYER 2
.
TICK 3
FIELDS 15 4 14 3 13 15 5 5 6 7 15 14 12 15 3 5 12 11 3 7 1 10 11 10 6 1 5 10 10 11 1 13 10 11 6 3 9 9 9 1 12 5 15 10 7 3 10 7 3
DISPLAY 2 0 2
DISPLAY 3 5 5
DISPLAY 6 0 1
POSITION 0 3 4
POSITION 1 4 1
POSITION 2 1 1
POSITION 3 6 1
PLAYER 3
.
TICK 4
FIELDS 15 4 14 3 12 15 5 5 6 7 15 13 12 15 3 5 12 11 14 7 1 10 11 10 6 3 5 10 10 11 1 13 1 11 6 3 9 9 9 10 12 5 15 10 7 3 1 7 3
DISPLAY 2 0 2
DISPLAY 3 5 5
DISPLAY 6 0 1
POSITION 0 3 4
POSITION 1 4 2
POSITION 2 1 1
POSITION 3 6 1
PLAYER 0
MESSAGE OK
TARGET 3
EXTRAFIELD 12
.
TICK 4
FIELDS 15 4 14 3 12 12 5 5 6 7 15 13 7 15 3 5 12 11 14 5 1 10 11 10 6 3 11 10 10 11 1 13 1 12 6 3 9 9 9 10 7 5 15 10 7 3 1 12 3
DISPLAY 2 0 2
DISPLAY 6 0 1
POSITION 0 5 4
POSITION 1 4 2
POSITION 2 1 1
POSITION 3 6 1
PLAYER 1
.
TICK 4
FIELDS 15 4 14 3 12 12 5 15 6 7 15 13 7 15 5 5 12 11 14 5 1 3 11 10 6 3 11 10 10 11 1 13 1 12 6 10 9 9 9 10 7 5 3 10 7 3 1 12 3
DISPLAY 2 0 3
DISPLAY 6 0 2
POSITION 0 5 4
POSITION 1 4 2
POSITION 2 1 1
POSITION 3 6 1
PLAYER 2
.
TICK 4
FIELDS 8 4 14 3 12 12 5 15 6 7 15 13 7 15 15 5 12 11 14 5 1 5 11 10 6 3 11 10 3 11 1 13 1 12 6 10 9 9 9 10 7 5 10 10 7 3 1 12 3
DISPLAY 2 0 4
POSITION 0 5 4
POSITION 1 4 2
POSITION 2 0 3
POSITION 3 6 1
PLAYER 3
.
TICK 5
FIELDS 8 4 14 3 13 12 5 15 6 7 15 14 7 15 15 5 12 11 3 5 1 5 11 10 6 1 11 10 3 11 1 13 10 12 6 10 9 9 9 1 7 5 10 10 7 3 10 12 3
DISPLAY 2 0 4
POSITION 0 5 4
POSITION 1 4 1
POSITION 2 0 3
POSITION 3 6 1
PLAYER 0
MESSAGE OK
TARGET 2
EXTRAFIELD 15
.
END 4
.
