MESSAGE OK
PLAYER 0
LEVEL 8
SIZE 11 9
DISPLAYS 9
MAXTICK 15
.
TICK 0
FIELDS 6 10 11 6 14 1 3 12 9 10 10 9 1 5 9 5 10 10 3 5 12 15 3 9 6 7 10 4 13 11 3 9 15 2 3 12 15 11 12 10 7 3 6 12 9 15 12 14 4 10 6 7 12 1 11 3 8 5 15 14 3 12 2 14 10 7 14 14 11 3 2 13 15 13 14 5 2 4 6 10 7 5 6 10 6 10 15 5 3 10 10 10 9 6 5 3 7 13 7
DISPLAY 0 2 8
DISPLAY 1 7 4
DISPLAY 2 1 3
DISPLAY 3 3 6
DISPLAY 4 8 7
DISPLAY 5 0 2
DISPLAY 6 1 7
DISPLAY 7 3 3
DISPLAY 8 1 5
POSITION 0 10 1
POSITION 1 8 1
POSITION 2 1 0
POSITION 3 7 5
PLAYER 0
MESSAGE OK
TARGET 8
EXTRAFIELD 15
.
TICK 0
FIELDS 6 10 11 6 14 1 3 12 9 10 10 9 1 5 9 5 10 10 3 5 12 15 3 9 6 7 10 4 13 11 3 9 15 3 12 15 11 12 10 7 3 6 12 15 9 15 12 14 4 10 6 7 12 1 11 3 8 5 15 14 3 12 2 14 10 7 14 14 11 3 2 13 15 13 14 5 2 4 6 10 7 5 6 10 6 10 15 5 3 10 10 10 9 6 5 3 7 13 7
DISPLAY 0 2 8
DISPLAY 1 7 4
DISPLAY 2 0 3
DISPLAY 3 3 6
DISPLAY 4 8 7
DISPLAY 5 0 2
DISPLAY 6 1 7
DISPLAY 7 2 3
DISPLAY 8 1 5
POSITION 0 10 4
POSITION 1 8 1
POSITION 2 1 0
POSITION 3 7 5
PLAYER 1
.
TICK 0
FIELDS 6 10 11 6 14 10 3 12 9 10 10 9 1 5 9 5 4 10 3 5 12 15 3 9 6 7 10 10 13 11 3 9 15 3 12 15 11 12 10 7 3 6 12 15 9 15 12 14 4 3 6 7 12 1 11 3 8 5 15 14 13 12 2 14 10 7 14 14 11 3 2 6 15 13 14 5 2 4 6 10 7 5 6 10 6 10 15 5 3 10 10 10 9 15 5 3 7 13 7
DISPLAY 0 2 8
DISPLAY 1 7 4
DISPLAY 2 0 3
DISPLAY 3 3 6
DISPLAY 4 8 7
DISPLAY 5 0 2
DISPLAY 6 1 7
DISPLAY 7 2 3
DISPLAY 8 1 5
POSITION 0 10 4
POSITION 1 8 1
POSITION 2 1 0
POSITION 3 7 5
PLAYER 2
.
TICK 0
FIELDS 6 10 11 6 14 10 3 12 9 10 10 15 9 1 5 9 5 4 10 3 5 12 3 9 6 7 10 10 13 11 3 9 15 3 12 15 11 12 10 7 3 6 12 15 9 15 12 14 4 3 6 7 12 1 11 3 8 5 15 14 13 12 2 14 10 7 14 14 11 3 2 6 15 13 14 5 2 4 6 10 7 5 6 10 6 10 15 5 3 10 10 10 9 15 5 3 7 13 7
DISPLAY 0 2 8
DISPLAY 1 7 4
DISPLAY 2 0 3
DISPLAY 3 3 6
DISPLAY 4 8 7
DISPLAY 5 0 2
DISPLAY 6 1 7
DISPLAY 7 2 3
DISPLAY 8 1 5
POSITION 0 10 4
POSITION 1 9 1
POSITION 2 1 4
POSITION 3 7 5
PLAYER 3
.
TICK 1
FIELDS 6 10 11 6 14 10 3 12 9 10 10 15 9 1 5 9 5 4 10 3 5 12 9 6 7 10 10 13 11 3 9 15 15 3 12 15 11 12 10 7 3 6 12 15 9 15 12 14 4 3 6 7 12 1 11 3 8 5 15 14 13 12 2 14 10 7 14 14 11 3 2 6 15 13 14 5 2 4 6 10 7 5 6 10 6 10 15 5 3 10 10 10 9 15 5 3 7 13 7
DISPLAY 0 2 8
DISPLAY 1 7 4
DISPLAY 2 0 3
DISPLAY 3 3 6
DISPLAY 4 8 7
DISPLAY 5 10 2
DISPLAY 6 1 7
DISPLAY 7 2 3
DISPLAY 8 1 5
POSITION 0 10 4
POSITION 1 9 1
POSITION 2 1 4
POSITION 3 7 5
PLAYER 0
MESSAGE OK
TARGET 8
EXTRAFIELD 2
.
TICK 1
FIELDS 6 10 11 6 14 10 3 12 9 10 10 15 9 1 5 9 5 4 10 3 5 12 9 6 7 10 10 13 11 3 9 15 15 3 12 15 11 12 10 7 3 6 12 15 4 9 15 12 14 4 3 6 7 12 1 3 8 5 15 14 13 12 2 14 10 7 14 14 11 3 2 6 15 13 14 5 2 4 6 10 7 5 6 10 6 10 15 5 3 10 10 10 9 15 5 3 7 13 7
DISPLAY 0 2 8
DISPLAY 1 8 4
DISPLAY 2 0 3
DISPLAY 3 3 6
DISPLAY 4 8 7
DISPLAY 5 10 2
DISPLAY 6 1 7
DISPLAY 7 2 3
DISPLAY 8 1 5
POSITION 0 0 5
POSITION 1 9 1
POSITION 2 2 4
POSITION 3 7 5
PLAYER 1
.
TICK 1
FIELDS 6 10 11 6 14 10 4 12 9 10 10 15 9 1 5 9 5 11 10 3 5 12 9 6 7 10 10 13 7 3 9 15 15 3 12 15 11 12 10 3 3 6 12 15 4 9 15 12 14 4 12 6 7 12 1 3 8 5 15 14 13 15 2 14 10 7 14 14 11 3 2 6 10 13 14 5 2 4 6 10 7 5 6 5 6 10 15 5 3 10 10 10 9 15 1 3 7 13 7
DISPLAY 0 2 8
DISPLAY 1 8 4
DISPLAY 2 0 3
DISPLAY 3 3 6
DISPLAY 4 8 7
DISPLAY 5 10 2
DISPLAY 6 1 7
DISPLAY 7 2 3
DISPLAY 8 1 5
POSITION 0 0 5
POSITION 1 9 1
POSITION 2 2 4
POSITION 3 7 5
PLAYER 2
.
TICK 1
FIELDS 15 10 11 6 14 10 4 12 9 10 10 6 9 1 5 9 5 11 10 3 5 12 15 6 7 10 10 13 7 3 9 15 15 9 12 15 11 12 10 3 3 6 12 15 3 9 15 12 14 4 12 6 7 12 1 4 8 5 15 14 13 15 2 14 10 7 3 14 11 3 2 6 10 13 14 5 2 14 6 10 7 5 6 5 6 10 15 5 4 10 10 10 9 15 1 3 7 13 7
DISPLAY 0 2 8
DISPLAY 1 8 4
DISPLAY 2 0 4
DISPLAY 3 3 6
DISPLAY 4 8 7
DISPLAY 5 10 2
DISPLAY 6 1 7
DISPLAY 7 2 3
DISPLAY 8 1 5
POSITION 0 0 6
POSITION 1 9 1
POSITION 2 1 6
POSITION 3 7 5
PLAYER 3
.
TICK 2
FIELDS 15 10 11 6 14 10 4 12 9 10 10 6 9 1 5 9 5 11 10 3 5 12 3 15 6 7 10 10 13 7 3 9 15 9 12 15 11 12 10 3 3 6 12 15 3 9 15 12 14 4 12 6 7 12 1 4 8 5 15 14 13 15 2 14 10 7 3 14 11 3 2 6 10 13 14 5 2 14 6 10 7 5 6 5 6 10 15 5 4 10 10 10 9 15 1 3 7 13 7
DISPLAY 0 2 8
DISPLAY 1 8 4
DISPLAY 2 0 4
DISPLAY 3 3 6
DISPLAY 4 8 7
DISPLAY 5 0 2
DISPLAY 6 1 7
DISPLAY 7 2 3
DISPLAY 8 1 5
POSITION 0 0 6
POSITION 1 9 1
POSITION 2 1 6
POSITION 3 7 5
PLAYER 0
MESSAGE OK
TARGET 8
EXTRAFIELD 11
.
TICK 2
FIELDS 6 10 11 6 14 10 4 12 9 10 10 3 9 1 5 9 5 11 10 3 5 12 9 15 6 7 10 10 13 7 3 9 15 3 12 15 11 12 10 3 3 6 12 15 4 9 15 12 14 4 12 6 7 12 1 3 8 5 15 14 13 15 2 14 10 7 14 14 11 3 2 6 10 13 14 5 2 4 6 10 7 5 6 5 6 10 15 5 11 10 10 10 9 15 1 3 7 13 7
DISPLAY 0 2 8
DISPLAY 1 8 4
DISPLAY 2 0 3
DISPLAY 3 3 6
DISPLAY 4 8 7
DISPLAY 5 0 1
DISPLAY 6 1 7
DISPLAY 7 2 3
DISPLAY 8 1 5
POSITION 0 0 5
POSITION 1 9 1
POSITION 2 1 6
POSITION 3 7 5
PLAYER 1
.
TICK 2
FIELDS 6 10 11 3 14 10 4 12 9 10 10 3 9 1 6 9 5 11 10 3 5 12 9 15 6 5 10 10 13 7 3 9 15 3 12 15 7 12 10 3 3 6 12 15 4 9 15 11 14 4 12 6 7 12 1 3 8 5 12 14 13 15 2 14 10 7 14 14 11 15 2 6 10 13 14 5 2 4 6 10 3 5 6 5 6 10 15 5 11 10 10 7 9 15 1 3 7 13 7
DISPLAY 0 2 8
DISPLAY 1 8 4
DISPLAY 2 0 3
DISPLAY 3 3 7
DISPLAY 4 8 7
DISPLAY 5 0 1
DISPLAY 6 1 7
DISPLAY 7 2 3
DISPLAY 8 1 5
POSITION 0 0 5
POSITION 1 9 1
POSITION 2 1 6
POSITION 3 7 5
PLAYER 2
.
TICK 2
FIELDS 6 10 11 3 14 10 4 12 9 10 10 3 9 1 6 9 5 11 10 3 5 12 9 15 6 5 10 10 13 7 3 9 15 3 12 15 7 12 10 3 3 6 12 15 4 9 15 11 14 4 12 6 7 12 1 3 8 5 12 14 13 15 2 14 10 7 14 14 11 15 2 6 10 13 14 5 2 6 10 3 5 6 5 6 10 15 5 3 11 10 10 7 9 15 1 3 7 13 7
DISPLAY 0 2 8
DISPLAY 1 8 4
DISPLAY 2 0 3
DISPLAY 3 2 7
DISPLAY 4 7 7
DISPLAY 5 0 1
DISPLAY 7 2 3
DISPLAY 8 1 5
POSITION 0 0 5
POSITION 1 9 1
POSITION 2 0 7
POSITION 3 7 5
PLAYER 3
.
TICK 3
FIELDS 6 10 11 3 14 10 4 12 9 10 10 3 9 1 6 9 5 11 10 3 5 12 15 9 15 6 5 10 10 13 7 3 9 3 12 15 7 12 10 3 3 6 12 15 4 9 15 11 14 4 12 6 7 12 1 3 8 5 12 14 13 15 2 14 10 7 14 14 11 15 2 6 10 13 14 5 2 6 10 3 5 6 5 6 10 15 5 3 11 10 10 7 9 15 1 3 7 13 7
DISPLAY 0 2 8
DISPLAY 1 8 4
DISPLAY 2 0 3
DISPLAY 3 2 7
DISPLAY 4 7 7
DISPLAY 5 0 1
DISPLAY 7 2 3
DISPLAY 8 1 5
POSITION 0 0 5
POSITION 1 9 1
POSITION 2 0 7
POSITION 3 7 5
PLAYER 0
MESSAGE OK
TARGET 8
EXTRAFIELD 15
.
TICK 3
FIELDS 6 10 11 3 14 10 4 12 9 10 10 3 9 1 6 9 5 11 10 3 5 12 15 9 15 6 5 10 10 13 7 3 9 3 12 15 7 12 10 3 3 6 12 15 4 9 15 11 14 4 12 6 7 12 1 8 5 12 14 13 15 2 14 10 7 15 14 14 11 15 2 6 10 13 14 5 2 6 10 3 5 6 5 6 10 15 5 3 11 10 10 7 9 15 1 3 7 13 7
DISPLAY 0 2 8
DISPLAY 1 8 4
DISPLAY 2 0 3
DISPLAY 3 2 7
DISPLAY 4 7 7
DISPLAY 5 0 1
DISPLAY 7 2 3
DISPLAY 8 0 5
POSITION 0 10 5
POSITION 1 9 1
POSITION 2 0 7
POSITION 3 6 5
PLAYER 1
.
TICK 3
FIELDS 6 10 11 3 14 10 4 12 9 10 10 3 9 1 6 9 5 11 10 3 5 12 15 9 15 6 5 10 10 13 7 3 9 3 12 15 7 12 10 3 3 6 12 15 9 15 11 14 4 12 6 7 12 1 10 8 5 12 14 13 15 2 14 10 7 15 14 14 11 15 2 6 10 13 14 5 2 6 10 3 5 6 5 6 10 15 5 3 11 10 10 7 9 15 1 3 7 13 7
DISPLAY 0 2 8
DISPLAY 1 7 4
DISPLAY 2 0 3
DISPLAY 3 2 7
DISPLAY 4 7 7
DISPLAY 5 0 1
DISPLAY 7 2 3
DISPLAY 8 0 5
POSITION 0 10 5
POSITION 1 9 1
POSITION 2 0 7
POSITION 3 6 5
PLAYER 2
.
TICK 3
FIELDS 6 10 11 3 14 10 4 12 9 10 10 3 9 1 6 9 5 11 10 3 5 12 15 9 15 6 5 10 10 13 7 3 9 3 12 15 7 12 10 3 3 6 12 15 9 15 11 14 4 12 6 7 12 1 10 5 12 14 13 15 2 14 10 7 15 4 14 14 11 15 2 6 10 13 14 5 2 6 10 3 5 6 5 6 10 15 5 3 11 10 10 7 9 15 1 3 7 13 7
DISPLAY 0 2 8
DISPLAY 1 7 4
DISPLAY 2 0 3
DISPLAY 3 2 7
DISPLAY 4 7 7
DISPLAY 5 0 1
DISPLAY 8 10 5
POSITION 0 9 5
POSITION 1 9 1
POSITION 2 2 3
POSITION 3 5 5
PLAYER 3
.
TICK 4
FIELDS 6 10 11 3 14 10 4 12 9 10 10 3 9 1 6 9 5 11 10 3 5 12 9 15 6 5 10 10 13 7 3 9 15 3 12 15 7 12 10 3 3 6 12 15 9 15 11 14 4 12 6 7 12 1 10 5 12 14 13 15 2 14 10 7 15 4 14 14 11 15 2 6 10 13 14 5 2 6 10 3 5 6 5 6 10 15 5 3 11 10 10 7 9 15 1 3 7 13 7
DISPLAY 0 2 8
DISPLAY 1 7 4
DISPLAY 2 0 3
DISPLAY 3 2 7
DISPLAY 4 7 7
DISPLAY 5 0 1
DISPLAY 8 10 5
POSITION 0 9 5
POSITION 1 9 1
POSITION 2 2 3
POSITION 3 5 5
PLAYER 0
MESSAGE OK
TARGET 8
EXTRAFIELD 3
.
TICK 4
FIELDS 6 10 11 3 14 10 4 12 9 10 10 3 9 1 6 9 5 11 10 3 5 12 9 15 6 5 10 10 13 7 3 9 15 3 12 15 7 12 10 3 3 6 12 15 9 15 11 14 4 12 6 7 12 1 10 3 5 12 14 13 15 2 14 10 7 15 14 14 11 15 2 6 10 13 14 5 2 6 10 3 5 6 5 6 10 15 5 3 11 10 10 7 9 15 1 3 7 13 7
DISPLAY 0 2 8
DISPLAY 1 7 4
DISPLAY 2 0 3
DISPLAY 3 2 7
DISPLAY 4 7 7
DISPLAY 5 0 1
DISPLAY 8 0 5
POSITION 0 10 5
POSITION 1 9 1
POSITION 2 2 3
POSITION 3 6 5
PLAYER 1
.
TICK 4
FIELDS 6 10 11 3 14 10 4 12 9 10 10 3 9 1 6 9 5 11 10 3 5 12 9 15 6 5 10 10 13 7 3 9 15 4 3 12 15 7 12 10 3 3 6 12 9 15 11 14 4 12 6 7 12 1 10 3 5 12 14 13 15 2 14 10 7 15 14 14 11 15 2 6 10 13 14 5 2 6 10 3 5 6 5 6 10 15 5 3 11 10 10 7 9 15 1 3 7 13 7
DISPLAY 0 2 8
DISPLAY 1 7 4
DISPLAY 2 1 3
DISPLAY 3 2 7
DISPLAY 4 7 7
DISPLAY 5 0 1
DISPLAY 8 0 5
POSITION 0 10 5
POSITION 1 9 1
POSITION 2 3 3
POSITION 3 6 5
PLAYER 2
.
TICK 4
FIELDS 6 10 11 3 14 10 4 12 9 10 10 3 9 1 6 9 5 11 10 3 5 12 9 15 6 5 10 10 13 7 3 9 15 4 3 12 15 7 12 10 3 3 6 12 9 15 11 14 4 12 6 7 12 1 10 3 5 12 14 13 15 2 14 10 7 15 14 11 15 2 6 10 13 14 5 2 8 6 10 3 5 6 5 6 10 15 5 3 11 10 10 7 9 15 1 3 7 13 7
DISPLAY 0 2 8
DISPLAY 1 7 4
DISPLAY 2 1 3
DISPLAY 4 7 7
DISPLAY 5 0 1
DISPLAY 8 0 5
POSITION 0 10 5
POSITION 1 9 1
POSITION 2 2 7
POSITION 3 6 5
PLAYER 3
.
TICK 5
FIELDS 6 10 11 3 14 10 4 12 9 10 10 3 9 1 6 9 5 11 10 3 5 12 15 9 15 6 5 10 10 13 7 3 9 4 3 12 15 7 12 10 3 3 6 12 9 15 11 14 4 12 6 7 12 1 10 3 5 12 14 13 15 2 14 10 7 15 14 11 15 2 6 10 13 14 5 2 8 6 10 3 5 6 5 6 10 15 5 3 11 10 10 7 9 15 1 3 7 13 7
DISPLAY 0 2 8
DISPLAY 1 7 4
DISPLAY 2 1 3
DISPLAY 4 7 7
DISPLAY 5 0 1
DISPLAY 8 0 5
POSITION 0 10 5
POSITION 1 9 1
POSITION 2 2 7
POSITION 3 6 5
PLAYER 0
MESSAGE OK
TARGET 8
EXTRAFIELD 4
.
TICK 5
FIELDS 6 10 11 3 14 10 4 12 9 10 10 3 9 1 6 9 5 11 10 3 5 12 15 9 15 6 5 10 10 13 7 3 9 4 3 12 15 7 12 10 3 3 6 12 9 15 11 14 4 12 6 7 12 1 10 8 3 5 12 14 13 15 2 14 10 7 14 11 15 2 6 10 13 14 5 2 8 6 10 3 5 6 5 6 10 15 5 3 11 10 10 7 9 15 1 3 7 13 7
DISPLAY 0 2 8
DISPLAY 1 7 4
DISPLAY 2 1 3
DISPLAY 4 7 7
DISPLAY 5 0 1
POSITION 0 1 5
POSITION 1 9 1
POSITION 2 2 7
POSITION 3 7 5
PLAYER 1
.
TICK 5
FIELDS 6 10 11 3 14 10 4 12 9 15 10 3 9 1 6 9 5 11 10 3 10 12 15 9 15 6 5 10 10 13 7 5 9 4 3 12 15 7 12 10 3 3 3 12 9 15 11 14 4 12 6 7 12 6 10 8 3 5 12 14 13 15 2 14 1 7 14 11 15 2 6 10 13 14 5 10 8 6 10 3 5 6 5 6 10 15 2 3 11 10 10 7 9 15 1 3 7 5 7
DISPLAY 0 2 8
DISPLAY 1 7 4
DISPLAY 2 1 3
DISPLAY 4 7 7
DISPLAY 5 0 1
POSITION 0 1 5
POSITION 1 9 2
POSITION 2 2 7
POSITION 3 7 5
PLAYER 2
.
TICK 5
FIELDS 6 10 11 3 14 10 4 12 9 15 10 3 9 1 6 9 5 11 10 3 10 12 15 9 15 6 5 10 10 13 7 5 9 4 3 12 15 7 12 10 3 3 3 12 14 9 15 11 14 4 12 6 7 12 6 8 3 5 12 14 13 15 2 14 1 7 14 11 15 2 6 10 13 14 5 10 8 6 10 3 5 6 5 6 10 15 2 3 11 10 10 7 9 15 1 3 7 5 7
DISPLAY 0 2 8
DISPLAY 1 8 4
DISPLAY 2 1 3
DISPLAY 4 7 7
DISPLAY 5 0 1
POSITION 0 1 5
POSITION 1 9 2
POSITION 2 4 4
POSITION 3 7 5
PLAYER 3
.
TICK 6
FIELDS 6 10 11 3 14 10 4 12 9 15 10 3 9 1 6 9 5 11 10 3 10 12 15 15 9 15 6 5 10 10 13 7 5 4 3 12 15 7 12 10 3 3 3 12 14 9 15 11 14 4 12 6 7 12 6 8 3 5 12 14 13 15 2 14 1 7 14 11 15 2 6 10 13 14 5 10 8 6 10 3 5 6 5 6 10 15 2 3 11 10 10 7 9 15 1 3 7 5 7
DISPLAY 0 2 8
DISPLAY 1 8 4
DISPLAY 2 1 3
DISPLAY 4 7 7
DISPLAY 5 0 1
POSITION 0 1 5
POSITION 1 10 2
POSITION 2 4 4
POSITION 3 7 5
PLAYER 0
MESSAGE OK
TARGET 1
EXTRAFIELD 15
.
TICK 6
FIELDS 6 10 11 3 14 10 4 12 9 15 10 3 9 1 6 9 5 11 10 3 10 12 15 15 9 15 6 5 10 10 13 7 5 4 3 12 15 7 12 10 3 3 3 12 15 14 9 15 11 14 4 12 6 7 12 8 3 5 12 14 13 15 2 14 1 7 14 11 15 2 6 10 13 14 5 10 8 6 10 3 5 6 5 6 10 15 2 3 11 10 10 7 9 15 1 3 7 5 7
DISPLAY 0 2 8
DISPLAY 1 9 4
DISPLAY 2 1 3
DISPLAY 4 7 7
DISPLAY 5 0 1
POSITION 0 0 3
POSITION 1 10 2
POSITION 2 5 4
POSITION 3 7 5
PLAYER 1
.
TICK 6
FIELDS 6 10 11 3 14 10 4 12 9 15 10 3 9 1 6 9 5 11 10 3 10 12 15 15 9 15 6 5 10 10 13 7 5 4 3 12 15 7 12 10 3 3 3 12 14 9 15 11 14 4 12 6 7 12 13 8 3 5 12 14 13 15 2 14 1 7 14 11 15 2 6 10 13 14 5 10 8 6 10 3 5 6 5 6 10 15 2 3 11 10 10 7 9 15 1 3 7 5 7
DISPLAY 0 2 8
DISPLAY 1 8 4
DISPLAY 2 1 3
DISPLAY 4 7 7
DISPLAY 5 0 1
POSITION 0 0 3
POSITION 1 10 2
POSITION 2 4 4
POSITION 3 7 5
PLAYER 2
.
TICK 6
FIELDS 6 10 11 3 14 10 4 12 9 15 10 3 9 1 6 9 5 11 10 3 10 12 15 15 9 15 6 5 10 10 13 7 5 4 3 12 15 7 12 10 3 3 3 12 10 14 9 15 11 14 4 12 6 7 12 8 3 5 12 14 13 15 2 14 1 7 14 11 15 2 6 10 13 14 5 10 8 6 10 3 5 6 5 6 10 15 2 3 11 10 10 7 9 15 1 3 7 5 7
DISPLAY 0 2 8
DISPLAY 1 9 4
DISPLAY 2 1 3
DISPLAY 4 7 7
DISPLAY 5 0 1
POSITION 0 0 3
POSITION 1 10 2
POSITION 2 6 4
POSITION 3 7 5
PLAYER 3
.
TICK 7
FIELDS 6 10 11 3 14 10 4 12 9 15 10 3 9 1 6 9 5 11 10 3 10 12 15 9 15 6 5 10 10 13 7 5 9 4 3 12 15 7 12 10 3 3 3 12 10 14 9 15 11 14 4 12 6 7 12 8 3 5 12 14 13 15 2 14 1 7 14 11 15 2 6 10 13 14 5 10 8 6 10 3 5 6 5 6 10 15 2 3 11 10 10 7 9 15 1 3 7 5 7
DISPLAY 0 2 8
DISPLAY 1 9 4
DISPLAY 2 1 3
DISPLAY 4 7 7
DISPLAY 5 0 1
POSITION 0 0 3
POSITION 1 9 2
POSITION 2 6 4
POSITION 3 7 5
PLAYER 0
MESSAGE OK
TARGET 1
EXTRAFIELD 6
.
TICK 7
FIELDS 6 10 11 3 14 10 4 12 9 15 10 3 9 1 6 9 5 11 10 3 10 12 15 9 15 6 5 10 10 13 7 5 9 3 12 15 7 12 10 3 3 3 12 6 10 14 9 15 11 14 4 12 6 7 12 8 3 5 12 14 13 15 2 14 1 7 14 11 15 2 6 10 13 14 5 10 8 6 10 3 5 6 5 6 10 15 2 3 11 10 10 7 9 15 1 3 7 5 7
DISPLAY 0 2 8
DISPLAY 2 0 3
DISPLAY 4 7 7
DISPLAY 5 0 1
POSITION 0 9 4
POSITION 1 9 2
POSITION 2 6 4
POSITION 3 7 5
PLAYER 1
.
TICK 7
FIELDS 6 10 11 3 14 10 4 15 9 15 10 3 9 1 6 9 5 11 12 3 10 12 15 9 15 6 5 10 10 10 7 5 9 3 12 15 7 12 10 3 13 3 12 6 10 14 9 15 11 14 4 3 6 7 12 8 3 5 12 14 13 15 12 14 1 7 14 11 15 2 6 10 13 2 5 10 8 6 10 3 5 6 5 6 14 15 2 3 11 10 10 7 9 15 1 10 7 5 7
DISPLAY 0 2 8
DISPLAY 2 0 3
DISPLAY 4 7 8
DISPLAY 5 0 1
POSITION 0 9 4
POSITION 1 9 2
POSITION 2 6 4
POSITION 3 7 6
PLAYER 2
.
TICK 7
FIELDS 6 10 11 3 14 10 13 15 9 15 10 3 9 1 6 9 5 4 12 3 10 12 15 9 15 6 5 10 11 10 7 5 9 3 12 15 7 12 10 10 13 3 12 6 10 14 9 15 11 14 3 3 6 7 12 8 3 5 12 14 13 4 12 14 1 7 14 11 15 2 6 10 15 2 5 10 8 6 10 3 5 6 5 13 14 15 2 3 11 10 10 7 9 15 6 10 7 5 7
DISPLAY 0 2 8
DISPLAY 2 0 3
DISPLAY 5 0 1
POSITION 0 9 4
POSITION 1 9 2
POSITION 2 7 8
POSITION 3 7 6
PLAYER 3
.
TICK 8
FIELDS 6 10 11 3 14 10 13 15 9 15 10 3 9 1 6 9 5 4 12 3 10 12 9 15 6 5 10 11 10 7 5 9 15 3 12 15 7 12 10 10 13 3 12 6 10 14 9 15 11 14 3 3 6 7 12 8 3 5 12 14 13 4 12 14 1 7 14 11 15 2 6 10 15 2 5 10 8 6 10 3 5 6 5 13 14 15 2 3 11 10 10 7 9 15 6 10 7 5 7
DISPLAY 0 2 8
DISPLAY 2 0 3
DISPLAY 5 0 1
POSITION 0 9 4
POSITION 1 8 2
POSITION 2 7 8
POSITION 3 7 6
PLAYER 0
MESSAGE OK
TARGET 2
EXTRAFIELD 4
.
TICK 8
FIELDS 6 4 11 3 14 10 13 15 9 15 10 3 10 1 6 9 5 4 12 3 10 12 9 9 6 5 10 11 10 7 5 9 15 3 15 15 7 12 10 10 13 3 12 6 10 12 9 15 11 14 3 3 6 7 12 8 14 5 12 14 13 4 12 14 1 7 14 3 15 2 6 10 15 2 5 10 8 6 11 3 5 6 5 13 14 15 2 3 11 10 10 7 9 15 6 10 7 5 7
DISPLAY 0 2 8
DISPLAY 2 0 3
DISPLAY 5 0 1
POSITION 0 10 3
POSITION 1 8 2
POSITION 2 7 8
POSITION 3 7 6
PLAYER 1
.
TICK 8
FIELDS 6 4 11 3 9 10 13 15 9 15 10 3 10 1 6 10 5 4 12 3 10 12 9 9 6 5 12 11 10 7 5 9 15 3 15 15 7 11 10 10 13 3 12 6 10 12 9 15 14 14 3 3 6 7 12 8 14 5 12 6 13 4 12 14 1 7 14 3 15 2 6 10 15 2 5 10 8 6 11 3 5 9 5 13 14 15 2 3 11 10 10 7 3 15 6 10 7 5 7
DISPLAY 0 2 8
DISPLAY 2 0 3
DISPLAY 5 0 1
POSITION 0 10 3
POSITION 1 8 2
POSITION 2 7 8
POSITION 3 7 6
PLAYER 2
.
TICK 8
FIELDS 6 4 11 3 9 10 13 1 9 15 10 3 10 1 6 10 5 4 15 3 10 12 9 9 6 5 12 11 10 12 5 9 15 3 15 15 7 11 10 10 7 3 12 6 10 12 9 15 14 14 3 13 6 7 12 8 14 5 12 6 13 4 3 14 1 7 14 3 15 2 6 10 15 12 5 10 8 6 11 3 5 9 5 13 2 15 2 3 11 10 10 7 3 15 6 14 7 5 7
DISPLAY 0 2 8
DISPLAY 2 0 3
DISPLAY 5 0 1
POSITION 0 10 3
POSITION 1 8 2
POSITION 2 7 0
POSITION 3 7 7
PLAYER 3
.
TICK 9
FIELDS 6 4 11 3 9 10 13 1 9 15 10 3 10 1 6 10 5 4 15 3 10 12 15 9 9 6 5 12 11 10 12 5 9 3 15 15 7 11 10 10 7 3 12 6 10 12 9 15 14 14 3 13 6 7 12 8 14 5 12 6 13 4 3 14 1 7 14 3 15 2 6 10 15 12 5 10 8 6 11 3 5 9 5 13 2 15 2 3 11 10 10 7 3 15 6 14 7 5 7
DISPLAY 0 2 8
DISPLAY 2 0 3
DISPLAY 5 0 1
POSITION 0 10 3
POSITION 1 9 2
POSITION 2 7 0
POSITION 3 7 7
PLAYER 0
MESSAGE OK
TARGET 2
EXTRAFIELD 10
.
TICK 9
FIELDS 6 4 11 3 9 10 13 1 9 15 10 3 10 1 6 10 5 4 15 3 10 12 15 9 9 6 5 12 11 10 12 5 9 10 3 15 15 7 11 10 10 7 3 12 10 12 9 15 14 14 3 13 6 7 12 8 14 5 12 6 13 4 3 14 1 7 14 3 15 2 6 10 15 12 5 10 8 6 11 3 5 9 5 13 2 15 2 3 11 10 10 7 3 15 6 14 7 5 7
DISPLAY 0 2 8
DISPLAY 5 0 1
POSITION 0 1 3
POSITION 1 9 2
POSITION 2 7 0
POSITION 3 7 7
PLAYER 1
.
TICK 9
FIELDS 6 4 11 3 9 10 13 1 9 15 10 3 10 1 6 10 5 4 15 3 10 12 14 15 9 9 6 5 12 11 10 12 5 10 3 15 15 7 11 10 10 7 3 12 10 12 9 15 14 14 3 13 6 7 12 8 14 5 12 6 13 4 3 14 1 7 14 3 15 2 6 10 15 12 5 10 8 6 11 3 5 9 5 13 2 15 2 3 11 10 10 7 3 15 6 14 7 5 7
DISPLAY 0 2 8
DISPLAY 5 0 1
POSITION 0 1 3
POSITION 1 10 2
POSITION 2 7 0
POSITION 3 7 7
PLAYER 2
.
TICK 9
FIELDS 6 4 11 3 9 10 13 15 9 15 10 3 10 1 6 10 5 4 11 3 10 12 14 15 9 9 6 5 12 10 10 12 5 10 3 15 15 7 11 10 13 7 3 12 10 12 9 15 14 14 3 3 6 7 12 8 14 5 12 6 13 4 12 14 1 7 14 3 15 2 6 10 15 2 5 10 8 6 11 3 5 9 5 13 14 15 2 3 11 10 10 7 3 15 6 10 7 5 7
DISPLAY 0 2 8
DISPLAY 5 0 1
POSITION 0 1 3
POSITION 1 10 2
POSITION 2 7 8
POSITION 3 7 6
PLAYER 3
.
TICK 10
FIELDS 6 4 11 3 9 10 13 15 9 15 10 3 10 1 6 10 5 4 11 3 10 12 15 14 15 9 9 6 5 12 10 10 12 10 3 15 15 7 11 10 13 7 3 12 10 12 9 15 14 14 3 3 6 7 12 8 14 5 12 6 13 4 12 14 1 7 14 3 15 2 6 10 15 2 5 10 8 6 11 3 5 9 5 13 14 15 2 3 11 10 10 7 3 15 6 10 7 5 7
DISPLAY 0 2 8
DISPLAY 5 0 1
POSITION 0 1 3
POSITION 1 0 2
POSITION 2 7 8
POSITION 3 7 6
PLAYER 0
MESSAGE OK
TARGET 5
EXTRAFIELD 6
.
TICK 10
FIELDS 6 4 11 3 9 10 13 15 9 15 10 12 3 10 1 6 10 5 4 11 3 10 15 14 15 9 9 6 5 12 10 10 12 10 3 15 15 7 11 10 13 7 3 12 10 12 9 15 14 14 3 3 6 7 12 8 14 5 12 6 13 4 12 14 1 7 14 3 15 2 6 10 15 2 5 10 8 6 11 3 5 9 5 13 14 15 2 3 11 10 10 7 3 15 6 10 7 5 7
DISPLAY 0 2 8
POSITION 0 1 1
POSITION 1 0 2
POSITION 2 7 8
POSITION 3 7 6
PLAYER 1
.
TICK 10
FIELDS 6 4 11 3 9 10 13 15 9 15 10 12 3 10 1 6 10 5 4 11 3 10 15 14 15 9 9 6 5 12 10 10 12 10 3 15 15 7 11 10 13 7 3 12 10 12 9 15 14 14 3 3 6 7 12 8 14 5 12 6 13 4 12 14 1 7 14 3 15 2 6 10 15 2 5 10 8 6 11 3 5 9 5 13 14 15 2 3 9 11 10 10 7 3 15 6 10 7 5
DISPLAY 0 3 8
POSITION 0 1 1
POSITION 1 0 2
POSITION 2 8 8
POSITION 3 7 6
PLAYER 2
.
TICK 10
FIELDS 6 4 11 3 9 10 13 1 9 15 10 12 3 10 1 6 10 5 15 11 3 10 15 14 15 9 9 6 5 4 10 10 12 10 3 15 15 7 11 10 12 7 3 12 10 12 9 15 14 14 3 13 6 7 12 8 14 5 12 6 13 4 3 14 1 7 14 3 15 2 6 10 15 12 5 10 8 6 11 3 5 9 5 13 2 15 2 3 9 11 10 10 7 3 15 14 10 7 5
DISPLAY 0 3 8
POSITION 0 1 1
POSITION 1 0 2
POSITION 2 6 8
POSITION 3 7 7
PLAYER 3
.
TICK 11
FIELDS 6 4 11 3 9 10 13 1 9 15 10 12 3 10 1 6 10 5 15 11 3 10 5 15 14 15 9 9 6 5 4 10 10 10 3 15 15 7 11 10 12 7 3 12 10 12 9 15 14 14 3 13 6 7 12 8 14 5 12 6 13 4 3 14 1 7 14 3 15 2 6 10 15 12 5 10 8 6 11 3 5 9 5 13 2 15 2 3 9 11 10 10 7 3 15 14 10 7 5
DISPLAY 0 3 8
POSITION 0 1 1
POSITION 1 1 2
POSITION 2 6 8
POSITION 3 7 7
PLAYER 0
MESSAGE OK
TARGET 0
EXTRAFIELD 12
.
TICK 11
FIELDS 6 4 11 3 9 10 13 1 9 15 10 12 3 10 1 6 10 5 15 11 3 10 5 15 14 15 9 9 6 5 4 10 10 10 3 15 15 7 11 10 12 7 3 12 10 12 9 15 14 14 3 13 6 7 12 8 14 5 12 6 13 4 3 14 1 7 14 3 15 2 6 10 15 12 5 10 8 6 11 3 5 9 5 13 2 15 2 3 11 10 10 7 3 15 14 10 7 5 12
DISPLAY 0 2 8
POSITION 0 1 0
POSITION 1 1 2
POSITION 2 5 8
POSITION 3 7 7
PLAYER 1
.
TICK 11
FIELDS 6 4 11 3 9 10 13 1 9 15 10 12 3 10 1 6 10 5 15 11 3 10 7 5 15 14 15 9 9 6 5 4 10 10 3 15 15 7 11 10 12 7 3 12 10 12 9 15 14 14 3 13 6 7 12 8 14 5 12 6 13 4 3 14 1 7 14 3 15 2 6 10 15 12 5 10 8 6 11 3 5 9 5 13 2 15 2 3 11 10 10 7 3 15 14 10 7 5 12
DISPLAY 0 2 8
POSITION 0 1 0
POSITION 1 2 2
POSITION 2 5 8
POSITION 3 7 7
PLAYER 2
.
TICK 11
FIELDS 6 4 11 3 6 10 13 1 9 15 10 12 3 10 1 9 10 5 15 11 3 10 7 5 15 14 6 9 9 6 5 4 10 10 3 15 15 15 11 10 12 7 3 12 10 12 9 15 7 14 3 13 6 7 12 8 14 5 12 14 13 4 3 14 1 7 14 3 15 2 6 10 15 12 5 10 8 6 11 3 5 6 5 13 2 15 2 3 11 10 10 7 9 15 14 10 7 5 12
DISPLAY 0 2 8
POSITION 0 1 0
POSITION 1 2 2
POSITION 2 4 8
POSITION 3 7 7
PLAYER 3
.
TICK 12
FIELDS 6 4 11 3 6 10 13 1 9 15 10 12 3 10 1 9 10 5 15 11 3 10 5 15 14 6 9 9 6 5 4 10 12 10 3 15 15 15 11 10 12 7 3 12 10 12 9 15 7 14 3 13 6 7 12 8 14 5 12 14 13 4 3 14 1 7 14 3 15 2 6 10 15 12 5 10 8 6 11 3 5 6 5 13 2 15 2 3 11 10 10 7 9 15 14 10 7 5 12
DISPLAY 0 2 8
POSITION 0 1 0
POSITION 1 1 2
POSITION 2 4 8
POSITION 3 7 7
PLAYER 0
MESSAGE OK
TARGET 0
EXTRAFIELD 9
.
END 5
.
