MESSAGE OK
PLAYER 0
LEVEL 2
SIZE 10 10
DISPLAYS 23
MAXTICK 40
.
TICK 0
FIELDS 15 9 12 6 3 15 15 9 6 5 9 13 15 10 9 8 2 3 6 2 14 14 14 15 5 6 7 7 6 11 1 5 14 12 13 10 6 10 2 5 12 4 15 14 7 5 1 13 3 9 5 5 10 2 5 9 9 6 1 10 12 12 9 10 13 6 13 10 12 9 8 11 14 4 10 9 9 12 14 12 15 10 5 7 9 12 10 14 7 6 14 14 10 11 10 6 9 5 9 5
DISPLAY 0 8 8
DISPLAY 1 0 0
DISPLAY 2 8 2
DISPLAY 3 6 4
DISPLAY 4 4 0
DISPLAY 5 3 2
DISPLAY 6 6 8
DISPLAY 7 0 5
DISPLAY 8 2 9
DISPLAY 9 9 2
DISPLAY 10 0 3
DISPLAY 11 6 5
DISPLAY 12 4 4
DISPLAY 13 4 3
DISPLAY 14 0 4
DISPLAY 15 2 5
DISPLAY 16 7 5
DISPLAY 17 7 8
DISPLAY 18 0 8
DISPLAY 19 5 8
DISPLAY 20 9 0
DISPLAY 21 4 6
DISPLAY 22 3 8
POSITION 0 1 2
POSITION 1 9 9
POSITION 2 2 4
POSITION 3 5 1
PLAYER 0
MESSAGE OK
TARGET 0
EXTRAFIELD 15
.
TICK 0
FIELDS 15 15 12 6 3 15 15 9 6 5 9 9 15 10 9 8 2 3 6 2 14 13 14 15 5 6 7 7 6 11 1 14 14 12 13 10 6 10 2 5 12 5 15 14 7 5 1 13 3 9 5 4 10 2 5 9 9 6 1 10 12 5 9 10 13 6 13 10 12 9 8 12 14 4 10 9 9 12 14 12 15 11 5 7 9 12 10 14 7 6 14 10 10 11 10 6 9 5 9 5
DISPLAY 0 8 8
DISPLAY 1 0 0
DISPLAY 2 8 2
DISPLAY 3 6 4
DISPLAY 4 4 0
DISPLAY 5 3 2
DISPLAY 6 6 8
DISPLAY 7 0 5
DISPLAY 8 2 9
DISPLAY 9 9 2
DISPLAY 10 0 3
DISPLAY 11 6 5
DISPLAY 12 4 4
DISPLAY 13 4 3
DISPLAY 14 0 4
DISPLAY 15 2 5
DISPLAY 16 7 5
DISPLAY 17 7 8
DISPLAY 18 0 8
DISPLAY 19 5 8
DISPLAY 20 9 0
DISPLAY 21 4 6
DISPLAY 22 3 8
POSITION 0 5 7
POSITION 1 9 9
POSITION 2 2 4
POSITION 3 5 1
PLAYER 1
.
TICK 0
FIELDS 15 15 12 15 3 15 15 9 6 5 9 9 15 6 9 8 2 3 6 2 14 13 14 10 5 6 7 7 6 11 1 14 14 15 13 10 6 10 2 5 12 5 15 12 7 5 1 13 3 9 5 4 10 14 5 9 9 6 1 10 12 5 9 2 13 6 13 10 12 9 8 12 14 10 10 9 9 12 14 12 15 11 5 4 9 12 10 14 7 6 14 10 10 7 10 6 9 5 9 5
DISPLAY 0 8 8
DISPLAY 1 0 0
DISPLAY 2 8 2
DISPLAY 3 6 4
DISPLAY 4 4 0
DISPLAY 5 3 3
DISPLAY 6 6 8
DISPLAY 7 0 5
DISPLAY 8 2 9
DISPLAY 9 9 2
DISPLAY 10 0 3
DISPLAY 11 6 5
DISPLAY 12 4 4
DISPLAY 13 4 3
DISPLAY 14 0 4
DISPLAY 15 2 5
DISPLAY 16 7 5
DISPLAY 17 7 8
DISPLAY 18 0 8
DISPLAY 19 5 8
DISPLAY 20 9 0
DISPLAY 21 4 6
DISPLAY 22 3 9
POSITION 0 5 7
POSITION 1 9 9
POSITION 2 2 4
POSITION 3 5 1
PLAYER 2
.
TICK 0
FIELDS 15 15 12 15 3 15 15 9 6 5 9 9 15 15 9 8 2 3 6 2 14 13 14 6 5 6 7 7 6 11 1 14 14 10 13 10 6 10 2 5 12 5 15 15 7 5 1 13 3 9 5 4 10 12 5 9 9 6 1 10 12 5 9 14 13 6 13 10 12 9 8 12 14 2 10 9 9 12 14 12 15 11 5 10 9 12 10 14 7 6 14 10 10 4 10 6 9 5 9 5
DISPLAY 0 8 8
DISPLAY 1 0 0
DISPLAY 2 8 2
DISPLAY 3 6 4
DISPLAY 4 4 0
DISPLAY 5 3 4
DISPLAY 6 6 8
DISPLAY 7 0 5
DISPLAY 8 2 9
DISPLAY 9 9 2
DISPLAY 10 0 3
DISPLAY 11 6 5
DISPLAY 12 4 4
DISPLAY 13 4 3
DISPLAY 14 0 4
DISPLAY 15 2 5
DISPLAY 16 7 5
DISPLAY 17 7 8
DISPLAY 18 0 8
DISPLAY 19 5 8
DISPLAY 20 9 0
DISPLAY 21 4 6
DISPLAY 22 3 0
POSITION 0 5 7
POSITION 1 9 9
POSITION 2 6 4
POSITION 3 5 1
PLAYER 3
.
TICK 1
FIELDS 15 15 12 15 3 15 15 9 6 5 9 9 15 15 9 8 2 3 6 2 14 13 14 6 5 6 7 7 6 11 1 14 14 10 13 10 6 10 2 5 12 5 15 15 7 5 1 13 3 9 5 4 10 12 5 9 9 6 1 10 5 9 14 13 6 13 10 12 9 15 8 12 14 2 10 9 9 12 14 12 15 11 5 10 9 12 10 14 7 6 14 10 10 4 10 6 9 5 9 5
DISPLAY 0 8 8
DISPLAY 1 0 0
DISPLAY 2 8 2
DISPLAY 3 6 4
DISPLAY 4 4 0
DISPLAY 5 3 4
DISPLAY 6 6 8
DISPLAY 7 0 5
DISPLAY 8 2 9
DISPLAY 9 9 2
DISPLAY 10 0 3
DISPLAY 11 6 5
DISPLAY 12 4 4
DISPLAY 13 4 3
DISPLAY 14 0 4
DISPLAY 15 2 5
DISPLAY 16 7 5
DISPLAY 17 7 8
DISPLAY 18 0 8
DISPLAY 19 5 8
DISPLAY 20 9 0
DISPLAY 21 3 6
DISPLAY 22 3 0
POSITION 0 5 7
POSITION 1 9 9
POSITION 2 6 4
POSITION 3 5 1
PLAYER 0
MESSAGE OK
TARGET 0
EXTRAFIELD 14
.
TICK 1
FIELDS 15 15 12 15 3 14 15 9 6 5 9 9 15 15 9 15 2 3 6 2 14 13 14 6 5 8 7 7 6 11 1 14 14 10 13 6 6 10 2 5 12 5 15 15 7 10 1 13 3 9 5 4 10 12 5 5 9 6 1 10 5 9 14 13 6 9 10 12 9 15 8 12 14 2 10 13 9 12 14 12 15 11 5 10 9 9 10 14 7 6 14 10 10 4 10 12 9 5 9 5
DISPLAY 1 0 0
DISPLAY 2 8 2
DISPLAY 3 6 4
DISPLAY 4 4 0
DISPLAY 5 3 4
DISPLAY 6 6 8
DISPLAY 7 0 5
DISPLAY 8 2 9
DISPLAY 9 9 2
DISPLAY 10 0 3
DISPLAY 11 6 5
DISPLAY 12 4 4
DISPLAY 13 4 3
DISPLAY 14 0 4
DISPLAY 15 2 5
DISPLAY 16 7 5
DISPLAY 17 7 8
DISPLAY 18 0 8
DISPLAY 19 5 9
DISPLAY 20 9 0
DISPLAY 21 3 6
DISPLAY 22 3 0
POSITION 0 8 8
POSITION 1 9 9
POSITION 2 6 4
POSITION 3 5 2
PLAYER 1
.
TICK 1
FIELDS 15 15 12 15 3 14 15 9 6 11 9 9 15 15 9 15 2 3 6 5 14 13 14 6 5 8 7 7 6 2 1 14 14 10 13 6 6 10 2 11 12 5 15 15 7 10 1 13 3 5 5 4 10 12 5 5 9 6 1 9 5 9 14 13 6 9 10 12 9 10 8 12 14 2 10 13 9 12 14 15 15 11 5 10 9 9 10 14 7 12 14 10 10 4 10 12 9 5 9 6
DISPLAY 1 0 0
DISPLAY 2 8 2
DISPLAY 3 6 4
DISPLAY 4 4 0
DISPLAY 5 3 4
DISPLAY 6 6 8
DISPLAY 7 0 5
DISPLAY 8 2 9
DISPLAY 9 9 3
DISPLAY 10 0 3
DISPLAY 11 6 5
DISPLAY 12 4 4
DISPLAY 13 4 3
DISPLAY 14 0 4
DISPLAY 15 2 5
DISPLAY 16 7 5
DISPLAY 17 7 8
DISPLAY 18 0 8
DISPLAY 19 5 9
DISPLAY 20 9 1
DISPLAY 21 3 6
DISPLAY 22 3 0
POSITION 0 8 8
POSITION 1 9 0
POSITION 2 6 4
POSITION 3 5 2
PLAYER 2
.
TICK 1
FIELDS 7 15 12 15 3 14 15 9 6 11 15 9 15 15 9 15 2 3 6 5 9 13 14 6 5 8 7 7 6 2 14 14 14 10 13 6 6 10 2 11 1 5 15 15 7 10 1 13 3 5 12 4 10 12 5 5 9 6 1 9 5 9 14 13 6 9 10 12 9 10 5 12 14 2 10 13 9 12 14 15 8 11 5 10 9 9 10 14 7 12 15 10 10 4 10 12 9 5 9 6
DISPLAY 1 0 1
DISPLAY 2 8 2
DISPLAY 3 6 4
DISPLAY 4 4 0
DISPLAY 5 3 4
DISPLAY 6 6 8
DISPLAY 7 0 6
DISPLAY 8 2 9
DISPLAY 9 9 3
DISPLAY 10 0 4
DISPLAY 11 6 5
DISPLAY 12 4 4
DISPLAY 13 4 3
DISPLAY 14 0 5
DISPLAY 15 2 5
DISPLAY 16 7 5
DISPLAY 17 7 8
DISPLAY 18 0 9
DISPLAY 19 5 9
DISPLAY 20 9 1
DISPLAY 21 3 6
DISPLAY 22 3 0
POSITION 0 8 8
POSITION 1 9 0
POSITION 2 6 4
POSITION 3 5 2
PLAYER 3
.
TICK 2
FIELDS 7 15 12 15 3 14 15 9 6 11 15 9 15 15 9 15 2 3 6 5 9 13 14 6 5 8 7 7 6 2 14 14 14 10 13 6 6 10 2 11 1 5 15 15 7 10 1 13 3 5 12 4 10 12 5 5 9 6 1 9 9 14 13 6 9 10 12 9 10 12 5 12 14 2 10 13 9 12 14 15 8 11 5 10 9 9 10 14 7 12 15 10 10 4 10 12 9 5 9 6
DISPLAY 1 0 1
DISPLAY 2 8 2
DISPLAY 3 6 4
DISPLAY 4 4 0
DISPLAY 5 3 4
DISPLAY 6 6 8
DISPLAY 7 9 6
DISPLAY 8 2 9
DISPLAY 9 9 3
DISPLAY 10 0 4
DISPLAY 11 6 5
DISPLAY 12 4 4
DISPLAY 13 4 3
DISPLAY 14 0 5
DISPLAY 15 2 5
DISPLAY 16 7 5
DISPLAY 17 7 8
DISPLAY 18 0 9
DISPLAY 19 5 9
DISPLAY 20 9 1
DISPLAY 21 2 6
DISPLAY 22 3 0
POSITION 0 8 8
POSITION 1 9 0
POSITION 2 6 4
POSITION 3 5 2
PLAYER 0
MESSAGE OK
TARGET 18
EXTRAFIELD 6
.
TICK 2
FIELDS 15 15 12 15 3 14 15 9 6 11 9 9 15 15 9 15 2 3 6 5 14 13 14 6 5 8 7 7 6 2 1 14 14 10 13 6 6 10 2 11 12 5 15 15 7 10 1 13 3 5 9 4 10 12 5 5 9 6 1 9 5 14 13 6 9 10 12 9 10 12 8 12 14 2 10 13 9 12 14 15 15 11 5 10 9 9 10 14 7 12 6 10 10 4 10 12 9 5 9 6
DISPLAY 1 0 0
DISPLAY 2 8 2
DISPLAY 3 6 4
DISPLAY 4 4 0
DISPLAY 5 3 4
DISPLAY 6 6 8
DISPLAY 7 9 6
DISPLAY 8 2 9
DISPLAY 9 9 3
DISPLAY 10 0 3
DISPLAY 11 6 5
DISPLAY 12 4 4
DISPLAY 13 4 3
DISPLAY 14 0 4
DISPLAY 15 2 5
DISPLAY 16 7 5
DISPLAY 17 7 8
DISPLAY 18 0 8
DISPLAY 19 5 9
DISPLAY 20 9 1
DISPLAY 21 2 6
DISPLAY 22 3 0
POSITION 0 9 7
POSITION 1 9 0
POSITION 2 6 4
POSITION 3 5 2
PLAYER 1
.
TICK 2
FIELDS 15 15 12 15 3 14 15 3 6 11 9 9 15 15 9 15 2 7 6 5 14 13 14 6 5 8 7 10 6 2 1 14 14 10 13 6 6 13 2 11 12 5 15 15 7 10 1 6 3 5 9 4 10 12 5 5 9 9 1 9 5 14 13 6 9 10 12 12 10 12 8 12 14 2 10 13 9 14 14 15 15 11 5 10 9 9 10 5 7 12 6 10 10 4 10 12 9 5 9 6
DISPLAY 1 0 0
DISPLAY 2 8 2
DISPLAY 3 6 4
DISPLAY 4 4 0
DISPLAY 5 3 4
DISPLAY 6 6 8
DISPLAY 7 9 6
DISPLAY 8 2 9
DISPLAY 9 9 3
DISPLAY 10 0 3
DISPLAY 11 6 5
DISPLAY 12 4 4
DISPLAY 13 4 3
DISPLAY 14 0 4
DISPLAY 15 2 5
DISPLAY 16 7 4
DISPLAY 17 7 7
DISPLAY 18 0 8
DISPLAY 19 5 9
DISPLAY 20 9 1
DISPLAY 21 2 6
DISPLAY 22 3 0
POSITION 0 9 7
POSITION 1 9 0
POSITION 2 6 4
POSITION 3 5 2
PLAYER 2
.
TICK 2
FIELDS 14 15 12 15 3 14 15 3 6 11 15 9 15 15 9 15 2 7 6 5 9 13 14 6 5 8 7 10 6 2 14 14 14 10 13 6 6 13 2 11 1 5 15 15 7 10 1 6 3 5 12 4 10 12 5 5 9 9 1 9 9 14 13 6 9 10 12 12 10 12 5 12 14 2 10 13 9 14 14 15 8 11 5 10 9 9 10 5 7 12 15 10 10 4 10 12 9 5 9 6
DISPLAY 1 0 1
DISPLAY 2 8 2
DISPLAY 3 6 4
DISPLAY 4 4 0
DISPLAY 5 3 4
DISPLAY 6 6 8
DISPLAY 7 9 6
DISPLAY 8 2 9
DISPLAY 9 9 3
DISPLAY 10 0 4
DISPLAY 11 6 5
DISPLAY 12 4 4
DISPLAY 13 4 3
DISPLAY 14 0 5
DISPLAY 15 2 5
DISPLAY 16 7 4
DISPLAY 17 7 7
DISPLAY 18 0 9
DISPLAY 19 5 9
DISPLAY 20 9 1
DISPLAY 21 2 6
DISPLAY 22 3 0
POSITION 0 9 7
POSITION 1 9 0
POSITION 2 6 4
POSITION 3 5 2
PLAYER 3
.
TICK 3
FIELDS 14 15 12 15 3 14 15 3 6 11 15 9 15 15 9 15 2 7 6 5 9 13 14 6 5 8 7 10 6 2 14 14 14 10 13 6 6 13 2 11 1 5 15 15 7 10 1 6 3 5 12 4 10 12 5 5 9 9 1 9 5 9 14 13 6 9 10 12 12 10 5 12 14 2 10 13 9 14 14 15 8 11 5 10 9 9 10 5 7 12 15 10 10 4 10 12 9 5 9 6
DISPLAY 1 0 1
DISPLAY 2 8 2
DISPLAY 3 6 4
DISPLAY 4 4 0
DISPLAY 5 3 4
DISPLAY 6 6 8
DISPLAY 7 0 6
DISPLAY 8 2 9
DISPLAY 9 9 3
DISPLAY 10 0 4
DISPLAY 11 6 5
DISPLAY 12 4 4
DISPLAY 13 4 3
DISPLAY 14 0 5
DISPLAY 15 2 5
DISPLAY 16 7 4
DISPLAY 17 7 7
DISPLAY 18 0 9
DISPLAY 19 5 9
DISPLAY 20 9 1
DISPLAY 21 3 6
DISPLAY 22 3 0
POSITION 0 9 7
POSITION 1 9 0
POSITION 2 6 4
POSITION 3 5 2
PLAYER 0
MESSAGE OK
TARGET 18
EXTRAFIELD 7
.
TICK 3
FIELDS 15 15 12 15 3 14 15 3 6 11 9 9 15 15 9 15 2 7 6 5 14 13 14 6 5 8 7 10 6 2 1 14 14 10 13 6 6 13 2 11 12 5 15 15 7 10 1 6 3 5 5 4 10 12 5 5 9 9 1 9 5 9 14 13 6 9 10 12 12 10 8 12 14 2 10 13 9 14 14 15 15 11 5 10 9 9 10 5 7 12 7 10 10 4 10 12 9 5 9 6
DISPLAY 1 0 0
DISPLAY 2 8 2
DISPLAY 3 6 4
DISPLAY 4 4 0
DISPLAY 5 3 4
DISPLAY 6 6 8
DISPLAY 7 0 5
DISPLAY 8 2 9
DISPLAY 9 9 3
DISPLAY 10 0 3
DISPLAY 11 6 5
DISPLAY 12 4 4
DISPLAY 13 4 3
DISPLAY 14 0 4
DISPLAY 15 2 5
DISPLAY 16 7 4
DISPLAY 17 7 7
DISPLAY 18 0 8
DISPLAY 19 5 9
DISPLAY 20 9 1
DISPLAY 21 3 6
DISPLAY 22 3 0
POSITION 0 9 7
POSITION 1 9 0
POSITION 2 6 4
POSITION 3 5 2
PLAYER 1
.
TICK 3
FIELDS 15 15 12 15 3 14 15 3 6 11 9 9 15 15 9 15 2 7 6 5 14 13 14 6 5 8 7 10 6 2 1 14 14 10 13 6 6 13 2 11 12 5 15 15 7 10 1 6 3 5 5 4 10 12 5 5 9 9 1 9 5 9 14 13 6 9 10 12 12 10 12 14 2 10 13 9 14 14 15 9 15 11 5 10 9 9 10 5 7 12 7 10 10 4 10 12 9 5 9 6
DISPLAY 1 0 0
DISPLAY 2 8 2
DISPLAY 3 6 4
DISPLAY 4 4 0
DISPLAY 5 3 4
DISPLAY 6 6 8
DISPLAY 7 0 5
DISPLAY 8 2 9
DISPLAY 9 9 3
DISPLAY 10 0 3
DISPLAY 11 6 5
DISPLAY 12 4 4
DISPLAY 13 4 3
DISPLAY 14 0 4
DISPLAY 15 2 5
DISPLAY 16 7 4
DISPLAY 17 6 7
DISPLAY 18 0 8
DISPLAY 19 5 9
DISPLAY 20 9 1
DISPLAY 21 3 6
DISPLAY 22 3 0
POSITION 0 8 7
POSITION 1 9 0
POSITION 2 6 4
POSITION 3 5 2
PLAYER 2
.
TICK 3
FIELDS 6 15 12 15 3 14 15 3 6 11 15 9 15 15 9 15 2 7 6 5 9 13 14 6 5 8 7 10 6 2 14 14 14 10 13 6 6 13 2 11 1 5 15 15 7 10 1 6 3 5 12 4 10 12 5 5 9 9 1 9 5 9 14 13 6 9 10 12 12 10 5 14 2 10 13 9 14 14 15 9 12 11 5 10 9 9 10 5 7 12 15 10 10 4 10 12 9 5 9 6
DISPLAY 1 0 1
DISPLAY 2 8 2
DISPLAY 3 6 4
DISPLAY 4 4 0
DISPLAY 5 3 4
DISPLAY 6 6 8
DISPLAY 7 0 6
DISPLAY 8 2 9
DISPLAY 9 9 3
DISPLAY 10 0 4
DISPLAY 11 6 5
DISPLAY 12 4 4
DISPLAY 13 4 3
DISPLAY 14 0 5
DISPLAY 15 2 5
DISPLAY 16 7 4
DISPLAY 17 6 7
DISPLAY 18 0 9
DISPLAY 19 5 9
DISPLAY 20 9 1
DISPLAY 21 3 6
DISPLAY 22 3 0
POSITION 0 8 7
POSITION 1 9 0
POSITION 2 6 4
POSITION 3 5 2
PLAYER 3
.
TICK 4
FIELDS 6 15 12 15 3 14 15 3 6 11 15 9 15 15 9 15 2 7 6 5 9 13 14 6 5 8 7 10 6 2 14 14 14 10 13 6 6 13 2 11 1 5 15 15 7 10 1 6 3 5 12 4 10 12 5 5 9 9 1 9 12 5 9 14 13 6 9 10 12 12 5 14 2 10 13 9 14 14 15 9 12 11 5 10 9 9 10 5 7 12 15 10 10 4 10 12 9 5 9 6
DISPLAY 1 0 1
DISPLAY 2 8 2
DISPLAY 3 6 4
DISPLAY 4 4 0
DISPLAY 5 3 4
DISPLAY 6 6 8
DISPLAY 7 1 6
DISPLAY 8 2 9
DISPLAY 9 9 3
DISPLAY 10 0 4
DISPLAY 11 6 5
DISPLAY 12 4 4
DISPLAY 13 4 3
DISPLAY 14 0 5
DISPLAY 15 2 5
DISPLAY 16 7 4
DISPLAY 17 6 7
DISPLAY 18 0 9
DISPLAY 19 5 9
DISPLAY 20 9 1
DISPLAY 21 4 6
DISPLAY 22 3 0
POSITION 0 8 7
POSITION 1 9 0
POSITION 2 6 4
POSITION 3 5 2
PLAYER 0
MESSAGE OK
TARGET 18
EXTRAFIELD 14
.
TICK 4
FIELDS 14 15 12 15 3 14 15 3 6 11 6 9 15 15 9 15 2 7 6 5 15 13 14 6 5 8 7 10 6 2 9 14 14 10 13 6 6 13 2 11 14 5 15 15 7 10 1 6 3 5 1 4 10 12 5 5 9 9 1 9 12 5 9 14 13 6 9 10 12 12 12 14 2 10 13 9 14 14 15 9 5 11 5 10 9 9 10 5 7 12 12 10 10 4 10 12 9 5 9 6
DISPLAY 1 0 2
DISPLAY 2 8 2
DISPLAY 3 6 4
DISPLAY 4 4 0
DISPLAY 5 3 4
DISPLAY 6 6 8
DISPLAY 7 1 6
DISPLAY 8 2 9
DISPLAY 9 9 3
DISPLAY 10 0 5
DISPLAY 11 6 5
DISPLAY 12 4 4
DISPLAY 13 4 3
DISPLAY 14 0 6
DISPLAY 15 2 5
DISPLAY 16 7 4
DISPLAY 17 6 7
DISPLAY 18 0 0
DISPLAY 19 5 9
DISPLAY 20 9 1
DISPLAY 21 4 6
DISPLAY 22 3 0
POSITION 0 9 9
POSITION 1 9 0
POSITION 2 6 4
POSITION 3 5 2
PLAYER 1
.
TICK 4
FIELDS 14 15 12 15 3 14 2 3 6 11 6 9 15 15 9 15 7 7 6 5 15 13 14 6 5 8 6 10 6 2 9 14 14 10 13 6 1 13 2 11 14 5 15 15 7 10 9 6 3 5 1 4 10 12 5 5 9 9 1 9 12 5 9 14 13 6 14 10 12 12 12 14 2 10 13 9 10 14 15 9 5 11 5 10 9 9 9 5 7 12 12 10 10 4 10 12 8 5 9 6
DISPLAY 1 0 2
DISPLAY 2 8 2
DISPLAY 3 6 3
DISPLAY 4 4 0
DISPLAY 5 3 4
DISPLAY 6 6 7
DISPLAY 7 1 6
DISPLAY 8 2 9
DISPLAY 9 9 3
DISPLAY 10 0 5
DISPLAY 11 6 4
DISPLAY 12 4 4
DISPLAY 13 4 3
DISPLAY 14 0 6
DISPLAY 15 2 5
DISPLAY 16 7 4
DISPLAY 17 6 6
DISPLAY 18 0 0
DISPLAY 19 5 9
DISPLAY 20 9 1
DISPLAY 21 4 6
DISPLAY 22 3 0
POSITION 0 9 9
POSITION 1 9 0
POSITION 2 6 3
POSITION 3 5 2
PLAYER 2
.
TICK 4
FIELDS 7 15 12 15 3 14 2 3 6 11 14 9 15 15 9 15 7 7 6 5 6 13 14 6 5 8 6 10 6 2 15 14 14 10 13 6 1 13 2 11 9 5 15 15 7 10 9 6 3 5 14 4 10 12 5 5 9 9 1 9 1 5 9 14 13 6 14 10 12 12 12 14 2 10 13 9 10 14 15 9 12 11 5 10 9 9 9 5 7 12 5 10 10 4 10 12 8 5 9 6
DISPLAY 1 0 3
DISPLAY 2 8 2
DISPLAY 3 6 3
DISPLAY 4 4 0
DISPLAY 5 3 4
DISPLAY 6 6 7
DISPLAY 7 1 6
DISPLAY 8 2 9
DISPLAY 9 9 3
DISPLAY 10 0 6
DISPLAY 11 6 4
DISPLAY 12 4 4
DISPLAY 13 4 3
DISPLAY 14 0 7
DISPLAY 15 2 5
DISPLAY 16 7 4
DISPLAY 17 6 6
DISPLAY 18 0 1
DISPLAY 19 5 9
DISPLAY 20 9 1
DISPLAY 21 4 6
DISPLAY 22 3 0
POSITION 0 9 9
POSITION 1 9 0
POSITION 2 6 3
POSITION 3 5 2
PLAYER 3
.
TICK 5
FIELDS 7 15 12 15 3 14 2 3 6 11 14 9 15 15 9 15 7 7 6 5 6 13 14 6 5 8 6 10 6 2 15 14 14 10 13 6 1 13 2 11 9 5 15 15 7 10 9 6 3 5 14 4 10 12 5 5 9 9 1 9 10 1 5 9 14 13 6 14 10 12 12 14 2 10 13 9 10 14 15 9 12 11 5 10 9 9 9 5 7 12 5 10 10 4 10 12 8 5 9 6
DISPLAY 1 0 3
DISPLAY 2 8 2
DISPLAY 3 6 3
DISPLAY 4 4 0
DISPLAY 5 3 4
DISPLAY 6 6 7
DISPLAY 7 2 6
DISPLAY 8 2 9
DISPLAY 9 9 3
DISPLAY 10 1 6
DISPLAY 11 6 4
DISPLAY 12 4 4
DISPLAY 13 4 3
DISPLAY 14 0 7
DISPLAY 15 2 5
DISPLAY 16 7 4
DISPLAY 17 7 6
DISPLAY 18 0 1
DISPLAY 19 5 9
DISPLAY 20 9 1
DISPLAY 21 5 6
DISPLAY 22 3 0
POSITION 0 9 9
POSITION 1 9 0
POSITION 2 6 3
POSITION 3 5 2
PLAYER 0
MESSAGE OK
TARGET 18
EXTRAFIELD 15
.
TICK 5
FIELDS 7 15 12 15 3 14 2 3 6 15 14 9 15 15 9 15 7 7 6 11 6 13 14 6 5 8 6 10 6 5 15 14 14 10 13 6 1 13 2 2 9 5 15 15 7 10 9 6 3 11 14 4 10 12 5 5 9 9 1 5 10 1 5 9 14 13 6 14 10 9 12 14 2 10 13 9 10 14 15 12 12 11 5 10 9 9 9 5 7 9 5 10 10 4 10 12 8 5 9 12
DISPLAY 1 0 3
DISPLAY 2 8 2
DISPLAY 3 6 3
DISPLAY 4 4 0
DISPLAY 5 3 4
DISPLAY 6 6 7
DISPLAY 7 2 6
DISPLAY 8 2 9
DISPLAY 9 9 4
DISPLAY 10 1 6
DISPLAY 11 6 4
DISPLAY 12 4 4
DISPLAY 13 4 3
DISPLAY 14 0 7
DISPLAY 15 2 5
DISPLAY 16 7 4
DISPLAY 17 7 6
DISPLAY 18 0 1
DISPLAY 19 5 9
DISPLAY 20 9 2
DISPLAY 21 5 6
DISPLAY 22 3 0
POSITION 0 9 1
POSITION 1 9 1
POSITION 2 6 3
POSITION 3 5 2
PLAYER 1
.
TICK 5
FIELDS 7 15 12 15 3 14 2 3 6 15 14 9 15 15 9 15 7 7 6 11 6 13 14 6 5 8 6 10 6 5 15 14 14 10 13 6 1 13 2 2 9 5 15 15 7 10 9 6 3 11 14 4 10 12 5 5 9 9 1 5 1 5 9 14 13 6 14 10 9 15 12 14 2 10 13 9 10 14 15 12 12 11 5 10 9 9 9 5 7 9 5 10 10 4 10 12 8 5 9 12
DISPLAY 1 0 3
DISPLAY 2 8 2
DISPLAY 3 6 3
DISPLAY 4 4 0
DISPLAY 5 3 4
DISPLAY 6 6 7
DISPLAY 7 1 6
DISPLAY 8 2 9
DISPLAY 9 9 4
DISPLAY 10 0 6
DISPLAY 11 6 4
DISPLAY 12 4 4
DISPLAY 13 4 3
DISPLAY 14 0 7
DISPLAY 15 2 5
DISPLAY 16 7 4
DISPLAY 17 6 6
DISPLAY 18 0 1
DISPLAY 19 5 9
DISPLAY 20 9 2
DISPLAY 21 4 6
DISPLAY 22 3 0
POSITION 0 9 1
POSITION 1 9 1
POSITION 2 6 3
POSITION 3 5 2
PLAYER 2
.
TICK 5
FIELDS 12 15 12 15 3 14 2 3 6 15 7 9 15 15 9 15 7 7 6 11 14 13 14 6 5 8 6 10 6 5 6 14 14 10 13 6 1 13 2 2 15 5 15 15 7 10 9 6 3 11 9 4 10 12 5 5 9 9 1 5 14 5 9 14 13 6 14 10 9 15 1 14 2 10 13 9 10 14 15 12 12 11 5 10 9 9 9 5 7 9 12 10 10 4 10 12 8 5 9 12
DISPLAY 1 0 4
DISPLAY 2 8 2
DISPLAY 3 6 3
DISPLAY 4 4 0
DISPLAY 5 3 4
DISPLAY 6 6 7
DISPLAY 7 1 6
DISPLAY 8 2 9
DISPLAY 9 9 4
DISPLAY 10 0 7
DISPLAY 11 6 4
DISPLAY 12 4 4
DISPLAY 13 4 3
DISPLAY 14 0 8
DISPLAY 15 2 5
DISPLAY 16 7 4
DISPLAY 17 6 6
DISPLAY 18 0 2
DISPLAY 19 5 9
DISPLAY 20 9 2
DISPLAY 21 4 6
DISPLAY 22 3 0
POSITION 0 9 1
POSITION 1 9 1
POSITION 2 6 3
POSITION 3 5 2
PLAYER 3
.
TICK 6
FIELDS 12 15 12 15 3 14 2 3 6 15 7 9 15 15 9 15 7 7 6 11 14 13 14 6 5 8 6 10 6 5 6 14 14 10 13 6 1 13 2 2 15 5 15 15 7 10 9 6 3 11 9 4 10 12 5 5 9 9 1 5 5 9 14 13 6 14 10 9 15 12 1 14 2 10 13 9 10 14 15 12 12 11 5 10 9 9 9 5 7 9 12 10 10 4 10 12 8 5 9 12
DISPLAY 1 0 4
DISPLAY 2 8 2
DISPLAY 3 6 3
DISPLAY 4 4 0
DISPLAY 5 3 4
DISPLAY 6 6 7
DISPLAY 7 0 6
DISPLAY 8 2 9
DISPLAY 9 9 4
DISPLAY 10 0 7
DISPLAY 11 6 4
DISPLAY 12 4 4
DISPLAY 13 4 3
DISPLAY 14 0 8
DISPLAY 15 2 5
DISPLAY 16 7 4
DISPLAY 17 5 6
DISPLAY 18 0 2
DISPLAY 19 5 9
DISPLAY 20 9 2
DISPLAY 21 3 6
DISPLAY 22 3 0
POSITION 0 9 1
POSITION 1 9 1
POSITION 2 6 3
POSITION 3 5 2
PLAYER 0
MESSAGE OK
TARGET 18
EXTRAFIELD 6
.
TICK 6
FIELDS 7 15 12 15 3 14 2 3 6 15 14 9 15 15 9 15 7 7 6 11 6 13 14 6 5 8 6 10 6 5 15 14 14 10 13 6 1 13 2 2 9 5 15 15 7 10 9 6 3 11 5 4 10 12 5 5 9 9 1 5 1 9 14 13 6 14 10 9 15 12 12 14 2 10 13 9 10 14 15 12 12 11 5 10 9 9 9 5 7 9 6 10 10 4 10 12 8 5 9 12
DISPLAY 1 0 3
DISPLAY 2 8 2
DISPLAY 3 6 3
DISPLAY 4 4 0
DISPLAY 5 3 4
DISPLAY 6 6 7
DISPLAY 7 0 5
DISPLAY 8 2 9
DISPLAY 9 9 4
DISPLAY 10 0 6
DISPLAY 11 6 4
DISPLAY 12 4 4
DISPLAY 13 4 3
DISPLAY 14 0 7
DISPLAY 15 2 5
DISPLAY 16 7 4
DISPLAY 17 5 6
DISPLAY 18 0 1
DISPLAY 19 5 9
DISPLAY 20 9 2
DISPLAY 21 3 6
DISPLAY 22 3 0
POSITION 0 9 1
POSITION 1 9 1
POSITION 2 6 3
POSITION 3 5 2
PLAYER 1
.
TICK 6
FIELDS 7 15 12 15 3 14 2 3 6 15 9 15 15 9 15 7 7 6 11 10 6 13 14 6 5 8 6 10 6 5 15 14 14 10 13 6 1 13 2 2 9 5 15 15 7 10 9 6 3 11 5 4 10 12 5 5 9 9 1 5 1 9 14 13 6 14 10 9 15 12 12 14 2 10 13 9 10 14 15 12 12 11 5 10 9 9 9 5 7 9 6 10 10 4 10 12 8 5 9 12
DISPLAY 1 0 3
DISPLAY 2 8 2
DISPLAY 3 6 3
DISPLAY 4 4 0
DISPLAY 5 3 4
DISPLAY 6 6 7
DISPLAY 7 0 5
DISPLAY 8 2 9
DISPLAY 9 9 4
DISPLAY 10 0 6
DISPLAY 11 6 4
DISPLAY 12 4 4
DISPLAY 13 4 3
DISPLAY 14 0 7
DISPLAY 15 2 5
DISPLAY 16 7 4
DISPLAY 17 5 6
DISPLAY 18 9 1
DISPLAY 19 5 9
DISPLAY 20 9 2
DISPLAY 21 3 6
DISPLAY 22 3 0
POSITION 0 8 1
POSITION 1 8 1
POSITION 2 6 3
POSITION 3 5 2
PLAYER 2
.
TICK 6
FIELDS 5 15 12 15 3 14 2 3 6 15 7 15 15 9 15 7 7 6 11 10 9 13 14 6 5 8 6 10 6 5 6 14 14 10 13 6 1 13 2 2 15 5 15 15 7 10 9 6 3 11 9 4 10 12 5 5 9 9 1 5 5 9 14 13 6 14 10 9 15 12 1 14 2 10 13 9 10 14 15 12 12 11 5 10 9 9 9 5 7 9 12 10 10 4 10 12 8 5 9 12
DISPLAY 1 0 4
DISPLAY 2 8 2
DISPLAY 3 6 3
DISPLAY 4 4 0
DISPLAY 5 3 4
DISPLAY 6 6 7
DISPLAY 7 0 6
DISPLAY 8 2 9
DISPLAY 9 9 4
DISPLAY 10 0 7
DISPLAY 11 6 4
DISPLAY 12 4 4
DISPLAY 13 4 3
DISPLAY 14 0 8
DISPLAY 15 2 5
DISPLAY 16 7 4
DISPLAY 17 5 6
DISPLAY 18 9 1
DISPLAY 19 5 9
DISPLAY 20 9 2
DISPLAY 21 3 6
DISPLAY 22 3 0
POSITION 0 8 1
POSITION 1 8 1
POSITION 2 6 3
POSITION 3 5 2
PLAYER 3
.
TICK 7
FIELDS 5 15 12 15 3 14 2 3 6 15 7 15 15 9 15 7 7 6 11 10 9 13 14 6 5 8 6 10 6 5 6 14 14 10 13 6 1 13 2 2 15 5 15 15 7 10 9 6 3 11 9 4 10 12 5 5 9 9 1 5 14 5 9 14 13 6 14 10 9 15 1 14 2 10 13 9 10 14 15 12 12 11 5 10 9 9 9 5 7 9 12 10 10 4 10 12 8 5 9 12
DISPLAY 1 0 4
DISPLAY 2 8 2
DISPLAY 3 6 3
DISPLAY 4 4 0
DISPLAY 5 3 4
DISPLAY 6 6 7
DISPLAY 7 1 6
DISPLAY 8 2 9
DISPLAY 9 9 4
DISPLAY 10 0 7
DISPLAY 11 6 4
DISPLAY 12 4 4
DISPLAY 13 4 3
DISPLAY 14 0 8
DISPLAY 15 2 5
DISPLAY 16 7 4
DISPLAY 17 6 6
DISPLAY 18 9 1
DISPLAY 19 5 9
DISPLAY 20 9 2
DISPLAY 21 4 6
DISPLAY 22 3 0
POSITION 0 8 1
POSITION 1 8 1
POSITION 2 6 3
POSITION 3 5 2
PLAYER 0
MESSAGE OK
TARGET 18
EXTRAFIELD 12
.
TICK 7
FIELDS 5 15 12 15 3 14 2 12 6 15 7 15 15 9 15 7 7 3 11 10 9 13 14 6 5 8 6 6 6 5 6 14 14 10 13 6 1 10 2 2 15 5 15 15 7 10 9 13 3 11 9 4 10 12 5 5 9 6 1 5 14 5 9 14 13 6 14 9 9 15 1 14 2 10 13 9 10 10 15 12 12 11 5 10 9 9 9 14 7 9 12 10 10 4 10 12 8 5 9 12
DISPLAY 1 0 4
DISPLAY 2 8 2
DISPLAY 3 6 3
DISPLAY 4 4 0
DISPLAY 5 3 4
DISPLAY 6 6 7
DISPLAY 7 1 6
DISPLAY 8 2 9
DISPLAY 9 9 4
DISPLAY 10 0 7
DISPLAY 11 6 4
DISPLAY 12 4 4
DISPLAY 13 4 3
DISPLAY 14 0 8
DISPLAY 15 2 5
DISPLAY 16 7 5
DISPLAY 17 6 6
DISPLAY 19 5 9
DISPLAY 20 9 2
DISPLAY 21 4 6
DISPLAY 22 3 0
POSITION 0 9 1
POSITION 1 8 1
POSITION 2 6 3
POSITION 3 5 2
PLAYER 1
.
TICK 7
FIELDS 5 15 12 15 3 14 2 12 6 15 7 15 15 9 15 7 7 3 11 10 9 13 14 6 5 8 6 6 6 5 6 14 14 10 13 6 1 10 2 2 15 5 15 15 7 10 9 13 3 11 9 4 10 12 5 5 9 6 1 5 14 5 9 14 13 6 14 9 9 15 1 14 2 10 13 9 10 10 15 12 14 12 11 5 10 9 9 9 14 7 12 10 10 4 10 12 8 5 9 12
DISPLAY 1 0 4
DISPLAY 2 8 2
DISPLAY 3 6 3
DISPLAY 4 4 0
DISPLAY 5 3 4
DISPLAY 6 6 7
DISPLAY 7 1 6
DISPLAY 8 2 9
DISPLAY 9 9 4
DISPLAY 10 0 7
DISPLAY 11 6 4
DISPLAY 12 4 4
DISPLAY 13 4 3
DISPLAY 14 1 8
DISPLAY 15 2 5
DISPLAY 16 7 5
DISPLAY 17 6 6
DISPLAY 19 5 9
DISPLAY 20 9 2
DISPLAY 21 4 6
DISPLAY 22 3 0
POSITION 0 9 1
POSITION 1 8 1
POSITION 2 6 3
POSITION 3 5 2
PLAYER 2
.
TICK 7
FIELDS 6 15 12 15 3 14 2 12 6 15 5 15 15 9 15 7 7 3 11 10 7 13 14 6 5 8 6 6 6 5 9 14 14 10 13 6 1 10 2 2 6 5 15 15 7 10 9 13 3 11 15 4 10 12 5 5 9 6 1 5 9 5 9 14 13 6 14 9 9 15 14 14 2 10 13 9 10 10 15 12 1 12 11 5 10 9 9 9 14 7 14 10 10 4 10 12 8 5 9 12
DISPLAY 1 0 5
DISPLAY 2 8 2
DISPLAY 3 6 3
DISPLAY 4 4 0
DISPLAY 5 3 4
DISPLAY 6 6 7
DISPLAY 7 1 6
DISPLAY 8 2 9
DISPLAY 9 9 4
DISPLAY 10 0 8
DISPLAY 11 6 4
DISPLAY 12 4 4
DISPLAY 13 4 3
DISPLAY 14 1 8
DISPLAY 15 2 5
DISPLAY 16 7 5
DISPLAY 17 6 6
DISPLAY 19 5 9
DISPLAY 20 9 2
DISPLAY 21 4 6
DISPLAY 22 3 0
POSITION 0 9 1
POSITION 1 8 1
POSITION 2 6 3
POSITION 3 5 2
PLAYER 3
.
TICK 8
FIELDS 6 15 12 15 3 14 2 12 6 15 5 15 15 9 15 7 7 3 11 10 7 13 14 6 5 8 6 6 6 5 9 14 14 10 13 6 1 10 2 2 6 5 15 15 7 10 9 13 3 11 15 4 10 12 5 5 9 6 1 5 5 9 14 13 6 14 9 9 15 12 14 14 2 10 13 9 10 10 15 12 1 12 11 5 10 9 9 9 14 7 14 10 10 4 10 12 8 5 9 12
DISPLAY 1 0 5
DISPLAY 2 8 2
DISPLAY 3 6 3
DISPLAY 4 4 0
DISPLAY 5 3 4
DISPLAY 6 6 7
DISPLAY 7 0 6
DISPLAY 8 2 9
DISPLAY 9 9 4
DISPLAY 10 0 8
DISPLAY 11 6 4
DISPLAY 12 4 4
DISPLAY 13 4 3
DISPLAY 14 1 8
DISPLAY 15 2 5
DISPLAY 16 7 5
DISPLAY 17 5 6
DISPLAY 19 5 9
DISPLAY 20 9 2
DISPLAY 21 3 6
DISPLAY 22 3 0
POSITION 0 9 1
POSITION 1 8 1
POSITION 2 6 3
POSITION 3 5 2
PLAYER 0
MESSAGE OK
TARGET 13
EXTRAFIELD 5
.
TICK 8
FIELDS 6 15 12 15 3 14 2 12 6 15 5 5 15 15 9 15 7 7 3 11 7 13 14 6 5 8 6 6 6 5 9 14 14 10 13 6 1 10 2 2 6 5 15 15 7 10 9 13 3 11 15 4 10 12 5 5 9 6 1 5 5 9 14 13 6 14 9 9 15 12 14 14 2 10 13 9 10 10 15 12 1 12 11 5 10 9 9 9 14 7 14 10 10 4 10 12 8 5 9 12
DISPLAY 1 0 5
DISPLAY 2 8 2
DISPLAY 3 6 3
DISPLAY 4 4 0
DISPLAY 5 3 4
DISPLAY 6 6 7
DISPLAY 7 0 6
DISPLAY 8 2 9
DISPLAY 9 9 4
DISPLAY 10 0 8
DISPLAY 11 6 4
DISPLAY 12 4 4
DISPLAY 14 1 8
DISPLAY 15 2 5
DISPLAY 16 7 5
DISPLAY 17 5 6
DISPLAY 19 5 9
DISPLAY 20 9 2
DISPLAY 21 3 6
DISPLAY 22 3 0
POSITION 0 4 3
POSITION 1 9 1
POSITION 2 6 3
POSITION 3 5 2
PLAYER 1
.
TICK 8
FIELDS 6 5 12 15 3 14 2 12 6 15 5 13 15 15 9 15 7 7 3 11 7 14 14 6 5 8 6 6 6 5 9 5 14 10 13 6 1 10 2 2 6 4 15 15 7 10 9 13 3 11 15 9 10 12 5 5 9 6 1 5 5 14 14 13 6 14 9 9 15 12 14 12 2 10 13 9 10 10 15 12 1 10 11 5 10 9 9 9 14 7 14 9 10 4 10 12 8 5 9 12
DISPLAY 1 0 5
DISPLAY 2 8 2
DISPLAY 3 6 3
DISPLAY 4 4 0
DISPLAY 5 3 4
DISPLAY 6 6 7
DISPLAY 7 0 6
DISPLAY 8 2 9
DISPLAY 9 9 4
DISPLAY 10 0 8
DISPLAY 11 6 4
DISPLAY 12 4 4
DISPLAY 14 1 7
DISPLAY 15 2 5
DISPLAY 16 7 5
DISPLAY 17 5 6
DISPLAY 19 5 9
DISPLAY 20 9 2
DISPLAY 21 3 6
DISPLAY 22 3 0
POSITION 0 4 3
POSITION 1 9 1
POSITION 2 6 3
POSITION 3 5 2
PLAYER 2
.
TICK 8
FIELDS 12 5 12 15 3 14 2 12 6 15 6 13 15 15 9 15 7 7 3 11 5 14 14 6 5 8 6 6 6 5 7 5 14 10 13 6 1 10 2 2 9 4 15 15 7 10 9 13 3 11 6 9 10 12 5 5 9 6 1 5 15 14 14 13 6 14 9 9 15 12 5 12 2 10 13 9 10 10 15 12 14 10 11 5 10 9 9 9 14 7 1 9 10 4 10 12 8 5 9 12
DISPLAY 1 0 6
DISPLAY 2 8 2
DISPLAY 3 6 3
DISPLAY 4 4 0
DISPLAY 5 3 4
DISPLAY 6 6 7
DISPLAY 7 0 7
DISPLAY 8 2 9
DISPLAY 9 9 4
DISPLAY 10 0 9
DISPLAY 11 6 4
DISPLAY 12 4 4
DISPLAY 14 1 7
DISPLAY 15 2 5
DISPLAY 16 7 5
DISPLAY 17 5 6
DISPLAY 19 5 9
DISPLAY 20 9 2
DISPLAY 21 3 6
DISPLAY 22 3 0
POSITION 0 4 3
POSITION 1 9 1
POSITION 2 6 3
POSITION 3 5 2
PLAYER 3
.
TICK 9
FIELDS 12 5 12 15 3 14 2 12 6 15 6 13 15 15 9 15 7 7 3 11 5 14 14 6 5 8 6 6 6 5 7 5 14 10 13 6 1 10 2 2 9 4 15 15 7 10 9 13 3 11 6 9 10 12 5 5 9 6 1 5 9 15 14 14 13 6 14 9 9 15 5 12 2 10 13 9 10 10 15 12 14 10 11 5 10 9 9 9 14 7 1 9 10 4 10 12 8 5 9 12
DISPLAY 1 1 6
DISPLAY 2 8 2
DISPLAY 3 6 3
DISPLAY 4 4 0
DISPLAY 5 3 4
DISPLAY 6 6 7
DISPLAY 7 0 7
DISPLAY 8 2 9
DISPLAY 9 9 4
DISPLAY 10 0 9
DISPLAY 11 6 4
DISPLAY 12 4 4
DISPLAY 14 1 7
DISPLAY 15 2 5
DISPLAY 16 7 5
DISPLAY 17 6 6
DISPLAY 19 5 9
DISPLAY 20 9 2
DISPLAY 21 4 6
DISPLAY 22 3 0
POSITION 0 4 3
POSITION 1 9 1
POSITION 2 6 3
POSITION 3 5 2
PLAYER 0
MESSAGE OK
TARGET 20
EXTRAFIELD 10
.
TICK 9
FIELDS 12 5 12 15 3 14 2 12 6 10 6 13 15 15 9 15 7 7 3 15 5 14 14 6 5 8 6 6 6 11 7 5 14 10 13 6 1 10 2 5 9 4 15 15 7 10 9 13 3 2 6 9 10 12 5 5 9 6 1 11 9 15 14 14 13 6 14 9 9 5 5 12 2 10 13 9 10 10 15 15 14 10 11 5 10 9 9 9 14 12 1 9 10 4 10 12 8 5 9 7
DISPLAY 1 1 6
DISPLAY 2 8 2
DISPLAY 3 6 3
DISPLAY 4 4 0
DISPLAY 5 3 4
DISPLAY 6 6 7
DISPLAY 7 0 7
DISPLAY 8 2 9
DISPLAY 9 9 5
DISPLAY 10 0 9
DISPLAY 11 6 4
DISPLAY 12 4 4
DISPLAY 14 1 7
DISPLAY 15 2 5
DISPLAY 16 7 5
DISPLAY 17 6 6
DISPLAY 19 5 9
DISPLAY 20 9 3
DISPLAY 21 4 6
DISPLAY 22 3 0
POSITION 0 9 7
POSITION 1 9 2
POSITION 2 6 3
POSITION 3 5 2
PLAYER 1
.
TICK 9
FIELDS 12 5 12 15 3 14 2 12 6 10 15 6 13 15 15 9 15 7 7 3 5 14 14 6 5 8 6 6 6 11 7 5 14 10 13 6 1 10 2 5 9 4 15 15 7 10 9 13 3 2 6 9 10 12 5 5 9 6 1 11 9 15 14 14 13 6 14 9 9 5 5 12 2 10 13 9 10 10 15 15 14 10 11 5 10 9 9 9 14 12 1 9 10 4 10 12 8 5 9 7
DISPLAY 1 1 6
DISPLAY 2 8 2
DISPLAY 3 6 3
DISPLAY 4 4 0
DISPLAY 5 3 4
DISPLAY 6 6 7
DISPLAY 7 0 7
DISPLAY 8 2 9
DISPLAY 9 9 5
DISPLAY 10 0 9
DISPLAY 11 6 4
DISPLAY 12 4 4
DISPLAY 14 1 7
DISPLAY 15 2 5
DISPLAY 16 7 5
DISPLAY 17 6 6
DISPLAY 19 5 9
DISPLAY 20 9 3
DISPLAY 21 4 6
DISPLAY 22 3 0
POSITION 0 9 7
POSITION 1 9 2
POSITION 2 6 3
POSITION 3 5 2
PLAYER 2
.
TICK 9
FIELDS 14 5 12 15 3 14 2 12 6 10 12 6 13 15 15 9 15 7 7 3 15 14 14 6 5 8 6 6 6 11 5 5 14 10 13 6 1 10 2 5 7 4 15 15 7 10 9 13 3 2 9 9 10 12 5 5 9 6 1 11 6 15 14 14 13 6 14 9 9 5 9 12 2 10 13 9 10 10 15 15 5 10 11 5 10 9 9 9 14 12 14 9 10 4 10 12 8 5 9 7
DISPLAY 1 1 6
DISPLAY 2 8 2
DISPLAY 3 6 3
DISPLAY 4 4 0
DISPLAY 5 3 4
DISPLAY 6 6 7
DISPLAY 7 0 8
DISPLAY 8 2 9
DISPLAY 9 9 5
DISPLAY 10 0 0
DISPLAY 11 6 4
DISPLAY 12 4 4
DISPLAY 14 1 7
DISPLAY 15 2 5
DISPLAY 16 7 5
DISPLAY 17 6 6
DISPLAY 19 5 9
DISPLAY 20 9 3
DISPLAY 21 4 6
DISPLAY 22 3 0
POSITION 0 9 7
POSITION 1 9 2
POSITION 2 6 3
POSITION 3 5 2
PLAYER 3
.
TICK 10
FIELDS 14 5 12 15 3 14 2 12 6 10 12 6 13 15 15 9 15 7 7 3 15 14 14 6 5 8 6 6 6 11 5 5 14 10 13 6 1 10 2 5 7 4 15 15 7 10 9 13 3 2 9 9 10 12 5 5 9 6 1 11 12 6 15 14 14 13 6 14 9 9 9 12 2 10 13 9 10 10 15 15 5 10 11 5 10 9 9 9 14 12 14 9 10 4 10 12 8 5 9 7
DISPLAY 1 2 6
DISPLAY 2 8 2
DISPLAY 3 6 3
DISPLAY 4 4 0
DISPLAY 5 3 4
DISPLAY 6 6 7
DISPLAY 7 0 8
DISPLAY 8 2 9
DISPLAY 9 9 5
DISPLAY 10 0 0
DISPLAY 11 6 4
DISPLAY 12 4 4
DISPLAY 14 1 7
DISPLAY 15 2 5
DISPLAY 16 7 5
DISPLAY 17 7 6
DISPLAY 19 5 9
DISPLAY 20 9 3
DISPLAY 21 5 6
DISPLAY 22 3 0
POSITION 0 9 7
POSITION 1 9 2
POSITION 2 6 3
POSITION 3 5 2
PLAYER 0
MESSAGE OK
TARGET 20
EXTRAFIELD 12
.
TICK 10
FIELDS 14 5 12 15 3 14 2 12 6 10 12 6 13 15 15 9 15 7 7 3 15 14 14 6 5 8 6 6 6 11 9 5 5 14 10 13 6 1 10 2 7 4 15 15 7 10 9 13 3 2 9 9 10 12 5 5 9 6 1 11 12 6 15 14 14 13 6 14 9 9 9 12 2 10 13 9 10 10 15 15 5 10 11 5 10 9 9 9 14 12 14 9 10 4 10 12 8 5 9 7
DISPLAY 1 2 6
DISPLAY 2 8 2
DISPLAY 3 7 3
DISPLAY 4 4 0
DISPLAY 5 3 4
DISPLAY 6 6 7
DISPLAY 7 0 8
DISPLAY 8 2 9
DISPLAY 9 9 5
DISPLAY 10 0 0
DISPLAY 11 6 4
DISPLAY 12 4 4
DISPLAY 14 1 7
DISPLAY 15 2 5
DISPLAY 16 7 5
DISPLAY 17 7 6
DISPLAY 19 5 9
DISPLAY 20 0 3
DISPLAY 21 5 6
DISPLAY 22 3 0
POSITION 0 5 5
POSITION 1 9 2
POSITION 2 7 3
POSITION 3 5 2
PLAYER 1
.
TICK 10
FIELDS 14 5 12 15 3 14 2 12 6 15 12 6 13 15 15 9 15 7 7 10 15 14 14 6 5 8 6 6 6 3 9 5 5 14 10 13 6 1 10 11 7 4 15 15 7 10 9 13 3 2 9 9 10 12 5 5 9 6 1 2 12 6 15 14 14 13 6 14 9 11 9 12 2 10 13 9 10 10 15 9 5 10 11 5 10 9 9 9 14 15 14 9 10 4 10 12 8 5 9 12
DISPLAY 1 2 6
DISPLAY 2 8 2
DISPLAY 3 7 3
DISPLAY 4 4 0
DISPLAY 5 3 4
DISPLAY 6 6 7
DISPLAY 7 0 8
DISPLAY 8 2 9
DISPLAY 9 9 6
DISPLAY 10 0 0
DISPLAY 11 6 4
DISPLAY 12 4 4
DISPLAY 14 1 7
DISPLAY 15 2 5
DISPLAY 16 7 5
DISPLAY 17 7 6
DISPLAY 19 5 9
DISPLAY 20 0 3
DISPLAY 21 5 6
DISPLAY 22 3 0
POSITION 0 5 5
POSITION 1 9 3
POSITION 2 7 3
POSITION 3 5 2
PLAYER 2
.
TICK 10
FIELDS 14 5 12 15 3 14 2 1 6 15 12 6 13 15 15 9 15 12 7 10 15 14 14 6 5 8 6 7 6 3 9 5 5 14 10 13 6 6 10 11 7 4 15 15 7 10 9 1 3 2 9 9 10 12 5 5 9 13 1 2 12 6 15 14 14 13 6 6 9 11 9 12 2 10 13 9 10 14 15 9 5 10 11 5 10 9 9 10 14 15 14 9 10 4 10 12 8 9 9 12
DISPLAY 1 2 6
DISPLAY 2 8 2
DISPLAY 3 7 4
DISPLAY 4 4 0
DISPLAY 5 3 4
DISPLAY 6 6 7
DISPLAY 7 0 8
DISPLAY 8 2 9
DISPLAY 9 9 6
DISPLAY 10 0 0
DISPLAY 11 6 4
DISPLAY 12 4 4
DISPLAY 14 1 7
DISPLAY 15 2 5
DISPLAY 16 7 6
DISPLAY 17 7 7
DISPLAY 19 5 9
DISPLAY 20 0 3
DISPLAY 21 5 6
DISPLAY 22 3 0
POSITION 0 5 5
POSITION 1 9 3
POSITION 2 7 4
POSITION 3 5 2
PLAYER 3
.
TICK 11
FIELDS 14 5 12 15 3 14 2 1 6 15 12 6 13 15 15 9 15 12 7 10 15 14 14 6 5 8 6 7 6 3 9 5 5 14 10 13 6 6 10 11 7 4 15 15 7 10 9 1 3 2 9 9 10 12 5 5 9 13 1 2 5 12 6 15 14 14 13 6 6 9 9 12 2 10 13 9 10 14 15 9 5 10 11 5 10 9 9 10 14 15 14 9 10 4 10 12 8 9 9 12
DISPLAY 1 3 6
DISPLAY 2 8 2
DISPLAY 3 7 4
DISPLAY 4 4 0
DISPLAY 5 3 4
DISPLAY 6 6 7
DISPLAY 7 0 8
DISPLAY 8 2 9
DISPLAY 9 0 6
DISPLAY 10 0 0
DISPLAY 11 6 4
DISPLAY 12 4 4
DISPLAY 14 1 7
DISPLAY 15 2 5
DISPLAY 16 8 6
DISPLAY 17 7 7
DISPLAY 19 5 9
DISPLAY 20 0 3
DISPLAY 21 6 6
DISPLAY 22 3 0
POSITION 0 5 5
POSITION 1 9 3
POSITION 2 7 4
POSITION 3 5 2
PLAYER 0
MESSAGE OK
TARGET 20
EXTRAFIELD 5
.
TICK 11
FIELDS 14 5 12 15 3 14 2 1 6 15 12 6 13 15 15 9 15 12 7 10 15 14 14 6 5 8 6 7 6 3 9 5 5 14 10 13 6 6 10 11 7 4 15 15 7 10 9 1 3 2 9 10 12 5 5 9 13 1 2 5 5 12 6 15 14 14 13 6 6 9 9 12 2 10 13 9 10 14 15 9 5 10 11 5 10 9 9 10 14 15 14 9 10 4 10 12 8 9 9 12
DISPLAY 1 3 6
DISPLAY 2 8 2
DISPLAY 3 7 4
DISPLAY 4 4 0
DISPLAY 5 3 4
DISPLAY 6 6 7
DISPLAY 7 0 8
DISPLAY 8 2 9
DISPLAY 9 0 6
DISPLAY 10 0 0
DISPLAY 11 6 4
DISPLAY 12 4 4
DISPLAY 14 1 7
DISPLAY 15 1 5
DISPLAY 16 8 6
DISPLAY 17 7 7
DISPLAY 19 5 9
DISPLAY 21 6 6
DISPLAY 22 3 0
POSITION 0 0 3
POSITION 1 9 3
POSITION 2 7 4
POSITION 3 5 2
PLAYER 1
.
TICK 11
FIELDS 7 14 5 12 15 3 14 2 1 6 12 6 13 15 15 9 15 12 7 10 15 14 14 6 5 8 6 7 6 3 9 5 5 14 10 13 6 6 10 11 7 4 15 15 7 10 9 1 3 2 9 10 12 5 5 9 13 1 2 5 5 12 6 15 14 14 13 6 6 9 9 12 2 10 13 9 10 14 15 9 5 10 11 5 10 9 9 10 14 15 14 9 10 4 10 12 8 9 9 12
DISPLAY 1 3 6
DISPLAY 2 8 2
DISPLAY 3 7 4
DISPLAY 4 5 0
DISPLAY 5 3 4
DISPLAY 6 6 7
DISPLAY 7 0 8
DISPLAY 8 2 9
DISPLAY 9 0 6
DISPLAY 10 1 0
DISPLAY 11 6 4
DISPLAY 12 4 4
DISPLAY 14 1 7
DISPLAY 15 1 5
DISPLAY 16 8 6
DISPLAY 17 7 7
DISPLAY 19 5 9
DISPLAY 21 6 6
DISPLAY 22 4 0
POSITION 0 0 3
POSITION 1 9 3
POSITION 2 7 4
POSITION 3 5 2
PLAYER 2
.
TICK 11
FIELDS 7 14 5 12 15 3 14 5 1 6 12 6 13 15 15 9 15 2 7 10 15 14 14 6 5 8 6 12 6 3 9 5 5 14 10 13 6 7 10 11 7 4 15 15 7 10 9 6 3 2 9 10 12 5 5 9 13 1 2 5 5 12 6 15 14 14 13 1 6 9 9 12 2 10 13 9 10 6 15 9 5 10 11 5 10 9 9 14 14 15 14 9 10 4 10 12 8 10 9 12
DISPLAY 1 3 6
DISPLAY 2 8 2
DISPLAY 3 7 5
DISPLAY 4 5 0
DISPLAY 5 3 4
DISPLAY 6 6 7
DISPLAY 7 0 8
DISPLAY 8 2 9
DISPLAY 9 0 6
DISPLAY 10 1 0
DISPLAY 12 4 4
DISPLAY 14 1 7
DISPLAY 15 1 5
DISPLAY 16 8 6
DISPLAY 17 7 8
DISPLAY 19 5 9
DISPLAY 21 6 6
DISPLAY 22 4 0
POSITION 0 0 3
POSITION 1 9 3
POSITION 2 6 4
POSITION 3 5 2
PLAYER 3
.
TICK 12
FIELDS 7 14 5 12 15 3 14 5 1 6 12 6 13 15 15 9 15 2 7 10 15 14 14 6 5 8 6 12 6 3 9 5 5 14 10 13 6 7 10 11 7 4 15 15 7 10 9 6 3 2 9 10 12 5 5 9 13 1 2 5 11 5 12 6 15 14 14 13 1 6 9 12 2 10 13 9 10 6 15 9 5 10 11 5 10 9 9 14 14 15 14 9 10 4 10 12 8 10 9 12
DISPLAY 1 4 6
DISPLAY 2 8 2
DISPLAY 3 7 5
DISPLAY 4 5 0
DISPLAY 5 3 4
DISPLAY 6 6 7
DISPLAY 7 0 8
DISPLAY 8 2 9
DISPLAY 9 1 6
DISPLAY 10 1 0
DISPLAY 12 4 4
DISPLAY 14 1 7
DISPLAY 15 1 5
DISPLAY 16 9 6
DISPLAY 17 7 8
DISPLAY 19 5 9
DISPLAY 21 7 6
DISPLAY 22 4 0
POSITION 0 0 3
POSITION 1 9 3
POSITION 2 6 4
POSITION 3 5 2
PLAYER 0
MESSAGE OK
TARGET 6
EXTRAFIELD 9
.
TICK 12
FIELDS 9 14 5 12 15 3 14 5 1 6 7 6 13 15 15 9 15 2 7 10 12 14 14 6 5 8 6 12 6 3 15 5 5 14 10 13 6 7 10 11 9 4 15 15 7 10 9 6 3 2 7 10 12 5 5 9 13 1 2 5 9 5 12 6 15 14 14 13 1 6 11 12 2 10 13 9 10 6 15 9 9 10 11 5 10 9 9 14 14 15 5 9 10 4 10 12 8 10 9 12
DISPLAY 1 4 6
DISPLAY 2 8 2
DISPLAY 3 7 5
DISPLAY 4 5 0
DISPLAY 5 3 4
DISPLAY 7 0 9
DISPLAY 8 2 9
DISPLAY 9 1 6
DISPLAY 10 1 0
DISPLAY 12 4 4
DISPLAY 14 1 7
DISPLAY 15 1 5
DISPLAY 16 9 6
DISPLAY 17 7 8
DISPLAY 19 5 9
DISPLAY 21 7 6
DISPLAY 22 4 0
POSITION 0 6 7
POSITION 1 9 3
POSITION 2 6 4
POSITION 3 5 2
PLAYER 1
.
TICK 12
FIELDS 9 14 5 12 15 3 14 5 1 10 7 6 13 15 15 9 15 2 7 3 12 14 14 6 5 8 6 12 6 11 15 5 5 14 10 13 6 7 10 2 9 4 15 15 7 10 9 6 3 5 7 10 12 5 5 9 13 1 2 6 9 5 12 6 15 14 14 13 1 9 11 12 2 10 13 9 10 6 15 15 9 10 11 5 10 9 9 14 14 12 5 9 10 4 10 12 8 10 9 15
DISPLAY 1 4 6
DISPLAY 2 8 2
DISPLAY 3 7 5
DISPLAY 4 5 0
DISPLAY 5 3 4
DISPLAY 7 0 9
DISPLAY 8 2 9
DISPLAY 9 1 6
DISPLAY 10 1 0
DISPLAY 12 4 4
DISPLAY 14 1 7
DISPLAY 15 1 5
DISPLAY 16 9 5
DISPLAY 17 7 8
DISPLAY 19 5 9
DISPLAY 21 7 6
DISPLAY 22 4 0
POSITION 0 6 7
POSITION 1 9 2
POSITION 2 6 4
POSITION 3 5 2
PLAYER 2
.
TICK 12
FIELDS 9 14 5 12 15 9 14 5 1 10 7 6 13 15 15 8 15 2 7 3 12 14 14 6 5 13 6 12 6 11 15 5 5 14 10 10 6 7 10 2 9 4 15 15 7 9 9 6 3 5 7 10 12 5 5 14 13 1 2 6 9 5 12 6 15 9 14 13 1 9 11 12 2 10 13 9 10 6 15 15 9 10 11 5 10 12 9 14 14 12 5 9 10 4 10 9 8 10 9 15
DISPLAY 1 4 6
DISPLAY 2 8 2
DISPLAY 3 7 5
DISPLAY 4 5 9
DISPLAY 5 3 4
DISPLAY 7 0 9
DISPLAY 8 2 9
DISPLAY 9 1 6
DISPLAY 10 1 0
DISPLAY 12 4 4
DISPLAY 14 1 7
DISPLAY 15 1 5
DISPLAY 16 9 5
DISPLAY 17 7 8
DISPLAY 19 5 8
DISPLAY 21 7 6
DISPLAY 22 4 0
POSITION 0 6 7
POSITION 1 9 2
POSITION 2 0 4
POSITION 3 5 1
PLAYER 3
.
TICK 13
FIELDS 9 14 5 12 15 9 14 5 1 10 7 6 13 15 15 8 15 2 7 3 12 14 14 6 5 13 6 12 6 11 15 5 5 14 10 10 6 7 10 2 9 4 15 15 7 9 9 6 3 5 7 10 12 5 5 14 13 1 2 6 9 9 5 12 6 15 9 14 13 1 11 12 2 10 13 9 10 6 15 15 9 10 11 5 10 12 9 14 14 12 5 9 10 4 10 9 8 10 9 15
DISPLAY 1 5 6
DISPLAY 2 8 2
DISPLAY 3 7 5
DISPLAY 4 5 9
DISPLAY 5 3 4
DISPLAY 7 0 9
DISPLAY 8 2 9
DISPLAY 9 2 6
DISPLAY 10 1 0
DISPLAY 12 4 4
DISPLAY 14 1 7
DISPLAY 15 1 5
DISPLAY 16 9 5
DISPLAY 17 7 8
DISPLAY 19 5 8
DISPLAY 21 8 6
DISPLAY 22 4 0
POSITION 0 6 7
POSITION 1 9 2
POSITION 2 0 4
POSITION 3 5 1
PLAYER 0
MESSAGE OK
TARGET 10
EXTRAFIELD 14
.
TICK 13
FIELDS 7 14 5 12 15 9 14 5 1 10 12 6 13 15 15 8 15 2 7 3 15 14 14 6 5 13 6 12 6 11 9 5 5 14 10 10 6 7 10 2 7 4 15 15 7 9 9 6 3 5 9 10 12 5 5 14 13 1 2 6 11 9 5 12 6 15 9 14 13 1 9 12 2 10 13 9 10 6 15 15 5 10 11 5 10 12 9 14 14 12 14 9 10 4 10 9 8 10 9 15
DISPLAY 1 5 6
DISPLAY 2 8 2
DISPLAY 3 7 5
DISPLAY 4 5 9
DISPLAY 5 3 4
DISPLAY 7 0 8
DISPLAY 8 2 9
DISPLAY 9 2 6
DISPLAY 10 1 0
DISPLAY 12 4 4
DISPLAY 14 1 7
DISPLAY 15 1 5
DISPLAY 16 9 5
DISPLAY 17 7 8
DISPLAY 19 5 8
DISPLAY 21 8 6
DISPLAY 22 4 0
POSITION 0 5 6
POSITION 1 9 2
POSITION 2 0 3
POSITION 3 5 1
PLAYER 1
.
TICK 13
FIELDS 7 14 5 12 15 9 14 5 1 10 12 6 13 15 15 8 15 2 7 3 15 14 14 6 5 13 6 12 6 11 9 5 5 14 10 10 6 7 10 2 7 4 15 15 7 9 9 6 3 5 10 12 5 5 14 13 1 2 6 6 11 9 5 12 6 15 9 14 13 1 9 12 2 10 13 9 10 6 15 15 5 10 11 5 10 12 9 14 14 12 14 9 10 4 10 9 8 10 9 15
DISPLAY 1 5 6
DISPLAY 2 8 2
DISPLAY 3 6 5
DISPLAY 4 5 9
DISPLAY 5 3 4
DISPLAY 7 0 8
DISPLAY 8 2 9
DISPLAY 9 2 6
DISPLAY 10 1 0
DISPLAY 12 4 4
DISPLAY 14 1 7
DISPLAY 15 0 5
DISPLAY 16 8 5
DISPLAY 17 7 8
DISPLAY 19 5 8
DISPLAY 21 8 6
DISPLAY 22 4 0
POSITION 0 5 6
POSITION 1 9 2
POSITION 2 0 3
POSITION 3 5 1
PLAYER 2
.
TICK 13
FIELDS 3 14 5 12 15 9 14 5 1 10 7 6 13 15 15 8 15 2 7 3 12 14 14 6 5 13 6 12 6 11 15 5 5 14 10 10 6 7 10 2 9 4 15 15 7 9 9 6 3 5 7 12 5 5 14 13 1 2 6 6 10 9 5 12 6 15 9 14 13 1 11 12 2 10 13 9 10 6 15 15 9 10 11 5 10 12 9 14 14 12 5 9 10 4 10 9 8 10 9 15
DISPLAY 1 5 6
DISPLAY 2 8 2
DISPLAY 3 6 5
DISPLAY 4 5 9
DISPLAY 5 3 4
DISPLAY 7 0 9
DISPLAY 8 2 9
DISPLAY 9 2 6
DISPLAY 10 1 0
DISPLAY 12 4 4
DISPLAY 14 1 7
DISPLAY 15 0 6
DISPLAY 16 8 5
DISPLAY 17 7 8
DISPLAY 19 5 8
DISPLAY 21 8 6
DISPLAY 22 4 0
POSITION 0 5 6
POSITION 1 9 2
POSITION 2 0 4
POSITION 3 5 1
PLAYER 3
.
TICK 14
FIELDS 3 14 5 12 15 9 14 5 1 10 7 6 13 15 15 8 15 2 7 3 12 14 14 6 5 13 6 12 6 11 15 5 5 14 10 10 6 7 10 2 9 4 15 15 7 9 9 6 3 5 7 12 5 5 14 13 1 2 6 6 9 5 12 6 15 9 14 13 1 9 11 12 2 10 13 9 10 6 15 15 9 10 11 5 10 12 9 14 14 12 5 9 10 4 10 9 8 10 9 15
DISPLAY 1 4 6
DISPLAY 2 8 2
DISPLAY 3 6 5
DISPLAY 4 5 9
DISPLAY 5 3 4
DISPLAY 7 0 9
DISPLAY 8 2 9
DISPLAY 9 1 6
DISPLAY 10 1 0
DISPLAY 12 4 4
DISPLAY 14 1 7
DISPLAY 15 9 6
DISPLAY 16 8 5
DISPLAY 17 7 8
DISPLAY 19 5 8
DISPLAY 21 7 6
DISPLAY 22 4 0
POSITION 0 4 6
POSITION 1 9 2
POSITION 2 0 4
POSITION 3 5 1
PLAYER 0
MESSAGE OK
TARGET 10
EXTRAFIELD 9
.
TICK 14
FIELDS 3 14 5 12 15 9 14 5 1 10 7 6 13 15 5 8 15 2 7 3 12 14 14 6 10 13 6 12 6 11 15 5 5 14 7 10 6 7 10 2 9 4 15 15 14 9 9 6 3 5 7 12 5 5 15 13 1 2 6 6 9 5 12 6 13 9 14 13 1 9 11 12 2 10 10 9 10 6 15 15 9 10 11 5 10 12 9 14 14 12 5 9 10 4 9 9 8 10 9 15
DISPLAY 1 4 5
DISPLAY 2 8 2
DISPLAY 3 6 5
DISPLAY 4 5 9
DISPLAY 5 3 4
DISPLAY 7 0 9
DISPLAY 8 2 9
DISPLAY 9 1 6
DISPLAY 10 1 0
DISPLAY 12 4 3
DISPLAY 14 1 7
DISPLAY 15 9 6
DISPLAY 16 8 5
DISPLAY 17 7 8
DISPLAY 19 5 8
DISPLAY 21 7 6
DISPLAY 22 4 9
POSITION 0 3 2
POSITION 1 9 2
POSITION 2 0 4
POSITION 3 5 1
PLAYER 1
.
TICK 14
FIELDS 7 14 5 12 15 9 14 5 1 10 12 6 13 15 5 8 15 2 7 3 15 14 14 6 10 13 6 12 6 11 9 5 5 14 7 10 6 7 10 2 7 4 15 15 14 9 9 6 3 5 9 12 5 5 15 13 1 2 6 6 11 5 12 6 13 9 14 13 1 9 9 12 2 10 10 9 10 6 15 15 5 10 11 5 10 12 9 14 14 12 9 9 10 4 9 9 8 10 9 15
DISPLAY 1 4 5
DISPLAY 2 8 2
DISPLAY 3 6 5
DISPLAY 4 5 9
DISPLAY 5 3 4
DISPLAY 7 0 8
DISPLAY 8 2 9
DISPLAY 9 1 6
DISPLAY 10 1 0
DISPLAY 12 4 3
DISPLAY 14 1 7
DISPLAY 15 9 6
DISPLAY 16 8 5
DISPLAY 17 7 8
DISPLAY 19 5 8
DISPLAY 21 7 6
DISPLAY 22 4 9
POSITION 0 3 2
POSITION 1 9 2
POSITION 2 0 3
POSITION 3 5 1
PLAYER 2
.
TICK 14
FIELDS 7 14 5 12 15 9 14 5 1 10 12 6 13 15 5 8 15 2 7 3 15 14 14 6 10 13 6 12 6 11 9 5 5 14 7 10 6 7 10 2 7 4 15 15 14 9 9 6 3 5 9 12 5 5 15 13 1 2 6 6 5 12 6 13 9 14 13 1 9 14 9 12 2 10 10 9 10 6 15 15 5 10 11 5 10 12 9 14 14 12 9 9 10 4 9 9 8 10 9 15
DISPLAY 1 4 5
DISPLAY 2 8 2
DISPLAY 3 6 5
DISPLAY 4 5 9
DISPLAY 5 3 4
DISPLAY 7 0 8
DISPLAY 8 2 9
DISPLAY 9 0 6
DISPLAY 10 1 0
DISPLAY 12 4 3
DISPLAY 14 1 7
DISPLAY 15 8 6
DISPLAY 16 8 5
DISPLAY 17 7 8
DISPLAY 19 5 8
DISPLAY 21 6 6
DISPLAY 22 4 9
POSITION 0 3 2
POSITION 1 9 2
POSITION 2 7 7
POSITION 3 5 1
PLAYER 3
.
TICK 15
FIELDS 7 14 5 12 15 9 14 5 1 10 12 6 13 15 5 8 15 2 7 3 15 14 14 6 10 13 6 12 6 11 9 5 5 14 7 10 6 7 10 2 7 4 15 15 14 9 9 6 3 5 9 12 5 5 15 13 1 2 6 6 10 5 12 6 13 9 14 13 1 9 9 12 2 10 10 9 10 6 15 15 5 10 11 5 10 12 9 14 14 12 9 9 10 4 9 9 8 10 9 15
DISPLAY 1 4 5
DISPLAY 2 8 2
DISPLAY 3 6 5
DISPLAY 4 5 9
DISPLAY 5 3 4
DISPLAY 7 0 8
DISPLAY 8 2 9
DISPLAY 9 1 6
DISPLAY 10 1 0
DISPLAY 12 4 3
DISPLAY 14 1 7
DISPLAY 15 9 6
DISPLAY 16 8 5
DISPLAY 17 7 8
DISPLAY 19 5 8
DISPLAY 21 7 6
DISPLAY 22 4 9
POSITION 0 3 2
POSITION 1 9 2
POSITION 2 7 7
POSITION 3 5 1
PLAYER 0
MESSAGE OK
TARGET 10
EXTRAFIELD 15
.
TICK 15
FIELDS 12 14 5 12 15 9 14 5 1 10 15 6 13 15 5 8 15 2 7 3 9 14 14 6 10 13 6 12 6 11 7 5 5 14 7 10 6 7 10 2 9 4 15 15 14 9 9 6 3 5 10 12 5 5 15 13 1 2 6 6 9 5 12 6 13 9 14 13 1 9 5 12 2 10 10 9 10 6 15 15 9 10 11 5 10 12 9 14 14 12 15 9 10 4 9 9 8 10 9 15
DISPLAY 1 4 5
DISPLAY 2 8 2
DISPLAY 3 6 5
DISPLAY 4 5 9
DISPLAY 5 3 4
DISPLAY 7 0 7
DISPLAY 8 2 9
DISPLAY 9 1 6
DISPLAY 12 4 3
DISPLAY 14 1 7
DISPLAY 15 9 6
DISPLAY 16 8 5
DISPLAY 17 7 8
DISPLAY 19 5 8
DISPLAY 21 7 6
DISPLAY 22 4 9
POSITION 0 1 0
POSITION 1 9 2
POSITION 2 7 7
POSITION 3 5 1
PLAYER 1
.
TICK 15
FIELDS 14 5 12 15 9 14 5 1 10 3 15 6 13 15 5 8 15 2 7 3 9 14 14 6 10 13 6 12 6 11 7 5 5 14 7 10 6 7 10 2 9 4 15 15 14 9 9 6 3 5 10 12 5 5 15 13 1 2 6 6 9 5 12 6 13 9 14 13 1 9 5 12 2 10 10 9 10 6 15 15 9 10 11 5 10 12 9 14 14 12 15 9 10 4 9 9 8 10 9 15
DISPLAY 1 4 5
DISPLAY 2 8 2
DISPLAY 3 6 5
DISPLAY 4 5 9
DISPLAY 5 3 4
DISPLAY 7 0 7
DISPLAY 8 2 9
DISPLAY 9 1 6
DISPLAY 12 4 3
DISPLAY 14 1 7
DISPLAY 15 9 6
DISPLAY 16 8 5
DISPLAY 17 7 8
DISPLAY 19 5 8
DISPLAY 21 7 6
DISPLAY 22 4 9
POSITION 0 0 0
POSITION 1 9 2
POSITION 2 7 7
POSITION 3 5 1
PLAYER 2
.
TICK 15
FIELDS 14 5 12 15 9 14 5 1 10 11 15 6 13 15 5 8 15 2 7 3 9 14 14 6 10 13 6 12 6 3 7 5 5 14 7 10 6 7 10 11 9 4 15 15 14 9 9 6 3 2 10 12 5 5 15 13 1 2 6 5 9 5 12 6 13 9 14 13 1 6 5 12 2 10 10 9 10 6 15 9 9 10 11 5 10 12 9 14 14 15 15 9 10 4 9 9 8 10 9 12
DISPLAY 1 4 5
DISPLAY 2 8 2
DISPLAY 3 6 5
DISPLAY 4 5 9
DISPLAY 5 3 4
DISPLAY 7 0 7
DISPLAY 8 2 9
DISPLAY 9 1 6
DISPLAY 12 4 3
DISPLAY 14 1 7
DISPLAY 15 9 7
DISPLAY 16 8 5
DISPLAY 17 7 8
DISPLAY 19 5 8
DISPLAY 21 7 6
DISPLAY 22 4 9
POSITION 0 0 0
POSITION 1 9 3
POSITION 2 7 7
POSITION 3 5 1
PLAYER 3
.
TICK 16
FIELDS 14 5 12 15 9 14 5 1 10 11 15 6 13 15 5 8 15 2 7 3 9 14 14 6 10 13 6 12 6 3 7 5 5 14 7 10 6 7 10 11 9 4 15 15 14 9 9 6 3 2 10 12 5 5 15 13 1 2 6 5 14 9 5 12 6 13 9 14 13 1 5 12 2 10 10 9 10 6 15 9 9 10 11 5 10 12 9 14 14 15 15 9 10 4 9 9 8 10 9 12
DISPLAY 1 4 5
DISPLAY 2 8 2
DISPLAY 3 6 5
DISPLAY 4 5 9
DISPLAY 5 3 4
DISPLAY 7 0 7
DISPLAY 8 2 9
DISPLAY 9 2 6
DISPLAY 12 4 3
DISPLAY 14 1 7
DISPLAY 15 9 7
DISPLAY 16 8 5
DISPLAY 17 7 8
DISPLAY 19 5 8
DISPLAY 21 8 6
DISPLAY 22 4 9
POSITION 0 0 0
POSITION 1 9 3
POSITION 2 7 7
POSITION 3 5 1
PLAYER 0
MESSAGE OK
TARGET 7
EXTRAFIELD 7
.
TICK 16
FIELDS 15 5 12 15 9 14 5 1 10 11 9 6 13 15 5 8 15 2 7 3 7 14 14 6 10 13 6 12 6 3 9 5 5 14 7 10 6 7 10 11 10 4 15 15 14 9 9 6 3 2 14 12 5 5 15 13 1 2 6 5 5 9 5 12 6 13 9 14 13 1 9 12 2 10 10 9 10 6 15 9 15 10 11 5 10 12 9 14 14 15 7 9 10 4 9 9 8 10 9 12
DISPLAY 1 4 5
DISPLAY 2 8 2
DISPLAY 3 6 5
DISPLAY 4 5 9
DISPLAY 5 3 4
DISPLAY 7 0 6
DISPLAY 8 2 9
DISPLAY 9 2 6
DISPLAY 12 4 3
DISPLAY 14 1 7
DISPLAY 15 9 7
DISPLAY 16 8 5
DISPLAY 17 7 8
DISPLAY 19 5 8
DISPLAY 21 8 6
DISPLAY 22 4 9
POSITION 0 2 8
POSITION 1 9 3
POSITION 2 7 7
POSITION 3 5 1
PLAYER 1
.
TICK 16
FIELDS 15 5 12 15 9 14 5 1 10 12 9 6 13 15 5 8 15 2 7 11 7 14 14 6 10 13 6 12 6 3 9 5 5 14 7 10 6 7 10 3 10 4 15 15 14 9 9 6 3 11 14 12 5 5 15 13 1 2 6 2 5 9 5 12 6 13 9 14 13 5 9 12 2 10 10 9 10 6 15 1 15 10 11 5 10 12 9 14 14 9 7 9 10 4 9 9 8 10 9 15
DISPLAY 1 4 5
DISPLAY 2 8 2
DISPLAY 3 6 5
DISPLAY 4 5 9
DISPLAY 5 3 4
DISPLAY 7 0 6
DISPLAY 8 2 9
DISPLAY 9 2 6
DISPLAY 12 4 3
DISPLAY 14 1 7
DISPLAY 15 9 8
DISPLAY 16 8 5
DISPLAY 17 7 8
DISPLAY 19 5 8
DISPLAY 21 8 6
DISPLAY 22 4 9
POSITION 0 2 8
POSITION 1 9 4
POSITION 2 7 7
POSITION 3 5 1
PLAYER 2
.
TICK 16
FIELDS 15 5 12 15 9 14 5 1 10 12 9 6 13 15 5 8 15 2 7 11 7 14 14 6 10 13 6 12 6 3 9 5 5 14 7 10 6 7 10 3 10 4 15 15 14 9 9 6 3 11 14 12 5 5 15 13 1 2 6 2 5 9 5 12 6 13 9 14 13 5 12 2 10 10 9 10 6 15 1 15 15 10 11 5 10 12 9 14 14 9 7 9 10 4 9 9 8 10 9 15
DISPLAY 1 4 5
DISPLAY 2 8 2
DISPLAY 3 6 5
DISPLAY 4 5 9
DISPLAY 5 3 4
DISPLAY 7 0 6
DISPLAY 8 2 9
DISPLAY 9 2 6
DISPLAY 12 4 3
DISPLAY 14 0 7
DISPLAY 15 9 8
DISPLAY 16 8 5
DISPLAY 17 7 8
DISPLAY 19 5 8
DISPLAY 21 8 6
DISPLAY 22 4 9
POSITION 0 2 8
POSITION 1 9 4
POSITION 2 8 8
POSITION 3 5 1
PLAYER 3
.
TICK 17
FIELDS 15 5 12 15 9 14 5 1 10 12 9 6 13 15 5 8 15 2 7 11 7 14 14 6 10 13 6 12 6 3 9 5 5 14 7 10 6 7 10 3 10 4 15 15 14 9 9 6 3 11 14 12 5 5 15 13 1 2 6 2 9 5 12 6 13 9 14 13 5 6 12 2 10 10 9 10 6 15 1 15 15 10 11 5 10 12 9 14 14 9 7 9 10 4 9 9 8 10 9 15
DISPLAY 1 4 5
DISPLAY 2 8 2
DISPLAY 3 6 5
DISPLAY 4 5 9
DISPLAY 5 3 4
DISPLAY 7 9 6
DISPLAY 8 2 9
DISPLAY 9 1 6
DISPLAY 12 4 3
DISPLAY 14 0 7
DISPLAY 15 9 8
DISPLAY 16 8 5
DISPLAY 17 7 8
DISPLAY 19 5 8
DISPLAY 21 7 6
DISPLAY 22 4 9
POSITION 0 2 8
POSITION 1 9 4
POSITION 2 8 8
POSITION 3 5 1
PLAYER 0
MESSAGE OK
TARGET 7
EXTRAFIELD 14
.
TICK 17
FIELDS 14 5 12 15 9 14 5 1 10 12 15 6 13 15 5 8 15 2 7 11 9 14 14 6 10 13 6 12 6 3 7 5 5 14 7 10 6 7 10 3 9 4 15 15 14 9 9 6 3 11 10 12 5 5 15 13 1 2 6 2 14 5 12 6 13 9 14 13 5 6 9 2 10 10 9 10 6 15 1 15 12 10 11 5 10 12 9 14 14 9 15 9 10 4 9 9 8 10 9 15
DISPLAY 1 4 5
DISPLAY 2 8 2
DISPLAY 3 6 5
DISPLAY 4 5 9
DISPLAY 5 3 4
DISPLAY 7 9 6
DISPLAY 8 2 9
DISPLAY 9 1 6
DISPLAY 12 4 3
DISPLAY 14 0 8
DISPLAY 15 9 8
DISPLAY 16 8 5
DISPLAY 17 7 8
DISPLAY 19 5 8
DISPLAY 21 7 6
DISPLAY 22 4 9
POSITION 0 0 8
POSITION 1 9 4
POSITION 2 8 8
POSITION 3 5 1
PLAYER 1
.
TICK 17
FIELDS 14 5 12 15 9 14 5 1 10 12 15 6 12 15 5 8 15 2 7 11 9 14 13 6 10 13 6 12 6 3 7 5 14 14 7 10 6 7 10 3 9 4 5 15 14 9 9 6 3 11 10 12 15 5 15 13 1 2 6 2 14 5 5 6 13 9 14 13 5 6 9 2 12 10 9 10 6 15 1 15 12 10 10 5 10 12 9 14 14 9 15 9 11 4 9 9 8 10 9 15
DISPLAY 1 4 5
DISPLAY 2 8 2
DISPLAY 3 6 5
DISPLAY 4 5 9
DISPLAY 5 3 4
DISPLAY 7 9 6
DISPLAY 8 2 0
DISPLAY 9 1 6
DISPLAY 12 4 3
DISPLAY 14 0 8
DISPLAY 15 9 8
DISPLAY 16 8 5
DISPLAY 17 7 8
DISPLAY 19 5 8
DISPLAY 21 7 6
DISPLAY 22 4 9
POSITION 0 0 8
POSITION 1 9 4
POSITION 2 8 8
POSITION 3 5 1
PLAYER 2
.
TICK 17
FIELDS 14 5 12 15 9 14 5 1 10 9 15 6 12 15 5 8 15 2 7 12 9 14 13 6 10 13 6 12 6 11 7 5 14 14 7 10 6 7 10 3 9 4 5 15 14 9 9 6 3 3 10 12 15 5 15 13 1 2 6 11 14 5 5 6 13 9 14 13 5 2 9 2 12 10 9 10 6 15 1 6 12 10 10 5 10 12 9 14 14 15 15 9 11 4 9 9 8 10 9 9
DISPLAY 1 4 5
DISPLAY 2 8 2
DISPLAY 3 6 5
DISPLAY 4 5 9
DISPLAY 5 3 4
DISPLAY 7 9 7
DISPLAY 8 2 0
DISPLAY 9 1 6
DISPLAY 12 4 3
DISPLAY 14 0 8
DISPLAY 16 8 5
DISPLAY 17 7 8
DISPLAY 19 5 8
DISPLAY 21 7 6
DISPLAY 22 4 9
POSITION 0 0 8
POSITION 1 9 5
POSITION 2 9 9
POSITION 3 5 1
PLAYER 3
.
TICK 18
FIELDS 14 5 12 15 9 14 5 1 10 9 15 6 12 15 5 8 15 2 7 12 9 14 13 6 10 13 6 12 6 11 7 5 14 14 7 10 6 7 10 3 9 4 5 15 14 9 9 6 3 3 10 12 15 5 15 13 1 2 6 11 5 14 5 5 6 13 9 14 13 5 9 2 12 10 9 10 6 15 1 6 12 10 10 5 10 12 9 14 14 15 15 9 11 4 9 9 8 10 9 9
DISPLAY 1 4 5
DISPLAY 2 8 2
DISPLAY 3 6 5
DISPLAY 4 5 9
DISPLAY 5 3 4
DISPLAY 7 9 7
DISPLAY 8 2 0
DISPLAY 9 2 6
DISPLAY 12 4 3
DISPLAY 14 0 8
DISPLAY 16 8 5
DISPLAY 17 7 8
DISPLAY 19 5 8
DISPLAY 21 8 6
DISPLAY 22 4 9
POSITION 0 0 8
POSITION 1 9 5
POSITION 2 9 9
POSITION 3 5 1
PLAYER 0
MESSAGE OK
TARGET 7
EXTRAFIELD 7
.
TICK 18
FIELDS 14 5 12 15 9 14 5 1 10 9 15 6 12 15 5 8 15 2 7 12 9 14 13 6 10 13 6 12 6 11 7 5 14 14 7 10 6 7 10 3 9 4 5 15 14 9 9 6 3 3 10 12 15 5 15 13 1 2 6 11 5 14 5 5 6 13 9 14 13 5 9 2 12 10 9 10 6 15 1 6 10 10 5 10 12 9 14 14 15 7 15 9 11 4 9 9 8 10 9 9
DISPLAY 1 4 5
DISPLAY 2 8 2
DISPLAY 3 6 5
DISPLAY 4 5 9
DISPLAY 5 3 4
DISPLAY 8 2 0
DISPLAY 9 2 6
DISPLAY 12 4 3
DISPLAY 14 9 8
DISPLAY 16 8 5
DISPLAY 17 6 8
DISPLAY 19 4 8
DISPLAY 21 8 6
DISPLAY 22 4 9
POSITION 0 9 7
POSITION 1 9 5
POSITION 2 9 9
POSITION 3 5 1
PLAYER 1
.
TICK 18
FIELDS 14 5 12 15 9 14 5 1 10 9 15 6 12 15 5 8 15 2 7 12 14 13 6 10 13 6 12 6 11 10 7 5 14 14 7 10 6 7 10 3 9 4 5 15 14 9 9 6 3 3 10 12 15 5 15 13 1 2 6 11 5 14 5 5 6 13 9 14 13 5 9 2 12 10 9 10 6 15 1 6 10 10 5 10 12 9 14 14 15 7 15 9 11 4 9 9 8 10 9 9
DISPLAY 1 4 5
DISPLAY 2 7 2
DISPLAY 3 6 5
DISPLAY 4 5 9
DISPLAY 5 3 4
DISPLAY 8 2 0
DISPLAY 9 2 6
DISPLAY 12 4 3
DISPLAY 14 9 8
DISPLAY 16 8 5
DISPLAY 17 6 8
DISPLAY 19 4 8
DISPLAY 21 8 6
DISPLAY 22 4 9
POSITION 0 9 7
POSITION 1 9 5
POSITION 2 9 9
POSITION 3 5 1
PLAYER 2
.
TICK 18
FIELDS 14 5 12 15 9 14 5 1 10 9 15 6 12 15 5 8 15 2 7 12 14 13 6 10 13 6 12 6 11 10 7 5 14 14 7 10 6 7 10 3 9 4 5 15 14 9 9 6 3 3 10 12 15 5 15 13 1 2 6 11 5 14 5 5 6 13 9 14 13 5 2 12 10 9 10 6 15 1 6 15 10 10 5 10 12 9 14 14 15 7 15 9 11 4 9 9 8 10 9 9
DISPLAY 1 4 5
DISPLAY 2 7 2
DISPLAY 3 6 5
DISPLAY 4 5 9
DISPLAY 5 3 4
DISPLAY 8 2 0
DISPLAY 9 2 6
DISPLAY 14 9 8
DISPLAY 16 8 5
DISPLAY 17 6 8
DISPLAY 19 4 8
DISPLAY 21 8 6
DISPLAY 22 4 9
POSITION 0 8 7
POSITION 1 9 5
POSITION 2 4 3
POSITION 3 5 1
PLAYER 3
.
TICK 19
FIELDS 14 5 12 15 9 14 5 1 10 9 15 6 12 15 5 8 15 2 7 12 14 13 6 10 13 6 12 6 11 10 7 5 14 14 7 10 6 7 10 3 9 4 5 15 14 9 9 6 3 3 10 12 15 5 15 13 1 2 6 11 14 5 5 6 13 9 14 13 5 2 2 12 10 9 10 6 15 1 6 15 10 10 5 10 12 9 14 14 15 7 15 9 11 4 9 9 8 10 9 9
DISPLAY 1 4 5
DISPLAY 2 7 2
DISPLAY 3 6 5
DISPLAY 4 5 9
DISPLAY 5 3 4
DISPLAY 8 2 0
DISPLAY 9 1 6
DISPLAY 14 9 8
DISPLAY 16 8 5
DISPLAY 17 6 8
DISPLAY 19 4 8
DISPLAY 21 7 6
DISPLAY 22 4 9
POSITION 0 8 7
POSITION 1 9 5
POSITION 2 4 3
POSITION 3 5 1
PLAYER 0
MESSAGE OK
TARGET 16
EXTRAFIELD 12
.
TICK 19
FIELDS 14 5 12 15 9 14 5 1 10 9 15 6 12 15 5 8 15 2 7 12 14 13 12 10 13 6 12 6 11 10 7 5 6 14 7 10 6 7 10 3 9 4 14 15 14 9 9 6 3 3 10 12 5 5 15 13 1 2 6 11 14 5 15 6 13 9 14 13 5 2 2 12 5 9 10 6 15 1 6 15 10 10 10 10 12 9 14 14 15 7 15 9 5 4 9 9 8 10 9 9
DISPLAY 1 4 5
DISPLAY 2 7 2
DISPLAY 3 6 5
DISPLAY 4 5 9
DISPLAY 5 3 4
DISPLAY 8 2 1
DISPLAY 9 1 6
DISPLAY 14 9 8
DISPLAY 16 8 5
DISPLAY 17 6 8
DISPLAY 19 4 8
DISPLAY 21 7 6
DISPLAY 22 4 9
POSITION 0 9 9
POSITION 1 9 5
POSITION 2 4 3
POSITION 3 5 1
PLAYER 1
.
TICK 19
FIELDS 14 5 12 15 9 14 5 9 10 9 15 6 12 15 5 8 15 1 7 12 14 13 12 10 13 6 12 2 11 10 7 5 6 14 7 10 6 6 10 3 9 4 14 15 14 9 9 7 3 3 10 12 5 5 15 13 1 6 6 11 14 5 15 6 13 9 14 2 5 2 2 12 5 9 10 6 15 13 6 15 10 10 10 10 12 9 14 1 15 7 15 9 5 4 9 9 8 14 9 9
DISPLAY 1 4 5
DISPLAY 2 7 3
DISPLAY 3 6 5
DISPLAY 4 5 9
DISPLAY 5 3 4
DISPLAY 8 2 1
DISPLAY 9 1 6
DISPLAY 14 9 8
DISPLAY 16 8 5
DISPLAY 17 6 8
DISPLAY 19 4 8
DISPLAY 21 7 7
DISPLAY 22 4 9
POSITION 0 9 9
POSITION 1 9 5
POSITION 2 4 3
POSITION 3 5 1
PLAYER 2
.
TICK 19
FIELDS 9 5 12 15 9 14 5 9 10 9 14 6 12 15 5 8 15 1 7 12 15 13 12 10 13 6 12 2 11 10 14 5 6 14 7 10 6 6 10 3 7 4 14 15 14 9 9 7 3 3 9 12 5 5 15 13 1 6 6 11 10 5 15 6 13 9 14 2 5 2 14 12 5 9 10 6 15 13 6 15 2 10 10 10 12 9 14 1 15 7 10 9 5 4 9 9 8 14 9 9
DISPLAY 1 4 5
DISPLAY 2 7 3
DISPLAY 3 6 5
DISPLAY 4 5 9
DISPLAY 5 3 4
DISPLAY 8 2 1
DISPLAY 9 1 6
DISPLAY 14 9 8
DISPLAY 16 8 5
DISPLAY 17 6 8
DISPLAY 19 4 8
DISPLAY 21 7 7
DISPLAY 22 4 9
POSITION 0 9 9
POSITION 1 9 5
POSITION 2 4 7
POSITION 3 5 1
PLAYER 3
.
TICK 20
FIELDS 9 5 12 15 9 14 5 9 10 9 14 6 12 15 5 8 15 1 7 12 15 13 12 10 13 6 12 2 11 10 14 5 6 14 7 10 6 6 10 3 7 4 14 15 14 9 9 7 3 3 9 12 5 5 15 13 1 6 6 11 5 15 6 13 9 14 2 5 2 5 14 12 5 9 10 6 15 13 6 15 2 10 10 10 12 9 14 1 15 7 10 9 5 4 9 9 8 14 9 9
DISPLAY 1 4 5
DISPLAY 2 7 3
DISPLAY 3 6 5
DISPLAY 4 5 9
DISPLAY 5 3 4
DISPLAY 8 2 1
DISPLAY 9 0 6
DISPLAY 14 9 8
DISPLAY 16 8 5
DISPLAY 17 6 8
DISPLAY 19 4 8
DISPLAY 21 7 7
DISPLAY 22 4 9
POSITION 0 9 9
POSITION 1 9 5
POSITION 2 4 7
POSITION 3 5 1
PLAYER 0
MESSAGE OK
TARGET 16
EXTRAFIELD 11
.
TICK 20
FIELDS 9 5 12 15 9 14 5 9 10 9 14 6 12 15 5 8 15 1 7 12 15 13 12 10 13 6 12 2 11 10 14 5 6 14 7 10 6 6 10 3 7 4 14 15 14 9 9 7 3 3 11 9 12 5 5 15 13 1 6 6 5 15 6 13 9 14 2 5 2 5 14 12 5 9 10 6 15 13 6 15 2 10 10 10 12 9 14 1 15 7 10 9 5 4 9 9 8 14 9 9
DISPLAY 1 5 5
DISPLAY 2 7 3
DISPLAY 3 7 5
DISPLAY 4 5 9
DISPLAY 5 3 4
DISPLAY 8 2 1
DISPLAY 9 0 6
DISPLAY 14 9 8
DISPLAY 17 6 8
DISPLAY 19 4 8
DISPLAY 21 7 7
DISPLAY 22 4 9
POSITION 0 9 5
POSITION 1 0 5
POSITION 2 4 7
POSITION 3 5 1
PLAYER 1
.
TICK 20
FIELDS 9 5 12 15 9 14 5 9 10 9 14 6 12 15 5 8 15 1 7 12 10 15 13 12 10 13 6 12 2 11 14 5 6 14 7 10 6 6 10 3 7 4 14 15 14 9 9 7 3 3 11 9 12 5 5 15 13 1 6 6 5 15 6 13 9 14 2 5 2 5 14 12 5 9 10 6 15 13 6 15 2 10 10 10 12 9 14 1 15 7 10 9 5 4 9 9 8 14 9 9
DISPLAY 1 5 5
DISPLAY 2 7 3
DISPLAY 3 7 5
DISPLAY 4 5 9
DISPLAY 5 3 4
DISPLAY 8 2 1
DISPLAY 9 0 6
DISPLAY 14 9 8
DISPLAY 17 6 8
DISPLAY 19 4 8
DISPLAY 21 7 7
DISPLAY 22 4 9
POSITION 0 9 5
POSITION 1 0 5
POSITION 2 4 7
POSITION 3 5 1
PLAYER 2
.
TICK 20
FIELDS 15 5 12 15 9 14 5 9 10 9 9 6 12 15 5 8 15 1 7 12 14 15 13 12 10 13 6 12 2 11 10 5 6 14 7 10 6 6 10 3 14 4 14 15 14 9 9 7 3 3 7 9 12 5 5 15 13 1 6 6 11 15 6 13 9 14 2 5 2 5 5 12 5 9 10 6 15 13 6 15 14 10 10 10 12 9 14 1 15 7 2 9 5 4 9 9 8 14 9 9
DISPLAY 1 5 5
DISPLAY 2 7 3
DISPLAY 3 7 5
DISPLAY 4 5 9
DISPLAY 5 3 4
DISPLAY 8 2 1
DISPLAY 9 0 7
DISPLAY 14 9 8
DISPLAY 17 6 8
DISPLAY 19 4 8
DISPLAY 21 7 7
DISPLAY 22 4 9
POSITION 0 9 5
POSITION 1 0 6
POSITION 2 4 7
POSITION 3 5 1
PLAYER 3
.
TICK 21
FIELDS 15 5 12 15 9 14 5 9 10 9 9 6 12 15 5 8 15 1 7 12 14 15 13 12 10 13 6 12 2 11 10 5 6 14 7 10 6 6 10 3 14 4 14 15 14 9 9 7 3 3 7 9 12 5 5 15 13 1 6 6 10 11 15 6 13 9 14 2 5 2 5 12 5 9 10 6 15 13 6 15 14 10 10 10 12 9 14 1 15 7 2 9 5 4 9 9 8 14 9 9
DISPLAY 1 5 5
DISPLAY 2 7 3
DISPLAY 3 7 5
DISPLAY 4 5 9
DISPLAY 5 3 4
DISPLAY 8 2 1
DISPLAY 9 0 7
DISPLAY 14 9 8
DISPLAY 17 6 8
DISPLAY 19 4 8
DISPLAY 21 7 7
DISPLAY 22 4 9
POSITION 0 9 5
POSITION 1 1 6
POSITION 2 4 7
POSITION 3 5 1
PLAYER 0
MESSAGE OK
TARGET 21
EXTRAFIELD 11
.
TICK 21
FIELDS 15 5 12 15 9 14 5 9 10 9 9 6 12 15 5 8 15 1 7 12 14 15 13 12 10 13 6 12 2 11 10 5 6 14 7 10 6 6 10 3 14 4 14 15 14 9 9 7 3 3 7 9 12 5 5 15 13 1 6 6 11 10 11 15 6 13 9 14 2 5 5 12 5 9 10 6 15 13 6 15 14 10 10 10 12 9 14 1 15 7 2 9 5 4 9 9 8 14 9 9
DISPLAY 1 5 5
DISPLAY 2 7 3
DISPLAY 3 7 5
DISPLAY 4 5 9
DISPLAY 5 3 4
DISPLAY 8 2 1
DISPLAY 9 0 7
DISPLAY 14 9 8
DISPLAY 17 6 8
DISPLAY 19 4 8
DISPLAY 22 4 9
POSITION 0 7 7
POSITION 1 2 6
POSITION 2 4 7
POSITION 3 5 1
PLAYER 1
.
TICK 21
FIELDS 15 5 12 15 9 14 5 9 10 9 10 9 6 12 15 5 8 15 1 7 14 15 13 12 10 13 6 12 2 11 10 5 6 14 7 10 6 6 10 3 14 4 14 15 14 9 9 7 3 3 7 9 12 5 5 15 13 1 6 6 11 10 11 15 6 13 9 14 2 5 5 12 5 9 10 6 15 13 6 15 14 10 10 10 12 9 14 1 15 7 2 9 5 4 9 9 8 14 9 9
DISPLAY 1 5 5
DISPLAY 2 7 3
DISPLAY 3 7 5
DISPLAY 4 5 9
DISPLAY 8 3 1
DISPLAY 9 0 7
DISPLAY 14 9 8
DISPLAY 17 6 8
DISPLAY 19 4 8
DISPLAY 22 4 9
POSITION 0 7 7
POSITION 1 3 4
POSITION 2 4 7
POSITION 3 6 1
PLAYER 2
.
TICK 21
FIELDS 10 5 12 15 9 14 5 9 10 9 15 9 6 12 15 5 8 15 1 7 10 15 13 12 10 13 6 12 2 11 14 5 6 14 7 10 6 6 10 3 10 4 14 15 14 9 9 7 3 3 14 9 12 5 5 15 13 1 6 6 7 10 11 15 6 13 9 14 2 5 11 12 5 9 10 6 15 13 6 15 5 10 10 10 12 9 14 1 15 7 14 9 5 4 9 9 8 14 9 9
DISPLAY 1 5 5
DISPLAY 2 7 3
DISPLAY 3 7 5
DISPLAY 4 5 9
DISPLAY 8 3 1
DISPLAY 9 0 8
DISPLAY 14 9 8
DISPLAY 17 6 8
DISPLAY 19 4 8
DISPLAY 22 4 9
POSITION 0 7 7
POSITION 1 3 4
POSITION 2 4 7
POSITION 3 6 1
PLAYER 3
.
TICK 22
FIELDS 10 5 12 15 9 14 5 9 10 9 15 9 6 12 15 5 8 15 1 7 10 15 13 12 10 13 6 12 2 11 14 5 6 14 7 10 6 6 10 3 10 4 14 15 14 9 9 7 3 3 14 9 12 5 5 15 13 1 6 6 10 11 15 6 13 9 14 2 5 5 11 12 5 9 10 6 15 13 6 15 5 10 10 10 12 9 14 1 15 7 14 9 5 4 9 9 8 14 9 9
DISPLAY 1 5 5
DISPLAY 2 7 3
DISPLAY 3 7 5
DISPLAY 4 5 9
DISPLAY 8 3 1
DISPLAY 9 0 8
DISPLAY 14 9 8
DISPLAY 17 6 8
DISPLAY 19 4 8
DISPLAY 22 4 9
POSITION 0 7 7
POSITION 1 3 4
POSITION 2 4 7
POSITION 3 6 1
PLAYER 0
MESSAGE OK
TARGET 8
EXTRAFIELD 2
.
TICK 22
FIELDS 10 5 12 15 9 14 5 9 10 9 15 9 6 12 15 5 8 15 1 7 15 13 12 10 13 6 12 2 11 2 14 5 6 14 7 10 6 6 10 3 10 4 14 15 14 9 9 7 3 3 14 9 12 5 5 15 13 1 6 6 10 11 15 6 13 9 14 2 5 5 11 12 5 9 10 6 15 13 6 15 5 10 10 10 12 9 14 1 15 7 14 9 5 4 9 9 8 14 9 9
DISPLAY 1 5 5
DISPLAY 2 7 3
DISPLAY 3 7 5
DISPLAY 4 5 9
DISPLAY 8 3 1
DISPLAY 9 0 8
DISPLAY 14 9 8
DISPLAY 17 6 8
DISPLAY 19 4 8
DISPLAY 22 4 9
POSITION 0 9 6
POSITION 1 3 4
POSITION 2 4 7
POSITION 3 6 1
PLAYER 1
.
TICK 22
FIELDS 10 5 12 15 9 14 8 9 10 9 15 9 6 12 15 5 12 15 1 7 15 13 12 10 13 6 6 2 11 2 14 5 6 14 7 10 9 6 10 3 10 4 14 15 14 9 13 7 3 3 14 9 12 5 5 15 14 1 6 6 10 11 15 6 13 9 15 2 5 5 11 12 5 9 10 6 14 13 6 15 5 10 10 10 12 9 8 1 15 7 14 9 5 4 9 9 12 14 9 9
DISPLAY 1 5 5
DISPLAY 2 7 3
DISPLAY 3 7 5
DISPLAY 4 5 9
DISPLAY 8 3 1
DISPLAY 9 0 8
DISPLAY 14 9 8
DISPLAY 17 6 7
DISPLAY 19 4 8
DISPLAY 22 4 9
POSITION 0 9 6
POSITION 1 3 4
POSITION 2 4 7
POSITION 3 6 0
PLAYER 2
.
TICK 22
FIELDS 2 5 12 15 9 14 8 9 10 9 10 9 6 12 15 5 12 15 1 7 15 13 12 10 13 6 6 2 11 2 15 5 6 14 7 10 9 6 10 3 14 4 14 15 14 9 13 7 3 3 10 9 12 5 5 15 14 1 6 6 14 11 15 6 13 9 15 2 5 5 10 12 5 9 10 6 14 13 6 15 11 10 10 10 12 9 8 1 15 7 5 9 5 4 9 9 12 14 9 9
DISPLAY 1 5 5
DISPLAY 2 7 3
DISPLAY 3 7 5
DISPLAY 4 5 9
DISPLAY 8 3 1
DISPLAY 9 0 9
DISPLAY 14 9 8
DISPLAY 17 6 7
DISPLAY 19 4 8
DISPLAY 22 4 9
POSITION 0 9 6
POSITION 1 3 4
POSITION 2 4 7
POSITION 3 6 0
PLAYER 3
.
TICK 23
FIELDS 2 5 12 15 9 14 8 9 10 9 10 9 6 12 15 5 12 15 1 7 15 13 12 10 13 6 6 2 11 2 15 5 6 14 7 10 9 6 10 3 14 4 14 15 14 9 13 7 3 3 10 9 12 5 5 15 14 1 6 6 7 14 11 15 6 13 9 15 2 5 10 12 5 9 10 6 14 13 6 15 11 10 10 10 12 9 8 1 15 7 5 9 5 4 9 9 12 14 9 9
DISPLAY 1 5 5
DISPLAY 2 7 3
DISPLAY 3 7 5
DISPLAY 4 5 9
DISPLAY 8 3 1
DISPLAY 9 0 9
DISPLAY 14 9 8
DISPLAY 17 6 7
DISPLAY 19 4 8
DISPLAY 22 4 9
POSITION 0 0 6
POSITION 1 3 4
POSITION 2 4 7
POSITION 3 6 0
PLAYER 0
MESSAGE OK
TARGET 8
EXTRAFIELD 10
.
TICK 23
FIELDS 10 5 12 15 9 14 8 9 10 9 2 9 6 12 15 5 12 15 1 7 10 13 12 10 13 6 6 2 11 2 15 5 6 14 7 10 9 6 10 3 15 4 14 15 14 9 13 7 3 3 14 9 12 5 5 15 14 1 6 6 10 14 11 15 6 13 9 15 2 5 7 12 5 9 10 6 14 13 6 15 10 10 10 10 12 9 8 1 15 7 11 9 5 4 9 9 12 14 9 9
DISPLAY 1 5 5
DISPLAY 2 7 3
DISPLAY 3 7 5
DISPLAY 4 5 9
DISPLAY 8 3 1
DISPLAY 9 0 0
DISPLAY 14 9 8
DISPLAY 17 6 7
DISPLAY 19 4 8
DISPLAY 22 4 9
POSITION 0 0 7
POSITION 1 3 4
POSITION 2 4 7
POSITION 3 6 0
PLAYER 1
.
TICK 23
FIELDS 5 10 5 12 15 9 14 8 9 10 2 9 6 12 15 5 12 15 1 7 10 13 12 10 13 6 6 2 11 2 15 5 6 14 7 10 9 6 10 3 15 4 14 15 14 9 13 7 3 3 14 9 12 5 5 15 14 1 6 6 10 14 11 15 6 13 9 15 2 5 7 12 5 9 10 6 14 13 6 15 10 10 10 10 12 9 8 1 15 7 11 9 5 4 9 9 12 14 9 9
DISPLAY 1 5 5
DISPLAY 2 7 3
DISPLAY 3 7 5
DISPLAY 4 5 9
DISPLAY 8 3 1
DISPLAY 9 1 0
DISPLAY 14 9 8
DISPLAY 17 6 7
DISPLAY 19 4 8
DISPLAY 22 4 9
POSITION 0 0 7
POSITION 1 3 4
POSITION 2 4 7
POSITION 3 7 0
PLAYER 2
.
TICK 23
FIELDS 14 10 5 12 15 9 14 8 9 10 5 9 6 12 15 5 12 15 1 7 2 13 12 10 13 6 6 2 11 2 10 5 6 14 7 10 9 6 10 3 15 4 14 15 14 9 13 7 3 3 15 9 12 5 5 15 14 1 6 6 14 14 11 15 6 13 9 15 2 5 10 12 5 9 10 6 14 13 6 15 7 10 10 10 12 9 8 1 15 7 10 9 5 4 9 9 12 14 9 9
DISPLAY 1 5 5
DISPLAY 2 7 3
DISPLAY 3 7 5
DISPLAY 4 5 9
DISPLAY 8 3 1
DISPLAY 9 1 0
DISPLAY 14 9 8
DISPLAY 17 6 7
DISPLAY 19 4 8
DISPLAY 22 4 9
POSITION 0 0 8
POSITION 1 3 4
POSITION 2 4 7
POSITION 3 7 0
PLAYER 3
.
TICK 24
FIELDS 14 10 5 12 15 9 14 8 9 10 5 9 6 12 15 5 12 15 1 7 2 13 12 10 13 6 6 2 11 2 10 5 6 14 7 10 9 6 10 3 15 4 14 15 14 9 13 7 3 3 15 9 12 5 5 15 14 1 6 6 14 11 15 6 13 9 15 2 5 5 10 12 5 9 10 6 14 13 6 15 7 10 10 10 12 9 8 1 15 7 10 9 5 4 9 9 12 14 9 9
DISPLAY 1 5 5
DISPLAY 2 7 3
DISPLAY 3 7 5
DISPLAY 4 5 9
DISPLAY 8 3 1
DISPLAY 9 1 0
DISPLAY 14 9 8
DISPLAY 17 6 7
DISPLAY 19 4 8
DISPLAY 22 4 9
POSITION 0 0 8
POSITION 1 3 4
POSITION 2 4 7
POSITION 3 7 0
PLAYER 0
MESSAGE OK
TARGET 8
EXTRAFIELD 5
.
TICK 24
FIELDS 5 10 5 12 15 9 14 8 9 10 2 9 6 12 15 5 12 15 1 7 10 13 12 10 13 6 6 2 11 2 15 5 6 14 7 10 9 6 10 3 15 4 14 15 14 9 13 7 3 3 14 9 12 5 5 15 14 1 6 6 10 11 15 6 13 9 15 2 5 5 7 12 5 9 10 6 14 13 6 15 10 10 10 10 12 9 8 1 15 7 5 9 5 4 9 9 12 14 9 9
DISPLAY 1 5 5
DISPLAY 2 7 3
DISPLAY 3 7 5
DISPLAY 4 5 9
DISPLAY 8 3 1
DISPLAY 9 1 0
DISPLAY 14 9 8
DISPLAY 17 6 7
DISPLAY 19 4 8
DISPLAY 22 4 9
POSITION 0 0 7
POSITION 1 3 4
POSITION 2 4 7
POSITION 3 7 0
PLAYER 1
.
TICK 24
FIELDS 5 10 5 12 9 9 14 8 9 10 2 9 6 12 15 5 12 15 1 7 10 13 12 10 15 6 6 2 11 2 15 5 6 14 13 10 9 6 10 3 15 4 14 15 7 9 13 7 3 3 14 9 12 5 14 15 14 1 6 6 10 11 15 6 5 9 15 2 5 5 7 12 5 9 13 6 14 13 6 15 10 10 10 10 10 9 8 1 15 7 5 9 5 4 12 9 12 14 9 9
DISPLAY 1 5 5
DISPLAY 2 7 3
DISPLAY 3 7 5
DISPLAY 4 5 9
DISPLAY 8 3 1
DISPLAY 9 1 0
DISPLAY 14 9 8
DISPLAY 17 6 7
DISPLAY 19 4 9
DISPLAY 22 4 0
POSITION 0 0 7
POSITION 1 3 4
POSITION 2 4 8
POSITION 3 7 0
PLAYER 2
.
TICK 24
FIELDS 11 10 5 12 9 9 14 8 9 10 5 9 6 12 15 5 12 15 1 7 2 13 12 10 15 6 6 2 11 2 10 5 6 14 13 10 9 6 10 3 15 4 14 15 7 9 13 7 3 3 15 9 12 5 14 15 14 1 6 6 14 11 15 6 5 9 15 2 5 5 10 12 5 9 13 6 14 13 6 15 7 10 10 10 10 9 8 1 15 7 10 9 5 4 12 9 12 14 9 9
DISPLAY 1 5 5
DISPLAY 2 7 3
DISPLAY 3 7 5
DISPLAY 4 5 9
DISPLAY 8 3 1
DISPLAY 9 1 0
DISPLAY 14 9 8
DISPLAY 17 6 7
DISPLAY 19 4 9
DISPLAY 22 4 0
POSITION 0 0 8
POSITION 1 3 4
POSITION 2 4 8
POSITION 3 7 0
PLAYER 3
.
TICK 25
FIELDS 11 10 5 12 9 9 14 8 9 10 5 9 6 12 15 5 12 15 1 7 2 13 12 10 15 6 6 2 11 2 10 5 6 14 13 10 9 6 10 3 15 4 14 15 7 9 13 7 3 3 15 9 12 5 14 15 14 1 6 6 14 14 11 15 6 5 9 15 2 5 10 12 5 9 13 6 14 13 6 15 7 10 10 10 10 9 8 1 15 7 10 9 5 4 12 9 12 14 9 9
DISPLAY 1 5 5
DISPLAY 2 7 3
DISPLAY 3 7 5
DISPLAY 4 5 9
DISPLAY 8 3 1
DISPLAY 9 1 0
DISPLAY 14 9 8
DISPLAY 17 6 7
DISPLAY 19 4 9
DISPLAY 22 4 0
POSITION 0 0 8
POSITION 1 3 4
POSITION 2 4 8
POSITION 3 7 0
PLAYER 0
MESSAGE OK
TARGET 8
EXTRAFIELD 14
.
TICK 25
FIELDS 11 10 5 12 9 9 14 8 9 10 5 9 6 12 15 5 12 15 1 7 2 13 12 10 15 6 6 2 11 2 10 5 6 14 13 10 9 6 10 3 15 4 14 15 7 9 13 7 3 3 15 9 12 5 14 15 14 1 6 6 14 14 11 15 6 5 9 15 2 5 13 10 12 5 9 13 6 14 13 6 7 10 10 10 10 9 8 1 15 7 10 9 5 4 12 9 12 14 9 9
DISPLAY 1 5 5
DISPLAY 2 7 3
DISPLAY 3 7 5
DISPLAY 4 5 9
DISPLAY 9 1 0
DISPLAY 14 9 8
DISPLAY 17 7 7
DISPLAY 19 4 9
DISPLAY 22 4 0
POSITION 0 3 1
POSITION 1 3 4
POSITION 2 4 8
POSITION 3 7 0
PLAYER 1
.
TICK 25
FIELDS 11 10 5 12 9 9 12 8 9 10 5 9 6 12 15 5 6 15 1 7 2 13 12 10 15 6 9 2 11 2 10 5 6 14 13 10 13 6 10 3 15 4 14 15 7 9 14 7 3 3 15 9 12 5 14 15 9 1 6 6 14 14 11 15 6 5 6 15 2 5 13 10 12 5 9 13 8 14 13 6 7 10 10 10 10 9 12 1 15 7 10 9 5 4 12 9 9 14 9 9
DISPLAY 1 5 5
DISPLAY 2 7 3
DISPLAY 3 7 5
DISPLAY 4 5 9
DISPLAY 9 1 0
DISPLAY 14 9 8
DISPLAY 17 7 7
DISPLAY 19 4 9
DISPLAY 22 4 0
POSITION 0 3 1
POSITION 1 3 4
POSITION 2 4 8
POSITION 3 7 0
PLAYER 2
.
TICK 25
FIELDS 5 10 5 12 9 9 12 8 9 10 11 9 6 12 15 5 6 15 1 7 5 13 12 10 15 6 9 2 11 2 2 5 6 14 13 10 13 6 10 3 10 4 14 15 7 9 14 7 3 3 15 9 12 5 14 15 9 1 6 6 15 14 11 15 6 5 6 15 2 5 14 10 12 5 9 13 8 14 13 6 13 10 10 10 10 9 12 1 15 7 7 9 5 4 12 9 9 14 9 9
DISPLAY 1 5 5
DISPLAY 2 7 3
DISPLAY 3 7 5
DISPLAY 4 5 9
DISPLAY 9 1 0
DISPLAY 14 9 8
DISPLAY 17 7 7
DISPLAY 19 4 9
DISPLAY 22 4 0
POSITION 0 3 1
POSITION 1 3 4
POSITION 2 4 8
POSITION 3 7 0
PLAYER 3
.
TICK 26
FIELDS 5 10 5 12 9 9 12 8 9 10 11 9 6 12 15 5 6 15 1 7 5 13 12 10 15 6 9 2 11 2 2 5 6 14 13 10 13 6 10 3 10 4 14 15 7 9 14 7 3 3 15 9 12 5 14 15 9 1 6 6 14 11 15 6 5 6 15 2 5 5 14 10 12 5 9 13 8 14 13 6 13 10 10 10 10 9 12 1 15 7 7 9 5 4 12 9 9 14 9 9
DISPLAY 1 5 5
DISPLAY 2 7 3
DISPLAY 3 7 5
DISPLAY 4 5 9
DISPLAY 9 1 0
DISPLAY 14 9 8
DISPLAY 17 7 7
DISPLAY 19 4 9
DISPLAY 22 4 0
POSITION 0 3 1
POSITION 1 3 4
POSITION 2 4 8
POSITION 3 7 0
PLAYER 0
MESSAGE OK
TARGET 19
EXTRAFIELD 15
.
TICK 26
FIELDS 5 10 5 12 9 9 12 8 9 10 11 9 6 10 15 5 6 15 1 7 5 13 12 14 15 6 9 2 11 2 2 5 6 15 13 10 13 6 10 3 10 4 14 5 7 9 14 7 3 3 15 9 12 6 14 15 9 1 6 6 14 11 15 5 5 6 15 2 5 5 14 10 12 10 9 13 8 14 13 6 13 10 10 4 10 9 12 1 15 7 7 9 5 15 12 9 9 14 9 9
DISPLAY 1 5 5
DISPLAY 2 7 3
DISPLAY 3 7 5
DISPLAY 4 5 9
DISPLAY 9 1 0
DISPLAY 14 9 8
DISPLAY 17 7 7
DISPLAY 19 4 9
DISPLAY 22 4 0
POSITION 0 3 0
POSITION 1 3 3
POSITION 2 4 8
POSITION 3 7 0
PLAYER 1
.
TICK 26
FIELDS 5 10 5 12 9 9 12 8 9 10 11 9 6 10 15 5 6 15 1 7 5 13 12 14 15 6 9 2 11 2 5 6 15 13 10 13 6 10 3 14 10 4 14 5 7 9 14 7 3 3 15 9 12 6 14 15 9 1 6 6 14 11 15 5 5 6 15 2 5 5 14 10 12 10 9 13 8 14 13 6 13 10 10 4 10 9 12 1 15 7 7 9 5 15 12 9 9 14 9 9
DISPLAY 1 5 5
DISPLAY 2 6 3
DISPLAY 3 7 5
DISPLAY 4 5 9
DISPLAY 9 1 0
DISPLAY 14 9 8
DISPLAY 17 7 7
DISPLAY 19 4 9
DISPLAY 22 4 0
POSITION 0 3 0
POSITION 1 2 3
POSITION 2 4 8
POSITION 3 7 0
PLAYER 2
.
TICK 26
FIELDS 10 10 5 12 9 9 12 8 9 10 5 9 6 10 15 5 6 15 1 7 11 13 12 14 15 6 9 2 11 2 5 6 15 13 10 13 6 10 3 14 5 4 14 5 7 9 14 7 3 3 10 9 12 6 14 15 9 1 6 6 15 11 15 5 5 6 15 2 5 5 14 10 12 10 9 13 8 14 13 6 14 10 10 4 10 9 12 1 15 7 13 9 5 15 12 9 9 14 9 9
DISPLAY 1 5 5
DISPLAY 2 6 3
DISPLAY 3 7 5
DISPLAY 4 5 9
DISPLAY 9 1 0
DISPLAY 14 9 8
DISPLAY 17 7 7
DISPLAY 19 4 9
DISPLAY 22 4 0
POSITION 0 3 0
POSITION 1 2 3
POSITION 2 4 8
POSITION 3 7 0
PLAYER 3
.
TICK 27
FIELDS 10 10 5 12 9 9 12 8 9 10 5 9 6 10 15 5 6 15 1 7 11 13 12 14 15 6 9 2 11 2 5 6 15 13 10 13 6 10 3 14 5 4 14 5 7 9 14 7 3 3 10 9 12 6 14 15 9 1 6 6 11 15 5 5 6 15 2 5 5 15 14 10 12 10 9 13 8 14 13 6 14 10 10 4 10 9 12 1 15 7 13 9 5 15 12 9 9 14 9 9
DISPLAY 1 5 5
DISPLAY 2 6 3
DISPLAY 3 7 5
DISPLAY 4 5 9
DISPLAY 9 1 0
DISPLAY 14 9 8
DISPLAY 17 7 7
DISPLAY 19 4 9
DISPLAY 22 4 0
POSITION 0 3 0
POSITION 1 2 3
POSITION 2 4 8
POSITION 3 7 0
PLAYER 0
MESSAGE OK
TARGET 19
EXTRAFIELD 12
.
TICK 27
FIELDS 10 10 5 12 3 9 12 8 9 10 5 9 6 10 9 5 6 15 1 7 11 13 12 14 15 6 9 2 11 2 5 6 15 13 15 13 6 10 3 14 5 4 14 5 10 9 14 7 3 3 10 9 12 6 7 15 9 1 6 6 11 15 5 5 14 15 2 5 5 15 14 10 12 10 6 13 8 14 13 6 14 10 10 4 9 9 12 1 15 7 13 9 5 15 10 9 9 14 9 9
DISPLAY 1 5 5
DISPLAY 2 6 3
DISPLAY 3 7 5
DISPLAY 4 5 9
DISPLAY 9 1 0
DISPLAY 14 9 8
DISPLAY 17 7 7
DISPLAY 22 4 1
POSITION 0 4 0
POSITION 1 2 3
POSITION 2 4 9
POSITION 3 7 0
PLAYER 1
.
TICK 27
FIELDS 10 10 5 12 3 9 12 8 9 10 5 9 6 10 9 5 6 15 1 7 2 11 13 12 14 15 6 9 2 11 5 6 15 13 15 13 6 10 3 14 5 4 14 5 10 9 14 7 3 3 10 9 12 6 7 15 9 1 6 6 11 15 5 5 14 15 2 5 5 15 14 10 12 10 6 13 8 14 13 6 14 10 10 4 9 9 12 1 15 7 13 9 5 15 10 9 9 14 9 9
DISPLAY 1 5 5
DISPLAY 2 6 3
DISPLAY 3 7 5
DISPLAY 4 5 9
DISPLAY 9 1 0
DISPLAY 14 9 8
DISPLAY 17 7 7
DISPLAY 22 4 1
POSITION 0 4 0
POSITION 1 2 3
POSITION 2 4 9
POSITION 3 7 0
PLAYER 2
.
TICK 27
FIELDS 10 10 5 12 7 9 12 8 9 10 5 9 6 10 3 5 6 15 1 7 2 11 13 12 9 15 6 9 2 11 5 6 15 13 14 13 6 10 3 14 5 4 14 5 15 9 14 7 3 3 10 9 12 6 10 15 9 1 6 6 11 15 5 5 7 15 2 5 5 15 14 10 12 10 14 13 8 14 13 6 14 10 10 4 6 9 12 1 15 7 13 9 5 15 9 9 9 14 9 9
DISPLAY 1 5 5
DISPLAY 2 6 3
DISPLAY 3 7 5
DISPLAY 4 5 9
DISPLAY 9 1 0
DISPLAY 14 9 8
DISPLAY 17 7 7
DISPLAY 22 4 2
POSITION 0 4 1
POSITION 1 2 3
POSITION 2 4 0
POSITION 3 7 0
PLAYER 3
.
TICK 28
FIELDS 10 10 5 12 7 9 12 8 9 10 5 9 6 10 3 5 6 15 1 7 2 11 13 12 9 15 6 9 2 11 5 6 15 13 14 13 6 10 3 14 5 4 14 5 15 9 14 7 3 3 10 9 12 6 10 15 9 1 6 6 15 11 15 5 5 7 15 2 5 5 14 10 12 10 14 13 8 14 13 6 14 10 10 4 6 9 12 1 15 7 13 9 5 15 9 9 9 14 9 9
DISPLAY 1 5 5
DISPLAY 2 6 3
DISPLAY 3 7 5
DISPLAY 4 5 9
DISPLAY 9 1 0
DISPLAY 14 9 8
DISPLAY 17 7 7
DISPLAY 22 4 2
POSITION 0 4 1
POSITION 1 2 3
POSITION 2 4 0
POSITION 3 7 0
PLAYER 0
MESSAGE OK
TARGET 2
EXTRAFIELD 12
.
TICK 28
FIELDS 12 10 10 5 12 7 9 12 8 9 5 9 6 10 3 5 6 15 1 7 2 11 13 12 9 15 6 9 2 11 5 6 15 13 14 13 6 10 3 14 5 4 14 5 15 9 14 7 3 3 10 9 12 6 10 15 9 1 6 6 15 11 15 5 5 7 15 2 5 5 14 10 12 10 14 13 8 14 13 6 14 10 10 4 6 9 12 1 15 7 13 9 5 15 9 9 9 14 9 9
DISPLAY 1 5 5
DISPLAY 3 7 5
DISPLAY 4 5 9
DISPLAY 9 2 0
DISPLAY 14 9 8
DISPLAY 17 7 7
DISPLAY 22 4 2
POSITION 0 6 3
POSITION 1 2 3
POSITION 2 5 0
POSITION 3 8 0
PLAYER 1
.
TICK 28
FIELDS 12 10 10 5 12 7 9 2 8 9 5 9 6 10 3 5 6 12 1 7 2 11 13 12 9 15 6 15 2 11 5 6 15 13 14 13 6 9 3 14 5 4 14 5 15 9 14 10 3 3 10 9 12 6 10 15 9 7 6 6 15 11 15 5 5 7 15 1 5 5 14 10 12 10 14 13 8 2 13 6 14 10 10 4 6 9 12 14 15 7 13 9 5 15 9 9 9 1 9 9
DISPLAY 1 5 5
DISPLAY 3 7 6
DISPLAY 4 5 9
DISPLAY 9 2 0
DISPLAY 14 9 8
DISPLAY 17 7 8
DISPLAY 22 4 2
POSITION 0 6 3
POSITION 1 2 3
POSITION 2 5 0
POSITION 3 8 0
PLAYER 2
.
TICK 28
FIELDS 12 10 10 5 12 7 9 2 8 9 5 9 10 10 3 5 6 12 1 7 2 11 6 12 9 15 6 15 2 11 5 6 13 13 14 13 6 9 3 14 5 4 15 5 15 9 14 10 3 3 10 9 14 6 10 15 9 7 6 6 15 11 12 5 5 7 15 1 5 5 14 10 15 10 14 13 8 2 13 6 14 10 12 4 6 9 12 14 15 7 13 9 10 15 9 9 9 1 9 9
DISPLAY 1 5 5
DISPLAY 3 7 6
DISPLAY 4 5 9
DISPLAY 14 9 8
DISPLAY 17 7 8
DISPLAY 22 4 2
POSITION 0 6 3
POSITION 1 2 4
POSITION 2 2 1
POSITION 3 8 0
PLAYER 3
.
TICK 29
FIELDS 12 10 10 5 12 7 9 2 8 9 5 9 10 10 3 5 6 12 1 7 2 11 6 12 9 15 6 15 2 11 5 6 13 13 14 13 6 9 3 14 5 4 15 5 15 9 14 10 3 3 10 9 14 6 10 15 9 7 6 6 11 12 5 5 7 15 1 5 5 15 14 10 15 10 14 13 8 2 13 6 14 10 12 4 6 9 12 14 15 7 13 9 10 15 9 9 9 1 9 9
DISPLAY 1 5 5
DISPLAY 3 6 6
DISPLAY 4 5 9
DISPLAY 14 9 8
DISPLAY 17 7 8
DISPLAY 22 4 2
POSITION 0 6 3
POSITION 1 2 4
POSITION 2 2 1
POSITION 3 8 0
PLAYER 0
MESSAGE OK
TARGET 3
EXTRAFIELD 10
.
TICK 29
FIELDS 12 10 10 5 12 7 9 2 8 9 5 9 10 10 3 5 6 12 1 7 2 11 6 12 9 15 6 15 2 11 5 6 13 13 14 13 6 9 3 14 5 4 15 5 15 9 14 10 3 3 10 10 9 14 6 10 15 9 7 6 11 12 5 5 7 15 1 5 5 15 14 10 15 10 14 13 8 2 13 6 14 10 12 4 6 9 12 14 15 7 13 9 10 15 9 9 9 1 9 9
DISPLAY 1 6 5
DISPLAY 4 5 9
DISPLAY 14 9 8
DISPLAY 17 7 8
DISPLAY 22 4 2
POSITION 0 6 6
POSITION 1 2 4
POSITION 2 2 1
POSITION 3 8 0
PLAYER 1
.
TICK 29
FIELDS 12 10 10 5 12 5 9 2 8 9 5 9 10 10 3 15 6 12 1 7 2 11 6 12 9 13 6 15 2 11 5 6 13 13 14 9 6 9 3 14 5 4 15 5 15 10 14 10 3 3 10 10 9 14 6 15 15 9 7 6 11 12 5 5 7 13 1 5 5 15 14 10 15 10 14 9 8 2 13 6 14 10 12 4 6 9 12 14 15 7 13 9 10 15 9 14 9 1 9 9
DISPLAY 1 6 5
DISPLAY 4 5 8
DISPLAY 14 9 8
DISPLAY 17 7 8
DISPLAY 22 4 2
POSITION 0 6 6
POSITION 1 2 4
POSITION 2 2 1
POSITION 3 8 0
PLAYER 2
.
TICK 29
FIELDS 12 10 10 5 12 15 9 2 8 9 5 9 10 10 3 13 6 12 1 7 2 11 6 12 9 9 6 15 2 11 5 6 13 13 14 10 6 9 3 14 5 4 15 5 15 15 14 10 3 3 10 10 9 14 6 13 15 9 7 6 11 12 5 5 7 9 1 5 5 15 14 10 15 10 14 9 8 2 13 6 14 10 12 4 6 14 12 14 15 7 13 9 10 15 9 5 9 1 9 9
DISPLAY 1 6 5
DISPLAY 4 5 7
DISPLAY 14 9 8
DISPLAY 17 7 8
DISPLAY 22 4 2
POSITION 0 6 6
POSITION 1 2 4
POSITION 2 6 2
POSITION 3 8 0
PLAYER 3
.
TICK 30
FIELDS 12 10 10 5 12 15 9 2 8 9 5 9 10 10 3 13 6 12 1 7 2 11 6 12 9 9 6 15 2 11 5 6 13 13 14 10 6 9 3 14 5 4 15 5 15 15 14 10 3 3 10 10 9 14 6 13 15 9 7 6 15 11 12 5 5 7 9 1 5 5 14 10 15 10 14 9 8 2 13 6 14 10 12 4 6 14 12 14 15 7 13 9 10 15 9 5 9 1 9 9
DISPLAY 1 6 5
DISPLAY 4 5 7
DISPLAY 14 9 8
DISPLAY 17 7 8
DISPLAY 22 4 2
POSITION 0 7 6
POSITION 1 2 4
POSITION 2 6 2
POSITION 3 8 0
PLAYER 0
MESSAGE OK
TARGET 1
EXTRAFIELD 6
.
TICK 30
FIELDS 12 10 10 5 12 15 9 2 8 9 5 9 10 10 3 13 6 12 1 7 2 11 6 12 9 9 6 15 2 11 5 6 13 13 14 10 6 9 3 14 5 4 15 5 15 15 14 10 3 3 6 10 10 9 14 6 13 15 9 7 15 11 12 5 5 7 9 1 5 5 14 10 15 10 14 9 8 2 13 6 14 10 12 4 6 14 12 14 15 7 13 9 10 15 9 5 9 1 9 9
DISPLAY 4 5 7
DISPLAY 14 9 8
DISPLAY 17 7 8
DISPLAY 22 4 2
POSITION 0 7 5
POSITION 1 2 4
POSITION 2 6 2
POSITION 3 8 0
PLAYER 1
.
TICK 30
FIELDS 12 10 10 5 12 15 9 2 8 9 5 9 10 10 3 13 6 12 1 7 2 11 6 12 9 9 6 15 2 11 5 6 13 13 14 10 6 9 3 14 5 4 15 5 15 15 14 10 3 3 6 10 10 9 14 6 13 15 9 7 11 12 5 5 7 9 1 5 5 7 14 10 15 10 14 9 8 2 13 6 14 10 12 4 6 14 12 14 15 7 13 9 10 15 9 5 9 1 9 9
DISPLAY 4 5 7
DISPLAY 14 9 8
DISPLAY 17 7 8
DISPLAY 22 4 2
POSITION 0 7 5
POSITION 1 2 4
POSITION 2 6 2
POSITION 3 8 0
PLAYER 2
.
TICK 30
FIELDS 12 10 10 10 12 15 9 2 8 9 5 9 10 12 3 13 6 12 1 7 2 11 6 13 9 9 6 15 2 11 5 6 13 5 14 10 6 9 3 14 5 4 15 9 15 15 14 10 3 3 6 10 10 5 14 6 13 15 9 7 11 12 5 10 7 9 1 5 5 7 14 10 15 4 14 9 8 2 13 6 14 10 12 15 6 14 12 14 15 7 13 9 10 5 9 5 9 1 9 9
DISPLAY 4 5 7
DISPLAY 14 9 8
DISPLAY 17 7 8
DISPLAY 22 4 2
POSITION 0 7 5
POSITION 1 2 4
POSITION 2 7 6
POSITION 3 8 0
PLAYER 3
.
TICK 31
FIELDS 12 10 10 10 12 15 9 2 8 9 5 9 10 12 3 13 6 12 1 7 2 11 6 13 9 9 6 15 2 11 5 6 13 5 14 10 6 9 3 14 5 4 15 9 15 15 14 10 3 3 6 10 10 5 14 6 13 15 9 7 15 11 12 5 10 7 9 1 5 5 14 10 15 4 14 9 8 2 13 6 14 10 12 15 6 14 12 14 15 7 13 9 10 5 9 5 9 1 9 9
DISPLAY 4 5 7
DISPLAY 14 9 8
DISPLAY 17 7 8
DISPLAY 22 4 2
POSITION 0 7 5
POSITION 1 2 4
POSITION 2 8 6
POSITION 3 8 0
PLAYER 0
MESSAGE OK
TARGET 17
EXTRAFIELD 6
.
TICK 31
FIELDS 12 10 10 10 12 15 9 2 8 9 5 9 10 12 3 13 6 12 1 7 2 11 6 13 9 9 6 15 2 11 5 6 13 5 14 10 6 9 3 14 5 4 15 9 15 15 14 10 3 3 6 6 10 10 5 14 6 13 15 9 15 11 12 5 10 7 9 1 5 5 14 10 15 4 14 9 8 2 13 6 14 10 12 15 6 14 12 14 15 7 13 9 10 5 9 5 9 1 9 9
DISPLAY 4 5 7
DISPLAY 14 9 8
DISPLAY 22 4 2
POSITION 0 7 8
POSITION 1 2 4
POSITION 2 8 6
POSITION 3 8 0
PLAYER 1
.
TICK 31
FIELDS 15 12 10 10 10 12 15 9 2 8 5 9 10 12 3 13 6 12 1 7 2 11 6 13 9 9 6 15 2 11 5 6 13 5 14 10 6 9 3 14 5 4 15 9 15 15 14 10 3 3 6 6 10 10 5 14 6 13 15 9 15 11 12 5 10 7 9 1 5 5 14 10 15 4 14 9 8 2 13 6 14 10 12 15 6 14 12 14 15 7 13 9 10 5 9 5 9 1 9 9
DISPLAY 4 5 7
DISPLAY 14 9 8
DISPLAY 22 4 2
POSITION 0 7 8
POSITION 1 2 4
POSITION 2 8 6
POSITION 3 9 0
PLAYER 2
.
TICK 31
FIELDS 5 12 10 10 10 12 15 9 2 8 15 9 10 12 3 13 6 12 1 7 5 11 6 13 9 9 6 15 2 11 2 6 13 5 14 10 6 9 3 14 5 4 15 9 15 15 14 10 3 3 5 6 10 10 5 14 6 13 15 9 6 11 12 5 10 7 9 1 5 5 15 10 15 4 14 9 8 2 13 6 14 10 12 15 6 14 12 14 15 7 14 9 10 5 9 5 9 1 9 9
DISPLAY 4 5 7
DISPLAY 22 4 2
POSITION 0 7 8
POSITION 1 2 4
POSITION 2 9 8
POSITION 3 9 0
PLAYER 3
.
TICK 32
FIELDS 5 12 10 10 10 12 15 9 2 8 15 9 10 12 3 13 6 12 1 7 5 11 6 13 9 9 6 15 2 11 2 6 13 5 14 10 6 9 3 14 5 4 15 9 15 15 14 10 3 3 5 6 10 10 5 14 6 13 15 9 7 6 11 12 5 10 7 9 1 5 15 10 15 4 14 9 8 2 13 6 14 10 12 15 6 14 12 14 15 7 14 9 10 5 9 5 9 1 9 9
DISPLAY 4 5 7
DISPLAY 22 4 2
POSITION 0 7 8
POSITION 1 2 4
POSITION 2 9 8
POSITION 3 9 0
PLAYER 0
MESSAGE OK
TARGET 4
EXTRAFIELD 7
.
TICK 32
FIELDS 5 12 10 10 10 12 15 9 2 8 15 9 10 12 3 13 6 12 1 7 5 11 6 13 9 9 6 15 2 11 2 6 13 5 14 10 6 9 3 14 5 4 15 9 15 15 14 10 3 3 5 6 10 10 5 14 6 13 15 9 7 6 11 12 5 10 7 9 1 5 7 15 10 15 4 14 9 8 2 13 14 10 12 15 6 14 12 14 15 7 14 9 10 5 9 5 9 1 9 9
DISPLAY 4 6 7
DISPLAY 22 4 2
POSITION 0 9 9
POSITION 1 2 4
POSITION 2 9 8
POSITION 3 9 0
PLAYER 1
.
TICK 32
FIELDS 9 5 12 10 10 10 12 15 9 2 15 9 10 12 3 13 6 12 1 7 5 11 6 13 9 9 6 15 2 11 2 6 13 5 14 10 6 9 3 14 5 4 15 9 15 15 14 10 3 3 5 6 10 10 5 14 6 13 15 9 7 6 11 12 5 10 7 9 1 5 7 15 10 15 4 14 9 8 2 13 14 10 12 15 6 14 12 14 15 7 14 9 10 5 9 5 9 1 9 9
DISPLAY 4 6 7
DISPLAY 22 4 2
POSITION 0 9 9
POSITION 1 2 4
POSITION 2 9 8
POSITION 3 0 0
PLAYER 2
.
TICK 32
FIELDS 9 5 12 10 10 10 13 15 9 2 15 9 10 12 3 13 12 12 1 7 5 11 6 13 9 9 6 15 2 11 2 6 13 5 14 10 6 9 3 14 5 4 15 9 15 15 6 10 3 3 5 6 10 10 5 14 14 13 15 9 7 6 11 12 5 10 6 9 1 5 7 15 10 15 4 14 7 8 2 13 14 10 12 15 6 14 9 14 15 7 14 9 10 5 9 5 12 1 9 9
DISPLAY 22 4 2
POSITION 0 9 9
POSITION 1 2 4
POSITION 2 6 8
POSITION 3 0 0
PLAYER 3
.
TICK 33
FIELDS 9 5 12 10 10 10 13 15 9 2 15 9 10 12 3 13 12 12 1 7 5 11 6 13 9 9 6 15 2 11 2 6 13 5 14 10 6 9 3 14 5 4 15 9 15 15 6 10 3 3 5 6 10 10 5 14 14 13 15 9 5 7 6 11 12 5 10 6 9 1 7 15 10 15 4 14 7 8 2 13 14 10 12 15 6 14 9 14 15 7 14 9 10 5 9 5 12 1 9 9
DISPLAY 22 4 2
POSITION 0 9 9
POSITION 1 2 4
POSITION 2 6 8
POSITION 3 0 0
PLAYER 0
MESSAGE OK
TARGET 22
EXTRAFIELD 6
.
TICK 33
FIELDS 9 5 12 10 6 10 13 15 9 2 15 9 10 12 10 13 12 12 1 7 5 11 6 13 3 9 6 15 2 11 2 6 13 5 9 10 6 9 3 14 5 4 15 9 14 15 6 10 3 3 5 6 10 10 15 14 14 13 15 9 5 7 6 11 5 5 10 6 9 1 7 15 10 15 12 14 7 8 2 13 14 10 12 15 4 14 9 14 15 7 14 9 10 5 6 5 12 1 9 9
DISPLAY 22 4 3
POSITION 0 9 9
POSITION 1 2 4
POSITION 2 6 8
POSITION 3 0 0
PLAYER 1
.
TICK 33
FIELDS 9 5 10 10 6 10 13 15 9 2 15 9 6 12 10 13 12 12 1 7 5 11 13 13 3 9 6 15 2 11 2 6 15 5 9 10 6 9 3 14 5 4 10 9 14 15 6 10 3 3 5 6 6 10 15 14 14 13 15 9 5 7 10 11 5 5 10 6 9 1 7 15 12 15 12 14 7 8 2 13 14 10 10 15 4 14 9 14 15 7 14 9 8 5 6 5 12 1 9 9
DISPLAY 22 4 3
POSITION 0 9 9
POSITION 1 2 3
POSITION 2 6 8
POSITION 3 0 0
PLAYER 2
.
TICK 33
FIELDS 9 5 10 10 6 10 13 15 9 2 15 9 6 12 10 13 12 12 1 7 5 11 13 13 3 9 6 15 2 11 2 6 15 5 9 10 6 9 3 14 5 4 10 9 14 15 6 10 3 3 5 6 6 10 15 14 14 13 15 9 9 5 7 10 11 5 5 10 6 9 7 15 12 15 12 14 7 8 2 13 14 10 10 15 4 14 9 14 15 7 14 9 8 5 6 5 12 1 9 9
DISPLAY 22 4 3
POSITION 0 9 9
POSITION 1 2 3
POSITION 2 3 3
POSITION 3 0 0
PLAYER 3
.
TICK 34
FIELDS 9 5 10 10 6 10 13 15 9 2 15 9 6 12 10 13 12 12 1 7 5 11 13 13 3 9 6 15 2 11 2 6 15 5 9 10 6 9 3 14 5 4 10 9 14 15 6 10 3 3 5 6 6 10 15 14 14 13 15 9 5 7 10 11 5 5 10 6 9 5 7 15 12 15 12 14 7 8 2 13 14 10 10 15 4 14 9 14 15 7 14 9 8 5 6 5 12 1 9 9
DISPLAY 22 4 3
POSITION 0 9 9
POSITION 1 2 3
POSITION 2 3 3
POSITION 3 0 0
PLAYER 0
MESSAGE OK
TARGET 22
EXTRAFIELD 9
.
TICK 34
FIELDS 9 5 10 10 6 10 13 15 9 2 15 9 6 12 10 13 12 12 1 7 5 11 13 13 3 9 6 15 2 11 6 15 5 9 10 6 9 3 14 9 5 4 10 9 14 15 6 10 3 3 5 6 6 10 15 14 14 13 15 9 5 7 10 11 5 5 10 6 9 5 7 15 12 15 12 14 7 8 2 13 14 10 10 15 4 14 9 14 15 7 14 9 8 5 6 5 12 1 9 9
DISPLAY 22 3 3
POSITION 0 9 9
POSITION 1 1 3
POSITION 2 2 3
POSITION 3 0 0
PLAYER 1
.
TICK 34
FIELDS 9 5 10 10 6 10 13 15 9 2 15 9 6 12 10 13 12 12 1 7 5 11 13 13 3 9 6 15 2 11 6 15 5 9 10 6 9 3 14 9 5 4 10 9 14 15 6 10 3 3 5 6 6 10 15 14 14 13 15 9 5 7 10 11 5 5 10 6 9 5 7 15 12 15 12 14 7 8 2 13 10 10 15 4 14 9 14 15 7 12 14 9 8 5 6 5 12 1 9 9
DISPLAY 22 3 3
POSITION 0 9 9
POSITION 1 1 3
POSITION 2 2 3
POSITION 3 0 0
PLAYER 2
.
TICK 34
FIELDS 1 5 10 10 6 10 13 15 9 2 9 9 6 12 10 13 12 12 1 7 15 11 13 13 3 9 6 15 2 11 5 15 5 9 10 6 9 3 14 9 6 4 10 9 14 15 6 10 3 3 5 6 6 10 15 14 14 13 15 9 5 7 10 11 5 5 10 6 9 5 5 15 12 15 12 14 7 8 2 13 7 10 15 4 14 9 14 15 7 12 10 9 8 5 6 5 12 1 9 9
DISPLAY 22 3 3
POSITION 0 9 9
POSITION 1 1 3
POSITION 2 2 3
POSITION 3 0 1
PLAYER 3
.
TICK 35
FIELDS 1 5 10 10 6 10 13 15 9 2 9 9 6 12 10 13 12 12 1 7 15 11 13 13 3 9 6 15 2 11 5 15 5 9 10 6 9 3 14 9 6 4 10 9 14 15 6 10 3 3 5 6 6 10 15 14 14 13 15 9 9 5 7 10 11 5 5 10 6 9 5 15 12 15 12 14 7 8 2 13 7 10 15 4 14 9 14 15 7 12 10 9 8 5 6 5 12 1 9 9
DISPLAY 22 3 3
POSITION 0 9 9
POSITION 1 1 3
POSITION 2 2 3
POSITION 3 0 1
PLAYER 0
MESSAGE OK
TARGET 22
EXTRAFIELD 2
.
END 16
.
