MESSAGE OK
PLAYER 0
LEVEL 5
SIZE 13 11
DISPLAYS 25
MAXTICK 32
.
TICK 0
FIELDS 10 9 12 13 11 15 14 13 5 9 10 5 15 3 10 13 3 10 11 9 3 13 15 11 9 9 10 12 10 15 9 13 7 3 10 10 12 12 7 13 11 14 8 13 6 5 3 10 9 5 4 9 12 4 1 3 6 10 12 2 12 3 10 11 14 15 11 1 10 10 5 3 5 6 12 14 12 14 12 15 3 11 10 12 6 10 5 2 7 9 11 10 6 12 8 1 13 9 15 6 5 8 12 3 7 13 3 10 1 6 5 10 12 15 10 5 15 2 8 5 15 13 9 15 6 5 5 3 13 2 13 10 1 9 14 9 13 11 9 14 14 5 9
DISPLAY 0 9 8
DISPLAY 1 0 7
DISPLAY 2 8 8
DISPLAY 3 11 8
DISPLAY 4 0 10
DISPLAY 5 0 4
DISPLAY 6 1 7
DISPLAY 7 6 6
DISPLAY 8 12 1
DISPLAY 9 9 4
DISPLAY 10 7 9
DISPLAY 11 11 10
DISPLAY 12 7 7
DISPLAY 13 11 0
DISPLAY 14 0 3
DISPLAY 15 6 9
DISPLAY 16 3 1
DISPLAY 17 3 6
DISPLAY 18 0 5
DISPLAY 19 2 2
DISPLAY 20 2 7
DISPLAY 21 12 6
DISPLAY 22 4 0
DISPLAY 23 7 3
DISPLAY 24 9 3
POSITION 0 4 8
POSITION 1 8 4
POSITION 2 7 2
POSITION 3 1 0
PLAYER 0
MESSAGE OK
TARGET 24
EXTRAFIELD 15
.
TICK 0
FIELDS 10 9 12 13 11 15 14 13 5 9 10 5 15 3 10 13 3 10 11 9 3 13 15 11 9 9 10 12 10 15 9 13 7 3 10 10 12 12 7 13 11 14 8 13 6 5 3 10 9 5 4 9 12 4 1 3 6 10 12 2 12 3 10 11 14 15 11 1 10 10 5 3 5 6 12 14 12 14 12 15 3 11 10 12 6 10 5 2 7 9 11 10 6 12 8 1 13 9 15 6 5 8 12 3 15 7 13 3 10 1 6 5 10 12 15 10 5 2 8 5 15 13 9 15 6 5 5 3 13 2 13 10 1 9 14 9 13 11 9 14 14 5 9
DISPLAY 0 10 8
DISPLAY 1 0 7
DISPLAY 2 9 8
DISPLAY 3 12 8
DISPLAY 4 0 10
DISPLAY 5 0 4
DISPLAY 6 1 7
DISPLAY 7 6 6
DISPLAY 8 12 1
DISPLAY 9 9 4
DISPLAY 10 7 9
DISPLAY 11 11 10
DISPLAY 12 7 7
DISPLAY 13 11 0
DISPLAY 14 0 3
DISPLAY 15 6 9
DISPLAY 16 3 1
DISPLAY 17 3 6
DISPLAY 18 0 5
DISPLAY 19 2 2
DISPLAY 20 2 7
DISPLAY 21 12 6
DISPLAY 22 4 0
DISPLAY 23 7 3
DISPLAY 24 9 3
POSITION 0 8 7
POSITION 1 8 4
POSITION 2 7 2
POSITION 3 1 0
PLAYER 1
.
TICK 0
FIELDS 10 9 12 13 11 15 14 13 5 9 10 5 15 3 10 13 3 10 11 9 3 13 15 11 9 9 10 12 10 15 9 13 7 3 10 10 12 12 7 13 11 14 8 13 6 5 3 10 9 5 4 9 12 4 1 3 6 10 12 2 12 3 10 11 14 15 11 1 10 10 5 3 5 6 12 14 12 14 12 15 3 11 10 12 6 10 5 2 7 9 11 10 6 12 8 1 13 9 15 6 5 8 12 3 15 15 7 13 3 10 1 6 5 10 12 15 10 2 8 5 15 13 9 15 6 5 5 3 13 2 13 10 1 9 14 9 13 11 9 14 14 5 9
DISPLAY 0 11 8
DISPLAY 1 0 7
DISPLAY 2 10 8
DISPLAY 3 0 8
DISPLAY 4 0 10
DISPLAY 5 0 4
DISPLAY 6 1 7
DISPLAY 7 6 6
DISPLAY 8 12 1
DISPLAY 9 9 4
DISPLAY 10 7 9
DISPLAY 11 11 10
DISPLAY 12 7 7
DISPLAY 13 11 0
DISPLAY 14 0 3
DISPLAY 15 6 9
DISPLAY 16 3 1
DISPLAY 17 3 6
DISPLAY 18 0 5
DISPLAY 19 2 2
DISPLAY 20 2 7
DISPLAY 21 12 6
DISPLAY 22 4 0
DISPLAY 23 7 3
DISPLAY 24 9 3
POSITION 0 8 7
POSITION 1 8 4
POSITION 2 7 2
POSITION 3 1 0
PLAYER 2
.
TICK 0
FIELDS 10 9 12 13 11 15 15 13 5 9 10 5 15 3 10 13 3 10 11 14 3 13 15 11 9 9 10 12 10 15 9 13 9 3 10 10 12 12 7 13 11 14 8 13 6 7 3 10 9 5 4 9 12 4 1 3 6 10 5 2 12 3 10 11 14 15 11 1 10 10 5 12 5 6 12 14 12 14 12 15 3 11 10 12 3 10 5 2 7 9 11 10 6 12 8 1 13 6 15 6 5 8 12 3 15 15 7 13 3 10 9 6 5 10 12 15 10 2 8 5 15 13 9 1 6 5 5 3 13 2 13 10 1 9 14 9 15 11 9 14 14 5 9
DISPLAY 0 11 8
DISPLAY 1 0 7
DISPLAY 2 10 8
DISPLAY 3 0 8
DISPLAY 4 0 10
DISPLAY 5 0 4
DISPLAY 6 1 7
DISPLAY 7 6 7
DISPLAY 8 12 1
DISPLAY 9 9 4
DISPLAY 10 7 9
DISPLAY 11 11 10
DISPLAY 12 7 7
DISPLAY 13 11 0
DISPLAY 14 0 3
DISPLAY 15 6 10
DISPLAY 16 3 1
DISPLAY 17 3 6
DISPLAY 18 0 5
DISPLAY 19 2 2
DISPLAY 20 2 7
DISPLAY 21 12 6
DISPLAY 22 4 0
DISPLAY 23 7 3
DISPLAY 24 9 3
POSITION 0 8 7
POSITION 1 8 4
POSITION 2 2 1
POSITION 3 1 0
PLAYER 3
.
TICK 1
FIELDS 10 15 12 13 11 15 15 13 5 9 10 5 15 3 9 13 3 10 11 14 3 13 15 11 9 9 10 10 10 15 9 13 9 3 10 10 12 12 7 13 12 14 8 13 6 7 3 10 9 5 4 9 12 11 1 3 6 10 5 2 12 3 10 11 14 15 4 1 10 10 5 12 5 6 12 14 12 14 12 11 3 11 10 12 3 10 5 2 7 9 11 10 15 12 8 1 13 6 15 6 5 8 12 3 15 6 7 13 3 10 9 6 5 10 12 15 10 2 15 5 15 13 9 1 6 5 5 3 13 2 13 8 1 9 14 9 15 11 9 14 14 5 9
DISPLAY 0 11 8
DISPLAY 1 0 7
DISPLAY 2 10 8
DISPLAY 3 0 8
DISPLAY 4 0 10
DISPLAY 5 0 4
DISPLAY 6 1 8
DISPLAY 7 6 7
DISPLAY 8 12 1
DISPLAY 9 9 4
DISPLAY 10 7 9
DISPLAY 11 11 10
DISPLAY 12 7 7
DISPLAY 13 11 0
DISPLAY 14 0 3
DISPLAY 15 6 10
DISPLAY 16 3 1
DISPLAY 17 3 6
DISPLAY 18 0 5
DISPLAY 19 2 2
DISPLAY 20 2 7
DISPLAY 21 12 6
DISPLAY 22 4 0
DISPLAY 23 7 3
DISPLAY 24 9 3
POSITION 0 8 7
POSITION 1 8 4
POSITION 2 2 1
POSITION 3 1 1
PLAYER 0
MESSAGE OK
TARGET 24
EXTRAFIELD 15
.
TICK 1
FIELDS 10 15 12 13 11 15 15 13 5 15 10 5 15 3 9 13 3 10 11 14 3 13 10 11 9 9 10 10 10 15 9 13 9 3 10 9 12 12 7 13 12 14 8 13 6 7 3 10 3 5 4 9 12 11 1 3 6 10 5 2 12 12 10 11 14 15 4 1 10 10 5 12 5 6 2 14 12 14 12 11 3 11 10 12 3 10 5 5 7 9 11 10 15 12 8 1 13 6 15 6 10 8 12 3 15 6 7 13 3 10 9 6 5 5 12 15 10 2 15 5 15 13 9 1 6 5 14 3 13 2 13 8 1 9 14 9 15 11 9 15 14 5 9
DISPLAY 0 11 8
DISPLAY 1 0 7
DISPLAY 2 10 8
DISPLAY 3 0 8
DISPLAY 4 0 10
DISPLAY 5 0 4
DISPLAY 6 1 8
DISPLAY 7 6 7
DISPLAY 8 12 1
DISPLAY 9 9 3
DISPLAY 10 7 9
DISPLAY 11 11 10
DISPLAY 12 7 7
DISPLAY 13 11 0
DISPLAY 14 0 3
DISPLAY 15 6 10
DISPLAY 16 3 1
DISPLAY 17 3 6
DISPLAY 18 0 5
DISPLAY 19 2 2
DISPLAY 20 2 7
DISPLAY 21 12 6
DISPLAY 22 4 0
DISPLAY 23 7 3
DISPLAY 24 9 2
POSITION 0 9 10
POSITION 1 8 4
POSITION 2 2 1
POSITION 3 1 1
PLAYER 1
.
TICK 1
FIELDS 10 15 12 13 11 15 15 13 5 15 10 5 15 3 9 13 3 10 11 14 3 13 10 11 9 9 10 10 10 15 9 13 9 3 10 9 12 12 7 13 12 14 8 13 6 7 3 10 3 5 4 9 12 11 1 3 6 10 5 2 12 12 10 11 14 15 4 1 10 10 5 12 5 6 2 14 12 14 12 11 3 11 10 12 3 10 5 5 7 9 11 15 12 8 1 13 6 15 6 10 8 12 3 5 15 6 7 13 3 10 9 6 5 5 12 15 10 2 15 5 15 13 9 1 6 5 14 3 13 2 13 8 1 9 14 9 15 11 9 15 14 5 9
DISPLAY 0 11 8
DISPLAY 1 12 7
DISPLAY 2 10 8
DISPLAY 3 0 8
DISPLAY 4 0 10
DISPLAY 5 0 4
DISPLAY 6 1 8
DISPLAY 7 5 7
DISPLAY 8 12 1
DISPLAY 9 9 3
DISPLAY 10 7 9
DISPLAY 11 11 10
DISPLAY 12 6 7
DISPLAY 13 11 0
DISPLAY 14 0 3
DISPLAY 15 6 10
DISPLAY 16 3 1
DISPLAY 17 3 6
DISPLAY 18 0 5
DISPLAY 19 2 2
DISPLAY 20 1 7
DISPLAY 21 12 6
DISPLAY 22 4 0
DISPLAY 23 7 3
DISPLAY 24 9 2
POSITION 0 9 10
POSITION 1 8 4
POSITION 2 2 1
POSITION 3 1 1
PLAYER 2
.
TICK 1
FIELDS 10 15 12 13 11 15 15 13 5 15 10 5 15 13 3 9 13 3 10 11 14 3 13 10 11 9 10 10 10 15 9 13 9 3 10 9 12 12 7 13 12 14 8 13 6 7 3 10 3 5 4 9 12 11 1 3 6 10 5 2 12 12 10 11 14 15 4 1 10 10 5 12 5 6 2 14 12 14 12 11 3 11 10 12 3 10 5 5 7 9 11 15 12 8 1 13 6 15 6 10 8 12 3 5 15 6 7 13 3 10 9 6 5 5 12 15 10 2 15 5 15 13 9 1 6 5 14 3 13 2 13 8 1 9 14 9 15 11 9 15 14 5 9
DISPLAY 0 11 8
DISPLAY 1 12 7
DISPLAY 2 10 8
DISPLAY 3 0 8
DISPLAY 4 0 10
DISPLAY 5 0 4
DISPLAY 6 1 8
DISPLAY 7 5 7
DISPLAY 8 0 1
DISPLAY 9 9 3
DISPLAY 10 7 9
DISPLAY 11 11 10
DISPLAY 12 6 7
DISPLAY 13 11 0
DISPLAY 14 0 3
DISPLAY 15 6 10
DISPLAY 16 4 1
DISPLAY 17 3 6
DISPLAY 18 0 5
DISPLAY 19 2 2
DISPLAY 20 1 7
DISPLAY 21 12 6
DISPLAY 22 4 0
DISPLAY 23 7 3
DISPLAY 24 9 2
POSITION 0 9 10
POSITION 1 8 4
POSITION 2 0 2
POSITION 3 2 1
PLAYER 3
.
TICK 2
FIELDS 10 10 12 13 11 15 15 13 5 15 10 5 15 13 15 9 13 3 10 11 14 3 13 10 11 9 10 3 10 15 9 13 9 3 10 9 12 12 7 13 10 14 8 13 6 7 3 10 3 5 4 9 12 12 1 3 6 10 5 2 12 12 10 11 14 15 11 1 10 10 5 12 5 6 2 14 12 14 12 4 3 11 10 12 3 10 5 5 7 9 11 15 11 8 1 13 6 15 6 10 8 12 3 5 15 12 7 13 3 10 9 6 5 5 12 15 10 2 6 5 15 13 9 1 6 5 14 3 13 2 13 15 1 9 14 9 15 11 9 15 14 5 9
DISPLAY 0 11 8
DISPLAY 1 12 7
DISPLAY 2 10 8
DISPLAY 3 0 8
DISPLAY 4 0 10
DISPLAY 5 0 4
DISPLAY 6 1 9
DISPLAY 7 5 7
DISPLAY 8 0 1
DISPLAY 9 9 3
DISPLAY 10 7 9
DISPLAY 11 11 10
DISPLAY 12 6 7
DISPLAY 13 11 0
DISPLAY 14 0 3
DISPLAY 15 6 10
DISPLAY 16 4 1
DISPLAY 17 3 6
DISPLAY 18 0 5
DISPLAY 19 2 2
DISPLAY 20 1 8
DISPLAY 21 12 6
DISPLAY 22 4 0
DISPLAY 23 7 3
DISPLAY 24 9 2
POSITION 0 9 10
POSITION 1 8 4
POSITION 2 0 2
POSITION 3 2 1
PLAYER 0
MESSAGE OK
TARGET 24
EXTRAFIELD 9
.
TICK 2
FIELDS 10 10 12 13 11 15 15 13 5 12 10 5 15 13 15 9 13 3 10 11 14 3 15 10 11 9 10 3 10 15 9 13 9 3 10 13 12 12 7 13 10 14 8 13 6 7 3 10 9 5 4 9 12 12 1 3 6 10 5 2 12 3 10 11 14 15 11 1 10 10 5 12 5 6 12 14 12 14 12 4 3 11 10 12 3 10 5 2 7 9 11 15 11 8 1 13 6 15 6 10 5 12 3 5 15 12 7 13 3 10 9 6 5 8 12 15 10 2 6 5 15 13 9 1 6 5 5 3 13 2 13 15 1 9 14 9 15 11 9 14 14 5 9
DISPLAY 0 11 8
DISPLAY 1 12 7
DISPLAY 2 10 8
DISPLAY 3 0 8
DISPLAY 4 0 10
DISPLAY 5 0 4
DISPLAY 6 1 9
DISPLAY 7 5 7
DISPLAY 8 0 1
DISPLAY 9 9 4
DISPLAY 10 7 9
DISPLAY 11 11 10
DISPLAY 12 6 7
DISPLAY 13 11 0
DISPLAY 14 0 3
DISPLAY 15 6 10
DISPLAY 16 4 1
DISPLAY 17 3 6
DISPLAY 18 0 5
DISPLAY 19 2 2
DISPLAY 20 1 8
DISPLAY 21 12 6
DISPLAY 22 4 0
DISPLAY 23 7 3
POSITION 0 9 3
POSITION 1 8 4
POSITION 2 0 2
POSITION 3 2 1
PLAYER 1
.
TICK 2
FIELDS 10 10 12 13 11 15 15 13 3 12 10 5 15 13 15 9 13 3 10 11 14 10 15 10 11 9 10 3 10 15 9 13 9 3 10 13 12 12 7 13 10 14 8 13 6 7 3 12 9 5 4 9 12 12 1 3 6 10 5 2 6 3 10 11 14 15 11 1 10 10 5 12 5 5 12 14 12 14 12 4 3 11 10 12 3 10 10 2 7 9 11 15 11 8 1 13 6 15 6 5 5 12 3 5 15 12 7 13 3 10 9 6 5 8 12 15 10 2 6 5 15 13 9 1 6 9 5 3 13 2 13 15 1 9 14 9 15 11 10 14 14 5 9
DISPLAY 0 11 8
DISPLAY 1 12 7
DISPLAY 2 10 8
DISPLAY 3 0 8
DISPLAY 4 0 10
DISPLAY 5 0 4
DISPLAY 6 1 9
DISPLAY 7 5 7
DISPLAY 8 0 1
DISPLAY 9 9 4
DISPLAY 10 7 9
DISPLAY 11 11 10
DISPLAY 12 6 7
DISPLAY 13 11 0
DISPLAY 14 0 3
DISPLAY 15 6 10
DISPLAY 16 4 1
DISPLAY 17 3 6
DISPLAY 18 0 5
DISPLAY 19 2 2
DISPLAY 20 1 8
DISPLAY 21 12 6
DISPLAY 22 4 0
DISPLAY 23 7 3
POSITION 0 9 3
POSITION 1 8 3
POSITION 2 0 2
POSITION 3 2 1
PLAYER 2
.
TICK 2
FIELDS 10 9 12 13 11 15 15 13 3 12 10 5 15 13 10 9 13 3 10 11 14 10 15 10 11 9 10 15 10 15 9 13 9 3 10 13 12 12 7 13 3 14 8 13 6 7 3 12 9 5 4 9 12 10 1 3 6 10 5 2 6 3 10 11 14 15 12 1 10 10 5 12 5 5 12 14 12 14 12 11 3 11 10 12 3 10 10 2 7 9 11 15 4 8 1 13 6 15 6 5 5 12 3 5 15 11 7 13 3 10 9 6 5 8 12 15 10 2 12 5 15 13 9 1 6 9 5 3 13 2 13 6 1 9 14 9 15 11 10 14 14 5 9
DISPLAY 0 11 8
DISPLAY 1 12 7
DISPLAY 2 10 8
DISPLAY 3 0 8
DISPLAY 4 0 10
DISPLAY 5 0 4
DISPLAY 6 1 10
DISPLAY 7 5 7
DISPLAY 8 0 1
DISPLAY 9 9 4
DISPLAY 10 7 9
DISPLAY 11 11 10
DISPLAY 12 6 7
DISPLAY 13 11 0
DISPLAY 14 0 3
DISPLAY 15 6 10
DISPLAY 16 4 1
DISPLAY 17 3 6
DISPLAY 18 0 5
DISPLAY 19 2 2
DISPLAY 20 1 9
DISPLAY 21 12 6
DISPLAY 22 4 0
DISPLAY 23 7 3
POSITION 0 9 3
POSITION 1 8 3
POSITION 2 0 3
POSITION 3 2 1
PLAYER 3
.
TICK 3
FIELDS 10 10 12 13 11 15 15 13 3 12 10 5 15 13 15 9 13 3 10 11 14 10 15 10 11 9 10 3 10 15 9 13 9 3 10 13 12 12 7 13 10 14 8 13 6 7 3 12 9 5 4 9 12 12 1 3 6 10 5 2 6 3 10 11 14 15 11 1 10 10 5 12 5 5 12 14 12 14 12 4 3 11 10 12 3 10 10 2 7 9 11 15 11 8 1 13 6 15 6 5 5 12 3 5 15 12 7 13 3 10 9 6 5 8 12 15 10 2 6 5 15 13 9 1 6 9 5 3 13 2 13 8 1 9 14 9 15 11 10 14 14 5 9
DISPLAY 0 11 8
DISPLAY 1 12 7
DISPLAY 2 10 8
DISPLAY 3 0 8
DISPLAY 4 0 10
DISPLAY 5 0 4
DISPLAY 6 1 9
DISPLAY 7 5 7
DISPLAY 8 0 1
DISPLAY 9 9 4
DISPLAY 10 7 9
DISPLAY 11 11 10
DISPLAY 12 6 7
DISPLAY 13 11 0
DISPLAY 14 0 3
DISPLAY 15 6 10
DISPLAY 16 4 1
DISPLAY 17 3 6
DISPLAY 18 0 5
DISPLAY 19 2 2
DISPLAY 20 1 8
DISPLAY 21 12 6
DISPLAY 22 4 0
DISPLAY 23 7 3
POSITION 0 9 3
POSITION 1 8 3
POSITION 2 0 3
POSITION 3 2 1
PLAYER 0
MESSAGE OK
TARGET 11
EXTRAFIELD 15
.
TICK 3
FIELDS 10 10 12 13 11 15 15 13 3 12 10 15 15 13 15 9 13 3 10 11 14 10 15 10 5 9 10 3 10 15 9 13 9 3 10 13 12 11 7 13 10 14 8 13 6 7 3 12 9 5 12 9 12 12 1 3 6 10 5 2 6 3 10 4 14 15 11 1 10 10 5 12 5 5 12 14 11 14 12 4 3 11 10 12 3 10 10 2 7 12 11 15 11 8 1 13 6 15 6 5 5 12 9 5 15 12 7 13 3 10 9 6 5 8 12 3 10 2 6 5 15 13 9 1 6 9 5 3 15 2 13 8 1 9 14 9 15 11 10 14 14 13 9
DISPLAY 0 11 9
DISPLAY 1 12 7
DISPLAY 2 10 8
DISPLAY 3 0 8
DISPLAY 4 0 10
DISPLAY 5 0 4
DISPLAY 6 1 9
DISPLAY 7 5 7
DISPLAY 8 0 1
DISPLAY 9 9 4
DISPLAY 10 7 9
DISPLAY 12 6 7
DISPLAY 13 11 1
DISPLAY 14 0 3
DISPLAY 15 6 10
DISPLAY 16 4 1
DISPLAY 17 3 6
DISPLAY 18 0 5
DISPLAY 19 2 2
DISPLAY 20 1 8
DISPLAY 21 12 6
DISPLAY 22 4 0
DISPLAY 23 7 3
POSITION 0 11 0
POSITION 1 8 3
POSITION 2 0 3
POSITION 3 2 1
PLAYER 1
.
TICK 3
FIELDS 10 10 12 13 3 15 15 13 3 12 10 15 15 13 15 9 13 9 10 11 14 10 15 10 5 9 10 3 10 15 13 13 9 3 10 13 12 11 7 13 10 14 8 6 6 7 3 12 9 5 12 9 12 12 1 3 10 10 5 2 6 3 10 4 14 15 11 1 10 10 5 12 5 5 12 14 11 14 12 4 3 11 13 12 3 10 10 2 7 12 11 15 11 8 1 3 6 15 6 5 5 12 9 5 15 12 7 13 13 10 9 6 5 8 12 3 10 2 6 5 15 14 9 1 6 9 5 3 15 2 13 8 1 9 5 9 15 11 10 14 14 13 9
DISPLAY 0 11 9
DISPLAY 1 12 7
DISPLAY 2 10 8
DISPLAY 3 0 8
DISPLAY 4 0 10
DISPLAY 5 0 4
DISPLAY 6 1 9
DISPLAY 7 5 7
DISPLAY 8 0 1
DISPLAY 9 9 4
DISPLAY 10 7 9
DISPLAY 12 6 7
DISPLAY 13 11 1
DISPLAY 14 0 3
DISPLAY 15 6 10
DISPLAY 16 4 0
DISPLAY 17 3 6
DISPLAY 18 0 5
DISPLAY 19 2 2
DISPLAY 20 1 8
DISPLAY 21 12 6
DISPLAY 22 4 10
DISPLAY 23 7 3
POSITION 0 11 0
POSITION 1 8 3
POSITION 2 0 3
POSITION 3 2 1
PLAYER 2
.
TICK 3
FIELDS 10 10 12 13 3 15 15 13 3 12 10 15 15 13 15 9 13 9 10 11 14 10 15 10 5 9 10 3 10 15 13 13 9 3 10 13 12 11 7 13 10 14 8 6 6 7 3 12 9 5 12 9 15 12 12 1 3 10 10 5 2 6 3 10 4 15 11 1 10 10 5 12 5 5 12 14 11 14 12 4 3 11 13 12 3 10 10 2 7 12 11 15 11 8 1 3 6 15 6 5 5 12 9 5 15 12 7 13 13 10 9 6 5 8 12 3 10 2 6 5 15 14 9 1 6 9 5 3 15 2 13 8 1 9 5 9 15 11 10 14 14 13 9
DISPLAY 0 11 9
DISPLAY 1 12 7
DISPLAY 2 10 8
DISPLAY 3 0 8
DISPLAY 4 0 10
DISPLAY 6 1 9
DISPLAY 7 5 7
DISPLAY 8 0 1
DISPLAY 9 10 4
DISPLAY 10 7 9
DISPLAY 12 6 7
DISPLAY 13 11 1
DISPLAY 14 0 3
DISPLAY 15 6 10
DISPLAY 16 4 0
DISPLAY 17 3 6
DISPLAY 18 0 5
DISPLAY 19 2 2
DISPLAY 20 1 8
DISPLAY 21 12 6
DISPLAY 22 4 10
DISPLAY 23 7 3
POSITION 0 11 0
POSITION 1 8 3
POSITION 2 1 4
POSITION 3 2 1
PLAYER 3
.
TICK 4
FIELDS 10 15 12 13 3 15 15 13 3 12 10 15 15 13 3 9 13 9 10 11 14 10 15 10 5 9 10 10 10 15 13 13 9 3 10 13 12 11 7 13 12 14 8 6 6 7 3 12 9 5 12 9 15 11 12 1 3 10 10 5 2 6 3 10 4 15 4 1 10 10 5 12 5 5 12 14 11 14 12 11 3 11 13 12 3 10 10 2 7 12 11 15 12 8 1 3 6 15 6 5 5 12 9 5 15 6 7 13 13 10 9 6 5 8 12 3 10 2 8 5 15 14 9 1 6 9 5 3 15 2 13 9 1 9 5 9 15 11 10 14 14 13 9
DISPLAY 0 11 9
DISPLAY 1 12 7
DISPLAY 2 10 8
DISPLAY 3 0 8
DISPLAY 4 0 10
DISPLAY 6 1 8
DISPLAY 7 5 7
DISPLAY 8 0 1
DISPLAY 9 10 4
DISPLAY 10 7 9
DISPLAY 12 6 7
DISPLAY 13 11 1
DISPLAY 14 0 3
DISPLAY 15 6 10
DISPLAY 16 4 0
DISPLAY 17 3 6
DISPLAY 18 0 5
DISPLAY 19 2 2
DISPLAY 20 1 7
DISPLAY 21 12 6
DISPLAY 22 4 10
DISPLAY 23 7 3
POSITION 0 11 0
POSITION 1 8 3
POSITION 2 1 3
POSITION 3 2 1
PLAYER 0
MESSAGE OK
TARGET 22
EXTRAFIELD 5
.
TICK 4
FIELDS 10 15 12 13 10 15 15 13 3 12 10 15 15 13 3 9 13 3 10 11 14 10 15 10 5 9 10 10 10 15 9 13 9 3 10 13 12 11 7 13 12 14 8 13 6 7 3 12 9 5 12 9 15 11 12 1 6 10 10 5 2 6 3 10 4 15 4 1 10 3 5 12 5 5 12 14 11 14 12 11 3 11 10 12 3 10 10 2 7 12 11 15 12 8 1 13 6 15 6 5 5 12 9 5 15 6 7 13 3 10 9 6 5 8 12 3 10 2 8 5 15 13 9 1 6 9 5 3 15 2 13 9 1 9 14 9 15 11 10 14 14 13 9
DISPLAY 0 11 9
DISPLAY 1 12 7
DISPLAY 2 10 8
DISPLAY 3 0 8
DISPLAY 4 0 10
DISPLAY 6 1 8
DISPLAY 7 5 7
DISPLAY 8 0 1
DISPLAY 9 10 4
DISPLAY 10 7 9
DISPLAY 12 6 7
DISPLAY 13 11 1
DISPLAY 14 0 3
DISPLAY 15 6 10
DISPLAY 16 4 1
DISPLAY 17 3 6
DISPLAY 18 0 5
DISPLAY 19 2 2
DISPLAY 20 1 7
DISPLAY 21 12 6
DISPLAY 23 7 3
POSITION 0 4 0
POSITION 1 8 3
POSITION 2 1 3
POSITION 3 2 1
PLAYER 1
.
TICK 4
FIELDS 10 15 12 13 10 15 15 13 3 12 10 15 15 13 3 9 13 3 10 11 14 10 15 10 5 9 10 10 15 9 13 9 3 10 13 12 11 7 11 13 12 14 8 13 6 7 3 12 9 5 12 9 15 11 12 1 6 10 10 5 2 6 3 10 4 15 4 1 10 3 5 12 5 5 12 14 11 14 12 11 3 11 10 12 3 10 10 2 7 12 11 15 12 8 1 13 6 15 6 5 5 12 9 5 15 6 7 13 3 10 9 6 5 8 12 3 10 2 8 5 15 13 9 1 6 9 5 3 15 2 13 9 1 9 14 9 15 11 10 14 14 13 9
DISPLAY 0 11 9
DISPLAY 1 12 7
DISPLAY 2 10 8
DISPLAY 3 0 8
DISPLAY 4 0 10
DISPLAY 6 1 8
DISPLAY 7 5 7
DISPLAY 8 0 1
DISPLAY 9 10 4
DISPLAY 10 7 9
DISPLAY 12 6 7
DISPLAY 13 11 1
DISPLAY 14 0 3
DISPLAY 15 6 10
DISPLAY 16 4 1
DISPLAY 17 3 6
DISPLAY 18 0 5
DISPLAY 19 1 2
DISPLAY 20 1 7
DISPLAY 21 12 6
DISPLAY 23 7 3
POSITION 0 4 0
POSITION 1 8 3
POSITION 2 1 3
POSITION 3 2 1
PLAYER 2
.
TICK 4
FIELDS 10 15 12 13 10 15 15 13 3 12 10 15 15 13 3 9 13 3 10 11 14 10 15 10 5 9 14 10 10 15 9 13 9 3 10 13 12 11 7 13 12 14 8 13 6 7 3 12 9 5 12 9 15 11 12 1 6 10 10 5 2 6 3 10 4 15 4 1 10 3 5 12 5 5 12 14 11 14 12 11 3 11 10 12 3 10 10 2 7 12 11 15 12 8 1 13 6 15 6 5 5 12 9 5 15 6 7 13 3 10 9 6 5 8 12 3 10 2 8 5 15 13 9 1 6 9 5 3 15 2 13 9 1 9 14 9 15 11 10 14 14 13 9
DISPLAY 0 11 9
DISPLAY 1 12 7
DISPLAY 2 10 8
DISPLAY 3 0 8
DISPLAY 4 0 10
DISPLAY 6 1 8
DISPLAY 7 5 7
DISPLAY 8 0 1
DISPLAY 9 10 4
DISPLAY 10 7 9
DISPLAY 12 6 7
DISPLAY 13 11 1
DISPLAY 14 0 3
DISPLAY 15 6 10
DISPLAY 16 4 1
DISPLAY 17 3 6
DISPLAY 18 0 5
DISPLAY 19 2 2
DISPLAY 20 1 7
DISPLAY 21 12 6
DISPLAY 23 7 3
POSITION 0 4 0
POSITION 1 8 3
POSITION 2 7 2
POSITION 3 2 1
PLAYER 3
.
TICK 5
FIELDS 10 3 12 13 10 15 15 13 3 12 10 15 15 13 10 9 13 3 10 11 14 10 15 10 5 9 14 12 10 15 9 13 9 3 10 13 12 11 7 13 11 14 8 13 6 7 3 12 9 5 12 9 15 4 12 1 6 10 10 5 2 6 3 10 4 15 11 1 10 3 5 12 5 5 12 14 11 14 12 12 3 11 10 12 3 10 10 2 7 12 11 15 6 8 1 13 6 15 6 5 5 12 9 5 15 8 7 13 3 10 9 6 5 8 12 3 10 2 9 5 15 13 9 1 6 9 5 3 15 2 13 10 1 9 14 9 15 11 10 14 14 13 9
DISPLAY 0 11 9
DISPLAY 1 12 7
DISPLAY 2 10 8
DISPLAY 3 0 8
DISPLAY 4 0 10
DISPLAY 6 1 7
DISPLAY 7 5 7
DISPLAY 8 0 1
DISPLAY 9 10 4
DISPLAY 10 7 9
DISPLAY 12 6 7
DISPLAY 13 11 1
DISPLAY 14 0 3
DISPLAY 15 6 10
DISPLAY 16 4 1
DISPLAY 17 3 6
DISPLAY 18 0 5
DISPLAY 19 2 2
DISPLAY 20 1 6
DISPLAY 21 12 6
DISPLAY 23 7 3
POSITION 0 4 0
POSITION 1 8 3
POSITION 2 7 2
POSITION 3 2 1
PLAYER 0
MESSAGE OK
TARGET 19
EXTRAFIELD 5
.
TICK 5
FIELDS 10 3 12 13 10 15 15 13 3 12 10 15 15 13 10 9 13 3 10 11 14 10 15 10 5 9 14 12 10 15 9 13 9 3 10 13 12 11 7 13 11 14 8 13 6 7 3 12 9 5 12 9 15 4 12 1 6 10 10 5 2 6 3 10 4 15 11 1 10 3 5 12 5 5 12 14 11 14 5 12 12 3 11 10 12 3 10 10 2 7 12 15 6 8 1 13 6 15 6 5 5 12 9 5 15 8 7 13 3 10 9 6 5 8 12 3 10 2 9 5 15 13 9 1 6 9 5 3 15 2 13 10 1 9 14 9 15 11 10 14 14 13 9
DISPLAY 0 11 9
DISPLAY 1 12 7
DISPLAY 2 10 8
DISPLAY 3 0 8
DISPLAY 4 0 10
DISPLAY 6 1 7
DISPLAY 7 5 7
DISPLAY 8 0 1
DISPLAY 9 10 4
DISPLAY 10 7 9
DISPLAY 12 6 7
DISPLAY 13 11 1
DISPLAY 14 0 3
DISPLAY 15 6 10
DISPLAY 16 4 1
DISPLAY 17 4 6
DISPLAY 18 0 5
DISPLAY 20 2 6
DISPLAY 21 0 6
DISPLAY 23 7 3
POSITION 0 2 2
POSITION 1 8 3
POSITION 2 7 2
POSITION 3 2 1
PLAYER 1
.
TICK 5
FIELDS 10 3 12 13 10 15 10 13 3 12 10 15 15 13 10 9 13 3 10 15 14 10 15 10 5 9 14 12 10 15 9 13 11 3 10 13 12 11 7 13 11 14 8 13 6 9 3 12 9 5 12 9 15 4 12 1 6 10 7 5 2 6 3 10 4 15 11 1 10 3 5 10 5 5 12 14 11 14 5 12 12 3 11 10 12 3 10 10 2 7 12 15 6 8 1 13 6 12 6 5 5 12 9 5 15 8 7 13 3 10 15 6 5 8 12 3 10 2 9 5 15 13 9 9 6 9 5 3 15 2 13 10 1 9 14 9 1 11 10 14 14 13 9
DISPLAY 0 11 9
DISPLAY 1 12 7
DISPLAY 2 10 8
DISPLAY 3 0 8
DISPLAY 4 0 10
DISPLAY 6 1 7
DISPLAY 7 5 7
DISPLAY 8 0 1
DISPLAY 9 10 4
DISPLAY 10 7 9
DISPLAY 12 6 8
DISPLAY 13 11 1
DISPLAY 14 0 3
DISPLAY 15 6 0
DISPLAY 16 4 1
DISPLAY 17 4 6
DISPLAY 18 0 5
DISPLAY 20 2 6
DISPLAY 21 0 6
DISPLAY 23 7 3
POSITION 0 2 2
POSITION 1 8 3
POSITION 2 7 2
POSITION 3 2 1
PLAYER 2
.
TICK 5
FIELDS 10 3 12 13 10 15 11 13 3 12 10 15 15 13 10 9 13 3 10 10 14 10 15 10 5 9 14 12 10 15 9 13 15 3 10 13 12 11 7 13 11 14 8 13 6 11 3 12 9 5 12 9 15 4 12 1 6 10 9 5 2 6 3 10 4 15 11 1 10 3 5 7 5 5 12 14 11 14 5 12 12 3 11 10 10 3 10 10 2 7 12 15 6 8 1 13 6 12 6 5 5 12 9 5 15 8 7 13 3 10 12 6 5 8 12 3 10 2 9 5 15 13 9 15 6 9 5 3 15 2 13 10 1 9 14 9 9 11 10 14 14 13 9
DISPLAY 0 11 9
DISPLAY 1 12 7
DISPLAY 2 10 8
DISPLAY 3 0 8
DISPLAY 4 0 10
DISPLAY 6 1 7
DISPLAY 7 5 7
DISPLAY 8 0 1
DISPLAY 9 10 4
DISPLAY 10 7 9
DISPLAY 12 6 9
DISPLAY 13 11 1
DISPLAY 14 0 3
DISPLAY 15 6 1
DISPLAY 16 4 1
DISPLAY 17 4 6
DISPLAY 18 0 5
DISPLAY 20 2 6
DISPLAY 21 0 6
DISPLAY 23 7 3
POSITION 0 2 2
POSITION 1 8 3
POSITION 2 7 3
POSITION 3 2 1
PLAYER 3
.
TICK 6
FIELDS 10 10 12 13 10 15 11 13 3 12 10 15 15 13 12 9 13 3 10 10 14 10 15 10 5 9 14 11 10 15 9 13 15 3 10 13 12 11 7 13 4 14 8 13 6 11 3 12 9 5 12 9 15 11 12 1 6 10 9 5 2 6 3 10 4 15 12 1 10 3 5 7 5 5 12 14 11 14 5 6 12 3 11 10 10 3 10 10 2 7 12 15 8 8 1 13 6 12 6 5 5 12 9 5 15 9 7 13 3 10 12 6 5 8 12 3 10 2 10 5 15 13 9 15 6 9 5 3 15 2 13 15 1 9 14 9 9 11 10 14 14 13 9
DISPLAY 0 11 9
DISPLAY 1 12 7
DISPLAY 2 10 8
DISPLAY 3 0 8
DISPLAY 4 0 10
DISPLAY 6 1 6
DISPLAY 7 5 7
DISPLAY 8 0 1
DISPLAY 9 10 4
DISPLAY 10 7 9
DISPLAY 12 6 9
DISPLAY 13 11 1
DISPLAY 14 0 3
DISPLAY 15 6 1
DISPLAY 16 4 1
DISPLAY 17 4 6
DISPLAY 18 0 5
DISPLAY 20 2 6
DISPLAY 21 0 6
DISPLAY 23 7 3
POSITION 0 2 2
POSITION 1 8 3
POSITION 2 7 3
POSITION 3 2 1
PLAYER 0
MESSAGE OK
TARGET 2
EXTRAFIELD 11
.
TICK 6
FIELDS 10 10 12 13 11 15 11 13 3 12 10 15 15 13 12 9 13 10 10 10 14 10 15 10 5 9 14 11 10 15 3 13 15 3 10 13 12 11 7 13 4 14 8 9 6 11 3 12 9 5 12 9 15 11 12 1 13 10 9 5 2 6 3 10 4 15 12 1 10 6 5 7 5 5 12 14 11 14 5 6 12 3 3 10 10 3 10 10 2 7 12 15 8 8 1 11 6 12 6 5 5 12 9 5 15 9 7 13 13 10 12 6 5 8 12 3 10 2 10 5 15 3 9 15 6 9 5 3 15 2 13 15 1 9 13 9 9 11 10 14 14 13 9
DISPLAY 0 11 9
DISPLAY 1 12 7
DISPLAY 2 10 8
DISPLAY 3 0 8
DISPLAY 4 0 10
DISPLAY 6 1 6
DISPLAY 7 5 7
DISPLAY 8 0 1
DISPLAY 9 10 4
DISPLAY 10 7 9
DISPLAY 12 6 9
DISPLAY 13 11 1
DISPLAY 14 0 3
DISPLAY 15 6 1
DISPLAY 16 4 2
DISPLAY 17 4 7
DISPLAY 18 0 5
DISPLAY 20 2 6
DISPLAY 21 0 6
DISPLAY 23 7 3
POSITION 0 9 0
POSITION 1 8 3
POSITION 2 7 3
POSITION 3 2 1
PLAYER 1
.
TICK 6
FIELDS 10 10 12 13 11 15 11 13 3 12 10 15 15 13 12 9 13 10 10 10 14 10 15 10 5 9 14 11 10 15 3 13 15 3 10 13 12 11 7 13 4 14 8 9 6 11 3 12 9 5 12 9 15 11 12 1 13 10 9 5 2 6 3 10 4 15 12 1 10 6 5 7 5 5 12 14 11 14 5 6 12 3 3 10 10 3 10 10 2 7 12 15 8 8 1 11 6 12 6 5 5 12 9 5 15 15 9 7 13 13 10 12 6 5 8 12 3 2 10 5 15 3 9 15 6 9 5 3 15 2 13 15 1 9 13 9 9 11 10 14 14 13 9
DISPLAY 0 11 9
DISPLAY 1 12 7
DISPLAY 2 11 8
DISPLAY 3 1 8
DISPLAY 4 0 10
DISPLAY 6 1 6
DISPLAY 7 5 7
DISPLAY 8 0 1
DISPLAY 9 10 4
DISPLAY 10 7 9
DISPLAY 12 6 9
DISPLAY 13 11 1
DISPLAY 14 0 3
DISPLAY 15 6 1
DISPLAY 16 4 2
DISPLAY 17 4 7
DISPLAY 18 0 5
DISPLAY 20 2 6
DISPLAY 21 0 6
DISPLAY 23 7 3
POSITION 0 9 0
POSITION 1 8 3
POSITION 2 7 3
POSITION 3 2 1
PLAYER 2
.
TICK 6
FIELDS 10 10 12 13 11 15 11 13 3 12 10 15 15 13 12 9 13 10 10 10 14 10 15 10 5 9 14 11 10 15 3 13 15 3 10 13 12 11 7 13 4 14 8 9 6 11 3 12 9 5 12 9 15 11 12 1 13 10 9 5 2 6 3 10 4 15 12 1 10 6 5 7 5 5 12 14 11 14 5 6 12 3 3 10 10 3 10 10 2 7 12 15 8 8 1 11 6 12 6 5 5 12 9 5 15 15 9 7 13 13 10 12 6 5 8 12 3 10 5 15 3 9 15 6 9 5 3 15 2 1 13 15 1 9 13 9 9 11 10 14 14 13 9
DISPLAY 0 10 9
DISPLAY 1 12 7
DISPLAY 2 11 8
DISPLAY 3 1 8
DISPLAY 4 0 10
DISPLAY 6 1 6
DISPLAY 7 5 7
DISPLAY 8 0 1
DISPLAY 9 10 4
DISPLAY 10 6 9
DISPLAY 12 5 9
DISPLAY 13 11 1
DISPLAY 14 0 3
DISPLAY 15 6 1
DISPLAY 16 4 2
DISPLAY 17 4 7
DISPLAY 18 0 5
DISPLAY 20 2 6
DISPLAY 21 0 6
DISPLAY 23 7 3
POSITION 0 9 0
POSITION 1 8 3
POSITION 2 1 9
POSITION 3 2 1
PLAYER 3
.
TICK 7
FIELDS 10 3 12 13 11 15 11 13 3 12 10 15 15 13 10 9 13 10 10 10 14 10 15 10 5 9 14 12 10 15 3 13 15 3 10 13 12 11 7 13 11 14 8 9 6 11 3 12 9 5 12 9 15 4 12 1 13 10 9 5 2 6 3 10 4 15 11 1 10 6 5 7 5 5 12 14 11 14 5 12 12 3 3 10 10 3 10 10 2 7 12 15 6 8 1 11 6 12 6 5 5 12 9 5 15 8 9 7 13 13 10 12 6 5 8 12 3 10 15 15 3 9 15 6 9 5 3 15 2 1 13 5 1 9 13 9 9 11 10 14 14 13 9
DISPLAY 0 10 9
DISPLAY 1 12 7
DISPLAY 2 11 8
DISPLAY 3 1 9
DISPLAY 4 0 10
DISPLAY 6 1 7
DISPLAY 7 5 7
DISPLAY 8 0 1
DISPLAY 9 10 4
DISPLAY 10 6 9
DISPLAY 12 5 9
DISPLAY 13 11 1
DISPLAY 14 0 3
DISPLAY 15 6 1
DISPLAY 16 4 2
DISPLAY 17 4 7
DISPLAY 18 0 5
DISPLAY 20 2 6
DISPLAY 21 0 6
DISPLAY 23 7 3
POSITION 0 9 0
POSITION 1 8 3
POSITION 2 1 10
POSITION 3 2 1
PLAYER 0
MESSAGE OK
TARGET 2
EXTRAFIELD 14
.
TICK 7
FIELDS 14 3 12 13 11 15 11 13 3 12 10 15 15 10 10 9 13 10 10 10 14 10 15 10 5 9 13 12 10 15 3 13 15 3 10 13 12 11 7 14 11 14 8 9 6 11 3 12 9 5 12 9 13 4 12 1 13 10 9 5 2 6 3 10 4 15 11 1 10 6 5 7 5 5 12 14 11 14 15 12 12 3 3 10 10 3 10 10 2 7 12 5 6 8 1 11 6 12 6 5 5 12 9 5 15 8 9 7 13 13 10 12 6 5 8 12 3 15 15 15 3 9 15 6 9 5 3 15 2 1 10 5 1 9 13 9 9 11 10 14 14 13 9
DISPLAY 0 10 9
DISPLAY 1 12 7
DISPLAY 2 11 8
DISPLAY 3 1 9
DISPLAY 4 0 0
DISPLAY 6 1 7
DISPLAY 7 5 7
DISPLAY 8 0 2
DISPLAY 9 10 4
DISPLAY 10 6 9
DISPLAY 12 5 9
DISPLAY 13 11 1
DISPLAY 14 0 4
DISPLAY 15 6 1
DISPLAY 16 4 2
DISPLAY 17 4 7
DISPLAY 18 0 6
DISPLAY 20 2 6
DISPLAY 21 0 7
DISPLAY 23 7 3
POSITION 0 0 6
POSITION 1 8 3
POSITION 2 1 10
POSITION 3 2 1
PLAYER 1
.
TICK 7
FIELDS 14 3 12 13 11 15 11 13 3 12 10 15 15 10 10 9 13 10 10 10 14 10 15 10 5 9 13 12 10 15 3 13 15 3 10 13 12 11 7 14 11 14 8 9 6 11 3 12 9 5 12 9 13 4 12 1 13 10 9 5 2 6 3 10 4 15 11 1 10 6 5 7 5 5 12 14 11 14 15 12 12 3 3 10 10 3 10 10 2 7 12 10 5 6 8 1 11 6 12 6 5 5 12 9 15 8 9 7 13 13 10 12 6 5 8 12 3 15 15 15 3 9 15 6 9 5 3 15 2 1 10 5 1 9 13 9 9 11 10 14 14 13 9
DISPLAY 0 10 9
DISPLAY 1 0 7
DISPLAY 2 11 8
DISPLAY 3 1 9
DISPLAY 4 0 0
DISPLAY 6 2 7
DISPLAY 7 6 7
DISPLAY 8 0 2
DISPLAY 9 10 4
DISPLAY 10 6 9
DISPLAY 12 5 9
DISPLAY 13 11 1
DISPLAY 14 0 4
DISPLAY 15 6 1
DISPLAY 16 4 2
DISPLAY 17 5 7
DISPLAY 18 0 6
DISPLAY 20 2 6
DISPLAY 21 1 7
DISPLAY 23 7 3
POSITION 0 0 6
POSITION 1 8 3
POSITION 2 1 10
POSITION 3 2 1
PLAYER 2
.
TICK 7
FIELDS 2 3 12 13 11 15 11 13 3 12 10 15 15 14 10 9 13 10 10 10 14 10 15 10 5 9 10 12 10 15 3 13 15 3 10 13 12 11 7 13 11 14 8 9 6 11 3 12 9 5 12 9 14 4 12 1 13 10 9 5 2 6 3 10 4 13 11 1 10 6 5 7 5 5 12 14 11 14 15 12 12 3 3 10 10 3 10 10 2 7 12 15 5 6 8 1 11 6 12 6 5 5 12 9 10 8 9 7 13 13 10 12 6 5 8 12 3 15 15 15 3 9 15 6 9 5 3 15 2 1 15 5 1 9 13 9 9 11 10 14 14 13 9
DISPLAY 0 10 9
DISPLAY 1 0 8
DISPLAY 2 11 8
DISPLAY 3 1 9
DISPLAY 4 0 1
DISPLAY 6 2 7
DISPLAY 7 6 7
DISPLAY 8 0 3
DISPLAY 9 10 4
DISPLAY 10 6 9
DISPLAY 12 5 9
DISPLAY 13 11 1
DISPLAY 14 0 5
DISPLAY 15 6 1
DISPLAY 16 4 2
DISPLAY 17 5 7
DISPLAY 18 0 7
DISPLAY 20 2 6
DISPLAY 21 1 7
DISPLAY 23 7 3
POSITION 0 0 7
POSITION 1 8 3
POSITION 2 3 9
POSITION 3 2 1
PLAYER 3
.
TICK 8
FIELDS 2 15 12 13 11 15 11 13 3 12 10 15 15 14 3 9 13 10 10 10 14 10 15 10 5 9 10 10 10 15 3 13 15 3 10 13 12 11 7 13 12 14 8 9 6 11 3 12 9 5 12 9 14 11 12 1 13 10 9 5 2 6 3 10 4 13 4 1 10 6 5 7 5 5 12 14 11 14 15 11 12 3 3 10 10 3 10 10 2 7 12 15 12 6 8 1 11 6 12 6 5 5 12 9 10 5 9 7 13 13 10 12 6 5 8 12 3 15 8 15 3 9 15 6 9 5 3 15 2 1 15 15 1 9 13 9 9 11 10 14 14 13 9
DISPLAY 0 10 9
DISPLAY 1 0 8
DISPLAY 2 11 8
DISPLAY 3 1 10
DISPLAY 4 0 1
DISPLAY 6 2 7
DISPLAY 7 6 7
DISPLAY 8 0 3
DISPLAY 9 10 4
DISPLAY 10 6 9
DISPLAY 12 5 9
DISPLAY 13 11 1
DISPLAY 14 0 5
DISPLAY 15 6 1
DISPLAY 16 4 2
DISPLAY 17 5 7
DISPLAY 18 0 7
DISPLAY 20 2 6
DISPLAY 21 1 8
DISPLAY 23 7 3
POSITION 0 0 7
POSITION 1 8 3
POSITION 2 3 9
POSITION 3 2 1
PLAYER 0
MESSAGE OK
TARGET 2
EXTRAFIELD 13
.
TICK 8
FIELDS 2 15 12 13 11 15 11 13 3 12 10 15 15 14 3 9 13 10 10 10 14 10 15 10 5 9 10 10 10 15 3 13 15 3 10 13 12 11 7 13 12 14 8 9 6 11 3 12 9 5 12 9 14 11 12 1 13 10 9 5 2 6 3 10 4 13 4 1 10 6 5 7 5 5 12 14 11 14 15 11 12 3 3 10 10 3 10 10 2 7 12 12 6 8 1 11 6 12 6 5 5 12 9 7 10 5 9 7 13 13 10 12 6 5 8 12 3 15 8 15 3 9 15 6 9 5 3 15 2 1 15 15 1 9 13 9 9 11 10 14 14 13 9
DISPLAY 0 10 9
DISPLAY 1 0 8
DISPLAY 3 1 10
DISPLAY 4 0 1
DISPLAY 6 1 7
DISPLAY 7 5 7
DISPLAY 8 0 3
DISPLAY 9 10 4
DISPLAY 10 6 9
DISPLAY 12 5 9
DISPLAY 13 11 1
DISPLAY 14 0 5
DISPLAY 15 6 1
DISPLAY 16 4 2
DISPLAY 17 4 7
DISPLAY 18 12 7
DISPLAY 20 2 6
DISPLAY 21 1 8
DISPLAY 23 7 3
POSITION 0 11 8
POSITION 1 8 3
POSITION 2 3 9
POSITION 3 2 1
PLAYER 1
.
TICK 8
FIELDS 2 15 12 13 11 15 11 13 3 12 10 15 15 14 3 9 13 10 10 10 14 10 15 10 5 9 10 10 10 15 3 13 15 3 10 13 12 11 7 13 12 14 8 9 6 11 3 12 9 5 12 9 14 11 12 1 13 10 9 5 2 6 3 10 4 13 4 1 10 6 5 7 5 5 12 14 11 14 15 11 12 3 3 10 10 3 10 10 2 7 12 12 6 8 1 11 6 12 6 5 5 12 9 7 10 5 9 7 13 13 10 12 6 5 8 12 3 15 8 15 3 9 15 6 9 5 3 15 2 1 15 1 9 13 9 9 11 10 14 14 13 9 5
DISPLAY 0 10 9
DISPLAY 1 0 8
DISPLAY 3 0 10
DISPLAY 4 0 1
DISPLAY 6 1 7
DISPLAY 7 5 7
DISPLAY 8 0 3
DISPLAY 9 10 4
DISPLAY 10 6 9
DISPLAY 12 5 9
DISPLAY 13 11 1
DISPLAY 14 0 5
DISPLAY 15 6 1
DISPLAY 16 4 2
DISPLAY 17 4 7
DISPLAY 18 12 7
DISPLAY 20 2 6
DISPLAY 21 1 8
DISPLAY 23 7 3
POSITION 0 11 8
POSITION 1 8 3
POSITION 2 3 9
POSITION 3 2 1
PLAYER 2
.
TICK 8
FIELDS 10 15 12 13 11 15 11 13 3 12 10 15 15 2 3 9 13 10 10 10 14 10 15 10 5 9 14 10 10 15 3 13 15 3 10 13 12 11 7 10 12 14 8 9 6 11 3 12 9 5 12 9 13 11 12 1 13 10 9 5 2 6 3 10 4 14 4 1 10 6 5 7 5 5 12 14 11 14 13 11 12 3 3 10 10 3 10 10 2 7 12 15 6 8 1 11 6 12 6 5 5 12 9 7 12 5 9 7 13 13 10 12 6 5 8 12 3 10 8 15 3 9 15 6 9 5 3 15 2 1 15 1 9 13 9 9 11 10 14 14 13 9 5
DISPLAY 0 10 9
DISPLAY 1 0 9
DISPLAY 3 0 0
DISPLAY 4 0 2
DISPLAY 6 1 7
DISPLAY 7 5 7
DISPLAY 8 0 4
DISPLAY 9 10 4
DISPLAY 10 6 9
DISPLAY 12 5 9
DISPLAY 13 11 1
DISPLAY 14 0 6
DISPLAY 15 6 1
DISPLAY 16 4 2
DISPLAY 17 4 7
DISPLAY 18 12 7
DISPLAY 20 2 6
DISPLAY 21 1 8
DISPLAY 23 7 3
POSITION 0 11 8
POSITION 1 8 3
POSITION 2 3 9
POSITION 3 2 1
PLAYER 3
.
TICK 9
FIELDS 10 5 12 13 11 15 11 13 3 12 10 15 15 2 15 9 13 10 10 10 14 10 15 10 5 9 14 3 10 15 3 13 15 3 10 13 12 11 7 10 10 14 8 9 6 11 3 12 9 5 12 9 13 12 12 1 13 10 9 5 2 6 3 10 4 14 11 1 10 6 5 7 5 5 12 14 11 14 13 4 12 3 3 10 10 3 10 10 2 7 12 15 11 8 1 11 6 12 6 5 5 12 9 7 12 6 9 7 13 13 10 12 6 5 8 12 3 10 5 15 3 9 15 6 9 5 3 15 2 1 15 8 9 13 9 9 11 10 14 14 13 9 5
DISPLAY 0 10 9
DISPLAY 1 0 9
DISPLAY 3 0 0
DISPLAY 4 0 2
DISPLAY 6 1 8
DISPLAY 7 5 7
DISPLAY 8 0 4
DISPLAY 9 10 4
DISPLAY 10 6 9
DISPLAY 12 5 9
DISPLAY 13 11 1
DISPLAY 14 0 6
DISPLAY 15 6 1
DISPLAY 16 4 2
DISPLAY 17 4 7
DISPLAY 18 12 7
DISPLAY 20 2 6
DISPLAY 21 1 9
DISPLAY 23 7 3
POSITION 0 11 8
POSITION 1 8 3
POSITION 2 3 9
POSITION 3 2 1
PLAYER 0
MESSAGE OK
TARGET 1
EXTRAFIELD 15
.
TICK 9
FIELDS 2 5 12 13 11 15 11 13 3 12 10 15 15 14 15 9 13 10 10 10 14 10 15 10 5 9 10 3 10 15 3 13 15 3 10 13 12 11 7 13 10 14 8 9 6 11 3 12 9 5 12 9 14 12 12 1 13 10 9 5 2 6 3 10 4 13 11 1 10 6 5 7 5 5 12 14 11 14 15 4 12 3 3 10 10 3 10 10 2 7 12 12 11 8 1 11 6 12 6 5 5 12 9 7 10 6 9 7 13 13 10 12 6 5 8 12 3 15 5 15 3 9 15 6 9 5 3 15 2 1 15 8 9 13 9 9 11 10 14 14 13 9 5
DISPLAY 0 10 9
DISPLAY 1 0 8
DISPLAY 3 0 10
DISPLAY 4 0 1
DISPLAY 6 1 8
DISPLAY 7 5 7
DISPLAY 8 0 3
DISPLAY 9 10 4
DISPLAY 10 6 9
DISPLAY 12 5 9
DISPLAY 13 11 1
DISPLAY 14 0 5
DISPLAY 15 6 1
DISPLAY 16 4 2
DISPLAY 17 4 7
DISPLAY 18 12 7
DISPLAY 20 2 6
DISPLAY 21 1 9
DISPLAY 23 7 3
POSITION 0 12 8
POSITION 1 8 3
POSITION 2 3 9
POSITION 3 2 1
PLAYER 1
.
TICK 9
FIELDS 2 5 12 13 11 15 11 13 3 12 10 15 15 14 15 9 15 10 10 10 14 10 15 10 5 9 10 3 10 8 3 13 15 3 10 13 12 11 7 13 10 14 1 9 6 11 3 12 9 5 12 9 14 12 12 10 13 10 9 5 2 6 3 10 4 13 11 1 3 6 5 7 5 5 12 14 11 14 15 4 12 1 3 10 10 3 10 10 2 7 12 12 11 8 7 11 6 12 6 5 5 12 9 7 10 6 9 3 13 13 10 12 6 5 8 12 3 15 5 15 13 9 15 6 9 5 3 15 2 1 15 8 9 15 9 9 11 10 14 14 13 9 5
DISPLAY 0 10 9
DISPLAY 1 0 8
DISPLAY 3 0 10
DISPLAY 4 0 1
DISPLAY 6 1 8
DISPLAY 7 5 7
DISPLAY 8 0 3
DISPLAY 9 10 4
DISPLAY 10 6 9
DISPLAY 12 5 9
DISPLAY 13 11 1
DISPLAY 14 0 5
DISPLAY 15 6 1
DISPLAY 16 4 2
DISPLAY 17 4 7
DISPLAY 18 12 7
DISPLAY 20 2 6
DISPLAY 21 1 9
DISPLAY 23 7 3
POSITION 0 12 8
POSITION 1 8 3
POSITION 2 3 8
POSITION 3 2 1
PLAYER 2
.
TICK 9
FIELDS 2 5 12 15 11 15 11 13 3 12 10 15 15 14 15 9 13 10 10 10 14 10 15 10 5 9 10 3 10 15 3 13 15 3 10 13 12 11 7 13 10 14 8 9 6 11 3 12 9 5 12 9 14 12 12 1 13 10 9 5 2 6 3 10 4 13 11 1 10 6 5 7 5 5 12 14 11 14 15 4 12 3 3 10 10 3 10 10 2 7 12 12 11 8 1 11 6 12 6 5 5 12 9 7 10 6 9 7 13 13 10 12 6 5 8 12 3 15 5 15 3 9 15 6 9 5 3 15 2 1 15 8 9 13 9 9 11 10 14 14 13 9 5
DISPLAY 0 10 9
DISPLAY 1 0 8
DISPLAY 3 0 10
DISPLAY 4 0 1
DISPLAY 6 1 8
DISPLAY 7 5 7
DISPLAY 8 0 3
DISPLAY 9 10 4
DISPLAY 10 6 9
DISPLAY 12 5 9
DISPLAY 13 11 1
DISPLAY 14 0 5
DISPLAY 15 6 1
DISPLAY 16 4 2
DISPLAY 17 4 7
DISPLAY 18 12 7
DISPLAY 20 2 6
DISPLAY 21 1 9
DISPLAY 23 7 3
POSITION 0 12 8
POSITION 1 8 3
POSITION 2 3 9
POSITION 3 2 1
PLAYER 3
.
TICK 10
FIELDS 2 1 12 15 11 15 11 13 3 12 10 15 15 14 5 9 13 10 10 10 14 10 15 10 5 9 10 15 10 15 3 13 15 3 10 13 12 11 7 13 3 14 8 9 6 11 3 12 9 5 12 9 14 10 12 1 13 10 9 5 2 6 3 10 4 13 12 1 10 6 5 7 5 5 12 14 11 14 15 11 12 3 3 10 10 3 10 10 2 7 12 12 4 8 1 11 6 12 6 5 5 12 9 7 10 11 9 7 13 13 10 12 6 5 8 12 3 15 6 15 3 9 15 6 9 5 3 15 2 1 15 5 9 13 9 9 11 10 14 14 13 9 5
DISPLAY 0 10 9
DISPLAY 1 0 8
DISPLAY 3 0 10
DISPLAY 4 0 1
DISPLAY 6 1 9
DISPLAY 7 5 7
DISPLAY 8 0 3
DISPLAY 9 10 4
DISPLAY 10 6 9
DISPLAY 12 5 9
DISPLAY 13 11 1
DISPLAY 14 0 5
DISPLAY 15 6 1
DISPLAY 16 4 2
DISPLAY 17 4 7
DISPLAY 18 12 7
DISPLAY 20 2 6
DISPLAY 21 1 10
DISPLAY 23 7 3
POSITION 0 12 8
POSITION 1 8 3
POSITION 2 3 9
POSITION 3 2 1
PLAYER 0
MESSAGE OK
TARGET 1
EXTRAFIELD 10
.
TICK 10
FIELDS 2 1 12 15 11 15 11 13 3 12 10 15 15 14 5 9 13 10 10 10 14 10 15 10 5 9 10 15 10 15 3 13 15 3 10 13 12 11 7 13 3 14 8 9 6 11 3 12 9 5 12 9 14 10 12 1 13 10 9 5 2 6 3 10 4 13 12 1 10 6 5 7 5 5 12 14 11 14 15 11 12 3 3 10 10 3 10 10 2 7 12 12 4 8 1 11 6 12 6 5 5 12 9 7 10 10 11 9 7 13 13 10 12 6 5 8 12 15 6 15 3 9 15 6 9 5 3 15 2 1 15 5 9 13 9 9 11 10 14 14 13 9 5
DISPLAY 0 10 9
DISPLAY 3 0 10
DISPLAY 4 0 1
DISPLAY 6 1 9
DISPLAY 7 5 7
DISPLAY 8 0 3
DISPLAY 9 10 4
DISPLAY 10 6 9
DISPLAY 12 5 9
DISPLAY 13 11 1
DISPLAY 14 0 5
DISPLAY 15 6 1
DISPLAY 16 4 2
DISPLAY 17 4 7
DISPLAY 18 12 7
DISPLAY 20 2 6
DISPLAY 21 1 10
DISPLAY 23 7 3
POSITION 0 1 8
POSITION 1 8 3
POSITION 2 3 9
POSITION 3 2 1
PLAYER 1
.
TICK 10
FIELDS 2 1 12 15 11 15 11 13 3 12 10 15 15 14 5 9 13 10 10 10 14 10 15 10 5 9 10 15 10 15 3 13 15 3 10 13 12 11 7 13 3 14 8 9 6 11 3 12 9 5 12 9 14 10 12 1 13 10 9 5 2 6 3 10 4 13 12 1 10 6 5 7 5 5 12 14 11 14 15 11 12 3 3 10 10 3 10 10 2 7 12 12 4 8 1 11 6 12 6 5 5 12 9 7 10 10 11 9 7 13 13 10 12 6 5 8 12 15 6 15 3 9 15 6 9 5 3 15 2 1 13 15 5 9 13 9 9 11 10 14 14 13 9
DISPLAY 0 10 9
DISPLAY 3 1 10
DISPLAY 4 0 1
DISPLAY 6 1 9
DISPLAY 7 5 7
DISPLAY 8 0 3
DISPLAY 9 10 4
DISPLAY 10 6 9
DISPLAY 12 5 9
DISPLAY 13 11 1
DISPLAY 14 0 5
DISPLAY 15 6 1
DISPLAY 16 4 2
DISPLAY 17 4 7
DISPLAY 18 12 7
DISPLAY 20 2 6
DISPLAY 21 2 10
DISPLAY 23 7 3
POSITION 0 1 8
POSITION 1 8 3
POSITION 2 3 9
POSITION 3 2 1
PLAYER 2
.
TICK 10
FIELDS 15 1 12 15 11 15 11 13 3 12 10 15 15 2 5 9 13 10 10 10 14 10 15 10 5 9 14 15 10 15 3 13 15 3 10 13 12 11 7 10 3 14 8 9 6 11 3 12 9 5 12 9 13 10 12 1 13 10 9 5 2 6 3 10 4 14 12 1 10 6 5 7 5 5 12 14 11 14 13 11 12 3 3 10 10 3 10 10 2 7 12 15 4 8 1 11 6 12 6 5 5 12 9 7 12 10 11 9 7 13 13 10 12 6 5 8 12 10 6 15 3 9 15 6 9 5 3 15 2 1 15 15 5 9 13 9 9 11 10 14 14 13 9
DISPLAY 0 10 9
DISPLAY 3 1 10
DISPLAY 4 0 2
DISPLAY 6 1 9
DISPLAY 7 5 7
DISPLAY 8 0 4
DISPLAY 9 10 4
DISPLAY 10 6 9
DISPLAY 12 5 9
DISPLAY 13 11 1
DISPLAY 14 0 6
DISPLAY 15 6 1
DISPLAY 16 4 2
DISPLAY 17 4 7
DISPLAY 18 12 7
DISPLAY 20 2 6
DISPLAY 21 2 10
DISPLAY 23 7 3
POSITION 0 1 8
POSITION 1 8 3
POSITION 2 3 9
POSITION 3 2 1
PLAYER 3
.
TICK 11
FIELDS 15 8 12 15 11 15 11 13 3 12 10 15 15 2 1 9 13 10 10 10 14 10 15 10 5 9 14 5 10 15 3 13 15 3 10 13 12 11 7 10 15 14 8 9 6 11 3 12 9 5 12 9 13 3 12 1 13 10 9 5 2 6 3 10 4 14 10 1 10 6 5 7 5 5 12 14 11 14 13 12 12 3 3 10 10 3 10 10 2 7 12 15 11 8 1 11 6 12 6 5 5 12 9 7 12 4 11 9 7 13 13 10 12 6 5 8 12 10 10 15 3 9 15 6 9 5 3 15 2 1 15 6 5 9 13 9 9 11 10 14 14 13 9
DISPLAY 0 10 9
DISPLAY 3 1 0
DISPLAY 4 0 2
DISPLAY 6 1 10
DISPLAY 7 5 7
DISPLAY 8 0 4
DISPLAY 9 10 4
DISPLAY 10 6 9
DISPLAY 12 5 9
DISPLAY 13 11 1
DISPLAY 14 0 6
DISPLAY 15 6 1
DISPLAY 16 4 2
DISPLAY 17 4 7
DISPLAY 18 12 7
DISPLAY 20 2 6
DISPLAY 21 2 10
DISPLAY 23 7 3
POSITION 0 1 9
POSITION 1 8 3
POSITION 2 3 9
POSITION 3 2 1
PLAYER 0
MESSAGE OK
TARGET 6
EXTRAFIELD 3
.
TICK 11
FIELDS 2 8 12 15 11 15 11 13 3 12 10 15 15 14 1 9 13 10 10 10 14 10 15 10 5 9 10 5 10 15 3 13 15 3 10 13 12 11 7 13 15 14 8 9 6 11 3 12 9 5 12 9 14 3 12 1 13 10 9 5 2 6 3 10 4 13 10 1 10 6 5 7 5 5 12 14 11 14 15 12 12 3 3 10 10 3 10 10 2 7 12 12 11 8 1 11 6 12 6 5 5 12 9 7 10 4 11 9 7 13 13 10 12 6 5 8 12 15 10 15 3 9 15 6 9 5 3 15 2 1 9 6 5 9 13 9 9 11 10 14 14 13 9
DISPLAY 0 10 9
DISPLAY 3 1 0
DISPLAY 4 0 1
DISPLAY 7 5 7
DISPLAY 8 0 3
DISPLAY 9 10 4
DISPLAY 10 6 9
DISPLAY 12 5 9
DISPLAY 13 11 1
DISPLAY 14 0 5
DISPLAY 15 6 1
DISPLAY 16 4 2
DISPLAY 17 4 7
DISPLAY 18 12 7
DISPLAY 20 2 6
DISPLAY 21 2 10
DISPLAY 23 7 3
POSITION 0 1 10
POSITION 1 8 3
POSITION 2 3 9
POSITION 3 2 1
PLAYER 1
.
TICK 11
FIELDS 2 8 12 15 11 15 11 13 3 12 10 15 15 14 1 9 13 10 10 10 14 10 15 10 5 9 10 5 10 15 3 13 15 3 10 13 12 11 7 5 13 15 14 8 9 6 11 3 12 9 5 12 14 3 12 1 13 10 9 5 2 6 3 10 4 13 10 1 10 6 5 7 5 5 12 14 11 14 15 12 12 3 3 10 10 3 10 10 2 7 12 12 11 8 1 11 6 12 6 5 5 12 9 7 10 4 11 9 7 13 13 10 12 6 5 8 12 15 10 15 3 9 15 6 9 5 3 15 2 1 9 6 5 9 13 9 9 11 10 14 14 13 9
DISPLAY 0 10 9
DISPLAY 3 1 0
DISPLAY 4 0 1
DISPLAY 7 5 7
DISPLAY 8 1 3
DISPLAY 9 10 4
DISPLAY 10 6 9
DISPLAY 12 5 9
DISPLAY 13 11 1
DISPLAY 14 0 5
DISPLAY 15 6 1
DISPLAY 16 4 2
DISPLAY 17 4 7
DISPLAY 18 12 7
DISPLAY 20 2 6
DISPLAY 21 2 10
DISPLAY 23 8 3
POSITION 0 1 10
POSITION 1 9 3
POSITION 2 3 9
POSITION 3 2 1
PLAYER 2
.
TICK 11
FIELDS 13 8 12 15 11 15 11 13 3 12 10 15 15 2 1 9 13 10 10 10 14 10 15 10 5 9 14 5 10 15 3 13 15 3 10 13 12 11 7 10 13 15 14 8 9 6 11 3 12 9 5 12 5 3 12 1 13 10 9 5 2 6 3 10 4 14 10 1 10 6 5 7 5 5 12 14 11 14 13 12 12 3 3 10 10 3 10 10 2 7 12 15 11 8 1 11 6 12 6 5 5 12 9 7 12 4 11 9 7 13 13 10 12 6 5 8 12 10 10 15 3 9 15 6 9 5 3 15 2 1 15 6 5 9 13 9 9 11 10 14 14 13 9
DISPLAY 0 10 9
DISPLAY 3 1 0
DISPLAY 4 0 2
DISPLAY 7 5 7
DISPLAY 8 1 3
DISPLAY 9 10 4
DISPLAY 10 6 9
DISPLAY 12 5 9
DISPLAY 13 11 1
DISPLAY 14 0 6
DISPLAY 15 6 1
DISPLAY 16 4 2
DISPLAY 17 4 7
DISPLAY 18 12 7
DISPLAY 20 2 6
DISPLAY 21 2 10
DISPLAY 23 8 3
POSITION 0 1 10
POSITION 1 9 3
POSITION 2 3 9
POSITION 3 2 1
PLAYER 3
.
TICK 12
FIELDS 13 1 12 15 11 15 11 13 3 12 10 15 15 2 5 9 13 10 10 10 14 10 15 10 5 9 14 13 10 15 3 13 15 3 10 13 12 11 7 10 3 15 14 8 9 6 11 3 12 9 5 12 5 10 12 1 13 10 9 5 2 6 3 10 4 14 12 1 10 6 5 7 5 5 12 14 11 14 13 11 12 3 3 10 10 3 10 10 2 7 12 15 4 8 1 11 6 12 6 5 5 12 9 7 12 10 11 9 7 13 13 10 12 6 5 8 12 10 6 15 3 9 15 6 9 5 3 15 2 1 15 15 5 9 13 9 9 11 10 14 14 13 9
DISPLAY 0 10 9
DISPLAY 3 1 10
DISPLAY 4 0 2
DISPLAY 7 5 7
DISPLAY 8 1 2
DISPLAY 9 10 4
DISPLAY 10 6 9
DISPLAY 12 5 9
DISPLAY 13 11 1
DISPLAY 14 0 6
DISPLAY 15 6 1
DISPLAY 16 4 2
DISPLAY 17 4 7
DISPLAY 18 12 7
DISPLAY 20 2 6
DISPLAY 21 2 10
DISPLAY 23 8 3
POSITION 0 1 9
POSITION 1 9 3
POSITION 2 3 9
POSITION 3 2 1
PLAYER 0
MESSAGE OK
TARGET 13
EXTRAFIELD 15
.
TICK 12
FIELDS 13 5 12 15 11 15 11 13 3 12 10 15 15 2 13 9 13 10 10 10 14 10 15 10 5 9 14 3 10 15 3 13 15 3 10 13 12 11 7 10 10 15 14 8 9 6 11 3 12 9 5 12 5 12 12 1 13 10 9 5 2 6 3 10 4 14 11 1 10 6 5 7 5 5 12 14 11 14 13 4 12 3 3 10 10 3 10 10 2 7 12 15 10 8 1 11 6 12 6 5 5 12 9 7 12 6 11 9 7 13 13 10 12 6 5 8 12 10 15 15 3 9 15 6 9 5 3 15 2 1 15 15 5 9 13 9 9 11 10 14 14 13 9
DISPLAY 0 10 9
DISPLAY 3 1 9
DISPLAY 4 0 2
DISPLAY 7 5 7
DISPLAY 8 1 1
DISPLAY 9 10 4
DISPLAY 10 6 9
DISPLAY 12 5 9
DISPLAY 13 11 1
DISPLAY 14 0 6
DISPLAY 15 6 1
DISPLAY 16 4 2
DISPLAY 17 4 7
DISPLAY 18 12 7
DISPLAY 20 2 6
DISPLAY 21 2 10
DISPLAY 23 8 3
POSITION 0 1 10
POSITION 1 9 3
POSITION 2 3 9
POSITION 3 2 1
PLAYER 1
.
TICK 12
FIELDS 13 5 12 15 11 15 11 9 3 12 10 15 15 2 13 9 13 10 10 10 13 10 15 10 5 9 14 3 10 15 3 13 15 14 10 13 12 11 7 10 10 15 14 8 9 6 3 3 12 9 5 12 5 12 12 1 13 10 9 11 2 6 3 10 4 14 11 1 10 6 5 7 5 5 12 14 11 14 13 4 12 3 3 10 10 5 10 10 2 7 12 15 10 8 1 11 6 12 3 5 5 12 9 7 12 6 11 9 7 13 13 6 12 6 5 8 12 10 15 15 3 9 15 6 10 5 3 15 2 1 15 15 5 9 13 9 9 9 10 14 14 13 9
DISPLAY 0 10 9
DISPLAY 3 1 9
DISPLAY 4 0 2
DISPLAY 7 5 7
DISPLAY 8 1 1
DISPLAY 9 10 4
DISPLAY 10 6 9
DISPLAY 12 5 9
DISPLAY 13 11 1
DISPLAY 14 0 6
DISPLAY 15 6 1
DISPLAY 16 4 2
DISPLAY 17 4 7
DISPLAY 18 12 7
DISPLAY 20 2 6
DISPLAY 21 2 10
DISPLAY 23 8 3
POSITION 0 1 10
POSITION 1 9 3
POSITION 2 3 9
POSITION 3 2 1
PLAYER 2
.
TICK 12
FIELDS 9 5 12 15 11 15 11 9 3 12 10 15 15 13 13 9 13 10 10 10 13 10 15 10 5 9 2 3 10 15 3 13 15 14 10 13 12 11 7 14 10 15 14 8 9 6 3 3 12 9 5 12 10 12 12 1 13 10 9 11 2 6 3 10 4 5 11 1 10 6 5 7 5 5 12 14 11 14 14 4 12 3 3 10 10 5 10 10 2 7 12 13 10 8 1 11 6 12 3 5 5 12 9 7 15 6 11 9 7 13 13 6 12 6 5 8 12 12 15 15 3 9 15 6 10 5 3 15 2 1 10 15 5 9 13 9 9 9 10 14 14 13 9
DISPLAY 0 10 9
DISPLAY 3 1 9
DISPLAY 4 0 3
DISPLAY 7 5 7
DISPLAY 8 1 1
DISPLAY 9 10 4
DISPLAY 10 6 9
DISPLAY 12 5 9
DISPLAY 13 11 1
DISPLAY 14 0 7
DISPLAY 15 6 1
DISPLAY 16 4 2
DISPLAY 17 4 7
DISPLAY 18 12 7
DISPLAY 20 2 6
DISPLAY 21 2 10
DISPLAY 23 8 3
POSITION 0 1 10
POSITION 1 9 3
POSITION 2 3 9
POSITION 3 2 1
PLAYER 3
.
TICK 13
FIELDS 9 13 12 15 11 15 11 9 3 12 10 15 15 13 3 9 13 10 10 10 13 10 15 10 5 9 2 10 10 15 3 13 15 14 10 13 12 11 7 14 12 15 14 8 9 6 3 3 12 9 5 12 10 11 12 1 13 10 9 11 2 6 3 10 4 5 4 1 10 6 5 7 5 5 12 14 11 14 14 10 12 3 3 10 10 5 10 10 2 7 12 13 6 8 1 11 6 12 3 5 5 12 9 7 15 15 11 9 7 13 13 6 12 6 5 8 12 12 15 15 3 9 15 6 10 5 3 15 2 1 10 8 5 9 13 9 9 9 10 14 14 13 9
DISPLAY 0 10 9
DISPLAY 3 1 8
DISPLAY 4 0 3
DISPLAY 7 5 7
DISPLAY 8 1 0
DISPLAY 9 10 4
DISPLAY 10 6 9
DISPLAY 12 5 9
DISPLAY 13 11 1
DISPLAY 14 0 7
DISPLAY 15 6 1
DISPLAY 16 4 2
DISPLAY 17 4 7
DISPLAY 18 12 7
DISPLAY 20 2 6
DISPLAY 21 2 10
DISPLAY 23 8 3
POSITION 0 1 9
POSITION 1 9 3
POSITION 2 3 9
POSITION 3 2 1
PLAYER 0
MESSAGE OK
TARGET 13
EXTRAFIELD 1
.
TICK 13
FIELDS 9 13 12 15 11 15 11 13 3 12 10 15 15 13 3 9 13 10 10 10 14 10 15 10 5 9 2 10 10 15 3 13 15 3 10 13 12 11 7 14 12 15 14 8 9 6 11 3 12 9 5 12 10 11 12 1 13 10 9 5 2 6 3 10 4 5 4 1 10 6 5 7 5 5 12 14 11 14 14 10 12 3 3 10 10 3 10 10 2 7 12 13 6 8 1 11 6 12 6 5 5 12 9 7 15 15 11 9 7 13 13 10 12 6 5 8 12 12 15 15 3 9 15 6 9 5 3 15 2 1 10 8 5 9 13 9 9 1 10 14 14 13 9
DISPLAY 0 10 9
DISPLAY 3 1 8
DISPLAY 4 0 3
DISPLAY 7 5 7
DISPLAY 8 1 0
DISPLAY 9 10 4
DISPLAY 10 6 9
DISPLAY 12 5 9
DISPLAY 13 11 1
DISPLAY 14 0 7
DISPLAY 15 6 1
DISPLAY 16 4 2
DISPLAY 17 4 7
DISPLAY 18 12 7
DISPLAY 20 2 6
DISPLAY 21 2 10
DISPLAY 23 8 3
POSITION 0 2 10
POSITION 1 9 3
POSITION 2 3 9
POSITION 3 2 1
PLAYER 1
.
TICK 13
FIELDS 9 13 12 15 11 15 11 13 3 12 10 15 15 13 3 9 13 10 10 10 14 10 15 10 5 9 2 10 10 15 3 13 15 3 10 13 12 11 7 14 12 15 14 8 9 6 11 3 12 9 5 12 10 11 12 1 13 10 9 5 2 6 3 10 4 5 4 1 10 6 5 7 5 5 12 14 11 14 14 10 12 3 3 10 10 3 10 10 2 7 12 13 6 8 1 11 6 12 6 5 5 12 9 7 15 15 11 9 7 13 13 10 12 6 5 8 12 11 12 15 15 3 9 15 6 9 5 3 15 2 10 8 5 9 13 9 9 1 10 14 14 13 9
DISPLAY 0 11 9
DISPLAY 3 1 8
DISPLAY 4 0 3
DISPLAY 7 5 7
DISPLAY 8 1 0
DISPLAY 9 10 4
DISPLAY 10 7 9
DISPLAY 12 6 9
DISPLAY 13 11 1
DISPLAY 14 0 7
DISPLAY 15 6 1
DISPLAY 16 4 2
DISPLAY 17 4 7
DISPLAY 18 12 7
DISPLAY 20 2 6
DISPLAY 21 2 10
DISPLAY 23 8 3
POSITION 0 2 10
POSITION 1 9 3
POSITION 2 4 9
POSITION 3 2 1
PLAYER 2
.
TICK 13
FIELDS 15 13 12 15 11 15 11 13 3 12 10 15 15 9 3 9 13 10 10 10 14 10 15 10 5 9 13 10 10 15 3 13 15 3 10 13 12 11 7 2 12 15 14 8 9 6 11 3 12 9 5 12 14 11 12 1 13 10 9 5 2 6 3 10 4 10 4 1 10 6 5 7 5 5 12 14 11 14 5 10 12 3 3 10 10 3 10 10 2 7 12 14 6 8 1 11 6 12 6 5 5 12 9 7 13 15 11 9 7 13 13 10 12 6 5 8 12 15 12 15 15 3 9 15 6 9 5 3 15 2 11 8 5 9 13 9 9 1 10 14 14 13 9
DISPLAY 0 11 9
DISPLAY 3 1 8
DISPLAY 4 0 4
DISPLAY 7 5 7
DISPLAY 8 1 0
DISPLAY 9 10 4
DISPLAY 10 7 9
DISPLAY 12 6 9
DISPLAY 13 11 1
DISPLAY 14 0 8
DISPLAY 15 6 1
DISPLAY 16 4 2
DISPLAY 17 4 7
DISPLAY 18 12 7
DISPLAY 20 2 6
DISPLAY 21 2 10
DISPLAY 23 8 3
POSITION 0 2 10
POSITION 1 9 3
POSITION 2 4 9
POSITION 3 2 1
PLAYER 3
.
TICK 14
FIELDS 15 5 12 15 11 15 11 13 3 12 10 15 15 9 13 9 13 10 10 10 14 10 15 10 5 9 13 3 10 15 3 13 15 3 10 13 12 11 7 2 10 15 14 8 9 6 11 3 12 9 5 12 14 12 12 1 13 10 9 5 2 6 3 10 4 10 11 1 10 6 5 7 5 5 12 14 11 14 5 4 12 3 3 10 10 3 10 10 2 7 12 14 10 8 1 11 6 12 6 5 5 12 9 7 13 6 11 9 7 13 13 10 12 6 5 8 12 15 15 15 15 3 9 15 6 9 5 3 15 2 11 12 5 9 13 9 9 1 10 14 14 13 9
DISPLAY 0 11 9
DISPLAY 3 1 9
DISPLAY 4 0 4
DISPLAY 7 5 7
DISPLAY 8 1 1
DISPLAY 9 10 4
DISPLAY 10 7 9
DISPLAY 12 6 9
DISPLAY 13 11 1
DISPLAY 14 0 8
DISPLAY 15 6 1
DISPLAY 16 4 2
DISPLAY 17 4 7
DISPLAY 18 12 7
DISPLAY 20 2 6
DISPLAY 21 2 10
DISPLAY 23 8 3
POSITION 0 2 10
POSITION 1 9 3
POSITION 2 4 9
POSITION 3 2 1
PLAYER 0
MESSAGE OK
TARGET 13
EXTRAFIELD 9
.
TICK 14
FIELDS 15 5 9 15 11 15 11 13 3 12 10 15 15 9 13 12 13 10 10 10 14 10 15 10 5 9 13 3 9 15 3 13 15 3 10 13 12 11 7 2 10 10 14 8 9 6 11 3 12 9 5 12 14 12 15 1 13 10 9 5 2 6 3 10 4 10 11 12 10 6 5 7 5 5 12 14 11 14 5 4 1 3 3 10 10 3 10 10 2 7 12 14 10 12 1 11 6 12 6 5 5 12 9 7 13 6 8 9 7 13 13 10 12 6 5 8 12 15 15 11 15 3 9 15 6 9 5 3 15 2 11 12 15 9 13 9 9 1 10 14 14 13 9
DISPLAY 0 11 9
DISPLAY 3 1 9
DISPLAY 4 0 4
DISPLAY 7 5 7
DISPLAY 8 1 1
DISPLAY 9 10 4
DISPLAY 10 7 9
DISPLAY 12 6 9
DISPLAY 14 0 8
DISPLAY 15 6 1
DISPLAY 16 4 2
DISPLAY 17 4 7
DISPLAY 18 12 7
DISPLAY 20 2 7
DISPLAY 21 2 0
DISPLAY 23 8 3
POSITION 0 11 1
POSITION 1 9 3
POSITION 2 4 9
POSITION 3 2 2
PLAYER 1
.
TICK 14
FIELDS 15 5 9 15 11 15 11 13 3 12 10 15 15 9 13 12 13 10 10 10 14 10 15 10 5 9 13 3 9 15 3 13 15 3 10 13 12 11 7 2 10 10 14 8 9 6 11 3 12 9 5 12 14 12 15 1 13 10 9 5 2 6 3 10 4 10 11 12 10 6 5 7 5 5 12 14 11 14 5 4 1 3 3 10 10 3 10 10 2 7 12 14 10 12 1 11 6 12 6 5 5 12 9 7 1 13 6 8 9 7 13 13 10 12 6 5 8 15 15 11 15 3 9 15 6 9 5 3 15 2 11 12 15 9 13 9 9 1 10 14 14 13 9
DISPLAY 0 11 9
DISPLAY 3 1 9
DISPLAY 4 0 4
DISPLAY 7 5 7
DISPLAY 8 1 1
DISPLAY 9 10 4
DISPLAY 10 7 9
DISPLAY 12 6 9
DISPLAY 14 1 8
DISPLAY 15 6 1
DISPLAY 16 4 2
DISPLAY 17 4 7
DISPLAY 18 12 7
DISPLAY 20 2 7
DISPLAY 21 2 0
DISPLAY 23 8 3
POSITION 0 11 1
POSITION 1 9 3
POSITION 2 4 9
POSITION 3 2 2
PLAYER 2
.
TICK 14
FIELDS 10 5 9 15 11 15 11 13 3 12 10 15 15 15 13 12 13 10 10 10 14 10 15 10 5 9 9 3 9 15 3 13 15 3 10 13 12 11 7 13 10 10 14 8 9 6 11 3 12 9 5 12 2 12 15 1 13 10 9 5 2 6 3 10 4 14 11 12 10 6 5 7 5 5 12 14 11 14 10 4 1 3 3 10 10 3 10 10 2 7 12 5 10 12 1 11 6 12 6 5 5 12 9 7 14 13 6 8 9 7 13 13 10 12 6 5 8 1 15 11 15 3 9 15 6 9 5 3 15 2 15 12 15 9 13 9 9 1 10 14 14 13 9
DISPLAY 0 11 9
DISPLAY 3 1 9
DISPLAY 4 0 5
DISPLAY 7 5 7
DISPLAY 8 1 1
DISPLAY 9 10 4
DISPLAY 10 7 9
DISPLAY 12 6 9
DISPLAY 14 1 8
DISPLAY 15 6 1
DISPLAY 16 4 2
DISPLAY 17 4 7
DISPLAY 18 12 7
DISPLAY 20 2 7
DISPLAY 21 2 0
DISPLAY 23 8 3
POSITION 0 11 1
POSITION 1 9 3
POSITION 2 4 9
POSITION 3 2 2
PLAYER 3
.
TICK 15
FIELDS 10 13 9 15 11 15 11 13 3 12 10 15 15 15 3 12 13 10 10 10 14 10 15 10 5 9 9 10 9 15 3 13 15 3 10 13 12 11 7 13 12 10 14 8 9 6 11 3 12 9 5 12 2 11 15 1 13 10 9 5 2 6 3 10 4 14 4 12 10 6 5 7 5 5 12 14 11 14 10 10 1 3 3 10 10 3 10 10 2 7 12 5 13 12 1 11 6 12 6 5 5 12 9 7 14 15 6 8 9 7 13 13 10 12 6 5 8 1 12 11 15 3 9 15 6 9 5 3 15 2 15 8 15 9 13 9 9 1 10 14 14 13 9
DISPLAY 0 11 9
DISPLAY 3 1 8
DISPLAY 4 0 5
DISPLAY 7 5 7
DISPLAY 8 1 0
DISPLAY 9 10 4
DISPLAY 10 7 9
DISPLAY 12 6 9
DISPLAY 14 1 7
DISPLAY 15 6 1
DISPLAY 16 4 2
DISPLAY 17 4 7
DISPLAY 18 12 7
DISPLAY 20 2 7
DISPLAY 21 2 0
DISPLAY 23 8 3
POSITION 0 11 1
POSITION 1 9 3
POSITION 2 4 9
POSITION 3 2 2
PLAYER 0
MESSAGE OK
TARGET 16
EXTRAFIELD 5
.
TICK 15
FIELDS 10 13 12 15 11 15 11 13 3 12 10 15 15 15 3 9 13 10 10 10 14 10 15 10 5 9 9 10 10 15 3 13 15 3 10 13 12 11 7 13 12 15 14 8 9 6 11 3 12 9 5 12 2 11 12 1 13 10 9 5 2 6 3 10 4 14 4 1 10 6 5 7 5 5 12 14 11 14 10 10 12 3 3 10 10 3 10 10 2 7 12 5 13 6 1 11 6 12 6 5 5 12 9 7 14 15 11 8 9 7 13 13 10 12 6 5 8 1 12 15 15 3 9 15 6 9 5 3 15 2 15 8 5 9 13 9 9 1 10 14 14 13 9
DISPLAY 0 11 9
DISPLAY 3 1 8
DISPLAY 4 0 5
DISPLAY 7 5 7
DISPLAY 8 1 0
DISPLAY 9 10 4
DISPLAY 10 7 9
DISPLAY 12 6 9
DISPLAY 14 1 7
DISPLAY 15 6 1
DISPLAY 17 4 7
DISPLAY 18 12 7
DISPLAY 20 2 6
DISPLAY 21 2 10
DISPLAY 23 8 3
POSITION 0 4 2
POSITION 1 9 3
POSITION 2 4 9
POSITION 3 2 1
PLAYER 1
.
TICK 15
FIELDS 10 13 12 15 11 15 11 14 3 12 10 15 15 15 3 9 13 10 10 10 3 10 15 10 5 9 9 10 10 15 3 13 15 11 10 13 12 11 7 13 12 15 14 8 9 6 5 3 12 9 5 12 2 11 12 1 13 10 9 5 2 6 3 10 4 14 4 1 10 6 5 7 3 5 12 14 11 14 10 10 12 3 3 10 10 6 10 10 2 7 12 5 13 6 1 11 6 12 13 5 5 12 9 7 14 15 11 8 9 7 13 6 10 12 6 5 8 1 12 15 15 3 9 15 1 9 5 3 15 2 15 8 5 9 13 9 9 12 10 14 14 13 9
DISPLAY 0 11 9
DISPLAY 3 1 8
DISPLAY 4 0 5
DISPLAY 7 5 7
DISPLAY 8 1 0
DISPLAY 9 10 4
DISPLAY 10 7 8
DISPLAY 12 6 9
DISPLAY 14 1 7
DISPLAY 15 6 1
DISPLAY 17 4 7
DISPLAY 18 12 7
DISPLAY 20 2 6
DISPLAY 21 2 10
DISPLAY 23 8 3
POSITION 0 4 2
POSITION 1 9 3
POSITION 2 4 9
POSITION 3 2 1
PLAYER 2
.
TICK 15
FIELDS 10 13 12 15 11 15 11 14 3 12 10 15 15 15 3 9 13 10 10 10 3 10 15 10 5 9 9 10 10 15 3 13 15 11 10 13 12 11 7 13 12 15 14 8 9 6 5 3 12 9 5 12 2 11 12 1 13 10 9 5 2 6 3 10 4 14 4 1 10 6 5 7 3 5 12 14 11 14 10 10 12 3 3 10 10 6 10 10 2 7 12 5 13 6 1 11 6 12 13 5 5 12 9 7 14 15 11 8 9 7 13 6 10 12 6 5 8 11 1 12 15 15 3 9 15 1 9 5 3 15 15 8 5 9 13 9 9 12 10 14 14 13 9
DISPLAY 0 12 9
DISPLAY 3 1 8
DISPLAY 4 0 5
DISPLAY 7 5 7
DISPLAY 8 1 0
DISPLAY 9 10 4
DISPLAY 10 7 8
DISPLAY 12 7 9
DISPLAY 14 1 7
DISPLAY 15 6 1
DISPLAY 17 4 7
DISPLAY 18 12 7
DISPLAY 20 2 6
DISPLAY 21 2 10
DISPLAY 23 8 3
POSITION 0 4 2
POSITION 1 9 3
POSITION 2 5 8
POSITION 3 2 1
PLAYER 3
.
TICK 16
FIELDS 10 3 12 15 11 15 11 14 3 12 10 15 15 15 10 9 13 10 10 10 3 10 15 10 5 9 9 12 10 15 3 13 15 11 10 13 12 11 7 13 11 15 14 8 9 6 5 3 12 9 5 12 2 4 12 1 13 10 9 5 2 6 3 10 4 14 10 1 10 6 5 7 3 5 12 14 11 14 10 13 12 3 3 10 10 6 10 10 2 7 12 5 15 6 1 11 6 12 13 5 5 12 9 7 14 1 11 8 9 7 13 6 10 12 6 5 8 11 8 12 15 15 3 9 15 1 9 5 3 15 15 5 5 9 13 9 9 12 10 14 14 13 9
DISPLAY 0 12 9
DISPLAY 3 1 7
DISPLAY 4 0 5
DISPLAY 7 5 7
DISPLAY 8 1 10
DISPLAY 9 10 4
DISPLAY 10 7 8
DISPLAY 12 7 9
DISPLAY 14 1 6
DISPLAY 15 6 1
DISPLAY 17 4 7
DISPLAY 18 12 7
DISPLAY 20 2 6
DISPLAY 21 2 10
DISPLAY 23 8 3
POSITION 0 4 2
POSITION 1 9 3
POSITION 2 5 8
POSITION 3 2 1
PLAYER 0
MESSAGE OK
TARGET 10
EXTRAFIELD 9
.
TICK 16
FIELDS 10 3 12 15 11 15 9 14 3 12 10 15 15 15 10 9 13 10 10 11 3 10 15 10 5 9 9 12 10 15 3 13 10 11 10 13 12 11 7 13 11 15 14 8 9 15 5 3 12 9 5 12 2 4 12 1 13 10 6 5 2 6 3 10 4 14 10 1 10 6 5 9 3 5 12 14 11 14 10 13 12 3 3 10 7 6 10 10 2 7 12 5 15 6 1 11 6 10 13 5 5 12 9 7 14 1 11 8 9 7 12 6 10 12 6 5 8 11 8 12 15 15 3 13 15 1 9 5 3 15 15 5 5 9 13 9 9 12 10 14 14 13 9
DISPLAY 0 12 9
DISPLAY 3 1 7
DISPLAY 4 0 5
DISPLAY 7 5 7
DISPLAY 8 1 10
DISPLAY 9 10 4
DISPLAY 10 7 8
DISPLAY 12 7 9
DISPLAY 14 1 6
DISPLAY 15 6 2
DISPLAY 17 4 7
DISPLAY 18 12 7
DISPLAY 20 2 6
DISPLAY 21 2 10
DISPLAY 23 8 3
POSITION 0 7 0
POSITION 1 9 3
POSITION 2 5 8
POSITION 3 2 1
PLAYER 1
.
TICK 16
FIELDS 10 3 12 15 11 15 9 14 3 12 10 15 15 15 10 9 13 10 10 11 3 10 15 10 5 9 9 12 10 15 3 13 10 11 10 13 12 11 7 13 11 15 14 8 9 15 5 3 12 9 5 12 2 4 12 1 13 10 6 5 2 6 3 10 4 14 10 1 10 6 5 9 3 5 12 14 11 14 10 13 12 3 3 10 7 6 10 10 2 7 12 15 6 1 11 6 10 13 5 5 12 9 7 13 14 1 11 8 9 7 12 6 10 12 6 5 8 11 8 12 15 15 3 13 15 1 9 5 3 15 15 5 5 9 13 9 9 12 10 14 14 13 9
DISPLAY 0 12 9
DISPLAY 3 0 7
DISPLAY 4 0 5
DISPLAY 7 4 7
DISPLAY 8 1 10
DISPLAY 9 10 4
DISPLAY 10 7 8
DISPLAY 12 7 9
DISPLAY 14 1 6
DISPLAY 15 6 2
DISPLAY 17 3 7
DISPLAY 18 11 7
DISPLAY 20 2 6
DISPLAY 21 2 10
DISPLAY 23 8 3
POSITION 0 7 0
POSITION 1 9 3
POSITION 2 5 8
POSITION 3 2 1
PLAYER 2
.
TICK 16
FIELDS 10 3 12 15 11 15 9 14 3 12 10 15 15 15 10 9 13 10 10 11 3 10 15 10 5 9 9 12 10 15 3 13 10 11 10 13 12 11 7 13 11 15 14 8 9 15 5 3 12 9 5 12 2 4 12 1 13 10 6 5 2 6 3 10 4 14 10 1 10 6 5 9 3 5 12 14 11 14 10 13 12 3 3 10 7 6 10 10 2 7 12 15 6 1 11 6 10 13 5 5 12 9 7 13 2 14 1 11 8 9 7 12 6 10 12 6 5 11 8 12 15 15 3 13 15 1 9 5 3 15 15 5 5 9 13 9 9 12 10 14 14 13 9
DISPLAY 0 12 9
DISPLAY 3 0 7
DISPLAY 4 0 5
DISPLAY 7 4 7
DISPLAY 8 1 10
DISPLAY 9 10 4
DISPLAY 12 7 9
DISPLAY 14 1 6
DISPLAY 15 6 2
DISPLAY 17 3 7
DISPLAY 18 11 7
DISPLAY 20 2 6
DISPLAY 21 2 10
DISPLAY 23 8 3
POSITION 0 7 0
POSITION 1 9 3
POSITION 2 8 8
POSITION 3 2 1
PLAYER 3
.
TICK 17
FIELDS 10 13 12 15 11 15 9 14 3 12 10 15 15 15 3 9 13 10 10 11 3 10 15 10 5 9 9 10 10 15 3 13 10 11 10 13 12 11 7 13 12 15 14 8 9 15 5 3 12 9 5 12 2 11 12 1 13 10 6 5 2 6 3 10 4 14 4 1 10 6 5 9 3 5 12 14 11 14 10 10 12 3 3 10 7 6 10 10 2 7 12 15 13 1 11 6 10 13 5 5 12 9 7 13 2 6 1 11 8 9 7 12 6 10 12 6 5 11 14 12 15 15 3 13 15 1 9 5 3 15 15 8 5 9 13 9 9 12 10 14 14 13 9
DISPLAY 0 12 9
DISPLAY 3 0 7
DISPLAY 4 0 5
DISPLAY 7 4 7
DISPLAY 8 1 0
DISPLAY 9 10 4
DISPLAY 12 7 9
DISPLAY 14 1 7
DISPLAY 15 6 2
DISPLAY 17 3 7
DISPLAY 18 11 7
DISPLAY 20 2 6
DISPLAY 21 2 10
DISPLAY 23 8 3
POSITION 0 7 0
POSITION 1 9 3
POSITION 2 8 8
POSITION 3 2 1
PLAYER 0
MESSAGE OK
TARGET 14
EXTRAFIELD 9
.
TICK 17
FIELDS 10 3 12 15 11 15 9 14 3 12 10 15 15 15 10 9 13 10 10 11 3 10 15 10 5 9 9 12 10 15 3 13 10 11 10 13 12 11 7 13 11 15 14 8 9 15 5 3 12 9 5 12 2 4 12 1 13 10 6 5 2 6 3 10 4 14 10 1 10 6 5 9 3 5 12 14 11 14 10 13 12 3 3 10 7 6 10 10 2 7 12 15 6 1 11 6 10 13 5 5 12 9 7 13 2 14 1 11 8 9 7 12 6 10 12 6 5 11 8 12 15 15 3 13 15 1 9 5 3 15 15 9 5 9 13 9 9 12 10 14 14 13 9
DISPLAY 0 12 9
DISPLAY 3 0 7
DISPLAY 4 0 5
DISPLAY 7 4 7
DISPLAY 8 1 10
DISPLAY 9 10 4
DISPLAY 12 7 9
DISPLAY 14 1 6
DISPLAY 15 6 2
DISPLAY 17 3 7
DISPLAY 18 11 7
DISPLAY 20 2 6
DISPLAY 21 2 10
DISPLAY 23 8 3
POSITION 0 1 3
POSITION 1 9 3
POSITION 2 8 8
POSITION 3 2 1
PLAYER 1
.
TICK 17
FIELDS 10 3 12 15 11 15 9 14 3 12 10 15 15 15 10 9 13 10 10 11 3 10 15 10 5 9 9 12 10 15 3 13 10 11 10 13 12 11 7 13 11 15 14 8 9 15 5 3 12 9 5 12 5 2 4 12 1 13 10 6 5 2 6 3 10 14 10 1 10 6 5 9 3 5 12 14 11 14 10 13 12 3 3 10 7 6 10 10 2 7 12 15 6 1 11 6 10 13 5 5 12 9 7 13 2 14 1 11 8 9 7 12 6 10 12 6 5 11 8 12 15 15 3 13 15 1 9 5 3 15 15 9 5 9 13 9 9 12 10 14 14 13 9
DISPLAY 0 12 9
DISPLAY 3 0 7
DISPLAY 4 0 5
DISPLAY 7 4 7
DISPLAY 8 1 10
DISPLAY 9 11 4
DISPLAY 12 7 9
DISPLAY 14 1 6
DISPLAY 15 6 2
DISPLAY 17 3 7
DISPLAY 18 11 7
DISPLAY 20 2 6
DISPLAY 21 2 10
DISPLAY 23 8 3
POSITION 0 1 3
POSITION 1 9 3
POSITION 2 8 8
POSITION 3 2 1
PLAYER 2
.
TICK 17
FIELDS 10 3 12 15 11 15 9 14 3 12 10 8 15 15 10 9 13 10 10 11 3 10 15 10 15 9 9 12 10 15 3 13 10 11 10 13 12 5 7 13 11 15 14 8 9 15 5 3 12 9 11 12 5 2 4 12 1 13 10 6 5 2 6 5 10 14 10 1 10 6 5 9 3 5 12 14 3 14 10 13 12 3 3 10 7 6 10 10 2 11 12 15 6 1 11 6 10 13 5 5 12 9 7 13 2 14 1 11 8 9 7 12 6 10 12 7 5 11 8 12 15 15 3 13 15 1 9 5 6 15 15 9 5 9 13 9 9 12 10 14 14 3 9
DISPLAY 0 12 9
DISPLAY 3 0 7
DISPLAY 4 0 5
DISPLAY 7 4 7
DISPLAY 8 1 10
DISPLAY 9 11 5
DISPLAY 12 7 9
DISPLAY 14 1 6
DISPLAY 15 6 2
DISPLAY 17 3 7
DISPLAY 18 11 8
DISPLAY 20 2 6
DISPLAY 21 2 10
DISPLAY 23 8 3
POSITION 0 1 3
POSITION 1 9 3
POSITION 2 6 6
POSITION 3 2 1
PLAYER 3
.
TICK 18
FIELDS 10 5 12 15 11 15 9 14 3 12 10 8 15 15 3 9 13 10 10 11 3 10 15 10 15 9 9 10 10 15 3 13 10 11 10 13 12 5 7 13 12 15 14 8 9 15 5 3 12 9 11 12 5 11 4 12 1 13 10 6 5 2 6 5 10 14 2 1 10 6 5 9 3 5 12 14 3 14 10 10 12 3 3 10 7 6 10 10 2 11 12 15 13 1 11 6 10 13 5 5 12 9 7 13 2 6 1 11 8 9 7 12 6 10 12 7 5 11 14 12 15 15 3 13 15 1 9 5 6 15 15 8 5 9 13 9 9 12 10 14 14 3 9
DISPLAY 0 12 9
DISPLAY 3 0 7
DISPLAY 4 0 5
DISPLAY 7 4 7
DISPLAY 8 1 0
DISPLAY 9 11 5
DISPLAY 12 7 9
DISPLAY 14 1 7
DISPLAY 15 6 2
DISPLAY 17 3 7
DISPLAY 18 11 8
DISPLAY 20 2 6
DISPLAY 21 2 10
DISPLAY 23 8 3
POSITION 0 1 4
POSITION 1 9 3
POSITION 2 6 6
POSITION 3 2 1
PLAYER 0
MESSAGE OK
TARGET 14
EXTRAFIELD 13
.
TICK 18
FIELDS 13 5 12 15 11 15 9 14 3 12 10 8 15 10 3 9 13 10 10 11 3 10 15 10 15 9 15 10 10 15 3 13 10 11 10 13 12 5 7 9 12 15 14 8 9 15 5 3 12 9 11 12 13 11 4 12 1 13 10 6 5 2 6 5 10 5 2 1 10 6 5 9 3 5 12 14 3 14 14 10 12 3 3 10 7 6 10 10 2 11 12 10 13 1 11 6 10 13 5 5 12 9 7 13 15 6 1 11 8 9 7 12 6 10 12 7 5 2 14 12 15 15 3 13 15 1 9 5 6 15 11 8 5 9 13 9 9 12 10 14 14 3 9
DISPLAY 0 12 9
DISPLAY 3 0 8
DISPLAY 4 0 6
DISPLAY 7 4 7
DISPLAY 8 1 0
DISPLAY 9 11 5
DISPLAY 12 7 9
DISPLAY 14 1 7
DISPLAY 15 6 2
DISPLAY 17 3 7
DISPLAY 18 11 8
DISPLAY 20 2 6
DISPLAY 21 2 10
DISPLAY 23 8 3
POSITION 0 0 5
POSITION 1 9 3
POSITION 2 6 6
POSITION 3 2 1
PLAYER 1
.
TICK 18
FIELDS 13 4 12 15 11 15 9 14 3 12 10 8 15 10 5 9 13 10 10 11 3 10 15 10 15 9 15 3 10 15 3 13 10 11 10 13 12 5 7 9 10 15 14 8 9 15 5 3 12 9 11 12 13 12 4 12 1 13 10 6 5 2 6 5 10 5 11 1 10 6 5 9 3 5 12 14 3 14 14 2 12 3 3 10 7 6 10 10 2 11 12 10 10 1 11 6 10 13 5 5 12 9 7 13 15 13 1 11 8 9 7 12 6 10 12 7 5 2 6 12 15 15 3 13 15 1 9 5 6 15 11 14 5 9 13 9 9 12 10 14 14 3 9
DISPLAY 0 12 9
DISPLAY 3 0 8
DISPLAY 4 0 6
DISPLAY 7 4 7
DISPLAY 8 1 1
DISPLAY 9 11 5
DISPLAY 12 7 9
DISPLAY 14 1 8
DISPLAY 15 6 2
DISPLAY 17 3 7
DISPLAY 18 11 8
DISPLAY 20 2 6
DISPLAY 21 2 10
DISPLAY 23 8 3
POSITION 0 0 5
POSITION 1 9 3
POSITION 2 6 6
POSITION 3 2 1
PLAYER 2
.
TICK 18
FIELDS 13 4 12 15 11 15 9 13 3 12 10 8 15 10 5 9 13 10 10 11 14 10 15 10 15 9 15 3 10 15 3 13 10 3 10 13 12 5 7 9 10 15 14 8 9 15 11 3 12 9 11 12 13 12 4 12 1 13 10 5 5 2 6 5 10 5 11 1 10 6 5 9 6 5 12 14 3 14 14 2 12 3 3 10 7 3 10 10 2 11 12 10 10 1 11 6 10 13 6 5 12 9 7 13 15 13 1 11 8 9 7 5 6 10 12 7 5 2 6 12 15 15 3 13 12 1 9 5 6 15 11 14 5 9 13 9 9 15 10 14 14 3 9
DISPLAY 0 12 9
DISPLAY 3 0 8
DISPLAY 4 0 6
DISPLAY 7 4 7
DISPLAY 8 1 1
DISPLAY 9 11 5
DISPLAY 12 7 10
DISPLAY 14 1 8
DISPLAY 15 6 2
DISPLAY 17 3 7
DISPLAY 18 11 8
DISPLAY 20 2 6
DISPLAY 21 2 10
DISPLAY 23 8 3
POSITION 0 0 5
POSITION 1 9 3
POSITION 2 11 9
POSITION 3 2 1
PLAYER 3
.
TICK 19
FIELDS 13 9 12 15 11 15 9 13 3 12 10 8 15 10 4 9 13 10 10 11 14 10 15 10 15 9 15 5 10 15 3 13 10 3 10 13 12 5 7 9 3 15 14 8 9 15 11 3 12 9 11 12 13 10 4 12 1 13 10 5 5 2 6 5 10 5 12 1 10 6 5 9 6 5 12 14 3 14 14 11 12 3 3 10 7 3 10 10 2 11 12 10 2 1 11 6 10 13 6 5 12 9 7 13 15 10 1 11 8 9 7 5 6 10 12 7 5 2 13 12 15 15 3 13 12 1 9 5 6 15 11 6 5 9 13 9 9 15 10 14 14 3 9
DISPLAY 0 12 9
DISPLAY 3 0 8
DISPLAY 4 0 6
DISPLAY 7 4 7
DISPLAY 8 1 2
DISPLAY 9 11 5
DISPLAY 12 7 10
DISPLAY 14 1 9
DISPLAY 15 6 2
DISPLAY 17 3 7
DISPLAY 18 11 8
DISPLAY 20 2 6
DISPLAY 21 2 10
DISPLAY 23 8 3
POSITION 0 0 5
POSITION 1 9 3
POSITION 2 11 9
POSITION 3 2 1
PLAYER 0
MESSAGE OK
TARGET 14
EXTRAFIELD 15
.
TICK 19
FIELDS 10 9 12 15 11 15 9 13 3 12 10 8 15 15 4 9 13 10 10 11 14 10 15 10 15 9 9 5 10 15 3 13 10 3 10 13 12 5 7 13 3 15 14 8 9 15 11 3 12 9 11 12 5 10 4 12 1 13 10 5 5 2 6 5 10 14 12 1 10 6 5 9 6 5 12 14 3 14 10 11 12 3 3 10 7 3 10 10 2 11 12 15 2 1 11 6 10 13 6 5 12 9 7 13 2 10 1 11 8 9 7 5 6 10 12 7 5 11 13 12 15 15 3 13 12 1 9 5 6 15 15 6 5 9 13 9 9 15 10 14 14 3 9
DISPLAY 0 12 9
DISPLAY 3 0 7
DISPLAY 4 0 5
DISPLAY 7 4 7
DISPLAY 8 1 2
DISPLAY 9 11 5
DISPLAY 12 7 10
DISPLAY 14 1 9
DISPLAY 15 6 2
DISPLAY 17 3 7
DISPLAY 18 11 8
DISPLAY 20 2 6
DISPLAY 21 2 10
DISPLAY 23 8 3
POSITION 0 1 1
POSITION 1 9 3
POSITION 2 11 9
POSITION 3 2 1
PLAYER 1
.
TICK 19
FIELDS 10 9 12 15 11 15 9 13 3 12 10 8 15 15 4 9 13 10 10 11 14 10 15 10 15 9 9 5 10 15 3 13 10 3 10 13 12 5 7 13 3 15 14 8 9 15 11 3 12 9 11 12 10 4 12 1 13 10 5 5 2 6 5 10 8 14 12 1 10 6 5 9 6 5 12 14 3 14 10 11 12 3 3 10 7 3 10 10 2 11 12 15 2 1 11 6 10 13 6 5 12 9 7 13 2 10 1 11 8 9 7 5 6 10 12 7 5 11 13 12 15 15 3 13 12 1 9 5 6 15 15 6 5 9 13 9 9 15 10 14 14 3 9
DISPLAY 0 12 9
DISPLAY 3 0 7
DISPLAY 4 0 5
DISPLAY 7 4 7
DISPLAY 8 1 2
DISPLAY 9 11 5
DISPLAY 12 7 10
DISPLAY 14 1 9
DISPLAY 15 6 2
DISPLAY 17 3 7
DISPLAY 18 11 8
DISPLAY 20 2 6
DISPLAY 21 2 10
DISPLAY 23 8 3
POSITION 0 1 1
POSITION 1 9 3
POSITION 2 11 9
POSITION 3 2 1
PLAYER 2
.
TICK 19
FIELDS 10 9 12 15 11 15 9 13 3 12 10 8 15 15 4 9 13 10 10 11 14 10 15 10 15 9 9 5 10 15 3 13 10 3 10 13 12 5 7 13 3 15 14 8 9 15 11 3 12 9 11 12 10 4 12 1 13 10 5 5 2 6 5 10 8 12 14 12 1 10 6 5 9 6 5 12 14 3 10 11 12 3 3 10 7 3 10 10 2 11 12 15 2 1 11 6 10 13 6 5 12 9 7 13 2 10 1 11 8 9 7 5 6 10 12 7 5 11 13 12 15 15 3 13 12 1 9 5 6 15 15 6 5 9 13 9 9 15 10 14 14 3 9
DISPLAY 0 12 9
DISPLAY 3 0 7
DISPLAY 4 1 5
DISPLAY 7 4 7
DISPLAY 8 1 2
DISPLAY 9 12 5
DISPLAY 12 7 10
DISPLAY 14 1 9
DISPLAY 15 6 2
DISPLAY 17 3 7
DISPLAY 18 11 8
DISPLAY 20 2 6
DISPLAY 21 2 10
DISPLAY 23 8 3
POSITION 0 1 1
POSITION 1 9 3
POSITION 2 11 3
POSITION 3 2 1
PLAYER 3
.
TICK 20
FIELDS 10 14 12 15 11 15 9 13 3 12 10 8 15 15 9 9 13 10 10 11 14 10 15 10 15 9 9 4 10 15 3 13 10 3 10 13 12 5 7 13 5 15 14 8 9 15 11 3 12 9 11 12 10 3 12 1 13 10 5 5 2 6 5 10 8 12 4 12 1 10 6 5 9 6 5 12 14 3 10 14 12 3 3 10 7 3 10 10 2 11 12 15 11 1 11 6 10 13 6 5 12 9 7 13 2 2 1 11 8 9 7 5 6 10 12 7 5 11 10 12 15 15 3 13 12 1 9 5 6 15 15 13 5 9 13 9 9 15 10 14 14 3 9
DISPLAY 0 12 9
DISPLAY 3 0 7
DISPLAY 4 1 6
DISPLAY 7 4 7
DISPLAY 8 1 3
DISPLAY 9 12 5
DISPLAY 12 7 10
DISPLAY 14 1 10
DISPLAY 15 6 2
DISPLAY 17 3 7
DISPLAY 18 11 8
DISPLAY 20 2 6
DISPLAY 21 2 10
DISPLAY 23 8 3
POSITION 0 1 2
POSITION 1 9 3
POSITION 2 11 3
POSITION 3 2 1
PLAYER 0
MESSAGE OK
TARGET 14
EXTRAFIELD 13
.
TICK 20
FIELDS 13 14 12 15 11 15 9 13 3 12 10 8 15 10 9 9 13 10 10 11 14 10 15 10 15 9 15 4 10 15 3 13 10 3 10 13 12 5 7 9 5 15 14 8 9 15 11 3 12 9 11 12 13 3 12 1 13 10 5 5 2 6 5 10 8 10 4 12 1 10 6 5 9 6 5 12 14 3 12 14 12 3 3 10 7 3 10 10 2 11 12 10 11 1 11 6 10 13 6 5 12 9 7 13 15 2 1 11 8 9 7 5 6 10 12 7 5 2 10 12 15 15 3 13 12 1 9 5 6 15 11 13 5 9 13 9 9 15 10 14 14 3 9
DISPLAY 0 12 9
DISPLAY 3 0 8
DISPLAY 4 1 6
DISPLAY 7 4 7
DISPLAY 8 1 3
DISPLAY 9 12 5
DISPLAY 12 7 10
DISPLAY 14 1 10
DISPLAY 15 6 2
DISPLAY 17 3 7
DISPLAY 18 11 8
DISPLAY 20 2 6
DISPLAY 21 2 10
DISPLAY 23 8 3
POSITION 0 1 2
POSITION 1 9 3
POSITION 2 11 3
POSITION 3 2 1
PLAYER 1
.
TICK 20
FIELDS 13 14 12 15 11 15 9 13 3 12 10 8 9 10 9 9 13 10 10 11 14 10 15 10 15 7 15 4 10 15 3 13 10 3 10 13 12 5 12 9 5 15 14 8 9 15 11 3 12 9 11 8 13 3 12 1 13 10 5 5 2 6 5 10 3 10 4 12 1 10 6 5 9 6 5 12 14 12 12 14 12 3 3 10 7 3 10 10 2 11 13 10 11 1 11 6 10 13 6 5 12 9 7 5 15 2 1 11 8 9 7 5 6 10 12 7 15 2 10 12 15 15 3 13 12 1 9 5 6 9 11 13 5 9 13 9 9 15 10 14 14 3 5
DISPLAY 0 12 8
DISPLAY 3 0 8
DISPLAY 4 1 6
DISPLAY 7 4 7
DISPLAY 8 1 3
DISPLAY 9 12 4
DISPLAY 12 7 10
DISPLAY 14 1 10
DISPLAY 15 6 2
DISPLAY 17 3 7
DISPLAY 18 11 8
DISPLAY 20 2 6
DISPLAY 21 2 10
DISPLAY 23 8 3
POSITION 0 1 2
POSITION 1 9 3
POSITION 2 11 3
POSITION 3 2 1
PLAYER 2
.
TICK 20
FIELDS 13 14 12 15 11 15 9 13 3 12 14 8 9 10 9 9 13 10 10 11 14 10 15 10 15 7 15 4 10 15 3 13 10 3 10 13 10 5 12 9 5 15 14 8 9 15 11 3 12 12 11 8 13 3 12 1 13 10 5 5 2 6 9 10 3 10 4 12 1 10 6 5 9 6 5 5 14 12 12 14 12 3 3 10 7 3 10 10 12 11 13 10 11 1 11 6 10 13 6 5 12 2 7 5 15 2 1 11 8 9 7 5 6 10 9 7 15 2 10 12 15 15 3 13 12 1 9 12 6 9 11 13 5 9 13 9 9 15 10 14 5 3 5
DISPLAY 0 12 8
DISPLAY 3 0 8
DISPLAY 4 1 6
DISPLAY 7 4 7
DISPLAY 8 1 3
DISPLAY 12 7 10
DISPLAY 14 1 10
DISPLAY 15 6 2
DISPLAY 17 3 7
DISPLAY 18 11 8
DISPLAY 20 2 6
DISPLAY 21 2 10
DISPLAY 23 8 3
POSITION 0 1 2
POSITION 1 9 3
POSITION 2 12 4
POSITION 3 2 1
PLAYER 3
.
TICK 21
FIELDS 13 9 12 15 11 15 9 13 3 12 14 8 9 10 4 9 13 10 10 11 14 10 15 10 15 7 15 5 10 15 3 13 10 3 10 13 10 5 12 9 3 15 14 8 9 15 11 3 12 12 11 8 13 4 12 1 13 10 5 5 2 6 9 10 3 10 14 12 1 10 6 5 9 6 5 5 14 12 12 11 12 3 3 10 7 3 10 10 12 11 13 10 2 1 11 6 10 13 6 5 12 2 7 5 15 10 1 11 8 9 7 5 6 10 9 7 15 2 13 12 15 15 3 13 12 1 9 12 6 9 11 6 5 9 13 9 9 15 10 14 5 3 5
DISPLAY 0 12 8
DISPLAY 3 0 8
DISPLAY 4 1 5
DISPLAY 7 4 7
DISPLAY 8 1 2
DISPLAY 12 7 10
DISPLAY 14 1 9
DISPLAY 15 6 2
DISPLAY 17 3 7
DISPLAY 18 11 8
DISPLAY 20 2 6
DISPLAY 21 2 10
DISPLAY 23 8 3
POSITION 0 1 1
POSITION 1 9 3
POSITION 2 12 4
POSITION 3 2 1
PLAYER 0
MESSAGE OK
TARGET 14
EXTRAFIELD 15
.
TICK 21
FIELDS 15 9 12 15 11 15 9 13 3 12 14 8 9 13 4 9 13 10 10 11 14 10 15 10 15 7 10 5 10 15 3 13 10 3 10 13 10 5 12 15 3 15 14 8 9 15 11 3 12 12 11 8 9 4 12 1 13 10 5 5 2 6 9 10 3 13 14 12 1 10 6 5 9 6 5 5 14 12 10 11 12 3 3 10 7 3 10 10 12 11 13 12 2 1 11 6 10 13 6 5 12 2 7 5 10 10 1 11 8 9 7 5 6 10 9 7 15 15 13 12 15 15 3 13 12 1 9 12 6 9 2 6 5 9 13 9 9 15 10 14 5 3 5
DISPLAY 0 12 8
DISPLAY 3 0 9
DISPLAY 4 1 5
DISPLAY 7 4 7
DISPLAY 8 1 2
DISPLAY 12 7 10
DISPLAY 14 1 9
DISPLAY 15 6 2
DISPLAY 17 3 7
DISPLAY 18 11 8
DISPLAY 20 2 6
DISPLAY 21 2 10
DISPLAY 23 8 3
POSITION 0 1 1
POSITION 1 9 3
POSITION 2 12 4
POSITION 3 2 1
PLAYER 1
.
TICK 21
FIELDS 15 9 12 15 11 15 9 13 3 12 14 8 7 13 4 9 13 10 10 11 14 10 15 10 15 12 10 5 10 15 3 13 10 3 10 13 10 5 8 15 3 15 14 8 9 15 11 3 12 12 11 3 9 4 12 1 13 10 5 5 2 6 9 10 12 13 14 12 1 10 6 5 9 6 5 5 14 13 10 11 12 3 3 10 7 3 10 10 12 11 5 12 2 1 11 6 10 13 6 5 12 2 7 15 10 10 1 11 8 9 7 5 6 10 9 7 9 15 13 12 15 15 3 13 12 1 9 12 6 5 2 6 5 9 13 9 9 15 10 14 5 3 15
DISPLAY 0 12 7
DISPLAY 3 0 9
DISPLAY 4 1 5
DISPLAY 7 4 7
DISPLAY 8 1 2
DISPLAY 12 7 10
DISPLAY 14 1 9
DISPLAY 15 6 2
DISPLAY 17 3 7
DISPLAY 18 11 8
DISPLAY 20 2 6
DISPLAY 21 2 10
DISPLAY 23 8 3
POSITION 0 1 1
POSITION 1 9 3
POSITION 2 12 3
POSITION 3 2 1
PLAYER 2
.
TICK 21
FIELDS 15 9 12 15 11 15 9 13 3 12 10 8 7 13 4 9 13 10 10 11 14 10 15 10 15 12 10 5 10 15 3 13 10 3 10 13 12 5 8 15 3 15 14 8 9 15 11 3 12 9 11 3 9 4 12 1 13 10 5 5 2 6 5 10 12 13 14 12 1 10 6 5 9 6 5 12 14 13 10 11 12 3 3 10 7 3 10 10 2 11 5 12 2 1 11 6 10 13 6 5 12 9 7 15 10 10 1 11 8 9 7 5 6 10 12 7 9 15 13 12 15 15 3 13 12 1 9 5 6 5 2 6 5 9 13 9 9 15 10 14 14 3 15
DISPLAY 0 12 7
DISPLAY 3 0 9
DISPLAY 4 1 5
DISPLAY 7 4 7
DISPLAY 8 1 2
DISPLAY 12 7 10
DISPLAY 14 1 9
DISPLAY 15 6 2
DISPLAY 17 3 7
DISPLAY 18 11 8
DISPLAY 20 2 6
DISPLAY 21 2 10
DISPLAY 23 8 3
POSITION 0 1 1
POSITION 1 9 3
POSITION 2 11 9
POSITION 3 2 1
PLAYER 3
.
TICK 22
FIELDS 15 14 12 15 11 15 9 13 3 12 10 8 7 13 9 9 13 10 10 11 14 10 15 10 15 12 10 4 10 15 3 13 10 3 10 13 12 5 8 15 5 15 14 8 9 15 11 3 12 9 11 3 9 3 12 1 13 10 5 5 2 6 5 10 12 13 4 12 1 10 6 5 9 6 5 12 14 13 10 14 12 3 3 10 7 3 10 10 2 11 5 12 11 1 11 6 10 13 6 5 12 9 7 15 10 2 1 11 8 9 7 5 6 10 12 7 9 15 10 12 15 15 3 13 12 1 9 5 6 5 2 13 5 9 13 9 9 15 10 14 14 3 15
DISPLAY 0 12 7
DISPLAY 3 0 9
DISPLAY 4 1 6
DISPLAY 7 4 7
DISPLAY 8 1 3
DISPLAY 12 7 10
DISPLAY 14 1 10
DISPLAY 15 6 2
DISPLAY 17 3 7
DISPLAY 18 11 8
DISPLAY 20 2 6
DISPLAY 21 2 10
DISPLAY 23 8 3
POSITION 0 1 2
POSITION 1 9 3
POSITION 2 11 9
POSITION 3 2 1
PLAYER 0
MESSAGE OK
TARGET 14
EXTRAFIELD 11
.
TICK 22
FIELDS 15 14 12 15 11 15 9 13 3 12 10 8 7 13 9 9 13 10 10 11 14 10 15 10 15 12 4 10 15 3 13 10 3 10 13 12 5 8 11 15 5 15 14 8 9 15 11 3 12 9 11 3 9 3 12 1 13 10 5 5 2 6 5 10 12 13 4 12 1 10 6 5 9 6 5 12 14 13 10 14 12 3 3 10 7 3 10 10 2 11 5 12 11 1 11 6 10 13 6 5 12 9 7 15 10 2 1 11 8 9 7 5 6 10 12 7 9 15 10 12 15 15 3 13 12 1 9 5 6 5 2 13 5 9 13 9 9 15 10 14 14 3 15
DISPLAY 0 12 7
DISPLAY 3 0 9
DISPLAY 4 1 6
DISPLAY 7 4 7
DISPLAY 8 1 3
DISPLAY 12 7 10
DISPLAY 14 1 10
DISPLAY 15 5 2
DISPLAY 17 3 7
DISPLAY 18 11 8
DISPLAY 20 2 6
DISPLAY 21 2 10
DISPLAY 23 8 3
POSITION 0 0 4
POSITION 1 9 3
POSITION 2 11 9
POSITION 3 2 1
PLAYER 1
.
TICK 22
FIELDS 15 14 12 15 11 15 9 13 3 12 10 8 7 13 9 9 13 10 10 11 14 10 15 10 15 12 4 10 15 3 13 10 3 10 13 12 5 8 11 15 5 15 14 8 9 15 11 3 12 9 11 3 9 3 12 1 13 10 5 5 2 6 5 10 12 13 4 12 1 10 6 5 9 6 5 12 14 13 10 14 12 3 3 10 7 3 10 10 2 11 5 12 11 1 11 6 10 13 6 5 12 9 7 15 2 1 11 8 9 7 5 6 10 12 7 9 9 15 10 12 15 15 3 13 12 1 9 5 6 5 2 13 5 9 13 9 9 15 10 14 14 3 15
DISPLAY 0 12 7
DISPLAY 3 0 9
DISPLAY 4 1 6
DISPLAY 7 4 7
DISPLAY 8 1 3
DISPLAY 12 7 10
DISPLAY 14 1 10
DISPLAY 15 5 2
DISPLAY 17 3 7
DISPLAY 18 10 8
DISPLAY 20 2 6
DISPLAY 21 2 10
DISPLAY 23 8 3
POSITION 0 0 4
POSITION 1 9 3
POSITION 2 11 9
POSITION 3 2 1
PLAYER 2
.
TICK 22
FIELDS 15 14 12 15 11 15 9 13 3 12 14 8 7 13 9 9 13 10 10 11 14 10 15 10 15 12 4 10 15 3 13 10 3 10 13 12 10 8 11 15 5 15 14 8 9 15 11 3 12 5 11 3 9 3 12 1 13 10 5 5 2 6 9 10 12 13 4 12 1 10 6 5 9 6 5 5 14 13 10 14 12 3 3 10 7 3 10 10 12 11 5 12 11 1 11 6 10 13 6 5 12 2 7 15 2 1 11 8 9 7 5 6 10 12 9 9 9 15 10 12 15 15 3 13 12 1 9 7 6 5 2 13 5 9 13 9 9 15 10 14 5 3 15
DISPLAY 0 12 7
DISPLAY 3 0 9
DISPLAY 4 1 6
DISPLAY 7 4 7
DISPLAY 8 1 3
DISPLAY 12 7 10
DISPLAY 14 1 10
DISPLAY 15 5 2
DISPLAY 17 3 7
DISPLAY 18 10 9
DISPLAY 20 2 6
DISPLAY 21 2 10
DISPLAY 23 8 3
POSITION 0 0 4
POSITION 1 9 3
POSITION 2 11 9
POSITION 3 2 1
PLAYER 3
.
TICK 23
FIELDS 15 9 12 15 11 15 9 13 3 12 14 8 7 13 10 9 13 10 10 11 14 10 15 10 15 12 4 5 15 3 13 10 3 10 13 12 10 8 11 15 3 15 14 8 9 15 11 3 12 5 11 3 9 4 12 1 13 10 5 5 2 6 9 10 12 13 14 12 1 10 6 5 9 6 5 5 14 13 10 11 12 3 3 10 7 3 10 10 12 11 5 12 1 1 11 6 10 13 6 5 12 2 7 15 2 10 11 8 9 7 5 6 10 12 9 9 9 15 13 12 15 15 3 13 12 1 9 7 6 5 2 6 5 9 13 9 9 15 10 14 5 3 15
DISPLAY 0 12 7
DISPLAY 3 0 9
DISPLAY 4 1 5
DISPLAY 7 4 7
DISPLAY 8 1 2
DISPLAY 12 7 10
DISPLAY 14 1 9
DISPLAY 15 5 2
DISPLAY 17 3 7
DISPLAY 18 10 9
DISPLAY 20 2 6
DISPLAY 21 2 10
DISPLAY 23 8 3
POSITION 0 0 4
POSITION 1 9 3
POSITION 2 11 9
POSITION 3 2 1
PLAYER 0
MESSAGE OK
TARGET 14
EXTRAFIELD 10
.
TICK 23
FIELDS 15 5 12 15 11 15 9 13 3 12 14 8 7 13 9 9 13 10 10 11 14 10 15 10 15 12 4 10 15 3 13 10 3 10 13 12 10 8 11 15 5 15 14 8 9 15 11 3 12 5 11 3 9 3 12 1 13 10 5 5 2 6 9 10 12 13 4 12 1 10 6 5 9 6 5 5 14 13 10 14 12 3 3 10 7 3 10 10 12 11 5 12 11 1 11 6 10 13 6 5 12 2 7 15 2 1 11 8 9 7 5 6 10 12 9 9 9 15 10 12 15 15 3 13 12 1 9 7 6 5 2 13 5 9 13 9 9 15 10 14 5 3 15
DISPLAY 0 12 7
DISPLAY 3 0 9
DISPLAY 4 1 6
DISPLAY 7 4 7
DISPLAY 8 1 3
DISPLAY 12 7 10
DISPLAY 14 1 10
DISPLAY 15 5 2
DISPLAY 17 3 7
DISPLAY 18 10 9
DISPLAY 20 2 6
DISPLAY 21 2 10
DISPLAY 23 8 3
POSITION 0 0 4
POSITION 1 9 3
POSITION 2 11 9
POSITION 3 2 1
PLAYER 1
.
TICK 23
FIELDS 15 5 12 15 11 15 9 13 3 12 14 8 7 13 9 9 13 10 10 11 14 10 15 10 15 12 4 10 15 3 13 10 3 10 13 12 10 8 11 15 5 15 14 8 9 15 11 3 12 5 11 3 9 3 12 1 13 10 5 5 2 6 9 10 12 13 4 12 1 10 6 5 9 6 5 5 14 13 10 10 14 12 3 3 10 7 3 10 10 12 11 12 11 1 11 6 10 13 6 5 12 2 7 15 2 1 11 8 9 7 5 6 10 12 9 9 9 15 10 12 15 15 3 13 12 1 9 7 6 5 2 13 5 9 13 9 9 15 10 14 5 3 15
DISPLAY 0 12 7
DISPLAY 3 0 9
DISPLAY 4 2 6
DISPLAY 7 4 7
DISPLAY 8 1 3
DISPLAY 12 7 10
DISPLAY 14 1 10
DISPLAY 15 5 2
DISPLAY 17 3 7
DISPLAY 18 10 9
DISPLAY 20 3 6
DISPLAY 21 2 10
DISPLAY 23 8 3
POSITION 0 0 4
POSITION 1 9 3
POSITION 2 11 9
POSITION 3 2 1
PLAYER 2
.
TICK 23
FIELDS 14 5 12 15 11 15 9 13 3 12 14 8 7 15 9 9 13 10 10 11 14 10 15 10 15 12 13 10 15 3 13 10 3 10 13 12 10 8 11 4 5 15 14 8 9 15 11 3 12 5 11 3 15 3 12 1 13 10 5 5 2 6 9 10 12 9 4 12 1 10 6 5 9 6 5 5 14 13 13 10 14 12 3 3 10 7 3 10 10 12 11 10 11 1 11 6 10 13 6 5 12 2 7 15 12 1 11 8 9 7 5 6 10 12 9 9 9 2 10 12 15 15 3 13 12 1 9 7 6 5 15 13 5 9 13 9 9 15 10 14 5 3 15
DISPLAY 0 12 7
DISPLAY 3 0 10
DISPLAY 4 2 6
DISPLAY 7 4 7
DISPLAY 8 1 3
DISPLAY 12 7 10
DISPLAY 14 1 10
DISPLAY 15 5 2
DISPLAY 17 3 7
DISPLAY 18 10 9
DISPLAY 20 3 6
DISPLAY 21 2 10
DISPLAY 23 8 3
POSITION 0 0 5
POSITION 1 9 3
POSITION 2 11 9
POSITION 3 2 1
PLAYER 3
.
TICK 24
FIELDS 14 14 12 15 11 15 9 13 3 12 14 8 7 15 5 9 13 10 10 11 14 10 15 10 15 12 13 9 15 3 13 10 3 10 13 12 10 8 11 4 10 15 14 8 9 15 11 3 12 5 11 3 15 5 12 1 13 10 5 5 2 6 9 10 12 9 3 12 1 10 6 5 9 6 5 5 14 13 13 4 14 12 3 3 10 7 3 10 10 12 11 10 10 1 11 6 10 13 6 5 12 2 7 15 12 11 11 8 9 7 5 6 10 12 9 9 9 2 1 12 15 15 3 13 12 1 9 7 6 5 15 10 5 9 13 9 9 15 10 14 5 3 15
DISPLAY 0 12 7
DISPLAY 3 0 10
DISPLAY 4 2 6
DISPLAY 7 4 7
DISPLAY 8 1 4
DISPLAY 12 7 10
DISPLAY 14 1 0
DISPLAY 15 5 2
DISPLAY 17 3 7
DISPLAY 18 10 9
DISPLAY 20 3 6
DISPLAY 21 2 10
DISPLAY 23 8 3
POSITION 0 0 5
POSITION 1 9 3
POSITION 2 11 9
POSITION 3 2 1
PLAYER 0
MESSAGE OK
TARGET 14
EXTRAFIELD 6
.
TICK 24
FIELDS 15 14 12 15 11 15 9 13 3 12 14 8 7 13 5 9 13 10 10 11 14 10 15 10 15 12 4 9 15 3 13 10 3 10 13 12 10 8 11 15 10 15 14 8 9 15 11 3 12 5 11 3 9 5 12 1 13 10 5 5 2 6 9 10 12 13 3 12 1 10 6 5 9 6 5 5 14 13 10 4 14 12 3 3 10 7 3 10 10 12 11 12 10 1 11 6 10 13 6 5 12 2 7 15 2 11 11 8 9 7 5 6 10 12 9 9 9 15 1 12 15 15 3 13 12 1 9 7 6 5 6 10 5 9 13 9 9 15 10 14 5 3 15
DISPLAY 0 12 7
DISPLAY 3 0 9
DISPLAY 4 2 6
DISPLAY 7 4 7
DISPLAY 8 1 4
DISPLAY 12 7 10
DISPLAY 15 5 2
DISPLAY 17 3 7
DISPLAY 18 10 9
DISPLAY 20 3 6
DISPLAY 21 2 10
DISPLAY 23 8 3
POSITION 0 1 0
POSITION 1 9 3
POSITION 2 11 9
POSITION 3 2 1
PLAYER 1
.
TICK 24
FIELDS 15 14 12 15 11 15 9 13 3 12 10 8 7 13 5 9 13 10 10 11 14 10 15 10 15 12 4 9 15 3 13 10 3 10 13 12 5 8 11 15 10 15 14 8 9 15 11 3 12 9 11 3 9 5 12 1 13 10 5 5 2 6 5 10 12 13 3 12 1 10 6 5 9 6 5 10 14 13 10 4 14 12 3 3 10 7 3 10 2 12 11 12 10 1 11 6 10 13 6 5 12 9 7 15 2 11 11 8 9 7 5 6 10 12 7 9 9 15 1 12 15 15 3 13 12 1 9 5 6 5 6 10 5 9 13 9 9 15 10 14 5 3 15
DISPLAY 0 12 7
DISPLAY 3 0 9
DISPLAY 4 2 6
DISPLAY 7 4 7
DISPLAY 8 1 4
DISPLAY 12 7 10
DISPLAY 15 5 2
DISPLAY 17 3 7
DISPLAY 18 10 8
DISPLAY 20 3 6
DISPLAY 21 2 10
DISPLAY 23 8 3
POSITION 0 1 0
POSITION 1 9 3
POSITION 2 11 9
POSITION 3 2 1
PLAYER 2
.
TICK 24
FIELDS 15 14 12 15 11 15 9 13 3 12 2 8 7 13 5 9 13 10 10 11 14 10 15 10 15 12 4 9 15 3 13 10 3 10 13 12 10 8 11 15 10 15 14 8 9 15 11 3 12 5 11 3 9 5 12 1 13 10 5 5 2 6 9 10 12 13 3 12 1 10 6 5 9 6 5 5 14 13 10 4 14 12 3 3 10 7 3 10 10 12 11 12 10 1 11 6 10 13 6 5 12 2 7 15 2 11 11 8 9 7 5 6 10 12 9 9 9 15 1 12 15 15 3 13 12 1 9 7 6 5 6 10 5 9 13 9 9 15 10 14 5 3 15
DISPLAY 0 12 7
DISPLAY 3 0 9
DISPLAY 4 2 6
DISPLAY 7 4 7
DISPLAY 8 1 4
DISPLAY 12 7 10
DISPLAY 15 5 2
DISPLAY 17 3 7
DISPLAY 18 10 9
DISPLAY 20 3 6
DISPLAY 21 2 10
DISPLAY 23 8 3
POSITION 0 1 0
POSITION 1 9 3
POSITION 2 11 9
POSITION 3 2 1
PLAYER 3
.
TICK 25
FIELDS 15 13 12 15 11 15 9 13 3 12 2 8 7 13 14 9 13 10 10 11 14 10 15 10 15 12 4 5 15 3 13 10 3 10 13 12 10 8 11 15 9 15 14 8 9 15 11 3 12 5 11 3 9 10 12 1 13 10 5 5 2 6 9 10 12 13 5 12 1 10 6 5 9 6 5 5 14 13 10 3 14 12 3 3 10 7 3 10 10 12 11 12 4 1 11 6 10 13 6 5 12 2 7 15 2 10 11 8 9 7 5 6 10 12 9 9 9 15 11 12 15 15 3 13 12 1 9 7 6 5 6 1 5 9 13 9 9 15 10 14 5 3 15
DISPLAY 0 12 7
DISPLAY 3 0 9
DISPLAY 4 2 6
DISPLAY 7 4 7
DISPLAY 8 1 5
DISPLAY 12 7 10
DISPLAY 15 5 2
DISPLAY 17 3 7
DISPLAY 18 10 9
DISPLAY 20 3 6
DISPLAY 21 2 10
DISPLAY 23 8 3
POSITION 0 1 1
POSITION 1 9 3
POSITION 2 11 9
POSITION 3 2 1
PLAYER 0
MESSAGE OK
TARGET 17
EXTRAFIELD 14
.
TICK 25
FIELDS 15 13 9 15 11 15 9 13 3 12 2 8 7 13 14 15 13 10 10 11 14 10 15 10 15 12 4 5 15 3 13 10 3 10 13 12 10 8 11 15 9 12 14 8 9 15 11 3 12 5 11 3 9 10 12 1 13 10 5 5 2 6 9 10 12 13 5 14 1 10 6 5 9 6 5 5 14 13 10 3 1 12 3 3 10 7 3 10 10 12 11 12 4 11 11 6 10 13 6 5 12 2 7 15 2 10 12 8 9 7 5 6 10 12 9 9 9 15 11 5 15 15 3 13 12 1 9 7 6 5 6 1 14 9 13 9 9 15 10 14 5 3 15
DISPLAY 0 12 7
DISPLAY 3 0 9
DISPLAY 4 2 5
DISPLAY 7 4 7
DISPLAY 8 1 5
DISPLAY 12 7 10
DISPLAY 15 5 2
DISPLAY 17 3 7
DISPLAY 18 10 9
DISPLAY 20 3 6
DISPLAY 21 2 9
DISPLAY 23 8 3
POSITION 0 2 0
POSITION 1 9 3
POSITION 2 11 9
POSITION 3 2 0
PLAYER 1
.
TICK 25
FIELDS 15 13 15 15 11 15 9 13 3 12 2 8 7 13 14 15 13 10 10 11 14 10 15 10 15 12 4 5 12 3 13 10 3 10 13 12 10 8 11 15 9 12 14 8 9 15 11 3 12 5 11 3 9 10 14 1 13 10 5 5 2 6 9 10 12 13 5 1 1 10 6 5 9 6 5 5 14 13 10 3 11 12 3 3 10 7 3 10 10 12 11 12 4 12 11 6 10 13 6 5 12 2 7 15 2 10 5 8 9 7 5 6 10 12 9 9 9 15 11 14 15 15 3 13 12 1 9 7 6 5 6 1 14 9 13 9 9 15 10 14 5 3 15
DISPLAY 0 12 7
DISPLAY 3 0 9
DISPLAY 4 2 4
DISPLAY 7 4 7
DISPLAY 8 1 5
DISPLAY 12 7 10
DISPLAY 15 5 2
DISPLAY 17 3 7
DISPLAY 18 10 9
DISPLAY 20 3 6
DISPLAY 21 2 8
DISPLAY 23 8 3
POSITION 0 2 10
POSITION 1 9 3
POSITION 2 11 9
POSITION 3 2 10
PLAYER 2
.
TICK 25
FIELDS 5 13 15 15 11 15 9 13 3 12 2 8 7 15 14 15 13 10 10 11 14 10 15 10 15 12 13 5 12 3 13 10 3 10 13 12 10 8 11 4 9 12 14 8 9 15 11 3 12 5 11 3 15 10 14 1 13 10 5 5 2 6 9 10 12 9 5 1 1 10 6 5 9 6 5 5 14 13 13 3 11 12 3 3 10 7 3 10 10 12 11 10 4 12 11 6 10 13 6 5 12 2 7 15 12 10 5 8 9 7 5 6 10 12 9 9 9 2 11 14 15 15 3 13 12 1 9 7 6 5 15 1 14 9 13 9 9 15 10 14 5 3 15
DISPLAY 0 12 7
DISPLAY 3 0 10
DISPLAY 4 2 4
DISPLAY 7 4 7
DISPLAY 8 1 5
DISPLAY 12 7 10
DISPLAY 15 5 2
DISPLAY 17 3 7
DISPLAY 18 10 9
DISPLAY 20 3 6
DISPLAY 21 2 8
DISPLAY 23 8 3
POSITION 0 2 10
POSITION 1 9 3
POSITION 2 11 9
POSITION 3 2 10
PLAYER 3
.
TICK 26
FIELDS 5 10 15 15 11 15 9 13 3 12 2 8 7 15 13 15 13 10 10 11 14 10 15 10 15 12 13 14 12 3 13 10 3 10 13 12 10 8 11 4 5 12 14 8 9 15 11 3 12 5 11 3 15 9 14 1 13 10 5 5 2 6 9 10 12 9 10 1 1 10 6 5 9 6 5 5 14 13 13 5 11 12 3 3 10 7 3 10 10 12 11 10 3 12 11 6 10 13 6 5 12 2 7 15 12 4 5 8 9 7 5 6 10 12 9 9 9 2 10 14 15 15 3 13 12 1 9 7 6 5 15 11 14 9 13 9 9 15 10 14 5 3 15
DISPLAY 0 12 7
DISPLAY 3 0 10
DISPLAY 4 2 4
DISPLAY 7 4 7
DISPLAY 8 1 6
DISPLAY 12 7 10
DISPLAY 15 5 2
DISPLAY 17 3 7
DISPLAY 18 10 9
DISPLAY 20 3 6
DISPLAY 21 2 8
DISPLAY 23 8 3
POSITION 0 2 10
POSITION 1 9 3
POSITION 2 11 9
POSITION 3 2 10
PLAYER 0
MESSAGE OK
TARGET 17
EXTRAFIELD 12
.
TICK 26
FIELDS 15 10 15 15 11 15 9 13 3 12 2 8 7 13 13 15 13 10 10 11 14 10 15 10 15 12 4 14 12 3 13 10 3 10 13 12 10 8 11 15 5 12 14 8 9 15 11 3 12 5 11 3 9 9 14 1 13 10 5 5 2 6 9 10 12 13 10 1 1 10 6 5 9 6 5 5 14 13 10 5 11 12 3 3 10 7 3 10 10 12 11 12 3 12 11 6 10 13 6 5 12 2 7 15 2 4 5 8 9 7 5 6 10 12 9 9 9 15 10 14 15 15 3 13 12 1 9 7 6 5 9 11 14 9 13 9 9 15 10 14 5 3 15
DISPLAY 0 12 7
DISPLAY 3 0 9
DISPLAY 4 2 4
DISPLAY 7 4 7
DISPLAY 8 1 6
DISPLAY 12 7 10
DISPLAY 15 5 2
DISPLAY 18 10 9
DISPLAY 20 3 6
DISPLAY 21 2 8
DISPLAY 23 8 3
POSITION 0 3 7
POSITION 1 9 3
POSITION 2 11 9
POSITION 3 2 10
PLAYER 1
.
TICK 26
FIELDS 10 15 15 11 15 9 13 3 12 2 8 7 9 13 13 15 13 10 10 11 14 10 15 10 15 12 4 14 12 3 13 10 3 10 13 12 10 8 11 15 5 12 14 8 9 15 11 3 12 5 11 3 9 9 14 1 13 10 5 5 2 6 9 10 12 13 10 1 1 10 6 5 9 6 5 5 14 13 10 5 11 12 3 3 10 7 3 10 10 12 11 12 3 12 11 6 10 13 6 5 12 2 7 15 2 4 5 8 9 7 5 6 10 12 9 9 9 15 10 14 15 15 3 13 12 1 9 7 6 5 9 11 14 9 13 9 9 15 10 14 5 3 15
DISPLAY 0 12 7
DISPLAY 3 0 9
DISPLAY 4 2 4
DISPLAY 7 4 7
DISPLAY 8 1 6
DISPLAY 12 7 10
DISPLAY 15 5 2
DISPLAY 18 10 9
DISPLAY 20 3 6
DISPLAY 21 2 8
DISPLAY 23 8 3
POSITION 0 3 7
POSITION 1 9 3
POSITION 2 11 9
POSITION 3 2 10
PLAYER 2
.
TICK 26
FIELDS 6 15 15 11 15 9 13 3 12 2 8 7 9 10 13 15 13 10 10 11 14 10 15 10 15 12 13 14 12 3 13 10 3 10 13 12 10 8 11 4 5 12 14 8 9 15 11 3 12 5 11 3 15 9 14 1 13 10 5 5 2 6 9 10 12 9 10 1 1 10 6 5 9 6 5 5 14 13 13 5 11 12 3 3 10 7 3 10 10 12 11 10 3 12 11 6 10 13 6 5 12 2 7 15 12 4 5 8 9 7 5 6 10 12 9 9 9 2 10 14 15 15 3 13 12 1 9 7 6 5 15 11 14 9 13 9 9 15 10 14 5 3 15
DISPLAY 0 12 7
DISPLAY 3 0 10
DISPLAY 4 2 4
DISPLAY 7 4 7
DISPLAY 8 1 6
DISPLAY 12 7 10
DISPLAY 15 5 2
DISPLAY 18 10 9
DISPLAY 20 3 6
DISPLAY 21 2 8
DISPLAY 23 8 3
POSITION 0 3 7
POSITION 1 9 3
POSITION 2 11 9
POSITION 3 2 10
PLAYER 3
.
TICK 27
FIELDS 6 1 15 11 15 9 13 3 12 2 8 7 9 10 15 15 13 10 10 11 14 10 15 10 15 12 13 13 12 3 13 10 3 10 13 12 10 8 11 4 14 12 14 8 9 15 11 3 12 5 11 3 15 5 14 1 13 10 5 5 2 6 9 10 12 9 9 1 1 10 6 5 9 6 5 5 14 13 13 10 11 12 3 3 10 7 3 10 10 12 11 10 5 12 11 6 10 13 6 5 12 2 7 15 12 3 5 8 9 7 5 6 10 12 9 9 9 2 4 14 15 15 3 13 12 1 9 7 6 5 15 10 14 9 13 9 9 15 10 14 5 3 15
DISPLAY 0 12 7
DISPLAY 3 0 10
DISPLAY 4 2 4
DISPLAY 7 4 7
DISPLAY 8 1 7
DISPLAY 12 7 10
DISPLAY 15 5 2
DISPLAY 18 10 9
DISPLAY 20 3 6
DISPLAY 21 2 8
DISPLAY 23 8 3
POSITION 0 3 7
POSITION 1 9 3
POSITION 2 11 9
POSITION 3 2 10
PLAYER 0
MESSAGE OK
TARGET 23
EXTRAFIELD 5
.
TICK 27
FIELDS 6 1 15 13 15 9 13 3 12 2 8 7 9 10 15 15 3 10 10 11 14 10 15 10 15 12 13 13 12 14 13 10 3 10 13 12 10 8 11 4 14 12 1 8 9 15 11 3 12 5 11 3 15 5 14 1 13 10 5 5 2 6 9 10 12 9 9 1 12 10 6 5 9 6 5 5 14 13 13 10 11 11 3 3 10 7 3 10 10 12 11 10 5 12 8 6 10 13 6 5 12 2 7 15 12 3 5 15 9 7 5 6 10 12 9 9 9 2 4 14 9 15 3 13 12 1 9 7 6 5 15 10 14 5 13 9 9 15 10 14 5 3 15
DISPLAY 0 12 7
DISPLAY 3 0 10
DISPLAY 4 2 4
DISPLAY 7 4 7
DISPLAY 8 1 7
DISPLAY 12 7 10
DISPLAY 15 5 2
DISPLAY 18 10 9
DISPLAY 20 3 5
DISPLAY 21 2 8
DISPLAY 23 8 3
POSITION 0 5 6
POSITION 1 9 3
POSITION 2 11 9
POSITION 3 2 10
PLAYER 1
.
TICK 27
FIELDS 6 1 15 3 15 9 13 3 12 2 8 7 9 10 15 15 14 10 10 11 14 10 15 10 15 12 13 13 12 1 13 10 3 10 13 12 10 8 11 4 14 12 1 8 9 15 11 3 12 5 11 3 15 5 14 12 13 10 5 5 2 6 9 10 12 9 9 1 11 10 6 5 9 6 5 5 14 13 13 10 11 8 3 3 10 7 3 10 10 12 11 10 5 12 15 6 10 13 6 5 12 2 7 15 12 3 5 9 9 7 5 6 10 12 9 9 9 2 4 14 5 15 3 13 12 1 9 7 6 5 15 10 14 15 13 9 9 15 10 14 5 3 15
DISPLAY 0 12 7
DISPLAY 3 0 10
DISPLAY 4 2 4
DISPLAY 7 4 7
DISPLAY 8 1 7
DISPLAY 12 7 10
DISPLAY 15 5 2
DISPLAY 18 10 9
DISPLAY 20 3 4
DISPLAY 21 2 8
DISPLAY 23 8 3
POSITION 0 5 6
POSITION 1 9 3
POSITION 2 11 9
POSITION 3 2 10
PLAYER 2
.
TICK 27
FIELDS 6 1 15 3 15 9 13 3 12 2 10 7 9 10 15 15 14 10 10 11 14 10 15 10 15 12 13 13 12 1 13 10 3 10 13 12 5 8 11 4 14 12 1 8 9 15 11 3 12 9 11 3 15 5 14 12 13 10 5 5 2 6 5 10 12 9 9 1 11 10 6 5 9 6 5 10 14 13 13 10 11 8 3 3 10 7 3 10 2 12 11 10 5 12 15 6 10 13 6 5 12 9 7 15 12 3 5 9 9 7 5 6 10 12 7 9 9 2 4 14 5 15 3 13 12 1 9 5 6 5 15 10 14 15 13 9 9 15 10 14 9 3 15
DISPLAY 0 12 7
DISPLAY 3 0 10
DISPLAY 4 2 4
DISPLAY 7 4 7
DISPLAY 8 1 7
DISPLAY 12 7 10
DISPLAY 15 5 2
DISPLAY 20 3 4
DISPLAY 21 2 8
DISPLAY 23 8 3
POSITION 0 5 6
POSITION 1 9 3
POSITION 2 10 8
POSITION 3 2 10
PLAYER 3
.
TICK 28
FIELDS 6 15 15 3 15 9 13 3 12 2 10 7 9 10 13 15 14 10 10 11 14 10 15 10 15 12 13 14 12 1 13 10 3 10 13 12 5 8 11 4 5 12 1 8 9 15 11 3 12 9 11 3 15 9 14 12 13 10 5 5 2 6 5 10 12 9 10 1 11 10 6 5 9 6 5 10 14 13 13 5 11 8 3 3 10 7 3 10 2 12 11 10 3 12 15 6 10 13 6 5 12 9 7 15 12 4 5 9 9 7 5 6 10 12 7 9 9 2 10 14 5 15 3 13 12 1 9 5 6 5 15 11 14 15 13 9 9 15 10 14 9 3 15
DISPLAY 0 12 7
DISPLAY 3 0 10
DISPLAY 4 2 4
DISPLAY 7 4 7
DISPLAY 8 1 6
DISPLAY 12 7 10
DISPLAY 15 5 2
DISPLAY 20 3 4
DISPLAY 21 2 8
DISPLAY 23 8 3
POSITION 0 5 6
POSITION 1 9 3
POSITION 2 10 8
POSITION 3 2 10
PLAYER 0
MESSAGE OK
TARGET 23
EXTRAFIELD 11
.
TICK 28
FIELDS 6 15 15 3 15 9 13 3 12 2 10 7 9 10 13 15 14 10 10 11 14 10 15 10 15 12 13 14 12 1 13 10 3 10 13 12 5 8 11 4 5 12 1 8 9 15 11 3 12 9 11 3 15 9 14 12 13 10 5 5 2 6 5 10 12 9 10 1 11 10 6 5 9 6 5 10 14 13 11 13 5 11 8 3 3 10 7 3 10 2 12 10 3 12 15 6 10 13 6 5 12 9 7 15 12 4 5 9 9 7 5 6 10 12 7 9 9 2 10 14 5 15 3 13 12 1 9 5 6 5 15 11 14 15 13 9 9 15 10 14 9 3 15
DISPLAY 0 12 7
DISPLAY 3 0 10
DISPLAY 4 2 4
DISPLAY 7 4 7
DISPLAY 8 2 6
DISPLAY 12 7 10
DISPLAY 15 5 2
DISPLAY 20 3 4
DISPLAY 21 2 8
POSITION 0 8 3
POSITION 1 9 3
POSITION 2 10 8
POSITION 3 2 10
PLAYER 1
.
TICK 28
FIELDS 6 15 15 3 15 9 13 3 12 2 10 7 9 10 13 12 14 10 10 11 14 10 15 10 15 12 13 14 12 1 13 10 3 10 13 12 5 8 11 4 5 14 1 8 9 15 11 3 12 9 11 3 15 9 1 12 13 10 5 5 2 6 5 10 12 9 10 5 11 10 6 5 9 6 5 10 14 13 11 13 12 11 8 3 3 10 7 3 10 2 12 10 3 5 15 6 10 13 6 5 12 9 7 15 12 4 14 9 9 7 5 6 10 12 7 9 9 2 10 14 5 15 3 13 12 1 9 5 6 5 15 11 13 15 13 9 9 15 10 14 9 3 15
DISPLAY 0 12 7
DISPLAY 3 0 10
DISPLAY 4 2 3
DISPLAY 7 4 7
DISPLAY 8 2 5
DISPLAY 12 7 10
DISPLAY 15 5 2
DISPLAY 20 3 4
DISPLAY 21 2 7
POSITION 0 8 3
POSITION 1 9 3
POSITION 2 10 8
POSITION 3 2 9
PLAYER 2
.
TICK 28
FIELDS 6 15 8 3 15 9 13 3 12 2 10 7 9 10 13 15 14 10 10 11 14 10 15 10 15 12 13 14 12 1 13 10 3 10 13 12 5 8 11 4 5 12 1 8 9 15 11 3 12 9 11 3 15 9 14 12 13 10 5 5 2 6 5 10 12 9 10 1 11 10 6 5 9 6 5 10 14 13 11 13 5 11 8 3 3 10 7 3 10 2 12 10 3 12 15 6 10 13 6 5 12 9 7 15 12 4 5 9 9 7 5 6 10 12 7 9 9 2 10 14 5 15 3 13 12 1 9 5 6 5 15 11 14 15 13 9 9 15 10 14 9 3 15
DISPLAY 0 12 7
DISPLAY 3 0 10
DISPLAY 4 2 4
DISPLAY 7 4 7
DISPLAY 8 2 6
DISPLAY 12 7 10
DISPLAY 15 5 2
DISPLAY 20 3 4
DISPLAY 21 2 8
POSITION 0 8 3
POSITION 1 9 3
POSITION 2 9 8
POSITION 3 2 10
PLAYER 3
.
TICK 29
FIELDS 6 1 8 3 15 9 13 3 12 2 10 7 9 10 15 15 14 10 10 11 14 10 15 10 15 12 13 13 12 1 13 10 3 10 13 12 5 8 11 4 14 12 1 8 9 15 11 3 12 9 11 3 15 5 14 12 13 10 5 5 2 6 5 10 12 9 9 1 11 10 6 5 9 6 5 10 14 13 11 10 5 11 8 3 3 10 7 3 10 2 12 10 13 12 15 6 10 13 6 5 12 9 7 15 12 3 5 9 9 7 5 6 10 12 7 9 9 2 4 14 5 15 3 13 12 1 9 5 6 5 15 10 14 15 13 9 9 15 10 14 9 3 15
DISPLAY 0 12 7
DISPLAY 3 0 10
DISPLAY 4 2 4
DISPLAY 7 4 7
DISPLAY 8 2 6
DISPLAY 12 7 10
DISPLAY 15 5 2
DISPLAY 20 3 4
DISPLAY 21 2 8
POSITION 0 8 3
POSITION 1 9 3
POSITION 2 9 8
POSITION 3 2 10
PLAYER 0
MESSAGE OK
TARGET 4
EXTRAFIELD 11
.
TICK 29
FIELDS 6 15 8 3 15 9 13 3 12 2 10 7 9 10 13 15 14 10 10 11 14 10 15 10 15 12 13 14 12 1 13 10 3 10 13 12 5 8 11 4 5 12 1 8 9 15 11 3 12 9 11 3 15 9 14 12 13 10 5 5 2 6 5 10 12 9 10 1 11 10 6 5 9 6 5 10 14 13 11 13 5 11 8 3 3 10 7 3 10 2 12 10 3 12 15 6 10 13 6 5 12 9 7 15 12 4 5 9 9 7 5 6 10 12 7 9 9 2 10 14 5 15 3 13 12 1 9 5 6 5 15 11 14 15 13 9 9 15 10 14 9 3 15
DISPLAY 0 12 7
DISPLAY 3 0 10
DISPLAY 4 2 4
DISPLAY 7 4 7
DISPLAY 8 2 6
DISPLAY 12 7 10
DISPLAY 15 5 2
DISPLAY 20 3 4
DISPLAY 21 2 8
POSITION 0 6 6
POSITION 1 9 3
POSITION 2 9 8
POSITION 3 2 10
PLAYER 1
.
TICK 29
FIELDS 6 15 8 3 15 9 13 3 12 2 10 7 9 10 13 15 14 10 10 11 14 10 15 10 15 12 13 14 12 1 13 10 3 10 13 12 5 8 11 4 5 12 1 8 9 15 11 3 12 9 11 3 15 9 14 12 13 10 5 5 2 6 5 10 12 10 1 11 10 6 5 9 6 5 10 14 13 15 11 13 5 11 8 3 3 10 7 3 10 2 12 10 3 12 15 6 10 13 6 5 12 9 7 15 12 4 5 9 9 7 5 6 10 12 7 9 9 2 10 14 5 15 3 13 12 1 9 5 6 5 15 11 14 15 13 9 9 15 10 14 9 3 15
DISPLAY 0 12 7
DISPLAY 3 0 10
DISPLAY 4 2 4
DISPLAY 7 4 7
DISPLAY 8 2 6
DISPLAY 12 7 10
DISPLAY 15 5 2
DISPLAY 20 3 4
DISPLAY 21 2 8
POSITION 0 6 6
POSITION 1 9 3
POSITION 2 9 8
POSITION 3 2 10
PLAYER 2
.
TICK 29
FIELDS 13 15 8 3 15 9 13 3 12 2 10 7 9 6 13 15 14 10 10 11 14 10 15 10 15 12 10 14 12 1 13 10 3 10 13 12 5 8 11 13 5 12 1 8 9 15 11 3 12 9 11 3 4 9 14 12 13 10 5 5 2 6 5 10 12 15 1 11 10 6 5 9 6 5 10 14 13 15 10 13 5 11 8 3 3 10 7 3 10 2 12 11 3 12 15 6 10 13 6 5 12 9 7 15 10 4 5 9 9 7 5 6 10 12 7 9 9 12 10 14 5 15 3 13 12 1 9 5 6 5 2 11 14 15 13 9 9 15 10 14 9 3 15
DISPLAY 0 12 7
DISPLAY 3 0 0
DISPLAY 4 2 4
DISPLAY 7 4 7
DISPLAY 8 2 6
DISPLAY 12 7 10
DISPLAY 15 5 2
DISPLAY 20 3 4
DISPLAY 21 2 8
POSITION 0 6 6
POSITION 1 9 3
POSITION 2 9 8
POSITION 3 2 10
PLAYER 3
.
TICK 30
FIELDS 13 13 8 3 15 9 13 3 12 2 10 7 9 6 14 15 14 10 10 11 14 10 15 10 15 12 10 5 12 1 13 10 3 10 13 12 5 8 11 13 9 12 1 8 9 15 11 3 12 9 11 3 4 1 14 12 13 10 5 5 2 6 5 10 12 15 13 11 10 6 5 9 6 5 10 14 13 15 10 3 5 11 8 3 3 10 7 3 10 2 12 11 4 12 15 6 10 13 6 5 12 9 7 15 10 10 5 9 9 7 5 6 10 12 7 9 9 12 11 14 5 15 3 13 12 1 9 5 6 5 2 11 14 15 13 9 9 15 10 14 9 3 15
DISPLAY 0 12 7
DISPLAY 3 0 0
DISPLAY 4 2 4
DISPLAY 7 4 7
DISPLAY 8 2 6
DISPLAY 12 7 10
DISPLAY 15 5 2
DISPLAY 20 3 4
DISPLAY 21 2 8
POSITION 0 6 6
POSITION 1 9 3
POSITION 2 9 8
POSITION 3 2 10
PLAYER 0
MESSAGE OK
TARGET 4
EXTRAFIELD 1
.
TICK 30
FIELDS 13 13 8 3 15 9 13 3 12 2 10 7 9 6 14 15 14 10 10 11 14 10 15 10 15 12 10 5 12 1 13 10 3 10 13 12 5 8 11 13 9 12 1 8 9 15 11 3 12 9 11 3 4 1 14 12 13 10 5 5 2 6 5 10 12 1 15 13 11 10 6 5 9 6 5 10 14 13 10 3 5 11 8 3 3 10 7 3 10 2 12 11 4 12 15 6 10 13 6 5 12 9 7 15 10 10 5 9 9 7 5 6 10 12 7 9 9 12 11 14 5 15 3 13 12 1 9 5 6 5 2 11 14 15 13 9 9 15 10 14 9 3 15
DISPLAY 0 12 7
DISPLAY 3 0 0
DISPLAY 4 2 4
DISPLAY 7 4 7
DISPLAY 8 2 6
DISPLAY 12 7 10
DISPLAY 15 5 2
DISPLAY 20 3 4
DISPLAY 21 2 8
POSITION 0 6 6
POSITION 1 9 3
POSITION 2 9 8
POSITION 3 2 10
PLAYER 1
.
TICK 30
FIELDS 13 13 8 3 15 9 13 3 12 2 10 7 9 6 14 15 14 10 10 11 14 10 15 10 15 12 10 5 12 1 13 10 3 10 13 12 5 8 11 13 9 12 1 8 9 15 11 3 12 9 11 3 9 4 1 14 12 13 10 5 5 2 6 5 10 1 15 13 11 10 6 5 9 6 5 10 14 13 10 3 5 11 8 3 3 10 7 3 10 2 12 11 4 12 15 6 10 13 6 5 12 9 7 15 10 10 5 9 9 7 5 6 10 12 7 9 9 12 11 14 5 15 3 13 12 1 9 5 6 5 2 11 14 15 13 9 9 15 10 14 9 3 15
DISPLAY 0 12 7
DISPLAY 3 0 0
DISPLAY 4 3 4
DISPLAY 7 4 7
DISPLAY 8 2 6
DISPLAY 12 7 10
DISPLAY 15 5 2
DISPLAY 20 4 4
DISPLAY 21 2 8
POSITION 0 6 6
POSITION 1 9 3
POSITION 2 9 8
POSITION 3 2 10
PLAYER 2
.
TICK 30
FIELDS 15 13 8 3 15 9 13 3 12 2 10 7 9 13 14 15 14 10 10 11 14 10 15 10 15 12 6 5 12 1 13 10 3 10 13 12 5 8 11 10 9 12 1 8 9 15 11 3 12 9 11 3 13 4 1 14 12 13 10 5 5 2 6 5 10 9 15 13 11 10 6 5 9 6 5 10 14 13 1 3 5 11 8 3 3 10 7 3 10 2 12 10 4 12 15 6 10 13 6 5 12 9 7 15 11 10 5 9 9 7 5 6 10 12 7 9 9 10 11 14 5 15 3 13 12 1 9 5 6 5 12 11 14 15 13 9 9 15 10 14 9 3 15
DISPLAY 0 12 7
DISPLAY 3 0 1
DISPLAY 4 3 4
DISPLAY 7 4 7
DISPLAY 8 2 6
DISPLAY 12 7 10
DISPLAY 15 5 2
DISPLAY 20 4 4
DISPLAY 21 2 8
POSITION 0 6 6
POSITION 1 9 3
POSITION 2 9 8
POSITION 3 2 10
PLAYER 3
.
TICK 31
FIELDS 15 14 8 3 15 9 13 3 12 2 10 7 9 13 5 15 14 10 10 11 14 10 15 10 15 12 6 9 12 1 13 10 3 10 13 12 5 8 11 10 4 12 1 8 9 15 11 3 12 9 11 3 13 15 1 14 12 13 10 5 5 2 6 5 10 9 3 13 11 10 6 5 9 6 5 10 14 13 1 4 5 11 8 3 3 10 7 3 10 2 12 10 10 12 15 6 10 13 6 5 12 9 7 15 11 11 5 9 9 7 5 6 10 12 7 9 9 10 11 14 5 15 3 13 12 1 9 5 6 5 12 15 14 15 13 9 9 15 10 14 9 3 15
DISPLAY 0 12 7
DISPLAY 3 0 1
DISPLAY 4 3 4
DISPLAY 7 4 7
DISPLAY 8 2 6
DISPLAY 12 7 10
DISPLAY 15 5 2
DISPLAY 20 4 4
DISPLAY 21 2 8
POSITION 0 6 6
POSITION 1 9 3
POSITION 2 9 8
POSITION 3 2 10
PLAYER 0
MESSAGE OK
TARGET 4
EXTRAFIELD 15
.
TICK 31
FIELDS 15 14 8 3 15 9 13 3 12 2 10 7 9 13 5 15 14 10 10 11 14 10 15 10 15 12 6 9 12 1 13 10 3 10 13 12 5 8 11 10 4 12 1 8 9 15 11 3 12 9 11 3 13 15 1 14 12 13 10 5 5 2 6 5 10 15 9 3 13 11 10 6 5 9 6 5 10 14 1 4 5 11 8 3 3 10 7 3 10 2 12 10 10 12 15 6 10 13 6 5 12 9 7 15 11 11 5 9 9 7 5 6 10 12 7 9 9 10 11 14 5 15 3 13 12 1 9 5 6 5 12 15 14 15 13 9 9 15 10 14 9 3 15
DISPLAY 0 12 7
DISPLAY 3 0 1
DISPLAY 7 4 7
DISPLAY 8 2 6
DISPLAY 12 7 10
DISPLAY 15 5 2
DISPLAY 20 4 4
DISPLAY 21 2 8
POSITION 0 3 4
POSITION 1 9 3
POSITION 2 9 8
POSITION 3 2 10
PLAYER 1
.
TICK 31
FIELDS 15 14 8 3 15 9 13 3 12 2 10 7 9 13 5 15 14 10 10 11 14 10 15 10 15 12 9 12 1 13 10 3 10 13 12 5 8 11 12 10 4 12 1 8 9 15 11 3 12 9 11 3 13 15 1 14 12 13 10 5 5 2 6 5 10 15 9 3 13 11 10 6 5 9 6 5 10 14 1 4 5 11 8 3 3 10 7 3 10 2 12 10 10 12 15 6 10 13 6 5 12 9 7 15 11 11 5 9 9 7 5 6 10 12 7 9 9 10 11 14 5 15 3 13 12 1 9 5 6 5 12 15 14 15 13 9 9 15 10 14 9 3 15
DISPLAY 0 12 7
DISPLAY 3 0 1
DISPLAY 7 4 7
DISPLAY 8 2 6
DISPLAY 12 7 10
DISPLAY 15 4 2
DISPLAY 20 4 4
DISPLAY 21 2 8
POSITION 0 3 4
POSITION 1 9 3
POSITION 2 9 8
POSITION 3 2 10
PLAYER 2
.
TICK 31
FIELDS 2 14 8 3 15 9 13 3 12 2 10 7 9 15 5 15 14 10 10 11 14 10 15 10 15 12 13 12 1 13 10 3 10 13 12 5 8 11 12 9 4 12 1 8 9 15 11 3 12 9 11 3 10 15 1 14 12 13 10 5 5 2 6 5 10 13 9 3 13 11 10 6 5 9 6 5 10 14 15 4 5 11 8 3 3 10 7 3 10 2 12 1 10 12 15 6 10 13 6 5 12 9 7 15 10 11 5 9 9 7 5 6 10 12 7 9 9 11 11 14 5 15 3 13 12 1 9 5 6 5 10 15 14 15 13 9 9 15 10 14 9 3 15
DISPLAY 0 12 7
DISPLAY 3 0 2
DISPLAY 7 4 7
DISPLAY 8 2 6
DISPLAY 12 7 10
DISPLAY 15 4 2
DISPLAY 20 4 4
DISPLAY 21 2 8
POSITION 0 3 4
POSITION 1 9 3
POSITION 2 9 8
POSITION 3 2 10
PLAYER 3
.
END 13
.
