MESSAGE OK
PLAYER 0
LEVEL 3
SIZE 13 11
DISPLAYS 25
MAXTICK 32
.
TICK 0
FIELDS 10 8 15 14 8 6 9 6 7 9 11 7 5 14 15 3 10 14 13 5 13 10 11 5 11 5 15 14 10 5 12 6 15 5 5 5 11 5 2 3 10 15 12 5 7 7 6 14 9 8 8 14 5 9 8 14 2 12 12 10 8 3 13 13 10 14 3 15 9 3 2 11 10 1 12 14 10 15 10 15 4 15 15 10 13 8 5 13 8 3 9 3 14 2 10 5 2 10 4 3 9 3 6 10 13 9 5 2 5 12 5 6 9 8 5 10 15 5 1 5 10 8 6 10 14 10 6 7 5 10 9 10 3 12 2 11 10 6 5 4 3 10 10
DISPLAY 0 5 2
DISPLAY 1 4 2
DISPLAY 2 12 4
DISPLAY 3 10 2
DISPLAY 4 6 0
DISPLAY 5 12 10
DISPLAY 6 8 5
DISPLAY 7 4 8
DISPLAY 8 2 7
DISPLAY 9 6 9
DISPLAY 10 0 6
DISPLAY 11 3 3
DISPLAY 12 12 1
DISPLAY 13 7 10
DISPLAY 14 6 6
DISPLAY 15 12 3
DISPLAY 16 0 2
DISPLAY 17 5 1
DISPLAY 18 6 10
DISPLAY 19 12 6
DISPLAY 20 11 8
DISPLAY 21 2 5
DISPLAY 22 8 4
DISPLAY 23 3 9
DISPLAY 24 0 8
POSITION 0 1 4
POSITION 1 9 1
POSITION 2 7 8
POSITION 3 11 10
PLAYER 0
MESSAGE OK
TARGET 23
EXTRAFIELD 15
.
TICK 0
FIELDS 10 8 15 14 8 6 9 6 7 9 11 7 5 14 15 3 10 14 13 5 13 10 11 5 11 5 15 14 10 5 12 6 15 5 5 5 11 5 2 10 15 12 5 7 7 6 14 9 8 8 14 15 5 9 8 14 2 12 12 10 8 3 13 13 10 14 3 15 9 3 2 11 10 1 12 14 10 15 10 15 4 15 15 10 13 8 5 13 8 3 9 3 14 2 10 5 2 10 4 3 9 3 6 10 13 9 5 2 5 12 5 6 9 8 5 10 15 5 1 5 10 8 6 10 14 10 6 7 5 10 9 10 3 12 2 11 10 6 5 4 3 10 10
DISPLAY 0 5 2
DISPLAY 1 4 2
DISPLAY 2 12 4
DISPLAY 3 10 2
DISPLAY 4 6 0
DISPLAY 5 12 10
DISPLAY 6 8 5
DISPLAY 7 4 8
DISPLAY 8 2 7
DISPLAY 9 6 9
DISPLAY 10 0 6
DISPLAY 11 2 3
DISPLAY 12 12 1
DISPLAY 13 7 10
DISPLAY 14 6 6
DISPLAY 15 11 3
DISPLAY 16 0 2
DISPLAY 17 5 1
DISPLAY 18 6 10
DISPLAY 19 12 6
DISPLAY 20 11 8
DISPLAY 21 2 5
DISPLAY 22 8 4
DISPLAY 23 3 9
DISPLAY 24 0 8
POSITION 0 2 0
POSITION 1 9 1
POSITION 2 7 8
POSITION 3 11 10
PLAYER 1
.
TICK 0
FIELDS 15 10 8 15 14 8 6 9 6 7 9 11 7 14 15 3 10 14 13 5 13 10 11 5 11 5 15 14 10 5 12 6 15 5 5 5 11 5 2 10 15 12 5 7 7 6 14 9 8 8 14 15 5 9 8 14 2 12 12 10 8 3 13 13 10 14 3 15 9 3 2 11 10 1 12 14 10 15 10 15 4 15 15 10 13 8 5 13 8 3 9 3 14 2 10 5 2 10 4 3 9 3 6 10 13 9 5 2 5 12 5 6 9 8 5 10 15 5 1 5 10 8 6 10 14 10 6 7 5 10 9 10 3 12 2 11 10 6 5 4 3 10 10
DISPLAY 0 5 2
DISPLAY 1 4 2
DISPLAY 2 12 4
DISPLAY 3 10 2
DISPLAY 4 7 0
DISPLAY 5 12 10
DISPLAY 6 8 5
DISPLAY 7 4 8
DISPLAY 8 2 7
DISPLAY 9 6 9
DISPLAY 10 0 6
DISPLAY 11 2 3
DISPLAY 12 12 1
DISPLAY 13 7 10
DISPLAY 14 6 6
DISPLAY 15 11 3
DISPLAY 16 0 2
DISPLAY 17 5 1
DISPLAY 18 6 10
DISPLAY 19 12 6
DISPLAY 20 11 8
DISPLAY 21 2 5
DISPLAY 22 8 4
DISPLAY 23 3 9
DISPLAY 24 0 8
POSITION 0 3 0
POSITION 1 9 1
POSITION 2 7 8
POSITION 3 11 10
PLAYER 2
.
TICK 0
FIELDS 15 10 8 15 14 8 15 9 6 7 9 11 7 14 15 3 10 14 13 6 13 10 11 5 11 5 15 14 10 5 12 6 5 5 5 5 11 5 2 10 15 12 5 7 7 15 14 9 8 8 14 15 5 9 8 14 2 12 6 10 8 3 13 13 10 14 3 15 9 3 2 12 10 1 12 14 10 15 10 15 4 15 15 10 11 8 5 13 8 3 9 3 14 2 10 5 2 13 4 3 9 3 6 10 13 9 5 2 5 12 10 6 9 8 5 10 15 5 1 5 10 8 6 5 14 10 6 7 5 10 9 10 3 12 2 11 10 6 5 4 3 10 10
DISPLAY 0 5 2
DISPLAY 1 4 2
DISPLAY 2 12 4
DISPLAY 3 10 2
DISPLAY 4 7 0
DISPLAY 5 12 10
DISPLAY 6 8 5
DISPLAY 7 4 8
DISPLAY 8 2 7
DISPLAY 9 6 10
DISPLAY 10 0 6
DISPLAY 11 2 3
DISPLAY 12 12 1
DISPLAY 13 7 10
DISPLAY 14 6 7
DISPLAY 15 11 3
DISPLAY 16 0 2
DISPLAY 17 5 1
DISPLAY 18 6 0
DISPLAY 19 12 6
DISPLAY 20 11 8
DISPLAY 21 2 5
DISPLAY 22 8 4
DISPLAY 23 3 9
DISPLAY 24 0 8
POSITION 0 3 0
POSITION 1 9 1
POSITION 2 5 8
POSITION 3 11 10
PLAYER 3
.
TICK 1
FIELDS 15 10 8 15 14 8 15 9 15 7 9 11 7 14 15 3 10 14 13 6 13 6 11 5 11 5 15 14 10 5 12 6 5 5 10 5 11 5 2 10 15 12 5 7 7 15 14 5 8 8 14 15 5 9 8 14 2 12 6 10 9 3 13 13 10 14 3 15 9 3 2 12 10 8 12 14 10 15 10 15 4 15 15 10 11 8 1 13 8 3 9 3 14 2 10 5 2 13 4 5 9 3 6 10 13 9 5 2 5 12 10 6 3 8 5 10 15 5 1 5 10 8 6 5 14 9 6 7 5 10 9 10 3 12 2 11 10 6 10 4 3 10 10
DISPLAY 0 5 2
DISPLAY 1 4 2
DISPLAY 2 12 4
DISPLAY 3 10 2
DISPLAY 4 7 0
DISPLAY 5 12 10
DISPLAY 6 8 6
DISPLAY 7 4 8
DISPLAY 8 2 7
DISPLAY 9 6 10
DISPLAY 10 0 6
DISPLAY 11 2 3
DISPLAY 12 12 1
DISPLAY 13 7 10
DISPLAY 14 6 7
DISPLAY 15 11 3
DISPLAY 16 0 2
DISPLAY 17 5 1
DISPLAY 18 6 0
DISPLAY 19 12 6
DISPLAY 20 11 8
DISPLAY 21 2 5
DISPLAY 22 8 5
DISPLAY 23 3 9
DISPLAY 24 0 8
POSITION 0 3 0
POSITION 1 9 1
POSITION 2 5 8
POSITION 3 11 10
PLAYER 0
MESSAGE OK
TARGET 23
EXTRAFIELD 3
.
TICK 1
FIELDS 15 10 8 6 14 8 15 9 15 7 9 11 7 14 15 3 15 14 13 6 13 6 11 5 11 5 15 14 10 10 12 6 5 5 10 5 11 5 2 10 15 12 5 7 7 15 14 5 8 8 14 15 5 9 8 5 2 12 6 10 9 3 13 13 10 14 3 15 14 3 2 12 10 8 12 14 10 15 10 15 4 9 15 10 11 8 1 13 8 3 9 3 14 2 15 5 2 13 4 5 9 3 6 10 13 9 5 10 5 12 10 6 3 8 5 10 15 5 1 5 2 8 6 5 14 9 6 7 5 10 9 10 3 10 2 11 10 6 10 4 3 10 10
DISPLAY 0 5 2
DISPLAY 1 4 2
DISPLAY 2 12 4
DISPLAY 3 10 2
DISPLAY 4 7 0
DISPLAY 5 12 10
DISPLAY 6 8 6
DISPLAY 7 4 8
DISPLAY 8 2 7
DISPLAY 9 6 10
DISPLAY 10 0 6
DISPLAY 11 2 3
DISPLAY 12 12 1
DISPLAY 13 7 10
DISPLAY 14 6 7
DISPLAY 15 11 3
DISPLAY 16 0 2
DISPLAY 17 5 1
DISPLAY 18 6 0
DISPLAY 19 12 6
DISPLAY 20 11 8
DISPLAY 21 2 5
DISPLAY 22 8 5
DISPLAY 23 3 10
DISPLAY 24 0 8
POSITION 0 2 0
POSITION 1 9 1
POSITION 2 5 8
POSITION 3 11 10
PLAYER 1
.
TICK 1
FIELDS 15 10 8 6 14 8 15 9 15 7 9 11 7 14 15 3 15 12 13 6 13 6 11 5 11 5 15 14 10 10 7 6 5 5 10 5 11 5 2 10 15 12 5 2 7 15 14 5 8 8 14 15 5 9 8 5 3 12 6 10 9 3 13 13 10 14 3 15 14 15 2 12 10 8 12 14 10 15 10 15 4 9 5 10 11 8 1 13 8 3 9 3 14 2 15 5 2 13 4 5 9 3 6 10 13 9 5 10 8 12 10 6 3 8 5 10 15 5 1 5 2 2 6 5 14 9 6 7 5 10 9 10 3 10 5 11 10 6 10 4 3 10 10
DISPLAY 0 5 2
DISPLAY 1 4 1
DISPLAY 2 12 4
DISPLAY 3 10 2
DISPLAY 4 7 0
DISPLAY 5 12 10
DISPLAY 6 8 6
DISPLAY 7 4 7
DISPLAY 8 2 7
DISPLAY 9 6 10
DISPLAY 10 0 6
DISPLAY 11 2 3
DISPLAY 12 12 1
DISPLAY 13 7 10
DISPLAY 14 6 7
DISPLAY 15 11 3
DISPLAY 16 0 2
DISPLAY 17 5 1
DISPLAY 18 6 0
DISPLAY 19 12 6
DISPLAY 20 11 8
DISPLAY 21 2 5
DISPLAY 22 8 5
DISPLAY 23 3 10
DISPLAY 24 0 8
POSITION 0 2 0
POSITION 1 9 1
POSITION 2 5 8
POSITION 3 11 10
PLAYER 2
.
TICK 1
FIELDS 15 10 8 6 10 8 15 9 15 7 9 11 7 14 15 3 15 14 13 6 13 6 11 5 11 5 15 14 10 10 12 6 5 5 10 5 11 5 2 10 15 12 5 7 7 15 14 5 8 8 14 15 5 9 8 5 2 12 6 10 9 3 13 13 10 14 3 15 14 3 2 12 10 8 12 14 10 15 10 15 4 9 15 10 11 8 1 13 8 3 9 3 14 2 15 5 2 13 4 5 9 3 6 10 13 9 5 10 5 12 10 6 3 8 5 10 15 5 1 5 2 8 6 5 14 9 6 7 5 10 9 10 3 10 2 11 10 6 10 4 3 10 10
DISPLAY 0 5 2
DISPLAY 1 4 2
DISPLAY 2 12 4
DISPLAY 3 10 2
DISPLAY 4 7 0
DISPLAY 5 12 10
DISPLAY 6 8 6
DISPLAY 7 4 8
DISPLAY 8 2 7
DISPLAY 9 6 10
DISPLAY 10 0 6
DISPLAY 11 2 3
DISPLAY 12 12 1
DISPLAY 13 7 10
DISPLAY 14 6 7
DISPLAY 15 11 3
DISPLAY 16 0 2
DISPLAY 17 5 1
DISPLAY 18 6 0
DISPLAY 19 12 6
DISPLAY 20 11 8
DISPLAY 21 2 5
DISPLAY 22 8 5
DISPLAY 23 3 10
DISPLAY 24 0 8
POSITION 0 2 0
POSITION 1 9 1
POSITION 2 5 8
POSITION 3 11 10
PLAYER 3
.
TICK 2
FIELDS 15 10 8 6 10 8 15 9 5 7 9 11 7 14 15 3 15 14 13 6 13 15 11 5 11 5 15 14 10 10 12 6 5 5 6 5 11 5 2 10 15 12 5 7 7 15 14 10 8 8 14 15 5 9 8 5 2 12 6 10 5 3 13 13 10 14 3 15 14 3 2 12 10 9 12 14 10 15 10 15 4 9 15 10 11 8 8 13 8 3 9 3 14 2 15 5 2 13 4 1 9 3 6 10 13 9 5 10 5 12 10 6 5 8 5 10 15 5 1 5 2 8 6 5 14 3 6 7 5 10 9 10 3 10 2 11 10 6 9 4 3 10 10
DISPLAY 0 5 2
DISPLAY 1 4 2
DISPLAY 2 12 4
DISPLAY 3 10 2
DISPLAY 4 7 0
DISPLAY 5 12 10
DISPLAY 6 8 7
DISPLAY 7 4 8
DISPLAY 8 2 7
DISPLAY 9 6 10
DISPLAY 10 0 6
DISPLAY 11 2 3
DISPLAY 12 12 1
DISPLAY 13 7 10
DISPLAY 14 6 7
DISPLAY 15 11 3
DISPLAY 16 0 2
DISPLAY 17 5 1
DISPLAY 18 6 0
DISPLAY 19 12 6
DISPLAY 20 11 8
DISPLAY 21 2 5
DISPLAY 22 8 6
DISPLAY 23 3 10
DISPLAY 24 0 8
POSITION 0 2 0
POSITION 1 9 1
POSITION 2 5 8
POSITION 3 11 10
PLAYER 0
MESSAGE OK
TARGET 23
EXTRAFIELD 12
.
TICK 2
FIELDS 15 10 8 6 10 8 15 9 5 7 9 11 7 14 15 3 6 14 13 6 13 15 11 5 11 5 15 14 10 15 12 6 5 5 6 5 11 5 2 10 15 12 10 7 7 15 14 10 8 8 14 15 5 9 8 5 2 12 6 10 5 3 13 13 10 14 3 15 5 3 2 12 10 9 12 14 10 15 10 15 4 14 15 10 11 8 8 13 8 3 9 3 14 2 9 5 2 13 4 1 9 3 6 10 13 9 5 15 5 12 10 6 5 8 5 10 15 5 1 5 10 8 6 5 14 3 6 7 5 10 9 10 3 2 2 11 10 6 9 4 3 10 10
DISPLAY 0 5 2
DISPLAY 1 4 2
DISPLAY 2 12 4
DISPLAY 3 10 2
DISPLAY 4 7 0
DISPLAY 5 12 10
DISPLAY 6 8 7
DISPLAY 7 4 8
DISPLAY 8 2 7
DISPLAY 9 6 10
DISPLAY 10 0 6
DISPLAY 11 2 3
DISPLAY 12 12 1
DISPLAY 13 7 10
DISPLAY 14 6 7
DISPLAY 15 11 3
DISPLAY 16 0 2
DISPLAY 17 5 1
DISPLAY 18 6 0
DISPLAY 19 12 6
DISPLAY 20 11 8
DISPLAY 21 2 5
DISPLAY 22 8 6
DISPLAY 24 0 8
POSITION 0 3 0
POSITION 1 9 1
POSITION 2 5 8
POSITION 3 11 10
PLAYER 1
.
TICK 2
FIELDS 15 10 8 6 10 8 15 9 5 7 5 11 7 14 15 3 6 14 13 6 13 15 11 11 11 5 15 14 10 15 12 6 5 5 6 5 8 5 2 10 15 12 10 7 7 15 14 10 8 13 14 15 5 9 8 5 2 12 6 10 5 3 14 13 10 14 3 15 5 3 2 12 10 9 12 8 10 15 10 15 4 14 15 10 11 8 8 13 3 3 9 3 14 2 9 5 2 13 4 1 9 5 6 10 13 9 5 15 5 12 10 6 5 8 7 10 15 5 1 5 10 8 6 5 14 3 6 3 5 10 9 10 3 2 2 11 10 6 9 4 14 10 10
DISPLAY 0 5 2
DISPLAY 1 4 2
DISPLAY 2 12 4
DISPLAY 3 10 1
DISPLAY 4 7 0
DISPLAY 5 12 10
DISPLAY 6 8 7
DISPLAY 7 4 8
DISPLAY 8 2 7
DISPLAY 9 6 10
DISPLAY 10 0 6
DISPLAY 11 2 3
DISPLAY 12 12 1
DISPLAY 13 7 10
DISPLAY 14 6 7
DISPLAY 15 11 3
DISPLAY 16 0 2
DISPLAY 17 5 1
DISPLAY 18 6 0
DISPLAY 19 12 6
DISPLAY 20 11 8
DISPLAY 21 2 5
DISPLAY 22 8 6
DISPLAY 24 0 8
POSITION 0 3 0
POSITION 1 9 1
POSITION 2 5 8
POSITION 3 11 10
PLAYER 2
.
TICK 2
FIELDS 5 10 8 6 10 8 15 9 5 7 5 11 7 15 15 3 6 14 13 6 13 15 11 11 11 5 14 14 10 15 12 6 5 5 6 5 8 5 2 15 15 12 10 7 7 15 14 10 8 13 14 15 10 9 8 5 2 12 6 10 5 3 14 13 10 5 3 15 5 3 2 12 10 9 12 8 10 15 14 15 4 14 15 10 11 8 8 13 3 3 9 10 14 2 9 5 2 13 4 1 9 5 6 10 3 9 5 15 5 12 10 6 5 8 7 10 15 13 1 5 10 8 6 5 14 3 6 3 5 10 5 10 3 2 2 11 10 6 9 4 14 10 10
DISPLAY 0 5 2
DISPLAY 1 4 2
DISPLAY 2 12 4
DISPLAY 3 10 1
DISPLAY 4 7 0
DISPLAY 5 12 10
DISPLAY 6 8 7
DISPLAY 7 4 8
DISPLAY 8 2 7
DISPLAY 9 6 10
DISPLAY 10 0 7
DISPLAY 11 2 3
DISPLAY 12 12 1
DISPLAY 13 7 10
DISPLAY 14 6 7
DISPLAY 15 11 3
DISPLAY 16 0 3
DISPLAY 17 5 1
DISPLAY 18 6 0
DISPLAY 19 12 6
DISPLAY 20 11 8
DISPLAY 21 2 5
DISPLAY 22 8 6
DISPLAY 24 0 9
POSITION 0 3 0
POSITION 1 9 1
POSITION 2 5 8
POSITION 3 11 10
PLAYER 3
.
TICK 3
FIELDS 5 10 8 6 10 8 15 9 15 7 5 11 7 15 15 3 6 14 13 6 13 6 11 11 11 5 14 14 10 15 12 6 5 5 10 5 8 5 2 15 15 12 10 7 7 15 14 5 8 13 14 15 10 9 8 5 2 12 6 10 9 3 14 13 10 5 3 15 5 3 2 12 10 8 12 8 10 15 14 15 4 14 15 10 11 8 1 13 3 3 9 10 14 2 9 5 2 13 4 5 9 5 6 10 3 9 5 15 5 12 10 6 3 8 7 10 15 13 1 5 10 8 6 5 14 9 6 3 5 10 5 10 3 2 2 11 10 6 10 4 14 10 10
DISPLAY 0 5 2
DISPLAY 1 4 2
DISPLAY 2 12 4
DISPLAY 3 10 1
DISPLAY 4 7 0
DISPLAY 5 12 10
DISPLAY 6 8 6
DISPLAY 7 4 8
DISPLAY 8 2 7
DISPLAY 9 6 10
DISPLAY 10 0 7
DISPLAY 11 2 3
DISPLAY 12 12 1
DISPLAY 13 7 10
DISPLAY 14 6 7
DISPLAY 15 11 3
DISPLAY 16 0 3
DISPLAY 17 5 1
DISPLAY 18 6 0
DISPLAY 19 12 6
DISPLAY 20 11 8
DISPLAY 21 2 5
DISPLAY 22 8 5
DISPLAY 24 0 9
POSITION 0 3 0
POSITION 1 9 1
POSITION 2 5 8
POSITION 3 11 10
PLAYER 0
MESSAGE OK
TARGET 12
EXTRAFIELD 10
.
TICK 3
FIELDS 5 10 8 6 10 8 15 9 15 7 5 11 7 10 15 15 3 6 14 13 6 13 6 11 11 11 14 14 10 15 12 6 5 5 10 5 8 5 2 15 15 12 10 7 7 15 14 5 8 13 14 15 10 9 8 5 2 12 6 10 9 3 14 13 10 5 3 15 5 3 2 12 10 8 12 8 10 15 14 15 4 14 15 10 11 8 1 13 3 3 9 10 14 2 9 5 2 13 4 5 9 5 6 10 3 9 5 15 5 12 10 6 3 8 7 10 15 13 1 5 10 8 6 5 14 9 6 3 5 10 5 10 3 2 2 11 10 6 10 4 14 10 10
DISPLAY 0 5 2
DISPLAY 1 4 2
DISPLAY 2 12 4
DISPLAY 3 11 1
DISPLAY 4 7 0
DISPLAY 5 12 10
DISPLAY 6 8 6
DISPLAY 7 4 8
DISPLAY 8 2 7
DISPLAY 9 6 10
DISPLAY 10 0 7
DISPLAY 11 2 3
DISPLAY 13 7 10
DISPLAY 14 6 7
DISPLAY 15 11 3
DISPLAY 16 0 3
DISPLAY 17 6 1
DISPLAY 18 6 0
DISPLAY 19 12 6
DISPLAY 20 11 8
DISPLAY 21 2 5
DISPLAY 22 8 5
DISPLAY 24 0 9
POSITION 0 0 1
POSITION 1 10 1
POSITION 2 5 8
POSITION 3 11 10
PLAYER 1
.
TICK 3
FIELDS 5 10 8 6 10 8 15 9 15 7 5 11 7 10 15 15 3 6 14 13 6 13 6 11 11 11 14 14 10 15 12 6 5 5 10 5 8 5 2 15 12 10 7 7 15 14 5 8 13 14 15 9 10 9 8 5 2 12 6 10 9 3 14 13 10 5 3 15 5 3 2 12 10 8 12 8 10 15 14 15 4 14 15 10 11 8 1 13 3 3 9 10 14 2 9 5 2 13 4 5 9 5 6 10 3 9 5 15 5 12 10 6 3 8 7 10 15 13 1 5 10 8 6 5 14 9 6 3 5 10 5 10 3 2 2 11 10 6 10 4 14 10 10
DISPLAY 0 5 2
DISPLAY 1 4 2
DISPLAY 2 12 4
DISPLAY 3 11 1
DISPLAY 4 7 0
DISPLAY 5 12 10
DISPLAY 6 8 6
DISPLAY 7 4 8
DISPLAY 8 2 7
DISPLAY 9 6 10
DISPLAY 10 0 7
DISPLAY 11 1 3
DISPLAY 13 7 10
DISPLAY 14 6 7
DISPLAY 15 10 3
DISPLAY 16 12 3
DISPLAY 17 6 1
DISPLAY 18 6 0
DISPLAY 19 12 6
DISPLAY 20 11 8
DISPLAY 21 2 5
DISPLAY 22 8 5
DISPLAY 24 0 9
POSITION 0 0 1
POSITION 1 10 1
POSITION 2 5 8
POSITION 3 11 10
PLAYER 2
.
TICK 3
FIELDS 9 10 8 6 10 8 15 9 15 7 5 11 7 5 15 15 3 6 14 13 6 13 6 11 11 11 10 14 10 15 12 6 5 5 10 5 8 5 2 14 12 10 7 7 15 14 5 8 13 14 15 9 15 9 8 5 2 12 6 10 9 3 14 13 10 10 3 15 5 3 2 12 10 8 12 8 10 15 5 15 4 14 15 10 11 8 1 13 3 3 9 14 14 2 9 5 2 13 4 5 9 5 6 10 10 9 5 15 5 12 10 6 3 8 7 10 15 3 1 5 10 8 6 5 14 9 6 3 5 10 13 10 3 2 2 11 10 6 10 4 14 10 10
DISPLAY 0 5 2
DISPLAY 1 4 2
DISPLAY 2 12 4
DISPLAY 3 11 1
DISPLAY 4 7 0
DISPLAY 5 12 10
DISPLAY 6 8 6
DISPLAY 7 4 8
DISPLAY 8 2 7
DISPLAY 9 6 10
DISPLAY 10 0 8
DISPLAY 11 1 3
DISPLAY 13 7 10
DISPLAY 14 6 7
DISPLAY 15 10 3
DISPLAY 16 12 3
DISPLAY 17 6 1
DISPLAY 18 6 0
DISPLAY 19 12 6
DISPLAY 20 11 8
DISPLAY 21 2 5
DISPLAY 22 8 5
DISPLAY 24 0 10
POSITION 0 0 2
POSITION 1 10 1
POSITION 2 5 8
POSITION 3 11 10
PLAYER 3
.
TICK 4
FIELDS 9 10 8 6 10 8 15 9 5 7 5 11 7 5 15 15 3 6 14 13 6 15 6 11 11 11 10 14 10 15 12 6 5 5 13 5 8 5 2 14 12 10 7 7 15 14 5 10 13 14 15 9 15 9 8 5 2 12 6 10 8 3 14 13 10 10 3 15 5 3 2 12 10 9 12 8 10 15 5 15 4 14 15 10 11 8 8 13 3 3 9 14 14 2 9 5 2 13 4 1 9 5 6 10 10 9 5 15 5 12 10 6 5 8 7 10 15 3 1 5 10 8 6 5 14 3 6 3 5 10 13 10 3 2 2 11 10 6 9 4 14 10 10
DISPLAY 0 5 2
DISPLAY 1 4 2
DISPLAY 2 12 4
DISPLAY 3 11 1
DISPLAY 4 7 0
DISPLAY 5 12 10
DISPLAY 6 8 7
DISPLAY 7 4 8
DISPLAY 8 2 7
DISPLAY 9 6 10
DISPLAY 10 0 8
DISPLAY 11 1 3
DISPLAY 13 7 10
DISPLAY 14 6 7
DISPLAY 15 10 3
DISPLAY 16 12 3
DISPLAY 17 6 1
DISPLAY 18 6 0
DISPLAY 19 12 6
DISPLAY 20 11 8
DISPLAY 21 2 5
DISPLAY 22 8 6
DISPLAY 24 0 10
POSITION 0 0 2
POSITION 1 10 1
POSITION 2 5 8
POSITION 3 11 10
PLAYER 0
MESSAGE OK
TARGET 9
EXTRAFIELD 5
.
TICK 4
FIELDS 9 10 8 6 6 8 15 9 5 7 5 11 7 5 15 15 3 12 14 13 6 15 6 11 11 11 10 14 10 15 7 6 5 5 13 5 8 5 2 14 12 10 7 2 15 14 5 10 13 14 15 9 15 9 8 5 3 12 6 10 8 3 14 13 10 10 3 15 5 15 2 12 10 9 12 8 10 15 5 15 4 14 5 10 11 8 8 13 3 3 9 14 14 2 9 5 2 13 4 1 9 5 6 10 10 9 5 15 8 12 10 6 5 8 7 10 15 3 1 5 10 2 6 5 14 3 6 3 5 10 13 10 3 2 5 11 10 6 9 4 14 10 10
DISPLAY 0 5 2
DISPLAY 1 4 1
DISPLAY 2 12 4
DISPLAY 3 11 1
DISPLAY 4 7 0
DISPLAY 5 12 10
DISPLAY 6 8 7
DISPLAY 7 4 7
DISPLAY 8 2 7
DISPLAY 9 6 10
DISPLAY 10 0 8
DISPLAY 11 1 3
DISPLAY 13 7 10
DISPLAY 14 6 7
DISPLAY 15 10 3
DISPLAY 16 12 3
DISPLAY 17 6 1
DISPLAY 18 6 0
DISPLAY 19 12 6
DISPLAY 20 11 8
DISPLAY 21 2 5
DISPLAY 22 8 6
DISPLAY 24 0 10
POSITION 0 3 5
POSITION 1 10 1
POSITION 2 5 8
POSITION 3 11 10
PLAYER 1
.
TICK 4
FIELDS 9 10 8 6 6 8 15 9 5 15 5 11 7 5 15 15 3 12 14 13 6 15 7 11 11 11 10 14 10 15 7 6 5 5 13 6 8 5 2 14 12 10 7 2 15 14 5 10 5 14 15 9 15 9 8 5 3 12 6 10 8 13 14 13 10 10 3 15 5 15 2 12 10 9 3 8 10 15 5 15 4 14 5 10 11 8 8 12 3 3 9 14 14 2 9 5 2 13 4 1 13 5 6 10 10 9 5 15 8 12 10 6 5 9 7 10 15 3 1 5 10 2 6 5 14 3 8 3 5 10 13 10 3 2 5 11 10 6 9 6 14 10 10
DISPLAY 0 5 2
DISPLAY 1 4 1
DISPLAY 2 12 4
DISPLAY 3 11 1
DISPLAY 4 7 0
DISPLAY 5 12 10
DISPLAY 6 8 7
DISPLAY 7 4 7
DISPLAY 8 2 7
DISPLAY 9 6 10
DISPLAY 10 0 8
DISPLAY 11 1 3
DISPLAY 13 7 10
DISPLAY 14 6 7
DISPLAY 15 10 3
DISPLAY 16 12 3
DISPLAY 17 6 1
DISPLAY 18 6 0
DISPLAY 19 12 6
DISPLAY 20 11 8
DISPLAY 21 2 5
DISPLAY 22 8 6
DISPLAY 24 0 10
POSITION 0 3 5
POSITION 1 10 1
POSITION 2 5 8
POSITION 3 11 10
PLAYER 2
.
TICK 4
FIELDS 9 10 8 6 5 8 15 9 5 15 5 11 7 5 15 15 3 6 14 13 6 15 7 11 11 11 10 14 10 15 12 6 5 5 13 6 8 5 2 14 12 10 7 7 15 14 5 10 5 14 15 9 15 9 8 5 2 12 6 10 8 13 14 13 10 10 3 15 5 3 2 12 10 9 3 8 10 15 5 15 4 14 15 10 11 8 8 12 3 3 9 14 14 2 9 5 2 13 4 1 13 5 6 10 10 9 5 15 5 12 10 6 5 9 7 10 15 3 1 5 10 8 6 5 14 3 8 3 5 10 13 10 3 2 2 11 10 6 9 6 14 10 10
DISPLAY 0 5 2
DISPLAY 1 4 2
DISPLAY 2 12 4
DISPLAY 3 11 1
DISPLAY 4 7 0
DISPLAY 5 12 10
DISPLAY 6 8 7
DISPLAY 7 4 8
DISPLAY 8 2 7
DISPLAY 9 6 10
DISPLAY 10 0 8
DISPLAY 11 1 3
DISPLAY 13 7 10
DISPLAY 14 6 7
DISPLAY 15 10 3
DISPLAY 16 12 3
DISPLAY 17 6 1
DISPLAY 18 6 0
DISPLAY 19 12 6
DISPLAY 20 11 8
DISPLAY 21 2 5
DISPLAY 22 8 6
DISPLAY 24 0 10
POSITION 0 3 5
POSITION 1 10 1
POSITION 2 5 8
POSITION 3 11 10
PLAYER 3
.
TICK 5
FIELDS 9 10 8 6 5 8 15 9 10 15 5 11 7 5 15 15 3 6 14 13 6 5 7 11 11 11 10 14 10 15 12 6 5 5 15 6 8 5 2 14 12 10 7 7 15 14 5 13 5 14 15 9 15 9 8 5 2 12 6 10 10 13 14 13 10 10 3 15 5 3 2 12 10 8 3 8 10 15 5 15 4 14 15 10 11 8 9 12 3 3 9 14 14 2 9 5 2 13 4 8 13 5 6 10 10 9 5 15 5 12 10 6 1 9 7 10 15 3 1 5 10 8 6 5 14 5 8 3 5 10 13 10 3 2 2 11 10 6 3 6 14 10 10
DISPLAY 0 5 2
DISPLAY 1 4 2
DISPLAY 2 12 4
DISPLAY 3 11 1
DISPLAY 4 7 0
DISPLAY 5 12 10
DISPLAY 6 8 8
DISPLAY 7 4 8
DISPLAY 8 2 7
DISPLAY 9 6 10
DISPLAY 10 0 8
DISPLAY 11 1 3
DISPLAY 13 7 10
DISPLAY 14 6 7
DISPLAY 15 10 3
DISPLAY 16 12 3
DISPLAY 17 6 1
DISPLAY 18 6 0
DISPLAY 19 12 6
DISPLAY 20 11 8
DISPLAY 21 2 5
DISPLAY 22 8 7
DISPLAY 24 0 10
POSITION 0 3 5
POSITION 1 10 1
POSITION 2 5 8
POSITION 3 11 10
PLAYER 0
MESSAGE OK
TARGET 9
EXTRAFIELD 10
.
TICK 5
FIELDS 9 10 8 6 5 8 15 9 10 15 5 11 7 10 5 15 15 3 6 14 13 6 5 7 11 11 10 14 10 15 12 6 5 5 15 6 8 5 2 14 12 10 7 7 15 14 5 13 5 14 15 9 15 9 8 5 2 12 6 10 10 13 14 13 10 10 3 15 5 3 2 12 10 8 3 8 10 15 5 15 4 14 15 10 11 8 9 12 3 3 9 14 14 2 9 5 2 13 4 8 13 5 6 10 10 9 5 15 5 12 10 6 1 9 7 10 15 3 1 5 10 8 6 5 14 5 8 3 5 10 13 10 3 2 2 11 10 6 3 6 14 10 10
DISPLAY 0 5 2
DISPLAY 1 4 2
DISPLAY 2 12 4
DISPLAY 3 12 1
DISPLAY 4 7 0
DISPLAY 5 12 10
DISPLAY 6 8 8
DISPLAY 7 4 8
DISPLAY 8 2 7
DISPLAY 9 6 10
DISPLAY 10 0 8
DISPLAY 11 1 3
DISPLAY 13 7 10
DISPLAY 14 6 7
DISPLAY 15 10 3
DISPLAY 16 12 3
DISPLAY 17 7 1
DISPLAY 18 6 0
DISPLAY 19 12 6
DISPLAY 20 11 8
DISPLAY 21 2 5
DISPLAY 22 8 7
DISPLAY 24 0 10
POSITION 0 4 0
POSITION 1 11 1
POSITION 2 5 8
POSITION 3 11 10
PLAYER 1
.
TICK 5
FIELDS 9 10 8 6 3 8 15 9 10 15 5 11 7 10 5 15 15 12 6 14 13 6 5 7 11 11 10 14 10 15 7 6 5 5 15 6 8 5 2 14 12 10 7 2 15 14 5 13 5 14 15 9 15 9 8 5 3 12 6 10 10 13 14 13 10 10 3 15 5 15 2 12 10 8 3 8 10 15 5 15 4 14 5 10 11 8 9 12 3 3 9 14 14 2 9 5 2 13 4 8 13 5 6 10 10 9 5 15 8 12 10 6 1 9 7 10 15 3 1 5 10 2 6 5 14 5 8 3 5 10 13 10 3 2 4 11 10 6 3 6 14 10 10
DISPLAY 0 5 2
DISPLAY 1 4 1
DISPLAY 2 12 4
DISPLAY 3 12 1
DISPLAY 4 7 0
DISPLAY 5 12 10
DISPLAY 6 8 8
DISPLAY 7 4 7
DISPLAY 8 2 7
DISPLAY 9 6 10
DISPLAY 10 0 8
DISPLAY 11 1 3
DISPLAY 13 7 10
DISPLAY 14 6 7
DISPLAY 15 10 3
DISPLAY 16 12 3
DISPLAY 17 7 1
DISPLAY 18 6 0
DISPLAY 19 12 6
DISPLAY 20 11 8
DISPLAY 21 2 5
DISPLAY 22 8 7
DISPLAY 24 0 10
POSITION 0 4 10
POSITION 1 11 1
POSITION 2 5 8
POSITION 3 11 10
PLAYER 2
.
TICK 5
FIELDS 9 10 8 6 5 8 15 9 10 15 5 11 7 10 5 15 15 3 6 14 13 6 5 7 11 11 10 14 10 15 12 6 5 5 15 6 8 5 2 14 12 10 7 7 15 14 5 13 5 14 15 9 15 9 8 5 2 12 6 10 10 13 14 13 10 10 3 15 5 3 2 12 10 8 3 8 10 15 5 15 4 14 15 10 11 8 9 12 3 3 9 14 14 2 9 5 2 13 4 8 13 5 6 10 10 9 5 15 5 12 10 6 1 9 7 10 15 3 1 5 10 8 6 5 14 5 8 3 5 10 13 10 3 2 2 11 10 6 3 6 14 10 10
DISPLAY 0 5 2
DISPLAY 1 4 2
DISPLAY 2 12 4
DISPLAY 3 12 1
DISPLAY 4 7 0
DISPLAY 5 12 10
DISPLAY 6 8 8
DISPLAY 7 4 8
DISPLAY 8 2 7
DISPLAY 9 6 10
DISPLAY 10 0 8
DISPLAY 11 1 3
DISPLAY 13 7 10
DISPLAY 14 6 7
DISPLAY 15 10 3
DISPLAY 16 12 3
DISPLAY 17 7 1
DISPLAY 18 6 0
DISPLAY 19 12 6
DISPLAY 20 11 8
DISPLAY 21 2 5
DISPLAY 22 8 7
DISPLAY 24 0 10
POSITION 0 4 0
POSITION 1 11 1
POSITION 2 5 8
POSITION 3 11 10
PLAYER 3
.
TICK 6
FIELDS 9 10 8 6 5 8 15 9 6 15 5 11 7 10 5 15 15 3 6 14 13 15 5 7 11 11 10 14 10 15 12 6 5 5 13 6 8 5 2 14 12 10 7 7 15 14 5 10 5 14 15 9 15 9 8 5 2 12 6 10 8 13 14 13 10 10 3 15 5 3 2 12 10 9 3 8 10 15 5 15 4 14 15 10 11 8 8 12 3 3 9 14 14 2 9 5 2 13 4 1 13 5 6 10 10 9 5 15 5 12 10 6 5 9 7 10 15 3 1 5 10 8 6 5 14 3 8 3 5 10 13 10 3 2 2 11 10 6 9 6 14 10 10
DISPLAY 0 5 2
DISPLAY 1 4 2
DISPLAY 2 12 4
DISPLAY 3 12 1
DISPLAY 4 7 0
DISPLAY 5 12 10
DISPLAY 6 8 7
DISPLAY 7 4 8
DISPLAY 8 2 7
DISPLAY 9 6 10
DISPLAY 10 0 8
DISPLAY 11 1 3
DISPLAY 13 7 10
DISPLAY 14 6 7
DISPLAY 15 10 3
DISPLAY 16 12 3
DISPLAY 17 7 1
DISPLAY 18 6 0
DISPLAY 19 12 6
DISPLAY 20 11 8
DISPLAY 21 2 5
DISPLAY 22 8 6
DISPLAY 24 0 10
POSITION 0 4 0
POSITION 1 11 1
POSITION 2 5 8
POSITION 3 11 10
PLAYER 0
MESSAGE OK
TARGET 9
EXTRAFIELD 11
.
TICK 6
FIELDS 9 10 8 6 3 8 15 9 6 15 5 11 7 10 5 15 15 12 6 14 13 15 5 7 11 11 10 14 10 15 7 6 5 5 13 6 8 5 2 14 12 10 7 2 15 14 5 10 5 14 15 9 15 9 8 5 3 12 6 10 8 13 14 13 10 10 3 15 5 15 2 12 10 9 3 8 10 15 5 15 4 14 5 10 11 8 8 12 3 3 9 14 14 2 9 5 2 13 4 1 13 5 6 10 10 9 5 15 8 12 10 6 5 9 7 10 15 3 1 5 10 2 6 5 14 3 8 3 5 10 13 10 3 2 11 11 10 6 9 6 14 10 10
DISPLAY 0 5 2
DISPLAY 1 4 1
DISPLAY 2 12 4
DISPLAY 3 12 1
DISPLAY 4 7 0
DISPLAY 5 12 10
DISPLAY 6 8 7
DISPLAY 7 4 7
DISPLAY 8 2 7
DISPLAY 10 0 8
DISPLAY 11 1 3
DISPLAY 13 7 10
DISPLAY 14 6 7
DISPLAY 15 10 3
DISPLAY 16 12 3
DISPLAY 17 7 1
DISPLAY 18 6 0
DISPLAY 19 12 6
DISPLAY 20 11 8
DISPLAY 21 2 5
DISPLAY 22 8 6
DISPLAY 24 0 10
POSITION 0 6 10
POSITION 1 11 1
POSITION 2 5 8
POSITION 3 11 10
PLAYER 1
.
TICK 6
FIELDS 9 10 5 6 3 8 15 9 6 15 5 11 7 10 5 8 15 12 6 14 13 15 5 7 11 11 10 14 15 15 7 6 5 5 13 6 8 5 2 14 12 10 7 2 15 14 5 10 5 14 15 9 15 9 10 5 3 12 6 10 8 13 14 13 10 10 3 8 5 15 2 12 10 9 3 8 10 15 5 15 15 14 5 10 11 8 8 12 3 3 9 14 14 4 9 5 2 13 4 1 13 5 6 10 10 9 2 15 8 12 10 6 5 9 7 10 15 3 1 5 10 2 6 5 14 3 8 3 5 10 13 10 5 2 11 11 10 6 9 6 14 10 10
DISPLAY 0 5 2
DISPLAY 1 4 1
DISPLAY 2 12 4
DISPLAY 3 12 1
DISPLAY 4 7 0
DISPLAY 5 12 10
DISPLAY 6 8 7
DISPLAY 7 4 7
DISPLAY 8 2 8
DISPLAY 10 0 8
DISPLAY 11 1 3
DISPLAY 13 7 10
DISPLAY 14 6 7
DISPLAY 15 10 3
DISPLAY 16 12 3
DISPLAY 17 7 1
DISPLAY 18 6 0
DISPLAY 19 12 6
DISPLAY 20 11 8
DISPLAY 21 2 6
DISPLAY 22 8 6
DISPLAY 24 0 10
POSITION 0 6 10
POSITION 1 11 1
POSITION 2 5 8
POSITION 3 11 10
PLAYER 2
.
TICK 6
FIELDS 9 10 5 6 4 8 15 9 6 15 5 11 7 10 5 8 15 3 6 14 13 15 5 7 11 11 10 14 15 15 12 6 5 5 13 6 8 5 2 14 12 10 7 7 15 14 5 10 5 14 15 9 15 9 10 5 2 12 6 10 8 13 14 13 10 10 3 8 5 3 2 12 10 9 3 8 10 15 5 15 15 14 15 10 11 8 8 12 3 3 9 14 14 4 9 5 2 13 4 1 13 5 6 10 10 9 2 15 5 12 10 6 5 9 7 10 15 3 1 5 10 8 6 5 14 3 8 3 5 10 13 10 5 2 2 11 10 6 9 6 14 10 10
DISPLAY 0 5 2
DISPLAY 1 4 2
DISPLAY 2 12 4
DISPLAY 3 12 1
DISPLAY 4 7 0
DISPLAY 5 12 10
DISPLAY 6 8 7
DISPLAY 7 4 8
DISPLAY 8 2 8
DISPLAY 10 0 8
DISPLAY 11 1 3
DISPLAY 13 7 10
DISPLAY 14 6 7
DISPLAY 15 10 3
DISPLAY 16 12 3
DISPLAY 17 7 1
DISPLAY 18 6 0
DISPLAY 19 12 6
DISPLAY 20 11 8
DISPLAY 21 2 6
DISPLAY 22 8 6
DISPLAY 24 0 10
POSITION 0 6 10
POSITION 1 11 1
POSITION 2 5 8
POSITION 3 11 10
PLAYER 3
.
TICK 7
FIELDS 9 10 5 6 4 8 15 9 15 15 5 11 7 10 5 8 15 3 6 14 13 13 5 7 11 11 10 14 15 15 12 6 5 5 10 6 8 5 2 14 12 10 7 7 15 14 5 8 5 14 15 9 15 9 10 5 2 12 6 10 9 13 14 13 10 10 3 8 5 3 2 12 10 8 3 8 10 15 5 15 15 14 15 10 11 8 1 12 3 3 9 14 14 4 9 5 2 13 4 5 13 5 6 10 10 9 2 15 5 12 10 6 3 9 7 10 15 3 1 5 10 8 6 5 14 9 8 3 5 10 13 10 5 2 2 11 10 6 10 6 14 10 10
DISPLAY 0 5 2
DISPLAY 1 4 2
DISPLAY 2 12 4
DISPLAY 3 12 1
DISPLAY 4 7 0
DISPLAY 5 12 10
DISPLAY 6 8 6
DISPLAY 7 4 8
DISPLAY 8 2 8
DISPLAY 10 0 8
DISPLAY 11 1 3
DISPLAY 13 7 10
DISPLAY 14 6 7
DISPLAY 15 10 3
DISPLAY 16 12 3
DISPLAY 17 7 1
DISPLAY 18 6 0
DISPLAY 19 12 6
DISPLAY 20 11 8
DISPLAY 21 2 6
DISPLAY 22 8 5
DISPLAY 24 0 10
POSITION 0 6 10
POSITION 1 11 1
POSITION 2 5 8
POSITION 3 11 10
PLAYER 0
MESSAGE OK
TARGET 6
EXTRAFIELD 5
.
TICK 7
FIELDS 9 10 5 6 4 8 15 9 15 15 5 11 7 10 5 8 15 3 6 14 13 13 5 7 11 11 10 14 15 15 12 6 5 5 10 6 8 5 2 14 12 10 7 7 15 14 5 8 5 14 15 9 15 9 10 5 2 12 6 10 9 13 14 13 10 10 3 8 5 3 2 12 10 8 3 8 10 15 5 15 15 14 15 10 11 8 1 12 3 3 9 14 14 4 9 5 2 13 4 5 13 5 6 10 10 9 2 15 5 12 10 6 3 9 7 10 15 1 5 10 8 6 5 14 9 8 3 5 10 5 13 10 5 2 2 11 10 6 10 6 14 10 10
DISPLAY 0 5 2
DISPLAY 1 4 2
DISPLAY 2 12 4
DISPLAY 3 12 1
DISPLAY 4 7 0
DISPLAY 5 12 10
DISPLAY 6 8 6
DISPLAY 7 4 8
DISPLAY 8 2 8
DISPLAY 10 0 8
DISPLAY 11 1 3
DISPLAY 13 7 10
DISPLAY 14 6 7
DISPLAY 15 10 3
DISPLAY 16 12 3
DISPLAY 17 7 1
DISPLAY 18 6 0
DISPLAY 19 12 6
DISPLAY 20 11 8
DISPLAY 21 2 6
DISPLAY 22 8 5
DISPLAY 24 0 10
POSITION 0 7 8
POSITION 1 11 1
POSITION 2 5 8
POSITION 3 11 10
PLAYER 1
.
TICK 7
FIELDS 9 10 5 6 4 8 15 9 15 15 5 11 7 10 5 8 15 3 6 14 13 13 5 7 11 11 10 14 15 15 12 6 5 5 10 6 8 5 2 14 12 10 7 7 15 14 5 8 5 14 15 9 9 10 5 2 12 6 10 9 13 14 13 10 3 10 3 8 5 3 2 12 10 8 3 8 10 15 5 15 15 14 15 10 11 8 1 12 3 3 9 14 14 4 9 5 2 13 4 5 13 5 6 10 10 9 2 15 5 12 10 6 3 9 7 10 15 1 5 10 8 6 5 14 9 8 3 5 10 5 13 10 5 2 2 11 10 6 10 6 14 10 10
DISPLAY 0 5 2
DISPLAY 1 4 2
DISPLAY 2 11 4
DISPLAY 3 12 1
DISPLAY 4 7 0
DISPLAY 5 12 10
DISPLAY 6 8 6
DISPLAY 7 4 8
DISPLAY 8 2 8
DISPLAY 10 0 8
DISPLAY 11 1 3
DISPLAY 13 7 10
DISPLAY 14 6 7
DISPLAY 15 10 3
DISPLAY 16 12 3
DISPLAY 17 7 1
DISPLAY 18 6 0
DISPLAY 19 12 6
DISPLAY 20 11 8
DISPLAY 21 2 6
DISPLAY 22 8 5
DISPLAY 24 0 10
POSITION 0 7 8
POSITION 1 11 1
POSITION 2 5 8
POSITION 3 11 10
PLAYER 2
.
TICK 7
FIELDS 11 10 5 6 4 8 15 9 15 15 5 11 7 9 5 8 15 3 6 14 13 13 5 7 11 11 10 14 15 15 12 6 5 5 10 6 8 5 2 10 12 10 7 7 15 14 5 8 5 14 15 9 14 10 5 2 12 6 10 9 13 14 13 10 3 9 3 8 5 3 2 12 10 8 3 8 10 15 10 15 15 14 15 10 11 8 1 12 3 3 9 5 14 4 9 5 2 13 4 5 13 5 6 10 14 9 2 15 5 12 10 6 3 9 7 10 15 10 5 10 8 6 5 14 9 8 3 5 10 5 1 10 5 2 2 11 10 6 10 6 14 10 10
DISPLAY 0 5 2
DISPLAY 1 4 2
DISPLAY 2 11 4
DISPLAY 3 12 1
DISPLAY 4 7 0
DISPLAY 5 12 10
DISPLAY 6 8 6
DISPLAY 7 4 8
DISPLAY 8 2 8
DISPLAY 10 0 9
DISPLAY 11 1 3
DISPLAY 13 7 10
DISPLAY 14 6 7
DISPLAY 15 10 3
DISPLAY 16 12 3
DISPLAY 17 7 1
DISPLAY 18 6 0
DISPLAY 19 12 6
DISPLAY 20 11 8
DISPLAY 21 2 6
DISPLAY 22 8 5
DISPLAY 24 0 0
POSITION 0 7 8
POSITION 1 11 1
POSITION 2 5 8
POSITION 3 11 10
PLAYER 3
.
TICK 8
FIELDS 11 10 5 6 4 8 15 9 13 15 5 11 7 9 5 8 15 3 6 14 13 10 5 7 11 11 10 14 15 15 12 6 5 5 8 6 8 5 2 10 12 10 7 7 15 14 5 13 5 14 15 9 14 10 5 2 12 6 10 9 8 14 13 10 3 9 3 8 5 3 2 12 10 1 3 8 10 15 10 15 15 14 15 10 11 8 5 12 3 3 9 5 14 4 9 5 2 13 4 3 13 5 6 10 14 9 2 15 5 12 10 6 8 9 7 10 15 10 5 10 8 6 5 14 9 10 3 5 10 5 1 10 5 2 2 11 10 6 6 6 14 10 10
DISPLAY 0 5 2
DISPLAY 1 4 2
DISPLAY 2 11 4
DISPLAY 3 12 1
DISPLAY 4 7 0
DISPLAY 5 12 10
DISPLAY 6 8 5
DISPLAY 7 4 8
DISPLAY 8 2 8
DISPLAY 10 0 9
DISPLAY 11 1 3
DISPLAY 13 7 10
DISPLAY 14 6 7
DISPLAY 15 10 3
DISPLAY 16 12 3
DISPLAY 17 7 1
DISPLAY 18 6 0
DISPLAY 19 12 6
DISPLAY 20 11 8
DISPLAY 21 2 6
DISPLAY 22 8 4
DISPLAY 24 0 0
POSITION 0 7 8
POSITION 1 11 1
POSITION 2 5 8
POSITION 3 11 10
PLAYER 0
MESSAGE OK
TARGET 6
EXTRAFIELD 3
.
TICK 8
FIELDS 11 10 5 6 4 8 15 13 13 15 5 11 7 9 5 8 15 3 6 14 5 10 5 7 11 11 10 14 15 15 12 6 5 5 8 6 8 5 2 10 12 10 7 7 15 14 9 13 5 14 15 9 14 10 5 2 12 6 10 10 8 14 13 10 3 9 3 8 5 3 2 12 8 1 3 8 10 15 10 15 15 14 15 10 11 4 5 12 3 3 9 5 14 4 9 5 2 13 6 3 13 5 6 10 14 9 2 15 5 12 10 9 8 9 7 10 15 10 5 10 8 6 5 14 6 10 3 5 10 5 1 10 5 2 2 11 10 3 6 6 14 10 10
DISPLAY 0 5 2
DISPLAY 1 4 2
DISPLAY 2 11 4
DISPLAY 3 12 1
DISPLAY 4 7 10
DISPLAY 5 12 10
DISPLAY 6 8 5
DISPLAY 7 4 8
DISPLAY 8 2 8
DISPLAY 10 0 9
DISPLAY 11 1 3
DISPLAY 13 7 9
DISPLAY 14 6 7
DISPLAY 15 10 3
DISPLAY 16 12 3
DISPLAY 17 7 0
DISPLAY 18 6 0
DISPLAY 19 12 6
DISPLAY 20 11 8
DISPLAY 21 2 6
DISPLAY 22 8 4
DISPLAY 24 0 0
POSITION 0 7 7
POSITION 1 11 1
POSITION 2 5 8
POSITION 3 11 10
PLAYER 1
.
TICK 8
FIELDS 11 10 5 6 4 8 15 13 13 15 5 11 7 9 5 8 15 3 6 14 5 10 5 7 11 11 10 14 15 15 12 6 5 5 8 6 8 5 2 10 12 10 7 7 15 14 9 13 5 14 15 9 14 10 5 2 12 6 10 10 8 14 13 10 3 15 9 3 8 5 3 2 12 8 1 3 8 10 10 15 15 14 15 10 11 4 5 12 3 3 9 5 14 4 9 5 2 13 6 3 13 5 6 10 14 9 2 15 5 12 10 9 8 9 7 10 15 10 5 10 8 6 5 14 6 10 3 5 10 5 1 10 5 2 2 11 10 3 6 6 14 10 10
DISPLAY 0 5 2
DISPLAY 1 4 2
DISPLAY 2 11 4
DISPLAY 3 12 1
DISPLAY 4 7 10
DISPLAY 5 12 10
DISPLAY 6 9 5
DISPLAY 7 4 8
DISPLAY 8 2 8
DISPLAY 10 0 9
DISPLAY 11 1 3
DISPLAY 13 7 9
DISPLAY 14 6 7
DISPLAY 15 10 3
DISPLAY 16 12 3
DISPLAY 17 7 0
DISPLAY 18 6 0
DISPLAY 19 12 6
DISPLAY 20 11 8
DISPLAY 21 2 6
DISPLAY 22 8 4
DISPLAY 24 0 0
POSITION 0 7 7
POSITION 1 11 1
POSITION 2 5 8
POSITION 3 11 10
PLAYER 2
.
TICK 8
FIELDS 13 10 5 6 4 8 15 13 13 15 5 11 7 11 5 8 15 3 6 14 5 10 5 7 11 11 9 14 15 15 12 6 5 5 8 6 8 5 2 10 12 10 7 7 15 14 9 13 5 14 15 9 10 10 5 2 12 6 10 10 8 14 13 10 3 14 9 3 8 5 3 2 12 8 1 3 8 10 15 15 15 14 15 10 11 4 5 12 3 3 9 10 14 4 9 5 2 13 6 3 13 5 6 10 5 9 2 15 5 12 10 9 8 9 7 10 15 14 5 10 8 6 5 14 6 10 3 5 10 5 10 10 5 2 2 11 10 3 6 6 14 10 10
DISPLAY 0 5 2
DISPLAY 1 4 2
DISPLAY 2 11 4
DISPLAY 3 12 1
DISPLAY 4 7 10
DISPLAY 5 12 10
DISPLAY 6 9 5
DISPLAY 7 4 8
DISPLAY 8 2 8
DISPLAY 10 0 10
DISPLAY 11 1 3
DISPLAY 13 7 9
DISPLAY 14 6 7
DISPLAY 15 10 3
DISPLAY 16 12 3
DISPLAY 17 7 0
DISPLAY 18 6 0
DISPLAY 19 12 6
DISPLAY 20 11 8
DISPLAY 21 2 6
DISPLAY 22 8 4
DISPLAY 24 0 1
POSITION 0 7 7
POSITION 1 11 1
POSITION 2 5 8
POSITION 3 11 10
PLAYER 3
.
TICK 9
FIELDS 13 10 5 6 4 8 15 13 15 15 5 11 7 11 5 8 15 3 6 14 5 13 5 7 11 11 9 14 15 15 12 6 5 5 10 6 8 5 2 10 12 10 7 7 15 14 9 8 5 14 15 9 10 10 5 2 12 6 10 10 13 14 13 10 3 14 9 3 8 5 3 2 12 8 1 3 8 10 15 15 15 14 15 10 11 4 8 12 3 3 9 10 14 4 9 5 2 13 6 5 13 5 6 10 5 9 2 15 5 12 10 9 3 9 7 10 15 14 5 10 8 6 5 14 6 8 3 5 10 5 10 10 5 2 2 11 10 3 10 6 14 10 10
DISPLAY 0 5 2
DISPLAY 1 4 2
DISPLAY 2 11 4
DISPLAY 3 12 1
DISPLAY 4 7 10
DISPLAY 5 12 10
DISPLAY 6 9 5
DISPLAY 7 4 8
DISPLAY 8 2 8
DISPLAY 10 0 10
DISPLAY 11 1 3
DISPLAY 13 7 9
DISPLAY 14 6 7
DISPLAY 15 10 3
DISPLAY 16 12 3
DISPLAY 17 7 0
DISPLAY 18 6 0
DISPLAY 19 12 6
DISPLAY 20 11 8
DISPLAY 21 2 6
DISPLAY 22 8 5
DISPLAY 24 0 1
POSITION 0 7 7
POSITION 1 11 1
POSITION 2 5 8
POSITION 3 11 10
PLAYER 0
MESSAGE OK
TARGET 6
EXTRAFIELD 9
.
TICK 9
FIELDS 13 10 5 6 4 8 15 13 15 15 9 11 7 11 5 8 15 3 6 14 5 13 5 5 11 11 9 14 15 15 12 6 5 5 10 6 7 5 2 10 12 10 7 7 15 14 9 8 5 8 15 9 10 10 5 2 12 6 10 10 13 14 14 10 3 14 9 3 8 5 3 2 12 8 1 13 8 10 15 15 15 14 15 10 11 4 8 12 3 3 9 10 14 4 9 5 2 13 6 5 13 3 6 10 5 9 2 15 5 12 10 9 3 9 5 10 15 14 5 10 8 6 5 14 6 8 3 7 10 5 10 10 5 2 2 11 10 3 10 6 5 10 10
DISPLAY 0 5 2
DISPLAY 1 4 2
DISPLAY 2 11 4
DISPLAY 3 12 1
DISPLAY 4 7 10
DISPLAY 5 12 10
DISPLAY 6 9 5
DISPLAY 7 4 8
DISPLAY 8 2 8
DISPLAY 10 0 10
DISPLAY 11 1 3
DISPLAY 13 7 9
DISPLAY 14 6 7
DISPLAY 15 10 4
DISPLAY 16 12 3
DISPLAY 17 7 0
DISPLAY 18 6 0
DISPLAY 19 12 6
DISPLAY 20 11 8
DISPLAY 21 2 6
DISPLAY 22 8 5
DISPLAY 24 0 1
POSITION 0 8 7
POSITION 1 11 1
POSITION 2 5 8
POSITION 3 11 10
PLAYER 1
.
TICK 9
FIELDS 13 10 5 6 4 8 15 13 15 15 9 11 15 11 5 8 15 3 6 14 5 13 5 5 11 7 9 14 15 15 12 6 5 5 10 6 7 5 11 10 12 10 7 7 15 14 9 8 5 8 15 2 10 10 5 2 12 6 10 10 13 14 14 10 9 14 9 3 8 5 3 2 12 8 1 13 8 3 15 15 15 14 15 10 11 4 8 12 3 3 10 10 14 4 9 5 2 13 6 5 13 3 6 9 5 9 2 15 5 12 10 9 3 9 5 10 10 14 5 10 8 6 5 14 6 8 3 7 10 15 10 10 5 2 2 11 10 3 10 6 5 10 5
DISPLAY 0 5 2
DISPLAY 1 4 2
DISPLAY 2 11 4
DISPLAY 3 12 2
DISPLAY 4 7 10
DISPLAY 5 12 0
DISPLAY 6 9 5
DISPLAY 7 4 8
DISPLAY 8 2 8
DISPLAY 10 0 10
DISPLAY 11 1 3
DISPLAY 13 7 9
DISPLAY 14 6 7
DISPLAY 15 10 4
DISPLAY 16 12 4
DISPLAY 17 7 0
DISPLAY 18 6 0
DISPLAY 19 12 7
DISPLAY 20 11 8
DISPLAY 21 2 6
DISPLAY 22 8 5
DISPLAY 24 0 1
POSITION 0 8 7
POSITION 1 11 1
POSITION 2 5 8
POSITION 3 11 10
PLAYER 2
.
TICK 9
FIELDS 1 10 5 6 4 8 15 13 15 15 9 11 15 13 5 8 15 3 6 14 5 13 5 5 11 7 11 14 15 15 12 6 5 5 10 6 7 5 11 9 12 10 7 7 15 14 9 8 5 8 15 2 10 10 5 2 12 6 10 10 13 14 14 10 9 10 9 3 8 5 3 2 12 8 1 13 8 3 14 15 15 14 15 10 11 4 8 12 3 3 10 15 14 4 9 5 2 13 6 5 13 3 6 9 10 9 2 15 5 12 10 9 3 9 5 10 10 5 5 10 8 6 5 14 6 8 3 7 10 15 14 10 5 2 2 11 10 3 10 6 5 10 5
DISPLAY 0 5 2
DISPLAY 1 4 2
DISPLAY 2 11 4
DISPLAY 3 12 2
DISPLAY 4 7 10
DISPLAY 5 12 0
DISPLAY 6 9 5
DISPLAY 7 4 8
DISPLAY 8 2 8
DISPLAY 10 0 0
DISPLAY 11 1 3
DISPLAY 13 7 9
DISPLAY 14 6 7
DISPLAY 15 10 4
DISPLAY 16 12 4
DISPLAY 17 7 0
DISPLAY 18 6 0
DISPLAY 19 12 7
DISPLAY 20 11 8
DISPLAY 21 2 6
DISPLAY 22 8 5
DISPLAY 24 0 2
POSITION 0 8 7
POSITION 1 11 1
POSITION 2 5 8
POSITION 3 11 10
PLAYER 3
.
TICK 10
FIELDS 1 10 5 6 4 8 15 13 6 15 9 11 15 13 5 8 15 3 6 14 5 15 5 5 11 7 11 14 15 15 12 6 5 5 13 6 7 5 11 9 12 10 7 7 15 14 9 10 5 8 15 2 10 10 5 2 12 6 10 10 8 14 14 10 9 10 9 3 8 5 3 2 12 13 1 13 8 3 14 15 15 14 15 10 11 4 8 12 3 3 10 15 14 4 9 5 2 13 6 8 13 3 6 9 10 9 2 15 5 12 10 9 5 9 5 10 10 5 5 10 8 6 5 14 6 3 3 7 10 15 14 10 5 2 2 11 10 3 8 6 5 10 5
DISPLAY 0 5 2
DISPLAY 1 4 2
DISPLAY 2 11 4
DISPLAY 3 12 2
DISPLAY 4 7 10
DISPLAY 5 12 0
DISPLAY 6 9 5
DISPLAY 7 4 8
DISPLAY 8 2 8
DISPLAY 10 0 0
DISPLAY 11 1 3
DISPLAY 13 7 9
DISPLAY 14 6 7
DISPLAY 15 10 4
DISPLAY 16 12 4
DISPLAY 17 7 0
DISPLAY 18 6 0
DISPLAY 19 12 7
DISPLAY 20 11 8
DISPLAY 21 2 6
DISPLAY 22 8 6
DISPLAY 24 0 2
POSITION 0 8 8
POSITION 1 11 1
POSITION 2 5 8
POSITION 3 11 10
PLAYER 0
MESSAGE OK
TARGET 6
EXTRAFIELD 14
.
TICK 10
FIELDS 1 10 5 6 4 8 15 13 6 15 9 11 15 13 5 8 15 3 6 14 5 15 5 5 11 7 11 14 15 15 12 6 5 5 13 6 7 5 11 9 12 10 7 7 15 14 9 10 5 8 15 2 10 10 5 2 12 6 10 10 8 14 14 10 9 10 9 3 8 5 3 2 12 13 1 13 8 3 14 15 15 14 15 10 11 4 8 12 3 3 10 14 4 9 5 2 13 6 8 13 3 6 9 14 10 9 2 15 5 12 10 9 5 9 5 10 10 5 5 10 8 6 5 14 6 3 3 7 10 15 14 10 5 2 2 11 10 3 8 6 5 10 5
DISPLAY 0 5 2
DISPLAY 1 4 2
DISPLAY 2 11 4
DISPLAY 3 12 2
DISPLAY 4 7 10
DISPLAY 5 12 0
DISPLAY 7 4 8
DISPLAY 8 2 8
DISPLAY 10 0 0
DISPLAY 11 1 3
DISPLAY 13 7 9
DISPLAY 14 5 7
DISPLAY 15 10 4
DISPLAY 16 12 4
DISPLAY 17 7 0
DISPLAY 18 6 0
DISPLAY 19 11 7
DISPLAY 20 11 8
DISPLAY 21 2 6
DISPLAY 22 8 6
DISPLAY 24 0 2
POSITION 0 9 5
POSITION 1 11 1
POSITION 2 5 8
POSITION 3 11 10
PLAYER 1
.
TICK 10
FIELDS 1 10 5 6 4 8 15 13 6 15 9 11 7 13 5 8 15 3 6 14 5 15 5 5 11 11 11 14 15 15 12 6 5 5 13 6 7 5 2 9 12 10 7 7 15 14 9 10 5 8 15 9 10 10 5 2 12 6 10 10 8 14 14 10 3 10 9 3 8 5 3 2 12 13 1 13 8 10 14 15 15 14 15 10 11 4 8 12 3 3 14 14 4 9 5 2 13 6 8 13 3 6 9 10 10 9 2 15 5 12 10 9 5 9 5 10 15 5 5 10 8 6 5 14 6 3 3 7 10 5 14 10 5 2 2 11 10 3 8 6 5 10 10
DISPLAY 0 5 2
DISPLAY 1 4 2
DISPLAY 2 11 4
DISPLAY 3 12 1
DISPLAY 4 7 10
DISPLAY 5 12 10
DISPLAY 7 4 8
DISPLAY 8 2 8
DISPLAY 10 0 0
DISPLAY 11 1 3
DISPLAY 13 7 9
DISPLAY 14 5 7
DISPLAY 15 10 4
DISPLAY 16 12 3
DISPLAY 17 7 0
DISPLAY 18 6 0
DISPLAY 19 11 7
DISPLAY 20 11 8
DISPLAY 21 2 6
DISPLAY 22 8 6
DISPLAY 24 0 2
POSITION 0 9 5
POSITION 1 11 1
POSITION 2 5 8
POSITION 3 11 10
PLAYER 2
.
TICK 10
FIELDS 10 10 5 6 4 8 15 13 6 15 9 11 7 1 5 8 15 3 6 14 5 15 5 5 11 11 13 14 15 15 12 6 5 5 13 6 7 5 2 11 12 10 7 7 15 14 9 10 5 8 15 9 9 10 5 2 12 6 10 10 8 14 14 10 3 10 9 3 8 5 3 2 12 13 1 13 8 10 10 15 15 14 15 10 11 4 8 12 3 3 14 14 4 9 5 2 13 6 8 13 3 6 9 10 14 9 2 15 5 12 10 9 5 9 5 10 15 10 5 10 8 6 5 14 6 3 3 7 10 5 5 10 5 2 2 11 10 3 8 6 5 10 10
DISPLAY 0 5 2
DISPLAY 1 4 2
DISPLAY 2 11 4
DISPLAY 3 12 1
DISPLAY 4 7 10
DISPLAY 5 12 10
DISPLAY 7 4 8
DISPLAY 8 2 8
DISPLAY 10 0 1
DISPLAY 11 1 3
DISPLAY 13 7 9
DISPLAY 14 5 7
DISPLAY 15 10 4
DISPLAY 16 12 3
DISPLAY 17 7 0
DISPLAY 18 6 0
DISPLAY 19 11 7
DISPLAY 20 11 8
DISPLAY 21 2 6
DISPLAY 22 8 6
DISPLAY 24 0 3
POSITION 0 9 5
POSITION 1 11 1
POSITION 2 5 8
POSITION 3 11 10
PLAYER 3
.
TICK 11
FIELDS 10 10 5 6 4 8 15 13 10 15 9 11 7 1 5 8 15 3 6 14 5 6 5 5 11 11 13 14 15 15 12 6 5 5 15 6 7 5 2 11 12 10 7 7 15 14 9 13 5 8 15 9 9 10 5 2 12 6 10 10 10 14 14 10 3 10 9 3 8 5 3 2 12 8 1 13 8 10 10 15 15 14 15 10 11 4 13 12 3 3 14 14 4 9 5 2 13 6 8 8 3 6 9 10 14 9 2 15 5 12 10 9 13 9 5 10 15 10 5 10 8 6 5 14 6 5 3 7 10 5 5 10 5 2 2 11 10 3 3 6 5 10 10
DISPLAY 0 5 2
DISPLAY 1 4 2
DISPLAY 2 11 4
DISPLAY 3 12 1
DISPLAY 4 7 10
DISPLAY 5 12 10
DISPLAY 7 4 8
DISPLAY 8 2 8
DISPLAY 10 0 1
DISPLAY 11 1 3
DISPLAY 13 7 9
DISPLAY 14 5 7
DISPLAY 15 10 4
DISPLAY 16 12 3
DISPLAY 17 7 0
DISPLAY 18 6 0
DISPLAY 19 11 7
DISPLAY 20 11 8
DISPLAY 21 2 6
DISPLAY 22 8 7
DISPLAY 24 0 3
POSITION 0 9 5
POSITION 1 11 1
POSITION 2 5 8
POSITION 3 11 10
PLAYER 0
MESSAGE OK
TARGET 20
EXTRAFIELD 15
.
TICK 11
FIELDS 10 10 5 6 4 8 15 13 10 15 9 11 7 1 5 8 15 3 6 14 5 6 5 5 11 11 13 14 15 15 12 6 5 5 15 6 7 5 2 11 12 10 7 7 15 14 9 13 5 8 15 9 9 10 5 2 12 6 10 10 10 14 14 10 3 10 9 3 8 5 3 2 12 8 1 13 8 10 10 15 15 14 15 10 11 4 13 12 3 3 14 4 9 5 2 13 6 8 8 3 6 9 10 15 14 9 2 15 5 12 10 9 13 9 5 10 15 10 5 10 8 6 5 14 6 5 3 7 10 5 5 10 5 2 2 11 10 3 3 6 5 10 10
DISPLAY 0 5 2
DISPLAY 1 4 2
DISPLAY 2 11 4
DISPLAY 3 12 1
DISPLAY 4 7 10
DISPLAY 5 12 10
DISPLAY 7 4 8
DISPLAY 8 2 8
DISPLAY 10 0 1
DISPLAY 11 1 3
DISPLAY 13 7 9
DISPLAY 14 4 7
DISPLAY 15 10 4
DISPLAY 16 12 3
DISPLAY 17 7 0
DISPLAY 18 6 0
DISPLAY 19 10 7
DISPLAY 20 11 8
DISPLAY 21 2 6
DISPLAY 22 7 7
DISPLAY 24 0 3
POSITION 0 10 6
POSITION 1 11 1
POSITION 2 5 8
POSITION 3 11 10
PLAYER 1
.
TICK 11
FIELDS 10 10 5 6 4 8 15 13 10 15 9 11 7 1 5 8 15 3 6 14 5 6 5 5 11 11 13 14 15 15 12 6 5 5 15 6 7 5 2 11 12 10 7 7 15 14 9 13 5 8 15 9 10 5 2 12 6 10 10 10 14 14 10 3 15 10 9 3 8 5 3 2 12 8 1 13 8 10 10 15 15 14 15 10 11 4 13 12 3 3 14 4 9 5 2 13 6 8 8 3 6 9 10 15 14 9 2 15 5 12 10 9 13 9 5 10 15 10 5 10 8 6 5 14 6 5 3 7 10 5 5 10 5 2 2 11 10 3 3 6 5 10 10
DISPLAY 0 5 2
DISPLAY 1 4 2
DISPLAY 2 10 4
DISPLAY 3 12 1
DISPLAY 4 7 10
DISPLAY 5 12 10
DISPLAY 7 4 8
DISPLAY 8 2 8
DISPLAY 10 0 1
DISPLAY 11 1 3
DISPLAY 13 7 9
DISPLAY 14 4 7
DISPLAY 15 9 4
DISPLAY 16 12 3
DISPLAY 17 7 0
DISPLAY 18 6 0
DISPLAY 19 10 7
DISPLAY 20 11 8
DISPLAY 21 2 6
DISPLAY 22 7 7
DISPLAY 24 0 3
POSITION 0 10 6
POSITION 1 11 1
POSITION 2 5 8
POSITION 3 11 10
PLAYER 2
.
TICK 11
FIELDS 14 10 5 6 4 8 15 13 10 15 9 11 7 10 5 8 15 3 6 14 5 6 5 5 11 11 1 14 15 15 12 6 5 5 15 6 7 5 2 13 12 10 7 7 15 14 9 13 5 8 15 9 11 5 2 12 6 10 10 10 14 14 10 3 15 10 9 3 8 5 3 2 12 8 1 13 8 10 10 15 15 14 15 10 11 4 13 12 3 3 14 10 9 5 2 13 6 8 8 3 6 9 10 15 4 9 2 15 5 12 10 9 13 9 5 10 15 14 5 10 8 6 5 14 6 5 3 7 10 5 10 10 5 2 2 11 10 3 3 6 5 10 10
DISPLAY 0 5 2
DISPLAY 1 4 2
DISPLAY 2 10 4
DISPLAY 3 12 1
DISPLAY 4 7 10
DISPLAY 5 12 10
DISPLAY 7 4 8
DISPLAY 8 2 8
DISPLAY 10 0 2
DISPLAY 11 1 3
DISPLAY 13 7 9
DISPLAY 14 4 7
DISPLAY 15 9 4
DISPLAY 16 12 3
DISPLAY 17 7 0
DISPLAY 18 6 0
DISPLAY 19 10 7
DISPLAY 20 11 8
DISPLAY 21 2 6
DISPLAY 22 7 7
DISPLAY 24 0 4
POSITION 0 10 6
POSITION 1 11 1
POSITION 2 5 8
POSITION 3 11 10
PLAYER 3
.
TICK 12
FIELDS 14 10 5 6 4 8 15 13 6 15 9 11 7 10 5 8 15 3 6 14 5 15 5 5 11 11 1 14 15 15 12 6 5 5 13 6 7 5 2 13 12 10 7 7 15 14 9 14 5 8 15 9 11 5 2 12 6 10 10 10 8 14 10 3 15 10 9 3 8 5 3 2 12 13 1 13 8 10 10 15 15 14 15 10 11 4 3 12 3 3 14 10 9 5 2 13 6 8 8 13 6 9 10 15 4 9 2 15 5 12 10 9 5 9 5 10 15 14 5 10 8 6 5 14 6 3 3 7 10 5 10 10 5 2 2 11 10 3 8 6 5 10 10
DISPLAY 0 5 2
DISPLAY 1 4 2
DISPLAY 2 10 4
DISPLAY 3 12 1
DISPLAY 4 7 10
DISPLAY 5 12 10
DISPLAY 7 4 8
DISPLAY 8 2 8
DISPLAY 10 0 2
DISPLAY 11 1 3
DISPLAY 13 7 9
DISPLAY 14 4 7
DISPLAY 15 9 4
DISPLAY 16 12 3
DISPLAY 17 7 0
DISPLAY 18 6 0
DISPLAY 19 10 7
DISPLAY 20 11 8
DISPLAY 21 2 6
DISPLAY 22 7 7
DISPLAY 24 0 4
POSITION 0 10 6
POSITION 1 11 1
POSITION 2 5 8
POSITION 3 11 10
PLAYER 0
MESSAGE OK
TARGET 20
EXTRAFIELD 14
.
TICK 12
FIELDS 14 10 5 6 4 8 15 13 6 15 9 11 7 10 5 8 15 3 6 14 5 15 5 5 11 11 1 14 15 15 12 6 5 5 13 6 7 5 2 13 12 10 7 7 15 14 9 14 5 8 15 9 11 5 2 12 6 10 10 10 8 14 10 3 15 10 9 3 8 5 3 2 12 13 1 13 8 10 10 15 15 14 15 10 11 4 3 12 3 3 14 9 5 2 13 6 8 8 13 6 9 10 15 7 4 9 2 15 5 12 10 9 5 9 5 10 15 14 5 10 8 6 5 14 6 3 3 7 10 5 10 10 5 2 2 11 10 3 8 6 5 10 10
DISPLAY 0 5 2
DISPLAY 1 4 2
DISPLAY 2 10 4
DISPLAY 3 12 1
DISPLAY 4 7 10
DISPLAY 5 12 10
DISPLAY 7 4 8
DISPLAY 8 2 8
DISPLAY 10 0 2
DISPLAY 11 1 3
DISPLAY 13 7 9
DISPLAY 14 3 7
DISPLAY 15 9 4
DISPLAY 16 12 3
DISPLAY 17 7 0
DISPLAY 18 6 0
DISPLAY 19 9 7
DISPLAY 21 2 6
DISPLAY 22 6 7
DISPLAY 24 0 4
POSITION 0 11 8
POSITION 1 11 1
POSITION 2 5 8
POSITION 3 11 10
PLAYER 1
.
TICK 12
FIELDS 14 10 5 6 4 8 15 13 6 15 9 11 7 10 5 8 15 3 6 14 5 15 5 5 5 11 1 14 15 15 12 6 5 5 13 6 7 15 2 13 12 10 7 7 15 14 9 14 5 8 3 9 11 5 2 12 6 10 10 10 8 14 10 8 15 10 9 3 8 5 3 2 12 13 1 13 3 10 10 15 15 14 15 10 11 4 3 12 3 15 14 9 5 2 13 6 8 8 13 6 9 10 10 7 4 9 2 15 5 12 10 9 5 9 5 10 15 14 5 10 8 6 5 14 6 3 3 7 10 5 10 10 5 2 2 11 10 3 8 6 5 9 10
DISPLAY 0 5 2
DISPLAY 1 4 2
DISPLAY 2 10 4
DISPLAY 3 12 1
DISPLAY 4 7 10
DISPLAY 5 12 10
DISPLAY 7 4 8
DISPLAY 8 2 8
DISPLAY 10 0 2
DISPLAY 11 1 3
DISPLAY 13 7 9
DISPLAY 14 3 7
DISPLAY 15 9 4
DISPLAY 16 12 3
DISPLAY 17 7 0
DISPLAY 18 6 0
DISPLAY 19 9 7
DISPLAY 21 2 6
DISPLAY 22 6 7
DISPLAY 24 0 4
POSITION 0 11 7
POSITION 1 11 0
POSITION 2 5 8
POSITION 3 11 9
PLAYER 2
.
TICK 12
FIELDS 5 10 5 6 4 8 15 13 6 15 9 11 7 14 5 8 15 3 6 14 5 15 5 5 5 11 10 14 15 15 12 6 5 5 13 6 7 15 2 1 12 10 7 7 15 14 9 14 5 8 3 9 13 5 2 12 6 10 10 10 8 14 10 8 15 11 9 3 8 5 3 2 12 13 1 13 3 10 10 15 15 14 15 10 11 4 3 12 3 15 14 10 5 2 13 6 8 8 13 6 9 10 10 7 9 9 2 15 5 12 10 9 5 9 5 10 15 4 5 10 8 6 5 14 6 3 3 7 10 5 14 10 5 2 2 11 10 3 8 6 5 9 10
DISPLAY 0 5 2
DISPLAY 1 4 2
DISPLAY 2 10 4
DISPLAY 3 12 1
DISPLAY 4 7 10
DISPLAY 5 12 10
DISPLAY 7 4 8
DISPLAY 8 2 8
DISPLAY 10 0 3
DISPLAY 11 1 3
DISPLAY 13 7 9
DISPLAY 14 3 7
DISPLAY 15 9 4
DISPLAY 16 12 3
DISPLAY 17 7 0
DISPLAY 18 6 0
DISPLAY 19 9 7
DISPLAY 21 2 6
DISPLAY 22 6 7
DISPLAY 24 0 5
POSITION 0 11 7
POSITION 1 11 0
POSITION 2 5 8
POSITION 3 11 9
PLAYER 3
.
TICK 13
FIELDS 5 10 5 6 4 8 15 13 10 15 9 11 7 14 5 8 15 3 6 14 5 6 5 5 5 11 10 14 15 15 12 6 5 5 15 6 7 15 2 1 12 10 7 7 15 14 9 13 5 8 3 9 13 5 2 12 6 10 10 10 14 14 10 8 15 11 9 3 8 5 3 2 12 8 1 13 3 10 10 15 15 14 15 10 11 4 13 12 3 15 14 10 5 2 13 6 8 8 13 3 9 10 10 7 9 9 2 15 5 12 10 9 6 9 5 10 15 4 5 10 8 6 5 14 6 5 3 7 10 5 14 10 5 2 2 11 10 3 3 6 5 9 10
DISPLAY 0 5 2
DISPLAY 1 4 2
DISPLAY 2 10 4
DISPLAY 3 12 1
DISPLAY 4 7 10
DISPLAY 5 12 10
DISPLAY 7 4 8
DISPLAY 8 2 8
DISPLAY 10 0 3
DISPLAY 11 1 3
DISPLAY 13 7 9
DISPLAY 14 3 7
DISPLAY 15 9 4
DISPLAY 16 12 3
DISPLAY 17 7 0
DISPLAY 18 6 0
DISPLAY 19 9 7
DISPLAY 21 2 6
DISPLAY 22 6 7
DISPLAY 24 0 5
POSITION 0 11 7
POSITION 1 11 0
POSITION 2 5 8
POSITION 3 11 9
PLAYER 0
MESSAGE OK
TARGET 13
EXTRAFIELD 10
.
TICK 13
FIELDS 5 10 5 6 4 8 15 13 10 15 9 11 7 14 5 8 15 3 6 14 5 6 5 5 5 11 10 14 15 15 12 6 5 5 15 6 7 15 2 1 12 10 7 7 15 14 9 13 5 8 3 9 13 5 2 12 6 10 10 10 14 14 10 8 15 11 9 3 8 5 3 2 12 8 1 13 3 10 10 15 15 14 15 10 11 4 13 12 3 15 14 10 5 2 13 6 8 8 13 3 9 10 10 7 9 9 2 15 5 12 10 9 6 9 5 10 15 4 5 10 8 6 5 14 6 5 3 7 10 5 10 14 10 5 2 2 11 10 3 3 6 5 9
DISPLAY 0 5 2
DISPLAY 1 4 2
DISPLAY 2 10 4
DISPLAY 3 12 1
DISPLAY 4 8 10
DISPLAY 5 0 10
DISPLAY 7 4 8
DISPLAY 8 2 8
DISPLAY 10 0 3
DISPLAY 11 1 3
DISPLAY 13 7 9
DISPLAY 14 3 7
DISPLAY 15 9 4
DISPLAY 16 12 3
DISPLAY 17 7 0
DISPLAY 18 6 0
DISPLAY 19 9 7
DISPLAY 21 2 6
DISPLAY 22 6 7
DISPLAY 24 0 5
POSITION 0 10 6
POSITION 1 11 0
POSITION 2 5 8
POSITION 3 11 9
PLAYER 1
.
TICK 13
FIELDS 5 10 5 6 4 8 15 13 10 15 9 11 7 14 5 8 15 3 6 14 5 6 5 5 5 11 10 14 15 15 12 6 5 5 15 6 7 15 2 1 12 10 7 7 15 14 9 13 5 8 3 9 5 2 12 6 10 10 10 14 14 10 8 15 11 11 9 3 8 5 3 2 12 8 1 13 3 10 10 15 15 14 15 10 11 4 13 12 3 15 14 10 5 2 13 6 8 8 13 3 9 10 10 7 9 9 2 15 5 12 10 9 6 9 5 10 15 4 5 10 8 6 5 14 6 5 3 7 10 5 10 14 10 5 2 2 11 10 3 3 6 5 9
DISPLAY 0 5 2
DISPLAY 1 4 2
DISPLAY 2 9 4
DISPLAY 3 12 1
DISPLAY 4 8 10
DISPLAY 5 0 10
DISPLAY 7 4 8
DISPLAY 8 2 8
DISPLAY 10 0 3
DISPLAY 11 1 3
DISPLAY 13 7 9
DISPLAY 14 3 7
DISPLAY 15 8 4
DISPLAY 16 12 3
DISPLAY 17 7 0
DISPLAY 18 6 0
DISPLAY 19 9 7
DISPLAY 21 2 6
DISPLAY 22 6 7
DISPLAY 24 0 5
POSITION 0 10 6
POSITION 1 11 0
POSITION 2 5 8
POSITION 3 11 9
PLAYER 2
.
TICK 13
FIELDS 10 10 5 6 4 8 15 13 10 15 9 11 7 5 5 8 15 3 6 14 5 6 5 5 5 11 14 14 15 15 12 6 5 5 15 6 7 15 2 10 12 10 7 7 15 14 9 13 5 8 3 9 1 2 12 6 10 10 10 14 14 10 8 15 11 5 9 3 8 5 3 2 12 8 1 13 3 10 11 15 15 14 15 10 11 4 13 12 3 15 14 10 5 2 13 6 8 8 13 3 9 10 10 7 10 9 2 15 5 12 10 9 6 9 5 10 15 9 5 10 8 6 5 14 6 5 3 7 10 5 4 14 10 5 2 2 11 10 3 3 6 5 9
DISPLAY 0 5 2
DISPLAY 1 4 2
DISPLAY 2 9 4
DISPLAY 3 12 1
DISPLAY 4 8 10
DISPLAY 5 0 0
DISPLAY 7 4 8
DISPLAY 8 2 8
DISPLAY 10 0 4
DISPLAY 11 1 3
DISPLAY 13 7 9
DISPLAY 14 3 7
DISPLAY 15 8 4
DISPLAY 16 12 3
DISPLAY 17 7 0
DISPLAY 18 6 0
DISPLAY 19 9 7
DISPLAY 21 2 6
DISPLAY 22 6 7
DISPLAY 24 0 6
POSITION 0 10 6
POSITION 1 11 0
POSITION 2 5 8
POSITION 3 11 9
PLAYER 3
.
TICK 14
FIELDS 10 10 5 6 4 8 15 13 8 15 9 11 7 5 5 8 15 3 6 14 5 10 5 5 5 11 14 14 15 15 12 6 5 5 6 6 7 15 2 10 12 10 7 7 15 14 9 15 5 8 3 9 1 2 12 6 10 10 10 14 13 10 8 15 11 5 9 3 8 5 3 2 12 14 1 13 3 10 11 15 15 14 15 10 11 4 8 12 3 15 14 10 5 2 13 6 8 8 13 13 9 10 10 7 10 9 2 15 5 12 10 9 3 9 5 10 15 9 5 10 8 6 5 14 6 6 3 7 10 5 4 14 10 5 2 2 11 10 5 3 6 5 9
DISPLAY 0 5 2
DISPLAY 1 4 2
DISPLAY 2 9 4
DISPLAY 3 12 1
DISPLAY 4 8 0
DISPLAY 5 0 0
DISPLAY 7 4 8
DISPLAY 8 2 8
DISPLAY 10 0 4
DISPLAY 11 1 3
DISPLAY 13 7 9
DISPLAY 14 3 7
DISPLAY 15 8 5
DISPLAY 16 12 3
DISPLAY 17 7 0
DISPLAY 18 6 0
DISPLAY 19 9 7
DISPLAY 21 2 6
DISPLAY 22 6 7
DISPLAY 24 0 6
POSITION 0 10 6
POSITION 1 11 0
POSITION 2 5 8
POSITION 3 11 9
PLAYER 0
MESSAGE OK
TARGET 13
EXTRAFIELD 10
.
TICK 14
FIELDS 10 10 5 6 4 8 15 13 8 15 9 11 7 5 5 8 15 3 6 14 5 10 5 5 5 11 14 14 15 15 12 6 5 5 6 6 7 15 2 10 12 10 7 7 15 14 9 15 5 8 3 9 1 2 12 6 10 10 10 14 13 10 8 15 11 5 9 3 8 5 3 2 12 14 1 13 3 10 15 15 14 15 10 11 4 8 12 3 15 14 10 10 5 2 13 6 8 8 13 13 9 10 10 7 10 9 2 15 5 12 10 9 3 9 5 10 15 9 5 10 8 6 5 14 6 6 3 7 10 5 4 14 10 5 2 2 11 10 5 3 6 5 9
DISPLAY 0 5 2
DISPLAY 1 4 2
DISPLAY 2 9 4
DISPLAY 3 12 1
DISPLAY 4 8 0
DISPLAY 5 0 0
DISPLAY 7 4 8
DISPLAY 8 2 8
DISPLAY 10 0 4
DISPLAY 11 1 3
DISPLAY 13 7 9
DISPLAY 14 3 7
DISPLAY 15 8 5
DISPLAY 16 12 3
DISPLAY 17 7 0
DISPLAY 18 6 0
DISPLAY 19 9 7
DISPLAY 21 1 6
DISPLAY 22 6 7
DISPLAY 24 12 6
POSITION 0 8 8
POSITION 1 11 0
POSITION 2 5 8
POSITION 3 11 9
PLAYER 1
.
TICK 14
FIELDS 10 10 5 6 4 8 15 13 13 15 9 11 7 5 5 8 15 3 6 14 5 8 5 5 5 11 14 14 15 15 12 6 5 5 10 6 7 15 2 10 12 10 7 7 15 14 9 6 5 8 3 9 1 2 12 6 10 10 10 14 15 10 8 15 11 5 9 3 8 5 3 2 12 13 1 13 3 10 15 15 14 15 10 11 4 8 14 3 15 14 10 10 5 2 13 6 8 8 13 12 9 10 10 7 10 9 2 15 5 12 10 9 13 9 5 10 15 9 5 10 8 6 5 14 6 3 3 7 10 5 4 14 10 5 2 2 11 10 6 3 6 5 9
DISPLAY 0 5 2
DISPLAY 1 4 2
DISPLAY 2 9 4
DISPLAY 3 12 1
DISPLAY 4 8 1
DISPLAY 5 0 0
DISPLAY 7 4 8
DISPLAY 8 2 8
DISPLAY 10 0 4
DISPLAY 11 1 3
DISPLAY 13 7 9
DISPLAY 14 3 7
DISPLAY 15 8 6
DISPLAY 16 12 3
DISPLAY 17 7 0
DISPLAY 18 6 0
DISPLAY 19 9 7
DISPLAY 21 1 6
DISPLAY 22 6 7
DISPLAY 24 12 6
POSITION 0 8 9
POSITION 1 11 0
POSITION 2 5 8
POSITION 3 11 9
PLAYER 2
.
TICK 14
FIELDS 10 10 5 6 4 8 15 13 13 15 9 11 7 10 5 8 15 3 6 14 5 8 5 5 5 11 5 14 15 15 12 6 5 5 10 6 7 15 2 14 12 10 7 7 15 14 9 6 5 8 3 9 10 2 12 6 10 10 10 14 15 10 8 15 11 1 9 3 8 5 3 2 12 13 1 13 3 10 5 15 14 15 10 11 4 8 14 3 15 14 10 15 5 2 13 6 8 8 13 12 9 10 10 7 10 9 2 15 5 12 10 9 13 9 5 10 15 10 5 10 8 6 5 14 6 3 3 7 10 5 9 14 10 5 2 2 11 10 6 3 6 5 9
DISPLAY 0 5 2
DISPLAY 1 4 2
DISPLAY 2 9 4
DISPLAY 3 12 1
DISPLAY 4 8 1
DISPLAY 5 0 1
DISPLAY 7 4 8
DISPLAY 8 2 8
DISPLAY 10 0 5
DISPLAY 11 1 3
DISPLAY 13 7 9
DISPLAY 14 3 7
DISPLAY 15 8 6
DISPLAY 16 12 3
DISPLAY 17 7 0
DISPLAY 18 6 0
DISPLAY 19 9 7
DISPLAY 21 1 6
DISPLAY 22 6 7
DISPLAY 24 12 6
POSITION 0 8 9
POSITION 1 11 0
POSITION 2 5 8
POSITION 3 11 9
PLAYER 3
.
TICK 15
FIELDS 10 10 5 6 4 8 15 13 8 15 9 11 7 10 5 8 15 3 6 14 5 10 5 5 5 11 5 14 15 15 12 6 5 5 6 6 7 15 2 14 12 10 7 7 15 14 9 15 5 8 3 9 10 2 12 6 10 10 10 14 13 10 8 15 11 1 9 3 8 5 3 2 12 14 1 13 3 10 5 15 14 15 10 11 4 8 12 3 15 14 10 15 5 2 13 6 8 8 13 13 9 10 10 7 10 9 2 15 5 12 10 9 3 9 5 10 15 10 5 10 8 6 5 14 6 6 3 7 10 5 9 14 10 5 2 2 11 10 3 3 6 5 9
DISPLAY 0 5 2
DISPLAY 1 4 2
DISPLAY 2 9 4
DISPLAY 3 12 1
DISPLAY 4 8 0
DISPLAY 5 0 1
DISPLAY 7 4 8
DISPLAY 8 2 8
DISPLAY 10 0 5
DISPLAY 11 1 3
DISPLAY 13 7 9
DISPLAY 14 3 7
DISPLAY 15 8 5
DISPLAY 16 12 3
DISPLAY 17 7 0
DISPLAY 18 6 0
DISPLAY 19 9 7
DISPLAY 21 1 6
DISPLAY 22 6 7
DISPLAY 24 12 6
POSITION 0 8 8
POSITION 1 11 0
POSITION 2 5 8
POSITION 3 11 9
PLAYER 0
MESSAGE OK
TARGET 13
EXTRAFIELD 11
.
TICK 15
FIELDS 10 10 5 6 4 8 15 11 8 15 9 11 7 10 5 8 15 3 6 14 13 10 5 5 5 11 5 14 15 15 12 6 5 5 6 6 7 15 2 14 12 10 7 7 15 14 5 15 5 8 3 9 10 2 12 6 10 10 10 9 13 10 8 15 11 1 9 3 8 5 3 2 14 14 1 13 3 10 5 15 14 15 10 11 4 12 12 3 15 14 10 15 5 2 13 6 8 8 8 13 9 10 10 7 10 9 2 15 5 12 10 13 3 9 5 10 15 10 5 10 8 6 5 14 9 6 3 7 10 5 9 14 10 5 2 2 11 6 3 3 6 5 9
DISPLAY 0 5 2
DISPLAY 1 4 2
DISPLAY 2 9 4
DISPLAY 3 12 1
DISPLAY 4 8 0
DISPLAY 5 0 1
DISPLAY 7 4 8
DISPLAY 8 2 8
DISPLAY 10 0 5
DISPLAY 11 1 3
DISPLAY 13 7 10
DISPLAY 14 3 7
DISPLAY 15 8 5
DISPLAY 16 12 3
DISPLAY 17 7 1
DISPLAY 18 6 0
DISPLAY 19 9 7
DISPLAY 21 1 6
DISPLAY 22 6 7
DISPLAY 24 12 6
POSITION 0 8 10
POSITION 1 11 0
POSITION 2 5 8
POSITION 3 11 9
PLAYER 1
.
TICK 15
FIELDS 5 10 5 6 4 8 15 11 8 15 9 11 7 10 5 8 15 3 6 14 13 10 5 5 5 11 10 14 15 15 12 6 5 5 6 6 7 15 2 5 12 10 7 7 15 14 5 15 5 8 3 9 14 2 12 6 10 10 10 9 13 10 8 15 11 10 9 3 8 5 3 2 14 14 1 13 3 10 1 15 14 15 10 11 4 12 12 3 15 14 10 5 5 2 13 6 8 8 8 13 9 10 10 7 15 9 2 15 5 12 10 13 3 9 5 10 15 10 5 10 8 6 5 14 9 6 3 7 10 5 10 14 10 5 2 2 11 6 3 3 6 5 9
DISPLAY 0 5 2
DISPLAY 1 4 2
DISPLAY 2 9 4
DISPLAY 3 12 1
DISPLAY 4 8 0
DISPLAY 5 0 2
DISPLAY 7 4 8
DISPLAY 8 2 8
DISPLAY 10 0 6
DISPLAY 11 1 3
DISPLAY 13 7 10
DISPLAY 14 3 7
DISPLAY 15 8 5
DISPLAY 16 12 3
DISPLAY 17 7 1
DISPLAY 18 6 0
DISPLAY 19 9 7
DISPLAY 21 1 6
DISPLAY 22 6 7
DISPLAY 24 12 6
POSITION 0 8 10
POSITION 1 11 0
POSITION 2 5 8
POSITION 3 11 9
PLAYER 2
.
TICK 15
FIELDS 4 10 5 6 4 8 15 11 8 15 9 11 7 5 5 8 15 3 6 14 13 10 5 5 5 11 10 14 15 15 12 6 5 5 6 6 7 15 2 10 12 10 7 7 15 14 5 15 5 8 3 9 5 2 12 6 10 10 10 9 13 10 8 15 11 14 9 3 8 5 3 2 14 14 1 13 3 10 10 15 14 15 10 11 4 12 12 3 15 14 10 1 5 2 13 6 8 8 8 13 9 10 10 7 5 9 2 15 5 12 10 13 3 9 5 10 15 15 5 10 8 6 5 14 9 6 3 7 10 5 10 14 10 5 2 2 11 6 3 3 6 5 9
DISPLAY 0 5 2
DISPLAY 1 4 2
DISPLAY 2 9 4
DISPLAY 3 12 1
DISPLAY 4 8 0
DISPLAY 5 0 3
DISPLAY 7 4 8
DISPLAY 8 2 8
DISPLAY 10 0 7
DISPLAY 11 1 3
DISPLAY 13 7 10
DISPLAY 14 3 7
DISPLAY 15 8 5
DISPLAY 16 12 3
DISPLAY 17 7 1
DISPLAY 18 6 0
DISPLAY 19 9 7
DISPLAY 21 1 6
DISPLAY 22 6 7
DISPLAY 24 12 6
POSITION 0 8 10
POSITION 1 11 0
POSITION 2 5 8
POSITION 3 11 9
PLAYER 3
.
TICK 16
FIELDS 4 10 5 6 4 8 15 11 10 15 9 11 7 5 5 8 15 3 6 14 13 6 5 5 5 11 10 14 15 15 12 6 5 5 15 6 7 15 2 10 12 10 7 7 15 14 5 13 5 8 3 9 5 2 12 6 10 10 10 9 14 10 8 15 11 14 9 3 8 5 3 2 14 12 1 13 3 10 10 15 14 15 10 11 4 12 13 3 15 14 10 1 5 2 13 6 8 8 8 3 9 10 10 7 5 9 2 15 5 12 10 13 6 9 5 10 15 15 5 10 8 6 5 14 9 3 3 7 10 5 10 14 10 5 2 2 11 6 13 3 6 5 9
DISPLAY 0 5 2
DISPLAY 1 4 2
DISPLAY 2 9 4
DISPLAY 3 12 1
DISPLAY 4 8 10
DISPLAY 5 0 3
DISPLAY 7 4 8
DISPLAY 8 2 8
DISPLAY 10 0 7
DISPLAY 11 1 3
DISPLAY 13 7 10
DISPLAY 14 3 7
DISPLAY 15 8 4
DISPLAY 16 12 3
DISPLAY 17 7 1
DISPLAY 18 6 0
DISPLAY 19 9 7
DISPLAY 21 1 6
DISPLAY 22 6 7
DISPLAY 24 12 6
POSITION 0 8 9
POSITION 1 11 0
POSITION 2 5 8
POSITION 3 11 9
PLAYER 0
MESSAGE OK
TARGET 13
EXTRAFIELD 10
.
TICK 16
FIELDS 4 10 5 6 4 8 15 13 10 15 9 11 7 5 5 8 15 3 6 14 5 6 5 5 5 11 10 14 15 15 12 6 5 5 15 6 7 15 2 10 12 10 7 7 15 14 9 13 5 8 3 9 5 2 12 6 10 10 10 14 14 10 8 15 11 14 9 3 8 5 3 2 12 12 1 13 3 10 10 15 14 15 10 11 4 8 13 3 15 14 10 1 5 2 13 6 8 8 13 3 9 10 10 7 5 9 2 15 5 12 10 9 6 9 5 10 15 15 5 10 8 6 5 14 6 3 3 7 10 5 10 14 10 5 2 2 11 10 13 3 6 5 9
DISPLAY 0 5 2
DISPLAY 1 4 2
DISPLAY 2 9 4
DISPLAY 3 12 1
DISPLAY 4 8 10
DISPLAY 5 0 3
DISPLAY 7 4 8
DISPLAY 8 2 8
DISPLAY 10 0 7
DISPLAY 11 1 3
DISPLAY 13 7 9
DISPLAY 14 3 7
DISPLAY 15 8 4
DISPLAY 16 12 3
DISPLAY 17 7 0
DISPLAY 18 6 0
DISPLAY 19 9 7
DISPLAY 21 1 6
DISPLAY 22 6 7
DISPLAY 24 12 6
POSITION 0 8 9
POSITION 1 11 0
POSITION 2 5 8
POSITION 3 11 9
PLAYER 1
.
TICK 16
FIELDS 4 10 5 6 4 8 15 13 10 15 9 11 7 5 5 8 15 3 6 14 5 6 5 5 5 11 10 14 15 15 12 6 5 5 15 6 7 15 2 10 12 10 7 7 15 14 9 13 5 8 3 9 5 2 12 6 10 10 10 14 14 10 8 15 11 14 9 3 8 5 3 2 12 12 1 13 3 10 10 15 14 15 10 11 4 8 13 3 15 14 10 1 5 2 13 6 8 8 13 3 9 10 10 7 9 2 15 5 12 10 9 6 9 5 10 15 9 15 5 10 8 6 5 14 6 3 3 7 10 5 10 14 10 5 2 2 11 10 13 3 6 5 9
DISPLAY 0 5 2
DISPLAY 1 4 2
DISPLAY 2 9 4
DISPLAY 3 12 1
DISPLAY 4 8 10
DISPLAY 5 0 3
DISPLAY 7 3 8
DISPLAY 8 1 8
DISPLAY 10 0 7
DISPLAY 11 1 3
DISPLAY 13 7 9
DISPLAY 14 3 7
DISPLAY 15 8 4
DISPLAY 16 12 3
DISPLAY 17 7 0
DISPLAY 18 6 0
DISPLAY 19 9 7
DISPLAY 21 1 6
DISPLAY 22 6 7
DISPLAY 24 12 6
POSITION 0 8 9
POSITION 1 11 0
POSITION 2 4 8
POSITION 3 11 9
PLAYER 2
.
TICK 16
FIELDS 10 10 5 6 4 8 15 13 10 15 9 11 7 4 5 8 15 3 6 14 5 6 5 5 5 11 5 14 15 15 12 6 5 5 15 6 7 15 2 10 12 10 7 7 15 14 9 13 5 8 3 9 10 2 12 6 10 10 10 14 14 10 8 15 11 5 9 3 8 5 3 2 12 12 1 13 3 10 14 15 14 15 10 11 4 8 13 3 15 14 10 10 5 2 13 6 8 8 13 3 9 10 10 7 1 2 15 5 12 10 9 6 9 5 10 15 9 9 5 10 8 6 5 14 6 3 3 7 10 5 15 14 10 5 2 2 11 10 13 3 6 5 9
DISPLAY 0 5 2
DISPLAY 1 4 2
DISPLAY 2 9 4
DISPLAY 3 12 1
DISPLAY 4 8 10
DISPLAY 5 0 4
DISPLAY 7 3 8
DISPLAY 8 1 8
DISPLAY 10 0 8
DISPLAY 11 1 3
DISPLAY 13 7 9
DISPLAY 14 3 7
DISPLAY 15 8 4
DISPLAY 16 12 3
DISPLAY 17 7 0
DISPLAY 18 6 0
DISPLAY 19 9 7
DISPLAY 21 1 6
DISPLAY 22 6 7
DISPLAY 24 12 6
POSITION 0 8 9
POSITION 1 11 0
POSITION 2 4 8
POSITION 3 11 9
PLAYER 3
.
TICK 17
FIELDS 10 10 5 6 4 8 15 13 6 15 9 11 7 4 5 8 15 3 6 14 5 15 5 5 5 11 5 14 15 15 12 6 5 5 13 6 7 15 2 10 12 10 7 7 15 14 9 14 5 8 3 9 10 2 12 6 10 10 10 14 12 10 8 15 11 5 9 3 8 5 3 2 12 13 1 13 3 10 14 15 14 15 10 11 4 8 3 3 15 14 10 10 5 2 13 6 8 8 13 9 9 10 10 7 1 2 15 5 12 10 9 6 3 5 10 15 9 9 5 10 8 6 5 14 6 13 3 7 10 5 15 14 10 5 2 2 11 10 8 3 6 5 9
DISPLAY 0 5 2
DISPLAY 1 4 2
DISPLAY 2 9 4
DISPLAY 3 12 1
DISPLAY 4 8 9
DISPLAY 5 0 4
DISPLAY 7 3 8
DISPLAY 8 1 8
DISPLAY 10 0 8
DISPLAY 11 1 3
DISPLAY 13 7 9
DISPLAY 14 3 7
DISPLAY 15 8 3
DISPLAY 16 12 3
DISPLAY 17 7 0
DISPLAY 18 6 0
DISPLAY 19 9 7
DISPLAY 21 1 6
DISPLAY 22 6 7
DISPLAY 24 12 6
POSITION 0 8 8
POSITION 1 11 0
POSITION 2 4 8
POSITION 3 11 9
PLAYER 0
MESSAGE OK
TARGET 13
EXTRAFIELD 11
.
TICK 17
FIELDS 10 10 5 6 4 8 15 13 11 15 9 11 7 4 5 8 15 3 6 14 5 6 5 5 5 11 5 14 15 15 12 6 5 5 15 6 7 15 2 10 12 10 7 7 15 14 9 13 5 8 3 9 10 2 12 6 10 10 10 14 14 10 8 15 11 5 9 3 8 5 3 2 12 12 1 13 3 10 14 15 14 15 10 11 4 8 13 3 15 14 10 10 5 2 13 6 8 8 13 3 9 10 10 7 1 2 15 5 12 10 9 6 9 5 10 15 9 9 5 10 8 6 5 14 6 3 3 7 10 5 15 14 10 5 2 2 11 10 13 3 6 5 9
DISPLAY 0 5 2
DISPLAY 1 4 2
DISPLAY 2 9 4
DISPLAY 3 12 1
DISPLAY 4 8 10
DISPLAY 5 0 4
DISPLAY 7 3 8
DISPLAY 8 1 8
DISPLAY 10 0 8
DISPLAY 11 1 3
DISPLAY 13 7 9
DISPLAY 14 3 7
DISPLAY 15 8 4
DISPLAY 16 12 3
DISPLAY 17 7 0
DISPLAY 18 6 0
DISPLAY 19 9 7
DISPLAY 21 1 6
DISPLAY 22 6 7
DISPLAY 24 12 6
POSITION 0 8 9
POSITION 1 11 0
POSITION 2 4 8
POSITION 3 11 9
PLAYER 1
.
TICK 17
FIELDS 10 10 5 6 4 8 14 13 11 15 9 11 7 4 5 8 15 3 6 5 5 6 5 5 5 11 5 14 15 15 12 6 14 5 15 6 7 15 2 10 12 10 7 7 15 10 9 13 5 8 3 9 10 2 12 6 10 10 2 14 14 10 8 15 11 5 9 3 8 5 3 4 12 12 1 13 3 10 14 15 14 15 10 11 8 8 13 3 15 14 10 10 5 2 13 6 8 9 13 3 9 10 10 7 1 2 15 5 12 10 14 6 9 5 10 15 9 9 5 10 8 6 5 11 6 3 3 7 10 5 15 14 10 5 2 2 5 10 13 3 6 5 9
DISPLAY 0 5 2
DISPLAY 1 4 2
DISPLAY 2 9 4
DISPLAY 3 12 1
DISPLAY 4 8 10
DISPLAY 5 0 4
DISPLAY 7 3 8
DISPLAY 8 1 8
DISPLAY 10 0 8
DISPLAY 11 1 3
DISPLAY 13 7 9
DISPLAY 14 3 7
DISPLAY 15 8 4
DISPLAY 16 12 3
DISPLAY 17 7 0
DISPLAY 18 6 10
DISPLAY 19 9 7
DISPLAY 21 1 6
DISPLAY 22 6 6
DISPLAY 24 12 6
POSITION 0 8 9
POSITION 1 11 0
POSITION 2 4 8
POSITION 3 11 9
PLAYER 2
.
TICK 17
FIELDS 10 10 5 6 4 8 14 13 11 15 9 11 7 10 5 8 15 3 6 5 5 6 5 5 5 11 4 14 15 15 12 6 14 5 15 6 7 15 2 5 12 10 7 7 15 10 9 13 5 8 3 9 10 2 12 6 10 10 2 14 14 10 8 15 11 10 9 3 8 5 3 4 12 12 1 13 3 10 5 15 14 15 10 11 8 8 13 3 15 14 10 14 5 2 13 6 8 9 13 3 9 10 10 7 10 2 15 5 12 10 14 6 9 5 10 15 9 1 5 10 8 6 5 11 6 3 3 7 10 5 9 14 10 5 2 2 5 10 13 3 6 5 9
DISPLAY 0 5 2
DISPLAY 1 4 2
DISPLAY 2 9 4
DISPLAY 3 12 1
DISPLAY 4 8 10
DISPLAY 5 0 5
DISPLAY 7 3 8
DISPLAY 8 1 8
DISPLAY 10 0 9
DISPLAY 11 1 3
DISPLAY 13 7 9
DISPLAY 14 3 7
DISPLAY 15 8 4
DISPLAY 16 12 3
DISPLAY 17 7 0
DISPLAY 18 6 10
DISPLAY 19 9 7
DISPLAY 21 1 6
DISPLAY 22 6 6
DISPLAY 24 12 6
POSITION 0 8 9
POSITION 1 11 0
POSITION 2 4 8
POSITION 3 11 9
PLAYER 3
.
TICK 18
FIELDS 10 10 5 6 4 8 14 13 10 15 9 11 7 10 5 8 15 3 6 5 5 11 5 5 5 11 4 14 15 15 12 6 14 5 6 6 7 15 2 5 12 10 7 7 15 10 9 15 5 8 3 9 10 2 12 6 10 10 2 14 13 10 8 15 11 10 9 3 8 5 3 4 12 14 1 13 3 10 5 15 14 15 10 11 8 8 12 3 15 14 10 14 5 2 13 6 8 9 13 13 9 10 10 7 10 2 15 5 12 10 14 6 3 5 10 15 9 1 5 10 8 6 5 11 6 9 3 7 10 5 9 14 10 5 2 2 5 10 3 3 6 5 9
DISPLAY 0 5 2
DISPLAY 1 4 2
DISPLAY 2 9 4
DISPLAY 3 12 1
DISPLAY 4 8 0
DISPLAY 5 0 5
DISPLAY 7 3 8
DISPLAY 8 1 8
DISPLAY 10 0 9
DISPLAY 11 1 3
DISPLAY 13 7 9
DISPLAY 14 3 7
DISPLAY 15 8 5
DISPLAY 16 12 3
DISPLAY 17 7 0
DISPLAY 18 6 10
DISPLAY 19 9 7
DISPLAY 21 1 6
DISPLAY 22 6 6
DISPLAY 24 12 6
POSITION 0 8 10
POSITION 1 11 0
POSITION 2 4 8
POSITION 3 11 9
PLAYER 0
MESSAGE OK
TARGET 13
EXTRAFIELD 8
.
TICK 18
FIELDS 10 10 5 6 4 8 14 13 10 15 9 11 7 10 5 8 15 3 6 5 5 11 5 5 5 11 4 14 15 15 12 6 14 5 6 6 7 15 2 5 12 10 7 7 15 10 9 15 5 8 3 9 10 2 12 6 10 10 2 14 13 10 8 15 11 10 9 3 8 5 3 4 12 14 1 13 3 10 5 15 14 15 10 11 8 8 12 3 15 14 10 14 5 2 13 6 8 9 13 13 9 10 10 7 10 2 15 5 12 10 14 6 3 5 10 15 9 8 1 5 10 8 6 5 11 6 9 3 7 10 9 14 10 5 2 2 5 10 3 3 6 5 9
DISPLAY 0 5 2
DISPLAY 1 4 2
DISPLAY 2 9 4
DISPLAY 3 12 1
DISPLAY 4 8 0
DISPLAY 5 0 5
DISPLAY 7 3 8
DISPLAY 8 1 8
DISPLAY 10 1 9
DISPLAY 11 1 3
DISPLAY 14 3 7
DISPLAY 15 8 5
DISPLAY 16 12 3
DISPLAY 17 7 0
DISPLAY 18 6 10
DISPLAY 19 9 7
DISPLAY 21 1 6
DISPLAY 22 6 6
DISPLAY 24 12 6
POSITION 0 8 9
POSITION 1 11 0
POSITION 2 4 8
POSITION 3 12 9
PLAYER 1
.
TICK 18
FIELDS 10 10 5 6 4 8 14 13 10 15 9 11 7 10 5 8 15 3 6 5 5 11 5 5 5 11 4 14 15 15 12 6 14 5 6 6 7 15 2 5 12 10 7 7 15 10 9 15 5 8 3 9 10 2 12 6 10 10 2 14 13 10 8 15 11 10 9 3 8 5 3 4 12 14 1 13 3 10 5 15 14 15 10 11 8 8 12 3 15 14 10 14 5 2 13 6 8 9 13 13 9 10 10 7 10 2 15 5 12 10 14 6 3 5 10 15 9 8 1 5 10 8 6 5 11 6 9 3 7 10 14 10 5 2 2 5 10 3 3 6 5 9 15
DISPLAY 0 5 2
DISPLAY 1 4 2
DISPLAY 2 9 4
DISPLAY 3 12 1
DISPLAY 4 8 0
DISPLAY 5 0 5
DISPLAY 7 3 8
DISPLAY 8 1 8
DISPLAY 10 1 9
DISPLAY 11 1 3
DISPLAY 14 3 7
DISPLAY 15 8 5
DISPLAY 16 12 3
DISPLAY 17 7 0
DISPLAY 18 5 10
DISPLAY 19 9 7
DISPLAY 21 1 6
DISPLAY 22 6 6
DISPLAY 24 12 6
POSITION 0 8 9
POSITION 1 11 0
POSITION 2 4 8
POSITION 3 12 9
PLAYER 2
.
TICK 18
FIELDS 15 10 5 6 4 8 14 13 10 15 9 11 7 10 5 8 15 3 6 5 5 11 5 5 5 11 10 14 15 15 12 6 14 5 6 6 7 15 2 4 12 10 7 7 15 10 9 15 5 8 3 9 5 2 12 6 10 10 2 14 13 10 8 15 11 10 9 3 8 5 3 4 12 14 1 13 3 10 10 15 14 15 10 11 8 8 12 3 15 14 10 5 5 2 13 6 8 9 13 13 9 10 10 7 14 2 15 5 12 10 14 6 3 5 10 15 9 10 1 5 10 8 6 5 11 6 9 3 7 10 8 10 5 2 2 5 10 3 3 6 5 9 15
DISPLAY 0 5 2
DISPLAY 1 4 2
DISPLAY 2 9 4
DISPLAY 3 12 1
DISPLAY 4 8 0
DISPLAY 5 0 6
DISPLAY 7 3 8
DISPLAY 8 1 8
DISPLAY 10 1 9
DISPLAY 11 1 3
DISPLAY 14 3 7
DISPLAY 15 8 5
DISPLAY 16 12 3
DISPLAY 17 7 0
DISPLAY 18 5 10
DISPLAY 19 9 7
DISPLAY 21 1 6
DISPLAY 22 6 6
DISPLAY 24 12 6
POSITION 0 8 9
POSITION 1 11 0
POSITION 2 4 8
POSITION 3 12 9
PLAYER 3
.
TICK 19
FIELDS 15 10 5 6 4 8 14 13 13 15 9 11 7 10 5 8 15 3 6 5 5 10 5 5 5 11 10 14 15 15 12 6 14 5 11 6 7 15 2 4 12 10 7 7 15 10 9 6 5 8 3 9 5 2 12 6 10 10 2 14 15 10 8 15 11 10 9 3 8 5 3 4 12 13 1 13 3 10 10 15 14 15 10 11 8 8 14 3 15 14 10 5 5 2 13 6 8 9 13 12 9 10 10 7 14 2 15 5 12 10 14 6 13 5 10 15 9 10 1 5 10 8 6 5 11 3 9 3 7 10 8 10 5 2 2 5 10 3 6 6 5 9 15
DISPLAY 0 5 2
DISPLAY 1 4 2
DISPLAY 2 9 4
DISPLAY 3 12 1
DISPLAY 4 8 1
DISPLAY 5 0 6
DISPLAY 7 3 8
DISPLAY 8 1 8
DISPLAY 10 1 9
DISPLAY 11 1 3
DISPLAY 14 3 7
DISPLAY 15 8 6
DISPLAY 16 12 3
DISPLAY 17 7 0
DISPLAY 18 5 10
DISPLAY 19 9 7
DISPLAY 21 1 6
DISPLAY 22 6 6
DISPLAY 24 12 6
POSITION 0 8 10
POSITION 1 11 0
POSITION 2 4 8
POSITION 3 12 9
PLAYER 0
MESSAGE OK
TARGET 22
EXTRAFIELD 5
.
TICK 19
FIELDS 15 10 5 6 4 8 14 13 10 15 9 11 7 10 5 8 15 3 6 5 5 11 5 5 5 11 10 14 15 15 12 6 14 5 6 6 7 15 2 4 12 10 7 7 15 10 9 15 5 8 3 9 5 2 12 6 10 10 2 14 13 10 8 15 11 10 9 3 8 5 3 4 12 14 1 13 3 10 10 15 14 15 10 11 8 8 12 3 15 14 10 5 5 2 13 6 8 9 13 13 9 10 10 7 14 2 15 5 12 10 14 6 3 5 10 15 9 10 1 5 10 8 6 5 11 6 9 3 7 10 8 10 5 2 2 5 10 3 5 6 5 9 15
DISPLAY 0 5 2
DISPLAY 1 4 2
DISPLAY 2 9 4
DISPLAY 3 12 1
DISPLAY 4 8 0
DISPLAY 5 0 6
DISPLAY 7 3 8
DISPLAY 8 1 8
DISPLAY 10 1 9
DISPLAY 11 1 3
DISPLAY 14 3 7
DISPLAY 15 8 5
DISPLAY 16 12 3
DISPLAY 17 7 0
DISPLAY 18 5 10
DISPLAY 19 9 7
DISPLAY 21 1 6
DISPLAY 22 6 6
DISPLAY 24 12 6
POSITION 0 5 8
POSITION 1 11 0
POSITION 2 4 8
POSITION 3 12 9
PLAYER 1
.
TICK 19
FIELDS 15 10 5 6 4 8 14 13 11 15 9 11 7 10 5 8 15 3 6 5 5 6 5 5 5 11 10 14 15 15 12 6 14 5 15 6 7 15 2 4 12 10 7 7 15 10 9 13 5 8 3 9 5 2 12 6 10 10 2 14 14 10 8 15 11 10 9 3 8 5 3 4 12 12 1 13 3 10 10 15 14 15 10 11 8 8 13 3 15 14 10 5 5 2 13 6 8 9 13 3 9 10 10 7 14 2 15 5 12 10 14 6 6 5 10 15 9 10 1 5 10 8 6 5 11 5 9 3 7 10 8 10 5 2 2 5 10 3 9 6 5 9 15
DISPLAY 0 5 2
DISPLAY 1 4 2
DISPLAY 2 9 4
DISPLAY 3 12 1
DISPLAY 4 8 10
DISPLAY 5 0 6
DISPLAY 7 3 8
DISPLAY 8 1 8
DISPLAY 10 1 9
DISPLAY 11 1 3
DISPLAY 14 3 7
DISPLAY 15 8 4
DISPLAY 16 12 3
DISPLAY 17 7 0
DISPLAY 18 5 10
DISPLAY 19 9 7
DISPLAY 21 1 6
DISPLAY 22 6 6
DISPLAY 24 12 6
POSITION 0 5 8
POSITION 1 11 0
POSITION 2 4 8
POSITION 3 12 9
PLAYER 2
.
TICK 19
FIELDS 14 10 5 6 4 8 14 13 11 15 9 11 7 15 5 8 15 3 6 5 5 6 5 5 5 11 10 14 15 15 12 6 14 5 15 6 7 15 2 10 12 10 7 7 15 10 9 13 5 8 3 9 4 2 12 6 10 10 2 14 14 10 8 15 11 5 9 3 8 5 3 4 12 12 1 13 3 10 10 15 14 15 10 11 8 8 13 3 15 14 10 10 5 2 13 6 8 9 13 3 9 10 10 7 5 2 15 5 12 10 14 6 6 5 10 15 9 14 1 5 10 8 6 5 11 5 9 3 7 10 10 10 5 2 2 5 10 3 9 6 5 9 15
DISPLAY 0 5 2
DISPLAY 1 4 2
DISPLAY 2 9 4
DISPLAY 3 12 1
DISPLAY 4 8 10
DISPLAY 5 0 7
DISPLAY 7 3 8
DISPLAY 8 1 8
DISPLAY 10 1 9
DISPLAY 11 1 3
DISPLAY 14 3 7
DISPLAY 15 8 4
DISPLAY 16 12 3
DISPLAY 17 7 0
DISPLAY 18 5 10
DISPLAY 19 9 7
DISPLAY 21 1 6
DISPLAY 22 6 6
DISPLAY 24 12 6
POSITION 0 5 8
POSITION 1 11 0
POSITION 2 4 8
POSITION 3 12 9
PLAYER 3
.
TICK 20
FIELDS 14 10 5 6 4 8 14 13 3 15 9 11 7 15 5 8 15 3 6 5 5 11 5 5 5 11 10 14 15 15 12 6 14 5 6 6 7 15 2 10 12 10 7 7 15 10 9 15 5 8 3 9 4 2 12 6 10 10 2 14 13 10 8 15 11 5 9 3 8 5 3 4 12 14 1 13 3 10 10 15 14 15 10 11 8 8 12 3 15 14 10 10 5 2 13 6 8 9 13 13 9 10 10 7 5 2 15 5 12 10 14 6 3 5 10 15 9 14 1 5 10 8 6 5 11 6 9 3 7 10 10 10 5 2 2 5 10 3 5 6 5 9 15
DISPLAY 0 5 2
DISPLAY 1 4 2
DISPLAY 2 9 4
DISPLAY 3 12 1
DISPLAY 4 8 0
DISPLAY 5 0 7
DISPLAY 7 3 8
DISPLAY 8 1 8
DISPLAY 10 1 9
DISPLAY 11 1 3
DISPLAY 14 3 7
DISPLAY 15 8 5
DISPLAY 16 12 3
DISPLAY 17 7 0
DISPLAY 18 5 10
DISPLAY 19 9 7
DISPLAY 21 1 6
DISPLAY 22 6 6
DISPLAY 24 12 6
POSITION 0 5 8
POSITION 1 11 0
POSITION 2 4 8
POSITION 3 12 9
PLAYER 0
MESSAGE OK
TARGET 22
EXTRAFIELD 13
.
TICK 20
FIELDS 14 10 5 6 4 8 14 5 3 15 9 11 7 15 5 8 15 3 6 5 5 11 5 5 5 11 10 14 15 15 12 6 14 9 6 6 7 15 2 10 12 10 7 7 15 10 14 15 5 8 3 9 4 2 12 6 10 10 2 12 13 10 8 15 11 5 9 3 8 5 3 4 8 14 1 13 3 10 10 15 14 15 10 11 8 13 12 3 15 14 10 10 5 2 13 6 8 9 6 13 9 10 10 7 5 2 15 5 12 10 14 11 3 5 10 15 9 14 1 5 10 8 6 5 3 6 9 3 7 10 10 10 5 2 2 5 10 13 5 6 5 9 15
DISPLAY 0 5 2
DISPLAY 1 4 2
DISPLAY 2 9 4
DISPLAY 3 12 1
DISPLAY 4 8 0
DISPLAY 5 0 7
DISPLAY 7 3 8
DISPLAY 8 1 8
DISPLAY 10 1 9
DISPLAY 11 1 3
DISPLAY 14 3 7
DISPLAY 15 8 5
DISPLAY 16 12 3
DISPLAY 17 7 10
DISPLAY 18 5 10
DISPLAY 19 9 7
DISPLAY 21 1 6
DISPLAY 22 6 6
DISPLAY 24 12 6
POSITION 0 7 8
POSITION 1 11 0
POSITION 2 4 8
POSITION 3 12 9
PLAYER 1
.
TICK 20
FIELDS 14 10 5 15 4 8 14 5 3 15 9 11 7 15 5 8 15 3 6 5 5 11 5 5 5 11 10 14 15 7 12 6 14 9 6 6 7 15 2 10 12 10 6 7 15 10 14 15 5 8 3 9 4 2 12 8 10 10 2 12 13 10 8 15 11 5 9 3 15 5 3 4 8 14 1 13 3 10 10 15 14 13 10 11 8 13 12 3 15 14 10 10 5 2 5 6 8 9 6 13 9 10 10 7 5 2 15 10 12 10 14 11 3 5 10 15 9 14 1 5 2 8 6 5 3 6 9 3 7 10 10 10 5 10 2 5 10 13 5 6 5 9 15
DISPLAY 0 5 2
DISPLAY 1 4 2
DISPLAY 2 9 4
DISPLAY 3 12 1
DISPLAY 4 8 0
DISPLAY 5 0 7
DISPLAY 7 3 7
DISPLAY 8 1 8
DISPLAY 10 1 9
DISPLAY 11 1 3
DISPLAY 14 3 6
DISPLAY 15 8 5
DISPLAY 16 12 3
DISPLAY 17 7 10
DISPLAY 18 5 10
DISPLAY 19 9 7
DISPLAY 21 1 6
DISPLAY 22 6 6
DISPLAY 24 12 6
POSITION 0 7 8
POSITION 1 11 0
POSITION 2 4 8
POSITION 3 12 9
PLAYER 2
.
TICK 20
FIELDS 14 10 5 8 4 8 14 5 3 15 9 11 7 15 5 8 15 3 6 5 5 11 5 5 5 11 10 14 15 15 12 6 14 9 6 6 7 15 2 10 12 10 7 7 15 10 14 15 5 8 3 9 4 2 12 6 10 10 2 12 13 10 8 15 11 5 9 3 8 5 3 4 8 14 1 13 3 10 10 15 14 15 10 11 8 13 12 3 15 14 10 10 5 2 13 6 8 9 6 13 9 10 10 7 5 2 15 5 12 10 14 11 3 5 10 15 9 14 1 5 10 8 6 5 3 6 9 3 7 10 10 10 5 2 2 5 10 13 5 6 5 9 15
DISPLAY 0 5 2
DISPLAY 1 4 2
DISPLAY 2 9 4
DISPLAY 3 12 1
DISPLAY 4 8 0
DISPLAY 5 0 7
DISPLAY 7 3 8
DISPLAY 8 1 8
DISPLAY 10 1 9
DISPLAY 11 1 3
DISPLAY 14 3 7
DISPLAY 15 8 5
DISPLAY 16 12 3
DISPLAY 17 7 10
DISPLAY 18 5 10
DISPLAY 19 9 7
DISPLAY 21 1 6
DISPLAY 22 6 6
DISPLAY 24 12 6
POSITION 0 7 8
POSITION 1 11 0
POSITION 2 4 8
POSITION 3 12 9
PLAYER 3
.
TICK 21
FIELDS 14 10 5 8 4 8 14 5 11 15 9 11 7 15 5 8 15 3 6 5 5 6 5 5 5 11 10 14 15 15 12 6 14 9 15 6 7 15 2 10 12 10 7 7 15 10 14 13 5 8 3 9 4 2 12 6 10 10 2 12 14 10 8 15 11 5 9 3 8 5 3 4 8 12 1 13 3 10 10 15 14 15 10 11 8 13 13 3 15 14 10 10 5 2 13 6 8 9 6 3 9 10 10 7 5 2 15 5 12 10 14 11 6 5 10 15 9 14 1 5 10 8 6 5 3 5 9 3 7 10 10 10 5 2 2 5 10 13 9 6 5 9 15
DISPLAY 0 5 2
DISPLAY 1 4 2
DISPLAY 2 9 4
DISPLAY 3 12 1
DISPLAY 4 8 10
DISPLAY 5 0 7
DISPLAY 7 3 8
DISPLAY 8 1 8
DISPLAY 10 1 9
DISPLAY 11 1 3
DISPLAY 14 3 7
DISPLAY 15 8 4
DISPLAY 16 12 3
DISPLAY 17 7 10
DISPLAY 18 5 10
DISPLAY 19 9 7
DISPLAY 21 1 6
DISPLAY 22 6 6
DISPLAY 24 12 6
POSITION 0 7 8
POSITION 1 11 0
POSITION 2 4 8
POSITION 3 12 9
PLAYER 0
MESSAGE OK
TARGET 22
EXTRAFIELD 13
.
TICK 21
FIELDS 14 10 5 8 4 8 14 5 11 15 9 11 7 15 5 8 15 3 6 5 9 6 5 5 5 11 10 14 15 15 12 6 14 14 15 6 7 15 2 10 12 10 7 7 15 10 12 13 5 8 3 9 4 2 12 6 10 10 2 8 14 10 8 15 11 5 9 3 8 5 3 4 13 12 1 13 3 10 10 15 14 15 10 11 8 6 13 3 15 14 10 10 5 2 13 6 8 9 11 3 9 10 10 7 5 2 15 5 12 10 14 3 6 5 10 15 9 14 1 5 10 8 6 5 13 5 9 3 7 10 10 10 5 2 2 5 10 13 9 6 5 9 15
DISPLAY 0 5 2
DISPLAY 1 4 2
DISPLAY 2 9 4
DISPLAY 3 12 1
DISPLAY 4 8 10
DISPLAY 5 0 7
DISPLAY 7 3 8
DISPLAY 8 1 8
DISPLAY 10 1 9
DISPLAY 11 1 3
DISPLAY 14 3 7
DISPLAY 15 8 4
DISPLAY 16 12 3
DISPLAY 17 7 9
DISPLAY 18 5 10
DISPLAY 19 9 7
DISPLAY 21 1 6
DISPLAY 24 12 6
POSITION 0 6 6
POSITION 1 11 0
POSITION 2 4 8
POSITION 3 12 9
PLAYER 1
.
TICK 21
FIELDS 14 10 5 8 4 8 14 5 11 15 9 11 7 15 5 8 15 3 6 5 9 6 5 5 5 11 10 14 15 15 12 6 14 14 15 6 7 15 2 10 12 10 7 7 15 10 12 13 5 8 3 9 4 2 12 6 10 10 2 8 14 10 8 15 11 5 9 3 8 5 3 4 13 12 1 13 3 10 10 15 14 15 10 11 8 6 13 3 15 14 10 10 5 2 13 6 8 9 11 3 9 10 10 7 5 2 15 5 12 10 14 3 6 5 10 15 9 14 1 5 10 8 6 5 13 5 9 3 7 10 6 10 10 5 2 2 5 10 13 9 6 5 9
DISPLAY 0 5 2
DISPLAY 1 4 2
DISPLAY 2 9 4
DISPLAY 3 12 1
DISPLAY 4 9 10
DISPLAY 5 0 7
DISPLAY 7 3 8
DISPLAY 8 1 8
DISPLAY 10 1 9
DISPLAY 11 1 3
DISPLAY 14 3 7
DISPLAY 15 8 4
DISPLAY 16 12 3
DISPLAY 17 7 9
DISPLAY 18 6 10
DISPLAY 19 9 7
DISPLAY 21 1 6
DISPLAY 24 12 6
POSITION 0 6 6
POSITION 1 11 0
POSITION 2 4 8
POSITION 3 12 9
PLAYER 2
.
TICK 21
FIELDS 10 10 5 8 4 8 14 5 11 15 9 11 7 14 5 8 15 3 6 5 9 6 5 5 5 11 15 14 15 15 12 6 14 14 15 6 7 15 2 10 12 10 7 7 15 10 12 13 5 8 3 9 10 2 12 6 10 10 2 8 14 10 8 15 11 4 9 3 8 5 3 4 13 12 1 13 3 10 5 15 14 15 10 11 8 6 13 3 15 14 10 10 5 2 13 6 8 9 11 3 9 10 10 7 10 2 15 5 12 10 14 3 6 5 10 15 9 5 1 5 10 8 6 5 13 5 9 3 7 10 14 10 10 5 2 2 5 10 13 9 6 5 9
DISPLAY 0 5 2
DISPLAY 1 4 2
DISPLAY 2 9 4
DISPLAY 3 12 1
DISPLAY 4 9 10
DISPLAY 5 0 8
DISPLAY 7 3 8
DISPLAY 8 1 8
DISPLAY 10 1 9
DISPLAY 11 1 3
DISPLAY 14 3 7
DISPLAY 15 8 4
DISPLAY 16 12 3
DISPLAY 17 7 9
DISPLAY 18 6 10
DISPLAY 19 9 7
DISPLAY 21 1 6
DISPLAY 24 12 6
POSITION 0 6 6
POSITION 1 11 0
POSITION 2 4 8
POSITION 3 12 9
PLAYER 3
.
TICK 22
FIELDS 10 10 5 8 4 8 14 5 3 15 9 11 7 14 5 8 15 3 6 5 9 11 5 5 5 11 15 14 15 15 12 6 14 14 6 6 7 15 2 10 12 10 7 7 15 10 12 15 5 8 3 9 10 2 12 6 10 10 2 8 13 10 8 15 11 4 9 3 8 5 3 4 13 14 1 13 3 10 5 15 14 15 10 11 8 6 12 3 15 14 10 10 5 2 13 6 8 9 11 13 9 10 10 7 10 2 15 5 12 10 14 3 3 5 10 15 9 5 1 5 10 8 6 5 13 6 9 3 7 10 14 10 10 5 2 2 5 10 5 9 6 5 9
DISPLAY 0 5 2
DISPLAY 1 4 2
DISPLAY 2 9 4
DISPLAY 3 12 1
DISPLAY 4 9 10
DISPLAY 5 0 8
DISPLAY 7 3 8
DISPLAY 8 1 8
DISPLAY 10 1 9
DISPLAY 11 1 3
DISPLAY 14 3 7
DISPLAY 15 8 5
DISPLAY 16 12 3
DISPLAY 17 7 9
DISPLAY 18 6 10
DISPLAY 19 9 7
DISPLAY 21 1 6
DISPLAY 24 12 6
POSITION 0 6 6
POSITION 1 11 0
POSITION 2 4 8
POSITION 3 12 9
PLAYER 0
MESSAGE OK
TARGET 8
EXTRAFIELD 5
.
TICK 22
FIELDS 10 10 5 8 4 8 14 5 3 15 9 11 7 14 5 8 15 3 6 5 9 11 5 5 5 11 15 14 15 15 12 6 14 14 6 6 7 15 2 10 12 10 7 7 15 10 12 15 5 8 3 9 10 2 12 6 10 10 2 8 13 10 8 15 11 4 9 3 8 5 3 4 13 14 1 13 3 10 5 15 14 15 10 11 8 6 12 3 15 14 10 10 5 2 13 6 8 9 11 13 9 10 10 7 5 10 2 15 5 12 10 14 3 3 5 10 15 5 1 5 10 8 6 5 13 6 9 3 7 10 14 10 10 5 2 2 5 10 5 9 6 5 9
DISPLAY 0 5 2
DISPLAY 1 4 2
DISPLAY 2 9 4
DISPLAY 3 12 1
DISPLAY 4 9 10
DISPLAY 5 1 8
DISPLAY 7 4 8
DISPLAY 8 2 8
DISPLAY 10 1 9
DISPLAY 11 1 3
DISPLAY 14 3 7
DISPLAY 15 8 5
DISPLAY 16 12 3
DISPLAY 17 7 9
DISPLAY 18 6 10
DISPLAY 19 9 7
DISPLAY 21 1 6
DISPLAY 24 12 6
POSITION 0 6 7
POSITION 1 11 0
POSITION 2 5 8
POSITION 3 12 9
PLAYER 1
.
TICK 22
FIELDS 10 10 5 8 4 8 14 5 3 15 9 11 7 14 5 8 15 3 6 5 9 11 5 5 5 11 15 14 15 15 12 6 14 14 6 6 7 15 2 10 12 10 7 7 15 10 12 15 5 8 3 9 10 2 12 6 10 10 2 8 13 10 8 15 11 9 3 8 5 3 4 13 14 1 13 3 10 15 5 15 14 15 10 11 8 6 12 3 15 14 10 10 5 2 13 6 8 9 11 13 9 10 10 7 5 10 2 15 5 12 10 14 3 3 5 10 15 5 1 5 10 8 6 5 13 6 9 3 7 10 14 10 10 5 2 2 5 10 5 9 6 5 9
DISPLAY 0 5 2
DISPLAY 1 4 2
DISPLAY 2 9 4
DISPLAY 3 12 1
DISPLAY 4 9 10
DISPLAY 5 1 8
DISPLAY 7 4 8
DISPLAY 8 2 8
DISPLAY 10 1 9
DISPLAY 11 1 3
DISPLAY 14 3 7
DISPLAY 15 7 5
DISPLAY 16 12 3
DISPLAY 17 7 9
DISPLAY 18 6 10
DISPLAY 19 9 7
DISPLAY 21 1 6
DISPLAY 24 12 6
POSITION 0 6 7
POSITION 1 11 0
POSITION 2 5 8
POSITION 3 12 9
PLAYER 2
.
TICK 22
FIELDS 6 10 5 8 4 8 14 5 3 15 9 11 7 10 5 8 15 3 6 5 9 11 5 5 5 11 14 14 15 15 12 6 14 14 6 6 7 15 2 15 12 10 7 7 15 10 12 15 5 8 3 9 10 2 12 6 10 10 2 8 13 10 8 15 11 10 3 8 5 3 4 13 14 1 13 3 10 15 9 15 14 15 10 11 8 6 12 3 15 14 10 5 5 2 13 6 8 9 11 13 9 10 10 7 10 10 2 15 5 12 10 14 3 3 5 10 15 5 1 5 10 8 6 5 13 6 9 3 7 10 5 10 10 5 2 2 5 10 5 9 6 5 9
DISPLAY 0 5 2
DISPLAY 1 4 2
DISPLAY 2 9 4
DISPLAY 3 12 1
DISPLAY 4 9 10
DISPLAY 5 1 8
DISPLAY 7 4 8
DISPLAY 8 2 8
DISPLAY 10 1 9
DISPLAY 11 1 3
DISPLAY 14 3 7
DISPLAY 15 7 5
DISPLAY 16 12 3
DISPLAY 17 7 9
DISPLAY 18 6 10
DISPLAY 19 9 7
DISPLAY 21 1 6
DISPLAY 24 12 6
POSITION 0 6 7
POSITION 1 11 0
POSITION 2 5 8
POSITION 3 12 9
PLAYER 3
.
TICK 23
FIELDS 6 10 5 8 4 8 14 5 11 15 9 11 7 10 5 8 15 3 6 5 9 6 5 5 5 11 14 14 15 15 12 6 14 14 15 6 7 15 2 15 12 10 7 7 15 10 12 13 5 8 3 9 10 2 12 6 10 10 2 8 1 10 8 15 11 10 3 8 5 3 4 13 14 12 13 3 10 15 9 15 14 15 10 11 8 6 13 3 15 14 10 5 5 2 13 6 8 9 11 3 9 10 10 7 10 10 2 15 5 12 10 14 6 3 5 10 15 5 1 5 10 8 6 5 13 5 9 3 7 10 5 10 10 5 2 2 5 10 13 9 6 5 9
DISPLAY 0 5 2
DISPLAY 1 4 2
DISPLAY 2 9 4
DISPLAY 3 12 1
DISPLAY 4 9 10
DISPLAY 5 1 8
DISPLAY 7 4 8
DISPLAY 8 2 8
DISPLAY 10 1 9
DISPLAY 11 1 3
DISPLAY 14 3 7
DISPLAY 15 7 5
DISPLAY 16 12 3
DISPLAY 17 7 9
DISPLAY 18 6 10
DISPLAY 19 9 7
DISPLAY 21 1 6
DISPLAY 24 12 6
POSITION 0 6 7
POSITION 1 11 0
POSITION 2 5 8
POSITION 3 12 9
PLAYER 0
MESSAGE OK
TARGET 8
EXTRAFIELD 9
.
TICK 23
FIELDS 6 10 5 8 4 8 5 5 11 15 9 11 7 10 5 8 15 3 6 14 9 6 5 5 5 11 14 14 15 15 12 6 10 14 15 6 7 15 2 15 12 10 7 7 15 2 12 13 5 8 3 9 10 2 12 6 10 10 13 8 1 10 8 15 11 10 3 8 5 3 4 8 14 12 13 3 10 15 9 15 14 15 10 11 9 6 13 3 15 14 10 5 5 2 13 6 8 10 11 3 9 10 10 7 10 10 2 15 5 12 5 14 6 3 5 10 15 5 1 5 10 8 6 5 13 5 9 3 7 10 5 10 10 5 2 2 9 10 13 9 6 5 9
DISPLAY 0 5 2
DISPLAY 1 4 2
DISPLAY 2 9 4
DISPLAY 3 12 1
DISPLAY 4 9 10
DISPLAY 5 1 8
DISPLAY 7 4 8
DISPLAY 8 2 8
DISPLAY 10 1 9
DISPLAY 11 1 3
DISPLAY 14 3 7
DISPLAY 15 7 5
DISPLAY 16 12 3
DISPLAY 17 7 9
DISPLAY 18 6 9
DISPLAY 19 9 7
DISPLAY 21 1 6
DISPLAY 24 12 6
POSITION 0 5 7
POSITION 1 11 0
POSITION 2 5 8
POSITION 3 12 9
PLAYER 1
.
TICK 23
FIELDS 6 10 5 8 4 8 5 5 11 15 9 11 7 4 10 5 8 15 3 6 14 9 6 5 5 5 14 14 15 15 12 6 10 14 15 6 7 15 2 15 12 10 7 7 15 2 12 13 5 8 3 9 10 2 12 6 10 10 13 8 1 10 8 15 11 10 3 8 5 3 4 8 14 12 13 3 10 15 9 15 14 15 10 11 9 6 13 3 15 14 10 5 5 2 13 6 8 10 11 3 9 10 10 7 10 10 2 15 5 12 5 14 6 3 5 10 15 5 1 5 10 8 6 5 13 5 9 3 7 10 5 10 10 5 2 2 9 10 13 9 6 5 9
DISPLAY 0 5 2
DISPLAY 1 4 2
DISPLAY 2 9 4
DISPLAY 3 0 1
DISPLAY 4 9 10
DISPLAY 5 1 8
DISPLAY 7 4 8
DISPLAY 8 2 8
DISPLAY 10 1 9
DISPLAY 11 1 3
DISPLAY 14 3 7
DISPLAY 15 7 5
DISPLAY 16 12 3
DISPLAY 17 7 9
DISPLAY 18 6 9
DISPLAY 19 9 7
DISPLAY 21 1 6
DISPLAY 24 12 6
POSITION 0 5 7
POSITION 1 11 0
POSITION 2 5 8
POSITION 3 12 9
PLAYER 2
.
TICK 23
FIELDS 14 10 5 8 4 8 5 5 11 15 9 11 7 6 10 5 8 15 3 6 14 9 6 5 5 5 4 14 15 15 12 6 10 14 15 6 7 15 2 14 12 10 7 7 15 2 12 13 5 8 3 9 15 2 12 6 10 10 13 8 1 10 8 15 11 10 3 8 5 3 4 8 14 12 13 3 10 15 10 15 14 15 10 11 9 6 13 3 15 14 10 9 5 2 13 6 8 10 11 3 9 10 10 7 5 10 2 15 5 12 5 14 6 3 5 10 15 10 1 5 10 8 6 5 13 5 9 3 7 10 5 10 10 5 2 2 9 10 13 9 6 5 9
DISPLAY 0 5 2
DISPLAY 1 4 2
DISPLAY 2 9 4
DISPLAY 3 0 2
DISPLAY 4 9 10
DISPLAY 5 1 8
DISPLAY 7 4 8
DISPLAY 8 2 8
DISPLAY 10 1 9
DISPLAY 11 1 3
DISPLAY 14 3 7
DISPLAY 15 7 5
DISPLAY 16 12 3
DISPLAY 17 7 9
DISPLAY 18 6 9
DISPLAY 19 9 7
DISPLAY 21 1 6
DISPLAY 24 12 6
POSITION 0 5 7
POSITION 1 11 0
POSITION 2 5 8
POSITION 3 12 9
PLAYER 3
.
TICK 24
FIELDS 14 10 5 8 4 8 5 5 3 15 9 11 7 6 10 5 8 15 3 6 14 11 6 5 5 5 4 14 15 15 12 6 10 14 9 6 7 15 2 14 12 10 7 7 15 2 12 15 5 8 3 9 15 2 12 6 10 10 13 8 13 10 8 15 11 10 3 8 5 3 4 8 14 1 13 3 10 15 10 15 14 15 10 11 9 6 12 3 15 14 10 9 5 2 13 6 8 10 11 13 9 10 10 7 5 10 2 15 5 12 5 14 3 3 5 10 15 10 1 5 10 8 6 5 13 6 9 3 7 10 5 10 10 5 2 2 9 10 5 9 6 5 9
DISPLAY 0 5 2
DISPLAY 1 4 2
DISPLAY 2 9 4
DISPLAY 3 0 2
DISPLAY 4 9 10
DISPLAY 5 1 8
DISPLAY 7 4 8
DISPLAY 8 2 8
DISPLAY 10 1 9
DISPLAY 11 1 3
DISPLAY 14 3 7
DISPLAY 15 7 5
DISPLAY 16 12 3
DISPLAY 17 7 9
DISPLAY 18 6 9
DISPLAY 19 9 7
DISPLAY 21 1 6
DISPLAY 24 12 6
POSITION 0 5 7
POSITION 1 11 0
POSITION 2 5 8
POSITION 3 12 9
PLAYER 0
MESSAGE OK
TARGET 8
EXTRAFIELD 14
.
TICK 24
FIELDS 14 10 5 8 4 8 5 5 3 15 9 11 7 6 10 5 8 15 3 6 14 11 6 5 5 5 4 14 15 15 12 6 10 14 9 6 7 15 2 14 12 10 7 7 15 2 12 15 5 8 3 9 15 2 12 6 10 10 13 8 13 10 8 15 11 10 3 8 5 3 4 8 14 1 13 3 10 15 10 15 14 15 10 11 9 6 12 3 15 14 10 5 2 13 6 8 10 11 13 9 10 10 7 14 5 10 2 15 5 12 5 14 3 3 5 10 15 10 1 5 10 8 6 5 13 6 9 3 7 10 5 10 10 5 2 2 9 10 5 9 6 5 9
DISPLAY 0 5 2
DISPLAY 1 4 2
DISPLAY 2 9 4
DISPLAY 3 0 2
DISPLAY 4 9 10
DISPLAY 5 1 8
DISPLAY 7 4 8
DISPLAY 8 2 8
DISPLAY 10 1 9
DISPLAY 11 1 3
DISPLAY 14 2 7
DISPLAY 15 7 5
DISPLAY 16 12 3
DISPLAY 17 7 9
DISPLAY 18 6 9
DISPLAY 19 8 7
DISPLAY 21 1 6
DISPLAY 24 12 6
POSITION 0 4 7
POSITION 1 11 0
POSITION 2 5 8
POSITION 3 12 9
PLAYER 1
.
TICK 24
FIELDS 14 10 5 8 4 8 5 5 3 15 11 11 7 6 10 5 8 15 3 6 14 11 6 9 5 5 4 14 15 15 12 6 10 14 9 6 5 15 2 14 12 10 7 7 15 2 12 15 5 7 3 9 15 2 12 6 10 10 13 8 13 10 8 15 11 10 3 8 5 3 4 8 14 1 13 8 10 15 10 15 14 15 10 11 9 6 12 3 3 14 10 5 2 13 6 8 10 11 13 9 10 15 7 14 5 10 2 15 5 12 5 14 3 3 10 10 15 10 1 5 10 8 6 5 13 6 9 5 7 10 5 10 10 5 2 2 9 10 5 9 3 5 9
DISPLAY 0 5 2
DISPLAY 1 4 2
DISPLAY 2 9 4
DISPLAY 3 0 2
DISPLAY 4 9 10
DISPLAY 5 1 8
DISPLAY 7 4 8
DISPLAY 8 2 8
DISPLAY 10 1 9
DISPLAY 11 1 3
DISPLAY 14 2 7
DISPLAY 15 7 5
DISPLAY 16 12 3
DISPLAY 17 7 9
DISPLAY 18 6 9
DISPLAY 19 8 7
DISPLAY 21 1 6
DISPLAY 24 12 6
POSITION 0 4 7
POSITION 1 11 0
POSITION 2 5 8
POSITION 3 12 9
PLAYER 2
.
TICK 24
FIELDS 5 10 5 8 4 8 5 5 3 15 11 11 7 14 10 5 8 15 3 6 14 11 6 9 5 5 6 14 15 15 12 6 10 14 9 6 5 15 2 4 12 10 7 7 15 2 12 15 5 7 3 9 14 2 12 6 10 10 13 8 13 10 8 15 11 15 3 8 5 3 4 8 14 1 13 8 10 15 10 15 14 15 10 11 9 6 12 3 3 14 10 10 2 13 6 8 10 11 13 9 10 15 7 14 5 10 2 15 5 12 5 14 3 3 10 10 15 5 1 5 10 8 6 5 13 6 9 5 7 10 10 10 10 5 2 2 9 10 5 9 3 5 9
DISPLAY 0 5 2
DISPLAY 1 4 2
DISPLAY 2 9 4
DISPLAY 3 0 3
DISPLAY 4 9 10
DISPLAY 5 1 8
DISPLAY 7 4 8
DISPLAY 8 2 8
DISPLAY 10 1 9
DISPLAY 11 1 3
DISPLAY 14 2 7
DISPLAY 15 7 5
DISPLAY 16 12 3
DISPLAY 17 7 9
DISPLAY 18 6 9
DISPLAY 19 8 7
DISPLAY 21 1 6
DISPLAY 24 12 6
POSITION 0 4 7
POSITION 1 11 0
POSITION 2 5 8
POSITION 3 12 9
PLAYER 3
.
TICK 25
FIELDS 5 10 5 8 4 8 5 5 11 15 11 11 7 14 10 5 8 15 3 6 14 9 6 9 5 5 6 14 15 15 12 6 10 14 15 6 5 15 2 4 12 10 7 7 15 2 12 13 5 7 3 9 14 2 12 6 10 10 13 8 1 10 8 15 11 15 3 8 5 3 4 8 14 12 13 8 10 15 10 15 14 15 10 11 9 6 9 3 3 14 10 10 2 13 6 8 10 11 13 3 10 15 7 14 5 10 2 15 5 12 5 14 6 3 10 10 15 5 1 5 10 8 6 5 13 5 9 5 7 10 10 10 10 5 2 2 9 10 13 9 3 5 9
DISPLAY 0 5 2
DISPLAY 1 4 2
DISPLAY 2 9 4
DISPLAY 3 0 3
DISPLAY 4 9 10
DISPLAY 5 1 8
DISPLAY 7 4 8
DISPLAY 8 2 8
DISPLAY 10 1 9
DISPLAY 11 1 3
DISPLAY 14 2 7
DISPLAY 15 7 5
DISPLAY 16 12 3
DISPLAY 17 7 9
DISPLAY 18 6 9
DISPLAY 19 8 6
DISPLAY 21 1 6
DISPLAY 24 12 6
POSITION 0 4 7
POSITION 1 11 0
POSITION 2 5 8
POSITION 3 12 9
PLAYER 0
MESSAGE OK
TARGET 8
EXTRAFIELD 9
.
TICK 25
FIELDS 5 10 5 8 4 8 5 5 11 15 11 11 7 14 10 5 8 15 3 6 14 9 6 9 5 5 6 14 15 15 12 6 10 14 15 6 5 15 2 4 12 10 7 7 15 2 12 13 5 7 3 9 14 2 12 6 10 10 13 8 1 10 8 15 11 15 3 8 5 3 4 8 14 12 13 8 10 15 10 15 14 15 10 11 9 6 9 3 3 14 10 2 13 6 8 10 11 13 3 10 15 7 14 9 5 10 2 15 5 12 5 14 6 3 10 10 15 5 1 5 10 8 6 5 13 5 9 5 7 10 10 10 10 5 2 2 9 10 13 9 3 5 9
DISPLAY 0 5 2
DISPLAY 1 4 2
DISPLAY 2 9 4
DISPLAY 3 0 3
DISPLAY 4 9 10
DISPLAY 5 1 8
DISPLAY 7 4 8
DISPLAY 8 2 8
DISPLAY 10 1 9
DISPLAY 11 1 3
DISPLAY 14 1 7
DISPLAY 15 7 5
DISPLAY 16 12 3
DISPLAY 17 7 9
DISPLAY 18 6 9
DISPLAY 19 8 6
DISPLAY 21 1 6
DISPLAY 24 12 6
POSITION 0 3 7
POSITION 1 11 0
POSITION 2 5 8
POSITION 3 12 9
PLAYER 1
.
TICK 25
FIELDS 5 10 5 8 4 8 5 5 11 15 11 5 7 14 10 5 8 15 3 6 14 9 6 9 15 5 6 14 15 15 12 6 10 14 15 6 5 3 2 4 12 10 7 7 15 2 12 13 5 7 15 9 14 2 12 6 10 10 13 8 1 10 8 10 11 15 3 8 5 3 4 8 14 12 13 8 14 15 10 15 14 15 10 11 9 6 9 3 3 14 10 2 13 6 8 10 11 13 3 10 15 7 10 9 5 10 2 15 5 12 5 14 6 3 10 7 15 5 1 5 10 8 6 5 13 5 9 5 5 10 10 10 10 5 2 2 9 10 13 9 3 6 9
DISPLAY 0 5 2
DISPLAY 1 4 2
DISPLAY 2 9 4
DISPLAY 3 0 3
DISPLAY 4 9 10
DISPLAY 5 1 8
DISPLAY 7 4 8
DISPLAY 8 2 8
DISPLAY 10 1 9
DISPLAY 11 1 3
DISPLAY 14 1 7
DISPLAY 15 7 5
DISPLAY 16 12 3
DISPLAY 17 7 9
DISPLAY 18 6 9
DISPLAY 19 8 6
DISPLAY 21 1 6
DISPLAY 24 12 6
POSITION 0 3 7
POSITION 1 11 10
POSITION 2 5 8
POSITION 3 12 9
PLAYER 2
.
TICK 25
FIELDS 5 10 5 8 4 8 5 5 11 15 11 5 7 5 10 5 8 15 3 6 14 9 6 9 15 5 14 14 15 15 12 6 10 14 15 6 5 3 2 6 12 10 7 7 15 2 12 13 5 7 15 9 4 2 12 6 10 10 13 8 1 10 8 10 11 14 3 8 5 3 4 8 14 12 13 8 14 15 15 15 14 15 10 11 9 6 9 3 3 14 10 10 13 6 8 10 11 13 3 10 15 7 10 9 2 10 2 15 5 12 5 14 6 3 10 7 15 5 1 5 10 8 6 5 13 5 9 5 5 10 5 10 10 5 2 2 9 10 13 9 3 6 9
DISPLAY 0 5 2
DISPLAY 1 4 2
DISPLAY 2 9 4
DISPLAY 3 0 4
DISPLAY 4 9 10
DISPLAY 5 1 8
DISPLAY 7 4 8
DISPLAY 8 2 8
DISPLAY 10 1 9
DISPLAY 11 1 3
DISPLAY 14 1 7
DISPLAY 15 7 5
DISPLAY 16 12 3
DISPLAY 17 7 9
DISPLAY 18 6 9
DISPLAY 19 8 6
DISPLAY 21 1 6
DISPLAY 24 12 6
POSITION 0 3 7
POSITION 1 11 10
POSITION 2 5 8
POSITION 3 12 9
PLAYER 3
.
TICK 26
FIELDS 5 10 5 8 4 8 5 5 9 15 11 5 7 5 10 5 8 15 3 6 14 15 6 9 15 5 14 14 15 15 12 6 10 14 13 6 5 3 2 6 12 10 7 7 15 2 12 1 5 7 15 9 4 2 12 6 10 10 13 8 12 10 8 10 11 14 3 8 5 3 4 8 14 9 13 8 14 15 15 15 14 15 10 11 9 6 10 3 3 14 10 10 13 6 8 10 11 13 3 6 15 7 10 9 2 10 2 15 5 12 5 14 5 3 10 7 15 5 1 5 10 8 6 5 13 13 9 5 5 10 5 10 10 5 2 2 9 10 3 9 3 6 9
DISPLAY 0 5 2
DISPLAY 1 4 2
DISPLAY 2 9 4
DISPLAY 3 0 4
DISPLAY 4 9 10
DISPLAY 5 1 8
DISPLAY 7 4 8
DISPLAY 8 2 8
DISPLAY 10 1 9
DISPLAY 11 1 3
DISPLAY 14 1 7
DISPLAY 15 7 5
DISPLAY 16 12 3
DISPLAY 17 7 9
DISPLAY 18 6 9
DISPLAY 19 8 5
DISPLAY 21 1 6
DISPLAY 24 12 6
POSITION 0 3 7
POSITION 1 11 10
POSITION 2 5 8
POSITION 3 12 9
PLAYER 0
MESSAGE OK
TARGET 8
EXTRAFIELD 10
.
TICK 26
FIELDS 5 10 5 8 4 8 5 5 9 15 11 5 7 5 10 15 8 15 3 6 14 15 6 9 15 5 14 14 10 15 12 6 10 14 13 6 5 3 2 6 12 12 7 7 15 2 12 1 5 7 15 9 4 2 8 6 10 10 13 8 12 10 8 10 11 14 3 14 5 3 4 8 14 9 13 8 14 15 15 15 6 15 10 11 9 6 10 3 3 14 10 10 13 2 8 10 11 13 3 6 15 7 10 9 2 10 5 15 5 12 5 14 5 3 10 7 15 5 1 10 10 8 6 5 13 13 9 5 5 10 5 10 10 5 2 2 9 10 3 9 3 6 9
DISPLAY 0 5 2
DISPLAY 1 4 2
DISPLAY 2 9 4
DISPLAY 3 0 4
DISPLAY 4 9 10
DISPLAY 5 1 8
DISPLAY 7 4 8
DISPLAY 8 2 7
DISPLAY 10 1 9
DISPLAY 11 1 3
DISPLAY 14 1 7
DISPLAY 15 7 5
DISPLAY 16 12 3
DISPLAY 17 7 9
DISPLAY 18 6 9
DISPLAY 19 8 5
DISPLAY 21 1 6
DISPLAY 24 12 6
POSITION 0 3 7
POSITION 1 11 10
POSITION 2 5 8
POSITION 3 12 9
PLAYER 1
.
TICK 26
FIELDS 5 10 5 8 4 8 5 5 9 11 11 5 7 5 10 15 8 15 3 6 14 15 15 9 15 5 14 14 10 15 12 6 10 14 13 6 5 3 2 6 12 12 7 7 15 2 12 1 6 7 15 9 4 2 8 6 10 10 13 8 12 5 8 10 11 14 3 14 5 3 4 8 14 9 10 8 14 15 15 15 6 15 10 11 9 6 10 13 3 14 10 10 13 2 8 10 11 13 3 6 3 7 10 9 2 10 5 15 5 12 5 14 5 15 10 7 15 5 1 10 10 8 6 5 13 13 3 5 5 10 5 10 10 5 2 2 9 10 3 9 3 6 9
DISPLAY 0 5 2
DISPLAY 1 4 2
DISPLAY 2 9 5
DISPLAY 3 0 4
DISPLAY 4 9 0
DISPLAY 5 1 8
DISPLAY 7 4 8
DISPLAY 8 2 7
DISPLAY 10 1 9
DISPLAY 11 1 3
DISPLAY 14 1 7
DISPLAY 15 7 5
DISPLAY 16 12 3
DISPLAY 17 7 9
DISPLAY 18 6 9
DISPLAY 19 8 5
DISPLAY 21 1 6
DISPLAY 24 12 6
POSITION 0 3 7
POSITION 1 11 10
POSITION 2 5 8
POSITION 3 12 9
PLAYER 2
.
TICK 26
FIELDS 10 10 5 8 4 8 5 5 9 11 11 5 7 5 10 15 8 15 3 6 14 15 15 9 15 5 5 14 10 15 12 6 10 14 13 6 5 3 2 14 12 12 7 7 15 2 12 1 6 7 15 9 6 2 8 6 10 10 13 8 12 5 8 10 11 4 3 14 5 3 4 8 14 9 10 8 14 15 14 15 6 15 10 11 9 6 10 13 3 14 10 15 13 2 8 10 11 13 3 6 3 7 10 9 10 10 5 15 5 12 5 14 5 15 10 7 15 2 1 10 10 8 6 5 13 13 3 5 5 10 5 10 10 5 2 2 9 10 3 9 3 6 9
DISPLAY 0 5 2
DISPLAY 1 4 2
DISPLAY 2 9 5
DISPLAY 3 0 5
DISPLAY 4 9 0
DISPLAY 5 1 8
DISPLAY 7 4 8
DISPLAY 8 2 7
DISPLAY 10 1 9
DISPLAY 11 1 3
DISPLAY 14 1 7
DISPLAY 15 7 5
DISPLAY 16 12 3
DISPLAY 17 7 9
DISPLAY 18 6 9
DISPLAY 19 8 5
DISPLAY 21 1 6
DISPLAY 24 12 6
POSITION 0 3 7
POSITION 1 11 10
POSITION 2 5 8
POSITION 3 12 9
PLAYER 3
.
TICK 27
FIELDS 10 10 5 8 4 8 5 5 15 11 11 5 7 5 10 15 8 15 3 6 14 13 15 9 15 5 5 14 10 15 12 6 10 14 1 6 5 3 2 14 12 12 7 7 15 2 12 12 6 7 15 9 6 2 8 6 10 10 13 8 9 5 8 10 11 4 3 14 5 3 4 8 14 10 10 8 14 15 14 15 6 15 10 11 9 6 6 13 3 14 10 15 13 2 8 10 11 13 3 5 3 7 10 9 10 10 5 15 5 12 5 14 13 15 10 7 15 2 1 10 10 8 6 5 13 3 3 5 5 10 5 10 10 5 2 2 9 10 11 9 3 6 9
DISPLAY 0 5 2
DISPLAY 1 4 2
DISPLAY 2 9 5
DISPLAY 3 0 5
DISPLAY 4 9 0
DISPLAY 5 1 8
DISPLAY 7 4 8
DISPLAY 8 2 7
DISPLAY 10 1 9
DISPLAY 11 1 3
DISPLAY 14 1 7
DISPLAY 15 7 5
DISPLAY 16 12 3
DISPLAY 17 7 9
DISPLAY 18 6 9
DISPLAY 19 8 4
DISPLAY 21 1 6
DISPLAY 24 12 6
POSITION 0 3 7
POSITION 1 11 10
POSITION 2 5 8
POSITION 3 12 9
PLAYER 0
MESSAGE OK
TARGET 8
EXTRAFIELD 5
.
TICK 27
FIELDS 10 10 5 8 4 8 5 5 15 11 11 5 7 5 10 15 8 15 3 6 14 13 15 9 15 5 5 14 10 15 12 6 10 14 1 6 5 3 2 14 12 12 7 7 15 2 12 12 6 7 15 9 6 2 8 6 10 10 13 8 9 5 8 10 11 4 3 14 5 3 4 8 14 10 10 8 14 15 14 15 6 15 10 11 9 6 6 13 3 14 10 13 2 8 10 11 13 3 5 3 7 10 9 5 10 10 5 15 5 12 5 14 13 15 10 7 15 2 1 10 10 8 6 5 13 3 3 5 5 10 5 10 10 5 2 2 9 10 11 9 3 6 9
DISPLAY 0 5 2
DISPLAY 1 4 2
DISPLAY 2 9 5
DISPLAY 3 0 5
DISPLAY 4 9 0
DISPLAY 5 1 8
DISPLAY 7 4 8
DISPLAY 8 1 7
DISPLAY 10 1 9
DISPLAY 11 1 3
DISPLAY 14 0 7
DISPLAY 15 7 5
DISPLAY 16 12 3
DISPLAY 17 7 9
DISPLAY 18 6 9
DISPLAY 19 8 4
DISPLAY 21 1 6
DISPLAY 24 12 6
POSITION 0 2 7
POSITION 1 11 10
POSITION 2 5 8
POSITION 3 12 9
PLAYER 1
.
TICK 27
FIELDS 10 10 5 8 4 8 5 5 15 9 11 5 7 5 10 15 8 15 3 6 14 13 11 9 15 5 5 14 10 15 12 6 10 14 1 15 5 3 2 14 12 12 7 7 15 2 12 12 6 7 15 9 6 2 8 6 10 10 13 8 9 6 8 10 11 4 3 14 5 3 4 8 14 10 5 8 14 15 14 15 6 15 10 11 9 6 6 10 3 14 10 13 2 8 10 11 13 3 5 3 13 10 9 5 10 10 5 15 5 12 5 14 13 7 10 7 15 2 1 10 10 8 6 5 13 3 15 5 5 10 5 10 10 5 2 2 9 10 11 3 3 6 9
DISPLAY 0 5 2
DISPLAY 1 4 2
DISPLAY 2 9 6
DISPLAY 3 0 5
DISPLAY 4 9 1
DISPLAY 5 1 8
DISPLAY 7 4 8
DISPLAY 8 1 7
DISPLAY 10 1 9
DISPLAY 11 1 3
DISPLAY 14 0 7
DISPLAY 15 7 5
DISPLAY 16 12 3
DISPLAY 17 7 9
DISPLAY 18 6 9
DISPLAY 19 8 4
DISPLAY 21 1 6
DISPLAY 24 12 6
POSITION 0 2 7
POSITION 1 11 10
POSITION 2 5 8
POSITION 3 12 9
PLAYER 2
.
TICK 27
FIELDS 5 10 5 8 4 8 5 5 15 9 11 5 7 10 10 15 8 15 3 6 14 13 11 9 15 5 5 14 10 15 12 6 10 14 1 15 5 3 2 5 12 12 7 7 15 2 12 12 6 7 15 9 14 2 8 6 10 10 13 8 9 6 8 10 11 6 3 14 5 3 4 8 14 10 5 8 14 15 4 15 6 15 10 11 9 6 6 10 3 14 10 14 2 8 10 11 13 3 5 3 13 10 9 5 13 10 5 15 5 12 5 14 13 7 10 7 15 10 1 10 10 8 6 5 13 3 15 5 5 10 2 10 10 5 2 2 9 10 11 3 3 6 9
DISPLAY 0 5 2
DISPLAY 1 4 2
DISPLAY 2 9 6
DISPLAY 3 0 6
DISPLAY 4 9 1
DISPLAY 5 1 8
DISPLAY 7 4 8
DISPLAY 8 1 7
DISPLAY 10 1 9
DISPLAY 11 1 3
DISPLAY 14 0 8
DISPLAY 15 7 5
DISPLAY 16 12 3
DISPLAY 17 7 9
DISPLAY 18 6 9
DISPLAY 19 8 4
DISPLAY 21 1 6
DISPLAY 24 12 6
POSITION 0 2 7
POSITION 1 11 10
POSITION 2 5 8
POSITION 3 12 9
PLAYER 3
.
TICK 28
FIELDS 5 10 5 8 4 8 5 5 13 9 11 5 7 10 10 15 8 15 3 6 14 1 11 9 15 5 5 14 10 15 12 6 10 14 12 15 5 3 2 5 12 12 7 7 15 2 12 9 6 7 15 9 14 2 8 6 10 10 13 8 10 6 8 10 11 6 3 14 5 3 4 8 14 6 5 8 14 15 4 15 6 15 10 11 9 6 3 10 3 14 10 14 2 8 10 11 13 3 5 13 13 10 9 5 13 10 5 15 5 12 5 14 3 7 10 7 15 10 1 10 10 8 6 5 13 11 15 5 5 10 2 10 10 5 2 2 9 10 9 3 3 6 9
DISPLAY 0 5 2
DISPLAY 1 4 2
DISPLAY 2 9 6
DISPLAY 3 0 6
DISPLAY 4 9 1
DISPLAY 5 1 8
DISPLAY 7 4 8
DISPLAY 8 1 7
DISPLAY 10 1 9
DISPLAY 11 1 3
DISPLAY 14 0 8
DISPLAY 15 7 5
DISPLAY 16 12 3
DISPLAY 17 7 9
DISPLAY 18 6 9
DISPLAY 19 8 3
DISPLAY 21 1 6
DISPLAY 24 12 6
POSITION 0 2 7
POSITION 1 11 10
POSITION 2 5 8
POSITION 3 12 9
PLAYER 0
MESSAGE OK
TARGET 8
EXTRAFIELD 15
.
TICK 28
FIELDS 5 10 5 8 4 8 5 5 13 9 11 5 7 10 10 15 8 15 3 6 14 1 11 9 15 5 5 14 10 15 12 6 10 14 12 15 5 3 2 5 12 12 7 7 15 2 12 9 6 7 15 9 14 2 8 6 10 10 13 8 10 6 8 10 11 6 3 14 5 3 4 8 14 6 5 8 14 15 4 15 6 15 10 11 9 6 3 10 3 14 10 2 8 10 11 13 3 5 13 13 10 9 5 15 13 10 5 15 5 12 5 14 3 7 10 7 15 10 1 10 10 8 6 5 13 11 15 5 5 10 2 10 10 5 2 2 9 10 9 3 3 6 9
DISPLAY 0 5 2
DISPLAY 1 4 2
DISPLAY 2 9 6
DISPLAY 3 0 6
DISPLAY 4 9 1
DISPLAY 5 1 8
DISPLAY 7 4 8
DISPLAY 8 0 7
DISPLAY 10 1 9
DISPLAY 11 1 3
DISPLAY 14 0 8
DISPLAY 15 7 5
DISPLAY 16 12 3
DISPLAY 17 7 9
DISPLAY 18 6 9
DISPLAY 19 8 3
DISPLAY 21 1 6
DISPLAY 24 12 6
POSITION 0 1 7
POSITION 1 11 10
POSITION 2 5 8
POSITION 3 12 9
PLAYER 1
.
TICK 28
FIELDS 5 10 5 8 4 8 5 5 13 9 11 9 7 10 10 15 8 15 3 6 14 1 11 9 5 5 5 14 10 15 12 6 10 14 12 15 5 15 2 5 12 12 7 7 15 2 12 9 6 7 3 9 14 2 8 6 10 10 13 8 10 6 8 15 11 6 3 14 5 3 4 8 14 6 5 8 10 15 4 15 6 15 10 11 9 6 3 10 3 14 10 2 8 10 11 13 3 5 13 13 10 9 14 15 13 10 5 15 5 12 5 14 3 7 10 5 15 10 1 10 10 8 6 5 13 11 15 5 7 10 2 10 10 5 2 2 9 10 9 3 3 5 9
DISPLAY 0 5 2
DISPLAY 1 4 2
DISPLAY 2 9 6
DISPLAY 3 0 6
DISPLAY 4 9 1
DISPLAY 5 1 8
DISPLAY 7 4 8
DISPLAY 8 0 7
DISPLAY 10 1 9
DISPLAY 11 1 3
DISPLAY 14 0 8
DISPLAY 15 7 5
DISPLAY 16 12 3
DISPLAY 17 7 9
DISPLAY 18 6 9
DISPLAY 19 8 3
DISPLAY 21 1 6
DISPLAY 24 12 6
POSITION 0 1 7
POSITION 1 11 0
POSITION 2 5 8
POSITION 3 12 9
PLAYER 2
.
TICK 28
FIELDS 5 10 5 8 4 8 5 5 13 9 11 9 7 5 10 15 8 15 3 6 14 1 11 9 5 5 10 14 10 15 12 6 10 14 12 15 5 15 2 5 12 12 7 7 15 2 12 9 6 7 3 9 5 2 8 6 10 10 13 8 10 6 8 15 11 14 3 14 5 3 4 8 14 6 5 8 10 15 6 15 6 15 10 11 9 6 3 10 3 14 10 4 8 10 11 13 3 5 13 13 10 9 14 15 2 10 5 15 5 12 5 14 3 7 10 5 15 13 1 10 10 8 6 5 13 11 15 5 7 10 10 10 10 5 2 2 9 10 9 3 3 5 9
DISPLAY 0 5 2
DISPLAY 1 4 2
DISPLAY 2 9 6
DISPLAY 3 0 7
DISPLAY 4 9 1
DISPLAY 5 1 8
DISPLAY 7 4 8
DISPLAY 8 0 8
DISPLAY 10 1 9
DISPLAY 11 1 3
DISPLAY 14 0 9
DISPLAY 15 7 5
DISPLAY 16 12 3
DISPLAY 17 7 9
DISPLAY 18 6 9
DISPLAY 19 8 3
DISPLAY 21 1 6
DISPLAY 24 12 6
POSITION 0 1 7
POSITION 1 11 0
POSITION 2 5 8
POSITION 3 12 9
PLAYER 3
.
TICK 29
FIELDS 5 10 5 8 4 8 5 5 15 9 11 9 7 5 10 15 8 15 3 6 14 13 11 9 5 5 10 14 10 15 12 6 10 14 1 15 5 15 2 5 12 12 7 7 15 2 12 12 6 7 3 9 5 2 8 6 10 10 13 8 9 6 8 15 11 14 3 14 5 3 4 8 14 10 5 8 10 15 6 15 6 15 10 11 9 6 6 10 3 14 10 4 8 10 11 13 3 5 13 3 10 9 14 15 2 10 5 15 5 12 5 14 13 7 10 5 15 13 1 10 10 8 6 5 13 3 15 5 7 10 10 10 10 5 2 2 9 10 11 3 3 5 9
DISPLAY 0 5 2
DISPLAY 1 4 2
DISPLAY 2 9 6
DISPLAY 3 0 7
DISPLAY 4 9 1
DISPLAY 5 1 8
DISPLAY 7 4 8
DISPLAY 8 0 8
DISPLAY 10 1 9
DISPLAY 11 1 3
DISPLAY 14 0 9
DISPLAY 15 7 5
DISPLAY 16 12 3
DISPLAY 17 7 9
DISPLAY 18 6 9
DISPLAY 19 8 4
DISPLAY 21 1 6
DISPLAY 24 12 6
POSITION 0 1 7
POSITION 1 11 0
POSITION 2 5 8
POSITION 3 12 9
PLAYER 0
MESSAGE OK
TARGET 8
EXTRAFIELD 14
.
TICK 29
FIELDS 5 10 5 8 4 8 5 5 15 9 11 9 7 10 10 15 8 15 3 6 14 13 11 9 5 5 5 14 10 15 12 6 10 14 1 15 5 15 2 5 12 12 7 7 15 2 12 12 6 7 3 9 14 2 8 6 10 10 13 8 9 6 8 15 11 6 3 14 5 3 4 8 14 10 5 8 10 15 4 15 6 15 10 11 9 6 6 10 3 14 10 2 8 10 11 13 3 5 13 3 10 9 14 15 13 10 5 15 5 12 5 14 13 7 10 5 15 10 1 10 10 8 6 5 13 3 15 5 7 10 14 10 10 5 2 2 9 10 11 3 3 5 9
DISPLAY 0 5 2
DISPLAY 1 4 2
DISPLAY 2 9 6
DISPLAY 3 0 6
DISPLAY 4 9 1
DISPLAY 5 1 8
DISPLAY 7 4 8
DISPLAY 8 0 7
DISPLAY 10 1 9
DISPLAY 11 1 3
DISPLAY 14 0 8
DISPLAY 15 7 5
DISPLAY 16 12 3
DISPLAY 17 7 9
DISPLAY 18 6 9
DISPLAY 19 8 4
DISPLAY 21 1 6
DISPLAY 24 12 6
POSITION 0 1 7
POSITION 1 11 0
POSITION 2 5 8
POSITION 3 12 9
PLAYER 1
.
TICK 29
FIELDS 10 5 8 4 8 5 5 15 9 11 9 7 6 10 10 15 8 15 3 6 14 13 11 9 5 5 5 14 10 15 12 6 10 14 1 15 5 15 2 5 12 12 7 7 15 2 12 12 6 7 3 9 14 2 8 6 10 10 13 8 9 6 8 15 11 6 3 14 5 3 4 8 14 10 5 8 10 15 4 15 6 15 10 11 9 6 6 10 3 14 10 2 8 10 11 13 3 5 13 3 10 9 14 15 13 10 5 15 5 12 5 14 13 7 10 5 15 10 1 10 10 8 6 5 13 3 15 5 7 10 14 10 10 5 2 2 9 10 11 3 3 5 9
DISPLAY 0 5 2
DISPLAY 1 4 2
DISPLAY 2 9 6
DISPLAY 3 0 6
DISPLAY 4 9 1
DISPLAY 5 1 8
DISPLAY 7 4 8
DISPLAY 8 0 7
DISPLAY 10 1 9
DISPLAY 11 1 3
DISPLAY 14 0 8
DISPLAY 15 7 5
DISPLAY 16 12 3
DISPLAY 17 7 9
DISPLAY 18 6 9
DISPLAY 19 8 4
DISPLAY 21 1 6
DISPLAY 24 12 6
POSITION 0 1 7
POSITION 1 10 0
POSITION 2 5 8
POSITION 3 12 9
PLAYER 2
.
TICK 29
FIELDS 2 5 8 4 8 5 5 15 9 11 9 7 6 10 10 15 8 15 3 6 14 13 11 9 5 5 10 14 10 15 12 6 10 14 1 15 5 15 2 5 12 12 7 7 15 2 12 12 6 7 3 9 5 2 8 6 10 10 13 8 9 6 8 15 11 14 3 14 5 3 4 8 14 10 5 8 10 15 6 15 6 15 10 11 9 6 6 10 3 14 10 4 8 10 11 13 3 5 13 3 10 9 14 15 2 10 5 15 5 12 5 14 13 7 10 5 15 13 1 10 10 8 6 5 13 3 15 5 7 10 10 10 10 5 2 2 9 10 11 3 3 5 9
DISPLAY 0 5 2
DISPLAY 1 4 2
DISPLAY 2 9 6
DISPLAY 3 0 7
DISPLAY 4 9 1
DISPLAY 5 1 8
DISPLAY 7 4 8
DISPLAY 8 0 8
DISPLAY 10 1 9
DISPLAY 11 1 3
DISPLAY 14 0 9
DISPLAY 15 7 5
DISPLAY 16 12 3
DISPLAY 17 7 9
DISPLAY 18 6 9
DISPLAY 19 8 4
DISPLAY 21 1 6
DISPLAY 24 12 6
POSITION 0 1 7
POSITION 1 10 0
POSITION 2 5 8
POSITION 3 12 9
PLAYER 3
.
TICK 30
FIELDS 2 5 8 4 8 5 5 15 9 11 9 7 6 10 10 15 8 15 3 6 14 9 11 9 5 5 10 14 10 15 12 6 10 14 13 15 5 15 2 5 12 12 7 7 15 2 12 1 6 7 3 9 5 2 8 6 10 10 13 8 12 6 8 15 11 14 3 14 5 3 4 8 14 9 5 8 10 15 6 15 6 15 10 11 9 6 10 10 3 14 10 4 8 10 11 13 3 5 13 6 10 9 14 15 2 10 5 15 5 12 5 14 3 7 10 5 15 13 1 10 10 8 6 5 13 13 15 5 7 10 10 10 10 5 2 2 9 10 3 3 3 5 9
DISPLAY 0 5 2
DISPLAY 1 4 2
DISPLAY 2 9 6
DISPLAY 3 0 7
DISPLAY 4 9 1
DISPLAY 5 1 8
DISPLAY 7 4 8
DISPLAY 8 0 8
DISPLAY 10 1 9
DISPLAY 11 1 3
DISPLAY 14 0 9
DISPLAY 15 7 5
DISPLAY 16 12 3
DISPLAY 17 7 9
DISPLAY 18 6 9
DISPLAY 19 8 5
DISPLAY 21 1 6
DISPLAY 24 12 6
POSITION 0 1 7
POSITION 1 10 0
POSITION 2 5 8
POSITION 3 12 9
PLAYER 0
MESSAGE OK
TARGET 8
EXTRAFIELD 5
.
TICK 30
FIELDS 10 5 8 4 8 5 5 15 9 11 9 7 6 10 10 15 8 15 3 6 14 9 11 9 5 5 5 14 10 15 12 6 10 14 13 15 5 15 2 5 12 12 7 7 15 2 12 1 6 7 3 9 14 2 8 6 10 10 13 8 12 6 8 15 11 6 3 14 5 3 4 8 14 9 5 8 10 15 4 15 6 15 10 11 9 6 10 10 3 14 10 2 8 10 11 13 3 5 13 6 10 9 14 15 13 10 5 15 5 12 5 14 3 7 10 5 15 10 1 10 10 8 6 5 13 13 15 5 7 10 5 10 10 5 2 2 9 10 3 3 3 5 9
DISPLAY 0 5 2
DISPLAY 1 4 2
DISPLAY 2 9 6
DISPLAY 3 0 6
DISPLAY 4 9 1
DISPLAY 5 1 8
DISPLAY 7 4 8
DISPLAY 8 0 7
DISPLAY 10 1 9
DISPLAY 11 1 3
DISPLAY 14 0 8
DISPLAY 15 7 5
DISPLAY 16 12 3
DISPLAY 17 7 9
DISPLAY 18 6 9
DISPLAY 19 8 5
DISPLAY 21 1 6
DISPLAY 24 12 6
POSITION 0 1 7
POSITION 1 10 0
POSITION 2 5 8
POSITION 3 12 9
PLAYER 1
.
TICK 30
FIELDS 10 5 8 4 8 5 5 15 9 11 9 7 6 5 10 15 8 15 3 6 14 9 11 9 5 5 5 14 10 15 12 6 10 14 13 15 5 15 2 14 12 12 7 7 15 2 12 1 6 7 3 9 6 2 8 6 10 10 13 8 12 6 8 15 11 4 3 14 5 3 4 8 14 9 5 8 10 15 2 15 6 15 10 11 9 6 10 10 3 14 10 13 8 10 11 13 3 5 13 6 10 9 14 15 10 10 5 15 5 12 5 14 3 7 10 5 15 5 1 10 10 8 6 5 13 13 15 5 7 10 5 10 10 5 2 2 9 10 3 3 3 5 9
DISPLAY 0 5 2
DISPLAY 1 4 2
DISPLAY 2 9 6
DISPLAY 3 0 5
DISPLAY 4 9 1
DISPLAY 5 1 8
DISPLAY 7 4 8
DISPLAY 8 0 6
DISPLAY 10 1 9
DISPLAY 11 1 3
DISPLAY 14 0 7
DISPLAY 15 7 5
DISPLAY 16 12 3
DISPLAY 17 7 9
DISPLAY 18 6 9
DISPLAY 19 8 5
DISPLAY 21 1 6
DISPLAY 24 12 6
POSITION 0 1 7
POSITION 1 10 0
POSITION 2 5 8
POSITION 3 12 9
PLAYER 2
.
TICK 30
FIELDS 14 5 8 4 8 5 5 15 9 11 9 7 6 10 10 15 8 15 3 6 14 9 11 9 5 5 5 14 10 15 12 6 10 14 13 15 5 15 2 5 12 12 7 7 15 2 12 1 6 7 3 9 14 2 8 6 10 10 13 8 12 6 8 15 11 6 3 14 5 3 4 8 14 9 5 8 10 15 4 15 6 15 10 11 9 6 10 10 3 14 10 2 8 10 11 13 3 5 13 6 10 9 14 15 13 10 5 15 5 12 5 14 3 7 10 5 15 10 1 10 10 8 6 5 13 13 15 5 7 10 5 10 10 5 2 2 9 10 3 3 3 5 9
DISPLAY 0 5 2
DISPLAY 1 4 2
DISPLAY 2 9 6
DISPLAY 3 0 6
DISPLAY 4 9 1
DISPLAY 5 1 8
DISPLAY 7 4 8
DISPLAY 8 0 7
DISPLAY 10 1 9
DISPLAY 11 1 3
DISPLAY 14 0 8
DISPLAY 15 7 5
DISPLAY 16 12 3
DISPLAY 17 7 9
DISPLAY 18 6 9
DISPLAY 19 8 5
DISPLAY 21 1 6
DISPLAY 24 12 6
POSITION 0 1 7
POSITION 1 10 0
POSITION 2 5 8
POSITION 3 12 9
PLAYER 3
.
TICK 31
FIELDS 14 5 8 4 8 5 5 15 9 11 9 7 6 10 10 15 8 15 3 6 14 13 11 9 5 5 5 14 10 15 12 6 10 14 1 15 5 15 2 5 12 12 7 7 15 2 12 12 6 7 3 9 14 2 8 6 10 10 13 8 9 6 8 15 11 6 3 14 5 3 4 8 14 10 5 8 10 15 4 15 6 15 10 11 9 6 6 10 3 14 10 2 8 10 11 13 3 5 13 3 10 9 14 15 13 10 5 15 5 12 5 14 13 7 10 5 15 10 1 10 10 8 6 5 13 3 15 5 7 10 5 10 10 5 2 2 9 10 11 3 3 5 9
DISPLAY 0 5 2
DISPLAY 1 4 2
DISPLAY 2 9 6
DISPLAY 3 0 6
DISPLAY 4 9 1
DISPLAY 5 1 8
DISPLAY 7 4 8
DISPLAY 8 0 7
DISPLAY 10 1 9
DISPLAY 11 1 3
DISPLAY 14 0 8
DISPLAY 15 7 5
DISPLAY 16 12 3
DISPLAY 17 7 9
DISPLAY 18 6 9
DISPLAY 19 8 4
DISPLAY 21 1 6
DISPLAY 24 12 6
POSITION 0 1 7
POSITION 1 10 0
POSITION 2 5 8
POSITION 3 12 9
PLAYER 0
MESSAGE OK
TARGET 8
EXTRAFIELD 2
.
TICK 31
FIELDS 14 5 8 4 8 5 5 15 9 11 9 7 6 10 10 15 8 15 3 6 14 13 11 9 5 5 5 14 10 15 12 6 10 14 1 15 5 15 2 5 12 12 7 7 15 2 12 12 6 7 3 9 14 2 8 6 10 10 13 8 9 6 8 15 11 6 3 14 5 3 4 8 14 10 5 8 10 15 4 15 6 15 10 11 9 6 6 10 3 14 10 8 10 11 13 3 5 13 3 10 9 14 15 8 13 10 5 15 5 12 5 14 13 7 10 5 15 10 1 10 10 8 6 5 13 3 15 5 7 10 5 10 10 5 2 2 9 10 11 3 3 5 9
DISPLAY 0 5 2
DISPLAY 1 4 2
DISPLAY 2 9 6
DISPLAY 3 0 6
DISPLAY 4 9 1
DISPLAY 5 1 8
DISPLAY 7 4 8
DISPLAY 8 12 7
DISPLAY 10 1 9
DISPLAY 11 1 3
DISPLAY 14 0 8
DISPLAY 15 7 5
DISPLAY 16 12 3
DISPLAY 17 7 9
DISPLAY 18 6 9
DISPLAY 19 8 4
DISPLAY 21 1 6
DISPLAY 24 12 6
POSITION 0 0 7
POSITION 1 10 0
POSITION 2 5 8
POSITION 3 12 9
PLAYER 1
.
TICK 31
FIELDS 14 5 8 4 8 5 5 15 9 11 9 7 6 10 10 15 8 15 3 6 14 13 11 9 5 5 5 14 10 15 12 6 10 14 1 15 5 15 2 5 12 12 7 7 15 2 12 12 6 7 3 9 14 2 8 6 10 10 13 8 9 6 8 15 11 6 3 14 5 3 4 8 14 10 5 8 10 15 10 4 15 6 15 10 11 9 6 6 10 3 14 8 10 11 13 3 5 13 3 10 9 14 15 8 13 10 5 15 5 12 5 14 13 7 10 5 15 10 1 10 10 8 6 5 13 3 15 5 7 10 5 10 10 5 2 2 9 10 11 3 3 5 9
DISPLAY 0 5 2
DISPLAY 1 4 2
DISPLAY 2 10 6
DISPLAY 3 1 6
DISPLAY 4 9 1
DISPLAY 5 1 8
DISPLAY 7 4 8
DISPLAY 8 12 7
DISPLAY 10 1 9
DISPLAY 11 1 3
DISPLAY 14 0 8
DISPLAY 15 7 5
DISPLAY 16 12 3
DISPLAY 17 7 9
DISPLAY 18 6 9
DISPLAY 19 8 4
DISPLAY 21 2 6
DISPLAY 24 0 6
POSITION 0 0 7
POSITION 1 10 0
POSITION 2 5 8
POSITION 3 12 9
PLAYER 2
.
TICK 31
FIELDS 5 5 8 4 8 5 5 15 9 11 9 7 6 14 10 15 8 15 3 6 14 13 11 9 5 5 10 14 10 15 12 6 10 14 1 15 5 15 2 5 12 12 7 7 15 2 12 12 6 7 3 9 5 2 8 6 10 10 13 8 9 6 8 15 11 14 3 14 5 3 4 8 14 10 5 8 10 15 6 4 15 6 15 10 11 9 6 6 10 3 14 10 10 11 13 3 5 13 3 10 9 14 15 8 8 10 5 15 5 12 5 14 13 7 10 5 15 13 1 10 10 8 6 5 13 3 15 5 7 10 10 10 10 5 2 2 9 10 11 3 3 5 9
DISPLAY 0 5 2
DISPLAY 1 4 2
DISPLAY 2 10 6
DISPLAY 3 1 6
DISPLAY 4 9 1
DISPLAY 5 1 8
DISPLAY 7 4 8
DISPLAY 8 12 7
DISPLAY 10 1 9
DISPLAY 11 1 3
DISPLAY 14 0 9
DISPLAY 15 7 5
DISPLAY 16 12 3
DISPLAY 17 7 9
DISPLAY 18 6 9
DISPLAY 19 8 4
DISPLAY 21 2 6
DISPLAY 24 0 7
POSITION 0 0 8
POSITION 1 10 0
POSITION 2 5 8
POSITION 3 12 9
PLAYER 3
.
END 7
.
