MESSAGE OK
PLAYER 0
LEVEL 4
SIZE 8 8
DISPLAYS 15
MAXTICK 20
.
TICK 0
FIELDS 9 12 9 8 5 1 15 2 10 9 10 5 5 10 7 11 5 5 3 9 10 12 12 10 6 14 10 14 15 10 4 5 13 10 5 13 1 13 3 13 9 12 1 11 5 15 4 5 5 3 10 12 3 5 8 14 4 13 14 4 13 9 8 14
DISPLAY 0 6 4
DISPLAY 1 6 6
DISPLAY 2 4 4
DISPLAY 3 3 0
DISPLAY 4 1 1
DISPLAY 5 6 3
DISPLAY 6 2 2
DISPLAY 7 0 6
DISPLAY 8 4 7
DISPLAY 9 5 5
DISPLAY 10 6 1
DISPLAY 11 3 5
DISPLAY 12 6 5
DISPLAY 13 3 3
DISPLAY 14 1 4
POSITION 0 3 2
POSITION 1 6 0
POSITION 2 5 1
POSITION 3 0 4
PLAYER 0
MESSAGE OK
TARGET 11
EXTRAFIELD 15
.
TICK 0
FIELDS 9 12 9 15 5 1 15 2 10 9 10 8 5 10 7 11 5 5 3 5 10 12 12 10 6 14 10 9 15 10 4 5 13 10 5 14 1 13 3 13 9 12 1 13 5 15 4 5 5 3 10 11 3 5 8 14 4 13 14 12 13 9 8 14
DISPLAY 0 6 4
DISPLAY 1 6 6
DISPLAY 2 4 4
DISPLAY 3 3 1
DISPLAY 4 1 1
DISPLAY 5 6 3
DISPLAY 6 2 2
DISPLAY 7 0 6
DISPLAY 8 4 7
DISPLAY 9 5 5
DISPLAY 10 6 1
DISPLAY 11 3 6
DISPLAY 12 6 5
DISPLAY 13 3 4
DISPLAY 14 1 4
POSITION 0 4 4
POSITION 1 6 0
POSITION 2 5 1
POSITION 3 0 4
PLAYER 1
.
TICK 0
FIELDS 9 12 9 15 5 1 15 2 15 10 9 10 8 5 10 7 5 5 3 5 10 12 12 10 6 14 10 9 15 10 4 5 13 10 5 14 1 13 3 13 9 12 1 13 5 15 4 5 5 3 10 11 3 5 8 14 4 13 14 12 13 9 8 14
DISPLAY 0 6 4
DISPLAY 1 6 6
DISPLAY 2 4 4
DISPLAY 3 4 1
DISPLAY 4 2 1
DISPLAY 5 6 3
DISPLAY 6 2 2
DISPLAY 7 0 6
DISPLAY 8 4 7
DISPLAY 9 5 5
DISPLAY 10 7 1
DISPLAY 11 3 6
DISPLAY 12 6 5
DISPLAY 13 3 4
DISPLAY 14 1 4
POSITION 0 4 4
POSITION 1 6 0
POSITION 2 6 1
POSITION 3 0 4
PLAYER 2
.
TICK 0
FIELDS 15 12 9 15 5 1 15 2 9 10 9 10 8 5 10 7 15 5 3 5 10 12 12 10 5 14 10 9 15 10 4 5 6 10 5 14 1 13 3 13 13 12 1 13 5 15 4 5 9 3 10 11 3 5 8 14 5 13 14 12 13 9 8 14
DISPLAY 0 6 4
DISPLAY 1 6 6
DISPLAY 2 4 4
DISPLAY 3 4 1
DISPLAY 4 2 1
DISPLAY 5 6 3
DISPLAY 6 2 2
DISPLAY 7 0 7
DISPLAY 8 4 7
DISPLAY 9 5 5
DISPLAY 11 3 6
DISPLAY 12 6 5
DISPLAY 13 3 4
DISPLAY 14 1 4
POSITION 0 4 4
POSITION 1 6 0
POSITION 2 7 1
POSITION 3 0 5
PLAYER 3
.
TICK 1
FIELDS 12 9 15 5 1 15 2 15 9 10 9 10 8 5 10 7 15 5 3 5 10 12 12 10 5 14 10 9 15 10 4 5 6 10 5 14 1 13 3 13 13 12 1 13 5 15 4 5 9 3 10 11 3 5 8 14 5 13 14 12 13 9 8 14
DISPLAY 0 6 4
DISPLAY 1 6 6
DISPLAY 2 4 4
DISPLAY 3 4 1
DISPLAY 4 2 1
DISPLAY 5 6 3
DISPLAY 6 2 2
DISPLAY 7 0 7
DISPLAY 8 4 7
DISPLAY 9 5 5
DISPLAY 11 3 6
DISPLAY 12 6 5
DISPLAY 13 3 4
DISPLAY 14 1 4
POSITION 0 4 4
POSITION 1 5 0
POSITION 2 7 1
POSITION 3 0 5
PLAYER 0
MESSAGE OK
TARGET 11
EXTRAFIELD 4
.
TICK 1
FIELDS 12 9 15 5 4 15 2 15 9 10 9 10 1 5 10 7 15 5 3 5 8 12 12 10 5 14 10 9 10 10 4 5 6 10 5 14 15 13 3 13 13 12 1 13 1 15 4 5 9 3 10 11 5 5 8 14 5 13 14 12 3 9 8 14
DISPLAY 0 6 4
DISPLAY 1 6 6
DISPLAY 2 4 5
DISPLAY 3 4 2
DISPLAY 4 2 1
DISPLAY 5 6 3
DISPLAY 6 2 2
DISPLAY 7 0 7
DISPLAY 8 4 0
DISPLAY 9 5 5
DISPLAY 12 6 5
DISPLAY 13 3 4
DISPLAY 14 1 4
POSITION 0 3 6
POSITION 1 5 0
POSITION 2 7 1
POSITION 3 0 5
PLAYER 1
.
TICK 1
FIELDS 9 9 15 5 4 15 2 15 15 10 9 10 1 5 10 7 5 5 3 5 8 12 12 10 6 14 10 9 10 10 4 5 13 10 5 14 15 13 3 13 9 12 1 13 1 15 4 5 5 3 10 11 5 5 8 14 11 13 14 12 3 9 8 14
DISPLAY 0 6 4
DISPLAY 1 6 6
DISPLAY 2 4 5
DISPLAY 3 4 2
DISPLAY 4 2 1
DISPLAY 5 6 3
DISPLAY 6 2 2
DISPLAY 7 0 6
DISPLAY 8 4 0
DISPLAY 9 5 5
DISPLAY 12 6 5
DISPLAY 13 3 4
DISPLAY 14 1 4
POSITION 0 3 6
POSITION 1 5 0
POSITION 2 7 1
POSITION 3 0 4
PLAYER 2
.
TICK 1
FIELDS 9 9 15 5 4 15 2 4 15 10 9 10 1 5 10 15 5 5 3 5 8 12 12 7 6 14 10 9 10 10 4 10 13 10 5 14 15 13 3 5 9 12 1 13 1 15 4 13 5 3 10 11 5 5 8 5 11 13 14 12 3 9 8 14
DISPLAY 0 6 4
DISPLAY 1 6 6
DISPLAY 2 4 5
DISPLAY 3 4 2
DISPLAY 4 2 1
DISPLAY 5 6 3
DISPLAY 6 2 2
DISPLAY 7 0 6
DISPLAY 8 4 0
DISPLAY 9 5 5
DISPLAY 12 6 5
DISPLAY 13 3 4
DISPLAY 14 1 4
POSITION 0 3 6
POSITION 1 5 0
POSITION 2 6 2
POSITION 3 0 4
PLAYER 3
.
TICK 2
FIELDS 15 9 9 15 5 4 15 2 15 10 9 10 1 5 10 15 5 5 3 5 8 12 12 7 6 14 10 9 10 10 4 10 13 10 5 14 15 13 3 5 9 12 1 13 1 15 4 13 5 3 10 11 5 5 8 5 11 13 14 12 3 9 8 14
DISPLAY 0 6 4
DISPLAY 1 6 6
DISPLAY 2 4 5
DISPLAY 3 4 2
DISPLAY 4 2 1
DISPLAY 5 6 3
DISPLAY 6 2 2
DISPLAY 7 0 6
DISPLAY 8 5 0
DISPLAY 9 5 5
DISPLAY 12 6 5
DISPLAY 13 3 4
DISPLAY 14 1 4
POSITION 0 3 6
POSITION 1 6 0
POSITION 2 6 2
POSITION 3 0 4
PLAYER 0
MESSAGE OK
TARGET 5
EXTRAFIELD 13
.
TICK 2
FIELDS 15 9 9 15 13 4 15 2 15 10 9 10 5 5 10 15 5 5 3 5 1 12 12 7 6 14 10 9 8 10 4 10 13 10 5 14 10 13 3 5 9 12 1 13 15 15 4 13 5 3 10 11 1 5 8 5 11 13 14 12 5 9 8 14
DISPLAY 0 6 4
DISPLAY 1 6 6
DISPLAY 2 4 6
DISPLAY 3 4 3
DISPLAY 4 2 1
DISPLAY 6 2 2
DISPLAY 7 0 6
DISPLAY 8 5 0
DISPLAY 9 5 5
DISPLAY 12 6 5
DISPLAY 13 3 4
DISPLAY 14 1 4
POSITION 0 6 3
POSITION 1 6 0
POSITION 2 6 2
POSITION 3 0 4
PLAYER 1
.
TICK 2
FIELDS 15 9 9 12 13 4 15 2 15 10 9 15 5 5 10 15 5 5 3 10 1 12 12 7 6 14 10 5 8 10 4 10 13 10 5 9 10 13 3 5 9 12 1 14 15 15 4 13 5 3 10 13 1 5 8 5 11 13 14 11 5 9 8 14
DISPLAY 0 6 4
DISPLAY 1 6 6
DISPLAY 2 4 6
DISPLAY 3 4 3
DISPLAY 4 2 1
DISPLAY 6 2 2
DISPLAY 7 0 6
DISPLAY 8 5 0
DISPLAY 9 5 5
DISPLAY 12 6 5
DISPLAY 13 3 5
DISPLAY 14 1 4
POSITION 0 6 3
POSITION 1 6 0
POSITION 2 6 2
POSITION 3 0 4
PLAYER 2
.
TICK 2
FIELDS 14 9 9 12 13 4 15 2 15 10 9 15 5 5 10 15 15 5 3 10 1 12 12 7 5 14 10 5 8 10 4 10 6 10 5 9 10 13 3 5 13 12 1 14 15 15 4 13 9 3 10 13 1 5 8 5 5 13 14 11 5 9 8 14
DISPLAY 0 6 4
DISPLAY 1 6 6
DISPLAY 2 4 6
DISPLAY 3 4 3
DISPLAY 4 2 1
DISPLAY 6 2 2
DISPLAY 7 0 7
DISPLAY 8 5 0
DISPLAY 9 5 5
DISPLAY 12 6 5
DISPLAY 13 3 5
DISPLAY 14 1 4
POSITION 0 6 3
POSITION 1 6 0
POSITION 2 6 2
POSITION 3 0 5
PLAYER 3
.
TICK 3
FIELDS 9 9 12 13 4 15 2 4 15 10 9 15 5 5 10 15 15 5 3 10 1 12 12 7 5 14 10 5 8 10 4 10 6 10 5 9 10 13 3 5 13 12 1 14 15 15 4 13 9 3 10 13 1 5 8 5 5 13 14 11 5 9 8 14
DISPLAY 0 6 4
DISPLAY 1 6 6
DISPLAY 2 4 6
DISPLAY 3 4 3
DISPLAY 4 2 1
DISPLAY 6 2 2
DISPLAY 7 0 7
DISPLAY 8 4 0
DISPLAY 9 5 5
DISPLAY 12 6 5
DISPLAY 13 3 5
DISPLAY 14 1 4
POSITION 0 6 3
POSITION 1 5 0
POSITION 2 6 2
POSITION 3 0 5
PLAYER 0
MESSAGE OK
TARGET 6
EXTRAFIELD 3
.
TICK 3
FIELDS 12 9 9 12 13 4 15 2 15 10 9 15 5 5 10 15 15 5 3 10 1 12 12 7 5 14 10 5 8 10 4 10 6 10 5 9 10 13 3 5 13 12 1 14 15 15 4 13 9 3 10 13 1 5 8 5 5 13 14 11 5 9 8 14
DISPLAY 0 6 4
DISPLAY 1 6 6
DISPLAY 2 4 6
DISPLAY 3 4 3
DISPLAY 4 2 1
DISPLAY 6 2 2
DISPLAY 7 0 7
DISPLAY 8 5 0
DISPLAY 9 5 5
DISPLAY 12 6 5
DISPLAY 13 3 5
DISPLAY 14 1 4
POSITION 0 1 7
POSITION 1 6 0
POSITION 2 6 2
POSITION 3 0 5
PLAYER 1
.
TICK 3
FIELDS 12 9 9 12 13 4 15 2 15 10 9 15 5 5 10 15 15 5 3 10 1 12 12 7 5 14 10 5 8 10 4 10 12 6 10 5 9 10 13 3 13 12 1 14 15 15 4 13 9 3 10 13 1 5 8 5 5 13 14 11 5 9 8 14
DISPLAY 0 7 4
DISPLAY 1 6 6
DISPLAY 2 4 6
DISPLAY 3 4 3
DISPLAY 4 2 1
DISPLAY 6 2 2
DISPLAY 7 0 7
DISPLAY 8 5 0
DISPLAY 9 5 5
DISPLAY 12 6 5
DISPLAY 13 3 5
DISPLAY 14 2 4
POSITION 0 1 7
POSITION 1 6 0
POSITION 2 6 2
POSITION 3 0 5
PLAYER 2
.
TICK 3
FIELDS 12 9 9 12 13 4 15 2 15 10 9 15 5 5 10 15 15 5 3 10 1 12 12 7 14 10 5 8 10 4 10 11 12 6 10 5 9 10 13 3 13 12 1 14 15 15 4 13 9 3 10 13 1 5 8 5 5 13 14 11 5 9 8 14
DISPLAY 0 7 4
DISPLAY 1 6 6
DISPLAY 2 4 6
DISPLAY 3 3 3
DISPLAY 4 2 1
DISPLAY 6 2 2
DISPLAY 7 0 7
DISPLAY 8 5 0
DISPLAY 9 5 5
DISPLAY 12 6 5
DISPLAY 13 3 5
DISPLAY 14 2 4
POSITION 0 1 7
POSITION 1 6 0
POSITION 2 6 3
POSITION 3 0 5
PLAYER 3
.
TICK 4
FIELDS 14 12 9 9 12 13 4 15 15 10 9 15 5 5 10 15 15 5 3 10 1 12 12 7 14 10 5 8 10 4 10 11 12 6 10 5 9 10 13 3 13 12 1 14 15 15 4 13 9 3 10 13 1 5 8 5 5 13 14 11 5 9 8 14
DISPLAY 0 7 4
DISPLAY 1 6 6
DISPLAY 2 4 6
DISPLAY 3 3 3
DISPLAY 4 2 1
DISPLAY 6 2 2
DISPLAY 7 0 7
DISPLAY 8 6 0
DISPLAY 9 5 5
DISPLAY 12 6 5
DISPLAY 13 3 5
DISPLAY 14 2 4
POSITION 0 1 7
POSITION 1 7 0
POSITION 2 6 3
POSITION 3 0 5
PLAYER 0
MESSAGE OK
TARGET 6
EXTRAFIELD 4
.
TICK 4
FIELDS 14 2 9 9 12 13 4 15 15 12 9 15 5 5 10 15 15 10 3 10 1 12 12 7 14 5 5 8 10 4 10 11 12 10 10 5 9 10 13 3 13 6 1 14 15 15 4 13 9 12 10 13 1 5 8 5 5 3 14 11 5 9 8 14
DISPLAY 0 7 4
DISPLAY 1 6 6
DISPLAY 2 4 6
DISPLAY 3 3 3
DISPLAY 4 2 1
DISPLAY 7 0 7
DISPLAY 8 6 0
DISPLAY 9 5 5
DISPLAY 12 6 5
DISPLAY 13 3 5
DISPLAY 14 2 4
POSITION 0 2 2
POSITION 1 7 0
POSITION 2 6 3
POSITION 3 0 5
PLAYER 1
.
TICK 4
FIELDS 14 2 9 9 12 5 4 15 15 12 9 15 5 13 10 15 15 10 3 10 1 5 12 7 14 5 5 8 10 12 10 11 12 10 10 5 9 4 13 3 13 6 1 14 15 10 4 13 9 12 10 13 1 15 8 5 5 3 14 11 5 5 8 14
DISPLAY 0 7 4
DISPLAY 1 6 6
DISPLAY 2 4 6
DISPLAY 3 3 3
DISPLAY 4 2 1
DISPLAY 7 0 7
DISPLAY 8 6 0
DISPLAY 9 5 6
DISPLAY 12 6 5
DISPLAY 13 3 5
DISPLAY 14 2 4
POSITION 0 2 2
POSITION 1 7 0
POSITION 2 6 3
POSITION 3 0 5
PLAYER 2
.
TICK 4
FIELDS 14 2 9 9 12 5 4 5 15 12 9 15 5 13 10 15 15 10 3 10 1 5 12 15 14 5 5 8 10 12 10 7 12 10 10 5 9 4 13 11 13 6 1 14 15 10 4 3 9 12 10 13 1 15 8 13 5 3 14 11 5 5 8 5
DISPLAY 0 7 5
DISPLAY 1 6 6
DISPLAY 2 4 6
DISPLAY 3 3 3
DISPLAY 4 2 1
DISPLAY 7 0 7
DISPLAY 8 6 0
DISPLAY 9 5 6
DISPLAY 12 6 5
DISPLAY 13 3 5
DISPLAY 14 2 4
POSITION 0 2 2
POSITION 1 7 1
POSITION 2 6 4
POSITION 3 0 5
PLAYER 3
.
TICK 5
FIELDS 2 9 9 12 5 4 5 2 15 12 9 15 5 13 10 15 15 10 3 10 1 5 12 15 14 5 5 8 10 12 10 7 12 10 10 5 9 4 13 11 13 6 1 14 15 10 4 3 9 12 10 13 1 15 8 13 5 3 14 11 5 5 8 5
DISPLAY 0 7 5
DISPLAY 1 6 6
DISPLAY 2 4 6
DISPLAY 3 3 3
DISPLAY 4 2 1
DISPLAY 7 0 7
DISPLAY 8 5 0
DISPLAY 9 5 6
DISPLAY 12 6 5
DISPLAY 13 3 5
DISPLAY 14 2 4
POSITION 0 2 2
POSITION 1 7 1
POSITION 2 6 4
POSITION 3 0 5
PLAYER 0
MESSAGE OK
TARGET 3
EXTRAFIELD 13
.
TICK 5
FIELDS 2 9 13 12 5 4 5 2 15 12 9 15 5 13 10 15 15 10 9 10 1 5 12 15 14 5 3 8 10 12 10 7 12 10 5 5 9 4 13 11 13 6 10 14 15 10 4 3 9 12 1 13 1 15 8 13 5 3 10 11 5 5 8 5
DISPLAY 0 7 5
DISPLAY 1 6 6
DISPLAY 2 4 6
DISPLAY 3 3 3
DISPLAY 4 2 2
DISPLAY 7 0 7
DISPLAY 8 5 0
DISPLAY 9 5 6
DISPLAY 12 6 5
DISPLAY 13 3 5
DISPLAY 14 2 5
POSITION 0 2 3
POSITION 1 7 1
POSITION 2 6 4
POSITION 3 0 5
PLAYER 1
.
TICK 5
FIELDS 2 9 9 12 5 4 5 2 15 12 13 15 5 13 10 15 15 10 9 10 1 5 12 15 14 5 9 8 10 12 10 7 12 10 3 5 9 4 13 11 13 6 5 14 15 10 4 3 9 12 10 13 1 15 8 13 5 3 1 11 5 5 8 5
DISPLAY 0 7 5
DISPLAY 1 6 6
DISPLAY 2 4 6
DISPLAY 3 3 3
DISPLAY 4 2 3
DISPLAY 7 0 7
DISPLAY 8 5 0
DISPLAY 9 5 6
DISPLAY 12 6 5
DISPLAY 13 3 5
DISPLAY 14 2 6
POSITION 0 2 4
POSITION 1 7 1
POSITION 2 6 4
POSITION 3 0 5
PLAYER 2
.
TICK 5
FIELDS 2 9 9 12 5 4 5 2 15 12 13 15 5 13 10 15 15 10 9 10 1 5 12 15 14 5 9 8 10 12 10 7 12 10 3 5 9 4 13 11 6 5 14 15 10 4 3 14 9 12 10 13 1 15 8 13 5 3 1 11 5 5 8 5
DISPLAY 0 6 5
DISPLAY 1 6 6
DISPLAY 2 4 6
DISPLAY 3 3 3
DISPLAY 4 2 3
DISPLAY 7 0 7
DISPLAY 8 5 0
DISPLAY 9 5 6
DISPLAY 12 5 5
DISPLAY 13 2 5
DISPLAY 14 2 6
POSITION 0 2 4
POSITION 1 7 1
POSITION 2 6 5
POSITION 3 7 5
PLAYER 3
.
TICK 6
FIELDS 9 9 12 5 4 5 2 14 15 12 13 15 5 13 10 15 15 10 9 10 1 5 12 15 14 5 9 8 10 12 10 7 12 10 3 5 9 4 13 11 6 5 14 15 10 4 3 14 9 12 10 13 1 15 8 13 5 3 1 11 5 5 8 5
DISPLAY 0 6 5
DISPLAY 1 6 6
DISPLAY 2 4 6
DISPLAY 3 3 3
DISPLAY 4 2 3
DISPLAY 7 0 7
DISPLAY 8 4 0
DISPLAY 9 5 6
DISPLAY 12 5 5
DISPLAY 13 2 5
DISPLAY 14 2 6
POSITION 0 2 4
POSITION 1 7 1
POSITION 2 6 5
POSITION 3 7 5
PLAYER 0
MESSAGE OK
TARGET 3
EXTRAFIELD 14
.
TICK 6
FIELDS 9 9 13 5 4 5 2 14 15 12 9 15 5 13 10 15 15 10 9 10 1 5 12 15 14 5 3 8 10 12 10 7 12 10 14 5 9 4 13 11 6 5 10 15 10 4 3 14 9 12 1 13 1 15 8 13 5 3 14 11 5 5 8 5
DISPLAY 0 6 5
DISPLAY 1 6 6
DISPLAY 2 4 6
DISPLAY 3 3 3
DISPLAY 4 2 2
DISPLAY 7 0 7
DISPLAY 8 4 0
DISPLAY 9 5 6
DISPLAY 12 5 5
DISPLAY 13 2 4
DISPLAY 14 2 5
POSITION 0 2 3
POSITION 1 7 1
POSITION 2 6 5
POSITION 3 7 5
PLAYER 1
.
TICK 6
FIELDS 9 9 13 5 4 5 10 14 15 12 9 15 5 13 2 15 15 10 9 10 1 5 10 15 14 5 3 8 10 12 12 7 12 10 14 5 9 4 10 11 6 5 10 15 10 4 13 14 9 12 1 13 1 15 3 13 5 3 14 11 5 5 8 5
DISPLAY 0 6 6
DISPLAY 1 6 7
DISPLAY 2 4 6
DISPLAY 3 3 3
DISPLAY 4 2 2
DISPLAY 7 0 7
DISPLAY 8 4 0
DISPLAY 9 5 6
DISPLAY 12 5 5
DISPLAY 13 2 4
DISPLAY 14 2 5
POSITION 0 2 3
POSITION 1 7 1
POSITION 2 6 6
POSITION 3 7 5
PLAYER 2
.
TICK 6
FIELDS 13 9 13 5 4 5 10 14 9 12 9 15 5 13 2 15 15 10 9 10 1 5 10 15 15 5 3 8 10 12 12 7 14 10 14 5 9 4 10 11 12 5 10 15 10 4 13 14 6 12 1 13 1 15 3 13 9 3 14 11 5 5 8 5
DISPLAY 0 6 6
DISPLAY 1 6 7
DISPLAY 2 4 6
DISPLAY 3 3 3
DISPLAY 4 2 2
DISPLAY 7 0 0
DISPLAY 8 4 0
DISPLAY 9 5 6
DISPLAY 12 5 5
DISPLAY 13 2 4
DISPLAY 14 2 5
POSITION 0 2 3
POSITION 1 7 1
POSITION 2 5 7
POSITION 3 7 5
PLAYER 3
.
TICK 7
FIELDS 2 13 9 13 5 4 5 10 9 12 9 15 5 13 2 15 15 10 9 10 1 5 10 15 15 5 3 8 10 12 12 7 14 10 14 5 9 4 10 11 12 5 10 15 10 4 13 14 6 12 1 13 1 15 3 13 9 3 14 11 5 5 8 5
DISPLAY 0 6 6
DISPLAY 1 6 7
DISPLAY 2 4 6
DISPLAY 3 3 3
DISPLAY 4 2 2
DISPLAY 7 1 0
DISPLAY 8 5 0
DISPLAY 9 5 6
DISPLAY 12 5 5
DISPLAY 13 2 4
DISPLAY 14 2 5
POSITION 0 2 3
POSITION 1 7 1
POSITION 2 5 7
POSITION 3 7 5
PLAYER 0
MESSAGE OK
TARGET 3
EXTRAFIELD 12
.
TICK 7
FIELDS 2 13 9 13 5 4 5 10 9 12 9 15 5 13 2 15 15 10 9 10 1 5 10 15 5 3 8 10 12 12 7 12 14 10 14 5 9 4 10 11 12 5 10 15 10 4 13 14 6 12 1 13 1 15 3 13 9 3 14 11 5 5 8 5
DISPLAY 0 6 6
DISPLAY 1 6 7
DISPLAY 2 4 6
DISPLAY 3 2 3
DISPLAY 4 2 2
DISPLAY 7 1 0
DISPLAY 8 5 0
DISPLAY 9 5 6
DISPLAY 12 5 5
DISPLAY 13 2 4
DISPLAY 14 2 5
POSITION 0 1 3
POSITION 1 7 1
POSITION 2 5 7
POSITION 3 7 5
PLAYER 1
.
TICK 7
FIELDS 2 13 9 13 5 4 2 10 9 12 9 15 5 13 10 15 15 10 9 10 1 5 7 15 5 3 8 10 12 12 10 12 14 10 14 5 9 4 13 11 12 5 10 15 10 4 3 14 6 12 1 13 1 15 8 13 9 3 14 11 5 5 8 5
DISPLAY 0 6 5
DISPLAY 1 6 6
DISPLAY 2 4 6
DISPLAY 3 2 3
DISPLAY 4 2 2
DISPLAY 7 1 0
DISPLAY 8 5 0
DISPLAY 9 5 6
DISPLAY 12 5 5
DISPLAY 13 2 4
DISPLAY 14 2 5
POSITION 0 1 3
POSITION 1 7 1
POSITION 2 5 7
POSITION 3 7 5
PLAYER 2
.
TICK 7
FIELDS 5 13 9 13 5 4 2 10 2 12 9 15 5 13 10 15 9 10 9 10 1 5 7 15 15 3 8 10 12 12 10 12 5 10 14 5 9 4 13 11 14 5 10 15 10 4 3 14 12 12 1 13 1 15 8 13 6 3 14 11 5 5 8 5
DISPLAY 0 6 5
DISPLAY 1 6 6
DISPLAY 2 4 6
DISPLAY 3 2 3
DISPLAY 4 2 2
DISPLAY 7 1 0
DISPLAY 8 5 0
DISPLAY 9 5 6
DISPLAY 12 5 5
DISPLAY 13 2 4
DISPLAY 14 2 5
POSITION 0 1 3
POSITION 1 7 1
POSITION 2 5 6
POSITION 3 7 5
PLAYER 3
.
TICK 8
FIELDS 13 9 13 5 4 2 10 14 2 12 9 15 5 13 10 15 9 10 9 10 1 5 7 15 15 3 8 10 12 12 10 12 5 10 14 5 9 4 13 11 14 5 10 15 10 4 3 14 12 12 1 13 1 15 8 13 6 3 14 11 5 5 8 5
DISPLAY 0 6 5
DISPLAY 1 6 6
DISPLAY 2 4 6
DISPLAY 3 2 3
DISPLAY 4 2 2
DISPLAY 7 0 0
DISPLAY 8 4 0
DISPLAY 9 5 6
DISPLAY 12 5 5
DISPLAY 13 2 4
DISPLAY 14 2 5
POSITION 0 1 3
POSITION 1 7 1
POSITION 2 5 6
POSITION 3 7 5
PLAYER 0
MESSAGE OK
TARGET 3
EXTRAFIELD 15
.
TICK 8
FIELDS 13 9 13 5 4 2 10 14 2 12 9 15 5 13 10 15 9 10 9 10 1 5 7 15 3 8 10 12 12 10 12 15 5 10 14 5 9 4 13 11 14 5 10 15 10 4 3 14 12 12 1 13 1 15 8 13 6 3 14 11 5 5 8 5
DISPLAY 0 6 5
DISPLAY 1 6 6
DISPLAY 2 4 6
DISPLAY 3 1 3
DISPLAY 4 2 2
DISPLAY 7 0 0
DISPLAY 8 4 0
DISPLAY 9 5 6
DISPLAY 12 5 5
DISPLAY 13 2 4
DISPLAY 14 2 5
POSITION 0 0 3
POSITION 1 7 1
POSITION 2 5 6
POSITION 3 7 5
PLAYER 1
.
TICK 8
FIELDS 13 9 13 5 4 2 10 14 2 12 9 15 5 13 10 15 9 10 9 10 1 5 7 15 3 8 10 12 12 10 12 15 5 10 14 5 9 4 13 11 14 5 10 15 10 4 3 14 12 12 1 13 1 15 8 13 3 14 11 5 5 8 5 5
DISPLAY 0 6 5
DISPLAY 1 6 6
DISPLAY 2 4 6
DISPLAY 3 1 3
DISPLAY 4 2 2
DISPLAY 7 0 0
DISPLAY 8 4 0
DISPLAY 9 5 6
DISPLAY 12 5 5
DISPLAY 13 2 4
DISPLAY 14 2 5
POSITION 0 0 3
POSITION 1 7 1
POSITION 2 5 6
POSITION 3 7 5
PLAYER 2
.
TICK 8
FIELDS 9 9 13 5 4 2 10 14 13 12 9 15 5 13 10 15 2 10 9 10 1 5 7 15 9 8 10 12 12 10 12 15 3 10 14 5 9 4 13 11 5 5 10 15 10 4 3 14 14 12 1 13 1 15 8 13 12 14 11 5 5 8 5 5
DISPLAY 0 6 5
DISPLAY 1 6 6
DISPLAY 2 4 6
DISPLAY 3 1 3
DISPLAY 4 2 2
DISPLAY 7 0 1
DISPLAY 8 4 0
DISPLAY 9 5 6
DISPLAY 12 5 5
DISPLAY 13 2 4
DISPLAY 14 2 5
POSITION 0 0 4
POSITION 1 7 1
POSITION 2 5 6
POSITION 3 7 5
PLAYER 3
.
TICK 9
FIELDS 5 9 9 13 5 4 2 10 13 12 9 15 5 13 10 15 2 10 9 10 1 5 7 15 9 8 10 12 12 10 12 15 3 10 14 5 9 4 13 11 5 5 10 15 10 4 3 14 14 12 1 13 1 15 8 13 12 14 11 5 5 8 5 5
DISPLAY 0 6 5
DISPLAY 1 6 6
DISPLAY 2 4 6
DISPLAY 3 1 3
DISPLAY 4 2 2
DISPLAY 7 0 1
DISPLAY 8 5 0
DISPLAY 9 5 6
DISPLAY 12 5 5
DISPLAY 13 2 4
DISPLAY 14 2 5
POSITION 0 0 4
POSITION 1 7 1
POSITION 2 5 6
POSITION 3 7 5
PLAYER 0
MESSAGE OK
TARGET 3
EXTRAFIELD 15
.
TICK 9
FIELDS 13 9 9 13 5 4 2 10 2 12 9 15 5 13 10 15 9 10 9 10 1 5 7 15 3 8 10 12 12 10 12 15 5 10 14 5 9 4 13 11 14 5 10 15 10 4 3 14 12 12 1 13 1 15 8 13 15 14 11 5 5 8 5 5
DISPLAY 0 6 5
DISPLAY 1 6 6
DISPLAY 2 4 6
DISPLAY 3 1 3
DISPLAY 4 2 2
DISPLAY 7 0 0
DISPLAY 8 5 0
DISPLAY 9 5 6
DISPLAY 12 5 5
DISPLAY 13 2 4
DISPLAY 14 2 5
POSITION 0 0 3
POSITION 1 7 1
POSITION 2 5 6
POSITION 3 7 5
PLAYER 1
.
TICK 9
FIELDS 13 9 9 13 5 4 2 10 2 12 9 15 1 13 10 15 9 10 9 10 12 5 7 15 3 8 10 12 9 10 12 15 5 10 14 5 10 4 13 11 14 5 10 15 1 4 3 14 12 12 1 13 5 15 8 13 15 14 11 5 6 8 5 5
DISPLAY 0 6 5
DISPLAY 1 6 6
DISPLAY 2 4 5
DISPLAY 3 1 3
DISPLAY 4 2 2
DISPLAY 7 0 0
DISPLAY 8 5 0
DISPLAY 9 5 6
DISPLAY 12 5 5
DISPLAY 13 2 4
DISPLAY 14 2 5
POSITION 0 0 3
POSITION 1 7 1
POSITION 2 5 6
POSITION 3 7 5
PLAYER 2
.
TICK 9
FIELDS 3 9 9 13 5 4 2 10 13 12 9 15 1 13 10 15 2 10 9 10 12 5 7 15 9 8 10 12 9 10 12 15 3 10 14 5 10 4 13 11 5 5 10 15 1 4 3 14 14 12 1 13 5 15 8 13 12 14 11 5 6 8 5 5
DISPLAY 0 6 5
DISPLAY 1 6 6
DISPLAY 2 4 5
DISPLAY 3 1 3
DISPLAY 4 2 2
DISPLAY 7 0 1
DISPLAY 8 5 0
DISPLAY 9 5 6
DISPLAY 12 5 5
DISPLAY 13 2 4
DISPLAY 14 2 5
POSITION 0 0 4
POSITION 1 7 1
POSITION 2 5 6
POSITION 3 7 5
PLAYER 3
.
TICK 10
FIELDS 14 3 9 9 13 5 4 2 13 12 9 15 1 13 10 15 2 10 9 10 12 5 7 15 9 8 10 12 9 10 12 15 3 10 14 5 10 4 13 11 5 5 10 15 1 4 3 14 14 12 1 13 5 15 8 13 12 14 11 5 6 8 5 5
DISPLAY 0 6 5
DISPLAY 1 6 6
DISPLAY 2 4 5
DISPLAY 3 1 3
DISPLAY 4 2 2
DISPLAY 7 0 1
DISPLAY 8 6 0
DISPLAY 9 5 6
DISPLAY 12 5 5
DISPLAY 13 2 4
DISPLAY 14 2 5
POSITION 0 0 4
POSITION 1 7 1
POSITION 2 5 6
POSITION 3 7 5
PLAYER 0
MESSAGE OK
TARGET 3
EXTRAFIELD 5
.
TICK 10
FIELDS 13 3 9 9 13 5 4 2 2 12 9 15 1 13 10 15 9 10 9 10 12 5 7 15 3 8 10 12 9 10 12 15 5 10 14 5 10 4 13 11 14 5 10 15 1 4 3 14 12 12 1 13 5 15 8 13 5 14 11 5 6 8 5 5
DISPLAY 0 6 5
DISPLAY 1 6 6
DISPLAY 2 4 5
DISPLAY 3 1 3
DISPLAY 4 2 2
DISPLAY 7 0 0
DISPLAY 8 6 0
DISPLAY 9 5 6
DISPLAY 12 5 5
DISPLAY 13 2 4
DISPLAY 14 2 5
POSITION 0 0 3
POSITION 1 7 1
POSITION 2 5 6
POSITION 3 7 5
PLAYER 1
.
TICK 10
FIELDS 13 3 9 9 13 13 4 2 2 12 9 15 1 5 10 15 9 10 9 10 12 10 7 15 3 8 10 12 9 4 12 15 5 10 14 5 10 4 13 11 14 5 10 15 1 15 3 14 12 12 1 13 5 8 8 13 5 14 11 5 6 5 5 5
DISPLAY 0 6 5
DISPLAY 1 6 6
DISPLAY 2 4 5
DISPLAY 3 1 3
DISPLAY 4 2 2
DISPLAY 7 0 0
DISPLAY 8 6 0
DISPLAY 9 5 5
DISPLAY 12 5 4
DISPLAY 13 2 4
DISPLAY 14 2 5
POSITION 0 0 3
POSITION 1 7 1
POSITION 2 5 5
POSITION 3 7 5
PLAYER 2
.
TICK 10
FIELDS 15 3 9 9 13 13 4 2 13 12 9 15 1 5 10 15 2 10 9 10 12 10 7 15 9 8 10 12 9 4 12 15 3 10 14 5 10 4 13 11 5 5 10 15 1 15 3 14 14 12 1 13 5 8 8 13 12 14 11 5 6 5 5 5
DISPLAY 0 6 5
DISPLAY 1 6 6
DISPLAY 2 4 5
DISPLAY 3 1 3
DISPLAY 4 2 2
DISPLAY 7 0 1
DISPLAY 8 6 0
DISPLAY 9 5 5
DISPLAY 12 5 4
DISPLAY 13 2 4
DISPLAY 14 2 5
POSITION 0 0 4
POSITION 1 7 1
POSITION 2 6 5
POSITION 3 7 5
PLAYER 3
.
TICK 11
FIELDS 3 9 9 13 13 4 2 10 13 12 9 15 1 5 10 15 2 10 9 10 12 10 7 15 9 8 10 12 9 4 12 15 3 10 14 5 10 4 13 11 5 5 10 15 1 15 3 14 14 12 1 13 5 8 8 13 12 14 11 5 6 5 5 5
DISPLAY 0 6 5
DISPLAY 1 6 6
DISPLAY 2 4 5
DISPLAY 3 1 3
DISPLAY 4 2 2
DISPLAY 7 0 1
DISPLAY 8 5 0
DISPLAY 9 5 5
DISPLAY 12 5 4
DISPLAY 13 2 4
DISPLAY 14 2 5
POSITION 0 0 4
POSITION 1 7 1
POSITION 2 6 5
POSITION 3 7 5
PLAYER 0
MESSAGE OK
TARGET 3
EXTRAFIELD 14
.
TICK 11
FIELDS 13 9 9 13 13 4 2 10 2 12 9 15 1 5 10 15 9 10 9 10 12 10 7 15 3 8 10 12 9 4 12 15 5 10 14 5 10 4 13 11 14 5 10 15 1 15 3 14 12 12 1 13 5 8 8 13 14 14 11 5 6 5 5 5
DISPLAY 0 6 5
DISPLAY 1 6 6
DISPLAY 2 4 5
DISPLAY 3 1 3
DISPLAY 4 2 2
DISPLAY 7 0 0
DISPLAY 8 5 0
DISPLAY 9 5 5
DISPLAY 12 5 4
DISPLAY 13 2 4
DISPLAY 14 2 5
POSITION 0 0 3
POSITION 1 7 1
POSITION 2 6 5
POSITION 3 7 5
PLAYER 1
.
TICK 11
FIELDS 13 9 9 13 13 4 2 10 5 2 12 9 15 1 5 10 9 10 9 10 12 10 7 15 3 8 10 12 9 4 12 15 5 10 14 5 10 4 13 11 14 5 10 15 1 15 3 14 12 12 1 13 5 8 8 13 14 14 11 5 6 5 5 5
DISPLAY 0 6 5
DISPLAY 1 6 6
DISPLAY 2 4 5
DISPLAY 3 1 3
DISPLAY 4 2 2
DISPLAY 7 0 0
DISPLAY 8 5 0
DISPLAY 9 5 5
DISPLAY 12 5 4
DISPLAY 13 2 4
DISPLAY 14 2 5
POSITION 0 0 3
POSITION 1 0 1
POSITION 2 6 5
POSITION 3 7 5
PLAYER 2
.
TICK 11
FIELDS 5 9 9 13 13 4 2 10 13 2 12 9 15 1 5 10 5 10 9 10 12 10 7 15 9 8 10 12 9 4 12 15 3 10 14 5 10 4 13 11 5 5 10 15 1 15 3 14 14 12 1 13 5 8 8 13 12 14 11 5 6 5 5 5
DISPLAY 0 6 5
DISPLAY 1 6 6
DISPLAY 2 4 5
DISPLAY 3 1 3
DISPLAY 4 2 2
DISPLAY 7 0 1
DISPLAY 8 5 0
DISPLAY 9 5 5
DISPLAY 12 5 4
DISPLAY 13 2 4
DISPLAY 14 2 5
POSITION 0 0 4
POSITION 1 0 2
POSITION 2 6 5
POSITION 3 7 5
PLAYER 3
.
TICK 12
FIELDS 9 9 13 13 4 2 10 15 13 2 12 9 15 1 5 10 5 10 9 10 12 10 7 15 9 8 10 12 9 4 12 15 3 10 14 5 10 4 13 11 5 5 10 15 1 15 3 14 14 12 1 13 5 8 8 13 12 14 11 5 6 5 5 5
DISPLAY 0 6 5
DISPLAY 1 6 6
DISPLAY 2 4 5
DISPLAY 3 1 3
DISPLAY 4 2 2
DISPLAY 7 0 1
DISPLAY 8 4 0
DISPLAY 9 5 5
DISPLAY 12 5 4
DISPLAY 13 2 4
DISPLAY 14 2 5
POSITION 0 0 4
POSITION 1 0 2
POSITION 2 6 5
POSITION 3 7 5
PLAYER 0
MESSAGE OK
TARGET 3
EXTRAFIELD 3
.
TICK 12
FIELDS 13 9 13 13 4 2 10 15 5 2 12 9 15 1 5 10 9 10 9 10 12 10 7 15 3 8 10 12 9 4 12 15 5 10 14 5 10 4 13 11 14 5 10 15 1 15 3 14 12 12 1 13 5 8 8 13 3 14 11 5 6 5 5 5
DISPLAY 0 6 5
DISPLAY 1 6 6
DISPLAY 2 4 5
DISPLAY 3 1 3
DISPLAY 4 2 2
DISPLAY 7 0 0
DISPLAY 8 4 0
DISPLAY 9 5 5
DISPLAY 12 5 4
DISPLAY 13 2 4
DISPLAY 14 2 5
POSITION 0 0 3
POSITION 1 0 1
POSITION 2 6 5
POSITION 3 7 5
PLAYER 1
.
TICK 12
FIELDS 13 9 13 15 4 2 10 15 5 2 12 13 15 1 5 10 9 10 9 9 12 10 7 15 3 8 10 10 9 4 12 15 5 10 14 12 10 4 13 11 14 5 10 5 1 15 3 14 12 12 1 15 5 8 8 13 3 14 11 13 6 5 5 5
DISPLAY 0 6 5
DISPLAY 1 6 6
DISPLAY 2 4 5
DISPLAY 3 1 3
DISPLAY 4 2 2
DISPLAY 7 0 0
DISPLAY 8 4 0
DISPLAY 9 5 5
DISPLAY 12 5 4
DISPLAY 13 2 4
DISPLAY 14 2 5
POSITION 0 0 3
POSITION 1 0 1
POSITION 2 6 5
POSITION 3 7 5
PLAYER 2
.
TICK 12
FIELDS 14 9 13 15 4 2 10 15 13 2 12 13 15 1 5 10 5 10 9 9 12 10 7 15 9 8 10 10 9 4 12 15 3 10 14 12 10 4 13 11 5 5 10 5 1 15 3 14 14 12 1 15 5 8 8 13 12 14 11 13 6 5 5 5
DISPLAY 0 6 5
DISPLAY 1 6 6
DISPLAY 2 4 5
DISPLAY 3 1 3
DISPLAY 4 2 2
DISPLAY 7 0 1
DISPLAY 8 4 0
DISPLAY 9 5 5
DISPLAY 12 5 4
DISPLAY 13 2 4
DISPLAY 14 2 5
POSITION 0 0 4
POSITION 1 0 2
POSITION 2 6 5
POSITION 3 7 5
PLAYER 3
.
TICK 13
FIELDS 9 13 15 4 2 10 15 5 13 2 12 13 15 1 5 10 5 10 9 9 12 10 7 15 9 8 10 10 9 4 12 15 3 10 14 12 10 4 13 11 5 5 10 5 1 15 3 14 14 12 1 15 5 8 8 13 12 14 11 13 6 5 5 5
DISPLAY 0 6 5
DISPLAY 1 6 6
DISPLAY 2 4 5
DISPLAY 3 1 3
DISPLAY 4 2 2
DISPLAY 7 0 1
DISPLAY 8 3 0
DISPLAY 9 5 5
DISPLAY 12 5 4
DISPLAY 13 2 4
DISPLAY 14 2 5
POSITION 0 0 4
POSITION 1 0 2
POSITION 2 6 5
POSITION 3 7 5
PLAYER 0
MESSAGE OK
TARGET 3
EXTRAFIELD 9
.
TICK 13
FIELDS 13 13 15 4 2 10 15 5 5 2 12 13 15 1 5 10 9 10 9 9 12 10 7 15 3 8 10 10 9 4 12 15 5 10 14 12 10 4 13 11 14 5 10 5 1 15 3 14 12 12 1 15 5 8 8 13 9 14 11 13 6 5 5 5
DISPLAY 0 6 5
DISPLAY 1 6 6
DISPLAY 2 4 5
DISPLAY 3 1 3
DISPLAY 4 2 2
DISPLAY 7 0 0
DISPLAY 8 3 0
DISPLAY 9 5 5
DISPLAY 12 5 4
DISPLAY 13 2 4
DISPLAY 14 2 5
POSITION 0 0 3
POSITION 1 0 1
POSITION 2 6 5
POSITION 3 7 5
PLAYER 1
.
TICK 13
FIELDS 13 13 15 4 2 10 15 5 5 2 12 13 15 1 5 10 9 10 9 9 12 10 7 15 3 8 10 10 9 4 12 15 5 10 14 12 10 4 13 11 5 14 5 10 5 1 15 3 12 12 1 15 5 8 8 13 9 14 11 13 6 5 5 5
DISPLAY 0 7 5
DISPLAY 1 6 6
DISPLAY 2 5 5
DISPLAY 3 1 3
DISPLAY 4 2 2
DISPLAY 7 0 0
DISPLAY 8 3 0
DISPLAY 9 6 5
DISPLAY 12 5 4
DISPLAY 13 2 4
DISPLAY 14 3 5
POSITION 0 0 3
POSITION 1 0 1
POSITION 2 7 5
POSITION 3 0 5
PLAYER 2
.
TICK 13
FIELDS 13 13 15 4 2 10 15 3 5 2 12 13 15 1 5 5 9 10 9 9 12 10 7 10 3 8 10 10 9 4 12 15 5 10 14 12 10 4 13 15 5 14 5 10 5 1 15 11 12 12 1 15 5 8 8 3 9 14 11 13 6 5 5 13
DISPLAY 0 7 6
DISPLAY 2 5 5
DISPLAY 3 1 3
DISPLAY 4 2 2
DISPLAY 7 0 0
DISPLAY 8 3 0
DISPLAY 9 6 5
DISPLAY 12 5 4
DISPLAY 13 2 4
DISPLAY 14 3 5
POSITION 0 0 3
POSITION 1 0 1
POSITION 2 6 6
POSITION 3 0 5
PLAYER 3
.
TICK 14
FIELDS 14 13 13 15 4 2 10 15 5 2 12 13 15 1 5 5 9 10 9 9 12 10 7 10 3 8 10 10 9 4 12 15 5 10 14 12 10 4 13 15 5 14 5 10 5 1 15 11 12 12 1 15 5 8 8 3 9 14 11 13 6 5 5 13
DISPLAY 0 7 6
DISPLAY 2 5 5
DISPLAY 3 1 3
DISPLAY 4 2 2
DISPLAY 7 1 0
DISPLAY 8 4 0
DISPLAY 9 6 5
DISPLAY 12 5 4
DISPLAY 13 2 4
DISPLAY 14 3 5
POSITION 0 0 3
POSITION 1 0 1
POSITION 2 6 6
POSITION 3 0 5
PLAYER 0
MESSAGE OK
TARGET 3
EXTRAFIELD 9
.
TICK 14
FIELDS 14 13 13 15 4 2 10 15 5 2 12 13 15 1 5 5 9 10 9 9 12 10 7 10 8 10 10 9 4 12 15 9 5 10 14 12 10 4 13 15 5 14 5 10 5 1 15 11 12 12 1 15 5 8 8 3 9 14 11 13 6 5 5 13
DISPLAY 0 7 6
DISPLAY 2 5 5
DISPLAY 3 0 3
DISPLAY 4 2 2
DISPLAY 7 1 0
DISPLAY 8 4 0
DISPLAY 9 6 5
DISPLAY 12 5 4
DISPLAY 13 2 4
DISPLAY 14 3 5
POSITION 0 7 3
POSITION 1 0 1
POSITION 2 6 6
POSITION 3 0 5
PLAYER 1
.
TICK 14
FIELDS 14 13 13 15 4 2 10 15 5 2 12 13 15 1 5 5 9 10 9 9 12 10 7 10 14 8 10 10 9 4 12 15 5 10 14 12 10 4 13 15 5 14 5 10 5 1 15 11 12 12 1 15 5 8 8 3 9 14 11 13 6 5 5 13
DISPLAY 0 7 6
DISPLAY 2 5 5
DISPLAY 3 1 3
DISPLAY 4 2 2
DISPLAY 7 1 0
DISPLAY 8 4 0
DISPLAY 9 6 5
DISPLAY 12 5 4
DISPLAY 13 2 4
DISPLAY 14 3 5
POSITION 0 0 3
POSITION 1 0 1
POSITION 2 6 6
POSITION 3 0 5
PLAYER 2
.
TICK 14
FIELDS 14 13 13 15 4 2 5 15 5 2 12 13 15 1 7 5 9 10 9 9 12 10 12 10 14 8 10 10 9 4 13 15 5 10 14 12 10 4 15 15 5 14 5 10 5 1 8 11 12 12 1 15 5 8 5 3 9 14 11 13 6 5 5 13
DISPLAY 0 7 6
DISPLAY 2 5 5
DISPLAY 3 1 3
DISPLAY 4 2 2
DISPLAY 7 1 0
DISPLAY 8 4 0
DISPLAY 9 6 4
DISPLAY 12 5 4
DISPLAY 13 2 4
DISPLAY 14 3 5
POSITION 0 0 3
POSITION 1 0 1
POSITION 2 6 2
POSITION 3 0 5
PLAYER 3
.
TICK 15
FIELDS 13 13 15 4 2 5 15 3 5 2 12 13 15 1 7 5 9 10 9 9 12 10 12 10 14 8 10 10 9 4 13 15 5 10 14 12 10 4 15 15 5 14 5 10 5 1 8 11 12 12 1 15 5 8 5 3 9 14 11 13 6 5 5 13
DISPLAY 0 7 6
DISPLAY 2 5 5
DISPLAY 3 1 3
DISPLAY 4 2 2
DISPLAY 7 0 0
DISPLAY 8 3 0
DISPLAY 9 6 4
DISPLAY 12 5 4
DISPLAY 13 2 4
DISPLAY 14 3 5
POSITION 0 0 3
POSITION 1 0 1
POSITION 2 6 2
POSITION 3 0 5
PLAYER 0
MESSAGE OK
TARGET 3
EXTRAFIELD 3
.
TICK 15
FIELDS 13 3 15 4 2 5 15 3 5 13 12 13 15 1 7 5 9 2 9 9 12 10 12 10 14 10 10 10 9 4 13 15 5 8 14 12 10 4 15 15 5 10 5 10 5 1 8 11 12 14 1 15 5 8 5 3 9 12 11 13 6 5 5 13
DISPLAY 0 7 6
DISPLAY 2 5 5
DISPLAY 3 1 4
DISPLAY 4 2 2
DISPLAY 7 0 0
DISPLAY 8 3 0
DISPLAY 9 6 4
DISPLAY 12 5 4
DISPLAY 13 2 4
DISPLAY 14 3 5
POSITION 0 2 3
POSITION 1 0 1
POSITION 2 6 2
POSITION 3 0 5
PLAYER 1
.
TICK 15
FIELDS 13 9 15 4 2 5 15 3 5 3 12 13 15 1 7 5 9 13 9 9 12 10 12 10 14 2 10 10 9 4 13 15 5 10 14 12 10 4 15 15 5 8 5 10 5 1 8 11 12 10 1 15 5 8 5 3 9 14 11 13 6 5 5 13
DISPLAY 0 7 6
DISPLAY 2 5 5
DISPLAY 3 1 5
DISPLAY 4 2 2
DISPLAY 7 0 0
DISPLAY 8 3 0
DISPLAY 9 6 4
DISPLAY 12 5 4
DISPLAY 13 2 4
DISPLAY 14 3 5
POSITION 0 2 3
POSITION 1 0 1
POSITION 2 6 2
POSITION 3 0 5
PLAYER 2
.
TICK 15
FIELDS 13 9 15 10 2 5 15 3 5 3 12 4 15 1 7 5 9 13 9 13 12 10 12 10 14 2 10 9 9 4 13 15 5 10 14 10 10 4 15 15 5 8 5 12 5 1 8 11 12 10 1 10 5 8 5 3 9 14 11 15 6 5 5 13
DISPLAY 0 7 6
DISPLAY 2 5 5
DISPLAY 3 1 5
DISPLAY 4 2 2
DISPLAY 7 0 0
DISPLAY 8 3 1
DISPLAY 9 6 4
DISPLAY 12 5 4
DISPLAY 13 2 4
DISPLAY 14 3 6
POSITION 0 2 3
POSITION 1 0 1
POSITION 2 6 2
POSITION 3 0 5
PLAYER 3
.
TICK 16
FIELDS 9 15 10 2 5 15 3 14 5 3 12 4 15 1 7 5 9 13 9 13 12 10 12 10 14 2 10 9 9 4 13 15 5 10 14 10 10 4 15 15 5 8 5 12 5 1 8 11 12 10 1 10 5 8 5 3 9 14 11 15 6 5 5 13
DISPLAY 0 7 6
DISPLAY 2 5 5
DISPLAY 3 1 5
DISPLAY 4 2 2
DISPLAY 7 7 0
DISPLAY 8 3 1
DISPLAY 9 6 4
DISPLAY 12 5 4
DISPLAY 13 2 4
DISPLAY 14 3 6
POSITION 0 2 3
POSITION 1 0 1
POSITION 2 6 2
POSITION 3 0 5
PLAYER 0
MESSAGE OK
TARGET 3
EXTRAFIELD 14
.
TICK 16
FIELDS 9 3 10 2 5 15 3 14 5 13 12 4 15 1 7 5 9 2 9 13 12 10 12 10 14 10 10 9 9 4 13 15 5 8 14 10 10 4 15 15 5 10 5 12 5 1 8 11 12 14 1 10 5 8 5 3 9 14 11 15 6 5 5 13
DISPLAY 0 7 6
DISPLAY 2 5 5
DISPLAY 3 1 4
DISPLAY 4 2 2
DISPLAY 7 7 0
DISPLAY 8 3 1
DISPLAY 9 6 4
DISPLAY 12 5 4
DISPLAY 13 2 4
DISPLAY 14 3 6
POSITION 0 2 3
POSITION 1 0 1
POSITION 2 6 2
POSITION 3 0 5
PLAYER 1
.
TICK 16
FIELDS 9 3 10 2 5 15 3 5 5 13 12 4 15 1 7 10 9 2 9 13 12 10 12 15 14 10 10 9 9 4 13 15 5 8 14 10 10 4 15 11 5 10 5 12 5 1 8 3 12 14 1 10 5 8 5 13 9 14 11 15 6 5 5 12
DISPLAY 0 7 5
DISPLAY 2 5 5
DISPLAY 3 1 4
DISPLAY 4 2 2
DISPLAY 7 7 7
DISPLAY 8 3 1
DISPLAY 9 6 4
DISPLAY 12 5 4
DISPLAY 13 2 4
DISPLAY 14 3 6
POSITION 0 2 3
POSITION 1 0 1
POSITION 2 6 2
POSITION 3 0 5
PLAYER 2
.
TICK 16
FIELDS 9 3 10 13 5 15 3 5 5 13 12 2 15 1 7 10 9 2 9 4 12 10 12 15 14 10 10 13 9 4 13 15 5 8 14 9 10 4 15 11 5 10 5 10 5 1 8 3 12 14 1 12 5 8 5 13 9 14 11 10 6 5 5 12
DISPLAY 0 7 5
DISPLAY 2 5 5
DISPLAY 3 1 4
DISPLAY 4 2 2
DISPLAY 7 7 7
DISPLAY 8 3 2
DISPLAY 9 6 4
DISPLAY 12 5 4
DISPLAY 13 2 4
DISPLAY 14 3 7
POSITION 0 2 3
POSITION 1 0 1
POSITION 2 6 2
POSITION 3 0 5
PLAYER 3
.
TICK 17
FIELDS 3 10 13 5 15 3 5 13 5 13 12 2 15 1 7 10 9 2 9 4 12 10 12 15 14 10 10 13 9 4 13 15 5 8 14 9 10 4 15 11 5 10 5 10 5 1 8 3 12 14 1 12 5 8 5 13 9 14 11 10 6 5 5 12
DISPLAY 0 7 5
DISPLAY 2 5 5
DISPLAY 3 1 4
DISPLAY 4 2 2
DISPLAY 7 7 7
DISPLAY 8 3 2
DISPLAY 9 6 4
DISPLAY 12 5 4
DISPLAY 13 2 4
DISPLAY 14 3 7
POSITION 0 2 3
POSITION 1 0 1
POSITION 2 6 2
POSITION 3 0 5
PLAYER 0
MESSAGE OK
TARGET 3
EXTRAFIELD 15
.
TICK 17
FIELDS 3 10 15 5 15 3 5 13 5 13 13 2 15 1 7 10 9 2 12 4 12 10 12 15 14 10 9 13 9 4 13 15 5 8 10 9 10 4 15 11 5 10 14 10 5 1 8 3 12 14 5 12 5 8 5 13 9 14 1 10 6 5 5 12
DISPLAY 0 7 5
DISPLAY 2 5 5
DISPLAY 4 2 3
DISPLAY 7 7 7
DISPLAY 8 3 2
DISPLAY 9 6 4
DISPLAY 12 5 4
DISPLAY 13 2 5
DISPLAY 14 3 7
POSITION 0 1 4
POSITION 1 0 1
POSITION 2 6 2
POSITION 3 0 5
PLAYER 1
.
TICK 17
FIELDS 3 10 15 5 15 3 5 13 5 13 13 2 15 1 7 10 9 2 12 4 12 10 12 15 14 10 9 13 9 4 13 15 8 10 9 10 4 15 11 14 5 10 14 10 5 1 8 3 12 14 5 12 5 8 5 13 9 14 1 10 6 5 5 12
DISPLAY 0 7 5
DISPLAY 2 5 5
DISPLAY 4 2 3
DISPLAY 7 7 7
DISPLAY 8 3 2
DISPLAY 9 5 4
DISPLAY 12 4 4
DISPLAY 13 2 5
DISPLAY 14 3 7
POSITION 0 0 4
POSITION 1 0 1
POSITION 2 6 2
POSITION 3 0 5
PLAYER 2
.
TICK 17
FIELDS 3 10 15 15 15 3 5 13 5 13 13 5 15 1 7 10 9 2 12 2 12 10 12 15 14 10 9 4 9 4 13 15 8 10 9 13 4 15 11 14 5 10 14 10 5 1 8 3 12 14 5 10 5 8 5 13 9 14 1 12 6 5 5 12
DISPLAY 0 7 5
DISPLAY 2 5 5
DISPLAY 4 2 3
DISPLAY 7 7 7
DISPLAY 8 3 3
DISPLAY 9 5 4
DISPLAY 12 4 4
DISPLAY 13 2 5
DISPLAY 14 3 0
POSITION 0 0 4
POSITION 1 0 1
POSITION 2 5 3
POSITION 3 0 5
PLAYER 3
.
TICK 18
FIELDS 10 15 15 15 3 5 13 9 5 13 13 5 15 1 7 10 9 2 12 2 12 10 12 15 14 10 9 4 9 4 13 15 8 10 9 13 4 15 11 14 5 10 14 10 5 1 8 3 12 14 5 10 5 8 5 13 9 14 1 12 6 5 5 12
DISPLAY 0 7 5
DISPLAY 2 5 5
DISPLAY 4 2 3
DISPLAY 7 7 7
DISPLAY 8 3 3
DISPLAY 9 5 4
DISPLAY 12 4 4
DISPLAY 13 2 5
DISPLAY 14 2 0
POSITION 0 0 4
POSITION 1 0 1
POSITION 2 5 3
POSITION 3 0 5
PLAYER 0
MESSAGE OK
TARGET 7
EXTRAFIELD 11
.
TICK 18
FIELDS 11 15 15 15 3 5 13 9 10 13 13 5 15 1 7 10 5 2 12 2 12 10 12 15 9 10 9 4 9 4 13 15 14 10 9 13 4 15 11 14 8 10 14 10 5 1 8 3 5 14 5 10 5 8 5 13 12 14 1 12 6 5 5 12
DISPLAY 0 7 5
DISPLAY 2 5 5
DISPLAY 4 2 3
DISPLAY 7 7 7
DISPLAY 8 3 3
DISPLAY 9 5 4
DISPLAY 12 4 4
DISPLAY 13 2 5
DISPLAY 14 2 0
POSITION 0 0 5
POSITION 1 0 2
POSITION 2 5 3
POSITION 3 0 6
PLAYER 1
.
TICK 18
FIELDS 11 15 15 15 3 5 13 9 10 13 13 5 15 1 7 10 5 2 12 2 12 10 12 15 9 10 9 4 9 4 13 15 14 10 9 13 4 15 11 14 8 10 14 10 5 1 8 3 5 14 5 10 5 8 5 13 5 12 14 1 12 6 5 5
DISPLAY 0 7 5
DISPLAY 2 5 5
DISPLAY 4 2 3
DISPLAY 7 0 7
DISPLAY 8 3 3
DISPLAY 9 5 4
DISPLAY 12 4 4
DISPLAY 13 2 5
DISPLAY 14 2 0
POSITION 0 0 5
POSITION 1 0 2
POSITION 2 5 3
POSITION 3 0 6
PLAYER 2
.
TICK 18
FIELDS 11 15 15 15 10 5 13 9 10 13 13 5 3 1 7 10 5 2 12 2 15 10 12 15 9 10 9 4 12 4 13 15 14 10 9 13 9 15 11 14 8 10 14 10 4 1 8 3 5 14 5 10 5 8 5 13 5 12 14 1 5 6 5 5
DISPLAY 0 7 5
DISPLAY 2 5 5
DISPLAY 4 2 3
DISPLAY 7 0 7
DISPLAY 8 3 3
DISPLAY 9 5 4
DISPLAY 12 4 5
DISPLAY 13 2 5
DISPLAY 14 2 0
POSITION 0 0 5
POSITION 1 0 2
POSITION 2 4 3
POSITION 3 0 6
PLAYER 3
.
TICK 19
FIELDS 15 15 15 10 5 13 9 3 10 13 13 5 3 1 7 10 5 2 12 2 15 10 12 15 9 10 9 4 12 4 13 15 14 10 9 13 9 15 11 14 8 10 14 10 4 1 8 3 5 14 5 10 5 8 5 13 5 12 14 1 5 6 5 5
DISPLAY 0 7 5
DISPLAY 2 5 5
DISPLAY 4 2 3
DISPLAY 7 0 7
DISPLAY 8 3 3
DISPLAY 9 5 4
DISPLAY 12 4 5
DISPLAY 13 2 5
DISPLAY 14 1 0
POSITION 0 0 5
POSITION 1 0 2
POSITION 2 4 3
POSITION 3 0 6
PLAYER 0
MESSAGE OK
TARGET 7
EXTRAFIELD 9
.
TICK 19
FIELDS 15 15 15 10 5 13 9 3 10 13 13 5 3 1 7 10 5 2 12 2 15 10 12 15 9 10 9 4 12 4 13 15 14 10 9 13 9 15 11 14 10 14 10 4 1 8 3 6 5 14 5 10 5 8 5 13 5 12 14 1 5 6 5 5
DISPLAY 0 6 5
DISPLAY 2 4 5
DISPLAY 4 2 3
DISPLAY 7 0 7
DISPLAY 8 3 3
DISPLAY 9 5 4
DISPLAY 12 3 5
DISPLAY 13 1 5
DISPLAY 14 1 0
POSITION 0 7 6
POSITION 1 0 2
POSITION 2 4 3
POSITION 3 0 6
PLAYER 1
.
TICK 19
FIELDS 15 15 15 10 5 13 7 3 10 13 13 5 3 1 12 10 5 2 12 2 15 10 13 15 9 10 9 4 12 4 11 15 14 10 9 13 9 15 3 14 10 14 10 4 1 8 5 6 5 14 5 10 5 8 5 13 5 12 14 1 5 6 12 5
DISPLAY 0 6 4
DISPLAY 2 4 5
DISPLAY 4 2 3
DISPLAY 7 0 7
DISPLAY 8 3 3
DISPLAY 9 5 4
DISPLAY 12 3 5
DISPLAY 13 1 5
DISPLAY 14 1 0
POSITION 0 7 6
POSITION 1 0 2
POSITION 2 4 3
POSITION 3 0 6
PLAYER 2
.
TICK 19
FIELDS 15 15 15 10 5 13 7 3 10 13 13 5 3 1 12 10 5 2 12 2 15 10 13 15 12 9 10 9 4 12 4 11 14 10 9 13 9 15 3 14 10 14 10 4 1 8 5 6 5 14 5 10 5 8 5 13 5 12 14 1 5 6 12 5
DISPLAY 0 6 4
DISPLAY 2 4 5
DISPLAY 4 3 3
DISPLAY 7 0 7
DISPLAY 9 5 4
DISPLAY 12 3 5
DISPLAY 13 1 5
DISPLAY 14 1 0
POSITION 0 7 6
POSITION 1 0 2
POSITION 2 4 3
POSITION 3 0 6
PLAYER 3
.
END 4
.
